(---------------------------------------------------------------------)
(                                                                     )
(    NC DRILL Log                                                     )
(                                                                     )
(    Drawing          : GAMEBOARD9.brd                                )
(    Software Version : 16.6-2015S062                                 )
(    Date/Time        : Fri Mar 16 22:23:52 2018                      )
(                                                                     )
(---------------------------------------------------------------------)



 Processing NC Parameters file 'nc_param.txt' ...

 NC PARAMETERS
 -------------

 FORMAT   		2.5
 MACHINE-OFFSET		x:0.00000	y:0.00000   (inch)
 FEEDRATE		1
 COORDINATES		ABSOLUTE
 OUTPUT-UNITS		ENGLISH
 TOOL-ORDER		INCREASING
 REPEAT-CODES		YES
 SUPPRESS-LEAD-ZEROES	NO
 SUPPRESS-TRAIL-ZEROES	NO
 SUPPRESS-EQUAL		NO
 TOOL-SELECT		YES
 HEADER			none
 LEADER			12
 CODE			ASCII
 SEPARATE		NO
 SEPARATE-ROUTING	NO
 OPTIMIZE_DRILLING	NO
 ENHANCED_EXCELLON	YES
 SCALE			1.000000

 WARNING(SPMHMF-358): Design precision is the same as that of the drill output file data.
 WARNING(SPMHMF-359): Data rounding errors may still be possible.
 WARNING(SPMHMF-368): Cannot find NC Drill tool file 'nc_tools.txt'
 WARNING(SPMHMF-369): ... will auto-generate tool file 'nc_tools_auto.txt'.


     Auto-generating tool file 'nc_tools_auto.txt' ...

           Size  Plating  Tool        + Tolerance  - Tolerance

          31.50  P        T01            0.000000     0.000000
          40.00  P        T02            0.000000     0.000000


 Drill files being output to directory 'C:/Users/cole/Documents/Cadence/Projects/Shelby Cadence2 3-16/Shelby Cadence2 3-16/Projects' ...



     'GAMEBOARD9-1-2.drl' created for holes connecting TOP and BOTTOM
     ----------------------------------------------------------------

     Tool  Num     Size      +/- Tolerance     Plating   Quantity

     T01    1.  31.5000    0.0000/  0.0000      PLATED        192
     T02    2.  40.0000    0.0000/  0.0000      PLATED         77

     ---- Total holes:                                        269

     ---- Total head travel:              41.72 feet (12.72 meters)

