(---------------------------------------------------------------------)
(                                                                     )
(    Refresh Padstack                                                 )
(                                                                     )
(    Drawing          : GAMEBOARD9.brd                                )
(    Software Version : 16.6-2015S062                                 )
(    Date/Time        : Mon Mar 19 10:16:44 2018                      )
(                                                                     )
(---------------------------------------------------------------------)


Mon Mar 19 10:16:44 2018				Page     1


------ Pad Stack Refresh Options ------

Input design  = 'C:/Users/Jacob/Documents/Junior/EGR 314/Cadence/Shelby Cadence3 3-19/Projects/GAMEBOARD9.brd'
Output design = ''
Reset symbol text and size locations   = 'NO'


------ Library Paths ------
PSMPATH =  . 
           symbols 
           .. 
           ../symbols 
           C:/Cadence/SPB_16.6/share/local/pcb/symbols 
           C:/Cadence/SPB_16.6/share/pcb/pcb_lib/symbols 
           C:/Cadence/SPB_16.6/share/pcb/allegrolib/symbols 
           C:/Users/Jacob/Documents/Junior/EGR 304/Cadence/symbols 
           C:/Users/Jacob/Documents/Junior/EGR 314/Cadence/symbols 

PADPATH =  . 
           symbols 
           .. 
           ../symbols 
           C:/Cadence/SPB_16.6/share/local/pcb/padstacks 
           C:/Cadence/SPB_16.6/share/pcb/pcb_lib/symbols 
           C:/Cadence/SPB_16.6/share/pcb/allegrolib/symbols 
           C:/Users/Jacob/Documents/Junior/EGR 304/Cadence/symbols 
           C:/Users/Jacob/Documents/Junior/EGR 314/Cadence/symbols 


------ Pad Stack Refresh Messages ------

'SM_LLB_PAD9_1'  pad stack refresh starting.

     'SM_LLB_PAD9_1'  pad stack refreshed successfully.
     
'SM_LLB_PAD10_1'  pad stack refresh starting.

     'SM_LLB_PAD10_1'  pad stack refreshed successfully.
     
'PAD70CIR40D_JG'  pad stack refresh starting.

     'PAD70CIR40D_JG'  pad stack refreshed successfully.
     
'SMD70_230'  pad stack refresh starting.

     'SMD70_230'  pad stack refreshed successfully.
     
'SMD240_235'  pad stack refresh starting.

     'SMD240_235'  pad stack refreshed successfully.
     
'PADMCP23017SOIC'  pad stack refresh starting.

     'PADMCP23017SOIC'  pad stack refreshed successfully.
     
'PADTQFPPIC18F47K40'  pad stack refresh starting.

     'PADTQFPPIC18F47K40'  pad stack refreshed successfully.
     
'PADTCS40DPRLFCT'  pad stack refresh starting.

     'PADTCS40DPRLFCT'  pad stack refreshed successfully.
     
'PUSHBUTTON_GND'  pad stack refresh starting.

     'PUSHBUTTON_GND'  pad stack refreshed successfully.
     
'PUSHBUTTON_TAB'  pad stack refresh starting.

     'PUSHBUTTON_TAB'  pad stack refreshed successfully.
     
'VIA'  pad stack refresh starting.

     'VIA'  pad stack refreshed successfully.
     
'PAD70CIR40D_CB'  pad stack refresh starting.

     'PAD70CIR40D_CB'  pad stack refreshed successfully.
     
Completed refreshing all pad stacks successfully.
