ARM GAS  C:\Users\Jacob\AppData\Local\Temp\ccXg4Uud.s 			page 1


   1              		.syntax unified
   2              		.cpu cortex-m3
   3              		.fpu softvfp
   4              		.eabi_attribute 20, 1
   5              		.eabi_attribute 21, 1
   6              		.eabi_attribute 23, 3
   7              		.eabi_attribute 24, 1
   8              		.eabi_attribute 25, 1
   9              		.eabi_attribute 26, 1
  10              		.eabi_attribute 30, 1
  11              		.eabi_attribute 34, 1
  12              		.eabi_attribute 18, 4
  13              		.thumb
  14              		.syntax unified
  15              		.file	"main.c"
  16              		.text
  17              	.Ltext0:
  18              		.cfi_sections	.debug_frame
  19              		.global	__aeabi_fmul
  20              		.global	__aeabi_fadd
  21              		.global	__aeabi_f2iz
  22              		.section	.text.theta1,"ax",%progbits
  23              		.align	2
  24              		.global	theta1
  25              		.thumb
  26              		.thumb_func
  27              		.type	theta1, %function
  28              	theta1:
  29              	.LFB63:
  30              		.file 1 "main.c"
   1:main.c        **** /* ========================================
   2:main.c        ****  *
   3:main.c        ****  * Copyright YOUR COMPANY, THE YEAR
   4:main.c        ****  * All Rights Reserved
   5:main.c        ****  * UNPUBLISHED, LICENSED SOFTWARE.
   6:main.c        ****  *
   7:main.c        ****  * CONFIDENTIAL AND PROPRIETARY INFORMATION
   8:main.c        ****  * WHICH IS THE PROPERTY OF your company.
   9:main.c        ****  *
  10:main.c        ****  * ========================================
  11:main.c        **** */
  12:main.c        **** //#include "project.h"
  13:main.c        **** #include <main.h>
  14:main.c        **** 
  15:main.c        **** int theta1(float angle){
  31              		.loc 1 15 0
  32              		.cfi_startproc
  33              		@ args = 0, pretend = 0, frame = 0
  34              		@ frame_needed = 0, uses_anonymous_args = 0
  35              	.LVL0:
  36 0000 08B5     		push	{r3, lr}
  37              		.cfi_def_cfa_offset 8
  38              		.cfi_offset 3, -8
  39              		.cfi_offset 14, -4
  40              	.LVL1:
  16:main.c        ****     int max_comp = 6450, min_comp = 1600, max_angle=180, min_angle=0;
  17:main.c        ****     int compare;
ARM GAS  C:\Users\Jacob\AppData\Local\Temp\ccXg4Uud.s 			page 2


  18:main.c        ****     compare = (max_comp-min_comp)/(max_angle-min_angle)*(angle-min_angle) + min_comp;
  41              		.loc 1 18 0
  42 0002 0449     		ldr	r1, .L3
  43 0004 FFF7FEFF 		bl	__aeabi_fmul
  44              	.LVL2:
  45 0008 0349     		ldr	r1, .L3+4
  46 000a FFF7FEFF 		bl	__aeabi_fadd
  47              	.LVL3:
  48 000e FFF7FEFF 		bl	__aeabi_f2iz
  49              	.LVL4:
  19:main.c        ****     return compare;
  20:main.c        **** }
  50              		.loc 1 20 0
  51 0012 08BD     		pop	{r3, pc}
  52              	.L4:
  53              		.align	2
  54              	.L3:
  55 0014 0000D041 		.word	1104150528
  56 0018 0000C844 		.word	1153957888
  57              		.cfi_endproc
  58              	.LFE63:
  59              		.size	theta1, .-theta1
  60              		.section	.text.theta2,"ax",%progbits
  61              		.align	2
  62              		.global	theta2
  63              		.thumb
  64              		.thumb_func
  65              		.type	theta2, %function
  66              	theta2:
  67              	.LFB64:
  21:main.c        **** int theta2(float angle){
  68              		.loc 1 21 0
  69              		.cfi_startproc
  70              		@ args = 0, pretend = 0, frame = 0
  71              		@ frame_needed = 0, uses_anonymous_args = 0
  72              	.LVL5:
  73 0000 08B5     		push	{r3, lr}
  74              		.cfi_def_cfa_offset 8
  75              		.cfi_offset 3, -8
  76              		.cfi_offset 14, -4
  77              	.LVL6:
  22:main.c        ****     int max_comp = 6750, min_comp = 2050, max_angle=90, min_angle=-90;
  23:main.c        ****     int compare;
  24:main.c        ****     compare = (max_comp-min_comp)/(max_angle-min_angle)*(angle-min_angle) + min_comp;
  78              		.loc 1 24 0
  79 0002 0649     		ldr	r1, .L7
  80 0004 FFF7FEFF 		bl	__aeabi_fadd
  81              	.LVL7:
  82 0008 0549     		ldr	r1, .L7+4
  83 000a FFF7FEFF 		bl	__aeabi_fmul
  84              	.LVL8:
  85 000e 0549     		ldr	r1, .L7+8
  86 0010 FFF7FEFF 		bl	__aeabi_fadd
  87              	.LVL9:
  88 0014 FFF7FEFF 		bl	__aeabi_f2iz
  89              	.LVL10:
  25:main.c        ****     return compare;
ARM GAS  C:\Users\Jacob\AppData\Local\Temp\ccXg4Uud.s 			page 3


  26:main.c        **** }
  90              		.loc 1 26 0
  91 0018 08BD     		pop	{r3, pc}
  92              	.L8:
  93 001a 00BF     		.align	2
  94              	.L7:
  95 001c 0000B442 		.word	1119092736
  96 0020 0000D041 		.word	1104150528
  97 0024 00200045 		.word	1157636096
  98              		.cfi_endproc
  99              	.LFE64:
 100              		.size	theta2, .-theta2
 101              		.section	.text.calibrateServos,"ax",%progbits
 102              		.align	2
 103              		.global	calibrateServos
 104              		.thumb
 105              		.thumb_func
 106              		.type	calibrateServos, %function
 107              	calibrateServos:
 108              	.LFB65:
  27:main.c        **** 
  28:main.c        **** void calibrateServos(){
 109              		.loc 1 28 0
 110              		.cfi_startproc
 111              		@ Volatile: function does not return.
 112              		@ args = 0, pretend = 0, frame = 0
 113              		@ frame_needed = 0, uses_anonymous_args = 0
 114 0000 08B5     		push	{r3, lr}
 115              		.cfi_def_cfa_offset 8
 116              		.cfi_offset 3, -8
 117              		.cfi_offset 14, -4
 118              	.L10:
  29:main.c        ****     for(;;)
  30:main.c        ****     {
  31:main.c        ****         /* Place your application code here. */
  32:main.c        ****         Servos_WriteCompare1(theta1(0.0));
 119              		.loc 1 32 0 discriminator 1
 120 0002 0024     		movs	r4, #0
 121 0004 2046     		mov	r0, r4
 122 0006 FFF7FEFF 		bl	theta1
 123              	.LVL11:
 124 000a 80B2     		uxth	r0, r0
 125 000c FFF7FEFF 		bl	Servos_WriteCompare1
 126              	.LVL12:
  33:main.c        ****         CyDelay(1000);
 127              		.loc 1 33 0 discriminator 1
 128 0010 4FF47A70 		mov	r0, #1000
 129 0014 FFF7FEFF 		bl	CyDelay
 130              	.LVL13:
  34:main.c        ****         Servos_WriteCompare2(theta2(0.0));
 131              		.loc 1 34 0 discriminator 1
 132 0018 2046     		mov	r0, r4
 133 001a FFF7FEFF 		bl	theta2
 134              	.LVL14:
 135 001e 80B2     		uxth	r0, r0
 136 0020 FFF7FEFF 		bl	Servos_WriteCompare2
 137              	.LVL15:
ARM GAS  C:\Users\Jacob\AppData\Local\Temp\ccXg4Uud.s 			page 4


  35:main.c        ****         CyDelay(1000);
 138              		.loc 1 35 0 discriminator 1
 139 0024 4FF47A70 		mov	r0, #1000
 140 0028 FFF7FEFF 		bl	CyDelay
 141              	.LVL16:
 142 002c E9E7     		b	.L10
 143              		.cfi_endproc
 144              	.LFE65:
 145              		.size	calibrateServos, .-calibrateServos
 146              		.global	__aeabi_fcmplt
 147 002e 00BF     		.section	.text.main,"ax",%progbits
 148              		.align	2
 149              		.global	main
 150              		.thumb
 151              		.thumb_func
 152              		.type	main, %function
 153              	main:
 154              	.LFB66:
  36:main.c        ****     
  37:main.c        ****     }
  38:main.c        **** }
  39:main.c        ****     
  40:main.c        **** 
  41:main.c        **** int main(void)
  42:main.c        **** {
 155              		.loc 1 42 0
 156              		.cfi_startproc
 157              		@ args = 0, pretend = 0, frame = 0
 158              		@ frame_needed = 0, uses_anonymous_args = 0
 159 0000 38B5     		push	{r3, r4, r5, lr}
 160              		.cfi_def_cfa_offset 16
 161              		.cfi_offset 3, -16
 162              		.cfi_offset 4, -12
 163              		.cfi_offset 5, -8
 164              		.cfi_offset 14, -4
  43:main.c        ****     //CyGlobalIntEnable; /* Enable global interrupts. */
  44:main.c        **** 
  45:main.c        ****     /* Place your initialization/startup code here (e.g. MyInst_Start()) */
  46:main.c        ****     initializeServos();
 165              		.loc 1 46 0
 166 0002 FFF7FEFF 		bl	initializeServos
 167              	.LVL17:
  47:main.c        ****     Servos_WriteCompare1(theta1(0.0));
 168              		.loc 1 47 0
 169 0006 0024     		movs	r4, #0
 170 0008 2046     		mov	r0, r4
 171 000a FFF7FEFF 		bl	theta1
 172              	.LVL18:
 173 000e 85B2     		uxth	r5, r0
 174 0010 2846     		mov	r0, r5
 175 0012 FFF7FEFF 		bl	Servos_WriteCompare1
 176              	.LVL19:
  48:main.c        ****     //Servos_WriteCompare1(theta1(0.0));
  49:main.c        ****     Servos_WriteCompare2(theta2(0.0));
 177              		.loc 1 49 0
 178 0016 2046     		mov	r0, r4
 179 0018 FFF7FEFF 		bl	theta2
ARM GAS  C:\Users\Jacob\AppData\Local\Temp\ccXg4Uud.s 			page 5


 180              	.LVL20:
 181 001c 80B2     		uxth	r0, r0
 182 001e FFF7FEFF 		bl	Servos_WriteCompare2
 183              	.LVL21:
  50:main.c        ****     CyDelay(3000);
 184              		.loc 1 50 0
 185 0022 40F6B830 		movw	r0, #3000
 186 0026 FFF7FEFF 		bl	CyDelay
 187              	.LVL22:
  51:main.c        ****     
  52:main.c        ****     float velocity = 45;//deg per s
  53:main.c        ****     float angle1=0.0;
  54:main.c        ****     float inc = velocity/100.0;
  55:main.c        ****     while(angle1 < 180.0){
 188              		.loc 1 55 0
 189 002a 0DE0     		b	.L13
 190              	.LVL23:
 191              	.L14:
  56:main.c        ****         Servos_WriteCompare1(theta1(angle1));
 192              		.loc 1 56 0
 193 002c 2046     		mov	r0, r4
 194 002e FFF7FEFF 		bl	theta1
 195              	.LVL24:
 196 0032 80B2     		uxth	r0, r0
 197 0034 FFF7FEFF 		bl	Servos_WriteCompare1
 198              	.LVL25:
  57:main.c        ****         angle1+=inc;
 199              		.loc 1 57 0
 200 0038 1849     		ldr	r1, .L18
 201 003a 2046     		mov	r0, r4
 202 003c FFF7FEFF 		bl	__aeabi_fadd
 203              	.LVL26:
 204 0040 0446     		mov	r4, r0
 205              	.LVL27:
  58:main.c        ****         CyDelay(10);
 206              		.loc 1 58 0
 207 0042 0A20     		movs	r0, #10
 208              	.LVL28:
 209 0044 FFF7FEFF 		bl	CyDelay
 210              	.LVL29:
 211              	.L13:
  55:main.c        ****         Servos_WriteCompare1(theta1(angle1));
 212              		.loc 1 55 0
 213 0048 1549     		ldr	r1, .L18+4
 214 004a 2046     		mov	r0, r4
 215 004c FFF7FEFF 		bl	__aeabi_fcmplt
 216              	.LVL30:
 217 0050 0028     		cmp	r0, #0
 218 0052 EBD1     		bne	.L14
  59:main.c        ****     }
  60:main.c        ****     Servos_WriteCompare2(theta2(90.0));
 219              		.loc 1 60 0
 220 0054 1348     		ldr	r0, .L18+8
 221 0056 FFF7FEFF 		bl	theta2
 222              	.LVL31:
 223 005a 80B2     		uxth	r0, r0
 224 005c FFF7FEFF 		bl	Servos_WriteCompare2
ARM GAS  C:\Users\Jacob\AppData\Local\Temp\ccXg4Uud.s 			page 6


 225              	.LVL32:
  61:main.c        ****     Servos_WriteCompare1(theta1(0.0));
 226              		.loc 1 61 0
 227 0060 2846     		mov	r0, r5
 228 0062 FFF7FEFF 		bl	Servos_WriteCompare1
 229              	.LVL33:
  62:main.c        ****     angle1=0.0;
  63:main.c        ****     CyDelay(3000);
 230              		.loc 1 63 0
 231 0066 40F6B830 		movw	r0, #3000
 232 006a FFF7FEFF 		bl	CyDelay
 233              	.LVL34:
  62:main.c        ****     angle1=0.0;
 234              		.loc 1 62 0
 235 006e 0024     		movs	r4, #0
  64:main.c        ****     while(angle1 < 180.0){
 236              		.loc 1 64 0
 237 0070 0DE0     		b	.L15
 238              	.LVL35:
 239              	.L16:
  65:main.c        ****     Servos_WriteCompare1(theta1(angle1));
 240              		.loc 1 65 0
 241 0072 2046     		mov	r0, r4
 242 0074 FFF7FEFF 		bl	theta1
 243              	.LVL36:
 244 0078 80B2     		uxth	r0, r0
 245 007a FFF7FEFF 		bl	Servos_WriteCompare1
 246              	.LVL37:
  66:main.c        ****     angle1+=inc;
 247              		.loc 1 66 0
 248 007e 0749     		ldr	r1, .L18
 249 0080 2046     		mov	r0, r4
 250 0082 FFF7FEFF 		bl	__aeabi_fadd
 251              	.LVL38:
 252 0086 0446     		mov	r4, r0
 253              	.LVL39:
  67:main.c        ****     CyDelay(10);
 254              		.loc 1 67 0
 255 0088 0A20     		movs	r0, #10
 256              	.LVL40:
 257 008a FFF7FEFF 		bl	CyDelay
 258              	.LVL41:
 259              	.L15:
  64:main.c        ****     Servos_WriteCompare1(theta1(angle1));
 260              		.loc 1 64 0
 261 008e 0449     		ldr	r1, .L18+4
 262 0090 2046     		mov	r0, r4
 263 0092 FFF7FEFF 		bl	__aeabi_fcmplt
 264              	.LVL42:
 265 0096 0028     		cmp	r0, #0
 266 0098 EBD1     		bne	.L16
  68:main.c        ****     }
  69:main.c        ****     
  70:main.c        ****     
  71:main.c        **** }
 267              		.loc 1 71 0
 268 009a 38BD     		pop	{r3, r4, r5, pc}
ARM GAS  C:\Users\Jacob\AppData\Local\Temp\ccXg4Uud.s 			page 7


 269              	.LVL43:
 270              	.L19:
 271              		.align	2
 272              	.L18:
 273 009c 6666E63E 		.word	1055286886
 274 00a0 00003443 		.word	1127481344
 275 00a4 0000B442 		.word	1119092736
 276              		.cfi_endproc
 277              	.LFE66:
 278              		.size	main, .-main
 279              		.comm	TopServo,24,4
 280              		.comm	BottomServo,24,4
 281              		.comm	a,4,4
 282              		.text
 283              	.Letext0:
 284              		.file 2 "c:\\program files (x86)\\cypress\\psoc creator\\4.1\\psoc creator\\import\\gnu\\arm\\5.4.
 285              		.file 3 "c:\\program files (x86)\\cypress\\psoc creator\\4.1\\psoc creator\\import\\gnu\\arm\\5.4.
 286              		.file 4 "./main.h"
 287              		.file 5 "Generated_Source\\PSoC5/core_cm3.h"
 288              		.file 6 "Generated_Source\\PSoC5/Servos.h"
 289              		.file 7 "Generated_Source\\PSoC5/CyLib.h"
 290              		.section	.debug_info,"",%progbits
 291              	.Ldebug_info0:
 292 0000 05040000 		.4byte	0x405
 293 0004 0400     		.2byte	0x4
 294 0006 00000000 		.4byte	.Ldebug_abbrev0
 295 000a 04       		.byte	0x4
 296 000b 01       		.uleb128 0x1
 297 000c 9D000000 		.4byte	.LASF39
 298 0010 0C       		.byte	0xc
 299 0011 03020000 		.4byte	.LASF40
 300 0015 50000000 		.4byte	.LASF41
 301 0019 00000000 		.4byte	.Ldebug_ranges0+0
 302 001d 00000000 		.4byte	0
 303 0021 00000000 		.4byte	.Ldebug_line0
 304 0025 02       		.uleb128 0x2
 305 0026 04       		.byte	0x4
 306 0027 04       		.byte	0x4
 307 0028 4A000000 		.4byte	.LASF0
 308 002c 02       		.uleb128 0x2
 309 002d 01       		.byte	0x1
 310 002e 06       		.byte	0x6
 311 002f 66020000 		.4byte	.LASF1
 312 0033 02       		.uleb128 0x2
 313 0034 01       		.byte	0x1
 314 0035 08       		.byte	0x8
 315 0036 8F000000 		.4byte	.LASF2
 316 003a 02       		.uleb128 0x2
 317 003b 02       		.byte	0x2
 318 003c 05       		.byte	0x5
 319 003d 19020000 		.4byte	.LASF3
 320 0041 02       		.uleb128 0x2
 321 0042 02       		.byte	0x2
 322 0043 07       		.byte	0x7
 323 0044 47010000 		.4byte	.LASF4
 324 0048 03       		.uleb128 0x3
 325 0049 1C000000 		.4byte	.LASF10
ARM GAS  C:\Users\Jacob\AppData\Local\Temp\ccXg4Uud.s 			page 8


 326 004d 02       		.byte	0x2
 327 004e 3F       		.byte	0x3f
 328 004f 53000000 		.4byte	0x53
 329 0053 02       		.uleb128 0x2
 330 0054 04       		.byte	0x4
 331 0055 05       		.byte	0x5
 332 0056 48020000 		.4byte	.LASF5
 333 005a 02       		.uleb128 0x2
 334 005b 04       		.byte	0x4
 335 005c 07       		.byte	0x7
 336 005d 35010000 		.4byte	.LASF6
 337 0061 02       		.uleb128 0x2
 338 0062 08       		.byte	0x8
 339 0063 05       		.byte	0x5
 340 0064 F5010000 		.4byte	.LASF7
 341 0068 02       		.uleb128 0x2
 342 0069 08       		.byte	0x8
 343 006a 07       		.byte	0x7
 344 006b C4010000 		.4byte	.LASF8
 345 006f 04       		.uleb128 0x4
 346 0070 04       		.byte	0x4
 347 0071 05       		.byte	0x5
 348 0072 696E7400 		.ascii	"int\000"
 349 0076 02       		.uleb128 0x2
 350 0077 04       		.byte	0x4
 351 0078 07       		.byte	0x7
 352 0079 B7010000 		.4byte	.LASF9
 353 007d 03       		.uleb128 0x3
 354 007e DB010000 		.4byte	.LASF11
 355 0082 03       		.byte	0x3
 356 0083 2C       		.byte	0x2c
 357 0084 48000000 		.4byte	0x48
 358 0088 02       		.uleb128 0x2
 359 0089 08       		.byte	0x8
 360 008a 04       		.byte	0x4
 361 008b 84010000 		.4byte	.LASF12
 362 008f 02       		.uleb128 0x2
 363 0090 01       		.byte	0x1
 364 0091 08       		.byte	0x8
 365 0092 0A020000 		.4byte	.LASF13
 366 0096 02       		.uleb128 0x2
 367 0097 08       		.byte	0x8
 368 0098 04       		.byte	0x4
 369 0099 5A020000 		.4byte	.LASF14
 370 009d 02       		.uleb128 0x2
 371 009e 04       		.byte	0x4
 372 009f 07       		.byte	0x7
 373 00a0 E3010000 		.4byte	.LASF15
 374 00a4 05       		.uleb128 0x5
 375 00a5 44000000 		.4byte	.LASF42
 376 00a9 18       		.byte	0x18
 377 00aa 04       		.byte	0x4
 378 00ab 14       		.byte	0x14
 379 00ac F9000000 		.4byte	0xf9
 380 00b0 06       		.uleb128 0x6
 381 00b1 23020000 		.4byte	.LASF16
 382 00b5 04       		.byte	0x4
ARM GAS  C:\Users\Jacob\AppData\Local\Temp\ccXg4Uud.s 			page 9


 383 00b6 15       		.byte	0x15
 384 00b7 6F000000 		.4byte	0x6f
 385 00bb 00       		.byte	0
 386 00bc 06       		.uleb128 0x6
 387 00bd 2B020000 		.4byte	.LASF17
 388 00c1 04       		.byte	0x4
 389 00c2 16       		.byte	0x16
 390 00c3 6F000000 		.4byte	0x6f
 391 00c7 04       		.byte	0x4
 392 00c8 06       		.uleb128 0x6
 393 00c9 13000000 		.4byte	.LASF18
 394 00cd 04       		.byte	0x4
 395 00ce 17       		.byte	0x17
 396 00cf 25000000 		.4byte	0x25
 397 00d3 08       		.byte	0x8
 398 00d4 06       		.uleb128 0x6
 399 00d5 EC010000 		.4byte	.LASF19
 400 00d9 04       		.byte	0x4
 401 00da 18       		.byte	0x18
 402 00db 25000000 		.4byte	0x25
 403 00df 0C       		.byte	0xc
 404 00e0 06       		.uleb128 0x6
 405 00e1 72020000 		.4byte	.LASF20
 406 00e5 04       		.byte	0x4
 407 00e6 19       		.byte	0x19
 408 00e7 6F000000 		.4byte	0x6f
 409 00eb 10       		.byte	0x10
 410 00ec 06       		.uleb128 0x6
 411 00ed 60010000 		.4byte	.LASF21
 412 00f1 04       		.byte	0x4
 413 00f2 1A       		.byte	0x1a
 414 00f3 04010000 		.4byte	0x104
 415 00f7 14       		.byte	0x14
 416 00f8 00       		.byte	0
 417 00f9 07       		.uleb128 0x7
 418 00fa 04010000 		.4byte	0x104
 419 00fe 08       		.uleb128 0x8
 420 00ff 41000000 		.4byte	0x41
 421 0103 00       		.byte	0
 422 0104 09       		.uleb128 0x9
 423 0105 04       		.byte	0x4
 424 0106 F9000000 		.4byte	0xf9
 425 010a 0A       		.uleb128 0xa
 426 010b 66010000 		.4byte	.LASF26
 427 010f 01       		.byte	0x1
 428 0110 0F       		.byte	0xf
 429 0111 6F000000 		.4byte	0x6f
 430 0115 00000000 		.4byte	.LFB63
 431 0119 1C000000 		.4byte	.LFE63-.LFB63
 432 011d 01       		.uleb128 0x1
 433 011e 9C       		.byte	0x9c
 434 011f 72010000 		.4byte	0x172
 435 0123 0B       		.uleb128 0xb
 436 0124 5A010000 		.4byte	.LASF28
 437 0128 01       		.byte	0x1
 438 0129 0F       		.byte	0xf
 439 012a 25000000 		.4byte	0x25
ARM GAS  C:\Users\Jacob\AppData\Local\Temp\ccXg4Uud.s 			page 10


 440 012e 00000000 		.4byte	.LLST0
 441 0132 0C       		.uleb128 0xc
 442 0133 8B010000 		.4byte	.LASF22
 443 0137 01       		.byte	0x1
 444 0138 10       		.byte	0x10
 445 0139 6F000000 		.4byte	0x6f
 446 013d 3219     		.2byte	0x1932
 447 013f 0C       		.uleb128 0xc
 448 0140 7A020000 		.4byte	.LASF23
 449 0144 01       		.byte	0x1
 450 0145 10       		.byte	0x10
 451 0146 6F000000 		.4byte	0x6f
 452 014a 4006     		.2byte	0x640
 453 014c 0D       		.uleb128 0xd
 454 014d 0F020000 		.4byte	.LASF24
 455 0151 01       		.byte	0x1
 456 0152 10       		.byte	0x10
 457 0153 6F000000 		.4byte	0x6f
 458 0157 B4       		.byte	0xb4
 459 0158 0D       		.uleb128 0xd
 460 0159 2B010000 		.4byte	.LASF25
 461 015d 01       		.byte	0x1
 462 015e 10       		.byte	0x10
 463 015f 6F000000 		.4byte	0x6f
 464 0163 00       		.byte	0
 465 0164 0E       		.uleb128 0xe
 466 0165 72020000 		.4byte	.LASF20
 467 0169 01       		.byte	0x1
 468 016a 11       		.byte	0x11
 469 016b 6F000000 		.4byte	0x6f
 470 016f 01       		.uleb128 0x1
 471 0170 50       		.byte	0x50
 472 0171 00       		.byte	0
 473 0172 0A       		.uleb128 0xa
 474 0173 6D010000 		.4byte	.LASF27
 475 0177 01       		.byte	0x1
 476 0178 15       		.byte	0x15
 477 0179 6F000000 		.4byte	0x6f
 478 017d 00000000 		.4byte	.LFB64
 479 0181 28000000 		.4byte	.LFE64-.LFB64
 480 0185 01       		.uleb128 0x1
 481 0186 9C       		.byte	0x9c
 482 0187 DB010000 		.4byte	0x1db
 483 018b 0B       		.uleb128 0xb
 484 018c 5A010000 		.4byte	.LASF28
 485 0190 01       		.byte	0x1
 486 0191 15       		.byte	0x15
 487 0192 25000000 		.4byte	0x25
 488 0196 23000000 		.4byte	.LLST1
 489 019a 0C       		.uleb128 0xc
 490 019b 8B010000 		.4byte	.LASF22
 491 019f 01       		.byte	0x1
 492 01a0 16       		.byte	0x16
 493 01a1 6F000000 		.4byte	0x6f
 494 01a5 5E1A     		.2byte	0x1a5e
 495 01a7 0C       		.uleb128 0xc
 496 01a8 7A020000 		.4byte	.LASF23
ARM GAS  C:\Users\Jacob\AppData\Local\Temp\ccXg4Uud.s 			page 11


 497 01ac 01       		.byte	0x1
 498 01ad 16       		.byte	0x16
 499 01ae 6F000000 		.4byte	0x6f
 500 01b2 0208     		.2byte	0x802
 501 01b4 0D       		.uleb128 0xd
 502 01b5 0F020000 		.4byte	.LASF24
 503 01b9 01       		.byte	0x1
 504 01ba 16       		.byte	0x16
 505 01bb 6F000000 		.4byte	0x6f
 506 01bf 5A       		.byte	0x5a
 507 01c0 0F       		.uleb128 0xf
 508 01c1 2B010000 		.4byte	.LASF25
 509 01c5 01       		.byte	0x1
 510 01c6 16       		.byte	0x16
 511 01c7 6F000000 		.4byte	0x6f
 512 01cb A67F     		.sleb128 -90
 513 01cd 0E       		.uleb128 0xe
 514 01ce 72020000 		.4byte	.LASF20
 515 01d2 01       		.byte	0x1
 516 01d3 17       		.byte	0x17
 517 01d4 6F000000 		.4byte	0x6f
 518 01d8 01       		.uleb128 0x1
 519 01d9 50       		.byte	0x50
 520 01da 00       		.byte	0
 521 01db 10       		.uleb128 0x10
 522 01dc 74010000 		.4byte	.LASF43
 523 01e0 01       		.byte	0x1
 524 01e1 1C       		.byte	0x1c
 525 01e2 00000000 		.4byte	.LFB65
 526 01e6 2E000000 		.4byte	.LFE65-.LFB65
 527 01ea 01       		.uleb128 0x1
 528 01eb 9C       		.byte	0x9c
 529 01ec 53020000 		.4byte	0x253
 530 01f0 11       		.uleb128 0x11
 531 01f1 0A000000 		.4byte	.LVL11
 532 01f5 0A010000 		.4byte	0x10a
 533 01f9 05020000 		.4byte	0x205
 534 01fd 12       		.uleb128 0x12
 535 01fe 01       		.uleb128 0x1
 536 01ff 50       		.byte	0x50
 537 0200 03       		.uleb128 0x3
 538 0201 F5       		.byte	0xf5
 539 0202 04       		.uleb128 0x4
 540 0203 25       		.uleb128 0x25
 541 0204 00       		.byte	0
 542 0205 13       		.uleb128 0x13
 543 0206 10000000 		.4byte	.LVL12
 544 020a DC030000 		.4byte	0x3dc
 545 020e 11       		.uleb128 0x11
 546 020f 18000000 		.4byte	.LVL13
 547 0213 E7030000 		.4byte	0x3e7
 548 0217 23020000 		.4byte	0x223
 549 021b 12       		.uleb128 0x12
 550 021c 01       		.uleb128 0x1
 551 021d 50       		.byte	0x50
 552 021e 03       		.uleb128 0x3
 553 021f 0A       		.byte	0xa
ARM GAS  C:\Users\Jacob\AppData\Local\Temp\ccXg4Uud.s 			page 12


 554 0220 E803     		.2byte	0x3e8
 555 0222 00       		.byte	0
 556 0223 11       		.uleb128 0x11
 557 0224 1E000000 		.4byte	.LVL14
 558 0228 72010000 		.4byte	0x172
 559 022c 38020000 		.4byte	0x238
 560 0230 12       		.uleb128 0x12
 561 0231 01       		.uleb128 0x1
 562 0232 50       		.byte	0x50
 563 0233 03       		.uleb128 0x3
 564 0234 F5       		.byte	0xf5
 565 0235 04       		.uleb128 0x4
 566 0236 25       		.uleb128 0x25
 567 0237 00       		.byte	0
 568 0238 13       		.uleb128 0x13
 569 0239 24000000 		.4byte	.LVL15
 570 023d F2030000 		.4byte	0x3f2
 571 0241 14       		.uleb128 0x14
 572 0242 2C000000 		.4byte	.LVL16
 573 0246 E7030000 		.4byte	0x3e7
 574 024a 12       		.uleb128 0x12
 575 024b 01       		.uleb128 0x1
 576 024c 50       		.byte	0x50
 577 024d 03       		.uleb128 0x3
 578 024e 0A       		.byte	0xa
 579 024f E803     		.2byte	0x3e8
 580 0251 00       		.byte	0
 581 0252 00       		.byte	0
 582 0253 0A       		.uleb128 0xa
 583 0254 94010000 		.4byte	.LASF29
 584 0258 01       		.byte	0x1
 585 0259 29       		.byte	0x29
 586 025a 6F000000 		.4byte	0x6f
 587 025e 00000000 		.4byte	.LFB66
 588 0262 A8000000 		.4byte	.LFE66-.LFB66
 589 0266 01       		.uleb128 0x1
 590 0267 9C       		.byte	0x9c
 591 0268 9A030000 		.4byte	0x39a
 592 026c 15       		.uleb128 0x15
 593 026d 51020000 		.4byte	.LASF30
 594 0271 01       		.byte	0x1
 595 0272 34       		.byte	0x34
 596 0273 25000000 		.4byte	0x25
 597 0277 04       		.byte	0x4
 598 0278 00003442 		.4byte	0x42340000
 599 027c 16       		.uleb128 0x16
 600 027d 00000000 		.4byte	.LASF31
 601 0281 01       		.byte	0x1
 602 0282 35       		.byte	0x35
 603 0283 25000000 		.4byte	0x25
 604 0287 46000000 		.4byte	.LLST2
 605 028b 17       		.uleb128 0x17
 606 028c 696E6300 		.ascii	"inc\000"
 607 0290 01       		.byte	0x1
 608 0291 36       		.byte	0x36
 609 0292 25000000 		.4byte	0x25
 610 0296 04       		.byte	0x4
ARM GAS  C:\Users\Jacob\AppData\Local\Temp\ccXg4Uud.s 			page 13


 611 0297 6666E63E 		.4byte	0x3ee66666
 612 029b 13       		.uleb128 0x13
 613 029c 06000000 		.4byte	.LVL17
 614 02a0 FD030000 		.4byte	0x3fd
 615 02a4 11       		.uleb128 0x11
 616 02a5 0E000000 		.4byte	.LVL18
 617 02a9 0A010000 		.4byte	0x10a
 618 02ad B9020000 		.4byte	0x2b9
 619 02b1 12       		.uleb128 0x12
 620 02b2 01       		.uleb128 0x1
 621 02b3 50       		.byte	0x50
 622 02b4 03       		.uleb128 0x3
 623 02b5 F5       		.byte	0xf5
 624 02b6 04       		.uleb128 0x4
 625 02b7 25       		.uleb128 0x25
 626 02b8 00       		.byte	0
 627 02b9 11       		.uleb128 0x11
 628 02ba 16000000 		.4byte	.LVL19
 629 02be DC030000 		.4byte	0x3dc
 630 02c2 CD020000 		.4byte	0x2cd
 631 02c6 12       		.uleb128 0x12
 632 02c7 01       		.uleb128 0x1
 633 02c8 50       		.byte	0x50
 634 02c9 02       		.uleb128 0x2
 635 02ca 75       		.byte	0x75
 636 02cb 00       		.sleb128 0
 637 02cc 00       		.byte	0
 638 02cd 11       		.uleb128 0x11
 639 02ce 1C000000 		.4byte	.LVL20
 640 02d2 72010000 		.4byte	0x172
 641 02d6 E2020000 		.4byte	0x2e2
 642 02da 12       		.uleb128 0x12
 643 02db 01       		.uleb128 0x1
 644 02dc 50       		.byte	0x50
 645 02dd 03       		.uleb128 0x3
 646 02de F5       		.byte	0xf5
 647 02df 04       		.uleb128 0x4
 648 02e0 25       		.uleb128 0x25
 649 02e1 00       		.byte	0
 650 02e2 13       		.uleb128 0x13
 651 02e3 22000000 		.4byte	.LVL21
 652 02e7 F2030000 		.4byte	0x3f2
 653 02eb 11       		.uleb128 0x11
 654 02ec 2A000000 		.4byte	.LVL22
 655 02f0 E7030000 		.4byte	0x3e7
 656 02f4 00030000 		.4byte	0x300
 657 02f8 12       		.uleb128 0x12
 658 02f9 01       		.uleb128 0x1
 659 02fa 50       		.byte	0x50
 660 02fb 03       		.uleb128 0x3
 661 02fc 0A       		.byte	0xa
 662 02fd B80B     		.2byte	0xbb8
 663 02ff 00       		.byte	0
 664 0300 11       		.uleb128 0x11
 665 0301 32000000 		.4byte	.LVL24
 666 0305 0A010000 		.4byte	0x10a
 667 0309 15030000 		.4byte	0x315
ARM GAS  C:\Users\Jacob\AppData\Local\Temp\ccXg4Uud.s 			page 14


 668 030d 12       		.uleb128 0x12
 669 030e 01       		.uleb128 0x1
 670 030f 50       		.byte	0x50
 671 0310 03       		.uleb128 0x3
 672 0311 F5       		.byte	0xf5
 673 0312 04       		.uleb128 0x4
 674 0313 25       		.uleb128 0x25
 675 0314 00       		.byte	0
 676 0315 13       		.uleb128 0x13
 677 0316 38000000 		.4byte	.LVL25
 678 031a DC030000 		.4byte	0x3dc
 679 031e 11       		.uleb128 0x11
 680 031f 48000000 		.4byte	.LVL29
 681 0323 E7030000 		.4byte	0x3e7
 682 0327 31030000 		.4byte	0x331
 683 032b 12       		.uleb128 0x12
 684 032c 01       		.uleb128 0x1
 685 032d 50       		.byte	0x50
 686 032e 01       		.uleb128 0x1
 687 032f 3A       		.byte	0x3a
 688 0330 00       		.byte	0
 689 0331 13       		.uleb128 0x13
 690 0332 5A000000 		.4byte	.LVL31
 691 0336 72010000 		.4byte	0x172
 692 033a 13       		.uleb128 0x13
 693 033b 60000000 		.4byte	.LVL32
 694 033f F2030000 		.4byte	0x3f2
 695 0343 11       		.uleb128 0x11
 696 0344 66000000 		.4byte	.LVL33
 697 0348 DC030000 		.4byte	0x3dc
 698 034c 57030000 		.4byte	0x357
 699 0350 12       		.uleb128 0x12
 700 0351 01       		.uleb128 0x1
 701 0352 50       		.byte	0x50
 702 0353 02       		.uleb128 0x2
 703 0354 75       		.byte	0x75
 704 0355 00       		.sleb128 0
 705 0356 00       		.byte	0
 706 0357 11       		.uleb128 0x11
 707 0358 6E000000 		.4byte	.LVL34
 708 035c E7030000 		.4byte	0x3e7
 709 0360 6C030000 		.4byte	0x36c
 710 0364 12       		.uleb128 0x12
 711 0365 01       		.uleb128 0x1
 712 0366 50       		.byte	0x50
 713 0367 03       		.uleb128 0x3
 714 0368 0A       		.byte	0xa
 715 0369 B80B     		.2byte	0xbb8
 716 036b 00       		.byte	0
 717 036c 11       		.uleb128 0x11
 718 036d 78000000 		.4byte	.LVL36
 719 0371 0A010000 		.4byte	0x10a
 720 0375 81030000 		.4byte	0x381
 721 0379 12       		.uleb128 0x12
 722 037a 01       		.uleb128 0x1
 723 037b 50       		.byte	0x50
 724 037c 03       		.uleb128 0x3
ARM GAS  C:\Users\Jacob\AppData\Local\Temp\ccXg4Uud.s 			page 15


 725 037d F5       		.byte	0xf5
 726 037e 04       		.uleb128 0x4
 727 037f 25       		.uleb128 0x25
 728 0380 00       		.byte	0
 729 0381 13       		.uleb128 0x13
 730 0382 7E000000 		.4byte	.LVL37
 731 0386 DC030000 		.4byte	0x3dc
 732 038a 14       		.uleb128 0x14
 733 038b 8E000000 		.4byte	.LVL41
 734 038f E7030000 		.4byte	0x3e7
 735 0393 12       		.uleb128 0x12
 736 0394 01       		.uleb128 0x1
 737 0395 50       		.byte	0x50
 738 0396 01       		.uleb128 0x1
 739 0397 3A       		.byte	0x3a
 740 0398 00       		.byte	0
 741 0399 00       		.byte	0
 742 039a 18       		.uleb128 0x18
 743 039b 99010000 		.4byte	.LASF32
 744 039f 05       		.byte	0x5
 745 03a0 1207     		.2byte	0x712
 746 03a2 A6030000 		.4byte	0x3a6
 747 03a6 19       		.uleb128 0x19
 748 03a7 7D000000 		.4byte	0x7d
 749 03ab 1A       		.uleb128 0x1a
 750 03ac 6100     		.ascii	"a\000"
 751 03ae 04       		.byte	0x4
 752 03af 12       		.byte	0x12
 753 03b0 6F000000 		.4byte	0x6f
 754 03b4 05       		.uleb128 0x5
 755 03b5 03       		.byte	0x3
 756 03b6 00000000 		.4byte	a
 757 03ba 1B       		.uleb128 0x1b
 758 03bb 07000000 		.4byte	.LASF33
 759 03bf 04       		.byte	0x4
 760 03c0 1B       		.byte	0x1b
 761 03c1 A4000000 		.4byte	0xa4
 762 03c5 05       		.uleb128 0x5
 763 03c6 03       		.byte	0x3
 764 03c7 00000000 		.4byte	BottomServo
 765 03cb 1B       		.uleb128 0x1b
 766 03cc 3B000000 		.4byte	.LASF34
 767 03d0 04       		.byte	0x4
 768 03d1 1B       		.byte	0x1b
 769 03d2 A4000000 		.4byte	0xa4
 770 03d6 05       		.uleb128 0x5
 771 03d7 03       		.byte	0x3
 772 03d8 00000000 		.4byte	TopServo
 773 03dc 1C       		.uleb128 0x1c
 774 03dd 26000000 		.4byte	.LASF35
 775 03e1 26000000 		.4byte	.LASF35
 776 03e5 06       		.byte	0x6
 777 03e6 C7       		.byte	0xc7
 778 03e7 1C       		.uleb128 0x1c
 779 03e8 83020000 		.4byte	.LASF36
 780 03ec 83020000 		.4byte	.LASF36
 781 03f0 07       		.byte	0x7
ARM GAS  C:\Users\Jacob\AppData\Local\Temp\ccXg4Uud.s 			page 16


 782 03f1 76       		.byte	0x76
 783 03f2 1C       		.uleb128 0x1c
 784 03f3 33020000 		.4byte	.LASF37
 785 03f7 33020000 		.4byte	.LASF37
 786 03fb 06       		.byte	0x6
 787 03fc CA       		.byte	0xca
 788 03fd 1C       		.uleb128 0x1c
 789 03fe A6010000 		.4byte	.LASF38
 790 0402 A6010000 		.4byte	.LASF38
 791 0406 04       		.byte	0x4
 792 0407 1D       		.byte	0x1d
 793 0408 00       		.byte	0
 794              		.section	.debug_abbrev,"",%progbits
 795              	.Ldebug_abbrev0:
 796 0000 01       		.uleb128 0x1
 797 0001 11       		.uleb128 0x11
 798 0002 01       		.byte	0x1
 799 0003 25       		.uleb128 0x25
 800 0004 0E       		.uleb128 0xe
 801 0005 13       		.uleb128 0x13
 802 0006 0B       		.uleb128 0xb
 803 0007 03       		.uleb128 0x3
 804 0008 0E       		.uleb128 0xe
 805 0009 1B       		.uleb128 0x1b
 806 000a 0E       		.uleb128 0xe
 807 000b 55       		.uleb128 0x55
 808 000c 17       		.uleb128 0x17
 809 000d 11       		.uleb128 0x11
 810 000e 01       		.uleb128 0x1
 811 000f 10       		.uleb128 0x10
 812 0010 17       		.uleb128 0x17
 813 0011 00       		.byte	0
 814 0012 00       		.byte	0
 815 0013 02       		.uleb128 0x2
 816 0014 24       		.uleb128 0x24
 817 0015 00       		.byte	0
 818 0016 0B       		.uleb128 0xb
 819 0017 0B       		.uleb128 0xb
 820 0018 3E       		.uleb128 0x3e
 821 0019 0B       		.uleb128 0xb
 822 001a 03       		.uleb128 0x3
 823 001b 0E       		.uleb128 0xe
 824 001c 00       		.byte	0
 825 001d 00       		.byte	0
 826 001e 03       		.uleb128 0x3
 827 001f 16       		.uleb128 0x16
 828 0020 00       		.byte	0
 829 0021 03       		.uleb128 0x3
 830 0022 0E       		.uleb128 0xe
 831 0023 3A       		.uleb128 0x3a
 832 0024 0B       		.uleb128 0xb
 833 0025 3B       		.uleb128 0x3b
 834 0026 0B       		.uleb128 0xb
 835 0027 49       		.uleb128 0x49
 836 0028 13       		.uleb128 0x13
 837 0029 00       		.byte	0
 838 002a 00       		.byte	0
ARM GAS  C:\Users\Jacob\AppData\Local\Temp\ccXg4Uud.s 			page 17


 839 002b 04       		.uleb128 0x4
 840 002c 24       		.uleb128 0x24
 841 002d 00       		.byte	0
 842 002e 0B       		.uleb128 0xb
 843 002f 0B       		.uleb128 0xb
 844 0030 3E       		.uleb128 0x3e
 845 0031 0B       		.uleb128 0xb
 846 0032 03       		.uleb128 0x3
 847 0033 08       		.uleb128 0x8
 848 0034 00       		.byte	0
 849 0035 00       		.byte	0
 850 0036 05       		.uleb128 0x5
 851 0037 13       		.uleb128 0x13
 852 0038 01       		.byte	0x1
 853 0039 03       		.uleb128 0x3
 854 003a 0E       		.uleb128 0xe
 855 003b 0B       		.uleb128 0xb
 856 003c 0B       		.uleb128 0xb
 857 003d 3A       		.uleb128 0x3a
 858 003e 0B       		.uleb128 0xb
 859 003f 3B       		.uleb128 0x3b
 860 0040 0B       		.uleb128 0xb
 861 0041 01       		.uleb128 0x1
 862 0042 13       		.uleb128 0x13
 863 0043 00       		.byte	0
 864 0044 00       		.byte	0
 865 0045 06       		.uleb128 0x6
 866 0046 0D       		.uleb128 0xd
 867 0047 00       		.byte	0
 868 0048 03       		.uleb128 0x3
 869 0049 0E       		.uleb128 0xe
 870 004a 3A       		.uleb128 0x3a
 871 004b 0B       		.uleb128 0xb
 872 004c 3B       		.uleb128 0x3b
 873 004d 0B       		.uleb128 0xb
 874 004e 49       		.uleb128 0x49
 875 004f 13       		.uleb128 0x13
 876 0050 38       		.uleb128 0x38
 877 0051 0B       		.uleb128 0xb
 878 0052 00       		.byte	0
 879 0053 00       		.byte	0
 880 0054 07       		.uleb128 0x7
 881 0055 15       		.uleb128 0x15
 882 0056 01       		.byte	0x1
 883 0057 27       		.uleb128 0x27
 884 0058 19       		.uleb128 0x19
 885 0059 01       		.uleb128 0x1
 886 005a 13       		.uleb128 0x13
 887 005b 00       		.byte	0
 888 005c 00       		.byte	0
 889 005d 08       		.uleb128 0x8
 890 005e 05       		.uleb128 0x5
 891 005f 00       		.byte	0
 892 0060 49       		.uleb128 0x49
 893 0061 13       		.uleb128 0x13
 894 0062 00       		.byte	0
 895 0063 00       		.byte	0
ARM GAS  C:\Users\Jacob\AppData\Local\Temp\ccXg4Uud.s 			page 18


 896 0064 09       		.uleb128 0x9
 897 0065 0F       		.uleb128 0xf
 898 0066 00       		.byte	0
 899 0067 0B       		.uleb128 0xb
 900 0068 0B       		.uleb128 0xb
 901 0069 49       		.uleb128 0x49
 902 006a 13       		.uleb128 0x13
 903 006b 00       		.byte	0
 904 006c 00       		.byte	0
 905 006d 0A       		.uleb128 0xa
 906 006e 2E       		.uleb128 0x2e
 907 006f 01       		.byte	0x1
 908 0070 3F       		.uleb128 0x3f
 909 0071 19       		.uleb128 0x19
 910 0072 03       		.uleb128 0x3
 911 0073 0E       		.uleb128 0xe
 912 0074 3A       		.uleb128 0x3a
 913 0075 0B       		.uleb128 0xb
 914 0076 3B       		.uleb128 0x3b
 915 0077 0B       		.uleb128 0xb
 916 0078 27       		.uleb128 0x27
 917 0079 19       		.uleb128 0x19
 918 007a 49       		.uleb128 0x49
 919 007b 13       		.uleb128 0x13
 920 007c 11       		.uleb128 0x11
 921 007d 01       		.uleb128 0x1
 922 007e 12       		.uleb128 0x12
 923 007f 06       		.uleb128 0x6
 924 0080 40       		.uleb128 0x40
 925 0081 18       		.uleb128 0x18
 926 0082 9642     		.uleb128 0x2116
 927 0084 19       		.uleb128 0x19
 928 0085 01       		.uleb128 0x1
 929 0086 13       		.uleb128 0x13
 930 0087 00       		.byte	0
 931 0088 00       		.byte	0
 932 0089 0B       		.uleb128 0xb
 933 008a 05       		.uleb128 0x5
 934 008b 00       		.byte	0
 935 008c 03       		.uleb128 0x3
 936 008d 0E       		.uleb128 0xe
 937 008e 3A       		.uleb128 0x3a
 938 008f 0B       		.uleb128 0xb
 939 0090 3B       		.uleb128 0x3b
 940 0091 0B       		.uleb128 0xb
 941 0092 49       		.uleb128 0x49
 942 0093 13       		.uleb128 0x13
 943 0094 02       		.uleb128 0x2
 944 0095 17       		.uleb128 0x17
 945 0096 00       		.byte	0
 946 0097 00       		.byte	0
 947 0098 0C       		.uleb128 0xc
 948 0099 34       		.uleb128 0x34
 949 009a 00       		.byte	0
 950 009b 03       		.uleb128 0x3
 951 009c 0E       		.uleb128 0xe
 952 009d 3A       		.uleb128 0x3a
ARM GAS  C:\Users\Jacob\AppData\Local\Temp\ccXg4Uud.s 			page 19


 953 009e 0B       		.uleb128 0xb
 954 009f 3B       		.uleb128 0x3b
 955 00a0 0B       		.uleb128 0xb
 956 00a1 49       		.uleb128 0x49
 957 00a2 13       		.uleb128 0x13
 958 00a3 1C       		.uleb128 0x1c
 959 00a4 05       		.uleb128 0x5
 960 00a5 00       		.byte	0
 961 00a6 00       		.byte	0
 962 00a7 0D       		.uleb128 0xd
 963 00a8 34       		.uleb128 0x34
 964 00a9 00       		.byte	0
 965 00aa 03       		.uleb128 0x3
 966 00ab 0E       		.uleb128 0xe
 967 00ac 3A       		.uleb128 0x3a
 968 00ad 0B       		.uleb128 0xb
 969 00ae 3B       		.uleb128 0x3b
 970 00af 0B       		.uleb128 0xb
 971 00b0 49       		.uleb128 0x49
 972 00b1 13       		.uleb128 0x13
 973 00b2 1C       		.uleb128 0x1c
 974 00b3 0B       		.uleb128 0xb
 975 00b4 00       		.byte	0
 976 00b5 00       		.byte	0
 977 00b6 0E       		.uleb128 0xe
 978 00b7 34       		.uleb128 0x34
 979 00b8 00       		.byte	0
 980 00b9 03       		.uleb128 0x3
 981 00ba 0E       		.uleb128 0xe
 982 00bb 3A       		.uleb128 0x3a
 983 00bc 0B       		.uleb128 0xb
 984 00bd 3B       		.uleb128 0x3b
 985 00be 0B       		.uleb128 0xb
 986 00bf 49       		.uleb128 0x49
 987 00c0 13       		.uleb128 0x13
 988 00c1 02       		.uleb128 0x2
 989 00c2 18       		.uleb128 0x18
 990 00c3 00       		.byte	0
 991 00c4 00       		.byte	0
 992 00c5 0F       		.uleb128 0xf
 993 00c6 34       		.uleb128 0x34
 994 00c7 00       		.byte	0
 995 00c8 03       		.uleb128 0x3
 996 00c9 0E       		.uleb128 0xe
 997 00ca 3A       		.uleb128 0x3a
 998 00cb 0B       		.uleb128 0xb
 999 00cc 3B       		.uleb128 0x3b
 1000 00cd 0B       		.uleb128 0xb
 1001 00ce 49       		.uleb128 0x49
 1002 00cf 13       		.uleb128 0x13
 1003 00d0 1C       		.uleb128 0x1c
 1004 00d1 0D       		.uleb128 0xd
 1005 00d2 00       		.byte	0
 1006 00d3 00       		.byte	0
 1007 00d4 10       		.uleb128 0x10
 1008 00d5 2E       		.uleb128 0x2e
 1009 00d6 01       		.byte	0x1
ARM GAS  C:\Users\Jacob\AppData\Local\Temp\ccXg4Uud.s 			page 20


 1010 00d7 3F       		.uleb128 0x3f
 1011 00d8 19       		.uleb128 0x19
 1012 00d9 03       		.uleb128 0x3
 1013 00da 0E       		.uleb128 0xe
 1014 00db 3A       		.uleb128 0x3a
 1015 00dc 0B       		.uleb128 0xb
 1016 00dd 3B       		.uleb128 0x3b
 1017 00de 0B       		.uleb128 0xb
 1018 00df 8701     		.uleb128 0x87
 1019 00e1 19       		.uleb128 0x19
 1020 00e2 11       		.uleb128 0x11
 1021 00e3 01       		.uleb128 0x1
 1022 00e4 12       		.uleb128 0x12
 1023 00e5 06       		.uleb128 0x6
 1024 00e6 40       		.uleb128 0x40
 1025 00e7 18       		.uleb128 0x18
 1026 00e8 9742     		.uleb128 0x2117
 1027 00ea 19       		.uleb128 0x19
 1028 00eb 01       		.uleb128 0x1
 1029 00ec 13       		.uleb128 0x13
 1030 00ed 00       		.byte	0
 1031 00ee 00       		.byte	0
 1032 00ef 11       		.uleb128 0x11
 1033 00f0 898201   		.uleb128 0x4109
 1034 00f3 01       		.byte	0x1
 1035 00f4 11       		.uleb128 0x11
 1036 00f5 01       		.uleb128 0x1
 1037 00f6 31       		.uleb128 0x31
 1038 00f7 13       		.uleb128 0x13
 1039 00f8 01       		.uleb128 0x1
 1040 00f9 13       		.uleb128 0x13
 1041 00fa 00       		.byte	0
 1042 00fb 00       		.byte	0
 1043 00fc 12       		.uleb128 0x12
 1044 00fd 8A8201   		.uleb128 0x410a
 1045 0100 00       		.byte	0
 1046 0101 02       		.uleb128 0x2
 1047 0102 18       		.uleb128 0x18
 1048 0103 9142     		.uleb128 0x2111
 1049 0105 18       		.uleb128 0x18
 1050 0106 00       		.byte	0
 1051 0107 00       		.byte	0
 1052 0108 13       		.uleb128 0x13
 1053 0109 898201   		.uleb128 0x4109
 1054 010c 00       		.byte	0
 1055 010d 11       		.uleb128 0x11
 1056 010e 01       		.uleb128 0x1
 1057 010f 31       		.uleb128 0x31
 1058 0110 13       		.uleb128 0x13
 1059 0111 00       		.byte	0
 1060 0112 00       		.byte	0
 1061 0113 14       		.uleb128 0x14
 1062 0114 898201   		.uleb128 0x4109
 1063 0117 01       		.byte	0x1
 1064 0118 11       		.uleb128 0x11
 1065 0119 01       		.uleb128 0x1
 1066 011a 31       		.uleb128 0x31
ARM GAS  C:\Users\Jacob\AppData\Local\Temp\ccXg4Uud.s 			page 21


 1067 011b 13       		.uleb128 0x13
 1068 011c 00       		.byte	0
 1069 011d 00       		.byte	0
 1070 011e 15       		.uleb128 0x15
 1071 011f 34       		.uleb128 0x34
 1072 0120 00       		.byte	0
 1073 0121 03       		.uleb128 0x3
 1074 0122 0E       		.uleb128 0xe
 1075 0123 3A       		.uleb128 0x3a
 1076 0124 0B       		.uleb128 0xb
 1077 0125 3B       		.uleb128 0x3b
 1078 0126 0B       		.uleb128 0xb
 1079 0127 49       		.uleb128 0x49
 1080 0128 13       		.uleb128 0x13
 1081 0129 1C       		.uleb128 0x1c
 1082 012a 0A       		.uleb128 0xa
 1083 012b 00       		.byte	0
 1084 012c 00       		.byte	0
 1085 012d 16       		.uleb128 0x16
 1086 012e 34       		.uleb128 0x34
 1087 012f 00       		.byte	0
 1088 0130 03       		.uleb128 0x3
 1089 0131 0E       		.uleb128 0xe
 1090 0132 3A       		.uleb128 0x3a
 1091 0133 0B       		.uleb128 0xb
 1092 0134 3B       		.uleb128 0x3b
 1093 0135 0B       		.uleb128 0xb
 1094 0136 49       		.uleb128 0x49
 1095 0137 13       		.uleb128 0x13
 1096 0138 02       		.uleb128 0x2
 1097 0139 17       		.uleb128 0x17
 1098 013a 00       		.byte	0
 1099 013b 00       		.byte	0
 1100 013c 17       		.uleb128 0x17
 1101 013d 34       		.uleb128 0x34
 1102 013e 00       		.byte	0
 1103 013f 03       		.uleb128 0x3
 1104 0140 08       		.uleb128 0x8
 1105 0141 3A       		.uleb128 0x3a
 1106 0142 0B       		.uleb128 0xb
 1107 0143 3B       		.uleb128 0x3b
 1108 0144 0B       		.uleb128 0xb
 1109 0145 49       		.uleb128 0x49
 1110 0146 13       		.uleb128 0x13
 1111 0147 1C       		.uleb128 0x1c
 1112 0148 0A       		.uleb128 0xa
 1113 0149 00       		.byte	0
 1114 014a 00       		.byte	0
 1115 014b 18       		.uleb128 0x18
 1116 014c 34       		.uleb128 0x34
 1117 014d 00       		.byte	0
 1118 014e 03       		.uleb128 0x3
 1119 014f 0E       		.uleb128 0xe
 1120 0150 3A       		.uleb128 0x3a
 1121 0151 0B       		.uleb128 0xb
 1122 0152 3B       		.uleb128 0x3b
 1123 0153 05       		.uleb128 0x5
ARM GAS  C:\Users\Jacob\AppData\Local\Temp\ccXg4Uud.s 			page 22


 1124 0154 49       		.uleb128 0x49
 1125 0155 13       		.uleb128 0x13
 1126 0156 3F       		.uleb128 0x3f
 1127 0157 19       		.uleb128 0x19
 1128 0158 3C       		.uleb128 0x3c
 1129 0159 19       		.uleb128 0x19
 1130 015a 00       		.byte	0
 1131 015b 00       		.byte	0
 1132 015c 19       		.uleb128 0x19
 1133 015d 35       		.uleb128 0x35
 1134 015e 00       		.byte	0
 1135 015f 49       		.uleb128 0x49
 1136 0160 13       		.uleb128 0x13
 1137 0161 00       		.byte	0
 1138 0162 00       		.byte	0
 1139 0163 1A       		.uleb128 0x1a
 1140 0164 34       		.uleb128 0x34
 1141 0165 00       		.byte	0
 1142 0166 03       		.uleb128 0x3
 1143 0167 08       		.uleb128 0x8
 1144 0168 3A       		.uleb128 0x3a
 1145 0169 0B       		.uleb128 0xb
 1146 016a 3B       		.uleb128 0x3b
 1147 016b 0B       		.uleb128 0xb
 1148 016c 49       		.uleb128 0x49
 1149 016d 13       		.uleb128 0x13
 1150 016e 3F       		.uleb128 0x3f
 1151 016f 19       		.uleb128 0x19
 1152 0170 02       		.uleb128 0x2
 1153 0171 18       		.uleb128 0x18
 1154 0172 00       		.byte	0
 1155 0173 00       		.byte	0
 1156 0174 1B       		.uleb128 0x1b
 1157 0175 34       		.uleb128 0x34
 1158 0176 00       		.byte	0
 1159 0177 03       		.uleb128 0x3
 1160 0178 0E       		.uleb128 0xe
 1161 0179 3A       		.uleb128 0x3a
 1162 017a 0B       		.uleb128 0xb
 1163 017b 3B       		.uleb128 0x3b
 1164 017c 0B       		.uleb128 0xb
 1165 017d 49       		.uleb128 0x49
 1166 017e 13       		.uleb128 0x13
 1167 017f 3F       		.uleb128 0x3f
 1168 0180 19       		.uleb128 0x19
 1169 0181 02       		.uleb128 0x2
 1170 0182 18       		.uleb128 0x18
 1171 0183 00       		.byte	0
 1172 0184 00       		.byte	0
 1173 0185 1C       		.uleb128 0x1c
 1174 0186 2E       		.uleb128 0x2e
 1175 0187 00       		.byte	0
 1176 0188 3F       		.uleb128 0x3f
 1177 0189 19       		.uleb128 0x19
 1178 018a 3C       		.uleb128 0x3c
 1179 018b 19       		.uleb128 0x19
 1180 018c 6E       		.uleb128 0x6e
ARM GAS  C:\Users\Jacob\AppData\Local\Temp\ccXg4Uud.s 			page 23


 1181 018d 0E       		.uleb128 0xe
 1182 018e 03       		.uleb128 0x3
 1183 018f 0E       		.uleb128 0xe
 1184 0190 3A       		.uleb128 0x3a
 1185 0191 0B       		.uleb128 0xb
 1186 0192 3B       		.uleb128 0x3b
 1187 0193 0B       		.uleb128 0xb
 1188 0194 00       		.byte	0
 1189 0195 00       		.byte	0
 1190 0196 00       		.byte	0
 1191              		.section	.debug_loc,"",%progbits
 1192              	.Ldebug_loc0:
 1193              	.LLST0:
 1194 0000 00000000 		.4byte	.LVL0
 1195 0004 07000000 		.4byte	.LVL2-1
 1196 0008 0100     		.2byte	0x1
 1197 000a 50       		.byte	0x50
 1198 000b 07000000 		.4byte	.LVL2-1
 1199 000f 1C000000 		.4byte	.LFE63
 1200 0013 0600     		.2byte	0x6
 1201 0015 F3       		.byte	0xf3
 1202 0016 03       		.uleb128 0x3
 1203 0017 F5       		.byte	0xf5
 1204 0018 00       		.uleb128 0
 1205 0019 25       		.uleb128 0x25
 1206 001a 9F       		.byte	0x9f
 1207 001b 00000000 		.4byte	0
 1208 001f 00000000 		.4byte	0
 1209              	.LLST1:
 1210 0023 00000000 		.4byte	.LVL5
 1211 0027 07000000 		.4byte	.LVL7-1
 1212 002b 0100     		.2byte	0x1
 1213 002d 50       		.byte	0x50
 1214 002e 07000000 		.4byte	.LVL7-1
 1215 0032 28000000 		.4byte	.LFE64
 1216 0036 0600     		.2byte	0x6
 1217 0038 F3       		.byte	0xf3
 1218 0039 03       		.uleb128 0x3
 1219 003a F5       		.byte	0xf5
 1220 003b 00       		.uleb128 0
 1221 003c 25       		.uleb128 0x25
 1222 003d 9F       		.byte	0x9f
 1223 003e 00000000 		.4byte	0
 1224 0042 00000000 		.4byte	0
 1225              	.LLST2:
 1226 0046 2A000000 		.4byte	.LVL22
 1227 004a 2C000000 		.4byte	.LVL23
 1228 004e 0600     		.2byte	0x6
 1229 0050 9E       		.byte	0x9e
 1230 0051 04       		.uleb128 0x4
 1231 0052 00000000 		.4byte	0
 1232 0056 2C000000 		.4byte	.LVL23
 1233 005a 42000000 		.4byte	.LVL27
 1234 005e 0100     		.2byte	0x1
 1235 0060 54       		.byte	0x54
 1236 0061 42000000 		.4byte	.LVL27
 1237 0065 44000000 		.4byte	.LVL28
ARM GAS  C:\Users\Jacob\AppData\Local\Temp\ccXg4Uud.s 			page 24


 1238 0069 0100     		.2byte	0x1
 1239 006b 50       		.byte	0x50
 1240 006c 44000000 		.4byte	.LVL28
 1241 0070 66000000 		.4byte	.LVL33
 1242 0074 0100     		.2byte	0x1
 1243 0076 54       		.byte	0x54
 1244 0077 66000000 		.4byte	.LVL33
 1245 007b 72000000 		.4byte	.LVL35
 1246 007f 0600     		.2byte	0x6
 1247 0081 9E       		.byte	0x9e
 1248 0082 04       		.uleb128 0x4
 1249 0083 00000000 		.4byte	0
 1250 0087 72000000 		.4byte	.LVL35
 1251 008b 88000000 		.4byte	.LVL39
 1252 008f 0100     		.2byte	0x1
 1253 0091 54       		.byte	0x54
 1254 0092 88000000 		.4byte	.LVL39
 1255 0096 8A000000 		.4byte	.LVL40
 1256 009a 0100     		.2byte	0x1
 1257 009c 50       		.byte	0x50
 1258 009d 8A000000 		.4byte	.LVL40
 1259 00a1 9C000000 		.4byte	.LVL43
 1260 00a5 0100     		.2byte	0x1
 1261 00a7 54       		.byte	0x54
 1262 00a8 00000000 		.4byte	0
 1263 00ac 00000000 		.4byte	0
 1264              		.section	.debug_aranges,"",%progbits
 1265 0000 34000000 		.4byte	0x34
 1266 0004 0200     		.2byte	0x2
 1267 0006 00000000 		.4byte	.Ldebug_info0
 1268 000a 04       		.byte	0x4
 1269 000b 00       		.byte	0
 1270 000c 0000     		.2byte	0
 1271 000e 0000     		.2byte	0
 1272 0010 00000000 		.4byte	.LFB63
 1273 0014 1C000000 		.4byte	.LFE63-.LFB63
 1274 0018 00000000 		.4byte	.LFB64
 1275 001c 28000000 		.4byte	.LFE64-.LFB64
 1276 0020 00000000 		.4byte	.LFB65
 1277 0024 2E000000 		.4byte	.LFE65-.LFB65
 1278 0028 00000000 		.4byte	.LFB66
 1279 002c A8000000 		.4byte	.LFE66-.LFB66
 1280 0030 00000000 		.4byte	0
 1281 0034 00000000 		.4byte	0
 1282              		.section	.debug_ranges,"",%progbits
 1283              	.Ldebug_ranges0:
 1284 0000 00000000 		.4byte	.LFB63
 1285 0004 1C000000 		.4byte	.LFE63
 1286 0008 00000000 		.4byte	.LFB64
 1287 000c 28000000 		.4byte	.LFE64
 1288 0010 00000000 		.4byte	.LFB65
 1289 0014 2E000000 		.4byte	.LFE65
 1290 0018 00000000 		.4byte	.LFB66
 1291 001c A8000000 		.4byte	.LFE66
 1292 0020 00000000 		.4byte	0
 1293 0024 00000000 		.4byte	0
 1294              		.section	.debug_line,"",%progbits
ARM GAS  C:\Users\Jacob\AppData\Local\Temp\ccXg4Uud.s 			page 25


 1295              	.Ldebug_line0:
 1296 0000 CF010000 		.section	.debug_str,"MS",%progbits,1
 1296      02006201 
 1296      00000201 
 1296      FB0E0D00 
 1296      01010101 
 1297              	.LASF31:
 1298 0000 616E676C 		.ascii	"angle1\000"
 1298      653100
 1299              	.LASF33:
 1300 0007 426F7474 		.ascii	"BottomServo\000"
 1300      6F6D5365 
 1300      72766F00 
 1301              	.LASF18:
 1302 0013 6D617841 		.ascii	"maxAngle\000"
 1302      6E676C65 
 1302      00
 1303              	.LASF10:
 1304 001c 5F5F696E 		.ascii	"__int32_t\000"
 1304      7433325F 
 1304      7400
 1305              	.LASF35:
 1306 0026 53657276 		.ascii	"Servos_WriteCompare1\000"
 1306      6F735F57 
 1306      72697465 
 1306      436F6D70 
 1306      61726531 
 1307              	.LASF34:
 1308 003b 546F7053 		.ascii	"TopServo\000"
 1308      6572766F 
 1308      00
 1309              	.LASF42:
 1310 0044 53657276 		.ascii	"Servo\000"
 1310      6F00
 1311              	.LASF0:
 1312 004a 666C6F61 		.ascii	"float\000"
 1312      7400
 1313              	.LASF41:
 1314 0050 433A5C55 		.ascii	"C:\\Users\\Jacob\\Documents\\Junior\\EGR 456\\EGR45"
 1314      73657273 
 1314      5C4A6163 
 1314      6F625C44 
 1314      6F63756D 
 1315 007d 365C6A61 		.ascii	"6\\jacobian2.cydsn\000"
 1315      636F6269 
 1315      616E322E 
 1315      63796473 
 1315      6E00
 1316              	.LASF2:
 1317 008f 756E7369 		.ascii	"unsigned char\000"
 1317      676E6564 
 1317      20636861 
 1317      7200
 1318              	.LASF39:
 1319 009d 474E5520 		.ascii	"GNU C11 5.4.1 20160609 (release) [ARM/embedded-5-br"
 1319      43313120 
 1319      352E342E 
ARM GAS  C:\Users\Jacob\AppData\Local\Temp\ccXg4Uud.s 			page 26


 1319      31203230 
 1319      31363036 
 1320 00d0 616E6368 		.ascii	"anch revision 237715] -mcpu=cortex-m3 -mthumb -g -O"
 1320      20726576 
 1320      6973696F 
 1320      6E203233 
 1320      37373135 
 1321 0103 67202D66 		.ascii	"g -ffunction-sections -ffat-lto-objects\000"
 1321      66756E63 
 1321      74696F6E 
 1321      2D736563 
 1321      74696F6E 
 1322              	.LASF25:
 1323 012b 6D696E5F 		.ascii	"min_angle\000"
 1323      616E676C 
 1323      6500
 1324              	.LASF6:
 1325 0135 6C6F6E67 		.ascii	"long unsigned int\000"
 1325      20756E73 
 1325      69676E65 
 1325      6420696E 
 1325      7400
 1326              	.LASF4:
 1327 0147 73686F72 		.ascii	"short unsigned int\000"
 1327      7420756E 
 1327      7369676E 
 1327      65642069 
 1327      6E7400
 1328              	.LASF28:
 1329 015a 616E676C 		.ascii	"angle\000"
 1329      6500
 1330              	.LASF21:
 1331 0160 77726974 		.ascii	"write\000"
 1331      6500
 1332              	.LASF26:
 1333 0166 74686574 		.ascii	"theta1\000"
 1333      613100
 1334              	.LASF27:
 1335 016d 74686574 		.ascii	"theta2\000"
 1335      613200
 1336              	.LASF43:
 1337 0174 63616C69 		.ascii	"calibrateServos\000"
 1337      62726174 
 1337      65536572 
 1337      766F7300 
 1338              	.LASF12:
 1339 0184 646F7562 		.ascii	"double\000"
 1339      6C6500
 1340              	.LASF22:
 1341 018b 6D61785F 		.ascii	"max_comp\000"
 1341      636F6D70 
 1341      00
 1342              	.LASF29:
 1343 0194 6D61696E 		.ascii	"main\000"
 1343      00
 1344              	.LASF32:
 1345 0199 49544D5F 		.ascii	"ITM_RxBuffer\000"
ARM GAS  C:\Users\Jacob\AppData\Local\Temp\ccXg4Uud.s 			page 27


 1345      52784275 
 1345      66666572 
 1345      00
 1346              	.LASF38:
 1347 01a6 696E6974 		.ascii	"initializeServos\000"
 1347      69616C69 
 1347      7A655365 
 1347      72766F73 
 1347      00
 1348              	.LASF9:
 1349 01b7 756E7369 		.ascii	"unsigned int\000"
 1349      676E6564 
 1349      20696E74 
 1349      00
 1350              	.LASF8:
 1351 01c4 6C6F6E67 		.ascii	"long long unsigned int\000"
 1351      206C6F6E 
 1351      6720756E 
 1351      7369676E 
 1351      65642069 
 1352              	.LASF11:
 1353 01db 696E7433 		.ascii	"int32_t\000"
 1353      325F7400 
 1354              	.LASF15:
 1355 01e3 73697A65 		.ascii	"sizetype\000"
 1355      74797065 
 1355      00
 1356              	.LASF19:
 1357 01ec 6D696E41 		.ascii	"minAngle\000"
 1357      6E676C65 
 1357      00
 1358              	.LASF7:
 1359 01f5 6C6F6E67 		.ascii	"long long int\000"
 1359      206C6F6E 
 1359      6720696E 
 1359      7400
 1360              	.LASF40:
 1361 0203 6D61696E 		.ascii	"main.c\000"
 1361      2E6300
 1362              	.LASF13:
 1363 020a 63686172 		.ascii	"char\000"
 1363      00
 1364              	.LASF24:
 1365 020f 6D61785F 		.ascii	"max_angle\000"
 1365      616E676C 
 1365      6500
 1366              	.LASF3:
 1367 0219 73686F72 		.ascii	"short int\000"
 1367      7420696E 
 1367      7400
 1368              	.LASF16:
 1369 0223 6D617843 		.ascii	"maxComp\000"
 1369      6F6D7000 
 1370              	.LASF17:
 1371 022b 6D696E43 		.ascii	"minComp\000"
 1371      6F6D7000 
 1372              	.LASF37:
ARM GAS  C:\Users\Jacob\AppData\Local\Temp\ccXg4Uud.s 			page 28


 1373 0233 53657276 		.ascii	"Servos_WriteCompare2\000"
 1373      6F735F57 
 1373      72697465 
 1373      436F6D70 
 1373      61726532 
 1374              	.LASF5:
 1375 0248 6C6F6E67 		.ascii	"long int\000"
 1375      20696E74 
 1375      00
 1376              	.LASF30:
 1377 0251 76656C6F 		.ascii	"velocity\000"
 1377      63697479 
 1377      00
 1378              	.LASF14:
 1379 025a 6C6F6E67 		.ascii	"long double\000"
 1379      20646F75 
 1379      626C6500 
 1380              	.LASF1:
 1381 0266 7369676E 		.ascii	"signed char\000"
 1381      65642063 
 1381      68617200 
 1382              	.LASF20:
 1383 0272 636F6D70 		.ascii	"compare\000"
 1383      61726500 
 1384              	.LASF23:
 1385 027a 6D696E5F 		.ascii	"min_comp\000"
 1385      636F6D70 
 1385      00
 1386              	.LASF36:
 1387 0283 43794465 		.ascii	"CyDelay\000"
 1387      6C617900 
 1388              		.ident	"GCC: (GNU Tools for ARM Embedded Processors) 5.4.1 20160609 (release) [ARM/embedded-5-bran
