ARM GAS  C:\Users\Jacob\AppData\Local\Temp\ccDFxZHh.s 			page 1


   1              		.syntax unified
   2              		.cpu cortex-m3
   3              		.fpu softvfp
   4              		.eabi_attribute 20, 1
   5              		.eabi_attribute 21, 1
   6              		.eabi_attribute 23, 3
   7              		.eabi_attribute 24, 1
   8              		.eabi_attribute 25, 1
   9              		.eabi_attribute 26, 1
  10              		.eabi_attribute 30, 1
  11              		.eabi_attribute 34, 1
  12              		.eabi_attribute 18, 4
  13              		.thumb
  14              		.syntax unified
  15              		.file	"untitled01.c"
  16              		.text
  17              	.Ltext0:
  18              		.cfi_sections	.debug_frame
  19              		.section	.text.hi,"ax",%progbits
  20              		.align	2
  21              		.global	hi
  22              		.thumb
  23              		.thumb_func
  24              		.type	hi, %function
  25              	hi:
  26              	.LFB63:
  27              		.file 1 "untitled01.c"
   1:untitled01.c  **** /* ========================================
   2:untitled01.c  ****  *
   3:untitled01.c  ****  * Copyright YOUR COMPANY, THE YEAR
   4:untitled01.c  ****  * All Rights Reserved
   5:untitled01.c  ****  * UNPUBLISHED, LICENSED SOFTWARE.
   6:untitled01.c  ****  *
   7:untitled01.c  ****  * CONFIDENTIAL AND PROPRIETARY INFORMATION
   8:untitled01.c  ****  * WHICH IS THE PROPERTY OF your company.
   9:untitled01.c  ****  *
  10:untitled01.c  ****  * ========================================
  11:untitled01.c  **** */
  12:untitled01.c  **** #include <main.h>
  13:untitled01.c  **** 
  14:untitled01.c  **** void hi(){
  28              		.loc 1 14 0
  29              		.cfi_startproc
  30              		@ args = 0, pretend = 0, frame = 0
  31              		@ frame_needed = 0, uses_anonymous_args = 0
  32              		@ link register save eliminated.
  15:untitled01.c  ****     a=2;
  33              		.loc 1 15 0
  34 0000 0222     		movs	r2, #2
  35 0002 014B     		ldr	r3, .L2
  36 0004 1A60     		str	r2, [r3]
  37 0006 7047     		bx	lr
  38              	.L3:
  39              		.align	2
  40              	.L2:
  41 0008 00000000 		.word	a
  42              		.cfi_endproc
ARM GAS  C:\Users\Jacob\AppData\Local\Temp\ccDFxZHh.s 			page 2


  43              	.LFE63:
  44              		.size	hi, .-hi
  45              		.section	.text.initializeServos,"ax",%progbits
  46              		.align	2
  47              		.global	initializeServos
  48              		.thumb
  49              		.thumb_func
  50              		.type	initializeServos, %function
  51              	initializeServos:
  52              	.LFB64:
  16:untitled01.c  **** }
  17:untitled01.c  **** void initializeServos(){
  53              		.loc 1 17 0
  54              		.cfi_startproc
  55              		@ args = 0, pretend = 0, frame = 0
  56              		@ frame_needed = 0, uses_anonymous_args = 0
  57 0000 08B5     		push	{r3, lr}
  58              		.cfi_def_cfa_offset 8
  59              		.cfi_offset 3, -8
  60              		.cfi_offset 14, -4
  18:untitled01.c  ****     
  19:untitled01.c  ****     Servos_Start();
  61              		.loc 1 19 0
  62 0002 FFF7FEFF 		bl	Servos_Start
  63              	.LVL0:
  20:untitled01.c  ****     
  21:untitled01.c  ****     BottomServo.minComp = 1600;
  64              		.loc 1 21 0
  65 0006 0C4B     		ldr	r3, .L6
  66 0008 4FF4C862 		mov	r2, #1600
  67 000c 5A60     		str	r2, [r3, #4]
  22:untitled01.c  ****     BottomServo.maxComp = 6450;
  68              		.loc 1 22 0
  69 000e 41F63212 		movw	r2, #6450
  70 0012 1A60     		str	r2, [r3]
  23:untitled01.c  ****     BottomServo.minAngle = 0.0;
  71              		.loc 1 23 0
  72 0014 0021     		movs	r1, #0
  73 0016 D960     		str	r1, [r3, #12]	@ float
  24:untitled01.c  ****     BottomServo.maxAngle = 180.0;
  74              		.loc 1 24 0
  75 0018 084A     		ldr	r2, .L6+4
  76 001a 9A60     		str	r2, [r3, #8]	@ float
  25:untitled01.c  ****     BottomServo.write = Servos_WriteCompare1;
  77              		.loc 1 25 0
  78 001c 0848     		ldr	r0, .L6+8
  79 001e 5861     		str	r0, [r3, #20]
  26:untitled01.c  ****     
  27:untitled01.c  ****     TopServo.minComp = 2050;
  80              		.loc 1 27 0
  81 0020 084B     		ldr	r3, .L6+12
  82 0022 40F60200 		movw	r0, #2050
  83 0026 5860     		str	r0, [r3, #4]
  28:untitled01.c  ****     TopServo.maxComp = 6750;
  84              		.loc 1 28 0
  85 0028 41F65E20 		movw	r0, #6750
  86 002c 1860     		str	r0, [r3]
ARM GAS  C:\Users\Jacob\AppData\Local\Temp\ccDFxZHh.s 			page 3


  29:untitled01.c  ****     TopServo.minAngle = 0.0;
  87              		.loc 1 29 0
  88 002e D960     		str	r1, [r3, #12]	@ float
  30:untitled01.c  ****     TopServo.maxAngle = 180.0;
  89              		.loc 1 30 0
  90 0030 9A60     		str	r2, [r3, #8]	@ float
  31:untitled01.c  ****     TopServo.write = Servos_WriteCompare2;
  91              		.loc 1 31 0
  92 0032 054A     		ldr	r2, .L6+16
  93 0034 5A61     		str	r2, [r3, #20]
  94 0036 08BD     		pop	{r3, pc}
  95              	.L7:
  96              		.align	2
  97              	.L6:
  98 0038 00000000 		.word	BottomServo
  99 003c 00003443 		.word	1127481344
 100 0040 00000000 		.word	Servos_WriteCompare1
 101 0044 00000000 		.word	TopServo
 102 0048 00000000 		.word	Servos_WriteCompare2
 103              		.cfi_endproc
 104              	.LFE64:
 105              		.size	initializeServos, .-initializeServos
 106              		.global	__aeabi_fsub
 107              		.global	__aeabi_i2f
 108              		.global	__aeabi_fdiv
 109              		.global	__aeabi_fmul
 110              		.global	__aeabi_fadd
 111              		.global	__aeabi_f2iz
 112              		.section	.text.getCompare,"ax",%progbits
 113              		.align	2
 114              		.global	getCompare
 115              		.thumb
 116              		.thumb_func
 117              		.type	getCompare, %function
 118              	getCompare:
 119              	.LFB65:
  32:untitled01.c  **** }
  33:untitled01.c  **** 
  34:untitled01.c  **** int getCompare(struct Servo s, float angle){
 120              		.loc 1 34 0
 121              		.cfi_startproc
 122              		@ args = 28, pretend = 16, frame = 0
 123              		@ frame_needed = 0, uses_anonymous_args = 0
 124              	.LVL1:
 125 0000 84B0     		sub	sp, sp, #16
 126              		.cfi_def_cfa_offset 16
 127 0002 F8B5     		push	{r3, r4, r5, r6, r7, lr}
 128              		.cfi_def_cfa_offset 40
 129              		.cfi_offset 3, -40
 130              		.cfi_offset 4, -36
 131              		.cfi_offset 5, -32
 132              		.cfi_offset 6, -28
 133              		.cfi_offset 7, -24
 134              		.cfi_offset 14, -20
 135 0004 06AC     		add	r4, sp, #24
 136 0006 84E80F00 		stmia	r4, {r0, r1, r2, r3}
  35:untitled01.c  ****     s.compare = (s.maxComp-s.minComp)/(s.maxAngle-s.minAngle)*(angle-s.minAngle) + s.minComp;
ARM GAS  C:\Users\Jacob\AppData\Local\Temp\ccDFxZHh.s 			page 4


 137              		.loc 1 35 0
 138 000a 079C     		ldr	r4, [sp, #28]
 139 000c 071B     		subs	r7, r0, r4
 140 000e 099D     		ldr	r5, [sp, #36]	@ float
 141 0010 2946     		mov	r1, r5
 142 0012 0898     		ldr	r0, [sp, #32]	@ float
 143 0014 FFF7FEFF 		bl	__aeabi_fsub
 144              	.LVL2:
 145 0018 0646     		mov	r6, r0
 146 001a 3846     		mov	r0, r7
 147 001c FFF7FEFF 		bl	__aeabi_i2f
 148              	.LVL3:
 149 0020 3146     		mov	r1, r6
 150 0022 FFF7FEFF 		bl	__aeabi_fdiv
 151              	.LVL4:
 152 0026 0646     		mov	r6, r0
 153 0028 2946     		mov	r1, r5
 154 002a 0C98     		ldr	r0, [sp, #48]	@ float
 155 002c FFF7FEFF 		bl	__aeabi_fsub
 156              	.LVL5:
 157 0030 0146     		mov	r1, r0
 158 0032 3046     		mov	r0, r6
 159 0034 FFF7FEFF 		bl	__aeabi_fmul
 160              	.LVL6:
 161 0038 0546     		mov	r5, r0
 162 003a 2046     		mov	r0, r4
 163 003c FFF7FEFF 		bl	__aeabi_i2f
 164              	.LVL7:
 165 0040 2946     		mov	r1, r5
 166 0042 FFF7FEFF 		bl	__aeabi_fadd
 167              	.LVL8:
 168 0046 FFF7FEFF 		bl	__aeabi_f2iz
 169              	.LVL9:
  36:untitled01.c  ****     return s.compare;
  37:untitled01.c  **** }
 170              		.loc 1 37 0
 171 004a BDE8F840 		pop	{r3, r4, r5, r6, r7, lr}
 172              		.cfi_restore 14
 173              		.cfi_restore 7
 174              		.cfi_restore 6
 175              		.cfi_restore 5
 176              		.cfi_restore 4
 177              		.cfi_restore 3
 178              		.cfi_def_cfa_offset 16
 179 004e 04B0     		add	sp, sp, #16
 180              		.cfi_def_cfa_offset 0
 181 0050 7047     		bx	lr
 182              		.cfi_endproc
 183              	.LFE65:
 184              		.size	getCompare, .-getCompare
 185 0052 00BF     		.section	.text.moveServo,"ax",%progbits
 186              		.align	2
 187              		.global	moveServo
 188              		.thumb
 189              		.thumb_func
 190              		.type	moveServo, %function
 191              	moveServo:
ARM GAS  C:\Users\Jacob\AppData\Local\Temp\ccDFxZHh.s 			page 5


 192              	.LFB66:
  38:untitled01.c  **** 
  39:untitled01.c  **** void moveServo(struct Servo s, float angle){
 193              		.loc 1 39 0
 194              		.cfi_startproc
 195              		@ args = 28, pretend = 16, frame = 0
 196              		@ frame_needed = 0, uses_anonymous_args = 0
 197              	.LVL10:
 198 0000 84B0     		sub	sp, sp, #16
 199              		.cfi_def_cfa_offset 16
 200 0002 00B5     		push	{lr}
 201              		.cfi_def_cfa_offset 20
 202              		.cfi_offset 14, -20
 203 0004 85B0     		sub	sp, sp, #20
 204              		.cfi_def_cfa_offset 40
 205 0006 0DF1180E 		add	lr, sp, #24
 206 000a 8EE80F00 		stmia	lr, {r0, r1, r2, r3}
  40:untitled01.c  ****     s.compare = getCompare(s,angle);
 207              		.loc 1 40 0
 208 000e 0C9B     		ldr	r3, [sp, #48]	@ float
 209 0010 0293     		str	r3, [sp, #8]	@ float
 210 0012 0AAB     		add	r3, sp, #40
 211 0014 93E80300 		ldmia	r3, {r0, r1}
 212 0018 8DE80300 		stmia	sp, {r0, r1}
 213 001c 9EE80F00 		ldmia	lr, {r0, r1, r2, r3}
 214 0020 FFF7FEFF 		bl	getCompare
 215              	.LVL11:
  41:untitled01.c  ****     s.write(s.compare);
 216              		.loc 1 41 0
 217 0024 80B2     		uxth	r0, r0
 218 0026 0B9B     		ldr	r3, [sp, #44]
 219 0028 9847     		blx	r3
 220              	.LVL12:
  42:untitled01.c  **** }
 221              		.loc 1 42 0
 222 002a 05B0     		add	sp, sp, #20
 223              		.cfi_def_cfa_offset 20
 224              		@ sp needed
 225 002c 5DF804EB 		ldr	lr, [sp], #4
 226              		.cfi_restore 14
 227              		.cfi_def_cfa_offset 16
 228 0030 04B0     		add	sp, sp, #16
 229              		.cfi_def_cfa_offset 0
 230 0032 7047     		bx	lr
 231              		.cfi_endproc
 232              	.LFE66:
 233              		.size	moveServo, .-moveServo
 234              		.comm	TopServo,24,4
 235              		.comm	BottomServo,24,4
 236              		.comm	a,4,4
 237              		.text
 238              	.Letext0:
 239              		.file 2 "c:\\program files (x86)\\cypress\\psoc creator\\4.1\\psoc creator\\import\\gnu\\arm\\5.4.
 240              		.file 3 "c:\\program files (x86)\\cypress\\psoc creator\\4.1\\psoc creator\\import\\gnu\\arm\\5.4.
 241              		.file 4 "./main.h"
 242              		.file 5 "Generated_Source\\PSoC5/core_cm3.h"
 243              		.file 6 "Generated_Source\\PSoC5/Servos.h"
ARM GAS  C:\Users\Jacob\AppData\Local\Temp\ccDFxZHh.s 			page 6


 244              		.section	.debug_info,"",%progbits
 245              	.Ldebug_info0:
 246 0000 08020000 		.4byte	0x208
 247 0004 0400     		.2byte	0x4
 248 0006 00000000 		.4byte	.Ldebug_abbrev0
 249 000a 04       		.byte	0x4
 250 000b 01       		.uleb128 0x1
 251 000c A8000000 		.4byte	.LASF28
 252 0010 0C       		.byte	0xc
 253 0011 0C000000 		.4byte	.LASF29
 254 0015 5B000000 		.4byte	.LASF30
 255 0019 00000000 		.4byte	.Ldebug_ranges0+0
 256 001d 00000000 		.4byte	0
 257 0021 00000000 		.4byte	.Ldebug_line0
 258 0025 02       		.uleb128 0x2
 259 0026 04       		.byte	0x4
 260 0027 04       		.byte	0x4
 261 0028 55000000 		.4byte	.LASF0
 262 002c 02       		.uleb128 0x2
 263 002d 01       		.byte	0x1
 264 002e 06       		.byte	0x6
 265 002f 14020000 		.4byte	.LASF1
 266 0033 02       		.uleb128 0x2
 267 0034 01       		.byte	0x1
 268 0035 08       		.byte	0x8
 269 0036 9A000000 		.4byte	.LASF2
 270 003a 02       		.uleb128 0x2
 271 003b 02       		.byte	0x2
 272 003c 05       		.byte	0x5
 273 003d E5010000 		.4byte	.LASF3
 274 0041 02       		.uleb128 0x2
 275 0042 02       		.byte	0x2
 276 0043 07       		.byte	0x7
 277 0044 2C000000 		.4byte	.LASF4
 278 0048 03       		.uleb128 0x3
 279 0049 22000000 		.4byte	.LASF10
 280 004d 02       		.byte	0x2
 281 004e 3F       		.byte	0x3f
 282 004f 53000000 		.4byte	0x53
 283 0053 02       		.uleb128 0x2
 284 0054 04       		.byte	0x4
 285 0055 05       		.byte	0x5
 286 0056 FF010000 		.4byte	.LASF5
 287 005a 02       		.uleb128 0x2
 288 005b 04       		.byte	0x4
 289 005c 07       		.byte	0x7
 290 005d 36010000 		.4byte	.LASF6
 291 0061 02       		.uleb128 0x2
 292 0062 08       		.byte	0x8
 293 0063 05       		.byte	0x5
 294 0064 C1010000 		.4byte	.LASF7
 295 0068 02       		.uleb128 0x2
 296 0069 08       		.byte	0x8
 297 006a 07       		.byte	0x7
 298 006b 86010000 		.4byte	.LASF8
 299 006f 04       		.uleb128 0x4
 300 0070 04       		.byte	0x4
ARM GAS  C:\Users\Jacob\AppData\Local\Temp\ccDFxZHh.s 			page 7


 301 0071 05       		.byte	0x5
 302 0072 696E7400 		.ascii	"int\000"
 303 0076 02       		.uleb128 0x2
 304 0077 04       		.byte	0x4
 305 0078 07       		.byte	0x7
 306 0079 79010000 		.4byte	.LASF9
 307 007d 03       		.uleb128 0x3
 308 007e A7010000 		.4byte	.LASF11
 309 0082 03       		.byte	0x3
 310 0083 2C       		.byte	0x2c
 311 0084 48000000 		.4byte	0x48
 312 0088 02       		.uleb128 0x2
 313 0089 08       		.byte	0x8
 314 008a 04       		.byte	0x4
 315 008b 3F000000 		.4byte	.LASF12
 316 008f 02       		.uleb128 0x2
 317 0090 01       		.byte	0x1
 318 0091 08       		.byte	0x8
 319 0092 E0010000 		.4byte	.LASF13
 320 0096 02       		.uleb128 0x2
 321 0097 08       		.byte	0x8
 322 0098 04       		.byte	0x4
 323 0099 08020000 		.4byte	.LASF14
 324 009d 02       		.uleb128 0x2
 325 009e 04       		.byte	0x4
 326 009f 07       		.byte	0x7
 327 00a0 AF010000 		.4byte	.LASF15
 328 00a4 05       		.uleb128 0x5
 329 00a5 4F000000 		.4byte	.LASF31
 330 00a9 18       		.byte	0x18
 331 00aa 04       		.byte	0x4
 332 00ab 14       		.byte	0x14
 333 00ac F9000000 		.4byte	0xf9
 334 00b0 06       		.uleb128 0x6
 335 00b1 EF010000 		.4byte	.LASF16
 336 00b5 04       		.byte	0x4
 337 00b6 15       		.byte	0x15
 338 00b7 6F000000 		.4byte	0x6f
 339 00bb 00       		.byte	0
 340 00bc 06       		.uleb128 0x6
 341 00bd F7010000 		.4byte	.LASF17
 342 00c1 04       		.byte	0x4
 343 00c2 16       		.byte	0x16
 344 00c3 6F000000 		.4byte	0x6f
 345 00c7 04       		.byte	0x4
 346 00c8 06       		.uleb128 0x6
 347 00c9 19000000 		.4byte	.LASF18
 348 00cd 04       		.byte	0x4
 349 00ce 17       		.byte	0x17
 350 00cf 25000000 		.4byte	0x25
 351 00d3 08       		.byte	0x8
 352 00d4 06       		.uleb128 0x6
 353 00d5 B8010000 		.4byte	.LASF19
 354 00d9 04       		.byte	0x4
 355 00da 18       		.byte	0x18
 356 00db 25000000 		.4byte	0x25
 357 00df 0C       		.byte	0xc
ARM GAS  C:\Users\Jacob\AppData\Local\Temp\ccDFxZHh.s 			page 8


 358 00e0 06       		.uleb128 0x6
 359 00e1 20020000 		.4byte	.LASF20
 360 00e5 04       		.byte	0x4
 361 00e6 19       		.byte	0x19
 362 00e7 6F000000 		.4byte	0x6f
 363 00eb 10       		.byte	0x10
 364 00ec 06       		.uleb128 0x6
 365 00ed 59010000 		.4byte	.LASF21
 366 00f1 04       		.byte	0x4
 367 00f2 1A       		.byte	0x1a
 368 00f3 04010000 		.4byte	0x104
 369 00f7 14       		.byte	0x14
 370 00f8 00       		.byte	0
 371 00f9 07       		.uleb128 0x7
 372 00fa 04010000 		.4byte	0x104
 373 00fe 08       		.uleb128 0x8
 374 00ff 41000000 		.4byte	0x41
 375 0103 00       		.byte	0
 376 0104 09       		.uleb128 0x9
 377 0105 04       		.byte	0x4
 378 0106 F9000000 		.4byte	0xf9
 379 010a 0A       		.uleb128 0xa
 380 010b 686900   		.ascii	"hi\000"
 381 010e 01       		.byte	0x1
 382 010f 0E       		.byte	0xe
 383 0110 00000000 		.4byte	.LFB63
 384 0114 0C000000 		.4byte	.LFE63-.LFB63
 385 0118 01       		.uleb128 0x1
 386 0119 9C       		.byte	0x9c
 387 011a 0B       		.uleb128 0xb
 388 011b CF010000 		.4byte	.LASF23
 389 011f 01       		.byte	0x1
 390 0120 11       		.byte	0x11
 391 0121 00000000 		.4byte	.LFB64
 392 0125 4C000000 		.4byte	.LFE64-.LFB64
 393 0129 01       		.uleb128 0x1
 394 012a 9C       		.byte	0x9c
 395 012b 39010000 		.4byte	0x139
 396 012f 0C       		.uleb128 0xc
 397 0130 06000000 		.4byte	.LVL0
 398 0134 00020000 		.4byte	0x200
 399 0138 00       		.byte	0
 400 0139 0D       		.uleb128 0xd
 401 013a 48010000 		.4byte	.LASF32
 402 013e 01       		.byte	0x1
 403 013f 22       		.byte	0x22
 404 0140 6F000000 		.4byte	0x6f
 405 0144 00000000 		.4byte	.LFB65
 406 0148 52000000 		.4byte	.LFE65-.LFB65
 407 014c 01       		.uleb128 0x1
 408 014d 9C       		.byte	0x9c
 409 014e 6D010000 		.4byte	0x16d
 410 0152 0E       		.uleb128 0xe
 411 0153 7300     		.ascii	"s\000"
 412 0155 01       		.byte	0x1
 413 0156 22       		.byte	0x22
 414 0157 A4000000 		.4byte	0xa4
ARM GAS  C:\Users\Jacob\AppData\Local\Temp\ccDFxZHh.s 			page 9


 415 015b 02       		.uleb128 0x2
 416 015c 91       		.byte	0x91
 417 015d 70       		.sleb128 -16
 418 015e 0F       		.uleb128 0xf
 419 015f 53010000 		.4byte	.LASF22
 420 0163 01       		.byte	0x1
 421 0164 22       		.byte	0x22
 422 0165 25000000 		.4byte	0x25
 423 0169 02       		.uleb128 0x2
 424 016a 91       		.byte	0x91
 425 016b 08       		.sleb128 8
 426 016c 00       		.byte	0
 427 016d 0B       		.uleb128 0xb
 428 016e 9D010000 		.4byte	.LASF24
 429 0172 01       		.byte	0x1
 430 0173 27       		.byte	0x27
 431 0174 00000000 		.4byte	.LFB66
 432 0178 34000000 		.4byte	.LFE66-.LFB66
 433 017c 01       		.uleb128 0x1
 434 017d 9C       		.byte	0x9c
 435 017e BE010000 		.4byte	0x1be
 436 0182 0E       		.uleb128 0xe
 437 0183 7300     		.ascii	"s\000"
 438 0185 01       		.byte	0x1
 439 0186 27       		.byte	0x27
 440 0187 A4000000 		.4byte	0xa4
 441 018b 02       		.uleb128 0x2
 442 018c 91       		.byte	0x91
 443 018d 70       		.sleb128 -16
 444 018e 0F       		.uleb128 0xf
 445 018f 53010000 		.4byte	.LASF22
 446 0193 01       		.byte	0x1
 447 0194 27       		.byte	0x27
 448 0195 25000000 		.4byte	0x25
 449 0199 02       		.uleb128 0x2
 450 019a 91       		.byte	0x91
 451 019b 08       		.sleb128 8
 452 019c 10       		.uleb128 0x10
 453 019d 24000000 		.4byte	.LVL11
 454 01a1 39010000 		.4byte	0x139
 455 01a5 B4010000 		.4byte	0x1b4
 456 01a9 11       		.uleb128 0x11
 457 01aa 02       		.uleb128 0x2
 458 01ab 7D       		.byte	0x7d
 459 01ac 08       		.sleb128 8
 460 01ad 05       		.uleb128 0x5
 461 01ae 91       		.byte	0x91
 462 01af 68       		.sleb128 -24
 463 01b0 F6       		.byte	0xf6
 464 01b1 04       		.byte	0x4
 465 01b2 25       		.uleb128 0x25
 466 01b3 00       		.byte	0
 467 01b4 12       		.uleb128 0x12
 468 01b5 2A000000 		.4byte	.LVL12
 469 01b9 03       		.uleb128 0x3
 470 01ba 91       		.byte	0x91
 471 01bb 64       		.sleb128 -28
ARM GAS  C:\Users\Jacob\AppData\Local\Temp\ccDFxZHh.s 			page 10


 472 01bc 06       		.byte	0x6
 473 01bd 00       		.byte	0
 474 01be 13       		.uleb128 0x13
 475 01bf 5F010000 		.4byte	.LASF25
 476 01c3 05       		.byte	0x5
 477 01c4 1207     		.2byte	0x712
 478 01c6 CA010000 		.4byte	0x1ca
 479 01ca 14       		.uleb128 0x14
 480 01cb 7D000000 		.4byte	0x7d
 481 01cf 15       		.uleb128 0x15
 482 01d0 6100     		.ascii	"a\000"
 483 01d2 04       		.byte	0x4
 484 01d3 12       		.byte	0x12
 485 01d4 6F000000 		.4byte	0x6f
 486 01d8 05       		.uleb128 0x5
 487 01d9 03       		.byte	0x3
 488 01da 00000000 		.4byte	a
 489 01de 16       		.uleb128 0x16
 490 01df 00000000 		.4byte	.LASF26
 491 01e3 04       		.byte	0x4
 492 01e4 1B       		.byte	0x1b
 493 01e5 A4000000 		.4byte	0xa4
 494 01e9 05       		.uleb128 0x5
 495 01ea 03       		.byte	0x3
 496 01eb 00000000 		.4byte	BottomServo
 497 01ef 16       		.uleb128 0x16
 498 01f0 46000000 		.4byte	.LASF27
 499 01f4 04       		.byte	0x4
 500 01f5 1B       		.byte	0x1b
 501 01f6 A4000000 		.4byte	0xa4
 502 01fa 05       		.uleb128 0x5
 503 01fb 03       		.byte	0x3
 504 01fc 00000000 		.4byte	TopServo
 505 0200 17       		.uleb128 0x17
 506 0201 6C010000 		.4byte	.LASF33
 507 0205 6C010000 		.4byte	.LASF33
 508 0209 06       		.byte	0x6
 509 020a 92       		.byte	0x92
 510 020b 00       		.byte	0
 511              		.section	.debug_abbrev,"",%progbits
 512              	.Ldebug_abbrev0:
 513 0000 01       		.uleb128 0x1
 514 0001 11       		.uleb128 0x11
 515 0002 01       		.byte	0x1
 516 0003 25       		.uleb128 0x25
 517 0004 0E       		.uleb128 0xe
 518 0005 13       		.uleb128 0x13
 519 0006 0B       		.uleb128 0xb
 520 0007 03       		.uleb128 0x3
 521 0008 0E       		.uleb128 0xe
 522 0009 1B       		.uleb128 0x1b
 523 000a 0E       		.uleb128 0xe
 524 000b 55       		.uleb128 0x55
 525 000c 17       		.uleb128 0x17
 526 000d 11       		.uleb128 0x11
 527 000e 01       		.uleb128 0x1
 528 000f 10       		.uleb128 0x10
ARM GAS  C:\Users\Jacob\AppData\Local\Temp\ccDFxZHh.s 			page 11


 529 0010 17       		.uleb128 0x17
 530 0011 00       		.byte	0
 531 0012 00       		.byte	0
 532 0013 02       		.uleb128 0x2
 533 0014 24       		.uleb128 0x24
 534 0015 00       		.byte	0
 535 0016 0B       		.uleb128 0xb
 536 0017 0B       		.uleb128 0xb
 537 0018 3E       		.uleb128 0x3e
 538 0019 0B       		.uleb128 0xb
 539 001a 03       		.uleb128 0x3
 540 001b 0E       		.uleb128 0xe
 541 001c 00       		.byte	0
 542 001d 00       		.byte	0
 543 001e 03       		.uleb128 0x3
 544 001f 16       		.uleb128 0x16
 545 0020 00       		.byte	0
 546 0021 03       		.uleb128 0x3
 547 0022 0E       		.uleb128 0xe
 548 0023 3A       		.uleb128 0x3a
 549 0024 0B       		.uleb128 0xb
 550 0025 3B       		.uleb128 0x3b
 551 0026 0B       		.uleb128 0xb
 552 0027 49       		.uleb128 0x49
 553 0028 13       		.uleb128 0x13
 554 0029 00       		.byte	0
 555 002a 00       		.byte	0
 556 002b 04       		.uleb128 0x4
 557 002c 24       		.uleb128 0x24
 558 002d 00       		.byte	0
 559 002e 0B       		.uleb128 0xb
 560 002f 0B       		.uleb128 0xb
 561 0030 3E       		.uleb128 0x3e
 562 0031 0B       		.uleb128 0xb
 563 0032 03       		.uleb128 0x3
 564 0033 08       		.uleb128 0x8
 565 0034 00       		.byte	0
 566 0035 00       		.byte	0
 567 0036 05       		.uleb128 0x5
 568 0037 13       		.uleb128 0x13
 569 0038 01       		.byte	0x1
 570 0039 03       		.uleb128 0x3
 571 003a 0E       		.uleb128 0xe
 572 003b 0B       		.uleb128 0xb
 573 003c 0B       		.uleb128 0xb
 574 003d 3A       		.uleb128 0x3a
 575 003e 0B       		.uleb128 0xb
 576 003f 3B       		.uleb128 0x3b
 577 0040 0B       		.uleb128 0xb
 578 0041 01       		.uleb128 0x1
 579 0042 13       		.uleb128 0x13
 580 0043 00       		.byte	0
 581 0044 00       		.byte	0
 582 0045 06       		.uleb128 0x6
 583 0046 0D       		.uleb128 0xd
 584 0047 00       		.byte	0
 585 0048 03       		.uleb128 0x3
ARM GAS  C:\Users\Jacob\AppData\Local\Temp\ccDFxZHh.s 			page 12


 586 0049 0E       		.uleb128 0xe
 587 004a 3A       		.uleb128 0x3a
 588 004b 0B       		.uleb128 0xb
 589 004c 3B       		.uleb128 0x3b
 590 004d 0B       		.uleb128 0xb
 591 004e 49       		.uleb128 0x49
 592 004f 13       		.uleb128 0x13
 593 0050 38       		.uleb128 0x38
 594 0051 0B       		.uleb128 0xb
 595 0052 00       		.byte	0
 596 0053 00       		.byte	0
 597 0054 07       		.uleb128 0x7
 598 0055 15       		.uleb128 0x15
 599 0056 01       		.byte	0x1
 600 0057 27       		.uleb128 0x27
 601 0058 19       		.uleb128 0x19
 602 0059 01       		.uleb128 0x1
 603 005a 13       		.uleb128 0x13
 604 005b 00       		.byte	0
 605 005c 00       		.byte	0
 606 005d 08       		.uleb128 0x8
 607 005e 05       		.uleb128 0x5
 608 005f 00       		.byte	0
 609 0060 49       		.uleb128 0x49
 610 0061 13       		.uleb128 0x13
 611 0062 00       		.byte	0
 612 0063 00       		.byte	0
 613 0064 09       		.uleb128 0x9
 614 0065 0F       		.uleb128 0xf
 615 0066 00       		.byte	0
 616 0067 0B       		.uleb128 0xb
 617 0068 0B       		.uleb128 0xb
 618 0069 49       		.uleb128 0x49
 619 006a 13       		.uleb128 0x13
 620 006b 00       		.byte	0
 621 006c 00       		.byte	0
 622 006d 0A       		.uleb128 0xa
 623 006e 2E       		.uleb128 0x2e
 624 006f 00       		.byte	0
 625 0070 3F       		.uleb128 0x3f
 626 0071 19       		.uleb128 0x19
 627 0072 03       		.uleb128 0x3
 628 0073 08       		.uleb128 0x8
 629 0074 3A       		.uleb128 0x3a
 630 0075 0B       		.uleb128 0xb
 631 0076 3B       		.uleb128 0x3b
 632 0077 0B       		.uleb128 0xb
 633 0078 11       		.uleb128 0x11
 634 0079 01       		.uleb128 0x1
 635 007a 12       		.uleb128 0x12
 636 007b 06       		.uleb128 0x6
 637 007c 40       		.uleb128 0x40
 638 007d 18       		.uleb128 0x18
 639 007e 9742     		.uleb128 0x2117
 640 0080 19       		.uleb128 0x19
 641 0081 00       		.byte	0
 642 0082 00       		.byte	0
ARM GAS  C:\Users\Jacob\AppData\Local\Temp\ccDFxZHh.s 			page 13


 643 0083 0B       		.uleb128 0xb
 644 0084 2E       		.uleb128 0x2e
 645 0085 01       		.byte	0x1
 646 0086 3F       		.uleb128 0x3f
 647 0087 19       		.uleb128 0x19
 648 0088 03       		.uleb128 0x3
 649 0089 0E       		.uleb128 0xe
 650 008a 3A       		.uleb128 0x3a
 651 008b 0B       		.uleb128 0xb
 652 008c 3B       		.uleb128 0x3b
 653 008d 0B       		.uleb128 0xb
 654 008e 27       		.uleb128 0x27
 655 008f 19       		.uleb128 0x19
 656 0090 11       		.uleb128 0x11
 657 0091 01       		.uleb128 0x1
 658 0092 12       		.uleb128 0x12
 659 0093 06       		.uleb128 0x6
 660 0094 40       		.uleb128 0x40
 661 0095 18       		.uleb128 0x18
 662 0096 9742     		.uleb128 0x2117
 663 0098 19       		.uleb128 0x19
 664 0099 01       		.uleb128 0x1
 665 009a 13       		.uleb128 0x13
 666 009b 00       		.byte	0
 667 009c 00       		.byte	0
 668 009d 0C       		.uleb128 0xc
 669 009e 898201   		.uleb128 0x4109
 670 00a1 00       		.byte	0
 671 00a2 11       		.uleb128 0x11
 672 00a3 01       		.uleb128 0x1
 673 00a4 31       		.uleb128 0x31
 674 00a5 13       		.uleb128 0x13
 675 00a6 00       		.byte	0
 676 00a7 00       		.byte	0
 677 00a8 0D       		.uleb128 0xd
 678 00a9 2E       		.uleb128 0x2e
 679 00aa 01       		.byte	0x1
 680 00ab 3F       		.uleb128 0x3f
 681 00ac 19       		.uleb128 0x19
 682 00ad 03       		.uleb128 0x3
 683 00ae 0E       		.uleb128 0xe
 684 00af 3A       		.uleb128 0x3a
 685 00b0 0B       		.uleb128 0xb
 686 00b1 3B       		.uleb128 0x3b
 687 00b2 0B       		.uleb128 0xb
 688 00b3 27       		.uleb128 0x27
 689 00b4 19       		.uleb128 0x19
 690 00b5 49       		.uleb128 0x49
 691 00b6 13       		.uleb128 0x13
 692 00b7 11       		.uleb128 0x11
 693 00b8 01       		.uleb128 0x1
 694 00b9 12       		.uleb128 0x12
 695 00ba 06       		.uleb128 0x6
 696 00bb 40       		.uleb128 0x40
 697 00bc 18       		.uleb128 0x18
 698 00bd 9642     		.uleb128 0x2116
 699 00bf 19       		.uleb128 0x19
ARM GAS  C:\Users\Jacob\AppData\Local\Temp\ccDFxZHh.s 			page 14


 700 00c0 01       		.uleb128 0x1
 701 00c1 13       		.uleb128 0x13
 702 00c2 00       		.byte	0
 703 00c3 00       		.byte	0
 704 00c4 0E       		.uleb128 0xe
 705 00c5 05       		.uleb128 0x5
 706 00c6 00       		.byte	0
 707 00c7 03       		.uleb128 0x3
 708 00c8 08       		.uleb128 0x8
 709 00c9 3A       		.uleb128 0x3a
 710 00ca 0B       		.uleb128 0xb
 711 00cb 3B       		.uleb128 0x3b
 712 00cc 0B       		.uleb128 0xb
 713 00cd 49       		.uleb128 0x49
 714 00ce 13       		.uleb128 0x13
 715 00cf 02       		.uleb128 0x2
 716 00d0 18       		.uleb128 0x18
 717 00d1 00       		.byte	0
 718 00d2 00       		.byte	0
 719 00d3 0F       		.uleb128 0xf
 720 00d4 05       		.uleb128 0x5
 721 00d5 00       		.byte	0
 722 00d6 03       		.uleb128 0x3
 723 00d7 0E       		.uleb128 0xe
 724 00d8 3A       		.uleb128 0x3a
 725 00d9 0B       		.uleb128 0xb
 726 00da 3B       		.uleb128 0x3b
 727 00db 0B       		.uleb128 0xb
 728 00dc 49       		.uleb128 0x49
 729 00dd 13       		.uleb128 0x13
 730 00de 02       		.uleb128 0x2
 731 00df 18       		.uleb128 0x18
 732 00e0 00       		.byte	0
 733 00e1 00       		.byte	0
 734 00e2 10       		.uleb128 0x10
 735 00e3 898201   		.uleb128 0x4109
 736 00e6 01       		.byte	0x1
 737 00e7 11       		.uleb128 0x11
 738 00e8 01       		.uleb128 0x1
 739 00e9 31       		.uleb128 0x31
 740 00ea 13       		.uleb128 0x13
 741 00eb 01       		.uleb128 0x1
 742 00ec 13       		.uleb128 0x13
 743 00ed 00       		.byte	0
 744 00ee 00       		.byte	0
 745 00ef 11       		.uleb128 0x11
 746 00f0 8A8201   		.uleb128 0x410a
 747 00f3 00       		.byte	0
 748 00f4 02       		.uleb128 0x2
 749 00f5 18       		.uleb128 0x18
 750 00f6 9142     		.uleb128 0x2111
 751 00f8 18       		.uleb128 0x18
 752 00f9 00       		.byte	0
 753 00fa 00       		.byte	0
 754 00fb 12       		.uleb128 0x12
 755 00fc 898201   		.uleb128 0x4109
 756 00ff 00       		.byte	0
ARM GAS  C:\Users\Jacob\AppData\Local\Temp\ccDFxZHh.s 			page 15


 757 0100 11       		.uleb128 0x11
 758 0101 01       		.uleb128 0x1
 759 0102 9342     		.uleb128 0x2113
 760 0104 18       		.uleb128 0x18
 761 0105 00       		.byte	0
 762 0106 00       		.byte	0
 763 0107 13       		.uleb128 0x13
 764 0108 34       		.uleb128 0x34
 765 0109 00       		.byte	0
 766 010a 03       		.uleb128 0x3
 767 010b 0E       		.uleb128 0xe
 768 010c 3A       		.uleb128 0x3a
 769 010d 0B       		.uleb128 0xb
 770 010e 3B       		.uleb128 0x3b
 771 010f 05       		.uleb128 0x5
 772 0110 49       		.uleb128 0x49
 773 0111 13       		.uleb128 0x13
 774 0112 3F       		.uleb128 0x3f
 775 0113 19       		.uleb128 0x19
 776 0114 3C       		.uleb128 0x3c
 777 0115 19       		.uleb128 0x19
 778 0116 00       		.byte	0
 779 0117 00       		.byte	0
 780 0118 14       		.uleb128 0x14
 781 0119 35       		.uleb128 0x35
 782 011a 00       		.byte	0
 783 011b 49       		.uleb128 0x49
 784 011c 13       		.uleb128 0x13
 785 011d 00       		.byte	0
 786 011e 00       		.byte	0
 787 011f 15       		.uleb128 0x15
 788 0120 34       		.uleb128 0x34
 789 0121 00       		.byte	0
 790 0122 03       		.uleb128 0x3
 791 0123 08       		.uleb128 0x8
 792 0124 3A       		.uleb128 0x3a
 793 0125 0B       		.uleb128 0xb
 794 0126 3B       		.uleb128 0x3b
 795 0127 0B       		.uleb128 0xb
 796 0128 49       		.uleb128 0x49
 797 0129 13       		.uleb128 0x13
 798 012a 3F       		.uleb128 0x3f
 799 012b 19       		.uleb128 0x19
 800 012c 02       		.uleb128 0x2
 801 012d 18       		.uleb128 0x18
 802 012e 00       		.byte	0
 803 012f 00       		.byte	0
 804 0130 16       		.uleb128 0x16
 805 0131 34       		.uleb128 0x34
 806 0132 00       		.byte	0
 807 0133 03       		.uleb128 0x3
 808 0134 0E       		.uleb128 0xe
 809 0135 3A       		.uleb128 0x3a
 810 0136 0B       		.uleb128 0xb
 811 0137 3B       		.uleb128 0x3b
 812 0138 0B       		.uleb128 0xb
 813 0139 49       		.uleb128 0x49
ARM GAS  C:\Users\Jacob\AppData\Local\Temp\ccDFxZHh.s 			page 16


 814 013a 13       		.uleb128 0x13
 815 013b 3F       		.uleb128 0x3f
 816 013c 19       		.uleb128 0x19
 817 013d 02       		.uleb128 0x2
 818 013e 18       		.uleb128 0x18
 819 013f 00       		.byte	0
 820 0140 00       		.byte	0
 821 0141 17       		.uleb128 0x17
 822 0142 2E       		.uleb128 0x2e
 823 0143 00       		.byte	0
 824 0144 3F       		.uleb128 0x3f
 825 0145 19       		.uleb128 0x19
 826 0146 3C       		.uleb128 0x3c
 827 0147 19       		.uleb128 0x19
 828 0148 6E       		.uleb128 0x6e
 829 0149 0E       		.uleb128 0xe
 830 014a 03       		.uleb128 0x3
 831 014b 0E       		.uleb128 0xe
 832 014c 3A       		.uleb128 0x3a
 833 014d 0B       		.uleb128 0xb
 834 014e 3B       		.uleb128 0x3b
 835 014f 0B       		.uleb128 0xb
 836 0150 00       		.byte	0
 837 0151 00       		.byte	0
 838 0152 00       		.byte	0
 839              		.section	.debug_aranges,"",%progbits
 840 0000 34000000 		.4byte	0x34
 841 0004 0200     		.2byte	0x2
 842 0006 00000000 		.4byte	.Ldebug_info0
 843 000a 04       		.byte	0x4
 844 000b 00       		.byte	0
 845 000c 0000     		.2byte	0
 846 000e 0000     		.2byte	0
 847 0010 00000000 		.4byte	.LFB63
 848 0014 0C000000 		.4byte	.LFE63-.LFB63
 849 0018 00000000 		.4byte	.LFB64
 850 001c 4C000000 		.4byte	.LFE64-.LFB64
 851 0020 00000000 		.4byte	.LFB65
 852 0024 52000000 		.4byte	.LFE65-.LFB65
 853 0028 00000000 		.4byte	.LFB66
 854 002c 34000000 		.4byte	.LFE66-.LFB66
 855 0030 00000000 		.4byte	0
 856 0034 00000000 		.4byte	0
 857              		.section	.debug_ranges,"",%progbits
 858              	.Ldebug_ranges0:
 859 0000 00000000 		.4byte	.LFB63
 860 0004 0C000000 		.4byte	.LFE63
 861 0008 00000000 		.4byte	.LFB64
 862 000c 4C000000 		.4byte	.LFE64
 863 0010 00000000 		.4byte	.LFB65
 864 0014 52000000 		.4byte	.LFE65
 865 0018 00000000 		.4byte	.LFB66
 866 001c 34000000 		.4byte	.LFE66
 867 0020 00000000 		.4byte	0
 868 0024 00000000 		.4byte	0
 869              		.section	.debug_line,"",%progbits
 870              	.Ldebug_line0:
ARM GAS  C:\Users\Jacob\AppData\Local\Temp\ccDFxZHh.s 			page 17


 871 0000 B1010000 		.section	.debug_str,"MS",%progbits,1
 871      02005D01 
 871      00000201 
 871      FB0E0D00 
 871      01010101 
 872              	.LASF26:
 873 0000 426F7474 		.ascii	"BottomServo\000"
 873      6F6D5365 
 873      72766F00 
 874              	.LASF29:
 875 000c 756E7469 		.ascii	"untitled01.c\000"
 875      746C6564 
 875      30312E63 
 875      00
 876              	.LASF18:
 877 0019 6D617841 		.ascii	"maxAngle\000"
 877      6E676C65 
 877      00
 878              	.LASF10:
 879 0022 5F5F696E 		.ascii	"__int32_t\000"
 879      7433325F 
 879      7400
 880              	.LASF4:
 881 002c 73686F72 		.ascii	"short unsigned int\000"
 881      7420756E 
 881      7369676E 
 881      65642069 
 881      6E7400
 882              	.LASF12:
 883 003f 646F7562 		.ascii	"double\000"
 883      6C6500
 884              	.LASF27:
 885 0046 546F7053 		.ascii	"TopServo\000"
 885      6572766F 
 885      00
 886              	.LASF31:
 887 004f 53657276 		.ascii	"Servo\000"
 887      6F00
 888              	.LASF0:
 889 0055 666C6F61 		.ascii	"float\000"
 889      7400
 890              	.LASF30:
 891 005b 433A5C55 		.ascii	"C:\\Users\\Jacob\\Documents\\Junior\\EGR 456\\EGR45"
 891      73657273 
 891      5C4A6163 
 891      6F625C44 
 891      6F63756D 
 892 0088 365C6A61 		.ascii	"6\\jacobian2.cydsn\000"
 892      636F6269 
 892      616E322E 
 892      63796473 
 892      6E00
 893              	.LASF2:
 894 009a 756E7369 		.ascii	"unsigned char\000"
 894      676E6564 
 894      20636861 
 894      7200
ARM GAS  C:\Users\Jacob\AppData\Local\Temp\ccDFxZHh.s 			page 18


 895              	.LASF28:
 896 00a8 474E5520 		.ascii	"GNU C11 5.4.1 20160609 (release) [ARM/embedded-5-br"
 896      43313120 
 896      352E342E 
 896      31203230 
 896      31363036 
 897 00db 616E6368 		.ascii	"anch revision 237715] -mcpu=cortex-m3 -mthumb -g -O"
 897      20726576 
 897      6973696F 
 897      6E203233 
 897      37373135 
 898 010e 67202D66 		.ascii	"g -ffunction-sections -ffat-lto-objects\000"
 898      66756E63 
 898      74696F6E 
 898      2D736563 
 898      74696F6E 
 899              	.LASF6:
 900 0136 6C6F6E67 		.ascii	"long unsigned int\000"
 900      20756E73 
 900      69676E65 
 900      6420696E 
 900      7400
 901              	.LASF32:
 902 0148 67657443 		.ascii	"getCompare\000"
 902      6F6D7061 
 902      726500
 903              	.LASF22:
 904 0153 616E676C 		.ascii	"angle\000"
 904      6500
 905              	.LASF21:
 906 0159 77726974 		.ascii	"write\000"
 906      6500
 907              	.LASF25:
 908 015f 49544D5F 		.ascii	"ITM_RxBuffer\000"
 908      52784275 
 908      66666572 
 908      00
 909              	.LASF33:
 910 016c 53657276 		.ascii	"Servos_Start\000"
 910      6F735F53 
 910      74617274 
 910      00
 911              	.LASF9:
 912 0179 756E7369 		.ascii	"unsigned int\000"
 912      676E6564 
 912      20696E74 
 912      00
 913              	.LASF8:
 914 0186 6C6F6E67 		.ascii	"long long unsigned int\000"
 914      206C6F6E 
 914      6720756E 
 914      7369676E 
 914      65642069 
 915              	.LASF24:
 916 019d 6D6F7665 		.ascii	"moveServo\000"
 916      53657276 
 916      6F00
ARM GAS  C:\Users\Jacob\AppData\Local\Temp\ccDFxZHh.s 			page 19


 917              	.LASF11:
 918 01a7 696E7433 		.ascii	"int32_t\000"
 918      325F7400 
 919              	.LASF15:
 920 01af 73697A65 		.ascii	"sizetype\000"
 920      74797065 
 920      00
 921              	.LASF19:
 922 01b8 6D696E41 		.ascii	"minAngle\000"
 922      6E676C65 
 922      00
 923              	.LASF7:
 924 01c1 6C6F6E67 		.ascii	"long long int\000"
 924      206C6F6E 
 924      6720696E 
 924      7400
 925              	.LASF23:
 926 01cf 696E6974 		.ascii	"initializeServos\000"
 926      69616C69 
 926      7A655365 
 926      72766F73 
 926      00
 927              	.LASF13:
 928 01e0 63686172 		.ascii	"char\000"
 928      00
 929              	.LASF3:
 930 01e5 73686F72 		.ascii	"short int\000"
 930      7420696E 
 930      7400
 931              	.LASF16:
 932 01ef 6D617843 		.ascii	"maxComp\000"
 932      6F6D7000 
 933              	.LASF17:
 934 01f7 6D696E43 		.ascii	"minComp\000"
 934      6F6D7000 
 935              	.LASF5:
 936 01ff 6C6F6E67 		.ascii	"long int\000"
 936      20696E74 
 936      00
 937              	.LASF14:
 938 0208 6C6F6E67 		.ascii	"long double\000"
 938      20646F75 
 938      626C6500 
 939              	.LASF1:
 940 0214 7369676E 		.ascii	"signed char\000"
 940      65642063 
 940      68617200 
 941              	.LASF20:
 942 0220 636F6D70 		.ascii	"compare\000"
 942      61726500 
 943              		.ident	"GCC: (GNU Tools for ARM Embedded Processors) 5.4.1 20160609 (release) [ARM/embedded-5-bran
