2018-01-09 16:03:41,037 - pynamics.system - INFO - getting dynamic equations
2018-01-09 16:03:41,088 - pynamics.system - INFO - solving a = f/m and creating function
2018-01-09 16:03:41,177 - pynamics.system - INFO - done solving a = f/m and creating function
2018-01-09 16:03:41,177 - pynamics.integration - INFO - beginning integration
2018-01-09 16:03:41,177 - pynamics.system - INFO - integration at time 0000.00
2018-01-09 16:03:41,588 - pynamics.system - INFO - integration at time 0000.46
2018-01-09 16:03:41,838 - pynamics.system - INFO - integration at time 0000.46
2018-01-09 16:03:42,108 - pynamics.system - INFO - integration at time 0000.48
2018-01-09 16:03:42,368 - pynamics.system - INFO - integration at time 0000.54
2018-01-09 16:03:42,628 - pynamics.system - INFO - integration at time 0000.55
2018-01-09 16:03:42,868 - pynamics.system - INFO - integration at time 0001.36
2018-01-09 16:03:43,138 - pynamics.system - INFO - integration at time 0001.38
2018-01-09 16:03:43,378 - pynamics.system - INFO - integration at time 0001.38
2018-01-09 16:03:43,618 - pynamics.system - INFO - integration at time 0001.39
2018-01-09 16:03:43,888 - pynamics.system - INFO - integration at time 0001.39
2018-01-09 16:03:44,118 - pynamics.system - INFO - integration at time 0001.40
2018-01-09 16:03:44,358 - pynamics.system - INFO - integration at time 0001.40
2018-01-09 16:03:44,608 - pynamics.system - INFO - integration at time 0001.40
2018-01-09 16:03:44,868 - pynamics.system - INFO - integration at time 0001.41
2018-01-09 16:03:45,108 - pynamics.system - INFO - integration at time 0001.41
2018-01-09 16:03:45,348 - pynamics.system - INFO - integration at time 0001.42
2018-01-09 16:03:45,598 - pynamics.system - INFO - integration at time 0001.42
2018-01-09 16:03:45,838 - pynamics.system - INFO - integration at time 0001.43
2018-01-09 16:03:46,098 - pynamics.system - INFO - integration at time 0001.77
2018-01-09 16:03:46,378 - pynamics.system - INFO - integration at time 0001.91
2018-01-09 16:03:46,618 - pynamics.system - INFO - integration at time 0001.94
2018-01-09 16:03:46,888 - pynamics.system - INFO - integration at time 0001.95
2018-01-09 16:03:47,138 - pynamics.system - INFO - integration at time 0001.97
2018-01-09 16:03:47,378 - pynamics.system - INFO - integration at time 0001.97
2018-01-09 16:03:47,618 - pynamics.system - INFO - integration at time 0001.98
2018-01-09 16:03:47,848 - pynamics.system - INFO - integration at time 0001.99
2018-01-09 16:03:48,088 - pynamics.system - INFO - integration at time 0002.03
2018-01-09 16:03:48,328 - pynamics.system - INFO - integration at time 0002.03
2018-01-09 16:03:48,568 - pynamics.system - INFO - integration at time 0002.06
2018-01-09 16:03:48,808 - pynamics.system - INFO - integration at time 0002.12
2018-01-09 16:03:49,048 - pynamics.system - INFO - integration at time 0002.18
2018-01-09 16:03:49,288 - pynamics.system - INFO - integration at time 0002.20
2018-01-09 16:03:49,528 - pynamics.system - INFO - integration at time 0002.23
2018-01-09 16:03:49,768 - pynamics.system - INFO - integration at time 0002.38
2018-01-09 16:03:50,008 - pynamics.system - INFO - integration at time 0002.42
2018-01-09 16:03:50,248 - pynamics.system - INFO - integration at time 0002.48
2018-01-09 16:03:50,488 - pynamics.system - INFO - integration at time 0002.54
2018-01-09 16:03:50,728 - pynamics.system - INFO - integration at time 0002.58
2018-01-09 16:03:50,968 - pynamics.system - INFO - integration at time 0002.63
2018-01-09 16:03:51,208 - pynamics.system - INFO - integration at time 0002.73
2018-01-09 16:03:51,448 - pynamics.system - INFO - integration at time 0002.84
2018-01-09 16:03:51,688 - pynamics.system - INFO - integration at time 0002.87
2018-01-09 16:03:51,928 - pynamics.system - INFO - integration at time 0002.93
2018-01-09 16:03:52,178 - pynamics.system - INFO - integration at time 0002.99
2018-01-09 16:03:52,418 - pynamics.system - INFO - integration at time 0003.05
2018-01-09 16:03:52,658 - pynamics.system - INFO - integration at time 0003.09
2018-01-09 16:03:52,888 - pynamics.system - INFO - integration at time 0003.22
2018-01-09 16:03:53,128 - pynamics.system - INFO - integration at time 0003.25
2018-01-09 16:03:53,368 - pynamics.system - INFO - integration at time 0003.30
2018-01-09 16:03:53,608 - pynamics.system - INFO - integration at time 0003.31
2018-01-09 16:03:53,848 - pynamics.system - INFO - integration at time 0003.36
2018-01-09 16:03:54,098 - pynamics.system - INFO - integration at time 0003.38
2018-01-09 16:03:54,338 - pynamics.system - INFO - integration at time 0003.40
2018-01-09 16:03:54,578 - pynamics.system - INFO - integration at time 0003.42
2018-01-09 16:03:54,818 - pynamics.system - INFO - integration at time 0003.43
2018-01-09 16:03:55,058 - pynamics.system - INFO - integration at time 0003.46
2018-01-09 16:03:55,298 - pynamics.system - INFO - integration at time 0003.47
2018-01-09 16:03:55,538 - pynamics.system - INFO - integration at time 0003.63
2018-01-09 16:03:55,778 - pynamics.system - INFO - integration at time 0003.67
2018-01-09 16:03:56,018 - pynamics.system - INFO - integration at time 0003.69
2018-01-09 16:03:56,258 - pynamics.system - INFO - integration at time 0003.75
2018-01-09 16:03:56,498 - pynamics.system - INFO - integration at time 0003.80
2018-01-09 16:03:56,748 - pynamics.system - INFO - integration at time 0003.93
2018-01-09 16:03:56,989 - pynamics.system - INFO - integration at time 0003.99
2018-01-09 16:03:57,229 - pynamics.system - INFO - integration at time 0004.01
2018-01-09 16:03:57,469 - pynamics.system - INFO - integration at time 0004.09
2018-01-09 16:03:57,709 - pynamics.system - INFO - integration at time 0004.12
2018-01-09 16:03:57,959 - pynamics.system - INFO - integration at time 0004.13
2018-01-09 16:03:58,199 - pynamics.system - INFO - integration at time 0004.33
2018-01-09 16:03:58,439 - pynamics.system - INFO - integration at time 0004.36
2018-01-09 16:03:58,679 - pynamics.system - INFO - integration at time 0004.38
2018-01-09 16:03:58,919 - pynamics.system - INFO - integration at time 0004.43
2018-01-09 16:03:59,159 - pynamics.system - INFO - integration at time 0004.45
2018-01-09 16:03:59,399 - pynamics.system - INFO - integration at time 0004.57
2018-01-09 16:03:59,639 - pynamics.system - INFO - integration at time 0004.59
2018-01-09 16:03:59,879 - pynamics.system - INFO - integration at time 0004.60
2018-01-09 16:04:00,119 - pynamics.system - INFO - integration at time 0004.70
2018-01-09 16:04:00,359 - pynamics.system - INFO - integration at time 0004.92
2018-01-09 16:04:00,599 - pynamics.system - INFO - integration at time 0004.93
2018-01-09 16:04:00,839 - pynamics.system - INFO - integration at time 0004.94
2018-01-09 16:04:01,079 - pynamics.system - INFO - integration at time 0005.11
2018-01-09 16:04:01,319 - pynamics.system - INFO - integration at time 0005.18
2018-01-09 16:04:01,559 - pynamics.system - INFO - integration at time 0005.19
2018-01-09 16:04:01,799 - pynamics.system - INFO - integration at time 0005.28
2018-01-09 16:04:02,039 - pynamics.system - INFO - integration at time 0005.31
2018-01-09 16:04:02,289 - pynamics.system - INFO - integration at time 0005.32
2018-01-09 16:04:02,519 - pynamics.system - INFO - integration at time 0005.56
2018-01-09 16:04:02,649 - pynamics.integration - INFO - finished integration
2018-01-09 16:04:02,679 - pynamics.output - INFO - calculating outputs
2018-01-09 16:04:02,699 - pynamics.output - INFO - done calculating outputs
2018-01-09 16:06:48,926 - pynamics.system - INFO - getting dynamic equations
2018-01-09 16:06:49,396 - pynamics.system - INFO - solving a = f/m and creating function
2018-01-09 16:06:51,426 - pynamics.system - INFO - done solving a = f/m and creating function
2018-01-09 16:06:51,426 - pynamics.integration - INFO - beginning integration
2018-01-09 16:06:51,426 - pynamics.system - INFO - integration at time 0000.00
2018-01-09 16:06:52,556 - pynamics.system - INFO - integration at time 0000.27
2018-01-09 16:06:53,586 - pynamics.system - INFO - integration at time 0000.50
2018-01-09 16:06:54,606 - pynamics.system - INFO - integration at time 0000.89
2018-01-09 16:06:55,626 - pynamics.system - INFO - integration at time 0001.31
2018-01-09 16:06:56,656 - pynamics.system - INFO - integration at time 0001.74
2018-01-09 16:06:57,686 - pynamics.system - INFO - integration at time 0002.05
2018-01-09 16:06:58,706 - pynamics.system - INFO - integration at time 0002.33
2018-01-09 16:06:59,736 - pynamics.system - INFO - integration at time 0002.68
2018-01-09 16:07:00,806 - pynamics.system - INFO - integration at time 0003.06
2018-01-09 16:07:01,866 - pynamics.system - INFO - integration at time 0003.44
2018-01-09 16:07:02,916 - pynamics.system - INFO - integration at time 0003.96
2018-01-09 16:07:03,947 - pynamics.system - INFO - integration at time 0004.47
2018-01-09 16:07:04,977 - pynamics.system - INFO - integration at time 0004.92
2018-01-09 16:07:06,007 - pynamics.system - INFO - integration at time 0005.38
2018-01-09 16:07:07,027 - pynamics.system - INFO - integration at time 0005.88
2018-01-09 16:07:08,057 - pynamics.system - INFO - integration at time 0006.48
2018-01-09 16:07:09,077 - pynamics.system - INFO - integration at time 0007.00
2018-01-09 16:07:10,107 - pynamics.system - INFO - integration at time 0007.52
2018-01-09 16:07:11,137 - pynamics.system - INFO - integration at time 0007.97
2018-01-09 16:07:12,157 - pynamics.system - INFO - integration at time 0008.45
2018-01-09 16:07:13,177 - pynamics.system - INFO - integration at time 0008.96
2018-01-09 16:07:14,197 - pynamics.system - INFO - integration at time 0009.45
2018-01-09 16:07:15,227 - pynamics.system - INFO - integration at time 0009.96
2018-01-09 16:07:15,317 - pynamics.integration - INFO - finished integration
2018-01-09 16:07:15,547 - pynamics.output - INFO - calculating outputs
2018-01-09 16:07:15,697 - pynamics.output - INFO - done calculating outputs
2018-01-09 16:07:15,747 - pynamics.output - INFO - calculating outputs
2018-01-09 16:07:15,777 - pynamics.output - INFO - done calculating outputs
2018-01-09 16:07:15,837 - pynamics.system - INFO - solving a = f/m and creating function
2018-01-09 16:07:18,267 - pynamics.system - INFO - done solving a = f/m and creating function
2018-01-09 16:07:18,267 - pynamics.integration - INFO - beginning integration
2018-01-09 16:07:18,267 - pynamics.system - INFO - integration at time 0000.00
2018-01-09 16:07:19,518 - pynamics.system - INFO - integration at time 0000.39
2018-01-09 16:07:20,768 - pynamics.system - INFO - integration at time 0000.91
2018-01-09 16:07:22,018 - pynamics.system - INFO - integration at time 0001.49
2018-01-09 16:07:23,268 - pynamics.system - INFO - integration at time 0001.89
2018-01-09 16:07:24,508 - pynamics.system - INFO - integration at time 0002.26
2018-01-09 16:07:25,758 - pynamics.system - INFO - integration at time 0002.97
2018-01-09 16:07:27,008 - pynamics.system - INFO - integration at time 0003.61
2018-01-09 16:07:28,258 - pynamics.system - INFO - integration at time 0004.37
2018-01-09 16:07:29,518 - pynamics.system - INFO - integration at time 0005.04
2018-01-09 16:07:30,758 - pynamics.system - INFO - integration at time 0005.48
2018-01-09 16:07:31,998 - pynamics.system - INFO - integration at time 0005.76
2018-01-09 16:07:33,238 - pynamics.system - INFO - integration at time 0006.21
2018-01-09 16:07:34,478 - pynamics.system - INFO - integration at time 0006.68
2018-01-09 16:07:35,719 - pynamics.system - INFO - integration at time 0007.34
2018-01-09 16:07:36,949 - pynamics.system - INFO - integration at time 0008.15
2018-01-09 16:07:38,189 - pynamics.system - INFO - integration at time 0009.01
2018-01-09 16:07:39,429 - pynamics.system - INFO - integration at time 0009.91
2018-01-09 16:07:39,519 - pynamics.integration - INFO - finished integration
2018-01-09 16:07:39,519 - pynamics.output - INFO - calculating outputs
2018-01-09 16:07:39,529 - pynamics.output - INFO - done calculating outputs
2018-01-09 16:07:39,709 - pynamics.output - INFO - calculating outputs
2018-01-09 16:07:39,769 - pynamics.output - INFO - done calculating outputs
2018-01-09 16:07:39,809 - pynamics.output - INFO - calculating outputs
2018-01-09 16:07:39,819 - pynamics.output - INFO - done calculating outputs
2018-01-09 21:54:54,357 - pynamics.system - INFO - getting dynamic equations
2018-01-09 21:54:54,722 - pynamics.system - INFO - solving a = f/m and creating function
2018-01-09 21:54:57,185 - pynamics.system - INFO - done solving a = f/m and creating function
2018-01-09 21:54:57,185 - pynamics.integration - INFO - beginning integration
2018-01-09 21:54:57,185 - pynamics.system - INFO - integration at time 0000.00
2018-01-09 21:54:58,438 - pynamics.system - INFO - integration at time 0000.13
2018-01-09 21:54:59,668 - pynamics.system - INFO - integration at time 0000.21
2018-01-09 21:55:00,908 - pynamics.system - INFO - integration at time 0000.26
2018-01-09 21:55:02,158 - pynamics.system - INFO - integration at time 0000.32
2018-01-09 21:55:03,398 - pynamics.system - INFO - integration at time 0000.37
2018-01-09 21:55:04,608 - pynamics.system - INFO - integration at time 0000.42
2018-01-09 21:55:05,818 - pynamics.system - INFO - integration at time 0000.47
2018-01-09 21:55:07,038 - pynamics.system - INFO - integration at time 0000.52
2018-01-09 21:55:08,249 - pynamics.system - INFO - integration at time 0000.58
2018-01-09 21:55:09,469 - pynamics.system - INFO - integration at time 0000.64
2018-01-09 21:55:10,679 - pynamics.system - INFO - integration at time 0000.70
2018-01-09 21:55:11,899 - pynamics.system - INFO - integration at time 0000.77
2018-01-09 21:55:13,109 - pynamics.system - INFO - integration at time 0000.83
2018-01-09 21:55:14,359 - pynamics.system - INFO - integration at time 0000.88
2018-01-09 21:55:15,569 - pynamics.system - INFO - integration at time 0000.93
2018-01-09 21:55:16,790 - pynamics.system - INFO - integration at time 0000.99
2018-01-09 21:55:18,000 - pynamics.system - INFO - integration at time 0001.05
2018-01-09 21:55:19,210 - pynamics.system - INFO - integration at time 0001.11
2018-01-09 21:55:20,420 - pynamics.system - INFO - integration at time 0001.15
2018-01-09 21:55:21,640 - pynamics.system - INFO - integration at time 0001.19
2018-01-09 21:55:22,850 - pynamics.system - INFO - integration at time 0001.24
2018-01-09 21:55:24,060 - pynamics.system - INFO - integration at time 0001.28
2018-01-09 21:55:25,280 - pynamics.system - INFO - integration at time 0001.34
2018-01-09 21:55:26,480 - pynamics.system - INFO - integration at time 0001.40
2018-01-09 21:55:27,700 - pynamics.system - INFO - integration at time 0001.46
2018-01-09 21:55:28,910 - pynamics.system - INFO - integration at time 0001.52
2018-01-09 21:55:30,130 - pynamics.system - INFO - integration at time 0001.57
2018-01-09 21:55:31,361 - pynamics.system - INFO - integration at time 0001.64
2018-01-09 21:55:32,571 - pynamics.system - INFO - integration at time 0001.72
2018-01-09 21:55:33,781 - pynamics.system - INFO - integration at time 0001.80
2018-01-09 21:55:35,001 - pynamics.system - INFO - integration at time 0001.87
2018-01-09 21:55:36,202 - pynamics.system - INFO - integration at time 0001.94
2018-01-09 21:55:37,412 - pynamics.system - INFO - integration at time 0002.06
2018-01-09 21:55:38,622 - pynamics.system - INFO - integration at time 0002.14
2018-01-09 21:55:39,833 - pynamics.system - INFO - integration at time 0002.29
2018-01-09 21:55:41,043 - pynamics.system - INFO - integration at time 0002.42
2018-01-09 21:55:42,244 - pynamics.system - INFO - integration at time 0002.56
2018-01-09 21:55:43,463 - pynamics.system - INFO - integration at time 0002.68
2018-01-09 21:55:44,722 - pynamics.system - INFO - integration at time 0002.80
2018-01-09 21:55:45,932 - pynamics.system - INFO - integration at time 0002.89
2018-01-09 21:55:47,152 - pynamics.system - INFO - integration at time 0002.99
2018-01-09 21:55:48,362 - pynamics.system - INFO - integration at time 0003.11
2018-01-09 21:55:49,562 - pynamics.system - INFO - integration at time 0003.23
2018-01-09 21:55:50,772 - pynamics.system - INFO - integration at time 0003.37
2018-01-09 21:55:52,013 - pynamics.system - INFO - integration at time 0003.50
2018-01-09 21:55:53,243 - pynamics.system - INFO - integration at time 0003.62
2018-01-09 21:55:54,465 - pynamics.system - INFO - integration at time 0003.76
2018-01-09 21:55:55,688 - pynamics.system - INFO - integration at time 0003.88
2018-01-09 21:55:56,896 - pynamics.system - INFO - integration at time 0004.01
2018-01-09 21:55:58,106 - pynamics.system - INFO - integration at time 0004.16
2018-01-09 21:55:59,335 - pynamics.system - INFO - integration at time 0004.28
2018-01-09 21:56:00,551 - pynamics.system - INFO - integration at time 0004.43
2018-01-09 21:56:01,751 - pynamics.system - INFO - integration at time 0004.61
2018-01-09 21:56:02,961 - pynamics.system - INFO - integration at time 0004.82
2018-01-09 21:56:04,171 - pynamics.system - INFO - integration at time 0005.01
2018-01-09 21:56:05,381 - pynamics.system - INFO - integration at time 0005.13
2018-01-09 21:56:06,601 - pynamics.system - INFO - integration at time 0005.33
2018-01-09 21:56:07,811 - pynamics.system - INFO - integration at time 0005.69
2018-01-09 21:56:09,021 - pynamics.system - INFO - integration at time 0005.87
2018-01-09 21:56:10,252 - pynamics.system - INFO - integration at time 0006.07
2018-01-09 21:56:11,472 - pynamics.system - INFO - integration at time 0006.21
2018-01-09 21:56:12,692 - pynamics.system - INFO - integration at time 0006.34
2018-01-09 21:56:13,912 - pynamics.system - INFO - integration at time 0006.48
2018-01-09 21:56:15,112 - pynamics.system - INFO - integration at time 0006.63
2018-01-09 21:56:16,332 - pynamics.system - INFO - integration at time 0006.77
2018-01-09 21:56:17,562 - pynamics.system - INFO - integration at time 0006.93
2018-01-09 21:56:18,782 - pynamics.system - INFO - integration at time 0007.07
2018-01-09 21:56:20,002 - pynamics.system - INFO - integration at time 0007.22
2018-01-09 21:56:21,212 - pynamics.system - INFO - integration at time 0007.38
2018-01-09 21:56:22,422 - pynamics.system - INFO - integration at time 0007.53
2018-01-09 21:56:23,632 - pynamics.system - INFO - integration at time 0007.67
2018-01-09 21:56:24,842 - pynamics.system - INFO - integration at time 0007.83
2018-01-09 21:56:26,063 - pynamics.system - INFO - integration at time 0007.98
2018-01-09 21:56:27,293 - pynamics.system - INFO - integration at time 0008.11
2018-01-09 21:56:28,503 - pynamics.system - INFO - integration at time 0008.27
2018-01-09 21:56:29,723 - pynamics.system - INFO - integration at time 0008.41
2018-01-09 21:56:30,943 - pynamics.system - INFO - integration at time 0008.56
2018-01-09 21:56:32,153 - pynamics.system - INFO - integration at time 0008.72
2018-01-09 21:56:33,353 - pynamics.system - INFO - integration at time 0008.90
2018-01-09 21:56:34,572 - pynamics.system - INFO - integration at time 0009.10
2018-01-09 21:56:35,821 - pynamics.system - INFO - integration at time 0009.29
2018-01-09 21:56:37,071 - pynamics.system - INFO - integration at time 0009.54
2018-01-09 21:56:38,281 - pynamics.system - INFO - integration at time 0009.67
2018-01-09 21:56:39,501 - pynamics.system - INFO - integration at time 0009.78
2018-01-09 21:56:40,721 - pynamics.system - INFO - integration at time 0009.90
2018-01-09 21:56:41,931 - pynamics.system - INFO - integration at time 0010.01
2018-01-09 21:56:43,134 - pynamics.system - INFO - integration at time 0010.12
2018-01-09 21:56:44,350 - pynamics.system - INFO - integration at time 0010.23
2018-01-09 21:56:45,560 - pynamics.system - INFO - integration at time 0010.34
2018-01-09 21:56:46,771 - pynamics.system - INFO - integration at time 0010.45
2018-01-09 21:56:47,971 - pynamics.system - INFO - integration at time 0010.56
2018-01-09 21:56:49,191 - pynamics.system - INFO - integration at time 0010.68
2018-01-09 21:56:50,401 - pynamics.system - INFO - integration at time 0010.79
2018-01-09 21:56:51,611 - pynamics.system - INFO - integration at time 0010.92
2018-01-09 21:56:52,811 - pynamics.system - INFO - integration at time 0011.09
2018-01-09 21:56:54,021 - pynamics.system - INFO - integration at time 0011.32
2018-01-09 21:56:55,231 - pynamics.system - INFO - integration at time 0011.57
2018-01-09 21:56:56,442 - pynamics.system - INFO - integration at time 0011.76
2018-01-09 21:56:57,662 - pynamics.system - INFO - integration at time 0011.97
2018-01-09 21:56:59,142 - pynamics.system - INFO - integration at time 0012.26
2018-01-09 21:57:00,642 - pynamics.system - INFO - integration at time 0012.48
2018-01-09 21:57:02,162 - pynamics.system - INFO - integration at time 0012.64
2018-01-09 21:57:03,662 - pynamics.system - INFO - integration at time 0012.84
2018-01-09 21:57:05,162 - pynamics.system - INFO - integration at time 0013.11
2018-01-09 21:57:06,652 - pynamics.system - INFO - integration at time 0013.29
2018-01-09 21:57:08,152 - pynamics.system - INFO - integration at time 0013.61
2018-01-09 21:57:09,642 - pynamics.system - INFO - integration at time 0013.97
2018-01-09 21:57:11,132 - pynamics.system - INFO - integration at time 0014.24
2018-01-09 21:57:12,633 - pynamics.system - INFO - integration at time 0014.46
2018-01-09 21:57:14,133 - pynamics.system - INFO - integration at time 0014.67
2018-01-09 21:57:15,623 - pynamics.system - INFO - integration at time 0014.89
2018-01-09 21:57:17,123 - pynamics.system - INFO - integration at time 0015.11
2018-01-09 21:57:18,623 - pynamics.system - INFO - integration at time 0015.37
2018-01-09 21:57:20,123 - pynamics.system - INFO - integration at time 0015.62
2018-01-09 21:57:21,623 - pynamics.system - INFO - integration at time 0015.88
2018-01-09 21:57:23,133 - pynamics.system - INFO - integration at time 0016.12
2018-01-09 21:57:24,657 - pynamics.system - INFO - integration at time 0016.47
2018-01-09 21:57:26,178 - pynamics.system - INFO - integration at time 0016.76
2018-01-09 21:57:27,668 - pynamics.system - INFO - integration at time 0017.12
2018-01-09 21:57:29,168 - pynamics.system - INFO - integration at time 0017.65
2018-01-09 21:57:30,814 - pynamics.system - INFO - integration at time 0017.97
2018-01-09 21:57:32,445 - pynamics.system - INFO - integration at time 0018.31
2018-01-09 21:57:33,938 - pynamics.system - INFO - integration at time 0018.65
2018-01-09 21:57:35,428 - pynamics.system - INFO - integration at time 0018.92
2018-01-09 21:57:37,086 - pynamics.system - INFO - integration at time 0019.24
2018-01-09 21:57:38,609 - pynamics.system - INFO - integration at time 0019.63
2018-01-09 21:57:40,119 - pynamics.system - INFO - integration at time 0019.97
2018-01-09 21:57:40,179 - pynamics.integration - INFO - finished integration
2018-01-09 21:57:40,189 - pynamics - INFO - 165.83154582977295
2018-01-09 21:57:40,359 - pynamics.output - INFO - calculating outputs
2018-01-09 21:58:01,283 - pynamics.output - INFO - done calculating outputs
2018-01-09 21:58:03,373 - pynamics.output - INFO - calculating outputs
2018-01-09 21:58:03,463 - pynamics.output - INFO - done calculating outputs
2018-01-09 21:58:03,533 - pynamics.system - INFO - solving a = f/m and creating function
2018-01-09 21:58:07,093 - pynamics.system - INFO - done solving a = f/m and creating function
2018-01-09 21:58:52,606 - pynamics.system - INFO - getting dynamic equations
2018-01-09 21:58:52,994 - pynamics.system - INFO - solving a = f/m and creating function
2018-01-09 21:58:55,810 - pynamics.system - INFO - done solving a = f/m and creating function
2018-01-09 21:58:55,811 - pynamics.integration - INFO - beginning integration
2018-01-09 21:58:55,813 - pynamics.system - INFO - integration at time 0000.00
2018-01-09 21:59:10,705 - pynamics.system - INFO - getting dynamic equations
2018-01-09 21:59:11,147 - pynamics.system - INFO - solving a = f/m and creating function
2018-01-09 21:59:13,712 - pynamics.system - INFO - done solving a = f/m and creating function
2018-01-09 21:59:13,713 - pynamics.integration - INFO - beginning integration
2018-01-09 21:59:13,715 - pynamics.system - INFO - integration at time 0000.00
2018-01-09 21:59:14,969 - pynamics.system - INFO - integration at time 0000.13
2018-01-09 21:59:16,205 - pynamics.system - INFO - integration at time 0000.21
2018-01-09 21:59:17,449 - pynamics.system - INFO - integration at time 0000.26
2018-01-09 21:59:18,688 - pynamics.system - INFO - integration at time 0000.32
2018-01-09 21:59:19,923 - pynamics.system - INFO - integration at time 0000.37
2018-01-09 21:59:21,197 - pynamics.system - INFO - integration at time 0000.42
2018-01-09 21:59:22,848 - pynamics.system - INFO - integration at time 0000.47
2018-01-09 21:59:24,578 - pynamics.system - INFO - integration at time 0000.52
2018-01-09 21:59:26,168 - pynamics.system - INFO - integration at time 0000.58
2018-01-09 21:59:27,808 - pynamics.system - INFO - integration at time 0000.64
2018-01-09 21:59:29,329 - pynamics.system - INFO - integration at time 0000.70
2018-01-09 21:59:30,849 - pynamics.system - INFO - integration at time 0000.77
2018-01-09 21:59:32,559 - pynamics.system - INFO - integration at time 0000.83
2018-01-09 21:59:34,100 - pynamics.system - INFO - integration at time 0000.88
2018-01-09 21:59:35,662 - pynamics.system - INFO - integration at time 0000.93
2018-01-09 21:59:37,189 - pynamics.system - INFO - integration at time 0000.99
2018-01-09 21:59:38,712 - pynamics.system - INFO - integration at time 0001.05
2018-01-09 21:59:40,260 - pynamics.system - INFO - integration at time 0001.11
2018-01-09 21:59:41,777 - pynamics.system - INFO - integration at time 0001.15
2018-01-09 21:59:43,301 - pynamics.system - INFO - integration at time 0001.19
2018-01-09 21:59:44,850 - pynamics.system - INFO - integration at time 0001.24
2018-01-09 21:59:46,380 - pynamics.system - INFO - integration at time 0001.28
2018-01-09 21:59:47,901 - pynamics.system - INFO - integration at time 0001.34
2018-01-09 21:59:49,423 - pynamics.system - INFO - integration at time 0001.40
2018-01-09 21:59:50,951 - pynamics.system - INFO - integration at time 0001.46
2018-01-09 21:59:52,492 - pynamics.system - INFO - integration at time 0001.52
2018-01-09 21:59:54,014 - pynamics.system - INFO - integration at time 0001.57
2018-01-09 21:59:55,554 - pynamics.system - INFO - integration at time 0001.64
2018-01-09 21:59:57,086 - pynamics.system - INFO - integration at time 0001.72
2018-01-09 21:59:58,609 - pynamics.system - INFO - integration at time 0001.80
2018-01-09 22:00:00,118 - pynamics.system - INFO - integration at time 0001.87
2018-01-09 22:00:01,632 - pynamics.system - INFO - integration at time 0001.94
2018-01-09 22:00:03,173 - pynamics.system - INFO - integration at time 0002.06
2018-01-09 22:00:04,716 - pynamics.system - INFO - integration at time 0002.14
2018-01-09 22:00:06,237 - pynamics.system - INFO - integration at time 0002.29
2018-01-09 22:00:07,741 - pynamics.system - INFO - integration at time 0002.42
2018-01-09 22:00:09,297 - pynamics.system - INFO - integration at time 0002.56
2018-01-09 22:00:10,809 - pynamics.system - INFO - integration at time 0002.68
2018-01-09 22:00:12,351 - pynamics.system - INFO - integration at time 0002.80
2018-01-09 22:00:13,862 - pynamics.system - INFO - integration at time 0002.89
2018-01-09 22:00:15,382 - pynamics.system - INFO - integration at time 0002.99
2018-01-09 22:00:16,914 - pynamics.system - INFO - integration at time 0003.11
2018-01-09 22:00:18,429 - pynamics.system - INFO - integration at time 0003.23
2018-01-09 22:00:19,984 - pynamics.system - INFO - integration at time 0003.37
2018-01-09 22:00:21,516 - pynamics.system - INFO - integration at time 0003.50
2018-01-09 22:00:23,036 - pynamics.system - INFO - integration at time 0003.62
2018-01-09 22:00:24,546 - pynamics.system - INFO - integration at time 0003.76
2018-01-09 22:00:26,076 - pynamics.system - INFO - integration at time 0003.88
2018-01-09 22:00:27,589 - pynamics.system - INFO - integration at time 0004.01
2018-01-09 22:00:29,089 - pynamics.system - INFO - integration at time 0004.16
2018-01-09 22:00:30,609 - pynamics.system - INFO - integration at time 0004.28
2018-01-09 22:00:32,125 - pynamics.system - INFO - integration at time 0004.43
2018-01-09 22:00:33,642 - pynamics.system - INFO - integration at time 0004.61
2018-01-09 22:00:35,199 - pynamics.system - INFO - integration at time 0004.82
2018-01-09 22:00:36,723 - pynamics.system - INFO - integration at time 0005.01
2018-01-09 22:00:38,236 - pynamics.system - INFO - integration at time 0005.13
2018-01-09 22:00:39,763 - pynamics.system - INFO - integration at time 0005.33
2018-01-09 22:00:41,290 - pynamics.system - INFO - integration at time 0005.69
2018-01-09 22:00:42,822 - pynamics.system - INFO - integration at time 0005.87
2018-01-09 22:00:44,355 - pynamics.system - INFO - integration at time 0006.07
2018-01-09 22:00:46,198 - pynamics.system - INFO - integration at time 0006.21
2018-01-09 22:00:48,032 - pynamics.system - INFO - integration at time 0006.34
2018-01-09 22:00:49,542 - pynamics.system - INFO - integration at time 0006.48
2018-01-09 22:00:51,065 - pynamics.system - INFO - integration at time 0006.63
2018-01-09 22:00:52,627 - pynamics.system - INFO - integration at time 0006.77
2018-01-09 22:00:54,180 - pynamics.system - INFO - integration at time 0006.93
2018-01-09 22:00:55,718 - pynamics.system - INFO - integration at time 0007.07
2018-01-09 22:00:57,241 - pynamics.system - INFO - integration at time 0007.22
2018-01-09 22:00:58,800 - pynamics.system - INFO - integration at time 0007.38
2018-01-09 22:01:00,332 - pynamics.system - INFO - integration at time 0007.53
2018-01-09 22:01:01,876 - pynamics.system - INFO - integration at time 0007.67
2018-01-09 22:01:03,411 - pynamics.system - INFO - integration at time 0007.83
2018-01-09 22:01:04,942 - pynamics.system - INFO - integration at time 0007.98
2018-01-09 22:01:06,460 - pynamics.system - INFO - integration at time 0008.11
2018-01-09 22:01:07,980 - pynamics.system - INFO - integration at time 0008.27
2018-01-09 22:01:09,504 - pynamics.system - INFO - integration at time 0008.41
2018-01-09 22:01:11,033 - pynamics.system - INFO - integration at time 0008.56
2018-01-09 22:01:12,567 - pynamics.system - INFO - integration at time 0008.72
2018-01-09 22:01:14,094 - pynamics.system - INFO - integration at time 0008.90
2018-01-09 22:01:15,621 - pynamics.system - INFO - integration at time 0009.10
2018-01-09 22:01:17,130 - pynamics.system - INFO - integration at time 0009.29
2018-01-09 22:01:18,661 - pynamics.system - INFO - integration at time 0009.54
2018-01-09 22:01:20,188 - pynamics.system - INFO - integration at time 0009.67
2018-01-09 22:01:21,704 - pynamics.system - INFO - integration at time 0009.78
2018-01-09 22:01:23,237 - pynamics.system - INFO - integration at time 0009.90
2018-01-09 22:01:24,499 - pynamics.integration - INFO - finished integration
2018-01-09 22:01:24,500 - pynamics - INFO - 133.7953803539276
2018-01-09 22:01:24,681 - pynamics.output - INFO - calculating outputs
2018-01-09 22:01:34,960 - pynamics.output - INFO - done calculating outputs
2018-01-09 22:01:35,906 - pynamics.output - INFO - calculating outputs
2018-01-09 22:01:35,948 - pynamics.output - INFO - done calculating outputs
2018-01-09 22:01:36,000 - pynamics.system - INFO - solving a = f/m and creating function
2018-01-09 22:01:39,435 - pynamics.system - INFO - done solving a = f/m and creating function
2018-01-09 22:01:39,436 - pynamics.integration - INFO - beginning integration
2018-01-09 22:01:39,437 - pynamics.system - INFO - integration at time 0000.00
2018-01-09 22:01:40,917 - pynamics.system - INFO - integration at time 0000.27
2018-01-09 22:01:42,383 - pynamics.system - INFO - integration at time 0000.55
2018-01-09 22:01:43,851 - pynamics.system - INFO - integration at time 0000.74
2018-01-09 22:01:45,321 - pynamics.system - INFO - integration at time 0000.98
2018-01-09 22:01:46,797 - pynamics.system - INFO - integration at time 0001.23
2018-01-09 22:01:48,288 - pynamics.system - INFO - integration at time 0001.39
2018-01-09 22:01:49,772 - pynamics.system - INFO - integration at time 0001.59
2018-01-09 22:01:51,243 - pynamics.system - INFO - integration at time 0001.81
2018-01-09 22:01:52,738 - pynamics.system - INFO - integration at time 0002.01
2018-01-09 22:01:54,219 - pynamics.system - INFO - integration at time 0002.17
2018-01-09 22:01:55,714 - pynamics.system - INFO - integration at time 0002.49
2018-01-09 22:01:57,227 - pynamics.system - INFO - integration at time 0002.86
2018-01-09 22:01:57,576 - pynamics.integration - INFO - finished integration
2018-01-09 22:01:57,577 - pynamics.output - INFO - calculating outputs
2018-01-09 22:01:57,582 - pynamics.output - INFO - done calculating outputs
2018-01-09 22:01:57,738 - pynamics.output - INFO - calculating outputs
2018-01-09 22:01:58,689 - pynamics.output - INFO - done calculating outputs
2018-01-09 22:01:58,834 - pynamics.output - INFO - calculating outputs
2018-01-09 22:01:58,836 - pynamics.output - INFO - done calculating outputs
2018-01-09 22:06:51,783 - pynamics.system - INFO - getting dynamic equations
2018-01-09 22:06:52,169 - pynamics.system - INFO - solving a = f/m and creating function
2018-01-09 22:06:54,584 - pynamics.system - INFO - done solving a = f/m and creating function
2018-01-09 22:06:54,584 - pynamics.integration - INFO - beginning integration
2018-01-09 22:06:54,584 - pynamics.system - INFO - integration at time 0000.00
2018-01-09 22:06:55,804 - pynamics.system - INFO - integration at time 0000.09
2018-01-09 22:06:57,030 - pynamics.system - INFO - integration at time 0000.20
2018-01-09 22:06:58,247 - pynamics.system - INFO - integration at time 0000.31
2018-01-09 22:06:59,467 - pynamics.system - INFO - integration at time 0000.38
2018-01-09 22:07:00,707 - pynamics.system - INFO - integration at time 0000.43
2018-01-09 22:07:01,917 - pynamics.system - INFO - integration at time 0000.47
2018-01-09 22:07:03,127 - pynamics.system - INFO - integration at time 0000.51
2018-01-09 22:07:04,347 - pynamics.system - INFO - integration at time 0000.56
2018-01-09 22:07:05,567 - pynamics.system - INFO - integration at time 0000.63
2018-01-09 22:07:06,788 - pynamics.system - INFO - integration at time 0000.68
2018-01-09 22:07:07,998 - pynamics.system - INFO - integration at time 0000.73
2018-01-09 22:07:09,208 - pynamics.system - INFO - integration at time 0000.78
2018-01-09 22:07:10,418 - pynamics.system - INFO - integration at time 0000.84
2018-01-09 22:07:11,628 - pynamics.system - INFO - integration at time 0000.89
2018-01-09 22:07:12,848 - pynamics.system - INFO - integration at time 0000.94
2018-01-09 22:07:14,058 - pynamics.system - INFO - integration at time 0000.99
2018-01-09 22:07:15,278 - pynamics.system - INFO - integration at time 0001.04
2018-01-09 22:07:16,508 - pynamics.system - INFO - integration at time 0001.10
2018-01-09 22:07:17,728 - pynamics.system - INFO - integration at time 0001.15
2018-01-09 22:07:18,969 - pynamics.system - INFO - integration at time 0001.19
2018-01-09 22:07:20,179 - pynamics.system - INFO - integration at time 0001.24
2018-01-09 22:07:21,399 - pynamics.system - INFO - integration at time 0001.29
2018-01-09 22:07:22,610 - pynamics.system - INFO - integration at time 0001.36
2018-01-09 22:07:23,820 - pynamics.system - INFO - integration at time 0001.42
2018-01-09 22:07:25,050 - pynamics.system - INFO - integration at time 0001.47
2018-01-09 22:07:26,270 - pynamics.system - INFO - integration at time 0001.51
2018-01-09 22:07:27,480 - pynamics.system - INFO - integration at time 0001.56
2018-01-09 22:07:28,690 - pynamics.system - INFO - integration at time 0001.64
2018-01-09 22:07:29,910 - pynamics.system - INFO - integration at time 0001.70
2018-01-09 22:07:31,140 - pynamics.system - INFO - integration at time 0001.74
2018-01-09 22:07:32,350 - pynamics.system - INFO - integration at time 0001.81
2018-01-09 22:07:33,560 - pynamics.system - INFO - integration at time 0001.86
2018-01-09 22:07:34,780 - pynamics.system - INFO - integration at time 0001.93
2018-01-09 22:07:35,990 - pynamics.system - INFO - integration at time 0001.98
2018-01-09 22:07:37,210 - pynamics.system - INFO - integration at time 0002.05
2018-01-09 22:07:38,421 - pynamics.system - INFO - integration at time 0002.10
2018-01-09 22:07:39,631 - pynamics.system - INFO - integration at time 0002.16
2018-01-09 22:07:40,851 - pynamics.system - INFO - integration at time 0002.25
2018-01-09 22:07:42,071 - pynamics.system - INFO - integration at time 0002.34
2018-01-09 22:07:43,291 - pynamics.system - INFO - integration at time 0002.42
2018-01-09 22:07:44,501 - pynamics.system - INFO - integration at time 0002.50
2018-01-09 22:07:45,711 - pynamics.system - INFO - integration at time 0002.60
2018-01-09 22:07:46,931 - pynamics.system - INFO - integration at time 0002.71
2018-01-09 22:07:48,141 - pynamics.system - INFO - integration at time 0002.82
2018-01-09 22:07:49,351 - pynamics.system - INFO - integration at time 0002.95
2018-01-09 22:07:50,561 - pynamics.system - INFO - integration at time 0003.07
2018-01-09 22:07:51,771 - pynamics.system - INFO - integration at time 0003.17
2018-01-09 22:07:52,991 - pynamics.system - INFO - integration at time 0003.31
2018-01-09 22:07:54,202 - pynamics.system - INFO - integration at time 0003.45
2018-01-09 22:07:55,422 - pynamics.system - INFO - integration at time 0003.58
2018-01-09 22:07:56,632 - pynamics.system - INFO - integration at time 0003.73
2018-01-09 22:07:57,842 - pynamics.system - INFO - integration at time 0003.87
2018-01-09 22:07:59,062 - pynamics.system - INFO - integration at time 0004.07
2018-01-09 22:08:00,272 - pynamics.system - INFO - integration at time 0004.27
2018-01-09 22:08:01,492 - pynamics.system - INFO - integration at time 0004.51
2018-01-09 22:08:02,712 - pynamics.system - INFO - integration at time 0004.75
2018-01-09 22:08:03,922 - pynamics.system - INFO - integration at time 0005.01
2018-01-09 22:08:05,132 - pynamics.system - INFO - integration at time 0005.28
2018-01-09 22:08:06,352 - pynamics.system - INFO - integration at time 0005.55
2018-01-09 22:08:07,562 - pynamics.system - INFO - integration at time 0005.92
2018-01-09 22:08:08,782 - pynamics.system - INFO - integration at time 0006.28
2018-01-09 22:08:09,993 - pynamics.system - INFO - integration at time 0006.65
2018-01-09 22:08:11,213 - pynamics.system - INFO - integration at time 0007.03
2018-01-09 22:08:12,433 - pynamics.system - INFO - integration at time 0007.36
2018-01-09 22:08:13,643 - pynamics.system - INFO - integration at time 0007.74
2018-01-09 22:08:14,863 - pynamics.system - INFO - integration at time 0008.12
2018-01-09 22:08:16,073 - pynamics.system - INFO - integration at time 0008.51
2018-01-09 22:08:17,293 - pynamics.system - INFO - integration at time 0008.84
2018-01-09 22:08:18,503 - pynamics.system - INFO - integration at time 0009.13
2018-01-09 22:08:19,723 - pynamics.system - INFO - integration at time 0009.52
2018-01-09 22:08:20,943 - pynamics.system - INFO - integration at time 0009.84
2018-01-09 22:08:21,373 - pynamics.integration - INFO - finished integration
2018-01-09 22:08:21,373 - pynamics - INFO - 89.59064483642578
2018-01-09 22:08:21,493 - pynamics.output - INFO - calculating outputs
2018-01-09 22:08:30,364 - pynamics.output - INFO - done calculating outputs
2018-01-09 22:08:31,324 - pynamics.output - INFO - calculating outputs
2018-01-09 22:08:31,364 - pynamics.output - INFO - done calculating outputs
2018-01-09 22:08:31,414 - pynamics.system - INFO - solving a = f/m and creating function
2018-01-09 22:08:34,804 - pynamics.system - INFO - done solving a = f/m and creating function
2018-01-09 22:08:34,814 - pynamics.integration - INFO - beginning integration
2018-01-09 22:08:34,814 - pynamics.system - INFO - integration at time 0000.00
2018-01-09 22:08:36,274 - pynamics.system - INFO - integration at time 0000.27
2018-01-09 22:08:37,734 - pynamics.system - INFO - integration at time 0000.65
2018-01-09 22:08:39,194 - pynamics.system - INFO - integration at time 0000.92
2018-01-09 22:08:40,655 - pynamics.system - INFO - integration at time 0001.25
2018-01-09 22:08:42,105 - pynamics.system - INFO - integration at time 0001.61
2018-01-09 22:08:43,565 - pynamics.system - INFO - integration at time 0001.89
2018-01-09 22:08:45,035 - pynamics.system - INFO - integration at time 0002.37
2018-01-09 22:08:46,495 - pynamics.system - INFO - integration at time 0002.65
2018-01-09 22:08:47,705 - pynamics.integration - INFO - finished integration
2018-01-09 22:08:47,715 - pynamics.output - INFO - calculating outputs
2018-01-09 22:08:47,715 - pynamics.output - INFO - done calculating outputs
2018-01-09 22:08:47,865 - pynamics.output - INFO - calculating outputs
2018-01-09 22:08:48,785 - pynamics.output - INFO - done calculating outputs
2018-01-09 22:08:48,915 - pynamics.output - INFO - calculating outputs
2018-01-09 22:08:48,915 - pynamics.output - INFO - done calculating outputs
2018-01-09 22:12:26,772 - pynamics.system - INFO - getting dynamic equations
2018-01-09 22:12:27,142 - pynamics.system - INFO - solving a = f/m and creating function
2018-01-09 22:12:29,705 - pynamics.system - INFO - done solving a = f/m and creating function
2018-01-09 22:12:29,705 - pynamics.integration - INFO - beginning integration
2018-01-09 22:12:29,705 - pynamics.system - INFO - integration at time 0000.00
2018-01-09 22:12:30,985 - pynamics.system - INFO - integration at time 0001.34
2018-01-09 22:12:32,275 - pynamics.system - INFO - integration at time 0003.31
2018-01-09 22:12:33,565 - pynamics.system - INFO - integration at time 0005.86
2018-01-09 22:12:34,576 - pynamics.integration - INFO - finished integration
2018-01-09 22:12:34,576 - pynamics - INFO - 7.803132772445679
2018-01-09 22:12:34,696 - pynamics.output - INFO - calculating outputs
2018-01-09 22:12:42,040 - pynamics.output - INFO - done calculating outputs
2018-01-09 22:12:42,730 - pynamics.output - INFO - calculating outputs
2018-01-09 22:12:42,760 - pynamics.output - INFO - done calculating outputs
2018-01-09 22:12:42,810 - pynamics.system - INFO - solving a = f/m and creating function
2018-01-09 22:12:45,301 - pynamics.system - INFO - done solving a = f/m and creating function
2018-01-09 22:12:45,301 - pynamics.integration - INFO - beginning integration
2018-01-09 22:12:45,301 - pynamics.system - INFO - integration at time 0000.00
2018-01-09 22:12:46,491 - pynamics.system - INFO - integration at time 0000.10
2018-01-09 22:12:47,681 - pynamics.system - INFO - integration at time 0000.18
2018-01-09 22:12:48,861 - pynamics.system - INFO - integration at time 0000.27
2018-01-09 22:12:50,051 - pynamics.system - INFO - integration at time 0000.35
2018-01-09 22:12:51,231 - pynamics.system - INFO - integration at time 0000.46
2018-01-09 22:12:52,411 - pynamics.system - INFO - integration at time 0000.55
2018-01-09 22:12:53,591 - pynamics.system - INFO - integration at time 0000.60
2018-01-09 22:12:54,761 - pynamics.system - INFO - integration at time 0000.70
2018-01-09 22:12:55,952 - pynamics.system - INFO - integration at time 0000.81
2018-01-09 22:12:57,203 - pynamics.system - INFO - integration at time 0000.94
2018-01-09 22:12:58,383 - pynamics.system - INFO - integration at time 0001.06
2018-01-09 22:12:59,571 - pynamics.system - INFO - integration at time 0001.17
2018-01-09 22:13:00,799 - pynamics.system - INFO - integration at time 0001.28
2018-01-09 22:13:01,999 - pynamics.system - INFO - integration at time 0001.41
2018-01-09 22:13:03,209 - pynamics.system - INFO - integration at time 0001.54
2018-01-09 22:13:04,459 - pynamics.system - INFO - integration at time 0001.70
2018-01-09 22:13:05,659 - pynamics.system - INFO - integration at time 0001.85
2018-01-09 22:13:06,879 - pynamics.system - INFO - integration at time 0001.93
2018-01-09 22:13:08,049 - pynamics.system - INFO - integration at time 0002.07
2018-01-09 22:13:09,229 - pynamics.system - INFO - integration at time 0002.21
2018-01-09 22:13:10,399 - pynamics.system - INFO - integration at time 0002.32
2018-01-09 22:13:11,580 - pynamics.system - INFO - integration at time 0002.41
2018-01-09 22:13:12,760 - pynamics.system - INFO - integration at time 0002.45
2018-01-09 22:13:13,950 - pynamics.system - INFO - integration at time 0002.57
2018-01-09 22:13:15,120 - pynamics.system - INFO - integration at time 0002.68
2018-01-09 22:13:16,290 - pynamics.system - INFO - integration at time 0002.80
2018-01-09 22:13:17,460 - pynamics.system - INFO - integration at time 0002.91
2018-01-09 22:13:18,088 - pynamics.integration - INFO - finished integration
2018-01-09 22:13:18,088 - pynamics.output - INFO - calculating outputs
2018-01-09 22:13:18,088 - pynamics.output - INFO - done calculating outputs
2018-01-09 22:13:18,208 - pynamics.output - INFO - calculating outputs
2018-01-09 22:13:18,878 - pynamics.output - INFO - done calculating outputs
2018-01-09 22:13:18,977 - pynamics.output - INFO - calculating outputs
2018-01-09 22:13:18,977 - pynamics.output - INFO - done calculating outputs
2018-01-09 22:15:07,904 - pynamics.system - INFO - getting dynamic equations
2018-01-09 22:15:08,264 - pynamics.system - INFO - solving a = f/m and creating function
2018-01-09 22:15:10,595 - pynamics.system - INFO - done solving a = f/m and creating function
2018-01-09 22:15:57,505 - pynamics.system - INFO - getting dynamic equations
2018-01-09 22:15:57,865 - pynamics.system - INFO - solving a = f/m and creating function
2018-01-09 22:16:00,206 - pynamics.system - INFO - done solving a = f/m and creating function
2018-01-09 22:16:00,206 - pynamics.integration - INFO - beginning integration
2018-01-09 22:16:00,206 - pynamics.system - INFO - integration at time 0000.00
2018-01-09 22:16:01,426 - pynamics.system - INFO - integration at time 0002.13
2018-01-09 22:16:02,666 - pynamics.system - INFO - integration at time 0004.03
2018-01-09 22:16:03,906 - pynamics.system - INFO - integration at time 0006.57
2018-01-09 22:16:05,106 - pynamics.integration - INFO - finished integration
2018-01-09 22:16:05,106 - pynamics - INFO - 7.601360082626343
2018-01-09 22:16:05,216 - pynamics.output - INFO - calculating outputs
2018-01-09 22:16:05,357 - pynamics.output - INFO - done calculating outputs
2018-01-09 22:16:05,407 - pynamics.output - INFO - calculating outputs
2018-01-09 22:16:05,437 - pynamics.output - INFO - done calculating outputs
2018-01-09 22:16:05,477 - pynamics.system - INFO - solving a = f/m and creating function
2018-01-09 22:16:07,867 - pynamics.system - INFO - done solving a = f/m and creating function
2018-01-09 22:16:07,867 - pynamics.integration - INFO - beginning integration
2018-01-09 22:16:07,867 - pynamics.system - INFO - integration at time 0000.00
2018-01-09 22:16:09,057 - pynamics.system - INFO - integration at time 0001.47
2018-01-09 22:16:10,227 - pynamics.system - INFO - integration at time 0002.14
2018-01-09 22:16:11,297 - pynamics.integration - INFO - finished integration
2018-01-09 22:16:11,297 - pynamics.output - INFO - calculating outputs
2018-01-09 22:16:11,317 - pynamics.output - INFO - done calculating outputs
2018-01-09 22:16:11,436 - pynamics.output - INFO - calculating outputs
2018-01-09 22:16:11,483 - pynamics.output - INFO - done calculating outputs
2018-01-09 22:16:11,517 - pynamics.output - INFO - calculating outputs
2018-01-09 22:16:11,522 - pynamics.output - INFO - done calculating outputs
2018-01-09 22:17:14,540 - pynamics.system - INFO - getting dynamic equations
2018-01-09 22:17:14,910 - pynamics.system - INFO - solving a = f/m and creating function
2018-01-09 22:17:17,351 - pynamics.system - INFO - done solving a = f/m and creating function
2018-01-09 22:17:17,351 - pynamics.integration - INFO - beginning integration
2018-01-09 22:17:17,351 - pynamics.system - INFO - integration at time 0000.00
2018-01-09 22:17:18,561 - pynamics.system - INFO - integration at time 0000.27
2018-01-09 22:17:19,771 - pynamics.system - INFO - integration at time 0000.62
2018-01-09 22:17:20,981 - pynamics.system - INFO - integration at time 0001.38
2018-01-09 22:17:22,191 - pynamics.system - INFO - integration at time 0002.93
2018-01-09 22:17:23,401 - pynamics.system - INFO - integration at time 0005.20
2018-01-09 22:17:24,612 - pynamics.system - INFO - integration at time 0008.70
2018-01-09 22:17:25,032 - pynamics.integration - INFO - finished integration
2018-01-09 22:17:25,032 - pynamics - INFO - 10.491518259048462
2018-01-09 22:17:25,142 - pynamics.output - INFO - calculating outputs
2018-01-09 22:17:32,772 - pynamics.output - INFO - done calculating outputs
2018-01-09 22:17:33,712 - pynamics.output - INFO - calculating outputs
2018-01-09 22:17:33,752 - pynamics.output - INFO - done calculating outputs
2018-01-09 22:17:33,802 - pynamics.system - INFO - solving a = f/m and creating function
2018-01-09 22:17:37,242 - pynamics.system - INFO - done solving a = f/m and creating function
2018-01-09 22:17:37,242 - pynamics.integration - INFO - beginning integration
2018-01-09 22:17:37,242 - pynamics.system - INFO - integration at time 0000.00
2018-01-09 22:17:38,692 - pynamics.system - INFO - integration at time 0000.84
2018-01-09 22:17:40,143 - pynamics.system - INFO - integration at time 0001.50
2018-01-09 22:17:40,623 - pynamics.integration - INFO - finished integration
2018-01-09 22:17:40,623 - pynamics.output - INFO - calculating outputs
2018-01-09 22:17:40,643 - pynamics.output - INFO - done calculating outputs
2018-01-09 22:17:40,803 - pynamics.output - INFO - calculating outputs
2018-01-09 22:17:43,803 - pynamics.output - INFO - done calculating outputs
2018-01-09 22:17:44,103 - pynamics.output - INFO - calculating outputs
2018-01-09 22:17:44,113 - pynamics.output - INFO - done calculating outputs
2018-01-10 10:55:26,600 - pynamics.system - INFO - getting dynamic equations
2018-01-10 10:55:27,031 - pynamics.system - INFO - solving a = f/m and creating function
2018-01-10 10:55:29,581 - pynamics.system - INFO - done solving a = f/m and creating function
2018-01-10 10:55:29,581 - pynamics.integration - INFO - beginning integration
2018-01-10 10:55:29,581 - pynamics.system - INFO - integration at time 0000.00
2018-01-10 10:55:31,101 - pynamics.system - INFO - integration at time 0000.27
2018-01-10 10:55:32,431 - pynamics.system - INFO - integration at time 0000.62
2018-01-10 10:55:33,741 - pynamics.system - INFO - integration at time 0001.38
2018-01-10 10:55:35,031 - pynamics.system - INFO - integration at time 0002.93
2018-01-10 10:55:36,301 - pynamics.system - INFO - integration at time 0005.20
2018-01-10 10:55:37,571 - pynamics.system - INFO - integration at time 0008.70
2018-01-10 10:55:38,051 - pynamics.integration - INFO - finished integration
2018-01-10 10:55:38,051 - pynamics - INFO - 11.450745820999146
2018-01-10 10:55:38,241 - pynamics.output - INFO - calculating outputs
2018-01-10 10:55:45,892 - pynamics.output - INFO - done calculating outputs
2018-01-10 10:55:46,692 - pynamics.output - INFO - calculating outputs
2018-01-10 10:55:46,752 - pynamics.output - INFO - done calculating outputs
2018-01-10 10:55:46,832 - pynamics.system - INFO - solving a = f/m and creating function
2018-01-10 10:55:49,582 - pynamics.system - INFO - done solving a = f/m and creating function
2018-01-10 10:55:49,582 - pynamics.integration - INFO - beginning integration
2018-01-10 10:55:49,582 - pynamics.system - INFO - integration at time 0000.00
2018-01-10 10:55:50,812 - pynamics.system - INFO - integration at time 0000.84
2018-01-10 10:55:51,972 - pynamics.system - INFO - integration at time 0001.50
2018-01-10 10:55:52,402 - pynamics.integration - INFO - finished integration
2018-01-10 10:55:52,412 - pynamics.output - INFO - calculating outputs
2018-01-10 10:55:52,422 - pynamics.output - INFO - done calculating outputs
2018-01-10 10:55:52,612 - pynamics.output - INFO - calculating outputs
2018-01-10 10:55:55,082 - pynamics.output - INFO - done calculating outputs
2018-01-10 10:55:55,302 - pynamics.output - INFO - calculating outputs
2018-01-10 10:55:55,312 - pynamics.output - INFO - done calculating outputs
