#***************************************************************************

#sjplacer

#Version:            1.1

#Build Date:         Jul 19 2017 14:31:00

#File Generated:     Nov 27 2017 09:27:59

#Purpose:            

#Copyright (C) 2010-2011 by Softjin Technologies Pvt Ltd. All rights reserved.

#***************************************************************************

Executing : C:\Program Files (x86)\Cypress\PSoC Creator\4.1\PSoC Creator\bin/sjplacer.exe --proj-name PeacefulPillowShowcase --netlist-vh2 PeacefulPillowShowcase_p.vh2 --arch p4_udb2x2 --arch-file C:\Program Files (x86)\Cypress\PSoC Creator\4.1\PSoC Creator\dev\arch/udbdsi_2x2_04.cydata --ip-file C:\Program Files (x86)\Cypress\PSoC Creator\4.1\PSoC Creator\dev\psoc4/3/256dma/ip_blocks.cydata --rrg-file C:\Program Files (x86)\Cypress\PSoC Creator\4.1\PSoC Creator\dev\psoc4/3/256dma/route_arch-rrg.cydata --irq-file C:\Program Files (x86)\Cypress\PSoC Creator\4.1\PSoC Creator\dev\psoc4/3/256dma/irqconn.cydata --drq-file C:\Program Files (x86)\Cypress\PSoC Creator\4.1\PSoC Creator\dev\psoc4/3/256dma/triggerconn.cydata --dsi-conn-file C:\Program Files (x86)\Cypress\PSoC Creator\4.1\PSoC Creator\dev\psoc4/3/256dma/dsiconn.cydata --pins-file pins_56-QFN.xml --lib-file PeacefulPillowShowcase_p.lib --sdc-file PeacefulPillowShowcase.sdc --io-pcf PeacefulPillowShowcase.pci --outdir .

		Softjin Techologies Placer, Version 1.1

Build Date : Jul 19 2017	14:29:55

D2004: Option and Settings Summary
=============================================================
Netlist vh2 file          - PeacefulPillowShowcase_p.vh2
Architecture file         - C:\Program Files (x86)\Cypress\PSoC Creator\4.1\PSoC Creator\dev\arch/udbdsi_2x2_04.cydata
Package                   - 
Defparam file             - 
SDC file                  - PeacefulPillowShowcase.sdc
Output directory          - .
Timing library            - PeacefulPillowShowcase_p.lib
IO Placement file         - PeacefulPillowShowcase.pci

D2050: Starting reading inputs for placer
=============================================================
D2065: Reading netlist file : "PeacefulPillowShowcase_p.vh2"
D2065: Reading arch file : "C:\Program Files (x86)\Cypress\PSoC Creator\4.1\PSoC Creator\dev\arch/udbdsi_2x2_04.cydata"
D2051: Reading of inputs for placer completed successfully

D2053: Starting placement of the design
=============================================================

Phase 2
Phase 3

Design Statistics after Packing
    Number of Combinational MCs 	:	10
    Number of Sequential MCs    	:	20
    Number of DPs               	:	4
    Number of Controls          	:	2
    Number of Status            	:	3
    Number of SyncCells         	:	0
    Number of count7cells       	:	1

Device Utilization Summary after Packing
    Macrocells                  :	30/32
    UDBS                        :	4/4
    IOs                         :	9/38


D2088: Phase 3, elapsed time : 0.0 (sec)

Phase 4
D2088: Phase 4, elapsed time : 0.0 (sec)

Phase 6

######################################################################
Placement Timing Summary

The timing summary is based on estimated routing delays after
placement. For final timing report, please carry out the timing
analysis after routing.
======================================================================

######################################################################
                     Clock Summary 
======================================================================
Number of clocks: 16
Clock: CyECO                | Frequency: N/A       | Target:  24.0 MHz
Clock: CyHFCLK              | Frequency:  46.2 MHz | Target:  48.0 MHz
Clock: CyILO                | Frequency: N/A       | Target:   0.0 MHz
Clock: CyIMO                | Frequency: N/A       | Target:  48.0 MHz
Clock: CyLFCLK              | Frequency: N/A       | Target:   0.0 MHz
Clock: CyRouted1            | Frequency: N/A       | Target:  48.0 MHz
Clock: CySYSCLK             | Frequency: N/A       | Target:  48.0 MHz
Clock: CyWCO                | Frequency: N/A       | Target:   0.0 MHz
Clock: Timer_CLK            | Frequency: N/A       | Target:  16.0 MHz
Clock: Timer_CLK(FFB)       | Frequency: N/A       | Target:  16.0 MHz
Clock: UART_SCBCLK          | Frequency: N/A       | Target:   1.4 MHz
Clock: UART_SCBCLK(FFB)     | Frequency: N/A       | Target:   1.4 MHz
Clock: adc_intClock         | Frequency: N/A       | Target:   6.0 MHz
Clock: adc_intClock(FFB)    | Frequency: N/A       | Target:   6.0 MHz
Clock: clockBuzzer          | Frequency:  53.4 MHz | Target:   0.0 MHz
Clock: uart2_IntClock       | Frequency:  42.7 MHz | Target:   0.9 MHz

======================================================================
                     End of Clock Summary
######################################################################

D2088: Phase 6, elapsed time : 0.0 (sec)

Phase 7
######################################################################
                     Clock Summary 
======================================================================
Number of clocks: 16
Clock: CyECO                | Frequency: N/A       | Target:  24.0 MHz
Clock: CyHFCLK              | Frequency:   2.4 MHz | Target:  48.0 MHz
Clock: CyILO                | Frequency: N/A       | Target:   0.0 MHz
Clock: CyIMO                | Frequency: N/A       | Target:  48.0 MHz
Clock: CyLFCLK              | Frequency: N/A       | Target:   0.0 MHz
Clock: CyRouted1            | Frequency: N/A       | Target:  48.0 MHz
Clock: CySYSCLK             | Frequency: N/A       | Target:  48.0 MHz
Clock: CyWCO                | Frequency: N/A       | Target:   0.0 MHz
Clock: Timer_CLK            | Frequency: N/A       | Target:  16.0 MHz
Clock: Timer_CLK(FFB)       | Frequency: N/A       | Target:  16.0 MHz
Clock: UART_SCBCLK          | Frequency: N/A       | Target:   1.4 MHz
Clock: UART_SCBCLK(FFB)     | Frequency: N/A       | Target:   1.4 MHz
Clock: adc_intClock         | Frequency: N/A       | Target:   6.0 MHz
Clock: adc_intClock(FFB)    | Frequency: N/A       | Target:   6.0 MHz
Clock: clockBuzzer          | Frequency:  53.4 MHz | Target:   0.0 MHz
Clock: uart2_IntClock       | Frequency:   2.4 MHz | Target:   0.9 MHz

======================================================================
                     End of Clock Summary
######################################################################
D2088: Phase 7, elapsed time : 0.1 (sec)

Final Design Statistics
    Number of Combinational MCs 	:	10
    Number of Sequential MCs    	:	20
    Number of DPs               	:	4
    Number of Controls          	:	2
    Number of Status            	:	3
    Number of SyncCells         	:	0
    Number of count7cells       	:	1
    Number of IOs       	:	9

Device Utilization Summary
    Macrocells                  :	30/32
    IOs                         :	9/38



######################################################################
Placement Timing Summary

The timing summary is based on estimated routing delays after
placement. For final timing report, please carry out the timing
analysis after routing.
======================================================================


######################################################################
                     Clock Summary 
======================================================================
Number of clocks: 16
Clock: CyECO                | Frequency: N/A       | Target:  24.0 MHz
Clock: CyHFCLK              | Frequency:   2.6 MHz | Target:  48.0 MHz
Clock: CyILO                | Frequency: N/A       | Target:   0.0 MHz
Clock: CyIMO                | Frequency: N/A       | Target:  48.0 MHz
Clock: CyLFCLK              | Frequency: N/A       | Target:   0.0 MHz
Clock: CyRouted1            | Frequency: N/A       | Target:  48.0 MHz
Clock: CySYSCLK             | Frequency: N/A       | Target:  48.0 MHz
Clock: CyWCO                | Frequency: N/A       | Target:   0.0 MHz
Clock: Timer_CLK            | Frequency: N/A       | Target:  16.0 MHz
Clock: Timer_CLK(FFB)       | Frequency: N/A       | Target:  16.0 MHz
Clock: UART_SCBCLK          | Frequency: N/A       | Target:   1.4 MHz
Clock: UART_SCBCLK(FFB)     | Frequency: N/A       | Target:   1.4 MHz
Clock: adc_intClock         | Frequency: N/A       | Target:   6.0 MHz
Clock: adc_intClock(FFB)    | Frequency: N/A       | Target:   6.0 MHz
Clock: clockBuzzer          | Frequency:  53.4 MHz | Target:   0.0 MHz
Clock: uart2_IntClock       | Frequency:   2.6 MHz | Target:   0.9 MHz

======================================================================
                     End of Clock Summary
######################################################################

Phase 8
D2088: Phase 8, elapsed time : 0.0 (sec)

D2054: Placement of the design completed successfully

I2076: Total run-time: 0.6 sec.

