ARM GAS  C:\Users\Jacob\AppData\Local\Temp\ccErzqU4.s 			page 1


   1              		.syntax unified
   2              		.cpu cortex-m3
   3              		.fpu softvfp
   4              		.eabi_attribute 20, 1
   5              		.eabi_attribute 21, 1
   6              		.eabi_attribute 23, 3
   7              		.eabi_attribute 24, 1
   8              		.eabi_attribute 25, 1
   9              		.eabi_attribute 26, 1
  10              		.eabi_attribute 30, 1
  11              		.eabi_attribute 34, 1
  12              		.eabi_attribute 18, 4
  13              		.thumb
  14              		.syntax unified
  15              		.file	"cymetadata.c"
  16              		.text
  17              	.Ltext0:
  18              		.cfi_sections	.debug_frame
  19              		.global	cy_metadata
  20              		.global	cy_meta_flashprotect
  21              		.global	cy_meta_wonvl
  22              		.global	cy_meta_custnvl
  23              		.global	cy_meta_configecc
  24              		.section	.cyconfigecc,"a",%progbits
  25              		.align	2
  26              		.type	cy_meta_configecc, %object
  27              		.size	cy_meta_configecc, 1700
  28              	cy_meta_configecc:
  29 0000 02       		.byte	2
  30 0001 52       		.byte	82
  31 0002 00       		.byte	0
  32 0003 40       		.byte	64
  33 0004 03       		.byte	3
  34 0005 64       		.byte	100
  35 0006 00       		.byte	0
  36 0007 40       		.byte	64
  37 0008 02       		.byte	2
  38 0009 65       		.byte	101
  39 000a 00       		.byte	0
  40 000b 40       		.byte	64
  41 000c 28       		.byte	40
  42 000d 04       		.byte	4
  43 000e 01       		.byte	1
  44 000f 40       		.byte	64
  45 0010 39       		.byte	57
  46 0011 05       		.byte	5
  47 0012 01       		.byte	1
  48 0013 40       		.byte	64
  49 0014 1E       		.byte	30
  50 0015 06       		.byte	6
  51 0016 01       		.byte	1
  52 0017 40       		.byte	64
  53 0018 35       		.byte	53
  54 0019 07       		.byte	7
  55 001a 01       		.byte	1
  56 001b 40       		.byte	64
  57 001c 58       		.byte	88
ARM GAS  C:\Users\Jacob\AppData\Local\Temp\ccErzqU4.s 			page 2


  58 001d 08       		.byte	8
  59 001e 01       		.byte	1
  60 001f 40       		.byte	64
  61 0020 3C       		.byte	60
  62 0021 09       		.byte	9
  63 0022 01       		.byte	1
  64 0023 40       		.byte	64
  65 0024 03       		.byte	3
  66 0025 17       		.byte	23
  67 0026 01       		.byte	1
  68 0027 40       		.byte	64
  69 0028 52       		.byte	82
  70 0029 18       		.byte	24
  71 002a 01       		.byte	1
  72 002b 40       		.byte	64
  73 002c 48       		.byte	72
  74 002d 19       		.byte	25
  75 002e 01       		.byte	1
  76 002f 40       		.byte	64
  77 0030 45       		.byte	69
  78 0031 1A       		.byte	26
  79 0032 01       		.byte	1
  80 0033 40       		.byte	64
  81 0034 44       		.byte	68
  82 0035 1B       		.byte	27
  83 0036 01       		.byte	1
  84 0037 40       		.byte	64
  85 0038 06       		.byte	6
  86 0039 41       		.byte	65
  87 003a 01       		.byte	1
  88 003b 40       		.byte	64
  89 003c 07       		.byte	7
  90 003d 42       		.byte	66
  91 003e 01       		.byte	1
  92 003f 40       		.byte	64
  93 0040 04       		.byte	4
  94 0041 43       		.byte	67
  95 0042 01       		.byte	1
  96 0043 40       		.byte	64
  97 0044 08       		.byte	8
  98 0045 4D       		.byte	77
  99 0046 01       		.byte	1
 100 0047 40       		.byte	64
 101 0048 07       		.byte	7
 102 0049 50       		.byte	80
 103 004a 01       		.byte	1
 104 004b 40       		.byte	64
 105 004c 00       		.byte	0
 106 004d 06       		.byte	6
 107 004e 01       		.byte	1
 108 004f 0A       		.byte	10
 109 0050 85       		.byte	-123
 110 0051 0D       		.byte	13
 111 0052 87       		.byte	-121
 112 0053 0F       		.byte	15
 113 0054 89       		.byte	-119
 114 0055 38       		.byte	56
ARM GAS  C:\Users\Jacob\AppData\Local\Temp\ccErzqU4.s 			page 3


 115 0056 88       		.byte	-120
 116 0057 0F       		.byte	15
 117 0058 8A       		.byte	-118
 118 0059 72       		.byte	114
 119 005a 01       		.byte	1
 120 005b 01       		.byte	1
 121 005c 0A       		.byte	10
 122 005d 1F       		.byte	31
 123 005e 0C       		.byte	12
 124 005f 10       		.byte	16
 125 0060 0E       		.byte	14
 126 0061 04       		.byte	4
 127 0062 18       		.byte	24
 128 0063 18       		.byte	24
 129 0064 1A       		.byte	26
 130 0065 03       		.byte	3
 131 0066 24       		.byte	36
 132 0067 07       		.byte	7
 133 0068 26       		.byte	38
 134 0069 08       		.byte	8
 135 006a 27       		.byte	39
 136 006b 01       		.byte	1
 137 006c 28       		.byte	40
 138 006d 01       		.byte	1
 139 006e 2A       		.byte	42
 140 006f 12       		.byte	18
 141 0070 2C       		.byte	44
 142 0071 06       		.byte	6
 143 0072 2E       		.byte	46
 144 0073 11       		.byte	17
 145 0074 32       		.byte	50
 146 0075 1F       		.byte	31
 147 0076 33       		.byte	51
 148 0077 01       		.byte	1
 149 0078 36       		.byte	54
 150 0079 1F       		.byte	31
 151 007a 3F       		.byte	63
 152 007b 04       		.byte	4
 153 007c 40       		.byte	64
 154 007d 30       		.byte	48
 155 007e 41       		.byte	65
 156 007f 06       		.byte	6
 157 0080 49       		.byte	73
 158 0081 FF       		.byte	-1
 159 0082 4A       		.byte	74
 160 0083 FF       		.byte	-1
 161 0084 4B       		.byte	75
 162 0085 FF       		.byte	-1
 163 0086 4D       		.byte	77
 164 0087 A0       		.byte	-96
 165 0088 4F       		.byte	79
 166 0089 04       		.byte	4
 167 008a 50       		.byte	80
 168 008b 18       		.byte	24
 169 008c 58       		.byte	88
 170 008d 04       		.byte	4
 171 008e 59       		.byte	89
ARM GAS  C:\Users\Jacob\AppData\Local\Temp\ccErzqU4.s 			page 4


 172 008f 04       		.byte	4
 173 0090 5A       		.byte	90
 174 0091 04       		.byte	4
 175 0092 5C       		.byte	92
 176 0093 01       		.byte	1
 177 0094 5D       		.byte	93
 178 0095 01       		.byte	1
 179 0096 5F       		.byte	95
 180 0097 01       		.byte	1
 181 0098 60       		.byte	96
 182 0099 40       		.byte	64
 183 009a 62       		.byte	98
 184 009b C0       		.byte	-64
 185 009c 64       		.byte	100
 186 009d 40       		.byte	64
 187 009e 65       		.byte	101
 188 009f 40       		.byte	64
 189 00a0 66       		.byte	102
 190 00a1 C0       		.byte	-64
 191 00a2 68       		.byte	104
 192 00a3 C0       		.byte	-64
 193 00a4 6A       		.byte	106
 194 00a5 C0       		.byte	-64
 195 00a6 6C       		.byte	108
 196 00a7 C0       		.byte	-64
 197 00a8 6E       		.byte	110
 198 00a9 C0       		.byte	-64
 199 00aa 03       		.byte	3
 200 00ab 0A       		.byte	10
 201 00ac 04       		.byte	4
 202 00ad 01       		.byte	1
 203 00ae 05       		.byte	5
 204 00af 04       		.byte	4
 205 00b0 06       		.byte	6
 206 00b1 05       		.byte	5
 207 00b2 09       		.byte	9
 208 00b3 10       		.byte	16
 209 00b4 0D       		.byte	13
 210 00b5 02       		.byte	2
 211 00b6 0E       		.byte	14
 212 00b7 01       		.byte	1
 213 00b8 0F       		.byte	15
 214 00b9 20       		.byte	32
 215 00ba 10       		.byte	16
 216 00bb 28       		.byte	40
 217 00bc 11       		.byte	17
 218 00bd 40       		.byte	64
 219 00be 15       		.byte	21
 220 00bf 14       		.byte	20
 221 00c0 17       		.byte	23
 222 00c1 41       		.byte	65
 223 00c2 19       		.byte	25
 224 00c3 88       		.byte	-120
 225 00c4 1A       		.byte	26
 226 00c5 01       		.byte	1
 227 00c6 1C       		.byte	28
 228 00c7 40       		.byte	64
ARM GAS  C:\Users\Jacob\AppData\Local\Temp\ccErzqU4.s 			page 5


 229 00c8 1D       		.byte	29
 230 00c9 8C       		.byte	-116
 231 00ca 1E       		.byte	30
 232 00cb 08       		.byte	8
 233 00cc 1F       		.byte	31
 234 00cd 08       		.byte	8
 235 00ce 23       		.byte	35
 236 00cf 20       		.byte	32
 237 00d0 25       		.byte	37
 238 00d1 02       		.byte	2
 239 00d2 27       		.byte	39
 240 00d3 08       		.byte	8
 241 00d4 29       		.byte	41
 242 00d5 08       		.byte	8
 243 00d6 2D       		.byte	45
 244 00d7 81       		.byte	-127
 245 00d8 2E       		.byte	46
 246 00d9 20       		.byte	32
 247 00da 37       		.byte	55
 248 00db 01       		.byte	1
 249 00dc 38       		.byte	56
 250 00dd 01       		.byte	1
 251 00de 39       		.byte	57
 252 00df 01       		.byte	1
 253 00e0 3E       		.byte	62
 254 00e1 16       		.byte	22
 255 00e2 43       		.byte	67
 256 00e3 08       		.byte	8
 257 00e4 45       		.byte	69
 258 00e5 08       		.byte	8
 259 00e6 46       		.byte	70
 260 00e7 04       		.byte	4
 261 00e8 48       		.byte	72
 262 00e9 04       		.byte	4
 263 00ea 4D       		.byte	77
 264 00eb 02       		.byte	2
 265 00ec 54       		.byte	84
 266 00ed 04       		.byte	4
 267 00ee 55       		.byte	85
 268 00ef 10       		.byte	16
 269 00f0 56       		.byte	86
 270 00f1 27       		.byte	39
 271 00f2 57       		.byte	87
 272 00f3 12       		.byte	18
 273 00f4 5C       		.byte	92
 274 00f5 40       		.byte	64
 275 00f6 5D       		.byte	93
 276 00f7 02       		.byte	2
 277 00f8 5E       		.byte	94
 278 00f9 08       		.byte	8
 279 00fa 6C       		.byte	108
 280 00fb 28       		.byte	40
 281 00fc 6D       		.byte	109
 282 00fd 54       		.byte	84
 283 00fe 6E       		.byte	110
 284 00ff 14       		.byte	20
 285 0100 6F       		.byte	111
ARM GAS  C:\Users\Jacob\AppData\Local\Temp\ccErzqU4.s 			page 6


 286 0101 01       		.byte	1
 287 0102 77       		.byte	119
 288 0103 40       		.byte	64
 289 0104 81       		.byte	-127
 290 0105 80       		.byte	-128
 291 0106 8F       		.byte	-113
 292 0107 20       		.byte	32
 293 0108 C0       		.byte	-64
 294 0109 F3       		.byte	-13
 295 010a C2       		.byte	-62
 296 010b B2       		.byte	-78
 297 010c C4       		.byte	-60
 298 010d F7       		.byte	-9
 299 010e CA       		.byte	-54
 300 010f B2       		.byte	-78
 301 0110 CC       		.byte	-52
 302 0111 80       		.byte	-128
 303 0112 CE       		.byte	-50
 304 0113 E1       		.byte	-31
 305 0114 D0       		.byte	-48
 306 0115 62       		.byte	98
 307 0116 D2       		.byte	-46
 308 0117 04       		.byte	4
 309 0118 D6       		.byte	-42
 310 0119 D0       		.byte	-48
 311 011a E6       		.byte	-26
 312 011b 10       		.byte	16
 313 011c 01       		.byte	1
 314 011d 01       		.byte	1
 315 011e 1D       		.byte	29
 316 011f 01       		.byte	1
 317 0120 33       		.byte	51
 318 0121 01       		.byte	1
 319 0122 3F       		.byte	63
 320 0123 04       		.byte	4
 321 0124 40       		.byte	64
 322 0125 30       		.byte	48
 323 0126 41       		.byte	65
 324 0127 04       		.byte	4
 325 0128 49       		.byte	73
 326 0129 FF       		.byte	-1
 327 012a 4A       		.byte	74
 328 012b FF       		.byte	-1
 329 012c 4B       		.byte	75
 330 012d FF       		.byte	-1
 331 012e 4D       		.byte	77
 332 012f A0       		.byte	-96
 333 0130 4F       		.byte	79
 334 0131 04       		.byte	4
 335 0132 50       		.byte	80
 336 0133 18       		.byte	24
 337 0134 59       		.byte	89
 338 0135 04       		.byte	4
 339 0136 5A       		.byte	90
 340 0137 04       		.byte	4
 341 0138 5D       		.byte	93
 342 0139 01       		.byte	1
ARM GAS  C:\Users\Jacob\AppData\Local\Temp\ccErzqU4.s 			page 7


 343 013a 5F       		.byte	95
 344 013b 01       		.byte	1
 345 013c 60       		.byte	96
 346 013d 40       		.byte	64
 347 013e 62       		.byte	98
 348 013f 40       		.byte	64
 349 0140 63       		.byte	99
 350 0141 A8       		.byte	-88
 351 0142 64       		.byte	100
 352 0143 40       		.byte	64
 353 0144 65       		.byte	101
 354 0145 40       		.byte	64
 355 0146 66       		.byte	102
 356 0147 40       		.byte	64
 357 0148 67       		.byte	103
 358 0149 A8       		.byte	-88
 359 014a 68       		.byte	104
 360 014b 40       		.byte	64
 361 014c 6A       		.byte	106
 362 014d 40       		.byte	64
 363 014e 6B       		.byte	107
 364 014f A8       		.byte	-88
 365 0150 6C       		.byte	108
 366 0151 40       		.byte	64
 367 0152 6D       		.byte	109
 368 0153 20       		.byte	32
 369 0154 6E       		.byte	110
 370 0155 40       		.byte	64
 371 0156 6F       		.byte	111
 372 0157 A8       		.byte	-88
 373 0158 00       		.byte	0
 374 0159 24       		.byte	36
 375 015a 02       		.byte	2
 376 015b 42       		.byte	66
 377 015c 08       		.byte	8
 378 015d 40       		.byte	64
 379 015e 09       		.byte	9
 380 015f 08       		.byte	8
 381 0160 0A       		.byte	10
 382 0161 80       		.byte	-128
 383 0162 0B       		.byte	11
 384 0163 0A       		.byte	10
 385 0164 11       		.byte	17
 386 0165 14       		.byte	20
 387 0166 19       		.byte	25
 388 0167 A4       		.byte	-92
 389 0168 1B       		.byte	27
 390 0169 02       		.byte	2
 391 016a 20       		.byte	32
 392 016b 05       		.byte	5
 393 016c 21       		.byte	33
 394 016d 08       		.byte	8
 395 016e 22       		.byte	34
 396 016f 90       		.byte	-112
 397 0170 26       		.byte	38
 398 0171 04       		.byte	4
 399 0172 29       		.byte	41
ARM GAS  C:\Users\Jacob\AppData\Local\Temp\ccErzqU4.s 			page 8


 400 0173 08       		.byte	8
 401 0174 2A       		.byte	42
 402 0175 90       		.byte	-112
 403 0176 2B       		.byte	43
 404 0177 80       		.byte	-128
 405 0178 30       		.byte	48
 406 0179 40       		.byte	64
 407 017a 31       		.byte	49
 408 017b 08       		.byte	8
 409 017c 32       		.byte	50
 410 017d 10       		.byte	16
 411 017e 36       		.byte	54
 412 017f 80       		.byte	-128
 413 0180 39       		.byte	57
 414 0181 54       		.byte	84
 415 0182 3E       		.byte	62
 416 0183 01       		.byte	1
 417 0184 41       		.byte	65
 418 0185 08       		.byte	8
 419 0186 43       		.byte	67
 420 0187 03       		.byte	3
 421 0188 45       		.byte	69
 422 0189 08       		.byte	8
 423 018a 47       		.byte	71
 424 018b 01       		.byte	1
 425 018c 48       		.byte	72
 426 018d 10       		.byte	16
 427 018e 49       		.byte	73
 428 018f 09       		.byte	9
 429 0190 51       		.byte	81
 430 0191 01       		.byte	1
 431 0192 52       		.byte	82
 432 0193 10       		.byte	16
 433 0194 53       		.byte	83
 434 0195 85       		.byte	-123
 435 0196 59       		.byte	89
 436 0197 A5       		.byte	-91
 437 0198 69       		.byte	105
 438 0199 54       		.byte	84
 439 019a 6A       		.byte	106
 440 019b 80       		.byte	-128
 441 019c 6B       		.byte	107
 442 019d 02       		.byte	2
 443 019e 72       		.byte	114
 444 019f 80       		.byte	-128
 445 01a0 85       		.byte	-123
 446 01a1 01       		.byte	1
 447 01a2 89       		.byte	-119
 448 01a3 14       		.byte	20
 449 01a4 8A       		.byte	-118
 450 01a5 12       		.byte	18
 451 01a6 8E       		.byte	-114
 452 01a7 04       		.byte	4
 453 01a8 92       		.byte	-110
 454 01a9 01       		.byte	1
 455 01aa 94       		.byte	-108
 456 01ab 01       		.byte	1
ARM GAS  C:\Users\Jacob\AppData\Local\Temp\ccErzqU4.s 			page 9


 457 01ac AB       		.byte	-85
 458 01ad 08       		.byte	8
 459 01ae C0       		.byte	-64
 460 01af 0F       		.byte	15
 461 01b0 C2       		.byte	-62
 462 01b1 0F       		.byte	15
 463 01b2 C4       		.byte	-60
 464 01b3 06       		.byte	6
 465 01b4 CA       		.byte	-54
 466 01b5 0F       		.byte	15
 467 01b6 CC       		.byte	-52
 468 01b7 1E       		.byte	30
 469 01b8 CE       		.byte	-50
 470 01b9 8E       		.byte	-114
 471 01ba D0       		.byte	-48
 472 01bb C3       		.byte	-61
 473 01bc D6       		.byte	-42
 474 01bd 0F       		.byte	15
 475 01be E2       		.byte	-30
 476 01bf 40       		.byte	64
 477 01c0 E4       		.byte	-28
 478 01c1 02       		.byte	2
 479 01c2 00       		.byte	0
 480 01c3 40       		.byte	64
 481 01c4 05       		.byte	5
 482 01c5 07       		.byte	7
 483 01c6 06       		.byte	6
 484 01c7 03       		.byte	3
 485 01c8 07       		.byte	7
 486 01c9 08       		.byte	8
 487 01ca 08       		.byte	8
 488 01cb 14       		.byte	20
 489 01cc 09       		.byte	9
 490 01cd 60       		.byte	96
 491 01ce 0C       		.byte	12
 492 01cf 1C       		.byte	28
 493 01d0 0E       		.byte	14
 494 01d1 22       		.byte	34
 495 01d2 0F       		.byte	15
 496 01d3 20       		.byte	32
 497 01d4 11       		.byte	17
 498 01d5 10       		.byte	16
 499 01d6 13       		.byte	19
 500 01d7 04       		.byte	4
 501 01d8 14       		.byte	20
 502 01d9 2C       		.byte	44
 503 01da 15       		.byte	21
 504 01db 60       		.byte	96
 505 01dc 16       		.byte	22
 506 01dd 11       		.byte	17
 507 01de 18       		.byte	24
 508 01df 10       		.byte	16
 509 01e0 19       		.byte	25
 510 01e1 01       		.byte	1
 511 01e2 1B       		.byte	27
 512 01e3 12       		.byte	18
 513 01e4 24       		.byte	36
ARM GAS  C:\Users\Jacob\AppData\Local\Temp\ccErzqU4.s 			page 10


 514 01e5 30       		.byte	48
 515 01e6 25       		.byte	37
 516 01e7 06       		.byte	6
 517 01e8 26       		.byte	38
 518 01e9 0C       		.byte	12
 519 01ea 27       		.byte	39
 520 01eb 11       		.byte	17
 521 01ec 28       		.byte	40
 522 01ed 09       		.byte	9
 523 01ee 29       		.byte	41
 524 01ef 18       		.byte	24
 525 01f0 2A       		.byte	42
 526 01f1 10       		.byte	16
 527 01f2 2B       		.byte	43
 528 01f3 03       		.byte	3
 529 01f4 2D       		.byte	45
 530 01f5 40       		.byte	64
 531 01f6 31       		.byte	49
 532 01f7 60       		.byte	96
 533 01f8 32       		.byte	50
 534 01f9 1F       		.byte	31
 535 01fa 34       		.byte	52
 536 01fb 60       		.byte	96
 537 01fc 35       		.byte	53
 538 01fd 1F       		.byte	31
 539 01fe 38       		.byte	56
 540 01ff 20       		.byte	32
 541 0200 39       		.byte	57
 542 0201 02       		.byte	2
 543 0202 3F       		.byte	63
 544 0203 01       		.byte	1
 545 0204 40       		.byte	64
 546 0205 01       		.byte	1
 547 0206 47       		.byte	71
 548 0207 04       		.byte	4
 549 0208 49       		.byte	73
 550 0209 FF       		.byte	-1
 551 020a 4A       		.byte	74
 552 020b 07       		.byte	7
 553 020c 4B       		.byte	75
 554 020d FF       		.byte	-1
 555 020e 4C       		.byte	76
 556 020f 40       		.byte	64
 557 0210 4D       		.byte	77
 558 0211 20       		.byte	32
 559 0212 4E       		.byte	78
 560 0213 F0       		.byte	-16
 561 0214 4F       		.byte	79
 562 0215 05       		.byte	5
 563 0216 50       		.byte	80
 564 0217 08       		.byte	8
 565 0218 58       		.byte	88
 566 0219 04       		.byte	4
 567 021a 59       		.byte	89
 568 021b 04       		.byte	4
 569 021c 5A       		.byte	90
 570 021d 04       		.byte	4
ARM GAS  C:\Users\Jacob\AppData\Local\Temp\ccErzqU4.s 			page 11


 571 021e 5C       		.byte	92
 572 021f 10       		.byte	16
 573 0220 5F       		.byte	95
 574 0221 01       		.byte	1
 575 0222 60       		.byte	96
 576 0223 40       		.byte	64
 577 0224 61       		.byte	97
 578 0225 A8       		.byte	-88
 579 0226 62       		.byte	98
 580 0227 40       		.byte	64
 581 0228 63       		.byte	99
 582 0229 20       		.byte	32
 583 022a 81       		.byte	-127
 584 022b 18       		.byte	24
 585 022c 83       		.byte	-125
 586 022d 04       		.byte	4
 587 022e 86       		.byte	-122
 588 022f 0C       		.byte	12
 589 0230 87       		.byte	-121
 590 0231 0C       		.byte	12
 591 0232 8A       		.byte	-118
 592 0233 10       		.byte	16
 593 0234 8B       		.byte	-117
 594 0235 08       		.byte	8
 595 0236 8C       		.byte	-116
 596 0237 0C       		.byte	12
 597 0238 8E       		.byte	-114
 598 0239 03       		.byte	3
 599 023a 94       		.byte	-108
 600 023b 01       		.byte	1
 601 023c 95       		.byte	-107
 602 023d 03       		.byte	3
 603 023e 96       		.byte	-106
 604 023f 06       		.byte	6
 605 0240 99       		.byte	-103
 606 0241 03       		.byte	3
 607 0242 9A       		.byte	-102
 608 0243 10       		.byte	16
 609 0244 9D       		.byte	-99
 610 0245 02       		.byte	2
 611 0246 9E       		.byte	-98
 612 0247 03       		.byte	3
 613 0248 9F       		.byte	-97
 614 0249 01       		.byte	1
 615 024a A1       		.byte	-95
 616 024b 01       		.byte	1
 617 024c A3       		.byte	-93
 618 024d 02       		.byte	2
 619 024e A6       		.byte	-90
 620 024f 08       		.byte	8
 621 0250 A7       		.byte	-89
 622 0251 18       		.byte	24
 623 0252 A8       		.byte	-88
 624 0253 01       		.byte	1
 625 0254 AA       		.byte	-86
 626 0255 0E       		.byte	14
 627 0256 AB       		.byte	-85
ARM GAS  C:\Users\Jacob\AppData\Local\Temp\ccErzqU4.s 			page 12


 628 0257 14       		.byte	20
 629 0258 AF       		.byte	-81
 630 0259 04       		.byte	4
 631 025a B3       		.byte	-77
 632 025b 1C       		.byte	28
 633 025c B4       		.byte	-76
 634 025d 10       		.byte	16
 635 025e B6       		.byte	-74
 636 025f 0F       		.byte	15
 637 0260 B7       		.byte	-73
 638 0261 03       		.byte	3
 639 0262 BA       		.byte	-70
 640 0263 80       		.byte	-128
 641 0264 BB       		.byte	-69
 642 0265 08       		.byte	8
 643 0266 BE       		.byte	-66
 644 0267 10       		.byte	16
 645 0268 D4       		.byte	-44
 646 0269 18       		.byte	24
 647 026a D8       		.byte	-40
 648 026b 04       		.byte	4
 649 026c D9       		.byte	-39
 650 026d 04       		.byte	4
 651 026e DB       		.byte	-37
 652 026f 04       		.byte	4
 653 0270 DF       		.byte	-33
 654 0271 01       		.byte	1
 655 0272 00       		.byte	0
 656 0273 20       		.byte	32
 657 0274 01       		.byte	1
 658 0275 80       		.byte	-128
 659 0276 03       		.byte	3
 660 0277 20       		.byte	32
 661 0278 05       		.byte	5
 662 0279 84       		.byte	-124
 663 027a 06       		.byte	6
 664 027b 84       		.byte	-124
 665 027c 08       		.byte	8
 666 027d 08       		.byte	8
 667 027e 09       		.byte	9
 668 027f 40       		.byte	64
 669 0280 0B       		.byte	11
 670 0281 08       		.byte	8
 671 0282 0C       		.byte	12
 672 0283 10       		.byte	16
 673 0284 0D       		.byte	13
 674 0285 10       		.byte	16
 675 0286 0F       		.byte	15
 676 0287 10       		.byte	16
 677 0288 10       		.byte	16
 678 0289 10       		.byte	16
 679 028a 11       		.byte	17
 680 028b 08       		.byte	8
 681 028c 13       		.byte	19
 682 028d 10       		.byte	16
 683 028e 16       		.byte	22
 684 028f 08       		.byte	8
ARM GAS  C:\Users\Jacob\AppData\Local\Temp\ccErzqU4.s 			page 13


 685 0290 17       		.byte	23
 686 0291 04       		.byte	4
 687 0292 18       		.byte	24
 688 0293 06       		.byte	6
 689 0294 19       		.byte	25
 690 0295 80       		.byte	-128
 691 0296 1D       		.byte	29
 692 0297 04       		.byte	4
 693 0298 1F       		.byte	31
 694 0299 30       		.byte	48
 695 029a 21       		.byte	33
 696 029b 04       		.byte	4
 697 029c 22       		.byte	34
 698 029d 84       		.byte	-124
 699 029e 23       		.byte	35
 700 029f 10       		.byte	16
 701 02a0 27       		.byte	39
 702 02a1 48       		.byte	72
 703 02a2 28       		.byte	40
 704 02a3 08       		.byte	8
 705 02a4 2A       		.byte	42
 706 02a5 8A       		.byte	-118
 707 02a6 2B       		.byte	43
 708 02a7 20       		.byte	32
 709 02a8 2D       		.byte	45
 710 02a9 84       		.byte	-124
 711 02aa 2F       		.byte	47
 712 02ab 08       		.byte	8
 713 02ac 30       		.byte	48
 714 02ad 28       		.byte	40
 715 02ae 32       		.byte	50
 716 02af 80       		.byte	-128
 717 02b0 34       		.byte	52
 718 02b1 08       		.byte	8
 719 02b2 36       		.byte	54
 720 02b3 10       		.byte	16
 721 02b4 37       		.byte	55
 722 02b5 05       		.byte	5
 723 02b6 38       		.byte	56
 724 02b7 02       		.byte	2
 725 02b8 39       		.byte	57
 726 02b9 28       		.byte	40
 727 02ba 3C       		.byte	60
 728 02bb 08       		.byte	8
 729 02bc 3E       		.byte	62
 730 02bd 80       		.byte	-128
 731 02be 3F       		.byte	63
 732 02bf 10       		.byte	16
 733 02c0 47       		.byte	71
 734 02c1 40       		.byte	64
 735 02c2 55       		.byte	85
 736 02c3 44       		.byte	68
 737 02c4 56       		.byte	86
 738 02c5 80       		.byte	-128
 739 02c6 59       		.byte	89
 740 02c7 01       		.byte	1
 741 02c8 60       		.byte	96
ARM GAS  C:\Users\Jacob\AppData\Local\Temp\ccErzqU4.s 			page 14


 742 02c9 04       		.byte	4
 743 02ca 63       		.byte	99
 744 02cb 01       		.byte	1
 745 02cc 87       		.byte	-121
 746 02cd 08       		.byte	8
 747 02ce 88       		.byte	-120
 748 02cf 04       		.byte	4
 749 02d0 8A       		.byte	-118
 750 02d1 10       		.byte	16
 751 02d2 8B       		.byte	-117
 752 02d3 01       		.byte	1
 753 02d4 C0       		.byte	-64
 754 02d5 F7       		.byte	-9
 755 02d6 C2       		.byte	-62
 756 02d7 67       		.byte	103
 757 02d8 C4       		.byte	-60
 758 02d9 66       		.byte	102
 759 02da CA       		.byte	-54
 760 02db 7F       		.byte	127
 761 02dc CC       		.byte	-52
 762 02dd EE       		.byte	-18
 763 02de CE       		.byte	-50
 764 02df 77       		.byte	119
 765 02e0 D0       		.byte	-48
 766 02e1 10       		.byte	16
 767 02e2 D6       		.byte	-42
 768 02e3 01       		.byte	1
 769 02e4 D8       		.byte	-40
 770 02e5 0C       		.byte	12
 771 02e6 E0       		.byte	-32
 772 02e7 A0       		.byte	-96
 773 02e8 E4       		.byte	-28
 774 02e9 20       		.byte	32
 775 02ea AE       		.byte	-82
 776 02eb 40       		.byte	64
 777 02ec B3       		.byte	-77
 778 02ed 02       		.byte	2
 779 02ee EA       		.byte	-22
 780 02ef 08       		.byte	8
 781 02f0 02       		.byte	2
 782 02f1 02       		.byte	2
 783 02f2 06       		.byte	6
 784 02f3 02       		.byte	2
 785 02f4 08       		.byte	8
 786 02f5 01       		.byte	1
 787 02f6 0E       		.byte	14
 788 02f7 02       		.byte	2
 789 02f8 0F       		.byte	15
 790 02f9 05       		.byte	5
 791 02fa 12       		.byte	18
 792 02fb 01       		.byte	1
 793 02fc 14       		.byte	20
 794 02fd 01       		.byte	1
 795 02fe 15       		.byte	21
 796 02ff 03       		.byte	3
 797 0300 17       		.byte	23
 798 0301 0C       		.byte	12
ARM GAS  C:\Users\Jacob\AppData\Local\Temp\ccErzqU4.s 			page 15


 799 0302 1A       		.byte	26
 800 0303 01       		.byte	1
 801 0304 20       		.byte	32
 802 0305 02       		.byte	2
 803 0306 21       		.byte	33
 804 0307 03       		.byte	3
 805 0308 23       		.byte	35
 806 0309 04       		.byte	4
 807 030a 24       		.byte	36
 808 030b 02       		.byte	2
 809 030c 27       		.byte	39
 810 030d 08       		.byte	8
 811 030e 29       		.byte	41
 812 030f 03       		.byte	3
 813 0310 2B       		.byte	43
 814 0311 04       		.byte	4
 815 0312 2D       		.byte	45
 816 0313 0A       		.byte	10
 817 0314 2F       		.byte	47
 818 0315 04       		.byte	4
 819 0316 30       		.byte	48
 820 0317 02       		.byte	2
 821 0318 32       		.byte	50
 822 0319 01       		.byte	1
 823 031a 35       		.byte	53
 824 031b 0F       		.byte	15
 825 031c 38       		.byte	56
 826 031d 08       		.byte	8
 827 031e 3B       		.byte	59
 828 031f 20       		.byte	32
 829 0320 3E       		.byte	62
 830 0321 01       		.byte	1
 831 0322 54       		.byte	84
 832 0323 01       		.byte	1
 833 0324 58       		.byte	88
 834 0325 04       		.byte	4
 835 0326 59       		.byte	89
 836 0327 04       		.byte	4
 837 0328 5B       		.byte	91
 838 0329 04       		.byte	4
 839 032a 5F       		.byte	95
 840 032b 01       		.byte	1
 841 032c 80       		.byte	-128
 842 032d 09       		.byte	9
 843 032e 82       		.byte	-126
 844 032f 44       		.byte	68
 845 0330 84       		.byte	-124
 846 0331 03       		.byte	3
 847 0332 8A       		.byte	-118
 848 0333 03       		.byte	3
 849 0334 8D       		.byte	-115
 850 0335 01       		.byte	1
 851 0336 92       		.byte	-110
 852 0337 03       		.byte	3
 853 0338 95       		.byte	-107
 854 0339 01       		.byte	1
 855 033a 96       		.byte	-106
ARM GAS  C:\Users\Jacob\AppData\Local\Temp\ccErzqU4.s 			page 16


 856 033b 03       		.byte	3
 857 033c 98       		.byte	-104
 858 033d 07       		.byte	7
 859 033e 99       		.byte	-103
 860 033f 01       		.byte	1
 861 0340 9A       		.byte	-102
 862 0341 38       		.byte	56
 863 0342 9C       		.byte	-100
 864 0343 03       		.byte	3
 865 0344 A0       		.byte	-96
 866 0345 12       		.byte	18
 867 0346 A2       		.byte	-94
 868 0347 44       		.byte	68
 869 0348 A4       		.byte	-92
 870 0349 9C       		.byte	-100
 871 034a A8       		.byte	-88
 872 034b 9C       		.byte	-100
 873 034c A9       		.byte	-87
 874 034d 01       		.byte	1
 875 034e AC       		.byte	-84
 876 034f 80       		.byte	-128
 877 0350 B0       		.byte	-80
 878 0351 03       		.byte	3
 879 0352 B1       		.byte	-79
 880 0353 01       		.byte	1
 881 0354 B2       		.byte	-78
 882 0355 80       		.byte	-128
 883 0356 B4       		.byte	-76
 884 0357 1C       		.byte	28
 885 0358 B6       		.byte	-74
 886 0359 60       		.byte	96
 887 035a BE       		.byte	-66
 888 035b 40       		.byte	64
 889 035c BF       		.byte	-65
 890 035d 01       		.byte	1
 891 035e C0       		.byte	-64
 892 035f 62       		.byte	98
 893 0360 C1       		.byte	-63
 894 0361 03       		.byte	3
 895 0362 C2       		.byte	-62
 896 0363 05       		.byte	5
 897 0364 C4       		.byte	-60
 898 0365 01       		.byte	1
 899 0366 C5       		.byte	-59
 900 0367 0E       		.byte	14
 901 0368 C6       		.byte	-58
 902 0369 0C       		.byte	12
 903 036a C8       		.byte	-56
 904 036b 05       		.byte	5
 905 036c C9       		.byte	-55
 906 036d FF       		.byte	-1
 907 036e CA       		.byte	-54
 908 036f FF       		.byte	-1
 909 0370 CB       		.byte	-53
 910 0371 FF       		.byte	-1
 911 0372 CC       		.byte	-52
 912 0373 62       		.byte	98
ARM GAS  C:\Users\Jacob\AppData\Local\Temp\ccErzqU4.s 			page 17


 913 0374 CD       		.byte	-51
 914 0375 A0       		.byte	-96
 915 0376 CE       		.byte	-50
 916 0377 F0       		.byte	-16
 917 0378 CF       		.byte	-49
 918 0379 41       		.byte	65
 919 037a D0       		.byte	-48
 920 037b 0C       		.byte	12
 921 037c D8       		.byte	-40
 922 037d 04       		.byte	4
 923 037e D9       		.byte	-39
 924 037f 04       		.byte	4
 925 0380 DA       		.byte	-38
 926 0381 04       		.byte	4
 927 0382 DF       		.byte	-33
 928 0383 01       		.byte	1
 929 0384 E6       		.byte	-26
 930 0385 40       		.byte	64
 931 0386 E7       		.byte	-25
 932 0387 02       		.byte	2
 933 0388 E9       		.byte	-23
 934 0389 10       		.byte	16
 935 038a EA       		.byte	-22
 936 038b 30       		.byte	48
 937 038c EB       		.byte	-21
 938 038d 10       		.byte	16
 939 038e ED       		.byte	-19
 940 038f 10       		.byte	16
 941 0390 EE       		.byte	-18
 942 0391 10       		.byte	16
 943 0392 EF       		.byte	-17
 944 0393 12       		.byte	18
 945 0394 00       		.byte	0
 946 0395 0A       		.byte	10
 947 0396 03       		.byte	3
 948 0397 08       		.byte	8
 949 0398 05       		.byte	5
 950 0399 90       		.byte	-112
 951 039a 06       		.byte	6
 952 039b B0       		.byte	-80
 953 039c 07       		.byte	7
 954 039d 20       		.byte	32
 955 039e 09       		.byte	9
 956 039f 40       		.byte	64
 957 03a0 0A       		.byte	10
 958 03a1 24       		.byte	36
 959 03a2 0B       		.byte	11
 960 03a3 40       		.byte	64
 961 03a4 0C       		.byte	12
 962 03a5 10       		.byte	16
 963 03a6 0D       		.byte	13
 964 03a7 08       		.byte	8
 965 03a8 0F       		.byte	15
 966 03a9 40       		.byte	64
 967 03aa 10       		.byte	16
 968 03ab 28       		.byte	40
 969 03ac 11       		.byte	17
ARM GAS  C:\Users\Jacob\AppData\Local\Temp\ccErzqU4.s 			page 18


 970 03ad 42       		.byte	66
 971 03ae 12       		.byte	18
 972 03af 80       		.byte	-128
 973 03b0 14       		.byte	20
 974 03b1 40       		.byte	64
 975 03b2 17       		.byte	23
 976 03b3 04       		.byte	4
 977 03b4 18       		.byte	24
 978 03b5 01       		.byte	1
 979 03b6 19       		.byte	25
 980 03b7 09       		.byte	9
 981 03b8 1A       		.byte	26
 982 03b9 14       		.byte	20
 983 03ba 1B       		.byte	27
 984 03bb 08       		.byte	8
 985 03bc 1C       		.byte	28
 986 03bd 20       		.byte	32
 987 03be 1E       		.byte	30
 988 03bf 80       		.byte	-128
 989 03c0 22       		.byte	34
 990 03c1 01       		.byte	1
 991 03c2 27       		.byte	39
 992 03c3 04       		.byte	4
 993 03c4 29       		.byte	41
 994 03c5 18       		.byte	24
 995 03c6 2A       		.byte	42
 996 03c7 08       		.byte	8
 997 03c8 2C       		.byte	44
 998 03c9 40       		.byte	64
 999 03ca 2D       		.byte	45
 1000 03cb 80       		.byte	-128
 1001 03cc 2E       		.byte	46
 1002 03cd 20       		.byte	32
 1003 03ce 2F       		.byte	47
 1004 03cf 10       		.byte	16
 1005 03d0 30       		.byte	48
 1006 03d1 10       		.byte	16
 1007 03d2 31       		.byte	49
 1008 03d3 08       		.byte	8
 1009 03d4 32       		.byte	50
 1010 03d5 10       		.byte	16
 1011 03d6 37       		.byte	55
 1012 03d7 04       		.byte	4
 1013 03d8 38       		.byte	56
 1014 03d9 80       		.byte	-128
 1015 03da 3B       		.byte	59
 1016 03db 40       		.byte	64
 1017 03dc 3E       		.byte	62
 1018 03dd 80       		.byte	-128
 1019 03de 40       		.byte	64
 1020 03df 01       		.byte	1
 1021 03e0 41       		.byte	65
 1022 03e1 08       		.byte	8
 1023 03e2 42       		.byte	66
 1024 03e3 08       		.byte	8
 1025 03e4 48       		.byte	72
 1026 03e5 04       		.byte	4
ARM GAS  C:\Users\Jacob\AppData\Local\Temp\ccErzqU4.s 			page 19


 1027 03e6 49       		.byte	73
 1028 03e7 10       		.byte	16
 1029 03e8 4A       		.byte	74
 1030 03e9 02       		.byte	2
 1031 03ea 4B       		.byte	75
 1032 03eb 08       		.byte	8
 1033 03ec 52       		.byte	82
 1034 03ed 40       		.byte	64
 1035 03ee 5D       		.byte	93
 1036 03ef 01       		.byte	1
 1037 03f0 5E       		.byte	94
 1038 03f1 88       		.byte	-120
 1039 03f2 5F       		.byte	95
 1040 03f3 20       		.byte	32
 1041 03f4 88       		.byte	-120
 1042 03f5 40       		.byte	64
 1043 03f6 8A       		.byte	-118
 1044 03f7 04       		.byte	4
 1045 03f8 92       		.byte	-110
 1046 03f9 08       		.byte	8
 1047 03fa 93       		.byte	-109
 1048 03fb 20       		.byte	32
 1049 03fc 97       		.byte	-105
 1050 03fd 09       		.byte	9
 1051 03fe 99       		.byte	-103
 1052 03ff 84       		.byte	-124
 1053 0400 9A       		.byte	-102
 1054 0401 80       		.byte	-128
 1055 0402 9D       		.byte	-99
 1056 0403 01       		.byte	1
 1057 0404 9E       		.byte	-98
 1058 0405 06       		.byte	6
 1059 0406 9F       		.byte	-97
 1060 0407 04       		.byte	4
 1061 0408 A2       		.byte	-94
 1062 0409 80       		.byte	-128
 1063 040a A4       		.byte	-92
 1064 040b 38       		.byte	56
 1065 040c AF       		.byte	-81
 1066 040d 08       		.byte	8
 1067 040e B1       		.byte	-79
 1068 040f 04       		.byte	4
 1069 0410 C0       		.byte	-64
 1070 0411 FE       		.byte	-2
 1071 0412 C2       		.byte	-62
 1072 0413 7F       		.byte	127
 1073 0414 C4       		.byte	-60
 1074 0415 3F       		.byte	63
 1075 0416 CA       		.byte	-54
 1076 0417 F4       		.byte	-12
 1077 0418 CC       		.byte	-52
 1078 0419 46       		.byte	70
 1079 041a CE       		.byte	-50
 1080 041b 18       		.byte	24
 1081 041c D0       		.byte	-48
 1082 041d 0E       		.byte	14
 1083 041e D2       		.byte	-46
ARM GAS  C:\Users\Jacob\AppData\Local\Temp\ccErzqU4.s 			page 20


 1084 041f 0C       		.byte	12
 1085 0420 D6       		.byte	-42
 1086 0421 F0       		.byte	-16
 1087 0422 E8       		.byte	-24
 1088 0423 20       		.byte	32
 1089 0424 00       		.byte	0
 1090 0425 01       		.byte	1
 1091 0426 01       		.byte	1
 1092 0427 27       		.byte	39
 1093 0428 02       		.byte	2
 1094 0429 40       		.byte	64
 1095 042a 03       		.byte	3
 1096 042b 18       		.byte	24
 1097 042c 04       		.byte	4
 1098 042d 0C       		.byte	12
 1099 042e 05       		.byte	5
 1100 042f 18       		.byte	24
 1101 0430 06       		.byte	6
 1102 0431 23       		.byte	35
 1103 0432 08       		.byte	8
 1104 0433 0F       		.byte	15
 1105 0434 09       		.byte	9
 1106 0435 08       		.byte	8
 1107 0436 0A       		.byte	10
 1108 0437 20       		.byte	32
 1109 0438 0C       		.byte	12
 1110 0439 23       		.byte	35
 1111 043a 0E       		.byte	14
 1112 043b 0C       		.byte	12
 1113 043c 0F       		.byte	15
 1114 043d 40       		.byte	64
 1115 043e 10       		.byte	16
 1116 043f 02       		.byte	2
 1117 0440 13       		.byte	19
 1118 0441 40       		.byte	64
 1119 0442 15       		.byte	21
 1120 0443 3F       		.byte	63
 1121 0444 16       		.byte	22
 1122 0445 23       		.byte	35
 1123 0446 18       		.byte	24
 1124 0447 03       		.byte	3
 1125 0448 19       		.byte	25
 1126 0449 3C       		.byte	60
 1127 044a 1B       		.byte	27
 1128 044b 02       		.byte	2
 1129 044c 1C       		.byte	28
 1130 044d 10       		.byte	16
 1131 044e 1D       		.byte	29
 1132 044f 1C       		.byte	28
 1133 0450 1F       		.byte	31
 1134 0451 21       		.byte	33
 1135 0452 20       		.byte	32
 1136 0453 08       		.byte	8
 1137 0454 21       		.byte	33
 1138 0455 04       		.byte	4
 1139 0456 24       		.byte	36
 1140 0457 04       		.byte	4
ARM GAS  C:\Users\Jacob\AppData\Local\Temp\ccErzqU4.s 			page 21


 1141 0458 27       		.byte	39
 1142 0459 04       		.byte	4
 1143 045a 28       		.byte	40
 1144 045b 0C       		.byte	12
 1145 045c 2B       		.byte	43
 1146 045d 23       		.byte	35
 1147 045e 2C       		.byte	44
 1148 045f 2F       		.byte	47
 1149 0460 2D       		.byte	45
 1150 0461 10       		.byte	16
 1151 0462 30       		.byte	48
 1152 0463 2C       		.byte	44
 1153 0464 31       		.byte	49
 1154 0465 38       		.byte	56
 1155 0466 32       		.byte	50
 1156 0467 40       		.byte	64
 1157 0468 34       		.byte	52
 1158 0469 0F       		.byte	15
 1159 046a 35       		.byte	53
 1160 046b 1F       		.byte	31
 1161 046c 36       		.byte	54
 1162 046d 10       		.byte	16
 1163 046e 37       		.byte	55
 1164 046f 40       		.byte	64
 1165 0470 3A       		.byte	58
 1166 0471 22       		.byte	34
 1167 0472 3B       		.byte	59
 1168 0473 28       		.byte	40
 1169 0474 3E       		.byte	62
 1170 0475 40       		.byte	64
 1171 0476 3F       		.byte	63
 1172 0477 40       		.byte	64
 1173 0478 56       		.byte	86
 1174 0479 02       		.byte	2
 1175 047a 57       		.byte	87
 1176 047b 13       		.byte	19
 1177 047c 58       		.byte	88
 1178 047d 04       		.byte	4
 1179 047e 59       		.byte	89
 1180 047f 04       		.byte	4
 1181 0480 5B       		.byte	91
 1182 0481 04       		.byte	4
 1183 0482 5F       		.byte	95
 1184 0483 01       		.byte	1
 1185 0484 98       		.byte	-104
 1186 0485 01       		.byte	1
 1187 0486 B4       		.byte	-76
 1188 0487 01       		.byte	1
 1189 0488 BE       		.byte	-66
 1190 0489 10       		.byte	16
 1191 048a C0       		.byte	-64
 1192 048b 34       		.byte	52
 1193 048c C1       		.byte	-63
 1194 048d 06       		.byte	6
 1195 048e C5       		.byte	-59
 1196 048f EE       		.byte	-18
 1197 0490 C6       		.byte	-58
ARM GAS  C:\Users\Jacob\AppData\Local\Temp\ccErzqU4.s 			page 22


 1198 0491 C0       		.byte	-64
 1199 0492 C7       		.byte	-57
 1200 0493 0B       		.byte	11
 1201 0494 C8       		.byte	-56
 1202 0495 1B       		.byte	27
 1203 0496 C9       		.byte	-55
 1204 0497 FF       		.byte	-1
 1205 0498 CA       		.byte	-54
 1206 0499 FF       		.byte	-1
 1207 049a CB       		.byte	-53
 1208 049b FF       		.byte	-1
 1209 049c CE       		.byte	-50
 1210 049d F0       		.byte	-16
 1211 049e CF       		.byte	-49
 1212 049f 44       		.byte	68
 1213 04a0 D0       		.byte	-48
 1214 04a1 0C       		.byte	12
 1215 04a2 D8       		.byte	-40
 1216 04a3 04       		.byte	4
 1217 04a4 DA       		.byte	-38
 1218 04a5 04       		.byte	4
 1219 04a6 DF       		.byte	-33
 1220 04a7 01       		.byte	1
 1221 04a8 E6       		.byte	-26
 1222 04a9 C0       		.byte	-64
 1223 04aa EA       		.byte	-22
 1224 04ab 40       		.byte	64
 1225 04ac EB       		.byte	-21
 1226 04ad 02       		.byte	2
 1227 04ae 00       		.byte	0
 1228 04af 42       		.byte	66
 1229 04b0 01       		.byte	1
 1230 04b1 20       		.byte	32
 1231 04b2 02       		.byte	2
 1232 04b3 20       		.byte	32
 1233 04b4 08       		.byte	8
 1234 04b5 08       		.byte	8
 1235 04b6 09       		.byte	9
 1236 04b7 81       		.byte	-127
 1237 04b8 0A       		.byte	10
 1238 04b9 14       		.byte	20
 1239 04ba 0F       		.byte	15
 1240 04bb 04       		.byte	4
 1241 04bc 10       		.byte	16
 1242 04bd 01       		.byte	1
 1243 04be 13       		.byte	19
 1244 04bf 1A       		.byte	26
 1245 04c0 18       		.byte	24
 1246 04c1 80       		.byte	-128
 1247 04c2 19       		.byte	25
 1248 04c3 98       		.byte	-104
 1249 04c4 1A       		.byte	26
 1250 04c5 80       		.byte	-128
 1251 04c6 1E       		.byte	30
 1252 04c7 08       		.byte	8
 1253 04c8 21       		.byte	33
 1254 04c9 08       		.byte	8
ARM GAS  C:\Users\Jacob\AppData\Local\Temp\ccErzqU4.s 			page 23


 1255 04ca 22       		.byte	34
 1256 04cb 32       		.byte	50
 1257 04cc 23       		.byte	35
 1258 04cd 01       		.byte	1
 1259 04ce 28       		.byte	40
 1260 04cf 08       		.byte	8
 1261 04d0 29       		.byte	41
 1262 04d1 48       		.byte	72
 1263 04d2 2A       		.byte	42
 1264 04d3 02       		.byte	2
 1265 04d4 31       		.byte	49
 1266 04d5 08       		.byte	8
 1267 04d6 32       		.byte	50
 1268 04d7 52       		.byte	82
 1269 04d8 38       		.byte	56
 1270 04d9 28       		.byte	40
 1271 04da 3A       		.byte	58
 1272 04db 40       		.byte	64
 1273 04dc 3B       		.byte	59
 1274 04dd 02       		.byte	2
 1275 04de 46       		.byte	70
 1276 04df 80       		.byte	-128
 1277 04e0 47       		.byte	71
 1278 04e1 04       		.byte	4
 1279 04e2 4D       		.byte	77
 1280 04e3 01       		.byte	1
 1281 04e4 4E       		.byte	78
 1282 04e5 04       		.byte	4
 1283 04e6 4F       		.byte	79
 1284 04e7 04       		.byte	4
 1285 04e8 56       		.byte	86
 1286 04e9 14       		.byte	20
 1287 04ea 5A       		.byte	90
 1288 04eb 02       		.byte	2
 1289 04ec 68       		.byte	104
 1290 04ed 28       		.byte	40
 1291 04ee 69       		.byte	105
 1292 04ef 40       		.byte	64
 1293 04f0 70       		.byte	112
 1294 04f1 14       		.byte	20
 1295 04f2 71       		.byte	113
 1296 04f3 40       		.byte	64
 1297 04f4 73       		.byte	115
 1298 04f5 1A       		.byte	26
 1299 04f6 80       		.byte	-128
 1300 04f7 40       		.byte	64
 1301 04f8 81       		.byte	-127
 1302 04f9 94       		.byte	-108
 1303 04fa 83       		.byte	-125
 1304 04fb 01       		.byte	1
 1305 04fc 84       		.byte	-124
 1306 04fd 01       		.byte	1
 1307 04fe 85       		.byte	-123
 1308 04ff 48       		.byte	72
 1309 0500 88       		.byte	-120
 1310 0501 01       		.byte	1
 1311 0502 8A       		.byte	-118
ARM GAS  C:\Users\Jacob\AppData\Local\Temp\ccErzqU4.s 			page 24


 1312 0503 02       		.byte	2
 1313 0504 8D       		.byte	-115
 1314 0505 A0       		.byte	-96
 1315 0506 8E       		.byte	-114
 1316 0507 40       		.byte	64
 1317 0508 92       		.byte	-110
 1318 0509 1E       		.byte	30
 1319 050a 94       		.byte	-108
 1320 050b 80       		.byte	-128
 1321 050c 95       		.byte	-107
 1322 050d 41       		.byte	65
 1323 050e 96       		.byte	-106
 1324 050f 20       		.byte	32
 1325 0510 97       		.byte	-105
 1326 0511 01       		.byte	1
 1327 0512 99       		.byte	-103
 1328 0513 04       		.byte	4
 1329 0514 9A       		.byte	-102
 1330 0515 C0       		.byte	-64
 1331 0516 9B       		.byte	-101
 1332 0517 04       		.byte	4
 1333 0518 9D       		.byte	-99
 1334 0519 10       		.byte	16
 1335 051a 9E       		.byte	-98
 1336 051b 16       		.byte	22
 1337 051c A1       		.byte	-95
 1338 051d 01       		.byte	1
 1339 051e A4       		.byte	-92
 1340 051f 29       		.byte	41
 1341 0520 A5       		.byte	-91
 1342 0521 48       		.byte	72
 1343 0522 A6       		.byte	-90
 1344 0523 06       		.byte	6
 1345 0524 C0       		.byte	-64
 1346 0525 0F       		.byte	15
 1347 0526 C2       		.byte	-62
 1348 0527 4F       		.byte	79
 1349 0528 C4       		.byte	-60
 1350 0529 0F       		.byte	15
 1351 052a CA       		.byte	-54
 1352 052b 0F       		.byte	15
 1353 052c CC       		.byte	-52
 1354 052d 0F       		.byte	15
 1355 052e CE       		.byte	-50
 1356 052f 0F       		.byte	15
 1357 0530 D0       		.byte	-48
 1358 0531 C0       		.byte	-64
 1359 0532 D2       		.byte	-46
 1360 0533 20       		.byte	32
 1361 0534 D6       		.byte	-42
 1362 0535 01       		.byte	1
 1363 0536 50       		.byte	80
 1364 0537 04       		.byte	4
 1365 0538 55       		.byte	85
 1366 0539 08       		.byte	8
 1367 053a 5B       		.byte	91
 1368 053b 10       		.byte	16
ARM GAS  C:\Users\Jacob\AppData\Local\Temp\ccErzqU4.s 			page 25


 1369 053c 5C       		.byte	92
 1370 053d 20       		.byte	32
 1371 053e D4       		.byte	-44
 1372 053f E0       		.byte	-32
 1373 0540 D6       		.byte	-42
 1374 0541 20       		.byte	32
 1375 0542 80       		.byte	-128
 1376 0543 04       		.byte	4
 1377 0544 8D       		.byte	-115
 1378 0545 08       		.byte	8
 1379 0546 94       		.byte	-108
 1380 0547 08       		.byte	8
 1381 0548 9C       		.byte	-100
 1382 0549 20       		.byte	32
 1383 054a 9F       		.byte	-97
 1384 054b 10       		.byte	16
 1385 054c A5       		.byte	-91
 1386 054d 08       		.byte	8
 1387 054e E6       		.byte	-26
 1388 054f 80       		.byte	-128
 1389 0550 8C       		.byte	-116
 1390 0551 20       		.byte	32
 1391 0552 9C       		.byte	-100
 1392 0553 20       		.byte	32
 1393 0554 AB       		.byte	-85
 1394 0555 10       		.byte	16
 1395 0556 EA       		.byte	-22
 1396 0557 20       		.byte	32
 1397 0558 10       		.byte	16
 1398 0559 40       		.byte	64
 1399 055a 77       		.byte	119
 1400 055b 10       		.byte	16
 1401 055c 88       		.byte	-120
 1402 055d 40       		.byte	64
 1403 055e 8F       		.byte	-113
 1404 055f 10       		.byte	16
 1405 0560 C4       		.byte	-60
 1406 0561 08       		.byte	8
 1407 0562 DE       		.byte	-34
 1408 0563 04       		.byte	4
 1409 0564 E2       		.byte	-30
 1410 0565 01       		.byte	1
 1411 0566 E4       		.byte	-28
 1412 0567 02       		.byte	2
 1413 0568 00       		.byte	0
 1414 0569 03       		.byte	3
 1415 056a 0A       		.byte	10
 1416 056b 02       		.byte	2
 1417 056c 0C       		.byte	12
 1418 056d 03       		.byte	3
 1419 056e 10       		.byte	16
 1420 056f 01       		.byte	1
 1421 0570 11       		.byte	17
 1422 0571 01       		.byte	1
 1423 0572 1C       		.byte	28
 1424 0573 01       		.byte	1
 1425 0574 1D       		.byte	29
ARM GAS  C:\Users\Jacob\AppData\Local\Temp\ccErzqU4.s 			page 26


 1426 0575 01       		.byte	1
 1427 0576 00       		.byte	0
 1428 0577 00       		.byte	0
 1429 0578 80       		.byte	-128
 1430 0579 80       		.byte	-128
 1431 057a 00       		.byte	0
 1432 057b 00       		.byte	0
 1433 057c 40       		.byte	64
 1434 057d 00       		.byte	0
 1435 057e 00       		.byte	0
 1436 057f 00       		.byte	0
 1437 0580 00       		.byte	0
 1438 0581 10       		.byte	16
 1439 0582 80       		.byte	-128
 1440 0583 04       		.byte	4
 1441 0584 00       		.byte	0
 1442 0585 07       		.byte	7
 1443 0586 02       		.byte	2
 1444 0587 08       		.byte	8
 1445 0588 00       		.byte	0
 1446 0589 01       		.byte	1
 1447 058a 02       		.byte	2
 1448 058b 12       		.byte	18
 1449 058c 40       		.byte	64
 1450 058d 00       		.byte	0
 1451 058e 10       		.byte	16
 1452 058f 00       		.byte	0
 1453 0590 7C       		.byte	124
 1454 0591 06       		.byte	6
 1455 0592 00       		.byte	0
 1456 0593 11       		.byte	17
 1457 0594 60       		.byte	96
 1458 0595 00       		.byte	0
 1459 0596 0C       		.byte	12
 1460 0597 00       		.byte	0
 1461 0598 00       		.byte	0
 1462 0599 00       		.byte	0
 1463 059a 00       		.byte	0
 1464 059b 00       		.byte	0
 1465 059c 00       		.byte	0
 1466 059d 00       		.byte	0
 1467 059e 80       		.byte	-128
 1468 059f 00       		.byte	0
 1469 05a0 18       		.byte	24
 1470 05a1 00       		.byte	0
 1471 05a2 44       		.byte	68
 1472 05a3 20       		.byte	32
 1473 05a4 1C       		.byte	28
 1474 05a5 00       		.byte	0
 1475 05a6 20       		.byte	32
 1476 05a7 00       		.byte	0
 1477 05a8 04       		.byte	4
 1478 05a9 18       		.byte	24
 1479 05aa 48       		.byte	72
 1480 05ab 03       		.byte	3
 1481 05ac 00       		.byte	0
 1482 05ad 20       		.byte	32
ARM GAS  C:\Users\Jacob\AppData\Local\Temp\ccErzqU4.s 			page 27


 1483 05ae 01       		.byte	1
 1484 05af 00       		.byte	0
 1485 05b0 7C       		.byte	124
 1486 05b1 1F       		.byte	31
 1487 05b2 01       		.byte	1
 1488 05b3 00       		.byte	0
 1489 05b4 02       		.byte	2
 1490 05b5 20       		.byte	32
 1491 05b6 80       		.byte	-128
 1492 05b7 00       		.byte	0
 1493 05b8 00       		.byte	0
 1494 05b9 00       		.byte	0
 1495 05ba 00       		.byte	0
 1496 05bb 00       		.byte	0
 1497 05bc 00       		.byte	0
 1498 05bd 00       		.byte	0
 1499 05be 50       		.byte	80
 1500 05bf 10       		.byte	16
 1501 05c0 30       		.byte	48
 1502 05c1 02       		.byte	2
 1503 05c2 00       		.byte	0
 1504 05c3 00       		.byte	0
 1505 05c4 00       		.byte	0
 1506 05c5 D0       		.byte	-48
 1507 05c6 10       		.byte	16
 1508 05c7 02       		.byte	2
 1509 05c8 3A       		.byte	58
 1510 05c9 FF       		.byte	-1
 1511 05ca FF       		.byte	-1
 1512 05cb FF       		.byte	-1
 1513 05cc 00       		.byte	0
 1514 05cd AF       		.byte	-81
 1515 05ce 0F       		.byte	15
 1516 05cf 04       		.byte	4
 1517 05d0 18       		.byte	24
 1518 05d1 00       		.byte	0
 1519 05d2 87       		.byte	-121
 1520 05d3 00       		.byte	0
 1521 05d4 05       		.byte	5
 1522 05d5 00       		.byte	0
 1523 05d6 00       		.byte	0
 1524 05d7 00       		.byte	0
 1525 05d8 04       		.byte	4
 1526 05d9 04       		.byte	4
 1527 05da 04       		.byte	4
 1528 05db 04       		.byte	4
 1529 05dc 11       		.byte	17
 1530 05dd 11       		.byte	17
 1531 05de 00       		.byte	0
 1532 05df 01       		.byte	1
 1533 05e0 40       		.byte	64
 1534 05e1 00       		.byte	0
 1535 05e2 C0       		.byte	-64
 1536 05e3 00       		.byte	0
 1537 05e4 40       		.byte	64
 1538 05e5 40       		.byte	64
 1539 05e6 C0       		.byte	-64
ARM GAS  C:\Users\Jacob\AppData\Local\Temp\ccErzqU4.s 			page 28


 1540 05e7 00       		.byte	0
 1541 05e8 C0       		.byte	-64
 1542 05e9 00       		.byte	0
 1543 05ea C0       		.byte	-64
 1544 05eb 00       		.byte	0
 1545 05ec C0       		.byte	-64
 1546 05ed 00       		.byte	0
 1547 05ee C0       		.byte	-64
 1548 05ef 00       		.byte	0
 1549 05f0 00       		.byte	0
 1550 05f1 00       		.byte	0
 1551 05f2 00       		.byte	0
 1552 05f3 00       		.byte	0
 1553 05f4 00       		.byte	0
 1554 05f5 00       		.byte	0
 1555 05f6 00       		.byte	0
 1556 05f7 00       		.byte	0
 1557 05f8 00       		.byte	0
 1558 05f9 00       		.byte	0
 1559 05fa 00       		.byte	0
 1560 05fb 00       		.byte	0
 1561 05fc 00       		.byte	0
 1562 05fd 00       		.byte	0
 1563 05fe 00       		.byte	0
 1564 05ff 00       		.byte	0
 1565 0600 3E       		.byte	62
 1566 0601 00       		.byte	0
 1567 0602 00       		.byte	0
 1568 0603 00       		.byte	0
 1569 0604 80       		.byte	-128
 1570 0605 38       		.byte	56
 1571 0606 00       		.byte	0
 1572 0607 40       		.byte	64
 1573 0608 80       		.byte	-128
 1574 0609 08       		.byte	8
 1575 060a 40       		.byte	64
 1576 060b 90       		.byte	-112
 1577 060c 20       		.byte	32
 1578 060d 30       		.byte	48
 1579 060e 08       		.byte	8
 1580 060f 88       		.byte	-120
 1581 0610 0C       		.byte	12
 1582 0611 00       		.byte	0
 1583 0612 22       		.byte	34
 1584 0613 00       		.byte	0
 1585 0614 00       		.byte	0
 1586 0615 00       		.byte	0
 1587 0616 40       		.byte	64
 1588 0617 F8       		.byte	-8
 1589 0618 00       		.byte	0
 1590 0619 00       		.byte	0
 1591 061a 01       		.byte	1
 1592 061b 02       		.byte	2
 1593 061c 30       		.byte	48
 1594 061d C0       		.byte	-64
 1595 061e 06       		.byte	6
 1596 061f 18       		.byte	24
ARM GAS  C:\Users\Jacob\AppData\Local\Temp\ccErzqU4.s 			page 29


 1597 0620 00       		.byte	0
 1598 0621 03       		.byte	3
 1599 0622 00       		.byte	0
 1600 0623 00       		.byte	0
 1601 0624 0E       		.byte	14
 1602 0625 00       		.byte	0
 1603 0626 10       		.byte	16
 1604 0627 01       		.byte	1
 1605 0628 02       		.byte	2
 1606 0629 80       		.byte	-128
 1607 062a 24       		.byte	36
 1608 062b 20       		.byte	32
 1609 062c 00       		.byte	0
 1610 062d 00       		.byte	0
 1611 062e 00       		.byte	0
 1612 062f 04       		.byte	4
 1613 0630 80       		.byte	-128
 1614 0631 00       		.byte	0
 1615 0632 40       		.byte	64
 1616 0633 04       		.byte	4
 1617 0634 01       		.byte	1
 1618 0635 03       		.byte	3
 1619 0636 3E       		.byte	62
 1620 0637 F8       		.byte	-8
 1621 0638 02       		.byte	2
 1622 0639 00       		.byte	0
 1623 063a 00       		.byte	0
 1624 063b 00       		.byte	0
 1625 063c 00       		.byte	0
 1626 063d 00       		.byte	0
 1627 063e 05       		.byte	5
 1628 063f 00       		.byte	0
 1629 0640 30       		.byte	48
 1630 0641 04       		.byte	4
 1631 0642 00       		.byte	0
 1632 0643 00       		.byte	0
 1633 0644 00       		.byte	0
 1634 0645 D2       		.byte	-46
 1635 0646 04       		.byte	4
 1636 0647 15       		.byte	21
 1637 0648 3F       		.byte	63
 1638 0649 FF       		.byte	-1
 1639 064a FF       		.byte	-1
 1640 064b FF       		.byte	-1
 1641 064c 00       		.byte	0
 1642 064d AF       		.byte	-81
 1643 064e 0F       		.byte	15
 1644 064f 04       		.byte	4
 1645 0650 18       		.byte	24
 1646 0651 00       		.byte	0
 1647 0652 87       		.byte	-121
 1648 0653 00       		.byte	0
 1649 0654 07       		.byte	7
 1650 0655 00       		.byte	0
 1651 0656 00       		.byte	0
 1652 0657 00       		.byte	0
 1653 0658 04       		.byte	4
ARM GAS  C:\Users\Jacob\AppData\Local\Temp\ccErzqU4.s 			page 30


 1654 0659 04       		.byte	4
 1655 065a 04       		.byte	4
 1656 065b 04       		.byte	4
 1657 065c 11       		.byte	17
 1658 065d 11       		.byte	17
 1659 065e 00       		.byte	0
 1660 065f 01       		.byte	1
 1661 0660 40       		.byte	64
 1662 0661 00       		.byte	0
 1663 0662 40       		.byte	64
 1664 0663 A8       		.byte	-88
 1665 0664 40       		.byte	64
 1666 0665 40       		.byte	64
 1667 0666 40       		.byte	64
 1668 0667 A8       		.byte	-88
 1669 0668 40       		.byte	64
 1670 0669 00       		.byte	0
 1671 066a 40       		.byte	64
 1672 066b A8       		.byte	-88
 1673 066c 40       		.byte	64
 1674 066d 20       		.byte	32
 1675 066e 40       		.byte	64
 1676 066f A8       		.byte	-88
 1677 0670 00       		.byte	0
 1678 0671 00       		.byte	0
 1679 0672 00       		.byte	0
 1680 0673 00       		.byte	0
 1681 0674 00       		.byte	0
 1682 0675 00       		.byte	0
 1683 0676 00       		.byte	0
 1684 0677 00       		.byte	0
 1685 0678 00       		.byte	0
 1686 0679 00       		.byte	0
 1687 067a 00       		.byte	0
 1688 067b 00       		.byte	0
 1689 067c 00       		.byte	0
 1690 067d 00       		.byte	0
 1691 067e 00       		.byte	0
 1692 067f 00       		.byte	0
 1693 0680 00       		.byte	0
 1694 0681 0F       		.byte	15
 1695 0682 0F       		.byte	15
 1696 0683 00       		.byte	0
 1697 0684 0F       		.byte	15
 1698 0685 00       		.byte	0
 1699 0686 00       		.byte	0
 1700 0687 00       		.byte	0
 1701 0688 80       		.byte	-128
 1702 0689 00       		.byte	0
 1703 068a 40       		.byte	64
 1704 068b 80       		.byte	-128
 1705 068c 80       		.byte	-128
 1706 068d 00       		.byte	0
 1707 068e 80       		.byte	-128
 1708 068f 00       		.byte	0
 1709 0690 00       		.byte	0
 1710 0691 00       		.byte	0
ARM GAS  C:\Users\Jacob\AppData\Local\Temp\ccErzqU4.s 			page 31


 1711 0692 00       		.byte	0
 1712 0693 00       		.byte	0
 1713 0694 00       		.byte	0
 1714 0695 0B       		.byte	11
 1715 0696 0B       		.byte	11
 1716 0697 00       		.byte	0
 1717 0698 00       		.byte	0
 1718 0699 00       		.byte	0
 1719 069a 00       		.byte	0
 1720 069b 00       		.byte	0
 1721 069c F0       		.byte	-16
 1722 069d FF       		.byte	-1
 1723 069e 0F       		.byte	15
 1724 069f 00       		.byte	0
 1725 06a0 00       		.byte	0
 1726 06a1 00       		.byte	0
 1727 06a2 00       		.byte	0
 1728 06a3 00       		.byte	0
 1729              		.section	.cywolatch,"a",%progbits
 1730              		.align	2
 1731              		.type	cy_meta_wonvl, %object
 1732              		.size	cy_meta_wonvl, 4
 1733              	cy_meta_wonvl:
 1734 0000 BC       		.byte	-68
 1735 0001 90       		.byte	-112
 1736 0002 AC       		.byte	-84
 1737 0003 AF       		.byte	-81
 1738              		.section	.cycustnvl,"a",%progbits
 1739              		.align	2
 1740              		.type	cy_meta_custnvl, %object
 1741              		.size	cy_meta_custnvl, 4
 1742              	cy_meta_custnvl:
 1743 0000 00       		.byte	0
 1744 0001 00       		.byte	0
 1745 0002 40       		.byte	64
 1746 0003 05       		.byte	5
 1747              		.section	.cymeta,"a",%progbits
 1748              		.align	2
 1749              		.type	cy_metadata, %object
 1750              		.size	cy_metadata, 12
 1751              	cy_metadata:
 1752 0000 00       		.byte	0
 1753 0001 01       		.byte	1
 1754 0002 2E       		.byte	46
 1755 0003 16       		.byte	22
 1756 0004 10       		.byte	16
 1757 0005 69       		.byte	105
 1758 0006 00       		.byte	0
 1759 0007 01       		.byte	1
 1760 0008 00       		.byte	0
 1761 0009 00       		.byte	0
 1762 000a 00       		.byte	0
 1763 000b 00       		.byte	0
 1764              		.section	.cyflashprotect,"a",%progbits
 1765              		.align	2
 1766              		.type	cy_meta_flashprotect, %object
 1767              		.size	cy_meta_flashprotect, 256
ARM GAS  C:\Users\Jacob\AppData\Local\Temp\ccErzqU4.s 			page 32


 1768              	cy_meta_flashprotect:
 1769 0000 00000000 		.space	256
 1769      00000000 
 1769      00000000 
 1769      00000000 
 1769      00000000 
 1770              		.text
 1771              	.Letext0:
 1772              		.file 1 "c:\\program files (x86)\\cypress\\psoc creator\\4.1\\psoc creator\\import\\gnu\\arm\\5.4.
 1773              		.file 2 "c:\\program files (x86)\\cypress\\psoc creator\\4.1\\psoc creator\\import\\gnu\\arm\\5.4.
 1774              		.file 3 "Generated_Source\\PSoC5\\cymetadata.c"
 1775              		.section	.debug_info,"",%progbits
 1776              	.Ldebug_info0:
 1777 0000 35010000 		.4byte	0x135
 1778 0004 0400     		.2byte	0x4
 1779 0006 00000000 		.4byte	.Ldebug_abbrev0
 1780 000a 04       		.byte	0x4
 1781 000b 01       		.uleb128 0x1
 1782 000c 24000000 		.4byte	.LASF17
 1783 0010 0C       		.byte	0xc
 1784 0011 C2010000 		.4byte	.LASF18
 1785 0015 B2000000 		.4byte	.LASF19
 1786 0019 00000000 		.4byte	.Ldebug_line0
 1787 001d 02       		.uleb128 0x2
 1788 001e 01       		.byte	0x1
 1789 001f 06       		.byte	0x6
 1790 0020 B6010000 		.4byte	.LASF0
 1791 0024 03       		.uleb128 0x3
 1792 0025 00000000 		.4byte	.LASF9
 1793 0029 01       		.byte	0x1
 1794 002a 1D       		.byte	0x1d
 1795 002b 2F000000 		.4byte	0x2f
 1796 002f 02       		.uleb128 0x2
 1797 0030 01       		.byte	0x1
 1798 0031 08       		.byte	0x8
 1799 0032 16000000 		.4byte	.LASF1
 1800 0036 02       		.uleb128 0x2
 1801 0037 02       		.byte	0x2
 1802 0038 05       		.byte	0x5
 1803 0039 A3010000 		.4byte	.LASF2
 1804 003d 02       		.uleb128 0x2
 1805 003e 02       		.byte	0x2
 1806 003f 07       		.byte	0x7
 1807 0040 F6000000 		.4byte	.LASF3
 1808 0044 02       		.uleb128 0x2
 1809 0045 04       		.byte	0x4
 1810 0046 05       		.byte	0x5
 1811 0047 AD010000 		.4byte	.LASF4
 1812 004b 02       		.uleb128 0x2
 1813 004c 04       		.byte	0x4
 1814 004d 07       		.byte	0x7
 1815 004e 09010000 		.4byte	.LASF5
 1816 0052 02       		.uleb128 0x2
 1817 0053 08       		.byte	0x8
 1818 0054 05       		.byte	0x5
 1819 0055 95010000 		.4byte	.LASF6
 1820 0059 02       		.uleb128 0x2
ARM GAS  C:\Users\Jacob\AppData\Local\Temp\ccErzqU4.s 			page 33


 1821 005a 08       		.byte	0x8
 1822 005b 07       		.byte	0x7
 1823 005c 4A010000 		.4byte	.LASF7
 1824 0060 04       		.uleb128 0x4
 1825 0061 04       		.byte	0x4
 1826 0062 05       		.byte	0x5
 1827 0063 696E7400 		.ascii	"int\000"
 1828 0067 02       		.uleb128 0x2
 1829 0068 04       		.byte	0x4
 1830 0069 07       		.byte	0x7
 1831 006a 3D010000 		.4byte	.LASF8
 1832 006e 03       		.uleb128 0x3
 1833 006f 61010000 		.4byte	.LASF10
 1834 0073 02       		.byte	0x2
 1835 0074 18       		.byte	0x18
 1836 0075 24000000 		.4byte	0x24
 1837 0079 05       		.uleb128 0x5
 1838 007a 91000000 		.4byte	0x91
 1839 007e 8A000000 		.4byte	0x8a
 1840 0082 06       		.uleb128 0x6
 1841 0083 8A000000 		.4byte	0x8a
 1842 0087 A306     		.2byte	0x6a3
 1843 0089 00       		.byte	0
 1844 008a 02       		.uleb128 0x2
 1845 008b 04       		.byte	0x4
 1846 008c 07       		.byte	0x7
 1847 008d 8C010000 		.4byte	.LASF11
 1848 0091 07       		.uleb128 0x7
 1849 0092 6E000000 		.4byte	0x6e
 1850 0096 08       		.uleb128 0x8
 1851 0097 2B010000 		.4byte	.LASF12
 1852 009b 03       		.byte	0x3
 1853 009c 1F       		.byte	0x1f
 1854 009d A7000000 		.4byte	0xa7
 1855 00a1 05       		.uleb128 0x5
 1856 00a2 03       		.byte	0x3
 1857 00a3 00000000 		.4byte	cy_meta_configecc
 1858 00a7 07       		.uleb128 0x7
 1859 00a8 79000000 		.4byte	0x79
 1860 00ac 05       		.uleb128 0x5
 1861 00ad 91000000 		.4byte	0x91
 1862 00b1 BC000000 		.4byte	0xbc
 1863 00b5 09       		.uleb128 0x9
 1864 00b6 8A000000 		.4byte	0x8a
 1865 00ba 03       		.byte	0x3
 1866 00bb 00       		.byte	0
 1867 00bc 0A       		.uleb128 0xa
 1868 00bd 1B010000 		.4byte	.LASF13
 1869 00c1 03       		.byte	0x3
 1870 00c2 0101     		.2byte	0x101
 1871 00c4 CE000000 		.4byte	0xce
 1872 00c8 05       		.uleb128 0x5
 1873 00c9 03       		.byte	0x3
 1874 00ca 00000000 		.4byte	cy_meta_custnvl
 1875 00ce 07       		.uleb128 0x7
 1876 00cf AC000000 		.4byte	0xac
 1877 00d3 0A       		.uleb128 0xa
ARM GAS  C:\Users\Jacob\AppData\Local\Temp\ccErzqU4.s 			page 34


 1878 00d4 7E010000 		.4byte	.LASF14
 1879 00d8 03       		.byte	0x3
 1880 00d9 0F01     		.2byte	0x10f
 1881 00db E5000000 		.4byte	0xe5
 1882 00df 05       		.uleb128 0x5
 1883 00e0 03       		.byte	0x3
 1884 00e1 00000000 		.4byte	cy_meta_wonvl
 1885 00e5 07       		.uleb128 0x7
 1886 00e6 AC000000 		.4byte	0xac
 1887 00ea 05       		.uleb128 0x5
 1888 00eb 91000000 		.4byte	0x91
 1889 00ef FA000000 		.4byte	0xfa
 1890 00f3 09       		.uleb128 0x9
 1891 00f4 8A000000 		.4byte	0x8a
 1892 00f8 FF       		.byte	0xff
 1893 00f9 00       		.byte	0
 1894 00fa 0A       		.uleb128 0xa
 1895 00fb 69010000 		.4byte	.LASF15
 1896 00ff 03       		.byte	0x3
 1897 0100 1D01     		.2byte	0x11d
 1898 0102 0C010000 		.4byte	0x10c
 1899 0106 05       		.uleb128 0x5
 1900 0107 03       		.byte	0x3
 1901 0108 00000000 		.4byte	cy_meta_flashprotect
 1902 010c 07       		.uleb128 0x7
 1903 010d EA000000 		.4byte	0xea
 1904 0111 05       		.uleb128 0x5
 1905 0112 91000000 		.4byte	0x91
 1906 0116 21010000 		.4byte	0x121
 1907 011a 09       		.uleb128 0x9
 1908 011b 8A000000 		.4byte	0x8a
 1909 011f 0B       		.byte	0xb
 1910 0120 00       		.byte	0
 1911 0121 0A       		.uleb128 0xa
 1912 0122 0A000000 		.4byte	.LASF16
 1913 0126 03       		.byte	0x3
 1914 0127 4A01     		.2byte	0x14a
 1915 0129 33010000 		.4byte	0x133
 1916 012d 05       		.uleb128 0x5
 1917 012e 03       		.byte	0x3
 1918 012f 00000000 		.4byte	cy_metadata
 1919 0133 07       		.uleb128 0x7
 1920 0134 11010000 		.4byte	0x111
 1921 0138 00       		.byte	0
 1922              		.section	.debug_abbrev,"",%progbits
 1923              	.Ldebug_abbrev0:
 1924 0000 01       		.uleb128 0x1
 1925 0001 11       		.uleb128 0x11
 1926 0002 01       		.byte	0x1
 1927 0003 25       		.uleb128 0x25
 1928 0004 0E       		.uleb128 0xe
 1929 0005 13       		.uleb128 0x13
 1930 0006 0B       		.uleb128 0xb
 1931 0007 03       		.uleb128 0x3
 1932 0008 0E       		.uleb128 0xe
 1933 0009 1B       		.uleb128 0x1b
 1934 000a 0E       		.uleb128 0xe
ARM GAS  C:\Users\Jacob\AppData\Local\Temp\ccErzqU4.s 			page 35


 1935 000b 10       		.uleb128 0x10
 1936 000c 17       		.uleb128 0x17
 1937 000d 00       		.byte	0
 1938 000e 00       		.byte	0
 1939 000f 02       		.uleb128 0x2
 1940 0010 24       		.uleb128 0x24
 1941 0011 00       		.byte	0
 1942 0012 0B       		.uleb128 0xb
 1943 0013 0B       		.uleb128 0xb
 1944 0014 3E       		.uleb128 0x3e
 1945 0015 0B       		.uleb128 0xb
 1946 0016 03       		.uleb128 0x3
 1947 0017 0E       		.uleb128 0xe
 1948 0018 00       		.byte	0
 1949 0019 00       		.byte	0
 1950 001a 03       		.uleb128 0x3
 1951 001b 16       		.uleb128 0x16
 1952 001c 00       		.byte	0
 1953 001d 03       		.uleb128 0x3
 1954 001e 0E       		.uleb128 0xe
 1955 001f 3A       		.uleb128 0x3a
 1956 0020 0B       		.uleb128 0xb
 1957 0021 3B       		.uleb128 0x3b
 1958 0022 0B       		.uleb128 0xb
 1959 0023 49       		.uleb128 0x49
 1960 0024 13       		.uleb128 0x13
 1961 0025 00       		.byte	0
 1962 0026 00       		.byte	0
 1963 0027 04       		.uleb128 0x4
 1964 0028 24       		.uleb128 0x24
 1965 0029 00       		.byte	0
 1966 002a 0B       		.uleb128 0xb
 1967 002b 0B       		.uleb128 0xb
 1968 002c 3E       		.uleb128 0x3e
 1969 002d 0B       		.uleb128 0xb
 1970 002e 03       		.uleb128 0x3
 1971 002f 08       		.uleb128 0x8
 1972 0030 00       		.byte	0
 1973 0031 00       		.byte	0
 1974 0032 05       		.uleb128 0x5
 1975 0033 01       		.uleb128 0x1
 1976 0034 01       		.byte	0x1
 1977 0035 49       		.uleb128 0x49
 1978 0036 13       		.uleb128 0x13
 1979 0037 01       		.uleb128 0x1
 1980 0038 13       		.uleb128 0x13
 1981 0039 00       		.byte	0
 1982 003a 00       		.byte	0
 1983 003b 06       		.uleb128 0x6
 1984 003c 21       		.uleb128 0x21
 1985 003d 00       		.byte	0
 1986 003e 49       		.uleb128 0x49
 1987 003f 13       		.uleb128 0x13
 1988 0040 2F       		.uleb128 0x2f
 1989 0041 05       		.uleb128 0x5
 1990 0042 00       		.byte	0
 1991 0043 00       		.byte	0
ARM GAS  C:\Users\Jacob\AppData\Local\Temp\ccErzqU4.s 			page 36


 1992 0044 07       		.uleb128 0x7
 1993 0045 26       		.uleb128 0x26
 1994 0046 00       		.byte	0
 1995 0047 49       		.uleb128 0x49
 1996 0048 13       		.uleb128 0x13
 1997 0049 00       		.byte	0
 1998 004a 00       		.byte	0
 1999 004b 08       		.uleb128 0x8
 2000 004c 34       		.uleb128 0x34
 2001 004d 00       		.byte	0
 2002 004e 03       		.uleb128 0x3
 2003 004f 0E       		.uleb128 0xe
 2004 0050 3A       		.uleb128 0x3a
 2005 0051 0B       		.uleb128 0xb
 2006 0052 3B       		.uleb128 0x3b
 2007 0053 0B       		.uleb128 0xb
 2008 0054 49       		.uleb128 0x49
 2009 0055 13       		.uleb128 0x13
 2010 0056 3F       		.uleb128 0x3f
 2011 0057 19       		.uleb128 0x19
 2012 0058 02       		.uleb128 0x2
 2013 0059 18       		.uleb128 0x18
 2014 005a 00       		.byte	0
 2015 005b 00       		.byte	0
 2016 005c 09       		.uleb128 0x9
 2017 005d 21       		.uleb128 0x21
 2018 005e 00       		.byte	0
 2019 005f 49       		.uleb128 0x49
 2020 0060 13       		.uleb128 0x13
 2021 0061 2F       		.uleb128 0x2f
 2022 0062 0B       		.uleb128 0xb
 2023 0063 00       		.byte	0
 2024 0064 00       		.byte	0
 2025 0065 0A       		.uleb128 0xa
 2026 0066 34       		.uleb128 0x34
 2027 0067 00       		.byte	0
 2028 0068 03       		.uleb128 0x3
 2029 0069 0E       		.uleb128 0xe
 2030 006a 3A       		.uleb128 0x3a
 2031 006b 0B       		.uleb128 0xb
 2032 006c 3B       		.uleb128 0x3b
 2033 006d 05       		.uleb128 0x5
 2034 006e 49       		.uleb128 0x49
 2035 006f 13       		.uleb128 0x13
 2036 0070 3F       		.uleb128 0x3f
 2037 0071 19       		.uleb128 0x19
 2038 0072 02       		.uleb128 0x2
 2039 0073 18       		.uleb128 0x18
 2040 0074 00       		.byte	0
 2041 0075 00       		.byte	0
 2042 0076 00       		.byte	0
 2043              		.section	.debug_aranges,"",%progbits
 2044 0000 14000000 		.4byte	0x14
 2045 0004 0200     		.2byte	0x2
 2046 0006 00000000 		.4byte	.Ldebug_info0
 2047 000a 04       		.byte	0x4
 2048 000b 00       		.byte	0
ARM GAS  C:\Users\Jacob\AppData\Local\Temp\ccErzqU4.s 			page 37


 2049 000c 0000     		.2byte	0
 2050 000e 0000     		.2byte	0
 2051 0010 00000000 		.4byte	0
 2052 0014 00000000 		.4byte	0
 2053              		.section	.debug_line,"",%progbits
 2054              	.Ldebug_line0:
 2055 0000 3D010000 		.section	.debug_str,"MS",%progbits,1
 2055      02003701 
 2055      00000201 
 2055      FB0E0D00 
 2055      01010101 
 2056              	.LASF9:
 2057 0000 5F5F7569 		.ascii	"__uint8_t\000"
 2057      6E74385F 
 2057      7400
 2058              	.LASF16:
 2059 000a 63795F6D 		.ascii	"cy_metadata\000"
 2059      65746164 
 2059      61746100 
 2060              	.LASF1:
 2061 0016 756E7369 		.ascii	"unsigned char\000"
 2061      676E6564 
 2061      20636861 
 2061      7200
 2062              	.LASF17:
 2063 0024 474E5520 		.ascii	"GNU C11 5.4.1 20160609 (release) [ARM/embedded-5-br"
 2063      43313120 
 2063      352E342E 
 2063      31203230 
 2063      31363036 
 2064 0057 616E6368 		.ascii	"anch revision 237715] -mcpu=cortex-m3 -mthumb -g -O"
 2064      20726576 
 2064      6973696F 
 2064      6E203233 
 2064      37373135 
 2065 008a 67202D66 		.ascii	"g -ffunction-sections -ffat-lto-objects\000"
 2065      66756E63 
 2065      74696F6E 
 2065      2D736563 
 2065      74696F6E 
 2066              	.LASF19:
 2067 00b2 433A5C55 		.ascii	"C:\\Users\\Jacob\\Documents\\Junior\\EGR 456\\EGR45"
 2067      73657273 
 2067      5C4A6163 
 2067      6F625C44 
 2067      6F63756D 
 2068 00df 365C5669 		.ascii	"6\\VisualTracking.cydsn\000"
 2068      7375616C 
 2068      54726163 
 2068      6B696E67 
 2068      2E637964 
 2069              	.LASF3:
 2070 00f6 73686F72 		.ascii	"short unsigned int\000"
 2070      7420756E 
 2070      7369676E 
 2070      65642069 
 2070      6E7400
ARM GAS  C:\Users\Jacob\AppData\Local\Temp\ccErzqU4.s 			page 38


 2071              	.LASF5:
 2072 0109 6C6F6E67 		.ascii	"long unsigned int\000"
 2072      20756E73 
 2072      69676E65 
 2072      6420696E 
 2072      7400
 2073              	.LASF13:
 2074 011b 63795F6D 		.ascii	"cy_meta_custnvl\000"
 2074      6574615F 
 2074      63757374 
 2074      6E766C00 
 2075              	.LASF12:
 2076 012b 63795F6D 		.ascii	"cy_meta_configecc\000"
 2076      6574615F 
 2076      636F6E66 
 2076      69676563 
 2076      6300
 2077              	.LASF8:
 2078 013d 756E7369 		.ascii	"unsigned int\000"
 2078      676E6564 
 2078      20696E74 
 2078      00
 2079              	.LASF7:
 2080 014a 6C6F6E67 		.ascii	"long long unsigned int\000"
 2080      206C6F6E 
 2080      6720756E 
 2080      7369676E 
 2080      65642069 
 2081              	.LASF10:
 2082 0161 75696E74 		.ascii	"uint8_t\000"
 2082      385F7400 
 2083              	.LASF15:
 2084 0169 63795F6D 		.ascii	"cy_meta_flashprotect\000"
 2084      6574615F 
 2084      666C6173 
 2084      6870726F 
 2084      74656374 
 2085              	.LASF14:
 2086 017e 63795F6D 		.ascii	"cy_meta_wonvl\000"
 2086      6574615F 
 2086      776F6E76 
 2086      6C00
 2087              	.LASF11:
 2088 018c 73697A65 		.ascii	"sizetype\000"
 2088      74797065 
 2088      00
 2089              	.LASF6:
 2090 0195 6C6F6E67 		.ascii	"long long int\000"
 2090      206C6F6E 
 2090      6720696E 
 2090      7400
 2091              	.LASF2:
 2092 01a3 73686F72 		.ascii	"short int\000"
 2092      7420696E 
 2092      7400
 2093              	.LASF4:
 2094 01ad 6C6F6E67 		.ascii	"long int\000"
ARM GAS  C:\Users\Jacob\AppData\Local\Temp\ccErzqU4.s 			page 39


 2094      20696E74 
 2094      00
 2095              	.LASF0:
 2096 01b6 7369676E 		.ascii	"signed char\000"
 2096      65642063 
 2096      68617200 
 2097              	.LASF18:
 2098 01c2 47656E65 		.ascii	"Generated_Source\\PSoC5\\cymetadata.c\000"
 2098      72617465 
 2098      645F536F 
 2098      75726365 
 2098      5C50536F 
 2099              		.ident	"GCC: (GNU Tools for ARM Embedded Processors) 5.4.1 20160609 (release) [ARM/embedded-5-bran
