ARM GAS  C:\Users\Jacob\AppData\Local\Temp\cc2VFEgp.s 			page 1


   1              		.syntax unified
   2              		.cpu cortex-m0
   3              		.fpu softvfp
   4              		.eabi_attribute 20, 1
   5              		.eabi_attribute 21, 1
   6              		.eabi_attribute 23, 3
   7              		.eabi_attribute 24, 1
   8              		.eabi_attribute 25, 1
   9              		.eabi_attribute 26, 1
  10              		.eabi_attribute 30, 1
  11              		.eabi_attribute 34, 0
  12              		.eabi_attribute 18, 4
  13              		.thumb
  14              		.syntax unified
  15              		.file	"main.c"
  16              		.text
  17              	.Ltext0:
  18              		.cfi_sections	.debug_frame
  19              		.section	.text.main,"ax",%progbits
  20              		.align	2
  21              		.global	main
  22              		.code	16
  23              		.thumb_func
  24              		.type	main, %function
  25              	main:
  26              	.LFB36:
  27              		.file 1 "main.c"
   1:main.c        **** /******************************************************************************
   2:main.c        **** * Project Name		: USB-UART-EGR
   3:main.c        **** * File Name			: main.c
   4:main.c        **** * Version 			: 1.1 (Updated by Dr. Jordan)
   5:main.c        **** * Device Used		: CY8C4245AXI-483
   6:main.c        **** * Software Used		: PSoC Creator 3.0 SP1
   7:main.c        **** * Compiler    		: ARMGCC 4.4.1
   8:main.c        **** * Related Hardware	: CY8CKIT-042 PSoC 4 Pioneer Kit 
   9:main.c        **** *
  10:main.c        **** *
  11:main.c        **** ******************************************************************************
  12:main.c        **** *                           THEORY OF OPERATION
  13:main.c        **** * This project demonstrates UART communication over the kit USB-UART Bridge. 
  14:main.c        **** * The project uses the SCB based UART component which stores the users input in an
  15:main.c        **** * array. when the user press the return key the PSoC will send what has be in the 
  16:main.c        **** * array, then clears the array and sets the pointer back to o.
  17:main.c        **** * 
  18:main.c        **** * UART is configured with
  19:main.c        **** * UART Basic
  20:main.c        **** * 	Mode: Standard
  21:main.c        **** * 	Direction: TX+RX
  22:main.c        **** * 	Baud rate (kbps): 9600
  23:main.c        **** * 	Data bits: 8 bits
  24:main.c        **** * 	Parity: None
  25:main.c        **** * 	Stop bits: 1 bit
  26:main.c        **** * 	Physical connections needed:
  27:main.c        **** * 	Jumper between P0[5] and PSoC 5LP Header J8 P12[6]
  28:main.c        **** * UART Advanced
  29:main.c        **** * 	RX buffer size: 8
  30:main.c        **** * 	TX buffer size: 8
ARM GAS  C:\Users\Jacob\AppData\Local\Temp\cc2VFEgp.s 			page 2


  31:main.c        **** * 	Interrupt: None
  32:main.c        **** *
  33:main.c        **** * Physical Connetion
  34:main.c        **** * Connect jumper wire from the UART RX (P0[4]) of PSoC 4 to J8_10 (P12[7]) of PSoC 5LP
  35:main.c        **** * Connect jumper wire from the UART TX (P0[5]) of PSoC 4 to J8_9 (P12[6]) of PSoC 5LP
  36:main.c        **** * ******************************************************************************/ 
  37:main.c        **** #include <project.h>
  38:main.c        **** #include <stdio.h>
  39:main.c        **** #include <stdlib.h>     // contains strtod(), which converts an ASCII string to a double
  40:main.c        **** 
  41:main.c        **** int main()
  42:main.c        **** {
  28              		.loc 1 42 0
  29              		.cfi_startproc
  30              		@ args = 0, pretend = 0, frame = 104
  31              		@ frame_needed = 0, uses_anonymous_args = 0
  32 0000 F0B5     		push	{r4, r5, r6, r7, lr}
  33              		.cfi_def_cfa_offset 20
  34              		.cfi_offset 4, -20
  35              		.cfi_offset 5, -16
  36              		.cfi_offset 6, -12
  37              		.cfi_offset 7, -8
  38              		.cfi_offset 14, -4
  39 0002 9BB0     		sub	sp, sp, #108
  40              		.cfi_def_cfa_offset 128
  41              	.LVL0:
  43:main.c        ****     char rxbuffer[100];                 // UART receive buffer
  44:main.c        ****     int rxindex;                        // UART receive buffer index
  45:main.c        ****     
  46:main.c        ****     double number;                      // floating-point number
  47:main.c        ****     
  48:main.c        ****     uint8 ch;                           // variable to hold received character
  49:main.c        ****    
  50:main.c        ****     // initialize and clear rxbuffer
  51:main.c        ****     for( rxindex = 0; rxindex < 100; rxindex++ ) {
  42              		.loc 1 51 0
  43 0004 0023     		movs	r3, #0
  44 0006 03E0     		b	.L2
  45              	.LVL1:
  46              	.L3:
  52:main.c        ****         rxbuffer[rxindex] = 0u;
  47              		.loc 1 52 0 discriminator 3
  48 0008 0021     		movs	r1, #0
  49 000a 01AA     		add	r2, sp, #4
  50 000c D154     		strb	r1, [r2, r3]
  51:main.c        ****         rxbuffer[rxindex] = 0u;
  51              		.loc 1 51 0 discriminator 3
  52 000e 0133     		adds	r3, r3, #1
  53              	.LVL2:
  54              	.L2:
  51:main.c        ****         rxbuffer[rxindex] = 0u;
  55              		.loc 1 51 0 is_stmt 0 discriminator 1
  56 0010 632B     		cmp	r3, #99
  57 0012 F9DD     		ble	.L3
  58              	.LVL3:
  53:main.c        ****     }
  54:main.c        ****     rxindex = 0;                        // initialize rxindex
ARM GAS  C:\Users\Jacob\AppData\Local\Temp\cc2VFEgp.s 			page 3


  55:main.c        ****    
  56:main.c        ****     uart_Start();  // start UART
  59              		.loc 1 56 0 is_stmt 1
  60 0014 FFF7FEFF 		bl	uart_Start
  61              	.LVL4:
  57:main.c        ****     
  58:main.c        ****     // printf( "COM OPEN!\n" );
  59:main.c        **** 	uart_PutString( "COM OPEN!\n" );// display initialization string
  62              		.loc 1 59 0
  63 0018 1E48     		ldr	r0, .L9
  64 001a FFF7FEFF 		bl	uart_PutString
  65              	.LVL5:
  60:main.c        **** 	
  61:main.c        ****     // printf( "Type a number: " );
  62:main.c        ****     uart_PutString( "Type a number: " );
  66              		.loc 1 62 0
  67 001e 1E48     		ldr	r0, .L9+4
  68 0020 FFF7FEFF 		bl	uart_PutString
  69              	.LVL6:
  54:main.c        ****    
  70              		.loc 1 54 0
  71 0024 0025     		movs	r5, #0
  63:main.c        ****     
  64:main.c        ****     // read string until the user presses return
  65:main.c        ****     // scanf( "%s", rxbuffer );
  66:main.c        ****     while( ch != '\r' ) {
  72              		.loc 1 66 0
  73 0026 09E0     		b	.L4
  74              	.LVL7:
  75              	.L6:
  67:main.c        ****         ch = uart_GetChar();        // get the next character
  76              		.loc 1 67 0
  77 0028 FFF7FEFF 		bl	uart_GetChar
  78              	.LVL8:
  79 002c 0400     		movs	r4, r0
  80              	.LVL9:
  68:main.c        ****         
  69:main.c        ****         if( ch != '\r' && ch != 0u ) {  // if the character is not a return or null
  81              		.loc 1 69 0
  82 002e 0D28     		cmp	r0, #13
  83 0030 04D0     		beq	.L4
  84              		.loc 1 69 0 is_stmt 0 discriminator 1
  85 0032 0028     		cmp	r0, #0
  86 0034 02D0     		beq	.L4
  70:main.c        ****             rxbuffer[rxindex] = ch;     // store it in the rxbuffer string
  87              		.loc 1 70 0 is_stmt 1
  88 0036 01AB     		add	r3, sp, #4
  89 0038 5855     		strb	r0, [r3, r5]
  71:main.c        ****             rxindex++;                  // increment the rxbuffer index
  90              		.loc 1 71 0
  91 003a 0135     		adds	r5, r5, #1
  92              	.LVL10:
  93              	.L4:
  66:main.c        ****         ch = uart_GetChar();        // get the next character
  94              		.loc 1 66 0
  95 003c 0D2C     		cmp	r4, #13
  96 003e F3D1     		bne	.L6
ARM GAS  C:\Users\Jacob\AppData\Local\Temp\cc2VFEgp.s 			page 4


  72:main.c        ****         }
  73:main.c        ****     }
  74:main.c        ****     
  75:main.c        ****     // output the received string to the UART
  76:main.c        ****     // printf( "\n%s\n", rxbuffer );
  77:main.c        ****     uart_PutChar('\n');
  97              		.loc 1 77 0
  98 0040 0A20     		movs	r0, #10
  99 0042 FFF7FEFF 		bl	uart_PutChar
 100              	.LVL11:
  78:main.c        ****     uart_PutString(rxbuffer);
 101              		.loc 1 78 0
 102 0046 01A8     		add	r0, sp, #4
 103 0048 FFF7FEFF 		bl	uart_PutString
 104              	.LVL12:
  79:main.c        ****     uart_PutChar('\n');
 105              		.loc 1 79 0
 106 004c 0A20     		movs	r0, #10
 107 004e FFF7FEFF 		bl	uart_PutChar
 108              	.LVL13:
  80:main.c        **** 
  81:main.c        ****     // convert the received string to a double (floating-point number)
  82:main.c        ****     number = strtod( rxbuffer, 0 );
 109              		.loc 1 82 0
 110 0052 0021     		movs	r1, #0
 111 0054 01A8     		add	r0, sp, #4
 112 0056 FFF7FEFF 		bl	strtod
 113              	.LVL14:
 114 005a 0600     		movs	r6, r0
 115 005c 0F00     		movs	r7, r1
 116              	.LVL15:
  83:main.c        ****     
  84:main.c        ****     // initialize and clear rxbuffer (good practice to avoid bugs)
  85:main.c        ****     for( rxindex = 0; rxindex < 100; rxindex++ ) {
 117              		.loc 1 85 0
 118 005e 0023     		movs	r3, #0
 119 0060 03E0     		b	.L7
 120              	.LVL16:
 121              	.L8:
  86:main.c        ****         rxbuffer[rxindex] = 0u;
 122              		.loc 1 86 0 discriminator 3
 123 0062 0024     		movs	r4, #0
 124 0064 01A9     		add	r1, sp, #4
 125 0066 CC54     		strb	r4, [r1, r3]
  85:main.c        ****         rxbuffer[rxindex] = 0u;
 126              		.loc 1 85 0 discriminator 3
 127 0068 0133     		adds	r3, r3, #1
 128              	.LVL17:
 129              	.L7:
  85:main.c        ****         rxbuffer[rxindex] = 0u;
 130              		.loc 1 85 0 is_stmt 0 discriminator 1
 131 006a 632B     		cmp	r3, #99
 132 006c F9DD     		ble	.L8
 133              	.LVL18:
  87:main.c        ****     }
  88:main.c        ****     rxindex = 0;        // initialize rxindex
  89:main.c        ****     
ARM GAS  C:\Users\Jacob\AppData\Local\Temp\cc2VFEgp.s 			page 5


  90:main.c        ****     // output the float as a string and store it in rxbuffer
  91:main.c        ****     // NOTE: In order to properly output doubles, you must enable them in the compiler
  92:main.c        ****     // See http://www.cypress.com/?id=4&rID=87354 for more details
  93:main.c        ****     sprintf( rxbuffer, "Converted from double = %lf\n", number );
 134              		.loc 1 93 0 is_stmt 1
 135 006e 3200     		movs	r2, r6
 136 0070 3B00     		movs	r3, r7
 137 0072 0A49     		ldr	r1, .L9+8
 138 0074 01A8     		add	r0, sp, #4
 139 0076 FFF7FEFF 		bl	sprintf
 140              	.LVL19:
  94:main.c        ****     
  95:main.c        ****     // output the new string to the UART
  96:main.c        ****     // printf( "\n%s\n", rxbuffer );
  97:main.c        ****     uart_PutChar('\n');
 141              		.loc 1 97 0
 142 007a 0A20     		movs	r0, #10
 143 007c FFF7FEFF 		bl	uart_PutChar
 144              	.LVL20:
  98:main.c        ****     uart_PutString(rxbuffer);
 145              		.loc 1 98 0
 146 0080 01A8     		add	r0, sp, #4
 147 0082 FFF7FEFF 		bl	uart_PutString
 148              	.LVL21:
  99:main.c        ****     uart_PutChar('\n');
 149              		.loc 1 99 0
 150 0086 0A20     		movs	r0, #10
 151 0088 FFF7FEFF 		bl	uart_PutChar
 152              	.LVL22:
 100:main.c        ****     
 101:main.c        ****     return 0;
 102:main.c        **** }
 153              		.loc 1 102 0
 154 008c 0020     		movs	r0, #0
 155 008e 1BB0     		add	sp, sp, #108
 156              		@ sp needed
 157              	.LVL23:
 158 0090 F0BD     		pop	{r4, r5, r6, r7, pc}
 159              	.L10:
 160 0092 C046     		.align	2
 161              	.L9:
 162 0094 00000000 		.word	.LC0
 163 0098 0C000000 		.word	.LC2
 164 009c 1C000000 		.word	.LC4
 165              		.cfi_endproc
 166              	.LFE36:
 167              		.size	main, .-main
 168              		.section	.rodata.str1.4,"aMS",%progbits,1
 169              		.align	2
 170              	.LC0:
 171 0000 434F4D20 		.ascii	"COM OPEN!\012\000"
 171      4F50454E 
 171      210A00
 172 000b 00       		.space	1
 173              	.LC2:
 174 000c 54797065 		.ascii	"Type a number: \000"
 174      2061206E 
ARM GAS  C:\Users\Jacob\AppData\Local\Temp\cc2VFEgp.s 			page 6


 174      756D6265 
 174      723A2000 
 175              	.LC4:
 176 001c 436F6E76 		.ascii	"Converted from double = %lf\012\000"
 176      65727465 
 176      64206672 
 176      6F6D2064 
 176      6F75626C 
 177              		.text
 178              	.Letext0:
 179              		.file 2 "Generated_Source\\PSoC4/uart.h"
 180              		.file 3 "c:\\program files (x86)\\cypress\\psoc creator\\4.1\\psoc creator\\import\\gnu\\arm\\5.4.
 181              		.file 4 "c:\\program files (x86)\\cypress\\psoc creator\\4.1\\psoc creator\\import\\gnu\\arm\\5.4.
 182              		.file 5 "Generated_Source\\PSoC4/cytypes.h"
 183              		.section	.debug_info,"",%progbits
 184              	.Ldebug_info0:
 185 0000 28020000 		.4byte	0x228
 186 0004 0400     		.2byte	0x4
 187 0006 00000000 		.4byte	.Ldebug_abbrev0
 188 000a 04       		.byte	0x4
 189 000b 01       		.uleb128 0x1
 190 000c D0000000 		.4byte	.LASF23
 191 0010 0C       		.byte	0xc
 192 0011 2A000000 		.4byte	.LASF24
 193 0015 99010000 		.4byte	.LASF25
 194 0019 00000000 		.4byte	.Ldebug_ranges0+0
 195 001d 00000000 		.4byte	0
 196 0021 00000000 		.4byte	.Ldebug_line0
 197 0025 02       		.uleb128 0x2
 198 0026 01       		.byte	0x1
 199 0027 06       		.byte	0x6
 200 0028 71010000 		.4byte	.LASF0
 201 002c 02       		.uleb128 0x2
 202 002d 01       		.byte	0x1
 203 002e 08       		.byte	0x8
 204 002f 90000000 		.4byte	.LASF1
 205 0033 02       		.uleb128 0x2
 206 0034 02       		.byte	0x2
 207 0035 05       		.byte	0x5
 208 0036 8F010000 		.4byte	.LASF2
 209 003a 02       		.uleb128 0x2
 210 003b 02       		.byte	0x2
 211 003c 07       		.byte	0x7
 212 003d 5E010000 		.4byte	.LASF3
 213 0041 02       		.uleb128 0x2
 214 0042 04       		.byte	0x4
 215 0043 05       		.byte	0x5
 216 0044 A3000000 		.4byte	.LASF4
 217 0048 02       		.uleb128 0x2
 218 0049 04       		.byte	0x4
 219 004a 07       		.byte	0x7
 220 004b 58000000 		.4byte	.LASF5
 221 004f 02       		.uleb128 0x2
 222 0050 08       		.byte	0x8
 223 0051 05       		.byte	0x5
 224 0052 00000000 		.4byte	.LASF6
 225 0056 02       		.uleb128 0x2
ARM GAS  C:\Users\Jacob\AppData\Local\Temp\cc2VFEgp.s 			page 7


 226 0057 08       		.byte	0x8
 227 0058 07       		.byte	0x7
 228 0059 6A000000 		.4byte	.LASF7
 229 005d 03       		.uleb128 0x3
 230 005e 04       		.byte	0x4
 231 005f 05       		.byte	0x5
 232 0060 696E7400 		.ascii	"int\000"
 233 0064 02       		.uleb128 0x2
 234 0065 04       		.byte	0x4
 235 0066 07       		.byte	0x7
 236 0067 0E000000 		.4byte	.LASF8
 237 006b 04       		.uleb128 0x4
 238 006c 52000000 		.4byte	.LASF26
 239 0070 05       		.byte	0x5
 240 0071 D201     		.2byte	0x1d2
 241 0073 2C000000 		.4byte	0x2c
 242 0077 02       		.uleb128 0x2
 243 0078 04       		.byte	0x4
 244 0079 04       		.byte	0x4
 245 007a 89010000 		.4byte	.LASF9
 246 007e 02       		.uleb128 0x2
 247 007f 08       		.byte	0x8
 248 0080 04       		.byte	0x4
 249 0081 B5000000 		.4byte	.LASF10
 250 0085 02       		.uleb128 0x2
 251 0086 01       		.byte	0x1
 252 0087 08       		.byte	0x8
 253 0088 9E000000 		.4byte	.LASF11
 254 008c 02       		.uleb128 0x2
 255 008d 08       		.byte	0x8
 256 008e 04       		.byte	0x4
 257 008f 7D010000 		.4byte	.LASF12
 258 0093 02       		.uleb128 0x2
 259 0094 04       		.byte	0x4
 260 0095 07       		.byte	0x7
 261 0096 AC000000 		.4byte	.LASF13
 262 009a 05       		.uleb128 0x5
 263 009b 31000000 		.4byte	.LASF27
 264 009f 01       		.byte	0x1
 265 00a0 29       		.byte	0x29
 266 00a1 5D000000 		.4byte	0x5d
 267 00a5 00000000 		.4byte	.LFB36
 268 00a9 A0000000 		.4byte	.LFE36-.LFB36
 269 00ad 01       		.uleb128 0x1
 270 00ae 9C       		.byte	0x9c
 271 00af D9010000 		.4byte	0x1d9
 272 00b3 06       		.uleb128 0x6
 273 00b4 36000000 		.4byte	.LASF14
 274 00b8 01       		.byte	0x1
 275 00b9 2B       		.byte	0x2b
 276 00ba D9010000 		.4byte	0x1d9
 277 00be 03       		.uleb128 0x3
 278 00bf 91       		.byte	0x91
 279 00c0 847F     		.sleb128 -124
 280 00c2 07       		.uleb128 0x7
 281 00c3 88000000 		.4byte	.LASF15
 282 00c7 01       		.byte	0x1
ARM GAS  C:\Users\Jacob\AppData\Local\Temp\cc2VFEgp.s 			page 8


 283 00c8 2C       		.byte	0x2c
 284 00c9 5D000000 		.4byte	0x5d
 285 00cd 00000000 		.4byte	.LLST0
 286 00d1 07       		.uleb128 0x7
 287 00d2 81000000 		.4byte	.LASF16
 288 00d6 01       		.byte	0x1
 289 00d7 2E       		.byte	0x2e
 290 00d8 7E000000 		.4byte	0x7e
 291 00dc 59000000 		.4byte	.LLST1
 292 00e0 08       		.uleb128 0x8
 293 00e1 636800   		.ascii	"ch\000"
 294 00e4 01       		.byte	0x1
 295 00e5 30       		.byte	0x30
 296 00e6 6B000000 		.4byte	0x6b
 297 00ea 71000000 		.4byte	.LLST2
 298 00ee 09       		.uleb128 0x9
 299 00ef 18000000 		.4byte	.LVL4
 300 00f3 E9010000 		.4byte	0x1e9
 301 00f7 0A       		.uleb128 0xa
 302 00f8 1E000000 		.4byte	.LVL5
 303 00fc F4010000 		.4byte	0x1f4
 304 0100 0E010000 		.4byte	0x10e
 305 0104 0B       		.uleb128 0xb
 306 0105 01       		.uleb128 0x1
 307 0106 50       		.byte	0x50
 308 0107 05       		.uleb128 0x5
 309 0108 03       		.byte	0x3
 310 0109 00000000 		.4byte	.LC0
 311 010d 00       		.byte	0
 312 010e 0A       		.uleb128 0xa
 313 010f 24000000 		.4byte	.LVL6
 314 0113 F4010000 		.4byte	0x1f4
 315 0117 25010000 		.4byte	0x125
 316 011b 0B       		.uleb128 0xb
 317 011c 01       		.uleb128 0x1
 318 011d 50       		.byte	0x50
 319 011e 05       		.uleb128 0x5
 320 011f 03       		.byte	0x3
 321 0120 0C000000 		.4byte	.LC2
 322 0124 00       		.byte	0
 323 0125 09       		.uleb128 0x9
 324 0126 2C000000 		.4byte	.LVL8
 325 012a FF010000 		.4byte	0x1ff
 326 012e 0A       		.uleb128 0xa
 327 012f 46000000 		.4byte	.LVL11
 328 0133 0A020000 		.4byte	0x20a
 329 0137 41010000 		.4byte	0x141
 330 013b 0B       		.uleb128 0xb
 331 013c 01       		.uleb128 0x1
 332 013d 50       		.byte	0x50
 333 013e 01       		.uleb128 0x1
 334 013f 3A       		.byte	0x3a
 335 0140 00       		.byte	0
 336 0141 0A       		.uleb128 0xa
 337 0142 4C000000 		.4byte	.LVL12
 338 0146 F4010000 		.4byte	0x1f4
 339 014a 56010000 		.4byte	0x156
ARM GAS  C:\Users\Jacob\AppData\Local\Temp\cc2VFEgp.s 			page 9


 340 014e 0B       		.uleb128 0xb
 341 014f 01       		.uleb128 0x1
 342 0150 50       		.byte	0x50
 343 0151 03       		.uleb128 0x3
 344 0152 91       		.byte	0x91
 345 0153 847F     		.sleb128 -124
 346 0155 00       		.byte	0
 347 0156 0A       		.uleb128 0xa
 348 0157 52000000 		.4byte	.LVL13
 349 015b 0A020000 		.4byte	0x20a
 350 015f 69010000 		.4byte	0x169
 351 0163 0B       		.uleb128 0xb
 352 0164 01       		.uleb128 0x1
 353 0165 50       		.byte	0x50
 354 0166 01       		.uleb128 0x1
 355 0167 3A       		.byte	0x3a
 356 0168 00       		.byte	0
 357 0169 0A       		.uleb128 0xa
 358 016a 5A000000 		.4byte	.LVL14
 359 016e 15020000 		.4byte	0x215
 360 0172 83010000 		.4byte	0x183
 361 0176 0B       		.uleb128 0xb
 362 0177 01       		.uleb128 0x1
 363 0178 50       		.byte	0x50
 364 0179 03       		.uleb128 0x3
 365 017a 91       		.byte	0x91
 366 017b 847F     		.sleb128 -124
 367 017d 0B       		.uleb128 0xb
 368 017e 01       		.uleb128 0x1
 369 017f 51       		.byte	0x51
 370 0180 01       		.uleb128 0x1
 371 0181 30       		.byte	0x30
 372 0182 00       		.byte	0
 373 0183 0A       		.uleb128 0xa
 374 0184 7A000000 		.4byte	.LVL19
 375 0188 20020000 		.4byte	0x220
 376 018c A1010000 		.4byte	0x1a1
 377 0190 0B       		.uleb128 0xb
 378 0191 01       		.uleb128 0x1
 379 0192 50       		.byte	0x50
 380 0193 03       		.uleb128 0x3
 381 0194 91       		.byte	0x91
 382 0195 847F     		.sleb128 -124
 383 0197 0B       		.uleb128 0xb
 384 0198 01       		.uleb128 0x1
 385 0199 51       		.byte	0x51
 386 019a 05       		.uleb128 0x5
 387 019b 03       		.byte	0x3
 388 019c 1C000000 		.4byte	.LC4
 389 01a0 00       		.byte	0
 390 01a1 0A       		.uleb128 0xa
 391 01a2 80000000 		.4byte	.LVL20
 392 01a6 0A020000 		.4byte	0x20a
 393 01aa B4010000 		.4byte	0x1b4
 394 01ae 0B       		.uleb128 0xb
 395 01af 01       		.uleb128 0x1
 396 01b0 50       		.byte	0x50
ARM GAS  C:\Users\Jacob\AppData\Local\Temp\cc2VFEgp.s 			page 10


 397 01b1 01       		.uleb128 0x1
 398 01b2 3A       		.byte	0x3a
 399 01b3 00       		.byte	0
 400 01b4 0A       		.uleb128 0xa
 401 01b5 86000000 		.4byte	.LVL21
 402 01b9 F4010000 		.4byte	0x1f4
 403 01bd C9010000 		.4byte	0x1c9
 404 01c1 0B       		.uleb128 0xb
 405 01c2 01       		.uleb128 0x1
 406 01c3 50       		.byte	0x50
 407 01c4 03       		.uleb128 0x3
 408 01c5 91       		.byte	0x91
 409 01c6 847F     		.sleb128 -124
 410 01c8 00       		.byte	0
 411 01c9 0C       		.uleb128 0xc
 412 01ca 8C000000 		.4byte	.LVL22
 413 01ce 0A020000 		.4byte	0x20a
 414 01d2 0B       		.uleb128 0xb
 415 01d3 01       		.uleb128 0x1
 416 01d4 50       		.byte	0x50
 417 01d5 01       		.uleb128 0x1
 418 01d6 3A       		.byte	0x3a
 419 01d7 00       		.byte	0
 420 01d8 00       		.byte	0
 421 01d9 0D       		.uleb128 0xd
 422 01da 85000000 		.4byte	0x85
 423 01de E9010000 		.4byte	0x1e9
 424 01e2 0E       		.uleb128 0xe
 425 01e3 93000000 		.4byte	0x93
 426 01e7 63       		.byte	0x63
 427 01e8 00       		.byte	0
 428 01e9 0F       		.uleb128 0xf
 429 01ea 47000000 		.4byte	.LASF17
 430 01ee 47000000 		.4byte	.LASF17
 431 01f2 02       		.byte	0x2
 432 01f3 54       		.byte	0x54
 433 01f4 0F       		.uleb128 0xf
 434 01f5 1B000000 		.4byte	.LASF18
 435 01f9 1B000000 		.4byte	.LASF18
 436 01fd 02       		.byte	0x2
 437 01fe 8B       		.byte	0x8b
 438 01ff 0F       		.uleb128 0xf
 439 0200 C3000000 		.4byte	.LASF19
 440 0204 C3000000 		.4byte	.LASF19
 441 0208 02       		.byte	0x2
 442 0209 71       		.byte	0x71
 443 020a 0F       		.uleb128 0xf
 444 020b D4010000 		.4byte	.LASF20
 445 020f D4010000 		.4byte	.LASF20
 446 0213 02       		.byte	0x2
 447 0214 8A       		.byte	0x8a
 448 0215 0F       		.uleb128 0xf
 449 0216 BC000000 		.4byte	.LASF21
 450 021a BC000000 		.4byte	.LASF21
 451 021e 03       		.byte	0x3
 452 021f 97       		.byte	0x97
 453 0220 0F       		.uleb128 0xf
ARM GAS  C:\Users\Jacob\AppData\Local\Temp\cc2VFEgp.s 			page 11


 454 0221 3F000000 		.4byte	.LASF22
 455 0225 3F000000 		.4byte	.LASF22
 456 0229 04       		.byte	0x4
 457 022a E7       		.byte	0xe7
 458 022b 00       		.byte	0
 459              		.section	.debug_abbrev,"",%progbits
 460              	.Ldebug_abbrev0:
 461 0000 01       		.uleb128 0x1
 462 0001 11       		.uleb128 0x11
 463 0002 01       		.byte	0x1
 464 0003 25       		.uleb128 0x25
 465 0004 0E       		.uleb128 0xe
 466 0005 13       		.uleb128 0x13
 467 0006 0B       		.uleb128 0xb
 468 0007 03       		.uleb128 0x3
 469 0008 0E       		.uleb128 0xe
 470 0009 1B       		.uleb128 0x1b
 471 000a 0E       		.uleb128 0xe
 472 000b 55       		.uleb128 0x55
 473 000c 17       		.uleb128 0x17
 474 000d 11       		.uleb128 0x11
 475 000e 01       		.uleb128 0x1
 476 000f 10       		.uleb128 0x10
 477 0010 17       		.uleb128 0x17
 478 0011 00       		.byte	0
 479 0012 00       		.byte	0
 480 0013 02       		.uleb128 0x2
 481 0014 24       		.uleb128 0x24
 482 0015 00       		.byte	0
 483 0016 0B       		.uleb128 0xb
 484 0017 0B       		.uleb128 0xb
 485 0018 3E       		.uleb128 0x3e
 486 0019 0B       		.uleb128 0xb
 487 001a 03       		.uleb128 0x3
 488 001b 0E       		.uleb128 0xe
 489 001c 00       		.byte	0
 490 001d 00       		.byte	0
 491 001e 03       		.uleb128 0x3
 492 001f 24       		.uleb128 0x24
 493 0020 00       		.byte	0
 494 0021 0B       		.uleb128 0xb
 495 0022 0B       		.uleb128 0xb
 496 0023 3E       		.uleb128 0x3e
 497 0024 0B       		.uleb128 0xb
 498 0025 03       		.uleb128 0x3
 499 0026 08       		.uleb128 0x8
 500 0027 00       		.byte	0
 501 0028 00       		.byte	0
 502 0029 04       		.uleb128 0x4
 503 002a 16       		.uleb128 0x16
 504 002b 00       		.byte	0
 505 002c 03       		.uleb128 0x3
 506 002d 0E       		.uleb128 0xe
 507 002e 3A       		.uleb128 0x3a
 508 002f 0B       		.uleb128 0xb
 509 0030 3B       		.uleb128 0x3b
 510 0031 05       		.uleb128 0x5
ARM GAS  C:\Users\Jacob\AppData\Local\Temp\cc2VFEgp.s 			page 12


 511 0032 49       		.uleb128 0x49
 512 0033 13       		.uleb128 0x13
 513 0034 00       		.byte	0
 514 0035 00       		.byte	0
 515 0036 05       		.uleb128 0x5
 516 0037 2E       		.uleb128 0x2e
 517 0038 01       		.byte	0x1
 518 0039 3F       		.uleb128 0x3f
 519 003a 19       		.uleb128 0x19
 520 003b 03       		.uleb128 0x3
 521 003c 0E       		.uleb128 0xe
 522 003d 3A       		.uleb128 0x3a
 523 003e 0B       		.uleb128 0xb
 524 003f 3B       		.uleb128 0x3b
 525 0040 0B       		.uleb128 0xb
 526 0041 49       		.uleb128 0x49
 527 0042 13       		.uleb128 0x13
 528 0043 11       		.uleb128 0x11
 529 0044 01       		.uleb128 0x1
 530 0045 12       		.uleb128 0x12
 531 0046 06       		.uleb128 0x6
 532 0047 40       		.uleb128 0x40
 533 0048 18       		.uleb128 0x18
 534 0049 9742     		.uleb128 0x2117
 535 004b 19       		.uleb128 0x19
 536 004c 01       		.uleb128 0x1
 537 004d 13       		.uleb128 0x13
 538 004e 00       		.byte	0
 539 004f 00       		.byte	0
 540 0050 06       		.uleb128 0x6
 541 0051 34       		.uleb128 0x34
 542 0052 00       		.byte	0
 543 0053 03       		.uleb128 0x3
 544 0054 0E       		.uleb128 0xe
 545 0055 3A       		.uleb128 0x3a
 546 0056 0B       		.uleb128 0xb
 547 0057 3B       		.uleb128 0x3b
 548 0058 0B       		.uleb128 0xb
 549 0059 49       		.uleb128 0x49
 550 005a 13       		.uleb128 0x13
 551 005b 02       		.uleb128 0x2
 552 005c 18       		.uleb128 0x18
 553 005d 00       		.byte	0
 554 005e 00       		.byte	0
 555 005f 07       		.uleb128 0x7
 556 0060 34       		.uleb128 0x34
 557 0061 00       		.byte	0
 558 0062 03       		.uleb128 0x3
 559 0063 0E       		.uleb128 0xe
 560 0064 3A       		.uleb128 0x3a
 561 0065 0B       		.uleb128 0xb
 562 0066 3B       		.uleb128 0x3b
 563 0067 0B       		.uleb128 0xb
 564 0068 49       		.uleb128 0x49
 565 0069 13       		.uleb128 0x13
 566 006a 02       		.uleb128 0x2
 567 006b 17       		.uleb128 0x17
ARM GAS  C:\Users\Jacob\AppData\Local\Temp\cc2VFEgp.s 			page 13


 568 006c 00       		.byte	0
 569 006d 00       		.byte	0
 570 006e 08       		.uleb128 0x8
 571 006f 34       		.uleb128 0x34
 572 0070 00       		.byte	0
 573 0071 03       		.uleb128 0x3
 574 0072 08       		.uleb128 0x8
 575 0073 3A       		.uleb128 0x3a
 576 0074 0B       		.uleb128 0xb
 577 0075 3B       		.uleb128 0x3b
 578 0076 0B       		.uleb128 0xb
 579 0077 49       		.uleb128 0x49
 580 0078 13       		.uleb128 0x13
 581 0079 02       		.uleb128 0x2
 582 007a 17       		.uleb128 0x17
 583 007b 00       		.byte	0
 584 007c 00       		.byte	0
 585 007d 09       		.uleb128 0x9
 586 007e 898201   		.uleb128 0x4109
 587 0081 00       		.byte	0
 588 0082 11       		.uleb128 0x11
 589 0083 01       		.uleb128 0x1
 590 0084 31       		.uleb128 0x31
 591 0085 13       		.uleb128 0x13
 592 0086 00       		.byte	0
 593 0087 00       		.byte	0
 594 0088 0A       		.uleb128 0xa
 595 0089 898201   		.uleb128 0x4109
 596 008c 01       		.byte	0x1
 597 008d 11       		.uleb128 0x11
 598 008e 01       		.uleb128 0x1
 599 008f 31       		.uleb128 0x31
 600 0090 13       		.uleb128 0x13
 601 0091 01       		.uleb128 0x1
 602 0092 13       		.uleb128 0x13
 603 0093 00       		.byte	0
 604 0094 00       		.byte	0
 605 0095 0B       		.uleb128 0xb
 606 0096 8A8201   		.uleb128 0x410a
 607 0099 00       		.byte	0
 608 009a 02       		.uleb128 0x2
 609 009b 18       		.uleb128 0x18
 610 009c 9142     		.uleb128 0x2111
 611 009e 18       		.uleb128 0x18
 612 009f 00       		.byte	0
 613 00a0 00       		.byte	0
 614 00a1 0C       		.uleb128 0xc
 615 00a2 898201   		.uleb128 0x4109
 616 00a5 01       		.byte	0x1
 617 00a6 11       		.uleb128 0x11
 618 00a7 01       		.uleb128 0x1
 619 00a8 31       		.uleb128 0x31
 620 00a9 13       		.uleb128 0x13
 621 00aa 00       		.byte	0
 622 00ab 00       		.byte	0
 623 00ac 0D       		.uleb128 0xd
 624 00ad 01       		.uleb128 0x1
ARM GAS  C:\Users\Jacob\AppData\Local\Temp\cc2VFEgp.s 			page 14


 625 00ae 01       		.byte	0x1
 626 00af 49       		.uleb128 0x49
 627 00b0 13       		.uleb128 0x13
 628 00b1 01       		.uleb128 0x1
 629 00b2 13       		.uleb128 0x13
 630 00b3 00       		.byte	0
 631 00b4 00       		.byte	0
 632 00b5 0E       		.uleb128 0xe
 633 00b6 21       		.uleb128 0x21
 634 00b7 00       		.byte	0
 635 00b8 49       		.uleb128 0x49
 636 00b9 13       		.uleb128 0x13
 637 00ba 2F       		.uleb128 0x2f
 638 00bb 0B       		.uleb128 0xb
 639 00bc 00       		.byte	0
 640 00bd 00       		.byte	0
 641 00be 0F       		.uleb128 0xf
 642 00bf 2E       		.uleb128 0x2e
 643 00c0 00       		.byte	0
 644 00c1 3F       		.uleb128 0x3f
 645 00c2 19       		.uleb128 0x19
 646 00c3 3C       		.uleb128 0x3c
 647 00c4 19       		.uleb128 0x19
 648 00c5 6E       		.uleb128 0x6e
 649 00c6 0E       		.uleb128 0xe
 650 00c7 03       		.uleb128 0x3
 651 00c8 0E       		.uleb128 0xe
 652 00c9 3A       		.uleb128 0x3a
 653 00ca 0B       		.uleb128 0xb
 654 00cb 3B       		.uleb128 0x3b
 655 00cc 0B       		.uleb128 0xb
 656 00cd 00       		.byte	0
 657 00ce 00       		.byte	0
 658 00cf 00       		.byte	0
 659              		.section	.debug_loc,"",%progbits
 660              	.Ldebug_loc0:
 661              	.LLST0:
 662 0000 04000000 		.4byte	.LVL0
 663 0004 08000000 		.4byte	.LVL1
 664 0008 0200     		.2byte	0x2
 665 000a 30       		.byte	0x30
 666 000b 9F       		.byte	0x9f
 667 000c 08000000 		.4byte	.LVL1
 668 0010 14000000 		.4byte	.LVL3
 669 0014 0100     		.2byte	0x1
 670 0016 53       		.byte	0x53
 671 0017 14000000 		.4byte	.LVL3
 672 001b 28000000 		.4byte	.LVL7
 673 001f 0200     		.2byte	0x2
 674 0021 30       		.byte	0x30
 675 0022 9F       		.byte	0x9f
 676 0023 28000000 		.4byte	.LVL7
 677 0027 5E000000 		.4byte	.LVL15
 678 002b 0100     		.2byte	0x1
 679 002d 55       		.byte	0x55
 680 002e 5E000000 		.4byte	.LVL15
 681 0032 62000000 		.4byte	.LVL16
ARM GAS  C:\Users\Jacob\AppData\Local\Temp\cc2VFEgp.s 			page 15


 682 0036 0200     		.2byte	0x2
 683 0038 30       		.byte	0x30
 684 0039 9F       		.byte	0x9f
 685 003a 62000000 		.4byte	.LVL16
 686 003e 6E000000 		.4byte	.LVL18
 687 0042 0100     		.2byte	0x1
 688 0044 53       		.byte	0x53
 689 0045 6E000000 		.4byte	.LVL18
 690 0049 A0000000 		.4byte	.LFE36
 691 004d 0200     		.2byte	0x2
 692 004f 30       		.byte	0x30
 693 0050 9F       		.byte	0x9f
 694 0051 00000000 		.4byte	0
 695 0055 00000000 		.4byte	0
 696              	.LLST1:
 697 0059 5E000000 		.4byte	.LVL15
 698 005d 90000000 		.4byte	.LVL23
 699 0061 0600     		.2byte	0x6
 700 0063 56       		.byte	0x56
 701 0064 93       		.byte	0x93
 702 0065 04       		.uleb128 0x4
 703 0066 57       		.byte	0x57
 704 0067 93       		.byte	0x93
 705 0068 04       		.uleb128 0x4
 706 0069 00000000 		.4byte	0
 707 006d 00000000 		.4byte	0
 708              	.LLST2:
 709 0071 28000000 		.4byte	.LVL7
 710 0075 2E000000 		.4byte	.LVL9
 711 0079 0100     		.2byte	0x1
 712 007b 54       		.byte	0x54
 713 007c 2E000000 		.4byte	.LVL9
 714 0080 3C000000 		.4byte	.LVL10
 715 0084 0100     		.2byte	0x1
 716 0086 50       		.byte	0x50
 717 0087 3C000000 		.4byte	.LVL10
 718 008b 62000000 		.4byte	.LVL16
 719 008f 0100     		.2byte	0x1
 720 0091 54       		.byte	0x54
 721 0092 00000000 		.4byte	0
 722 0096 00000000 		.4byte	0
 723              		.section	.debug_aranges,"",%progbits
 724 0000 1C000000 		.4byte	0x1c
 725 0004 0200     		.2byte	0x2
 726 0006 00000000 		.4byte	.Ldebug_info0
 727 000a 04       		.byte	0x4
 728 000b 00       		.byte	0
 729 000c 0000     		.2byte	0
 730 000e 0000     		.2byte	0
 731 0010 00000000 		.4byte	.LFB36
 732 0014 A0000000 		.4byte	.LFE36-.LFB36
 733 0018 00000000 		.4byte	0
 734 001c 00000000 		.4byte	0
 735              		.section	.debug_ranges,"",%progbits
 736              	.Ldebug_ranges0:
 737 0000 00000000 		.4byte	.LFB36
 738 0004 A0000000 		.4byte	.LFE36
ARM GAS  C:\Users\Jacob\AppData\Local\Temp\cc2VFEgp.s 			page 16


 739 0008 00000000 		.4byte	0
 740 000c 00000000 		.4byte	0
 741              		.section	.debug_line,"",%progbits
 742              	.Ldebug_line0:
 743 0000 25010000 		.section	.debug_str,"MS",%progbits,1
 743      0200CA00 
 743      00000201 
 743      FB0E0D00 
 743      01010101 
 744              	.LASF6:
 745 0000 6C6F6E67 		.ascii	"long long int\000"
 745      206C6F6E 
 745      6720696E 
 745      7400
 746              	.LASF8:
 747 000e 756E7369 		.ascii	"unsigned int\000"
 747      676E6564 
 747      20696E74 
 747      00
 748              	.LASF18:
 749 001b 75617274 		.ascii	"uart_PutString\000"
 749      5F507574 
 749      53747269 
 749      6E6700
 750              	.LASF24:
 751 002a 6D61696E 		.ascii	"main.c\000"
 751      2E6300
 752              	.LASF27:
 753 0031 6D61696E 		.ascii	"main\000"
 753      00
 754              	.LASF14:
 755 0036 72786275 		.ascii	"rxbuffer\000"
 755      66666572 
 755      00
 756              	.LASF22:
 757 003f 73707269 		.ascii	"sprintf\000"
 757      6E746600 
 758              	.LASF17:
 759 0047 75617274 		.ascii	"uart_Start\000"
 759      5F537461 
 759      727400
 760              	.LASF26:
 761 0052 75696E74 		.ascii	"uint8\000"
 761      3800
 762              	.LASF5:
 763 0058 6C6F6E67 		.ascii	"long unsigned int\000"
 763      20756E73 
 763      69676E65 
 763      6420696E 
 763      7400
 764              	.LASF7:
 765 006a 6C6F6E67 		.ascii	"long long unsigned int\000"
 765      206C6F6E 
 765      6720756E 
 765      7369676E 
 765      65642069 
 766              	.LASF16:
ARM GAS  C:\Users\Jacob\AppData\Local\Temp\cc2VFEgp.s 			page 17


 767 0081 6E756D62 		.ascii	"number\000"
 767      657200
 768              	.LASF15:
 769 0088 7278696E 		.ascii	"rxindex\000"
 769      64657800 
 770              	.LASF1:
 771 0090 756E7369 		.ascii	"unsigned char\000"
 771      676E6564 
 771      20636861 
 771      7200
 772              	.LASF11:
 773 009e 63686172 		.ascii	"char\000"
 773      00
 774              	.LASF4:
 775 00a3 6C6F6E67 		.ascii	"long int\000"
 775      20696E74 
 775      00
 776              	.LASF13:
 777 00ac 73697A65 		.ascii	"sizetype\000"
 777      74797065 
 777      00
 778              	.LASF10:
 779 00b5 646F7562 		.ascii	"double\000"
 779      6C6500
 780              	.LASF21:
 781 00bc 73747274 		.ascii	"strtod\000"
 781      6F6400
 782              	.LASF19:
 783 00c3 75617274 		.ascii	"uart_GetChar\000"
 783      5F476574 
 783      43686172 
 783      00
 784              	.LASF23:
 785 00d0 474E5520 		.ascii	"GNU C11 5.4.1 20160609 (release) [ARM/embedded-5-br"
 785      43313120 
 785      352E342E 
 785      31203230 
 785      31363036 
 786 0103 616E6368 		.ascii	"anch revision 237715] -mcpu=cortex-m0 -mthumb -g -O"
 786      20726576 
 786      6973696F 
 786      6E203233 
 786      37373135 
 787 0136 67202D66 		.ascii	"g -ffunction-sections -ffat-lto-objects\000"
 787      66756E63 
 787      74696F6E 
 787      2D736563 
 787      74696F6E 
 788              	.LASF3:
 789 015e 73686F72 		.ascii	"short unsigned int\000"
 789      7420756E 
 789      7369676E 
 789      65642069 
 789      6E7400
 790              	.LASF0:
 791 0171 7369676E 		.ascii	"signed char\000"
 791      65642063 
ARM GAS  C:\Users\Jacob\AppData\Local\Temp\cc2VFEgp.s 			page 18


 791      68617200 
 792              	.LASF12:
 793 017d 6C6F6E67 		.ascii	"long double\000"
 793      20646F75 
 793      626C6500 
 794              	.LASF9:
 795 0189 666C6F61 		.ascii	"float\000"
 795      7400
 796              	.LASF2:
 797 018f 73686F72 		.ascii	"short int\000"
 797      7420696E 
 797      7400
 798              	.LASF25:
 799 0199 433A5C55 		.ascii	"C:\\Users\\Jacob\\Documents\\Junior\\EGR 304\\EGR30"
 799      73657273 
 799      5C4A6163 
 799      6F625C44 
 799      6F63756D 
 800 01c6 345C6877 		.ascii	"4\\hw7_1.cydsn\000"
 800      375F312E 
 800      63796473 
 800      6E00
 801              	.LASF20:
 802 01d4 75617274 		.ascii	"uart_PutChar\000"
 802      5F507574 
 802      43686172 
 802      00
 803              		.ident	"GCC: (GNU Tools for ARM Embedded Processors) 5.4.1 20160609 (release) [ARM/embedded-5-bran
