ARM GAS  C:\Users\Jacob\AppData\Local\Temp\ccNn83UB.s 			page 1


   1              		.syntax unified
   2              		.cpu cortex-m0
   3              		.fpu softvfp
   4              		.eabi_attribute 20, 1
   5              		.eabi_attribute 21, 1
   6              		.eabi_attribute 23, 3
   7              		.eabi_attribute 24, 1
   8              		.eabi_attribute 25, 1
   9              		.eabi_attribute 26, 1
  10              		.eabi_attribute 30, 1
  11              		.eabi_attribute 34, 0
  12              		.eabi_attribute 18, 4
  13              		.thumb
  14              		.syntax unified
  15              		.file	"cyfitter_cfg.c"
  16              		.text
  17              	.Ltext0:
  18              		.cfi_sections	.debug_frame
  19              		.section	.text.cfg_write_bytes32,"ax",%progbits
  20              		.align	2
  21              		.code	16
  22              		.thumb_func
  23              		.type	cfg_write_bytes32, %function
  24              	cfg_write_bytes32:
  25              	.LFB5:
  26              		.file 1 "Generated_Source\\PSoC4\\cyfitter_cfg.c"
   1:Generated_Source\PSoC4/cyfitter_cfg.c **** 
   2:Generated_Source\PSoC4/cyfitter_cfg.c **** /*******************************************************************************
   3:Generated_Source\PSoC4/cyfitter_cfg.c **** * File Name: cyfitter_cfg.c
   4:Generated_Source\PSoC4/cyfitter_cfg.c **** * 
   5:Generated_Source\PSoC4/cyfitter_cfg.c **** * PSoC Creator  4.1 Update 1
   6:Generated_Source\PSoC4/cyfitter_cfg.c **** *
   7:Generated_Source\PSoC4/cyfitter_cfg.c **** * Description:
   8:Generated_Source\PSoC4/cyfitter_cfg.c **** * This file contains device initialization code.
   9:Generated_Source\PSoC4/cyfitter_cfg.c **** * Except for the user defined sections in CyClockStartupError(), this file should not be modified.
  10:Generated_Source\PSoC4/cyfitter_cfg.c **** * This file is automatically generated by PSoC Creator.
  11:Generated_Source\PSoC4/cyfitter_cfg.c **** *
  12:Generated_Source\PSoC4/cyfitter_cfg.c **** ********************************************************************************
  13:Generated_Source\PSoC4/cyfitter_cfg.c **** * Copyright (c) 2007-2017 Cypress Semiconductor.  All rights reserved.
  14:Generated_Source\PSoC4/cyfitter_cfg.c **** * You may use this file only in accordance with the license, terms, conditions, 
  15:Generated_Source\PSoC4/cyfitter_cfg.c **** * disclaimers, and limitations in the end user license agreement accompanying 
  16:Generated_Source\PSoC4/cyfitter_cfg.c **** * the software package with which this file was provided.
  17:Generated_Source\PSoC4/cyfitter_cfg.c **** ********************************************************************************/
  18:Generated_Source\PSoC4/cyfitter_cfg.c **** 
  19:Generated_Source\PSoC4/cyfitter_cfg.c **** #include <string.h>
  20:Generated_Source\PSoC4/cyfitter_cfg.c **** #include "cytypes.h"
  21:Generated_Source\PSoC4/cyfitter_cfg.c **** #include "cydevice_trm.h"
  22:Generated_Source\PSoC4/cyfitter_cfg.c **** #include "cyfitter.h"
  23:Generated_Source\PSoC4/cyfitter_cfg.c **** #include "CyLib.h"
  24:Generated_Source\PSoC4/cyfitter_cfg.c **** #include "CyLFClk.h"
  25:Generated_Source\PSoC4/cyfitter_cfg.c **** #include "cyfitter_cfg.h"
  26:Generated_Source\PSoC4/cyfitter_cfg.c **** #include "cyapicallbacks.h"
  27:Generated_Source\PSoC4/cyfitter_cfg.c **** 
  28:Generated_Source\PSoC4/cyfitter_cfg.c **** 
  29:Generated_Source\PSoC4/cyfitter_cfg.c **** #if defined(__GNUC__) || defined(__ARMCC_VERSION)
  30:Generated_Source\PSoC4/cyfitter_cfg.c ****     #define CYPACKED 
  31:Generated_Source\PSoC4/cyfitter_cfg.c ****     #define CYPACKED_ATTR __attribute__ ((packed))
ARM GAS  C:\Users\Jacob\AppData\Local\Temp\ccNn83UB.s 			page 2


  32:Generated_Source\PSoC4/cyfitter_cfg.c ****     #define CYALIGNED __attribute__ ((aligned))
  33:Generated_Source\PSoC4/cyfitter_cfg.c ****     #define CY_CFG_UNUSED __attribute__ ((unused))
  34:Generated_Source\PSoC4/cyfitter_cfg.c ****     #ifndef CY_CFG_SECTION
  35:Generated_Source\PSoC4/cyfitter_cfg.c ****         #define CY_CFG_SECTION __attribute__ ((section(".psocinit")))
  36:Generated_Source\PSoC4/cyfitter_cfg.c ****     #endif
  37:Generated_Source\PSoC4/cyfitter_cfg.c ****     
  38:Generated_Source\PSoC4/cyfitter_cfg.c ****     #if defined(__ARMCC_VERSION)
  39:Generated_Source\PSoC4/cyfitter_cfg.c ****         #define CY_CFG_MEMORY_BARRIER() __memory_changed()
  40:Generated_Source\PSoC4/cyfitter_cfg.c ****     #else
  41:Generated_Source\PSoC4/cyfitter_cfg.c ****         #define CY_CFG_MEMORY_BARRIER() __sync_synchronize()
  42:Generated_Source\PSoC4/cyfitter_cfg.c ****     #endif
  43:Generated_Source\PSoC4/cyfitter_cfg.c ****     
  44:Generated_Source\PSoC4/cyfitter_cfg.c **** #elif defined(__ICCARM__)
  45:Generated_Source\PSoC4/cyfitter_cfg.c ****     #include <intrinsics.h>
  46:Generated_Source\PSoC4/cyfitter_cfg.c **** 
  47:Generated_Source\PSoC4/cyfitter_cfg.c ****     #define CYPACKED __packed
  48:Generated_Source\PSoC4/cyfitter_cfg.c ****     #define CYPACKED_ATTR 
  49:Generated_Source\PSoC4/cyfitter_cfg.c ****     #define CYALIGNED _Pragma("data_alignment=4")
  50:Generated_Source\PSoC4/cyfitter_cfg.c ****     #define CY_CFG_UNUSED _Pragma("diag_suppress=Pe177")
  51:Generated_Source\PSoC4/cyfitter_cfg.c ****     #define CY_CFG_SECTION _Pragma("location=\".psocinit\"")
  52:Generated_Source\PSoC4/cyfitter_cfg.c ****     
  53:Generated_Source\PSoC4/cyfitter_cfg.c ****     #define CY_CFG_MEMORY_BARRIER() __DMB()
  54:Generated_Source\PSoC4/cyfitter_cfg.c ****     
  55:Generated_Source\PSoC4/cyfitter_cfg.c **** #else
  56:Generated_Source\PSoC4/cyfitter_cfg.c ****     #error Unsupported toolchain
  57:Generated_Source\PSoC4/cyfitter_cfg.c **** #endif
  58:Generated_Source\PSoC4/cyfitter_cfg.c **** 
  59:Generated_Source\PSoC4/cyfitter_cfg.c **** #ifndef CYCODE
  60:Generated_Source\PSoC4/cyfitter_cfg.c ****     #define CYCODE
  61:Generated_Source\PSoC4/cyfitter_cfg.c **** #endif
  62:Generated_Source\PSoC4/cyfitter_cfg.c **** #ifndef CYDATA
  63:Generated_Source\PSoC4/cyfitter_cfg.c ****     #define CYDATA
  64:Generated_Source\PSoC4/cyfitter_cfg.c **** #endif
  65:Generated_Source\PSoC4/cyfitter_cfg.c **** #ifndef CYFAR
  66:Generated_Source\PSoC4/cyfitter_cfg.c ****     #define CYFAR
  67:Generated_Source\PSoC4/cyfitter_cfg.c **** #endif
  68:Generated_Source\PSoC4/cyfitter_cfg.c **** #ifndef CYXDATA
  69:Generated_Source\PSoC4/cyfitter_cfg.c ****     #define CYXDATA
  70:Generated_Source\PSoC4/cyfitter_cfg.c **** #endif
  71:Generated_Source\PSoC4/cyfitter_cfg.c **** 
  72:Generated_Source\PSoC4/cyfitter_cfg.c **** 
  73:Generated_Source\PSoC4/cyfitter_cfg.c **** CY_CFG_UNUSED
  74:Generated_Source\PSoC4/cyfitter_cfg.c **** static void CYMEMZERO(void *s, size_t n);
  75:Generated_Source\PSoC4/cyfitter_cfg.c **** CY_CFG_UNUSED
  76:Generated_Source\PSoC4/cyfitter_cfg.c **** static void CYMEMZERO(void *s, size_t n)
  77:Generated_Source\PSoC4/cyfitter_cfg.c **** {
  78:Generated_Source\PSoC4/cyfitter_cfg.c **** 	(void)memset(s, 0, n);
  79:Generated_Source\PSoC4/cyfitter_cfg.c **** }
  80:Generated_Source\PSoC4/cyfitter_cfg.c **** CY_CFG_UNUSED
  81:Generated_Source\PSoC4/cyfitter_cfg.c **** static void CYCONFIGCPY(void *dest, const void *src, size_t n);
  82:Generated_Source\PSoC4/cyfitter_cfg.c **** CY_CFG_UNUSED
  83:Generated_Source\PSoC4/cyfitter_cfg.c **** static void CYCONFIGCPY(void *dest, const void *src, size_t n)
  84:Generated_Source\PSoC4/cyfitter_cfg.c **** {
  85:Generated_Source\PSoC4/cyfitter_cfg.c **** 	(void)memcpy(dest, src, n);
  86:Generated_Source\PSoC4/cyfitter_cfg.c **** }
  87:Generated_Source\PSoC4/cyfitter_cfg.c **** CY_CFG_UNUSED
  88:Generated_Source\PSoC4/cyfitter_cfg.c **** static void CYCONFIGCPYCODE(void *dest, const void *src, size_t n);
ARM GAS  C:\Users\Jacob\AppData\Local\Temp\ccNn83UB.s 			page 3


  89:Generated_Source\PSoC4/cyfitter_cfg.c **** CY_CFG_UNUSED
  90:Generated_Source\PSoC4/cyfitter_cfg.c **** static void CYCONFIGCPYCODE(void *dest, const void *src, size_t n)
  91:Generated_Source\PSoC4/cyfitter_cfg.c **** {
  92:Generated_Source\PSoC4/cyfitter_cfg.c **** 	(void)memcpy(dest, src, n);
  93:Generated_Source\PSoC4/cyfitter_cfg.c **** }
  94:Generated_Source\PSoC4/cyfitter_cfg.c **** 
  95:Generated_Source\PSoC4/cyfitter_cfg.c **** 
  96:Generated_Source\PSoC4/cyfitter_cfg.c **** 
  97:Generated_Source\PSoC4/cyfitter_cfg.c **** 
  98:Generated_Source\PSoC4/cyfitter_cfg.c **** /* Clock startup error codes                                                   */
  99:Generated_Source\PSoC4/cyfitter_cfg.c **** #define CYCLOCKSTART_NO_ERROR    0u
 100:Generated_Source\PSoC4/cyfitter_cfg.c **** #define CYCLOCKSTART_XTAL_ERROR  1u
 101:Generated_Source\PSoC4/cyfitter_cfg.c **** #define CYCLOCKSTART_32KHZ_ERROR 2u
 102:Generated_Source\PSoC4/cyfitter_cfg.c **** #define CYCLOCKSTART_PLL_ERROR   3u
 103:Generated_Source\PSoC4/cyfitter_cfg.c **** #define CYCLOCKSTART_FLL_ERROR   4u
 104:Generated_Source\PSoC4/cyfitter_cfg.c **** 
 105:Generated_Source\PSoC4/cyfitter_cfg.c **** 
 106:Generated_Source\PSoC4/cyfitter_cfg.c **** #ifdef CY_NEED_CYCLOCKSTARTUPERROR
 107:Generated_Source\PSoC4/cyfitter_cfg.c **** /*******************************************************************************
 108:Generated_Source\PSoC4/cyfitter_cfg.c **** * Function Name: CyClockStartupError
 109:Generated_Source\PSoC4/cyfitter_cfg.c **** ********************************************************************************
 110:Generated_Source\PSoC4/cyfitter_cfg.c **** * Summary:
 111:Generated_Source\PSoC4/cyfitter_cfg.c **** *  If an error is encountered during clock configuration (crystal startup error,
 112:Generated_Source\PSoC4/cyfitter_cfg.c **** *  PLL lock error, etc.), the system will end up here.  Unless reimplemented by
 113:Generated_Source\PSoC4/cyfitter_cfg.c **** *  the customer, this function will stop in an infinite loop.
 114:Generated_Source\PSoC4/cyfitter_cfg.c **** *
 115:Generated_Source\PSoC4/cyfitter_cfg.c **** * Parameters:
 116:Generated_Source\PSoC4/cyfitter_cfg.c **** *   void
 117:Generated_Source\PSoC4/cyfitter_cfg.c **** *
 118:Generated_Source\PSoC4/cyfitter_cfg.c **** * Return:
 119:Generated_Source\PSoC4/cyfitter_cfg.c **** *   void
 120:Generated_Source\PSoC4/cyfitter_cfg.c **** *
 121:Generated_Source\PSoC4/cyfitter_cfg.c **** *******************************************************************************/
 122:Generated_Source\PSoC4/cyfitter_cfg.c **** CY_CFG_UNUSED
 123:Generated_Source\PSoC4/cyfitter_cfg.c **** static void CyClockStartupError(uint8 errorCode);
 124:Generated_Source\PSoC4/cyfitter_cfg.c **** CY_CFG_UNUSED
 125:Generated_Source\PSoC4/cyfitter_cfg.c **** static void CyClockStartupError(uint8 errorCode)
 126:Generated_Source\PSoC4/cyfitter_cfg.c **** {
 127:Generated_Source\PSoC4/cyfitter_cfg.c ****     /* To remove the compiler warning if errorCode not used. */
 128:Generated_Source\PSoC4/cyfitter_cfg.c **** #if defined(CY_PSOC3) && (CY_PSOC3)
 129:Generated_Source\PSoC4/cyfitter_cfg.c ****     errorCode = errorCode;
 130:Generated_Source\PSoC4/cyfitter_cfg.c **** #else
 131:Generated_Source\PSoC4/cyfitter_cfg.c ****     (void)errorCode;
 132:Generated_Source\PSoC4/cyfitter_cfg.c **** #endif /* CY_PSOC3 */
 133:Generated_Source\PSoC4/cyfitter_cfg.c **** 
 134:Generated_Source\PSoC4/cyfitter_cfg.c ****     /* If we have a clock startup error (bad MHz crystal, PLL lock, etc.),  */
 135:Generated_Source\PSoC4/cyfitter_cfg.c ****     /* we will end up here to allow the customer to implement something to  */
 136:Generated_Source\PSoC4/cyfitter_cfg.c ****     /* deal with the clock condition.                                       */
 137:Generated_Source\PSoC4/cyfitter_cfg.c **** 
 138:Generated_Source\PSoC4/cyfitter_cfg.c **** #ifdef CY_CFG_CLOCK_STARTUP_ERROR_CALLBACK
 139:Generated_Source\PSoC4/cyfitter_cfg.c ****     CY_CFG_Clock_Startup_ErrorCallback();
 140:Generated_Source\PSoC4/cyfitter_cfg.c **** #else
 141:Generated_Source\PSoC4/cyfitter_cfg.c ****     /*  If not using CY_CFG_CLOCK_STARTUP_ERROR_CALLBACK, place your clock startup code here. */
 142:Generated_Source\PSoC4/cyfitter_cfg.c ****     /* `#START CyClockStartupError` */
 143:Generated_Source\PSoC4/cyfitter_cfg.c **** 
 144:Generated_Source\PSoC4/cyfitter_cfg.c **** 
 145:Generated_Source\PSoC4/cyfitter_cfg.c **** 
ARM GAS  C:\Users\Jacob\AppData\Local\Temp\ccNn83UB.s 			page 4


 146:Generated_Source\PSoC4/cyfitter_cfg.c ****     /* `#END` */
 147:Generated_Source\PSoC4/cyfitter_cfg.c **** 
 148:Generated_Source\PSoC4/cyfitter_cfg.c ****     while(1) {}
 149:Generated_Source\PSoC4/cyfitter_cfg.c **** #endif /* CY_CFG_CLOCK_STARTUP_ERROR_CALLBACK */
 150:Generated_Source\PSoC4/cyfitter_cfg.c **** }
 151:Generated_Source\PSoC4/cyfitter_cfg.c **** #endif
 152:Generated_Source\PSoC4/cyfitter_cfg.c **** 
 153:Generated_Source\PSoC4/cyfitter_cfg.c **** #define CY_CFG_BASE_ADDR_COUNT 1u
 154:Generated_Source\PSoC4/cyfitter_cfg.c **** CYPACKED typedef struct
 155:Generated_Source\PSoC4/cyfitter_cfg.c **** {
 156:Generated_Source\PSoC4/cyfitter_cfg.c **** 	uint8 offset;
 157:Generated_Source\PSoC4/cyfitter_cfg.c **** 	uint8 value;
 158:Generated_Source\PSoC4/cyfitter_cfg.c **** } CYPACKED_ATTR cy_cfg_addrvalue_t;
 159:Generated_Source\PSoC4/cyfitter_cfg.c **** 
 160:Generated_Source\PSoC4/cyfitter_cfg.c **** 
 161:Generated_Source\PSoC4/cyfitter_cfg.c **** 
 162:Generated_Source\PSoC4/cyfitter_cfg.c **** /*******************************************************************************
 163:Generated_Source\PSoC4/cyfitter_cfg.c **** * Function Name: cfg_write_bytes32
 164:Generated_Source\PSoC4/cyfitter_cfg.c **** ********************************************************************************
 165:Generated_Source\PSoC4/cyfitter_cfg.c **** * Summary:
 166:Generated_Source\PSoC4/cyfitter_cfg.c **** *  This function is used for setting up the chip configuration areas that
 167:Generated_Source\PSoC4/cyfitter_cfg.c **** *  contain relatively sparse data.
 168:Generated_Source\PSoC4/cyfitter_cfg.c **** *
 169:Generated_Source\PSoC4/cyfitter_cfg.c **** * Parameters:
 170:Generated_Source\PSoC4/cyfitter_cfg.c **** *   void
 171:Generated_Source\PSoC4/cyfitter_cfg.c **** *
 172:Generated_Source\PSoC4/cyfitter_cfg.c **** * Return:
 173:Generated_Source\PSoC4/cyfitter_cfg.c **** *   void
 174:Generated_Source\PSoC4/cyfitter_cfg.c **** *
 175:Generated_Source\PSoC4/cyfitter_cfg.c **** *******************************************************************************/
 176:Generated_Source\PSoC4/cyfitter_cfg.c **** static void cfg_write_bytes32(const uint32 addr_table[], const cy_cfg_addrvalue_t data_table[]);
 177:Generated_Source\PSoC4/cyfitter_cfg.c **** static void cfg_write_bytes32(const uint32 addr_table[], const cy_cfg_addrvalue_t data_table[])
 178:Generated_Source\PSoC4/cyfitter_cfg.c **** {
  27              		.loc 1 178 0
  28              		.cfi_startproc
  29              		@ args = 0, pretend = 0, frame = 0
  30              		@ frame_needed = 0, uses_anonymous_args = 0
  31              	.LVL0:
  32 0000 F0B5     		push	{r4, r5, r6, r7, lr}
  33              		.cfi_def_cfa_offset 20
  34              		.cfi_offset 4, -20
  35              		.cfi_offset 5, -16
  36              		.cfi_offset 6, -12
  37              		.cfi_offset 7, -8
  38              		.cfi_offset 14, -4
  39              	.LVL1:
 179:Generated_Source\PSoC4/cyfitter_cfg.c **** 	/* For 32-bit little-endian architectures */
 180:Generated_Source\PSoC4/cyfitter_cfg.c **** 	uint32 i, j = 0u;
  40              		.loc 1 180 0
  41 0002 0025     		movs	r5, #0
 181:Generated_Source\PSoC4/cyfitter_cfg.c **** 	for (i = 0u; i < CY_CFG_BASE_ADDR_COUNT; i++)
  42              		.loc 1 181 0
  43 0004 0027     		movs	r7, #0
  44 0006 11E0     		b	.L2
  45              	.LVL2:
  46              	.L5:
  47              	.LBB2:
ARM GAS  C:\Users\Jacob\AppData\Local\Temp\ccNn83UB.s 			page 5


 182:Generated_Source\PSoC4/cyfitter_cfg.c **** 	{
 183:Generated_Source\PSoC4/cyfitter_cfg.c **** 		uint32 baseAddr = addr_table[i];
  48              		.loc 1 183 0
  49 0008 BB00     		lsls	r3, r7, #2
  50 000a C658     		ldr	r6, [r0, r3]
  51              	.LVL3:
 184:Generated_Source\PSoC4/cyfitter_cfg.c **** 		uint8 count = (uint8)baseAddr;
  52              		.loc 1 184 0
  53 000c F3B2     		uxtb	r3, r6
  54              	.LVL4:
 185:Generated_Source\PSoC4/cyfitter_cfg.c **** 		baseAddr &= 0xFFFFFF00u;
  55              		.loc 1 185 0
  56 000e FF22     		movs	r2, #255
  57 0010 9643     		bics	r6, r2
  58              	.LVL5:
 186:Generated_Source\PSoC4/cyfitter_cfg.c **** 		while (count != 0u)
  59              		.loc 1 186 0
  60 0012 08E0     		b	.L3
  61              	.L4:
 187:Generated_Source\PSoC4/cyfitter_cfg.c **** 		{
 188:Generated_Source\PSoC4/cyfitter_cfg.c **** 			CY_SET_REG8((void *)(baseAddr + data_table[j].offset), data_table[j].value);
  62              		.loc 1 188 0
  63 0014 6A00     		lsls	r2, r5, #1
  64 0016 8A18     		adds	r2, r1, r2
  65 0018 1478     		ldrb	r4, [r2]
  66 001a A419     		adds	r4, r4, r6
  67 001c 5278     		ldrb	r2, [r2, #1]
  68 001e 2270     		strb	r2, [r4]
 189:Generated_Source\PSoC4/cyfitter_cfg.c **** 			j++;
  69              		.loc 1 189 0
  70 0020 0135     		adds	r5, r5, #1
  71              	.LVL6:
 190:Generated_Source\PSoC4/cyfitter_cfg.c **** 			count--;
  72              		.loc 1 190 0
  73 0022 013B     		subs	r3, r3, #1
  74              	.LVL7:
  75 0024 DBB2     		uxtb	r3, r3
  76              	.LVL8:
  77              	.L3:
 186:Generated_Source\PSoC4/cyfitter_cfg.c **** 		{
  78              		.loc 1 186 0
  79 0026 002B     		cmp	r3, #0
  80 0028 F4D1     		bne	.L4
  81              	.LBE2:
 181:Generated_Source\PSoC4/cyfitter_cfg.c **** 	{
  82              		.loc 1 181 0 discriminator 2
  83 002a 0137     		adds	r7, r7, #1
  84              	.LVL9:
  85              	.L2:
 181:Generated_Source\PSoC4/cyfitter_cfg.c **** 	{
  86              		.loc 1 181 0 is_stmt 0 discriminator 1
  87 002c 002F     		cmp	r7, #0
  88 002e EBD0     		beq	.L5
 191:Generated_Source\PSoC4/cyfitter_cfg.c **** 		}
 192:Generated_Source\PSoC4/cyfitter_cfg.c **** 	}
 193:Generated_Source\PSoC4/cyfitter_cfg.c **** }
  89              		.loc 1 193 0 is_stmt 1
ARM GAS  C:\Users\Jacob\AppData\Local\Temp\ccNn83UB.s 			page 6


  90              		@ sp needed
  91              	.LVL10:
  92              	.LVL11:
  93 0030 F0BD     		pop	{r4, r5, r6, r7, pc}
  94              		.cfi_endproc
  95              	.LFE5:
  96              		.size	cfg_write_bytes32, .-cfg_write_bytes32
  97 0032 C046     		.section	.text.AnalogSetDefault,"ax",%progbits
  98              		.align	2
  99              		.code	16
 100              		.thumb_func
 101              		.type	AnalogSetDefault, %function
 102              	AnalogSetDefault:
 103              	.LFB7:
 194:Generated_Source\PSoC4/cyfitter_cfg.c **** 
 195:Generated_Source\PSoC4/cyfitter_cfg.c **** 
 196:Generated_Source\PSoC4/cyfitter_cfg.c **** /*******************************************************************************
 197:Generated_Source\PSoC4/cyfitter_cfg.c **** * Function Name: ClockSetup
 198:Generated_Source\PSoC4/cyfitter_cfg.c **** ********************************************************************************
 199:Generated_Source\PSoC4/cyfitter_cfg.c **** *
 200:Generated_Source\PSoC4/cyfitter_cfg.c **** * Summary:
 201:Generated_Source\PSoC4/cyfitter_cfg.c **** *   Performs the initialization of all of the clocks in the device based on the
 202:Generated_Source\PSoC4/cyfitter_cfg.c **** *   settings in the Clock tab of the DWR.  This includes enabling the requested
 203:Generated_Source\PSoC4/cyfitter_cfg.c **** *   clocks and setting the necessary dividers to produce the desired frequency. 
 204:Generated_Source\PSoC4/cyfitter_cfg.c **** *
 205:Generated_Source\PSoC4/cyfitter_cfg.c **** * Parameters:
 206:Generated_Source\PSoC4/cyfitter_cfg.c **** *   void
 207:Generated_Source\PSoC4/cyfitter_cfg.c **** *
 208:Generated_Source\PSoC4/cyfitter_cfg.c **** * Return:
 209:Generated_Source\PSoC4/cyfitter_cfg.c **** *   void
 210:Generated_Source\PSoC4/cyfitter_cfg.c **** *
 211:Generated_Source\PSoC4/cyfitter_cfg.c **** *******************************************************************************/
 212:Generated_Source\PSoC4/cyfitter_cfg.c **** static void ClockSetup(void);
 213:Generated_Source\PSoC4/cyfitter_cfg.c **** CY_CFG_SECTION
 214:Generated_Source\PSoC4/cyfitter_cfg.c **** static void ClockSetup(void)
 215:Generated_Source\PSoC4/cyfitter_cfg.c **** {
 216:Generated_Source\PSoC4/cyfitter_cfg.c **** 
 217:Generated_Source\PSoC4/cyfitter_cfg.c **** 	/* Set Flash Cycles based on max possible frequency in case a glitch occurs during ClockSetup(). *
 218:Generated_Source\PSoC4/cyfitter_cfg.c **** 	CY_SET_REG32((void CYXDATA *)(CYREG_CPUSS_FLASH_CTL), (0x0012u));
 219:Generated_Source\PSoC4/cyfitter_cfg.c **** 
 220:Generated_Source\PSoC4/cyfitter_cfg.c **** 	/* Start the WCO */
 221:Generated_Source\PSoC4/cyfitter_cfg.c **** 	CySysClkWcoStart();
 222:Generated_Source\PSoC4/cyfitter_cfg.c **** 	CyDelayCycles(12000000u); /* WCO may take up to 500ms to start */
 223:Generated_Source\PSoC4/cyfitter_cfg.c **** 	(void)CySysClkWcoSetPowerMode(CY_SYS_CLK_WCO_LPM);    /* Switch to the low power mode */
 224:Generated_Source\PSoC4/cyfitter_cfg.c **** 
 225:Generated_Source\PSoC4/cyfitter_cfg.c **** 	/* Setup and trim IMO based on desired frequency. */
 226:Generated_Source\PSoC4/cyfitter_cfg.c **** 	CySysClkWriteImoFreq(48u);
 227:Generated_Source\PSoC4/cyfitter_cfg.c **** 	/* CYDEV_CLK_ILO_CONFIG Starting address: CYDEV_CLK_ILO_CONFIG */
 228:Generated_Source\PSoC4/cyfitter_cfg.c **** 	CY_SET_REG32((void *)(CYREG_CLK_ILO_CONFIG), 0x80000006u);
 229:Generated_Source\PSoC4/cyfitter_cfg.c **** 
 230:Generated_Source\PSoC4/cyfitter_cfg.c **** 	/* CYDEV_WDT_CONFIG Starting address: CYDEV_WDT_CONFIG */
 231:Generated_Source\PSoC4/cyfitter_cfg.c **** 	CY_SET_REG32((void *)(CYREG_WDT_CONFIG), 0x40000000u);
 232:Generated_Source\PSoC4/cyfitter_cfg.c **** 
 233:Generated_Source\PSoC4/cyfitter_cfg.c **** 
 234:Generated_Source\PSoC4/cyfitter_cfg.c **** 	/* Enable fast start mode for XO */
 235:Generated_Source\PSoC4/cyfitter_cfg.c **** 	CY_SET_REG32((void*)CYREG_BLE_BLERD_BB_XO, CY_GET_REG32((void*)CYREG_BLE_BLERD_BB_XO) | (uint32)0x
 236:Generated_Source\PSoC4/cyfitter_cfg.c **** 	CY_SET_REG32((void *)(CYREG_BLE_BLERD_BB_XO_CAPTRIM), 0x00003E2Du);
ARM GAS  C:\Users\Jacob\AppData\Local\Temp\ccNn83UB.s 			page 7


 237:Generated_Source\PSoC4/cyfitter_cfg.c **** 	/*Set XTAL(ECO) divider*/
 238:Generated_Source\PSoC4/cyfitter_cfg.c **** 	CY_SET_REG32((void *)(CYREG_BLE_BLESS_XTAL_CLK_DIV_CONFIG), 0x00000000u);
 239:Generated_Source\PSoC4/cyfitter_cfg.c **** 	/* Disable Crystal Stable Interrupt before enabling ECO */
 240:Generated_Source\PSoC4/cyfitter_cfg.c **** 	CY_SET_REG32((void*)CYREG_BLE_BLESS_LL_DSM_CTRL, CY_GET_REG32((void*)CYREG_BLE_BLESS_LL_DSM_CTRL) 
 241:Generated_Source\PSoC4/cyfitter_cfg.c **** 	/* Start the ECO and do not check status since it is not needed for HFCLK */
 242:Generated_Source\PSoC4/cyfitter_cfg.c **** 	(void)CySysClkEcoStart(2000u);
 243:Generated_Source\PSoC4/cyfitter_cfg.c **** 	CyDelayUs(1500u); /* Wait to stabilize */
 244:Generated_Source\PSoC4/cyfitter_cfg.c **** 
 245:Generated_Source\PSoC4/cyfitter_cfg.c **** 	/* Setup phase aligned clocks */
 246:Generated_Source\PSoC4/cyfitter_cfg.c **** 
 247:Generated_Source\PSoC4/cyfitter_cfg.c **** 	/* CYDEV_CLK_IMO_CONFIG Starting address: CYDEV_CLK_IMO_CONFIG */
 248:Generated_Source\PSoC4/cyfitter_cfg.c **** 	CY_SET_REG32((void *)(CYREG_CLK_IMO_CONFIG), 0x80000000u);
 249:Generated_Source\PSoC4/cyfitter_cfg.c **** 
 250:Generated_Source\PSoC4/cyfitter_cfg.c **** 	/* CYDEV_CLK_SELECT Starting address: CYDEV_CLK_SELECT */
 251:Generated_Source\PSoC4/cyfitter_cfg.c **** 	CY_SET_REG32((void *)(CYREG_CLK_SELECT), 0x00040000u);
 252:Generated_Source\PSoC4/cyfitter_cfg.c **** 
 253:Generated_Source\PSoC4/cyfitter_cfg.c **** 	(void)CyIntSetVector(8u, &CySysWdtIsr);
 254:Generated_Source\PSoC4/cyfitter_cfg.c **** 	CyIntEnable(8u);
 255:Generated_Source\PSoC4/cyfitter_cfg.c **** 	CY_SET_REG32((void *)(CYREG_WDT_CONFIG), 0x40000000u);
 256:Generated_Source\PSoC4/cyfitter_cfg.c **** }
 257:Generated_Source\PSoC4/cyfitter_cfg.c **** 
 258:Generated_Source\PSoC4/cyfitter_cfg.c **** 
 259:Generated_Source\PSoC4/cyfitter_cfg.c **** /* Analog API Functions */
 260:Generated_Source\PSoC4/cyfitter_cfg.c **** 
 261:Generated_Source\PSoC4/cyfitter_cfg.c **** 
 262:Generated_Source\PSoC4/cyfitter_cfg.c **** /*******************************************************************************
 263:Generated_Source\PSoC4/cyfitter_cfg.c **** * Function Name: AnalogSetDefault
 264:Generated_Source\PSoC4/cyfitter_cfg.c **** ********************************************************************************
 265:Generated_Source\PSoC4/cyfitter_cfg.c **** *
 266:Generated_Source\PSoC4/cyfitter_cfg.c **** * Summary:
 267:Generated_Source\PSoC4/cyfitter_cfg.c **** *  Sets up the analog portions of the chip to default values based on chip
 268:Generated_Source\PSoC4/cyfitter_cfg.c **** *  configuration options from the project.
 269:Generated_Source\PSoC4/cyfitter_cfg.c **** *
 270:Generated_Source\PSoC4/cyfitter_cfg.c **** * Parameters:
 271:Generated_Source\PSoC4/cyfitter_cfg.c **** *  void
 272:Generated_Source\PSoC4/cyfitter_cfg.c **** *
 273:Generated_Source\PSoC4/cyfitter_cfg.c **** * Return:
 274:Generated_Source\PSoC4/cyfitter_cfg.c **** *  void
 275:Generated_Source\PSoC4/cyfitter_cfg.c **** *
 276:Generated_Source\PSoC4/cyfitter_cfg.c **** *******************************************************************************/
 277:Generated_Source\PSoC4/cyfitter_cfg.c **** static void AnalogSetDefault(void);
 278:Generated_Source\PSoC4/cyfitter_cfg.c **** static void AnalogSetDefault(void)
 279:Generated_Source\PSoC4/cyfitter_cfg.c **** {
 104              		.loc 1 279 0
 105              		.cfi_startproc
 106              		@ args = 0, pretend = 0, frame = 0
 107              		@ frame_needed = 0, uses_anonymous_args = 0
 108              		@ link register save eliminated.
 280:Generated_Source\PSoC4/cyfitter_cfg.c **** 	CY_SET_XTND_REG32((void CYFAR *)CYREG_CTBM0_DFT_CTRL, 0x00000003u);
 109              		.loc 1 280 0
 110 0000 0323     		movs	r3, #3
 111 0002 044A     		ldr	r2, .L7
 112 0004 1360     		str	r3, [r2]
 281:Generated_Source\PSoC4/cyfitter_cfg.c **** 	CY_SET_XTND_REG32((void CYFAR *)CYREG_CTBM1_DFT_CTRL, 0x00000003u);
 113              		.loc 1 281 0
 114 0006 044A     		ldr	r2, .L7+4
 115 0008 1360     		str	r3, [r2]
ARM GAS  C:\Users\Jacob\AppData\Local\Temp\ccNn83UB.s 			page 8


 282:Generated_Source\PSoC4/cyfitter_cfg.c **** 	CY_SET_XTND_REG32((void CYFAR *)CYREG_PASS_DSAB_DSAB_CTRL, 0x00000000u);
 116              		.loc 1 282 0
 117 000a 0022     		movs	r2, #0
 118 000c 034B     		ldr	r3, .L7+8
 119 000e 1A60     		str	r2, [r3]
 283:Generated_Source\PSoC4/cyfitter_cfg.c **** }
 120              		.loc 1 283 0
 121              		@ sp needed
 122 0010 7047     		bx	lr
 123              	.L8:
 124 0012 C046     		.align	2
 125              	.L7:
 126 0014 30003040 		.word	1076887600
 127 0018 30003140 		.word	1076953136
 128 001c 000E3F40 		.word	1077874176
 129              		.cfi_endproc
 130              	.LFE7:
 131              		.size	AnalogSetDefault, .-AnalogSetDefault
 132              		.section	.text.CYMEMZERO,"ax",%progbits
 133              		.align	2
 134              		.code	16
 135              		.thumb_func
 136              		.type	CYMEMZERO, %function
 137              	CYMEMZERO:
 138              	.LFB2:
  77:Generated_Source\PSoC4/cyfitter_cfg.c **** 	(void)memset(s, 0, n);
 139              		.loc 1 77 0
 140              		.cfi_startproc
 141              		@ args = 0, pretend = 0, frame = 0
 142              		@ frame_needed = 0, uses_anonymous_args = 0
 143              	.LVL12:
 144 0000 10B5     		push	{r4, lr}
 145              		.cfi_def_cfa_offset 8
 146              		.cfi_offset 4, -8
 147              		.cfi_offset 14, -4
 148 0002 0A00     		movs	r2, r1
  78:Generated_Source\PSoC4/cyfitter_cfg.c **** }
 149              		.loc 1 78 0
 150 0004 0021     		movs	r1, #0
 151              	.LVL13:
 152 0006 FFF7FEFF 		bl	memset
 153              	.LVL14:
  79:Generated_Source\PSoC4/cyfitter_cfg.c **** CY_CFG_UNUSED
 154              		.loc 1 79 0
 155              		@ sp needed
 156 000a 10BD     		pop	{r4, pc}
 157              		.cfi_endproc
 158              	.LFE2:
 159              		.size	CYMEMZERO, .-CYMEMZERO
 160              		.section	.psocinit,"ax",%progbits
 161              		.align	2
 162              		.code	16
 163              		.thumb_func
 164              		.type	ClockSetup, %function
 165              	ClockSetup:
 166              	.LFB6:
 215:Generated_Source\PSoC4/cyfitter_cfg.c **** 
ARM GAS  C:\Users\Jacob\AppData\Local\Temp\ccNn83UB.s 			page 9


 167              		.loc 1 215 0
 168              		.cfi_startproc
 169              		@ args = 0, pretend = 0, frame = 0
 170              		@ frame_needed = 0, uses_anonymous_args = 0
 171 0000 70B5     		push	{r4, r5, r6, lr}
 172              		.cfi_def_cfa_offset 16
 173              		.cfi_offset 4, -16
 174              		.cfi_offset 5, -12
 175              		.cfi_offset 6, -8
 176              		.cfi_offset 14, -4
 218:Generated_Source\PSoC4/cyfitter_cfg.c **** 
 177              		.loc 1 218 0
 178 0002 1222     		movs	r2, #18
 179 0004 1D4B     		ldr	r3, .L11
 180 0006 1A60     		str	r2, [r3]
 221:Generated_Source\PSoC4/cyfitter_cfg.c **** 	CyDelayCycles(12000000u); /* WCO may take up to 500ms to start */
 181              		.loc 1 221 0
 182 0008 FFF7FEFF 		bl	CySysClkWcoStart
 183              	.LVL15:
 222:Generated_Source\PSoC4/cyfitter_cfg.c **** 	(void)CySysClkWcoSetPowerMode(CY_SYS_CLK_WCO_LPM);    /* Switch to the low power mode */
 184              		.loc 1 222 0
 185 000c 1C48     		ldr	r0, .L11+4
 186 000e FFF7FEFF 		bl	CyDelayCycles
 187              	.LVL16:
 223:Generated_Source\PSoC4/cyfitter_cfg.c **** 
 188              		.loc 1 223 0
 189 0012 0120     		movs	r0, #1
 190 0014 FFF7FEFF 		bl	CySysClkWcoSetPowerMode
 191              	.LVL17:
 226:Generated_Source\PSoC4/cyfitter_cfg.c **** 	/* CYDEV_CLK_ILO_CONFIG Starting address: CYDEV_CLK_ILO_CONFIG */
 192              		.loc 1 226 0
 193 0018 3020     		movs	r0, #48
 194 001a FFF7FEFF 		bl	CySysClkWriteImoFreq
 195              	.LVL18:
 228:Generated_Source\PSoC4/cyfitter_cfg.c **** 
 196              		.loc 1 228 0
 197 001e 194A     		ldr	r2, .L11+8
 198 0020 194B     		ldr	r3, .L11+12
 199 0022 1A60     		str	r2, [r3]
 231:Generated_Source\PSoC4/cyfitter_cfg.c **** 
 200              		.loc 1 231 0
 201 0024 194C     		ldr	r4, .L11+16
 202 0026 8025     		movs	r5, #128
 203 0028 ED05     		lsls	r5, r5, #23
 204 002a 2560     		str	r5, [r4]
 235:Generated_Source\PSoC4/cyfitter_cfg.c **** 	CY_SET_REG32((void *)(CYREG_BLE_BLERD_BB_XO_CAPTRIM), 0x00003E2Du);
 205              		.loc 1 235 0
 206 002c 184A     		ldr	r2, .L11+20
 207 002e 1168     		ldr	r1, [r2]
 208 0030 0223     		movs	r3, #2
 209 0032 0B43     		orrs	r3, r1
 210 0034 1360     		str	r3, [r2]
 236:Generated_Source\PSoC4/cyfitter_cfg.c **** 	/*Set XTAL(ECO) divider*/
 211              		.loc 1 236 0
 212 0036 174A     		ldr	r2, .L11+24
 213 0038 174B     		ldr	r3, .L11+28
 214 003a 1A60     		str	r2, [r3]
ARM GAS  C:\Users\Jacob\AppData\Local\Temp\ccNn83UB.s 			page 10


 238:Generated_Source\PSoC4/cyfitter_cfg.c **** 	/* Disable Crystal Stable Interrupt before enabling ECO */
 215              		.loc 1 238 0
 216 003c 0022     		movs	r2, #0
 217 003e 174B     		ldr	r3, .L11+32
 218 0040 1A60     		str	r2, [r3]
 240:Generated_Source\PSoC4/cyfitter_cfg.c **** 	/* Start the ECO and do not check status since it is not needed for HFCLK */
 219              		.loc 1 240 0
 220 0042 174A     		ldr	r2, .L11+36
 221 0044 1368     		ldr	r3, [r2]
 222 0046 0821     		movs	r1, #8
 223 0048 8B43     		bics	r3, r1
 224 004a 1360     		str	r3, [r2]
 242:Generated_Source\PSoC4/cyfitter_cfg.c **** 	CyDelayUs(1500u); /* Wait to stabilize */
 225              		.loc 1 242 0
 226 004c FA20     		movs	r0, #250
 227 004e C000     		lsls	r0, r0, #3
 228 0050 FFF7FEFF 		bl	CySysClkEcoStart
 229              	.LVL19:
 243:Generated_Source\PSoC4/cyfitter_cfg.c **** 
 230              		.loc 1 243 0
 231 0054 1348     		ldr	r0, .L11+40
 232 0056 FFF7FEFF 		bl	CyDelayUs
 233              	.LVL20:
 248:Generated_Source\PSoC4/cyfitter_cfg.c **** 
 234              		.loc 1 248 0
 235 005a 8022     		movs	r2, #128
 236 005c 1206     		lsls	r2, r2, #24
 237 005e 124B     		ldr	r3, .L11+44
 238 0060 1A60     		str	r2, [r3]
 251:Generated_Source\PSoC4/cyfitter_cfg.c **** 
 239              		.loc 1 251 0
 240 0062 8022     		movs	r2, #128
 241 0064 D202     		lsls	r2, r2, #11
 242 0066 114B     		ldr	r3, .L11+48
 243 0068 1A60     		str	r2, [r3]
 253:Generated_Source\PSoC4/cyfitter_cfg.c **** 	CyIntEnable(8u);
 244              		.loc 1 253 0
 245 006a 1149     		ldr	r1, .L11+52
 246 006c 0820     		movs	r0, #8
 247 006e FFF7FEFF 		bl	CyIntSetVector
 248              	.LVL21:
 254:Generated_Source\PSoC4/cyfitter_cfg.c **** 	CY_SET_REG32((void *)(CYREG_WDT_CONFIG), 0x40000000u);
 249              		.loc 1 254 0
 250 0072 0820     		movs	r0, #8
 251 0074 FFF7FEFF 		bl	CyIntEnable
 252              	.LVL22:
 255:Generated_Source\PSoC4/cyfitter_cfg.c **** }
 253              		.loc 1 255 0
 254 0078 2560     		str	r5, [r4]
 256:Generated_Source\PSoC4/cyfitter_cfg.c **** 
 255              		.loc 1 256 0
 256              		@ sp needed
 257 007a 70BD     		pop	{r4, r5, r6, pc}
 258              	.L12:
 259              		.align	2
 260              	.L11:
 261 007c 30001040 		.word	1074790448
ARM GAS  C:\Users\Jacob\AppData\Local\Temp\ccNn83UB.s 			page 11


 262 0080 001BB700 		.word	12000000
 263 0084 06000080 		.word	-2147483642
 264 0088 04010B40 		.word	1074462980
 265 008c 0C020B40 		.word	1074463244
 266 0090 78002E40 		.word	1076756600
 267 0094 2D3E0000 		.word	15917
 268 0098 7C002E40 		.word	1076756604
 269 009c 64F02E40 		.word	1076818020
 270 00a0 6CF02E40 		.word	1076818028
 271 00a4 DC050000 		.word	1500
 272 00a8 08010B40 		.word	1074462984
 273 00ac 00010B40 		.word	1074462976
 274 00b0 00000000 		.word	CySysWdtIsr
 275              		.cfi_endproc
 276              	.LFE6:
 277              		.size	ClockSetup, .-ClockSetup
 278              		.align	2
 279              		.global	cyfitter_cfg
 280              		.code	16
 281              		.thumb_func
 282              		.type	cyfitter_cfg, %function
 283              	cyfitter_cfg:
 284              	.LFB8:
 284:Generated_Source\PSoC4/cyfitter_cfg.c **** 
 285:Generated_Source\PSoC4/cyfitter_cfg.c **** 
 286:Generated_Source\PSoC4/cyfitter_cfg.c **** 
 287:Generated_Source\PSoC4/cyfitter_cfg.c **** 
 288:Generated_Source\PSoC4/cyfitter_cfg.c **** /*******************************************************************************
 289:Generated_Source\PSoC4/cyfitter_cfg.c **** * Function Name: cyfitter_cfg
 290:Generated_Source\PSoC4/cyfitter_cfg.c **** ********************************************************************************
 291:Generated_Source\PSoC4/cyfitter_cfg.c **** * Summary:
 292:Generated_Source\PSoC4/cyfitter_cfg.c **** *  This function is called by the start-up code for the selected device. It
 293:Generated_Source\PSoC4/cyfitter_cfg.c **** *  performs all of the necessary device configuration based on the design
 294:Generated_Source\PSoC4/cyfitter_cfg.c **** *  settings.  This includes settings from the Design Wide Resources (DWR) such
 295:Generated_Source\PSoC4/cyfitter_cfg.c **** *  as Clocks and Pins as well as any component configuration that is necessary.
 296:Generated_Source\PSoC4/cyfitter_cfg.c **** *
 297:Generated_Source\PSoC4/cyfitter_cfg.c **** * Parameters:
 298:Generated_Source\PSoC4/cyfitter_cfg.c **** *   void
 299:Generated_Source\PSoC4/cyfitter_cfg.c **** *
 300:Generated_Source\PSoC4/cyfitter_cfg.c **** * Return:
 301:Generated_Source\PSoC4/cyfitter_cfg.c **** *   void
 302:Generated_Source\PSoC4/cyfitter_cfg.c **** *
 303:Generated_Source\PSoC4/cyfitter_cfg.c **** *******************************************************************************/
 304:Generated_Source\PSoC4/cyfitter_cfg.c **** CY_CFG_SECTION
 305:Generated_Source\PSoC4/cyfitter_cfg.c **** void cyfitter_cfg(void)
 306:Generated_Source\PSoC4/cyfitter_cfg.c **** {
 285              		.loc 1 306 0
 286              		.cfi_startproc
 287              		@ args = 0, pretend = 0, frame = 0
 288              		@ frame_needed = 0, uses_anonymous_args = 0
 289 00b4 10B5     		push	{r4, lr}
 290              		.cfi_def_cfa_offset 8
 291              		.cfi_offset 4, -8
 292              		.cfi_offset 14, -4
 307:Generated_Source\PSoC4/cyfitter_cfg.c **** 	/* Disable interrupts by default. Let user enable if/when they want. */
 308:Generated_Source\PSoC4/cyfitter_cfg.c **** 	CyGlobalIntDisable;
 293              		.loc 1 308 0
ARM GAS  C:\Users\Jacob\AppData\Local\Temp\ccNn83UB.s 			page 12


 294              		.syntax divided
 295              	@ 308 "Generated_Source\PSoC4\cyfitter_cfg.c" 1
 296 00b6 72B6     		CPSID   i
 297              	@ 0 "" 2
 309:Generated_Source\PSoC4/cyfitter_cfg.c **** 
 310:Generated_Source\PSoC4/cyfitter_cfg.c **** 	CY_SET_REG32((void *)(CYREG_BLE_BLESS_LL_DSM_CTRL), 0x00000000u);
 298              		.loc 1 310 0
 299              		.thumb
 300              		.syntax unified
 301 00b8 0022     		movs	r2, #0
 302 00ba 204B     		ldr	r3, .L16
 303 00bc 1A60     		str	r2, [r3]
 304              	.LVL23:
 305              	.LBB3:
 311:Generated_Source\PSoC4/cyfitter_cfg.c **** 
 312:Generated_Source\PSoC4/cyfitter_cfg.c **** 	{
 313:Generated_Source\PSoC4/cyfitter_cfg.c **** 		static const uint32 CYCODE cy_cfg_addr_table[] = {
 314:Generated_Source\PSoC4/cyfitter_cfg.c **** 			0x400F6002u, /* Base address: 0x400F6000 Count: 2 */
 315:Generated_Source\PSoC4/cyfitter_cfg.c **** 		};
 316:Generated_Source\PSoC4/cyfitter_cfg.c **** 
 317:Generated_Source\PSoC4/cyfitter_cfg.c **** 		static const cy_cfg_addrvalue_t CYCODE cy_cfg_data_table[] = {
 318:Generated_Source\PSoC4/cyfitter_cfg.c **** 			{0x02u, 0x01u},
 319:Generated_Source\PSoC4/cyfitter_cfg.c **** 			{0x11u, 0x01u},
 320:Generated_Source\PSoC4/cyfitter_cfg.c **** 		};
 321:Generated_Source\PSoC4/cyfitter_cfg.c **** 
 322:Generated_Source\PSoC4/cyfitter_cfg.c **** 
 323:Generated_Source\PSoC4/cyfitter_cfg.c **** 
 324:Generated_Source\PSoC4/cyfitter_cfg.c **** 		CYPACKED typedef struct {
 325:Generated_Source\PSoC4/cyfitter_cfg.c **** 			void CYFAR *address;
 326:Generated_Source\PSoC4/cyfitter_cfg.c **** 			uint16 size;
 327:Generated_Source\PSoC4/cyfitter_cfg.c **** 		} CYPACKED_ATTR cfg_memset_t;
 328:Generated_Source\PSoC4/cyfitter_cfg.c **** 
 329:Generated_Source\PSoC4/cyfitter_cfg.c **** 		static const cfg_memset_t CYCODE cfg_memset_list[] = {
 330:Generated_Source\PSoC4/cyfitter_cfg.c **** 			/* address, size */
 331:Generated_Source\PSoC4/cyfitter_cfg.c **** 			{(void CYFAR *)(CYDEV_UDB_P0_U0_BASE), 1024u},
 332:Generated_Source\PSoC4/cyfitter_cfg.c **** 			{(void CYFAR *)(CYDEV_UDB_DSI0_BASE), 1024u},
 333:Generated_Source\PSoC4/cyfitter_cfg.c **** 		};
 334:Generated_Source\PSoC4/cyfitter_cfg.c **** 
 335:Generated_Source\PSoC4/cyfitter_cfg.c **** 		uint8 CYDATA i;
 336:Generated_Source\PSoC4/cyfitter_cfg.c **** 
 337:Generated_Source\PSoC4/cyfitter_cfg.c **** 		/* Zero out critical memory blocks before beginning configuration */
 338:Generated_Source\PSoC4/cyfitter_cfg.c **** 		for (i = 0u; i < (sizeof(cfg_memset_list)/sizeof(cfg_memset_list[0])); i++)
 306              		.loc 1 338 0
 307 00be 0024     		movs	r4, #0
 308 00c0 0FE0     		b	.L14
 309              	.LVL24:
 310              	.L15:
 311              	.LBB4:
 339:Generated_Source\PSoC4/cyfitter_cfg.c **** 		{
 340:Generated_Source\PSoC4/cyfitter_cfg.c **** 			const cfg_memset_t CYCODE * CYDATA ms = &cfg_memset_list[i];
 341:Generated_Source\PSoC4/cyfitter_cfg.c **** 			CYMEMZERO(ms->address, (size_t)(uint32)(ms->size));
 312              		.loc 1 341 0 discriminator 3
 313 00c2 1F48     		ldr	r0, .L16+4
 314 00c4 6200     		lsls	r2, r4, #1
 315 00c6 1319     		adds	r3, r2, r4
 316 00c8 5900     		lsls	r1, r3, #1
 317 00ca 0B00     		movs	r3, r1
ARM GAS  C:\Users\Jacob\AppData\Local\Temp\ccNn83UB.s 			page 13


 318 00cc 4118     		adds	r1, r0, r1
 319 00ce 8988     		ldrh	r1, [r1, #4]
 320 00d0 1A5A     		ldrh	r2, [r3, r0]
 321 00d2 C318     		adds	r3, r0, r3
 322 00d4 5888     		ldrh	r0, [r3, #2]
 323 00d6 0004     		lsls	r0, r0, #16
 324 00d8 1043     		orrs	r0, r2
 325 00da FFF7FEFF 		bl	CYMEMZERO
 326              	.LVL25:
 327              	.LBE4:
 338:Generated_Source\PSoC4/cyfitter_cfg.c **** 		{
 328              		.loc 1 338 0 discriminator 3
 329 00de 0134     		adds	r4, r4, #1
 330              	.LVL26:
 331 00e0 E4B2     		uxtb	r4, r4
 332              	.LVL27:
 333              	.L14:
 338:Generated_Source\PSoC4/cyfitter_cfg.c **** 		{
 334              		.loc 1 338 0 is_stmt 0 discriminator 1
 335 00e2 012C     		cmp	r4, #1
 336 00e4 EDD9     		bls	.L15
 342:Generated_Source\PSoC4/cyfitter_cfg.c **** 		}
 343:Generated_Source\PSoC4/cyfitter_cfg.c **** 
 344:Generated_Source\PSoC4/cyfitter_cfg.c **** 		cfg_write_bytes32(cy_cfg_addr_table, cy_cfg_data_table);
 337              		.loc 1 344 0 is_stmt 1
 338 00e6 1648     		ldr	r0, .L16+4
 339 00e8 0100     		movs	r1, r0
 340 00ea 0C31     		adds	r1, r1, #12
 341 00ec 1030     		adds	r0, r0, #16
 342 00ee FFF7FEFF 		bl	cfg_write_bytes32
 343              	.LVL28:
 345:Generated_Source\PSoC4/cyfitter_cfg.c **** 
 346:Generated_Source\PSoC4/cyfitter_cfg.c **** 		/* HSIOM Starting address: CYDEV_HSIOM_BASE */
 347:Generated_Source\PSoC4/cyfitter_cfg.c **** 		CY_SET_REG32((void *)(CYDEV_HSIOM_BASE), 0xEE000000u);
 344              		.loc 1 347 0
 345 00f2 EE22     		movs	r2, #238
 346 00f4 1206     		lsls	r2, r2, #24
 347 00f6 134B     		ldr	r3, .L16+8
 348 00f8 1A60     		str	r2, [r3]
 348:Generated_Source\PSoC4/cyfitter_cfg.c **** 
 349:Generated_Source\PSoC4/cyfitter_cfg.c **** 		/* UDB_PA_0 Starting address: CYDEV_UDB_PA0_BASE */
 350:Generated_Source\PSoC4/cyfitter_cfg.c **** 		CY_SET_REG32((void *)(CYDEV_UDB_PA0_BASE), 0x00990000u);
 349              		.loc 1 350 0
 350 00fa 9923     		movs	r3, #153
 351 00fc 1B04     		lsls	r3, r3, #16
 352 00fe 124A     		ldr	r2, .L16+12
 353 0100 1360     		str	r3, [r2]
 351:Generated_Source\PSoC4/cyfitter_cfg.c **** 
 352:Generated_Source\PSoC4/cyfitter_cfg.c **** 		/* UDB_PA_2 Starting address: CYDEV_UDB_PA2_BASE */
 353:Generated_Source\PSoC4/cyfitter_cfg.c **** 		CY_SET_REG32((void *)(CYDEV_UDB_PA2_BASE), 0x00990000u);
 354              		.loc 1 353 0
 355 0102 124A     		ldr	r2, .L16+16
 356 0104 1360     		str	r3, [r2]
 354:Generated_Source\PSoC4/cyfitter_cfg.c **** 		CY_SET_REG32((void *)(CYREG_UDB_PA2_CFG4), 0x80000000u);
 357              		.loc 1 354 0
 358 0106 8022     		movs	r2, #128
 359 0108 1206     		lsls	r2, r2, #24
ARM GAS  C:\Users\Jacob\AppData\Local\Temp\ccNn83UB.s 			page 14


 360 010a 114B     		ldr	r3, .L16+20
 361 010c 1A60     		str	r2, [r3]
 355:Generated_Source\PSoC4/cyfitter_cfg.c **** 
 356:Generated_Source\PSoC4/cyfitter_cfg.c **** 		/* Enable digital routing */
 357:Generated_Source\PSoC4/cyfitter_cfg.c **** 		CY_SET_XTND_REG8((void *)CYREG_UDB_UDBIF_BANK_CTL, (uint8)(CY_GET_XTND_REG8((void *)CYREG_UDB_UDB
 362              		.loc 1 357 0
 363 010e 114A     		ldr	r2, .L16+24
 364 0110 1178     		ldrb	r1, [r2]
 365 0112 0623     		movs	r3, #6
 366 0114 0B43     		orrs	r3, r1
 367 0116 DBB2     		uxtb	r3, r3
 368 0118 1370     		strb	r3, [r2]
 369              	.LBE3:
 358:Generated_Source\PSoC4/cyfitter_cfg.c **** 	}
 359:Generated_Source\PSoC4/cyfitter_cfg.c **** 
 360:Generated_Source\PSoC4/cyfitter_cfg.c **** 	/* Perform second pass device configuration. These items must be configured in specific order afte
 361:Generated_Source\PSoC4/cyfitter_cfg.c **** 	/* IOPINS0_0 Starting address: CYDEV_GPIO_PRT0_BASE */
 362:Generated_Source\PSoC4/cyfitter_cfg.c **** 	CY_SET_REG32((void *)(CYREG_GPIO_PRT0_PC), 0x00D80000u);
 370              		.loc 1 362 0
 371 011a D822     		movs	r2, #216
 372 011c 1204     		lsls	r2, r2, #16
 373 011e 0E4B     		ldr	r3, .L16+28
 374 0120 1A60     		str	r2, [r3]
 363:Generated_Source\PSoC4/cyfitter_cfg.c **** 
 364:Generated_Source\PSoC4/cyfitter_cfg.c **** 	/* IOPINS0_2 Starting address: CYDEV_GPIO_PRT2_BASE */
 365:Generated_Source\PSoC4/cyfitter_cfg.c **** 	CY_SET_REG32((void *)(CYDEV_GPIO_PRT2_BASE), 0x00000080u);
 375              		.loc 1 365 0
 376 0122 8022     		movs	r2, #128
 377 0124 0D4B     		ldr	r3, .L16+32
 378 0126 1A60     		str	r2, [r3]
 366:Generated_Source\PSoC4/cyfitter_cfg.c **** 	CY_SET_REG32((void *)(CYREG_GPIO_PRT2_PC), 0x00580000u);
 379              		.loc 1 366 0
 380 0128 B022     		movs	r2, #176
 381 012a D203     		lsls	r2, r2, #15
 382 012c 0C4B     		ldr	r3, .L16+36
 383 012e 1A60     		str	r2, [r3]
 367:Generated_Source\PSoC4/cyfitter_cfg.c **** 
 368:Generated_Source\PSoC4/cyfitter_cfg.c **** 
 369:Generated_Source\PSoC4/cyfitter_cfg.c **** 	/* Setup clocks based on selections from Clock DWR */
 370:Generated_Source\PSoC4/cyfitter_cfg.c **** 	ClockSetup();
 384              		.loc 1 370 0
 385 0130 FFF766FF 		bl	ClockSetup
 386              	.LVL29:
 371:Generated_Source\PSoC4/cyfitter_cfg.c **** 
 372:Generated_Source\PSoC4/cyfitter_cfg.c **** 	/* Perform basic analog initialization to defaults */
 373:Generated_Source\PSoC4/cyfitter_cfg.c **** 	AnalogSetDefault();
 387              		.loc 1 373 0
 388 0134 FFF7FEFF 		bl	AnalogSetDefault
 389              	.LVL30:
 374:Generated_Source\PSoC4/cyfitter_cfg.c **** 
 375:Generated_Source\PSoC4/cyfitter_cfg.c **** }
 390              		.loc 1 375 0
 391              		@ sp needed
 392              	.LVL31:
 393 0138 10BD     		pop	{r4, pc}
 394              	.L17:
 395 013a C046     		.align	2
ARM GAS  C:\Users\Jacob\AppData\Local\Temp\ccNn83UB.s 			page 15


 396              	.L16:
 397 013c 6CF02E40 		.word	1076818028
 398 0140 00000000 		.word	.LANCHOR0
 399 0144 00000240 		.word	1073872896
 400 0148 00500F40 		.word	1074745344
 401 014c 20500F40 		.word	1074745376
 402 0150 24500F40 		.word	1074745380
 403 0154 00700F40 		.word	1074753536
 404 0158 08000440 		.word	1074003976
 405 015c 00020440 		.word	1074004480
 406 0160 08020440 		.word	1074004488
 407              		.cfi_endproc
 408              	.LFE8:
 409              		.size	cyfitter_cfg, .-cyfitter_cfg
 410              		.section	.rodata
 411              		.align	2
 412              		.set	.LANCHOR0,. + 0
 413              		.type	cfg_memset_list.4916, %object
 414              		.size	cfg_memset_list.4916, 12
 415              	cfg_memset_list.4916:
 416 0000 00300F40 		.word	1074737152
 417 0004 0004     		.short	1024
 418 0006 00400F40 		.4byte	1074741248
 419 000a 0004     		.short	1024
 420              		.type	cy_cfg_data_table.4911, %object
 421              		.size	cy_cfg_data_table.4911, 4
 422              	cy_cfg_data_table.4911:
 423 000c 02       		.byte	2
 424 000d 01       		.byte	1
 425 000e 11       		.byte	17
 426 000f 01       		.byte	1
 427              		.type	cy_cfg_addr_table.4910, %object
 428              		.size	cy_cfg_addr_table.4910, 4
 429              	cy_cfg_addr_table.4910:
 430 0010 02600F40 		.word	1074749442
 431              		.text
 432              	.Letext0:
 433              		.file 2 "c:\\program files (x86)\\cypress\\psoc creator\\4.1\\psoc creator\\import\\gnu\\arm\\5.4.
 434              		.file 3 "Generated_Source\\PSoC4\\cytypes.h"
 435              		.file 4 "Generated_Source\\PSoC4\\CyLFClk.h"
 436              		.file 5 "Generated_Source\\PSoC4\\CyLib.h"
 437              		.section	.debug_info,"",%progbits
 438              	.Ldebug_info0:
 439 0000 4C040000 		.4byte	0x44c
 440 0004 0400     		.2byte	0x4
 441 0006 00000000 		.4byte	.Ldebug_abbrev0
 442 000a 04       		.byte	0x4
 443 000b 01       		.uleb128 0x1
 444 000c BE010000 		.4byte	.LASF44
 445 0010 0C       		.byte	0xc
 446 0011 06030000 		.4byte	.LASF45
 447 0015 AE000000 		.4byte	.LASF46
 448 0019 00000000 		.4byte	.Ldebug_ranges0+0
 449 001d 00000000 		.4byte	0
 450 0021 00000000 		.4byte	.Ldebug_line0
 451 0025 02       		.uleb128 0x2
 452 0026 04       		.byte	0x4
ARM GAS  C:\Users\Jacob\AppData\Local\Temp\ccNn83UB.s 			page 16


 453 0027 05       		.byte	0x5
 454 0028 696E7400 		.ascii	"int\000"
 455 002c 03       		.uleb128 0x3
 456 002d 14000000 		.4byte	.LASF12
 457 0031 02       		.byte	0x2
 458 0032 D8       		.byte	0xd8
 459 0033 37000000 		.4byte	0x37
 460 0037 04       		.uleb128 0x4
 461 0038 04       		.byte	0x4
 462 0039 07       		.byte	0x7
 463 003a 85010000 		.4byte	.LASF0
 464 003e 04       		.uleb128 0x4
 465 003f 08       		.byte	0x8
 466 0040 05       		.byte	0x5
 467 0041 7E020000 		.4byte	.LASF1
 468 0045 04       		.uleb128 0x4
 469 0046 08       		.byte	0x8
 470 0047 04       		.byte	0x4
 471 0048 EE020000 		.4byte	.LASF2
 472 004c 04       		.uleb128 0x4
 473 004d 01       		.byte	0x1
 474 004e 06       		.byte	0x6
 475 004f FA020000 		.4byte	.LASF3
 476 0053 04       		.uleb128 0x4
 477 0054 01       		.byte	0x1
 478 0055 08       		.byte	0x8
 479 0056 27010000 		.4byte	.LASF4
 480 005a 04       		.uleb128 0x4
 481 005b 02       		.byte	0x2
 482 005c 05       		.byte	0x5
 483 005d C6020000 		.4byte	.LASF5
 484 0061 04       		.uleb128 0x4
 485 0062 02       		.byte	0x2
 486 0063 07       		.byte	0x7
 487 0064 6B020000 		.4byte	.LASF6
 488 0068 04       		.uleb128 0x4
 489 0069 04       		.byte	0x4
 490 006a 05       		.byte	0x5
 491 006b E5020000 		.4byte	.LASF7
 492 006f 04       		.uleb128 0x4
 493 0070 04       		.byte	0x4
 494 0071 07       		.byte	0x7
 495 0072 F4000000 		.4byte	.LASF8
 496 0076 04       		.uleb128 0x4
 497 0077 08       		.byte	0x8
 498 0078 07       		.byte	0x7
 499 0079 A7010000 		.4byte	.LASF9
 500 007d 04       		.uleb128 0x4
 501 007e 04       		.byte	0x4
 502 007f 07       		.byte	0x7
 503 0080 62020000 		.4byte	.LASF10
 504 0084 05       		.uleb128 0x5
 505 0085 04       		.byte	0x4
 506 0086 04       		.uleb128 0x4
 507 0087 01       		.byte	0x1
 508 0088 08       		.byte	0x8
 509 0089 96020000 		.4byte	.LASF11
ARM GAS  C:\Users\Jacob\AppData\Local\Temp\ccNn83UB.s 			page 17


 510 008d 06       		.uleb128 0x6
 511 008e 06010000 		.4byte	.LASF13
 512 0092 03       		.byte	0x3
 513 0093 D201     		.2byte	0x1d2
 514 0095 53000000 		.4byte	0x53
 515 0099 06       		.uleb128 0x6
 516 009a 6C010000 		.4byte	.LASF14
 517 009e 03       		.byte	0x3
 518 009f D301     		.2byte	0x1d3
 519 00a1 61000000 		.4byte	0x61
 520 00a5 06       		.uleb128 0x6
 521 00a6 7E010000 		.4byte	.LASF15
 522 00aa 03       		.byte	0x3
 523 00ab D401     		.2byte	0x1d4
 524 00ad 6F000000 		.4byte	0x6f
 525 00b1 04       		.uleb128 0x4
 526 00b2 04       		.byte	0x4
 527 00b3 04       		.byte	0x4
 528 00b4 7B000000 		.4byte	.LASF16
 529 00b8 04       		.uleb128 0x4
 530 00b9 08       		.byte	0x8
 531 00ba 04       		.byte	0x4
 532 00bb 3C010000 		.4byte	.LASF17
 533 00bf 06       		.uleb128 0x6
 534 00c0 2C000000 		.4byte	.LASF18
 535 00c4 03       		.byte	0x3
 536 00c5 7C02     		.2byte	0x27c
 537 00c7 CB000000 		.4byte	0xcb
 538 00cb 07       		.uleb128 0x7
 539 00cc 8D000000 		.4byte	0x8d
 540 00d0 06       		.uleb128 0x6
 541 00d1 0E000000 		.4byte	.LASF19
 542 00d5 03       		.byte	0x3
 543 00d6 7E02     		.2byte	0x27e
 544 00d8 DC000000 		.4byte	0xdc
 545 00dc 07       		.uleb128 0x7
 546 00dd A5000000 		.4byte	0xa5
 547 00e1 08       		.uleb128 0x8
 548 00e2 02       		.byte	0x2
 549 00e3 01       		.byte	0x1
 550 00e4 9A       		.byte	0x9a
 551 00e5 02010000 		.4byte	0x102
 552 00e9 09       		.uleb128 0x9
 553 00ea BF020000 		.4byte	.LASF20
 554 00ee 01       		.byte	0x1
 555 00ef 9C       		.byte	0x9c
 556 00f0 8D000000 		.4byte	0x8d
 557 00f4 00       		.byte	0
 558 00f5 09       		.uleb128 0x9
 559 00f6 40000000 		.4byte	.LASF21
 560 00fa 01       		.byte	0x1
 561 00fb 9D       		.byte	0x9d
 562 00fc 8D000000 		.4byte	0x8d
 563 0100 01       		.byte	0x1
 564 0101 00       		.byte	0
 565 0102 03       		.uleb128 0x3
 566 0103 AC020000 		.4byte	.LASF22
ARM GAS  C:\Users\Jacob\AppData\Local\Temp\ccNn83UB.s 			page 18


 567 0107 01       		.byte	0x1
 568 0108 9E       		.byte	0x9e
 569 0109 E1000000 		.4byte	0xe1
 570 010d 0A       		.uleb128 0xa
 571 010e 43010000 		.4byte	.LASF27
 572 0112 01       		.byte	0x1
 573 0113 B1       		.byte	0xb1
 574 0114 00000000 		.4byte	.LFB5
 575 0118 32000000 		.4byte	.LFE5-.LFB5
 576 011c 01       		.uleb128 0x1
 577 011d 9C       		.byte	0x9c
 578 011e 7F010000 		.4byte	0x17f
 579 0122 0B       		.uleb128 0xb
 580 0123 61010000 		.4byte	.LASF23
 581 0127 01       		.byte	0x1
 582 0128 B1       		.byte	0xb1
 583 0129 7F010000 		.4byte	0x17f
 584 012d 01       		.uleb128 0x1
 585 012e 50       		.byte	0x50
 586 012f 0B       		.uleb128 0xb
 587 0130 73010000 		.4byte	.LASF24
 588 0134 01       		.byte	0x1
 589 0135 B1       		.byte	0xb1
 590 0136 8A010000 		.4byte	0x18a
 591 013a 01       		.uleb128 0x1
 592 013b 51       		.byte	0x51
 593 013c 0C       		.uleb128 0xc
 594 013d 6900     		.ascii	"i\000"
 595 013f 01       		.byte	0x1
 596 0140 B4       		.byte	0xb4
 597 0141 A5000000 		.4byte	0xa5
 598 0145 00000000 		.4byte	.LLST0
 599 0149 0C       		.uleb128 0xc
 600 014a 6A00     		.ascii	"j\000"
 601 014c 01       		.byte	0x1
 602 014d B4       		.byte	0xb4
 603 014e A5000000 		.4byte	0xa5
 604 0152 1F000000 		.4byte	.LLST1
 605 0156 0D       		.uleb128 0xd
 606 0157 08000000 		.4byte	.LBB2
 607 015b 22000000 		.4byte	.LBE2-.LBB2
 608 015f 0E       		.uleb128 0xe
 609 0160 59020000 		.4byte	.LASF25
 610 0164 01       		.byte	0x1
 611 0165 B7       		.byte	0xb7
 612 0166 A5000000 		.4byte	0xa5
 613 016a 3E000000 		.4byte	.LLST2
 614 016e 0E       		.uleb128 0xe
 615 016f 46000000 		.4byte	.LASF26
 616 0173 01       		.byte	0x1
 617 0174 B8       		.byte	0xb8
 618 0175 8D000000 		.4byte	0x8d
 619 0179 51000000 		.4byte	.LLST3
 620 017d 00       		.byte	0
 621 017e 00       		.byte	0
 622 017f 0F       		.uleb128 0xf
 623 0180 04       		.byte	0x4
ARM GAS  C:\Users\Jacob\AppData\Local\Temp\ccNn83UB.s 			page 19


 624 0181 85010000 		.4byte	0x185
 625 0185 10       		.uleb128 0x10
 626 0186 A5000000 		.4byte	0xa5
 627 018a 0F       		.uleb128 0xf
 628 018b 04       		.byte	0x4
 629 018c 90010000 		.4byte	0x190
 630 0190 10       		.uleb128 0x10
 631 0191 02010000 		.4byte	0x102
 632 0195 11       		.uleb128 0x11
 633 0196 1B000000 		.4byte	.LASF47
 634 019a 01       		.byte	0x1
 635 019b 1601     		.2byte	0x116
 636 019d 00000000 		.4byte	.LFB7
 637 01a1 20000000 		.4byte	.LFE7-.LFB7
 638 01a5 01       		.uleb128 0x1
 639 01a6 9C       		.byte	0x9c
 640 01a7 0A       		.uleb128 0xa
 641 01a8 1D010000 		.4byte	.LASF28
 642 01ac 01       		.byte	0x1
 643 01ad 4C       		.byte	0x4c
 644 01ae 00000000 		.4byte	.LFB2
 645 01b2 0C000000 		.4byte	.LFE2-.LFB2
 646 01b6 01       		.uleb128 0x1
 647 01b7 9C       		.byte	0x9c
 648 01b8 F4010000 		.4byte	0x1f4
 649 01bc 12       		.uleb128 0x12
 650 01bd 7300     		.ascii	"s\000"
 651 01bf 01       		.byte	0x1
 652 01c0 4C       		.byte	0x4c
 653 01c1 84000000 		.4byte	0x84
 654 01c5 6F000000 		.4byte	.LLST4
 655 01c9 12       		.uleb128 0x12
 656 01ca 6E00     		.ascii	"n\000"
 657 01cc 01       		.byte	0x1
 658 01cd 4C       		.byte	0x4c
 659 01ce 2C000000 		.4byte	0x2c
 660 01d2 90000000 		.4byte	.LLST5
 661 01d6 13       		.uleb128 0x13
 662 01d7 0A000000 		.4byte	.LVL14
 663 01db EE030000 		.4byte	0x3ee
 664 01df 14       		.uleb128 0x14
 665 01e0 01       		.uleb128 0x1
 666 01e1 50       		.byte	0x50
 667 01e2 03       		.uleb128 0x3
 668 01e3 F3       		.byte	0xf3
 669 01e4 01       		.uleb128 0x1
 670 01e5 50       		.byte	0x50
 671 01e6 14       		.uleb128 0x14
 672 01e7 01       		.uleb128 0x1
 673 01e8 51       		.byte	0x51
 674 01e9 01       		.uleb128 0x1
 675 01ea 30       		.byte	0x30
 676 01eb 14       		.uleb128 0x14
 677 01ec 01       		.uleb128 0x1
 678 01ed 52       		.byte	0x52
 679 01ee 03       		.uleb128 0x3
 680 01ef F3       		.byte	0xf3
ARM GAS  C:\Users\Jacob\AppData\Local\Temp\ccNn83UB.s 			page 20


 681 01f0 01       		.uleb128 0x1
 682 01f1 51       		.byte	0x51
 683 01f2 00       		.byte	0
 684 01f3 00       		.byte	0
 685 01f4 0A       		.uleb128 0xa
 686 01f5 4C000000 		.4byte	.LASF29
 687 01f9 01       		.byte	0x1
 688 01fa D6       		.byte	0xd6
 689 01fb 00000000 		.4byte	.LFB6
 690 01ff B4000000 		.4byte	.LFE6-.LFB6
 691 0203 01       		.uleb128 0x1
 692 0204 9C       		.byte	0x9c
 693 0205 9D020000 		.4byte	0x29d
 694 0209 15       		.uleb128 0x15
 695 020a 0C000000 		.4byte	.LVL15
 696 020e F7030000 		.4byte	0x3f7
 697 0212 16       		.uleb128 0x16
 698 0213 12000000 		.4byte	.LVL16
 699 0217 02040000 		.4byte	0x402
 700 021b 29020000 		.4byte	0x229
 701 021f 14       		.uleb128 0x14
 702 0220 01       		.uleb128 0x1
 703 0221 50       		.byte	0x50
 704 0222 05       		.uleb128 0x5
 705 0223 0C       		.byte	0xc
 706 0224 001BB700 		.4byte	0xb71b00
 707 0228 00       		.byte	0
 708 0229 16       		.uleb128 0x16
 709 022a 18000000 		.4byte	.LVL17
 710 022e 0D040000 		.4byte	0x40d
 711 0232 3C020000 		.4byte	0x23c
 712 0236 14       		.uleb128 0x14
 713 0237 01       		.uleb128 0x1
 714 0238 50       		.byte	0x50
 715 0239 01       		.uleb128 0x1
 716 023a 31       		.byte	0x31
 717 023b 00       		.byte	0
 718 023c 16       		.uleb128 0x16
 719 023d 1E000000 		.4byte	.LVL18
 720 0241 18040000 		.4byte	0x418
 721 0245 50020000 		.4byte	0x250
 722 0249 14       		.uleb128 0x14
 723 024a 01       		.uleb128 0x1
 724 024b 50       		.byte	0x50
 725 024c 02       		.uleb128 0x2
 726 024d 08       		.byte	0x8
 727 024e 30       		.byte	0x30
 728 024f 00       		.byte	0
 729 0250 16       		.uleb128 0x16
 730 0251 54000000 		.4byte	.LVL19
 731 0255 23040000 		.4byte	0x423
 732 0259 65020000 		.4byte	0x265
 733 025d 14       		.uleb128 0x14
 734 025e 01       		.uleb128 0x1
 735 025f 50       		.byte	0x50
 736 0260 03       		.uleb128 0x3
 737 0261 0A       		.byte	0xa
ARM GAS  C:\Users\Jacob\AppData\Local\Temp\ccNn83UB.s 			page 21


 738 0262 D007     		.2byte	0x7d0
 739 0264 00       		.byte	0
 740 0265 16       		.uleb128 0x16
 741 0266 5A000000 		.4byte	.LVL20
 742 026a 2E040000 		.4byte	0x42e
 743 026e 7A020000 		.4byte	0x27a
 744 0272 14       		.uleb128 0x14
 745 0273 01       		.uleb128 0x1
 746 0274 50       		.byte	0x50
 747 0275 03       		.uleb128 0x3
 748 0276 0A       		.byte	0xa
 749 0277 DC05     		.2byte	0x5dc
 750 0279 00       		.byte	0
 751 027a 16       		.uleb128 0x16
 752 027b 72000000 		.4byte	.LVL21
 753 027f 39040000 		.4byte	0x439
 754 0283 8D020000 		.4byte	0x28d
 755 0287 14       		.uleb128 0x14
 756 0288 01       		.uleb128 0x1
 757 0289 50       		.byte	0x50
 758 028a 01       		.uleb128 0x1
 759 028b 38       		.byte	0x38
 760 028c 00       		.byte	0
 761 028d 13       		.uleb128 0x13
 762 028e 78000000 		.4byte	.LVL22
 763 0292 44040000 		.4byte	0x444
 764 0296 14       		.uleb128 0x14
 765 0297 01       		.uleb128 0x1
 766 0298 50       		.byte	0x50
 767 0299 01       		.uleb128 0x1
 768 029a 38       		.byte	0x38
 769 029b 00       		.byte	0
 770 029c 00       		.byte	0
 771 029d 17       		.uleb128 0x17
 772 029e 92010000 		.4byte	.LASF48
 773 02a2 01       		.byte	0x1
 774 02a3 3101     		.2byte	0x131
 775 02a5 B4000000 		.4byte	.LFB8
 776 02a9 B0000000 		.4byte	.LFE8-.LFB8
 777 02ad 01       		.uleb128 0x1
 778 02ae 9C       		.byte	0x9c
 779 02af C4030000 		.4byte	0x3c4
 780 02b3 18       		.uleb128 0x18
 781 02b4 BE000000 		.4byte	.LBB3
 782 02b8 5C000000 		.4byte	.LBE3-.LBB3
 783 02bc B1030000 		.4byte	0x3b1
 784 02c0 19       		.uleb128 0x19
 785 02c1 57000000 		.4byte	.LASF30
 786 02c5 01       		.byte	0x1
 787 02c6 3901     		.2byte	0x139
 788 02c8 D4030000 		.4byte	0x3d4
 789 02cc 05       		.uleb128 0x5
 790 02cd 03       		.byte	0x3
 791 02ce 10000000 		.4byte	cy_cfg_addr_table.4910
 792 02d2 19       		.uleb128 0x19
 793 02d3 69000000 		.4byte	.LASF31
 794 02d7 01       		.byte	0x1
ARM GAS  C:\Users\Jacob\AppData\Local\Temp\ccNn83UB.s 			page 22


 795 02d8 3D01     		.2byte	0x13d
 796 02da E9030000 		.4byte	0x3e9
 797 02de 05       		.uleb128 0x5
 798 02df 03       		.byte	0x3
 799 02e0 0C000000 		.4byte	cy_cfg_data_table.4911
 800 02e4 1A       		.uleb128 0x1a
 801 02e5 06       		.byte	0x6
 802 02e6 01       		.byte	0x1
 803 02e7 4401     		.2byte	0x144
 804 02e9 08030000 		.4byte	0x308
 805 02ed 1B       		.uleb128 0x1b
 806 02ee 9F010000 		.4byte	.LASF32
 807 02f2 01       		.byte	0x1
 808 02f3 4501     		.2byte	0x145
 809 02f5 84000000 		.4byte	0x84
 810 02f9 00       		.byte	0
 811 02fa 1B       		.uleb128 0x1b
 812 02fb 91000000 		.4byte	.LASF33
 813 02ff 01       		.byte	0x1
 814 0300 4601     		.2byte	0x146
 815 0302 99000000 		.4byte	0x99
 816 0306 04       		.byte	0x4
 817 0307 00       		.byte	0
 818 0308 06       		.uleb128 0x6
 819 0309 4C020000 		.4byte	.LASF34
 820 030d 01       		.byte	0x1
 821 030e 4701     		.2byte	0x147
 822 0310 E4020000 		.4byte	0x2e4
 823 0314 1C       		.uleb128 0x1c
 824 0315 24030000 		.4byte	0x324
 825 0319 24030000 		.4byte	0x324
 826 031d 1D       		.uleb128 0x1d
 827 031e 7D000000 		.4byte	0x7d
 828 0322 01       		.byte	0x1
 829 0323 00       		.byte	0
 830 0324 10       		.uleb128 0x10
 831 0325 08030000 		.4byte	0x308
 832 0329 19       		.uleb128 0x19
 833 032a 81000000 		.4byte	.LASF35
 834 032e 01       		.byte	0x1
 835 032f 4901     		.2byte	0x149
 836 0331 3B030000 		.4byte	0x33b
 837 0335 05       		.uleb128 0x5
 838 0336 03       		.byte	0x3
 839 0337 00000000 		.4byte	cfg_memset_list.4916
 840 033b 10       		.uleb128 0x10
 841 033c 14030000 		.4byte	0x314
 842 0340 1E       		.uleb128 0x1e
 843 0341 6900     		.ascii	"i\000"
 844 0343 01       		.byte	0x1
 845 0344 4F01     		.2byte	0x14f
 846 0346 8D000000 		.4byte	0x8d
 847 034a BC000000 		.4byte	.LLST6
 848 034e 18       		.uleb128 0x18
 849 034f C2000000 		.4byte	.LBB4
 850 0353 1C000000 		.4byte	.LBE4-.LBB4
 851 0357 94030000 		.4byte	0x394
ARM GAS  C:\Users\Jacob\AppData\Local\Temp\ccNn83UB.s 			page 23


 852 035b 1E       		.uleb128 0x1e
 853 035c 6D7300   		.ascii	"ms\000"
 854 035f 01       		.byte	0x1
 855 0360 5401     		.2byte	0x154
 856 0362 6A030000 		.4byte	0x36a
 857 0366 E6000000 		.4byte	.LLST7
 858 036a 0F       		.uleb128 0xf
 859 036b 04       		.byte	0x4
 860 036c 24030000 		.4byte	0x324
 861 0370 13       		.uleb128 0x13
 862 0371 DE000000 		.4byte	.LVL25
 863 0375 A7010000 		.4byte	0x1a7
 864 0379 14       		.uleb128 0x14
 865 037a 01       		.uleb128 0x1
 866 037b 51       		.byte	0x51
 867 037c 15       		.uleb128 0x15
 868 037d 74       		.byte	0x74
 869 037e 00       		.sleb128 0
 870 037f 31       		.byte	0x31
 871 0380 24       		.byte	0x24
 872 0381 74       		.byte	0x74
 873 0382 00       		.sleb128 0
 874 0383 22       		.byte	0x22
 875 0384 31       		.byte	0x31
 876 0385 24       		.byte	0x24
 877 0386 03       		.byte	0x3
 878 0387 04000000 		.4byte	.LANCHOR0+4
 879 038b 22       		.byte	0x22
 880 038c 94       		.byte	0x94
 881 038d 02       		.byte	0x2
 882 038e 0A       		.byte	0xa
 883 038f FFFF     		.2byte	0xffff
 884 0391 1A       		.byte	0x1a
 885 0392 00       		.byte	0
 886 0393 00       		.byte	0
 887 0394 13       		.uleb128 0x13
 888 0395 F2000000 		.4byte	.LVL28
 889 0399 0D010000 		.4byte	0x10d
 890 039d 14       		.uleb128 0x14
 891 039e 01       		.uleb128 0x1
 892 039f 50       		.byte	0x50
 893 03a0 05       		.uleb128 0x5
 894 03a1 03       		.byte	0x3
 895 03a2 10000000 		.4byte	.LANCHOR0+16
 896 03a6 14       		.uleb128 0x14
 897 03a7 01       		.uleb128 0x1
 898 03a8 51       		.byte	0x51
 899 03a9 05       		.uleb128 0x5
 900 03aa 03       		.byte	0x3
 901 03ab 0C000000 		.4byte	.LANCHOR0+12
 902 03af 00       		.byte	0
 903 03b0 00       		.byte	0
 904 03b1 15       		.uleb128 0x15
 905 03b2 34010000 		.4byte	.LVL29
 906 03b6 F4010000 		.4byte	0x1f4
 907 03ba 15       		.uleb128 0x15
 908 03bb 38010000 		.4byte	.LVL30
ARM GAS  C:\Users\Jacob\AppData\Local\Temp\ccNn83UB.s 			page 24


 909 03bf 95010000 		.4byte	0x195
 910 03c3 00       		.byte	0
 911 03c4 1C       		.uleb128 0x1c
 912 03c5 85010000 		.4byte	0x185
 913 03c9 D4030000 		.4byte	0x3d4
 914 03cd 1D       		.uleb128 0x1d
 915 03ce 7D000000 		.4byte	0x7d
 916 03d2 00       		.byte	0
 917 03d3 00       		.byte	0
 918 03d4 10       		.uleb128 0x10
 919 03d5 C4030000 		.4byte	0x3c4
 920 03d9 1C       		.uleb128 0x1c
 921 03da 90010000 		.4byte	0x190
 922 03de E9030000 		.4byte	0x3e9
 923 03e2 1D       		.uleb128 0x1d
 924 03e3 7D000000 		.4byte	0x7d
 925 03e7 01       		.byte	0x1
 926 03e8 00       		.byte	0
 927 03e9 10       		.uleb128 0x10
 928 03ea D9030000 		.4byte	0x3d9
 929 03ee 1F       		.uleb128 0x1f
 930 03ef 35010000 		.4byte	.LASF49
 931 03f3 35010000 		.4byte	.LASF49
 932 03f7 20       		.uleb128 0x20
 933 03f8 0C010000 		.4byte	.LASF36
 934 03fc 0C010000 		.4byte	.LASF36
 935 0400 04       		.byte	0x4
 936 0401 4E       		.byte	0x4e
 937 0402 20       		.uleb128 0x20
 938 0403 00000000 		.4byte	.LASF37
 939 0407 00000000 		.4byte	.LASF37
 940 040b 05       		.byte	0x5
 941 040c DC       		.byte	0xdc
 942 040d 20       		.uleb128 0x20
 943 040e 96000000 		.4byte	.LASF38
 944 0412 96000000 		.4byte	.LASF38
 945 0416 04       		.byte	0x4
 946 0417 50       		.byte	0x50
 947 0418 20       		.uleb128 0x20
 948 0419 D0020000 		.4byte	.LASF39
 949 041d D0020000 		.4byte	.LASF39
 950 0421 05       		.byte	0x5
 951 0422 6C       		.byte	0x6c
 952 0423 20       		.uleb128 0x20
 953 0424 9B020000 		.4byte	.LASF40
 954 0428 9B020000 		.4byte	.LASF40
 955 042c 05       		.byte	0x5
 956 042d 84       		.byte	0x84
 957 042e 20       		.uleb128 0x20
 958 042f 8C020000 		.4byte	.LASF41
 959 0433 8C020000 		.4byte	.LASF41
 960 0437 05       		.byte	0x5
 961 0438 DA       		.byte	0xda
 962 0439 20       		.uleb128 0x20
 963 043a 31000000 		.4byte	.LASF42
 964 043e 31000000 		.4byte	.LASF42
 965 0442 05       		.byte	0x5
ARM GAS  C:\Users\Jacob\AppData\Local\Temp\ccNn83UB.s 			page 25


 966 0443 BD       		.byte	0xbd
 967 0444 20       		.uleb128 0x20
 968 0445 55010000 		.4byte	.LASF43
 969 0449 55010000 		.4byte	.LASF43
 970 044d 05       		.byte	0x5
 971 044e C3       		.byte	0xc3
 972 044f 00       		.byte	0
 973              		.section	.debug_abbrev,"",%progbits
 974              	.Ldebug_abbrev0:
 975 0000 01       		.uleb128 0x1
 976 0001 11       		.uleb128 0x11
 977 0002 01       		.byte	0x1
 978 0003 25       		.uleb128 0x25
 979 0004 0E       		.uleb128 0xe
 980 0005 13       		.uleb128 0x13
 981 0006 0B       		.uleb128 0xb
 982 0007 03       		.uleb128 0x3
 983 0008 0E       		.uleb128 0xe
 984 0009 1B       		.uleb128 0x1b
 985 000a 0E       		.uleb128 0xe
 986 000b 55       		.uleb128 0x55
 987 000c 17       		.uleb128 0x17
 988 000d 11       		.uleb128 0x11
 989 000e 01       		.uleb128 0x1
 990 000f 10       		.uleb128 0x10
 991 0010 17       		.uleb128 0x17
 992 0011 00       		.byte	0
 993 0012 00       		.byte	0
 994 0013 02       		.uleb128 0x2
 995 0014 24       		.uleb128 0x24
 996 0015 00       		.byte	0
 997 0016 0B       		.uleb128 0xb
 998 0017 0B       		.uleb128 0xb
 999 0018 3E       		.uleb128 0x3e
 1000 0019 0B       		.uleb128 0xb
 1001 001a 03       		.uleb128 0x3
 1002 001b 08       		.uleb128 0x8
 1003 001c 00       		.byte	0
 1004 001d 00       		.byte	0
 1005 001e 03       		.uleb128 0x3
 1006 001f 16       		.uleb128 0x16
 1007 0020 00       		.byte	0
 1008 0021 03       		.uleb128 0x3
 1009 0022 0E       		.uleb128 0xe
 1010 0023 3A       		.uleb128 0x3a
 1011 0024 0B       		.uleb128 0xb
 1012 0025 3B       		.uleb128 0x3b
 1013 0026 0B       		.uleb128 0xb
 1014 0027 49       		.uleb128 0x49
 1015 0028 13       		.uleb128 0x13
 1016 0029 00       		.byte	0
 1017 002a 00       		.byte	0
 1018 002b 04       		.uleb128 0x4
 1019 002c 24       		.uleb128 0x24
 1020 002d 00       		.byte	0
 1021 002e 0B       		.uleb128 0xb
 1022 002f 0B       		.uleb128 0xb
ARM GAS  C:\Users\Jacob\AppData\Local\Temp\ccNn83UB.s 			page 26


 1023 0030 3E       		.uleb128 0x3e
 1024 0031 0B       		.uleb128 0xb
 1025 0032 03       		.uleb128 0x3
 1026 0033 0E       		.uleb128 0xe
 1027 0034 00       		.byte	0
 1028 0035 00       		.byte	0
 1029 0036 05       		.uleb128 0x5
 1030 0037 0F       		.uleb128 0xf
 1031 0038 00       		.byte	0
 1032 0039 0B       		.uleb128 0xb
 1033 003a 0B       		.uleb128 0xb
 1034 003b 00       		.byte	0
 1035 003c 00       		.byte	0
 1036 003d 06       		.uleb128 0x6
 1037 003e 16       		.uleb128 0x16
 1038 003f 00       		.byte	0
 1039 0040 03       		.uleb128 0x3
 1040 0041 0E       		.uleb128 0xe
 1041 0042 3A       		.uleb128 0x3a
 1042 0043 0B       		.uleb128 0xb
 1043 0044 3B       		.uleb128 0x3b
 1044 0045 05       		.uleb128 0x5
 1045 0046 49       		.uleb128 0x49
 1046 0047 13       		.uleb128 0x13
 1047 0048 00       		.byte	0
 1048 0049 00       		.byte	0
 1049 004a 07       		.uleb128 0x7
 1050 004b 35       		.uleb128 0x35
 1051 004c 00       		.byte	0
 1052 004d 49       		.uleb128 0x49
 1053 004e 13       		.uleb128 0x13
 1054 004f 00       		.byte	0
 1055 0050 00       		.byte	0
 1056 0051 08       		.uleb128 0x8
 1057 0052 13       		.uleb128 0x13
 1058 0053 01       		.byte	0x1
 1059 0054 0B       		.uleb128 0xb
 1060 0055 0B       		.uleb128 0xb
 1061 0056 3A       		.uleb128 0x3a
 1062 0057 0B       		.uleb128 0xb
 1063 0058 3B       		.uleb128 0x3b
 1064 0059 0B       		.uleb128 0xb
 1065 005a 01       		.uleb128 0x1
 1066 005b 13       		.uleb128 0x13
 1067 005c 00       		.byte	0
 1068 005d 00       		.byte	0
 1069 005e 09       		.uleb128 0x9
 1070 005f 0D       		.uleb128 0xd
 1071 0060 00       		.byte	0
 1072 0061 03       		.uleb128 0x3
 1073 0062 0E       		.uleb128 0xe
 1074 0063 3A       		.uleb128 0x3a
 1075 0064 0B       		.uleb128 0xb
 1076 0065 3B       		.uleb128 0x3b
 1077 0066 0B       		.uleb128 0xb
 1078 0067 49       		.uleb128 0x49
 1079 0068 13       		.uleb128 0x13
ARM GAS  C:\Users\Jacob\AppData\Local\Temp\ccNn83UB.s 			page 27


 1080 0069 38       		.uleb128 0x38
 1081 006a 0B       		.uleb128 0xb
 1082 006b 00       		.byte	0
 1083 006c 00       		.byte	0
 1084 006d 0A       		.uleb128 0xa
 1085 006e 2E       		.uleb128 0x2e
 1086 006f 01       		.byte	0x1
 1087 0070 03       		.uleb128 0x3
 1088 0071 0E       		.uleb128 0xe
 1089 0072 3A       		.uleb128 0x3a
 1090 0073 0B       		.uleb128 0xb
 1091 0074 3B       		.uleb128 0x3b
 1092 0075 0B       		.uleb128 0xb
 1093 0076 27       		.uleb128 0x27
 1094 0077 19       		.uleb128 0x19
 1095 0078 11       		.uleb128 0x11
 1096 0079 01       		.uleb128 0x1
 1097 007a 12       		.uleb128 0x12
 1098 007b 06       		.uleb128 0x6
 1099 007c 40       		.uleb128 0x40
 1100 007d 18       		.uleb128 0x18
 1101 007e 9742     		.uleb128 0x2117
 1102 0080 19       		.uleb128 0x19
 1103 0081 01       		.uleb128 0x1
 1104 0082 13       		.uleb128 0x13
 1105 0083 00       		.byte	0
 1106 0084 00       		.byte	0
 1107 0085 0B       		.uleb128 0xb
 1108 0086 05       		.uleb128 0x5
 1109 0087 00       		.byte	0
 1110 0088 03       		.uleb128 0x3
 1111 0089 0E       		.uleb128 0xe
 1112 008a 3A       		.uleb128 0x3a
 1113 008b 0B       		.uleb128 0xb
 1114 008c 3B       		.uleb128 0x3b
 1115 008d 0B       		.uleb128 0xb
 1116 008e 49       		.uleb128 0x49
 1117 008f 13       		.uleb128 0x13
 1118 0090 02       		.uleb128 0x2
 1119 0091 18       		.uleb128 0x18
 1120 0092 00       		.byte	0
 1121 0093 00       		.byte	0
 1122 0094 0C       		.uleb128 0xc
 1123 0095 34       		.uleb128 0x34
 1124 0096 00       		.byte	0
 1125 0097 03       		.uleb128 0x3
 1126 0098 08       		.uleb128 0x8
 1127 0099 3A       		.uleb128 0x3a
 1128 009a 0B       		.uleb128 0xb
 1129 009b 3B       		.uleb128 0x3b
 1130 009c 0B       		.uleb128 0xb
 1131 009d 49       		.uleb128 0x49
 1132 009e 13       		.uleb128 0x13
 1133 009f 02       		.uleb128 0x2
 1134 00a0 17       		.uleb128 0x17
 1135 00a1 00       		.byte	0
 1136 00a2 00       		.byte	0
ARM GAS  C:\Users\Jacob\AppData\Local\Temp\ccNn83UB.s 			page 28


 1137 00a3 0D       		.uleb128 0xd
 1138 00a4 0B       		.uleb128 0xb
 1139 00a5 01       		.byte	0x1
 1140 00a6 11       		.uleb128 0x11
 1141 00a7 01       		.uleb128 0x1
 1142 00a8 12       		.uleb128 0x12
 1143 00a9 06       		.uleb128 0x6
 1144 00aa 00       		.byte	0
 1145 00ab 00       		.byte	0
 1146 00ac 0E       		.uleb128 0xe
 1147 00ad 34       		.uleb128 0x34
 1148 00ae 00       		.byte	0
 1149 00af 03       		.uleb128 0x3
 1150 00b0 0E       		.uleb128 0xe
 1151 00b1 3A       		.uleb128 0x3a
 1152 00b2 0B       		.uleb128 0xb
 1153 00b3 3B       		.uleb128 0x3b
 1154 00b4 0B       		.uleb128 0xb
 1155 00b5 49       		.uleb128 0x49
 1156 00b6 13       		.uleb128 0x13
 1157 00b7 02       		.uleb128 0x2
 1158 00b8 17       		.uleb128 0x17
 1159 00b9 00       		.byte	0
 1160 00ba 00       		.byte	0
 1161 00bb 0F       		.uleb128 0xf
 1162 00bc 0F       		.uleb128 0xf
 1163 00bd 00       		.byte	0
 1164 00be 0B       		.uleb128 0xb
 1165 00bf 0B       		.uleb128 0xb
 1166 00c0 49       		.uleb128 0x49
 1167 00c1 13       		.uleb128 0x13
 1168 00c2 00       		.byte	0
 1169 00c3 00       		.byte	0
 1170 00c4 10       		.uleb128 0x10
 1171 00c5 26       		.uleb128 0x26
 1172 00c6 00       		.byte	0
 1173 00c7 49       		.uleb128 0x49
 1174 00c8 13       		.uleb128 0x13
 1175 00c9 00       		.byte	0
 1176 00ca 00       		.byte	0
 1177 00cb 11       		.uleb128 0x11
 1178 00cc 2E       		.uleb128 0x2e
 1179 00cd 00       		.byte	0
 1180 00ce 03       		.uleb128 0x3
 1181 00cf 0E       		.uleb128 0xe
 1182 00d0 3A       		.uleb128 0x3a
 1183 00d1 0B       		.uleb128 0xb
 1184 00d2 3B       		.uleb128 0x3b
 1185 00d3 05       		.uleb128 0x5
 1186 00d4 27       		.uleb128 0x27
 1187 00d5 19       		.uleb128 0x19
 1188 00d6 11       		.uleb128 0x11
 1189 00d7 01       		.uleb128 0x1
 1190 00d8 12       		.uleb128 0x12
 1191 00d9 06       		.uleb128 0x6
 1192 00da 40       		.uleb128 0x40
 1193 00db 18       		.uleb128 0x18
ARM GAS  C:\Users\Jacob\AppData\Local\Temp\ccNn83UB.s 			page 29


 1194 00dc 9742     		.uleb128 0x2117
 1195 00de 19       		.uleb128 0x19
 1196 00df 00       		.byte	0
 1197 00e0 00       		.byte	0
 1198 00e1 12       		.uleb128 0x12
 1199 00e2 05       		.uleb128 0x5
 1200 00e3 00       		.byte	0
 1201 00e4 03       		.uleb128 0x3
 1202 00e5 08       		.uleb128 0x8
 1203 00e6 3A       		.uleb128 0x3a
 1204 00e7 0B       		.uleb128 0xb
 1205 00e8 3B       		.uleb128 0x3b
 1206 00e9 0B       		.uleb128 0xb
 1207 00ea 49       		.uleb128 0x49
 1208 00eb 13       		.uleb128 0x13
 1209 00ec 02       		.uleb128 0x2
 1210 00ed 17       		.uleb128 0x17
 1211 00ee 00       		.byte	0
 1212 00ef 00       		.byte	0
 1213 00f0 13       		.uleb128 0x13
 1214 00f1 898201   		.uleb128 0x4109
 1215 00f4 01       		.byte	0x1
 1216 00f5 11       		.uleb128 0x11
 1217 00f6 01       		.uleb128 0x1
 1218 00f7 31       		.uleb128 0x31
 1219 00f8 13       		.uleb128 0x13
 1220 00f9 00       		.byte	0
 1221 00fa 00       		.byte	0
 1222 00fb 14       		.uleb128 0x14
 1223 00fc 8A8201   		.uleb128 0x410a
 1224 00ff 00       		.byte	0
 1225 0100 02       		.uleb128 0x2
 1226 0101 18       		.uleb128 0x18
 1227 0102 9142     		.uleb128 0x2111
 1228 0104 18       		.uleb128 0x18
 1229 0105 00       		.byte	0
 1230 0106 00       		.byte	0
 1231 0107 15       		.uleb128 0x15
 1232 0108 898201   		.uleb128 0x4109
 1233 010b 00       		.byte	0
 1234 010c 11       		.uleb128 0x11
 1235 010d 01       		.uleb128 0x1
 1236 010e 31       		.uleb128 0x31
 1237 010f 13       		.uleb128 0x13
 1238 0110 00       		.byte	0
 1239 0111 00       		.byte	0
 1240 0112 16       		.uleb128 0x16
 1241 0113 898201   		.uleb128 0x4109
 1242 0116 01       		.byte	0x1
 1243 0117 11       		.uleb128 0x11
 1244 0118 01       		.uleb128 0x1
 1245 0119 31       		.uleb128 0x31
 1246 011a 13       		.uleb128 0x13
 1247 011b 01       		.uleb128 0x1
 1248 011c 13       		.uleb128 0x13
 1249 011d 00       		.byte	0
 1250 011e 00       		.byte	0
ARM GAS  C:\Users\Jacob\AppData\Local\Temp\ccNn83UB.s 			page 30


 1251 011f 17       		.uleb128 0x17
 1252 0120 2E       		.uleb128 0x2e
 1253 0121 01       		.byte	0x1
 1254 0122 3F       		.uleb128 0x3f
 1255 0123 19       		.uleb128 0x19
 1256 0124 03       		.uleb128 0x3
 1257 0125 0E       		.uleb128 0xe
 1258 0126 3A       		.uleb128 0x3a
 1259 0127 0B       		.uleb128 0xb
 1260 0128 3B       		.uleb128 0x3b
 1261 0129 05       		.uleb128 0x5
 1262 012a 27       		.uleb128 0x27
 1263 012b 19       		.uleb128 0x19
 1264 012c 11       		.uleb128 0x11
 1265 012d 01       		.uleb128 0x1
 1266 012e 12       		.uleb128 0x12
 1267 012f 06       		.uleb128 0x6
 1268 0130 40       		.uleb128 0x40
 1269 0131 18       		.uleb128 0x18
 1270 0132 9742     		.uleb128 0x2117
 1271 0134 19       		.uleb128 0x19
 1272 0135 01       		.uleb128 0x1
 1273 0136 13       		.uleb128 0x13
 1274 0137 00       		.byte	0
 1275 0138 00       		.byte	0
 1276 0139 18       		.uleb128 0x18
 1277 013a 0B       		.uleb128 0xb
 1278 013b 01       		.byte	0x1
 1279 013c 11       		.uleb128 0x11
 1280 013d 01       		.uleb128 0x1
 1281 013e 12       		.uleb128 0x12
 1282 013f 06       		.uleb128 0x6
 1283 0140 01       		.uleb128 0x1
 1284 0141 13       		.uleb128 0x13
 1285 0142 00       		.byte	0
 1286 0143 00       		.byte	0
 1287 0144 19       		.uleb128 0x19
 1288 0145 34       		.uleb128 0x34
 1289 0146 00       		.byte	0
 1290 0147 03       		.uleb128 0x3
 1291 0148 0E       		.uleb128 0xe
 1292 0149 3A       		.uleb128 0x3a
 1293 014a 0B       		.uleb128 0xb
 1294 014b 3B       		.uleb128 0x3b
 1295 014c 05       		.uleb128 0x5
 1296 014d 49       		.uleb128 0x49
 1297 014e 13       		.uleb128 0x13
 1298 014f 02       		.uleb128 0x2
 1299 0150 18       		.uleb128 0x18
 1300 0151 00       		.byte	0
 1301 0152 00       		.byte	0
 1302 0153 1A       		.uleb128 0x1a
 1303 0154 13       		.uleb128 0x13
 1304 0155 01       		.byte	0x1
 1305 0156 0B       		.uleb128 0xb
 1306 0157 0B       		.uleb128 0xb
 1307 0158 3A       		.uleb128 0x3a
ARM GAS  C:\Users\Jacob\AppData\Local\Temp\ccNn83UB.s 			page 31


 1308 0159 0B       		.uleb128 0xb
 1309 015a 3B       		.uleb128 0x3b
 1310 015b 05       		.uleb128 0x5
 1311 015c 01       		.uleb128 0x1
 1312 015d 13       		.uleb128 0x13
 1313 015e 00       		.byte	0
 1314 015f 00       		.byte	0
 1315 0160 1B       		.uleb128 0x1b
 1316 0161 0D       		.uleb128 0xd
 1317 0162 00       		.byte	0
 1318 0163 03       		.uleb128 0x3
 1319 0164 0E       		.uleb128 0xe
 1320 0165 3A       		.uleb128 0x3a
 1321 0166 0B       		.uleb128 0xb
 1322 0167 3B       		.uleb128 0x3b
 1323 0168 05       		.uleb128 0x5
 1324 0169 49       		.uleb128 0x49
 1325 016a 13       		.uleb128 0x13
 1326 016b 38       		.uleb128 0x38
 1327 016c 0B       		.uleb128 0xb
 1328 016d 00       		.byte	0
 1329 016e 00       		.byte	0
 1330 016f 1C       		.uleb128 0x1c
 1331 0170 01       		.uleb128 0x1
 1332 0171 01       		.byte	0x1
 1333 0172 49       		.uleb128 0x49
 1334 0173 13       		.uleb128 0x13
 1335 0174 01       		.uleb128 0x1
 1336 0175 13       		.uleb128 0x13
 1337 0176 00       		.byte	0
 1338 0177 00       		.byte	0
 1339 0178 1D       		.uleb128 0x1d
 1340 0179 21       		.uleb128 0x21
 1341 017a 00       		.byte	0
 1342 017b 49       		.uleb128 0x49
 1343 017c 13       		.uleb128 0x13
 1344 017d 2F       		.uleb128 0x2f
 1345 017e 0B       		.uleb128 0xb
 1346 017f 00       		.byte	0
 1347 0180 00       		.byte	0
 1348 0181 1E       		.uleb128 0x1e
 1349 0182 34       		.uleb128 0x34
 1350 0183 00       		.byte	0
 1351 0184 03       		.uleb128 0x3
 1352 0185 08       		.uleb128 0x8
 1353 0186 3A       		.uleb128 0x3a
 1354 0187 0B       		.uleb128 0xb
 1355 0188 3B       		.uleb128 0x3b
 1356 0189 05       		.uleb128 0x5
 1357 018a 49       		.uleb128 0x49
 1358 018b 13       		.uleb128 0x13
 1359 018c 02       		.uleb128 0x2
 1360 018d 17       		.uleb128 0x17
 1361 018e 00       		.byte	0
 1362 018f 00       		.byte	0
 1363 0190 1F       		.uleb128 0x1f
 1364 0191 2E       		.uleb128 0x2e
ARM GAS  C:\Users\Jacob\AppData\Local\Temp\ccNn83UB.s 			page 32


 1365 0192 00       		.byte	0
 1366 0193 3F       		.uleb128 0x3f
 1367 0194 19       		.uleb128 0x19
 1368 0195 3C       		.uleb128 0x3c
 1369 0196 19       		.uleb128 0x19
 1370 0197 6E       		.uleb128 0x6e
 1371 0198 0E       		.uleb128 0xe
 1372 0199 03       		.uleb128 0x3
 1373 019a 0E       		.uleb128 0xe
 1374 019b 00       		.byte	0
 1375 019c 00       		.byte	0
 1376 019d 20       		.uleb128 0x20
 1377 019e 2E       		.uleb128 0x2e
 1378 019f 00       		.byte	0
 1379 01a0 3F       		.uleb128 0x3f
 1380 01a1 19       		.uleb128 0x19
 1381 01a2 3C       		.uleb128 0x3c
 1382 01a3 19       		.uleb128 0x19
 1383 01a4 6E       		.uleb128 0x6e
 1384 01a5 0E       		.uleb128 0xe
 1385 01a6 03       		.uleb128 0x3
 1386 01a7 0E       		.uleb128 0xe
 1387 01a8 3A       		.uleb128 0x3a
 1388 01a9 0B       		.uleb128 0xb
 1389 01aa 3B       		.uleb128 0x3b
 1390 01ab 0B       		.uleb128 0xb
 1391 01ac 00       		.byte	0
 1392 01ad 00       		.byte	0
 1393 01ae 00       		.byte	0
 1394              		.section	.debug_loc,"",%progbits
 1395              	.Ldebug_loc0:
 1396              	.LLST0:
 1397 0000 02000000 		.4byte	.LVL1
 1398 0004 08000000 		.4byte	.LVL2
 1399 0008 0200     		.2byte	0x2
 1400 000a 30       		.byte	0x30
 1401 000b 9F       		.byte	0x9f
 1402 000c 08000000 		.4byte	.LVL2
 1403 0010 30000000 		.4byte	.LVL11
 1404 0014 0100     		.2byte	0x1
 1405 0016 57       		.byte	0x57
 1406 0017 00000000 		.4byte	0
 1407 001b 00000000 		.4byte	0
 1408              	.LLST1:
 1409 001f 02000000 		.4byte	.LVL1
 1410 0023 08000000 		.4byte	.LVL2
 1411 0027 0200     		.2byte	0x2
 1412 0029 30       		.byte	0x30
 1413 002a 9F       		.byte	0x9f
 1414 002b 08000000 		.4byte	.LVL2
 1415 002f 30000000 		.4byte	.LVL10
 1416 0033 0100     		.2byte	0x1
 1417 0035 55       		.byte	0x55
 1418 0036 00000000 		.4byte	0
 1419 003a 00000000 		.4byte	0
 1420              	.LLST2:
 1421 003e 0C000000 		.4byte	.LVL3
ARM GAS  C:\Users\Jacob\AppData\Local\Temp\ccNn83UB.s 			page 33


 1422 0042 2C000000 		.4byte	.LVL9
 1423 0046 0100     		.2byte	0x1
 1424 0048 56       		.byte	0x56
 1425 0049 00000000 		.4byte	0
 1426 004d 00000000 		.4byte	0
 1427              	.LLST3:
 1428 0051 0E000000 		.4byte	.LVL4
 1429 0055 24000000 		.4byte	.LVL7
 1430 0059 0100     		.2byte	0x1
 1431 005b 53       		.byte	0x53
 1432 005c 26000000 		.4byte	.LVL8
 1433 0060 2C000000 		.4byte	.LVL9
 1434 0064 0100     		.2byte	0x1
 1435 0066 53       		.byte	0x53
 1436 0067 00000000 		.4byte	0
 1437 006b 00000000 		.4byte	0
 1438              	.LLST4:
 1439 006f 00000000 		.4byte	.LVL12
 1440 0073 09000000 		.4byte	.LVL14-1
 1441 0077 0100     		.2byte	0x1
 1442 0079 50       		.byte	0x50
 1443 007a 09000000 		.4byte	.LVL14-1
 1444 007e 0C000000 		.4byte	.LFE2
 1445 0082 0400     		.2byte	0x4
 1446 0084 F3       		.byte	0xf3
 1447 0085 01       		.uleb128 0x1
 1448 0086 50       		.byte	0x50
 1449 0087 9F       		.byte	0x9f
 1450 0088 00000000 		.4byte	0
 1451 008c 00000000 		.4byte	0
 1452              	.LLST5:
 1453 0090 00000000 		.4byte	.LVL12
 1454 0094 06000000 		.4byte	.LVL13
 1455 0098 0100     		.2byte	0x1
 1456 009a 51       		.byte	0x51
 1457 009b 06000000 		.4byte	.LVL13
 1458 009f 09000000 		.4byte	.LVL14-1
 1459 00a3 0100     		.2byte	0x1
 1460 00a5 52       		.byte	0x52
 1461 00a6 09000000 		.4byte	.LVL14-1
 1462 00aa 0C000000 		.4byte	.LFE2
 1463 00ae 0400     		.2byte	0x4
 1464 00b0 F3       		.byte	0xf3
 1465 00b1 01       		.uleb128 0x1
 1466 00b2 51       		.byte	0x51
 1467 00b3 9F       		.byte	0x9f
 1468 00b4 00000000 		.4byte	0
 1469 00b8 00000000 		.4byte	0
 1470              	.LLST6:
 1471 00bc BE000000 		.4byte	.LVL23
 1472 00c0 C2000000 		.4byte	.LVL24
 1473 00c4 0200     		.2byte	0x2
 1474 00c6 30       		.byte	0x30
 1475 00c7 9F       		.byte	0x9f
 1476 00c8 C2000000 		.4byte	.LVL24
 1477 00cc E0000000 		.4byte	.LVL26
 1478 00d0 0100     		.2byte	0x1
ARM GAS  C:\Users\Jacob\AppData\Local\Temp\ccNn83UB.s 			page 34


 1479 00d2 54       		.byte	0x54
 1480 00d3 E2000000 		.4byte	.LVL27
 1481 00d7 38010000 		.4byte	.LVL31
 1482 00db 0100     		.2byte	0x1
 1483 00dd 54       		.byte	0x54
 1484 00de 00000000 		.4byte	0
 1485 00e2 00000000 		.4byte	0
 1486              	.LLST7:
 1487 00e6 C2000000 		.4byte	.LVL24
 1488 00ea E0000000 		.4byte	.LVL26
 1489 00ee 0B00     		.2byte	0xb
 1490 00f0 74       		.byte	0x74
 1491 00f1 00       		.sleb128 0
 1492 00f2 36       		.byte	0x36
 1493 00f3 1E       		.byte	0x1e
 1494 00f4 03       		.byte	0x3
 1495 00f5 00000000 		.4byte	cfg_memset_list.4916
 1496 00f9 22       		.byte	0x22
 1497 00fa 9F       		.byte	0x9f
 1498 00fb E0000000 		.4byte	.LVL26
 1499 00ff E2000000 		.4byte	.LVL27
 1500 0103 0B00     		.2byte	0xb
 1501 0105 74       		.byte	0x74
 1502 0106 7F       		.sleb128 -1
 1503 0107 36       		.byte	0x36
 1504 0108 1E       		.byte	0x1e
 1505 0109 03       		.byte	0x3
 1506 010a 00000000 		.4byte	cfg_memset_list.4916
 1507 010e 22       		.byte	0x22
 1508 010f 9F       		.byte	0x9f
 1509 0110 00000000 		.4byte	0
 1510 0114 00000000 		.4byte	0
 1511              		.section	.debug_aranges,"",%progbits
 1512 0000 3C000000 		.4byte	0x3c
 1513 0004 0200     		.2byte	0x2
 1514 0006 00000000 		.4byte	.Ldebug_info0
 1515 000a 04       		.byte	0x4
 1516 000b 00       		.byte	0
 1517 000c 0000     		.2byte	0
 1518 000e 0000     		.2byte	0
 1519 0010 00000000 		.4byte	.LFB5
 1520 0014 32000000 		.4byte	.LFE5-.LFB5
 1521 0018 00000000 		.4byte	.LFB7
 1522 001c 20000000 		.4byte	.LFE7-.LFB7
 1523 0020 00000000 		.4byte	.LFB2
 1524 0024 0C000000 		.4byte	.LFE2-.LFB2
 1525 0028 00000000 		.4byte	.LFB6
 1526 002c B4000000 		.4byte	.LFE6-.LFB6
 1527 0030 B4000000 		.4byte	.LFB8
 1528 0034 B0000000 		.4byte	.LFE8-.LFB8
 1529 0038 00000000 		.4byte	0
 1530 003c 00000000 		.4byte	0
 1531              		.section	.debug_ranges,"",%progbits
 1532              	.Ldebug_ranges0:
 1533 0000 00000000 		.4byte	.LFB5
 1534 0004 32000000 		.4byte	.LFE5
 1535 0008 00000000 		.4byte	.LFB7
ARM GAS  C:\Users\Jacob\AppData\Local\Temp\ccNn83UB.s 			page 35


 1536 000c 20000000 		.4byte	.LFE7
 1537 0010 00000000 		.4byte	.LFB2
 1538 0014 0C000000 		.4byte	.LFE2
 1539 0018 00000000 		.4byte	.LFB6
 1540 001c B4000000 		.4byte	.LFE6
 1541 0020 B4000000 		.4byte	.LFB8
 1542 0024 64010000 		.4byte	.LFE8
 1543 0028 00000000 		.4byte	0
 1544 002c 00000000 		.4byte	0
 1545              		.section	.debug_line,"",%progbits
 1546              	.Ldebug_line0:
 1547 0000 81010000 		.section	.debug_str,"MS",%progbits,1
 1547      0200E300 
 1547      00000201 
 1547      FB0E0D00 
 1547      01010101 
 1548              	.LASF37:
 1549 0000 43794465 		.ascii	"CyDelayCycles\000"
 1549      6C617943 
 1549      79636C65 
 1549      7300
 1550              	.LASF19:
 1551 000e 72656733 		.ascii	"reg32\000"
 1551      3200
 1552              	.LASF12:
 1553 0014 73697A65 		.ascii	"size_t\000"
 1553      5F7400
 1554              	.LASF47:
 1555 001b 416E616C 		.ascii	"AnalogSetDefault\000"
 1555      6F675365 
 1555      74446566 
 1555      61756C74 
 1555      00
 1556              	.LASF18:
 1557 002c 72656738 		.ascii	"reg8\000"
 1557      00
 1558              	.LASF42:
 1559 0031 4379496E 		.ascii	"CyIntSetVector\000"
 1559      74536574 
 1559      56656374 
 1559      6F7200
 1560              	.LASF21:
 1561 0040 76616C75 		.ascii	"value\000"
 1561      6500
 1562              	.LASF26:
 1563 0046 636F756E 		.ascii	"count\000"
 1563      7400
 1564              	.LASF29:
 1565 004c 436C6F63 		.ascii	"ClockSetup\000"
 1565      6B536574 
 1565      757000
 1566              	.LASF30:
 1567 0057 63795F63 		.ascii	"cy_cfg_addr_table\000"
 1567      66675F61 
 1567      6464725F 
 1567      7461626C 
 1567      6500
ARM GAS  C:\Users\Jacob\AppData\Local\Temp\ccNn83UB.s 			page 36


 1568              	.LASF31:
 1569 0069 63795F63 		.ascii	"cy_cfg_data_table\000"
 1569      66675F64 
 1569      6174615F 
 1569      7461626C 
 1569      6500
 1570              	.LASF16:
 1571 007b 666C6F61 		.ascii	"float\000"
 1571      7400
 1572              	.LASF35:
 1573 0081 6366675F 		.ascii	"cfg_memset_list\000"
 1573      6D656D73 
 1573      65745F6C 
 1573      69737400 
 1574              	.LASF33:
 1575 0091 73697A65 		.ascii	"size\000"
 1575      00
 1576              	.LASF38:
 1577 0096 43795379 		.ascii	"CySysClkWcoSetPowerMode\000"
 1577      73436C6B 
 1577      57636F53 
 1577      6574506F 
 1577      7765724D 
 1578              	.LASF46:
 1579 00ae 433A5C55 		.ascii	"C:\\Users\\Jacob\\Documents\\Junior\\EGR 304\\EGR30"
 1579      73657273 
 1579      5C4A6163 
 1579      6F625C44 
 1579      6F63756D 
 1580 00db 345C426C 		.ascii	"4\\BlinkWhenPressed.cydsn\000"
 1580      696E6B57 
 1580      68656E50 
 1580      72657373 
 1580      65642E63 
 1581              	.LASF8:
 1582 00f4 6C6F6E67 		.ascii	"long unsigned int\000"
 1582      20756E73 
 1582      69676E65 
 1582      6420696E 
 1582      7400
 1583              	.LASF13:
 1584 0106 75696E74 		.ascii	"uint8\000"
 1584      3800
 1585              	.LASF36:
 1586 010c 43795379 		.ascii	"CySysClkWcoStart\000"
 1586      73436C6B 
 1586      57636F53 
 1586      74617274 
 1586      00
 1587              	.LASF28:
 1588 011d 43594D45 		.ascii	"CYMEMZERO\000"
 1588      4D5A4552 
 1588      4F00
 1589              	.LASF4:
 1590 0127 756E7369 		.ascii	"unsigned char\000"
 1590      676E6564 
 1590      20636861 
ARM GAS  C:\Users\Jacob\AppData\Local\Temp\ccNn83UB.s 			page 37


 1590      7200
 1591              	.LASF49:
 1592 0135 6D656D73 		.ascii	"memset\000"
 1592      657400
 1593              	.LASF17:
 1594 013c 646F7562 		.ascii	"double\000"
 1594      6C6500
 1595              	.LASF27:
 1596 0143 6366675F 		.ascii	"cfg_write_bytes32\000"
 1596      77726974 
 1596      655F6279 
 1596      74657333 
 1596      3200
 1597              	.LASF43:
 1598 0155 4379496E 		.ascii	"CyIntEnable\000"
 1598      74456E61 
 1598      626C6500 
 1599              	.LASF23:
 1600 0161 61646472 		.ascii	"addr_table\000"
 1600      5F746162 
 1600      6C6500
 1601              	.LASF14:
 1602 016c 75696E74 		.ascii	"uint16\000"
 1602      313600
 1603              	.LASF24:
 1604 0173 64617461 		.ascii	"data_table\000"
 1604      5F746162 
 1604      6C6500
 1605              	.LASF15:
 1606 017e 75696E74 		.ascii	"uint32\000"
 1606      333200
 1607              	.LASF0:
 1608 0185 756E7369 		.ascii	"unsigned int\000"
 1608      676E6564 
 1608      20696E74 
 1608      00
 1609              	.LASF48:
 1610 0192 63796669 		.ascii	"cyfitter_cfg\000"
 1610      74746572 
 1610      5F636667 
 1610      00
 1611              	.LASF32:
 1612 019f 61646472 		.ascii	"address\000"
 1612      65737300 
 1613              	.LASF9:
 1614 01a7 6C6F6E67 		.ascii	"long long unsigned int\000"
 1614      206C6F6E 
 1614      6720756E 
 1614      7369676E 
 1614      65642069 
 1615              	.LASF44:
 1616 01be 474E5520 		.ascii	"GNU C11 5.4.1 20160609 (release) [ARM/embedded-5-br"
 1616      43313120 
 1616      352E342E 
 1616      31203230 
 1616      31363036 
 1617 01f1 616E6368 		.ascii	"anch revision 237715] -mcpu=cortex-m0 -mthumb -g -O"
ARM GAS  C:\Users\Jacob\AppData\Local\Temp\ccNn83UB.s 			page 38


 1617      20726576 
 1617      6973696F 
 1617      6E203233 
 1617      37373135 
 1618 0224 67202D66 		.ascii	"g -ffunction-sections -ffat-lto-objects\000"
 1618      66756E63 
 1618      74696F6E 
 1618      2D736563 
 1618      74696F6E 
 1619              	.LASF34:
 1620 024c 6366675F 		.ascii	"cfg_memset_t\000"
 1620      6D656D73 
 1620      65745F74 
 1620      00
 1621              	.LASF25:
 1622 0259 62617365 		.ascii	"baseAddr\000"
 1622      41646472 
 1622      00
 1623              	.LASF10:
 1624 0262 73697A65 		.ascii	"sizetype\000"
 1624      74797065 
 1624      00
 1625              	.LASF6:
 1626 026b 73686F72 		.ascii	"short unsigned int\000"
 1626      7420756E 
 1626      7369676E 
 1626      65642069 
 1626      6E7400
 1627              	.LASF1:
 1628 027e 6C6F6E67 		.ascii	"long long int\000"
 1628      206C6F6E 
 1628      6720696E 
 1628      7400
 1629              	.LASF41:
 1630 028c 43794465 		.ascii	"CyDelayUs\000"
 1630      6C617955 
 1630      7300
 1631              	.LASF11:
 1632 0296 63686172 		.ascii	"char\000"
 1632      00
 1633              	.LASF40:
 1634 029b 43795379 		.ascii	"CySysClkEcoStart\000"
 1634      73436C6B 
 1634      45636F53 
 1634      74617274 
 1634      00
 1635              	.LASF22:
 1636 02ac 63795F63 		.ascii	"cy_cfg_addrvalue_t\000"
 1636      66675F61 
 1636      64647276 
 1636      616C7565 
 1636      5F7400
 1637              	.LASF20:
 1638 02bf 6F666673 		.ascii	"offset\000"
 1638      657400
 1639              	.LASF5:
 1640 02c6 73686F72 		.ascii	"short int\000"
ARM GAS  C:\Users\Jacob\AppData\Local\Temp\ccNn83UB.s 			page 39


 1640      7420696E 
 1640      7400
 1641              	.LASF39:
 1642 02d0 43795379 		.ascii	"CySysClkWriteImoFreq\000"
 1642      73436C6B 
 1642      57726974 
 1642      65496D6F 
 1642      46726571 
 1643              	.LASF7:
 1644 02e5 6C6F6E67 		.ascii	"long int\000"
 1644      20696E74 
 1644      00
 1645              	.LASF2:
 1646 02ee 6C6F6E67 		.ascii	"long double\000"
 1646      20646F75 
 1646      626C6500 
 1647              	.LASF3:
 1648 02fa 7369676E 		.ascii	"signed char\000"
 1648      65642063 
 1648      68617200 
 1649              	.LASF45:
 1650 0306 47656E65 		.ascii	"Generated_Source\\PSoC4\\cyfitter_cfg.c\000"
 1650      72617465 
 1650      645F536F 
 1650      75726365 
 1650      5C50536F 
 1651              		.ident	"GCC: (GNU Tools for ARM Embedded Processors) 5.4.1 20160609 (release) [ARM/embedded-5-bran
