ARM GAS  C:\Users\Jacob\AppData\Local\Temp\ccVfULhm.s 			page 1


   1              		.syntax unified
   2              		.cpu cortex-m0
   3              		.fpu softvfp
   4              		.eabi_attribute 20, 1
   5              		.eabi_attribute 21, 1
   6              		.eabi_attribute 23, 3
   7              		.eabi_attribute 24, 1
   8              		.eabi_attribute 25, 1
   9              		.eabi_attribute 26, 1
  10              		.eabi_attribute 30, 1
  11              		.eabi_attribute 34, 0
  12              		.eabi_attribute 18, 4
  13              		.thumb
  14              		.syntax unified
  15              		.file	"main.c"
  16              		.text
  17              	.Ltext0:
  18              		.cfi_sections	.debug_frame
  19              		.section	.text.main,"ax",%progbits
  20              		.align	2
  21              		.global	main
  22              		.code	16
  23              		.thumb_func
  24              		.type	main, %function
  25              	main:
  26              	.LFB35:
  27              		.file 1 "main.c"
   1:main.c        **** /* ========================================
   2:main.c        ****  *
   3:main.c        ****  * Copyright YOUR COMPANY, THE YEAR
   4:main.c        ****  * All Rights Reserved
   5:main.c        ****  * UNPUBLISHED, LICENSED SOFTWARE.
   6:main.c        ****  *
   7:main.c        ****  * CONFIDENTIAL AND PROPRIETARY INFORMATION
   8:main.c        ****  * WHICH IS THE PROPERTY OF your company.
   9:main.c        ****  *
  10:main.c        ****  * ========================================
  11:main.c        **** */
  12:main.c        **** #include "project.h"
  13:main.c        **** 
  14:main.c        **** int main(void)
  15:main.c        **** {
  28              		.loc 1 15 0
  29              		.cfi_startproc
  30              		@ Volatile: function does not return.
  31              		@ args = 0, pretend = 0, frame = 0
  32              		@ frame_needed = 0, uses_anonymous_args = 0
  33 0000 10B5     		push	{r4, lr}
  34              		.cfi_def_cfa_offset 8
  35              		.cfi_offset 4, -8
  36              		.cfi_offset 14, -4
  16:main.c        ****     CyGlobalIntEnable; /* Enable global interrupts. */
  37              		.loc 1 16 0
  38              		.syntax divided
  39              	@ 16 "main.c" 1
  40 0002 62B6     		CPSIE   i
  41              	@ 0 "" 2
ARM GAS  C:\Users\Jacob\AppData\Local\Temp\ccVfULhm.s 			page 2


  42              		.thumb
  43              		.syntax unified
  44              	.L2:
  17:main.c        **** 
  18:main.c        ****     /* Place your initialization/startup code here (e.g. MyInst_Start()) */
  19:main.c        **** 
  20:main.c        ****     for(;;)
  21:main.c        ****     {
  22:main.c        ****         /* Place your application code here. */
  23:main.c        ****         if(sw_Read() == 0){
  45              		.loc 1 23 0
  46 0004 FFF7FEFF 		bl	sw_Read
  47              	.LVL0:
  48 0008 0028     		cmp	r0, #0
  49 000a 0AD1     		bne	.L3
  24:main.c        ****             led_Write(~led_Read());
  50              		.loc 1 24 0
  51 000c FFF7FEFF 		bl	led_Read
  52              	.LVL1:
  53 0010 C043     		mvns	r0, r0
  54 0012 C0B2     		uxtb	r0, r0
  55 0014 FFF7FEFF 		bl	led_Write
  56              	.LVL2:
  25:main.c        ****             CyDelay(500);
  57              		.loc 1 25 0
  58 0018 FA20     		movs	r0, #250
  59 001a 4000     		lsls	r0, r0, #1
  60 001c FFF7FEFF 		bl	CyDelay
  61              	.LVL3:
  62 0020 F0E7     		b	.L2
  63              	.L3:
  26:main.c        ****         }
  27:main.c        ****         else
  28:main.c        ****             led_Write(1);
  64              		.loc 1 28 0
  65 0022 0120     		movs	r0, #1
  66 0024 FFF7FEFF 		bl	led_Write
  67              	.LVL4:
  68 0028 ECE7     		b	.L2
  69              		.cfi_endproc
  70              	.LFE35:
  71              		.size	main, .-main
  72 002a C046     		.text
  73              	.Letext0:
  74              		.file 2 "Generated_Source\\PSoC4/sw.h"
  75              		.file 3 "Generated_Source\\PSoC4/led.h"
  76              		.file 4 "Generated_Source\\PSoC4/CyLib.h"
  77              		.section	.debug_info,"",%progbits
  78              	.Ldebug_info0:
  79 0000 10010000 		.4byte	0x110
  80 0004 0400     		.2byte	0x4
  81 0006 00000000 		.4byte	.Ldebug_abbrev0
  82 000a 04       		.byte	0x4
  83 000b 01       		.uleb128 0x1
  84 000c D8000000 		.4byte	.LASF18
  85 0010 0C       		.byte	0xc
  86 0011 1B000000 		.4byte	.LASF19
ARM GAS  C:\Users\Jacob\AppData\Local\Temp\ccVfULhm.s 			page 3


  87 0015 7D000000 		.4byte	.LASF20
  88 0019 00000000 		.4byte	.Ldebug_ranges0+0
  89 001d 00000000 		.4byte	0
  90 0021 00000000 		.4byte	.Ldebug_line0
  91 0025 02       		.uleb128 0x2
  92 0026 01       		.byte	0x1
  93 0027 06       		.byte	0x6
  94 0028 79010000 		.4byte	.LASF0
  95 002c 02       		.uleb128 0x2
  96 002d 01       		.byte	0x1
  97 002e 08       		.byte	0x8
  98 002f 6F000000 		.4byte	.LASF1
  99 0033 02       		.uleb128 0x2
 100 0034 02       		.byte	0x2
 101 0035 05       		.byte	0x5
 102 0036 91010000 		.4byte	.LASF2
 103 003a 02       		.uleb128 0x2
 104 003b 02       		.byte	0x2
 105 003c 07       		.byte	0x7
 106 003d 66010000 		.4byte	.LASF3
 107 0041 02       		.uleb128 0x2
 108 0042 04       		.byte	0x4
 109 0043 05       		.byte	0x5
 110 0044 C8000000 		.4byte	.LASF4
 111 0048 02       		.uleb128 0x2
 112 0049 04       		.byte	0x4
 113 004a 07       		.byte	0x7
 114 004b 2F000000 		.4byte	.LASF5
 115 004f 02       		.uleb128 0x2
 116 0050 08       		.byte	0x8
 117 0051 05       		.byte	0x5
 118 0052 00000000 		.4byte	.LASF6
 119 0056 02       		.uleb128 0x2
 120 0057 08       		.byte	0x8
 121 0058 07       		.byte	0x7
 122 0059 41000000 		.4byte	.LASF7
 123 005d 03       		.uleb128 0x3
 124 005e 04       		.byte	0x4
 125 005f 05       		.byte	0x5
 126 0060 696E7400 		.ascii	"int\000"
 127 0064 02       		.uleb128 0x2
 128 0065 04       		.byte	0x4
 129 0066 07       		.byte	0x7
 130 0067 0E000000 		.4byte	.LASF8
 131 006b 02       		.uleb128 0x2
 132 006c 04       		.byte	0x4
 133 006d 04       		.byte	0x4
 134 006e 60000000 		.4byte	.LASF9
 135 0072 02       		.uleb128 0x2
 136 0073 08       		.byte	0x8
 137 0074 04       		.byte	0x4
 138 0075 D1000000 		.4byte	.LASF10
 139 0079 02       		.uleb128 0x2
 140 007a 01       		.byte	0x1
 141 007b 08       		.byte	0x8
 142 007c C3000000 		.4byte	.LASF11
 143 0080 02       		.uleb128 0x2
ARM GAS  C:\Users\Jacob\AppData\Local\Temp\ccVfULhm.s 			page 4


 144 0081 04       		.byte	0x4
 145 0082 07       		.byte	0x7
 146 0083 A5010000 		.4byte	.LASF12
 147 0087 02       		.uleb128 0x2
 148 0088 08       		.byte	0x8
 149 0089 04       		.byte	0x4
 150 008a 85010000 		.4byte	.LASF13
 151 008e 04       		.uleb128 0x4
 152 008f 22000000 		.4byte	.LASF21
 153 0093 01       		.byte	0x1
 154 0094 0E       		.byte	0xe
 155 0095 5D000000 		.4byte	0x5d
 156 0099 00000000 		.4byte	.LFB35
 157 009d 2A000000 		.4byte	.LFE35-.LFB35
 158 00a1 01       		.uleb128 0x1
 159 00a2 9C       		.byte	0x9c
 160 00a3 E7000000 		.4byte	0xe7
 161 00a7 05       		.uleb128 0x5
 162 00a8 08000000 		.4byte	.LVL0
 163 00ac E7000000 		.4byte	0xe7
 164 00b0 05       		.uleb128 0x5
 165 00b1 10000000 		.4byte	.LVL1
 166 00b5 F2000000 		.4byte	0xf2
 167 00b9 05       		.uleb128 0x5
 168 00ba 18000000 		.4byte	.LVL2
 169 00be FD000000 		.4byte	0xfd
 170 00c2 06       		.uleb128 0x6
 171 00c3 20000000 		.4byte	.LVL3
 172 00c7 08010000 		.4byte	0x108
 173 00cb D7000000 		.4byte	0xd7
 174 00cf 07       		.uleb128 0x7
 175 00d0 01       		.uleb128 0x1
 176 00d1 50       		.byte	0x50
 177 00d2 03       		.uleb128 0x3
 178 00d3 0A       		.byte	0xa
 179 00d4 F401     		.2byte	0x1f4
 180 00d6 00       		.byte	0
 181 00d7 08       		.uleb128 0x8
 182 00d8 28000000 		.4byte	.LVL4
 183 00dc FD000000 		.4byte	0xfd
 184 00e0 07       		.uleb128 0x7
 185 00e1 01       		.uleb128 0x1
 186 00e2 50       		.byte	0x50
 187 00e3 01       		.uleb128 0x1
 188 00e4 31       		.byte	0x31
 189 00e5 00       		.byte	0
 190 00e6 00       		.byte	0
 191 00e7 09       		.uleb128 0x9
 192 00e8 58000000 		.4byte	.LASF14
 193 00ec 58000000 		.4byte	.LASF14
 194 00f0 02       		.byte	0x2
 195 00f1 32       		.byte	0x32
 196 00f2 09       		.uleb128 0x9
 197 00f3 66000000 		.4byte	.LASF15
 198 00f7 66000000 		.4byte	.LASF15
 199 00fb 03       		.byte	0x3
 200 00fc 32       		.byte	0x32
ARM GAS  C:\Users\Jacob\AppData\Local\Temp\ccVfULhm.s 			page 5


 201 00fd 09       		.uleb128 0x9
 202 00fe 9B010000 		.4byte	.LASF16
 203 0102 9B010000 		.4byte	.LASF16
 204 0106 03       		.byte	0x3
 205 0107 33       		.byte	0x33
 206 0108 09       		.uleb128 0x9
 207 0109 27000000 		.4byte	.LASF17
 208 010d 27000000 		.4byte	.LASF17
 209 0111 04       		.byte	0x4
 210 0112 D9       		.byte	0xd9
 211 0113 00       		.byte	0
 212              		.section	.debug_abbrev,"",%progbits
 213              	.Ldebug_abbrev0:
 214 0000 01       		.uleb128 0x1
 215 0001 11       		.uleb128 0x11
 216 0002 01       		.byte	0x1
 217 0003 25       		.uleb128 0x25
 218 0004 0E       		.uleb128 0xe
 219 0005 13       		.uleb128 0x13
 220 0006 0B       		.uleb128 0xb
 221 0007 03       		.uleb128 0x3
 222 0008 0E       		.uleb128 0xe
 223 0009 1B       		.uleb128 0x1b
 224 000a 0E       		.uleb128 0xe
 225 000b 55       		.uleb128 0x55
 226 000c 17       		.uleb128 0x17
 227 000d 11       		.uleb128 0x11
 228 000e 01       		.uleb128 0x1
 229 000f 10       		.uleb128 0x10
 230 0010 17       		.uleb128 0x17
 231 0011 00       		.byte	0
 232 0012 00       		.byte	0
 233 0013 02       		.uleb128 0x2
 234 0014 24       		.uleb128 0x24
 235 0015 00       		.byte	0
 236 0016 0B       		.uleb128 0xb
 237 0017 0B       		.uleb128 0xb
 238 0018 3E       		.uleb128 0x3e
 239 0019 0B       		.uleb128 0xb
 240 001a 03       		.uleb128 0x3
 241 001b 0E       		.uleb128 0xe
 242 001c 00       		.byte	0
 243 001d 00       		.byte	0
 244 001e 03       		.uleb128 0x3
 245 001f 24       		.uleb128 0x24
 246 0020 00       		.byte	0
 247 0021 0B       		.uleb128 0xb
 248 0022 0B       		.uleb128 0xb
 249 0023 3E       		.uleb128 0x3e
 250 0024 0B       		.uleb128 0xb
 251 0025 03       		.uleb128 0x3
 252 0026 08       		.uleb128 0x8
 253 0027 00       		.byte	0
 254 0028 00       		.byte	0
 255 0029 04       		.uleb128 0x4
 256 002a 2E       		.uleb128 0x2e
 257 002b 01       		.byte	0x1
ARM GAS  C:\Users\Jacob\AppData\Local\Temp\ccVfULhm.s 			page 6


 258 002c 3F       		.uleb128 0x3f
 259 002d 19       		.uleb128 0x19
 260 002e 03       		.uleb128 0x3
 261 002f 0E       		.uleb128 0xe
 262 0030 3A       		.uleb128 0x3a
 263 0031 0B       		.uleb128 0xb
 264 0032 3B       		.uleb128 0x3b
 265 0033 0B       		.uleb128 0xb
 266 0034 27       		.uleb128 0x27
 267 0035 19       		.uleb128 0x19
 268 0036 49       		.uleb128 0x49
 269 0037 13       		.uleb128 0x13
 270 0038 8701     		.uleb128 0x87
 271 003a 19       		.uleb128 0x19
 272 003b 11       		.uleb128 0x11
 273 003c 01       		.uleb128 0x1
 274 003d 12       		.uleb128 0x12
 275 003e 06       		.uleb128 0x6
 276 003f 40       		.uleb128 0x40
 277 0040 18       		.uleb128 0x18
 278 0041 9742     		.uleb128 0x2117
 279 0043 19       		.uleb128 0x19
 280 0044 01       		.uleb128 0x1
 281 0045 13       		.uleb128 0x13
 282 0046 00       		.byte	0
 283 0047 00       		.byte	0
 284 0048 05       		.uleb128 0x5
 285 0049 898201   		.uleb128 0x4109
 286 004c 00       		.byte	0
 287 004d 11       		.uleb128 0x11
 288 004e 01       		.uleb128 0x1
 289 004f 31       		.uleb128 0x31
 290 0050 13       		.uleb128 0x13
 291 0051 00       		.byte	0
 292 0052 00       		.byte	0
 293 0053 06       		.uleb128 0x6
 294 0054 898201   		.uleb128 0x4109
 295 0057 01       		.byte	0x1
 296 0058 11       		.uleb128 0x11
 297 0059 01       		.uleb128 0x1
 298 005a 31       		.uleb128 0x31
 299 005b 13       		.uleb128 0x13
 300 005c 01       		.uleb128 0x1
 301 005d 13       		.uleb128 0x13
 302 005e 00       		.byte	0
 303 005f 00       		.byte	0
 304 0060 07       		.uleb128 0x7
 305 0061 8A8201   		.uleb128 0x410a
 306 0064 00       		.byte	0
 307 0065 02       		.uleb128 0x2
 308 0066 18       		.uleb128 0x18
 309 0067 9142     		.uleb128 0x2111
 310 0069 18       		.uleb128 0x18
 311 006a 00       		.byte	0
 312 006b 00       		.byte	0
 313 006c 08       		.uleb128 0x8
 314 006d 898201   		.uleb128 0x4109
ARM GAS  C:\Users\Jacob\AppData\Local\Temp\ccVfULhm.s 			page 7


 315 0070 01       		.byte	0x1
 316 0071 11       		.uleb128 0x11
 317 0072 01       		.uleb128 0x1
 318 0073 31       		.uleb128 0x31
 319 0074 13       		.uleb128 0x13
 320 0075 00       		.byte	0
 321 0076 00       		.byte	0
 322 0077 09       		.uleb128 0x9
 323 0078 2E       		.uleb128 0x2e
 324 0079 00       		.byte	0
 325 007a 3F       		.uleb128 0x3f
 326 007b 19       		.uleb128 0x19
 327 007c 3C       		.uleb128 0x3c
 328 007d 19       		.uleb128 0x19
 329 007e 6E       		.uleb128 0x6e
 330 007f 0E       		.uleb128 0xe
 331 0080 03       		.uleb128 0x3
 332 0081 0E       		.uleb128 0xe
 333 0082 3A       		.uleb128 0x3a
 334 0083 0B       		.uleb128 0xb
 335 0084 3B       		.uleb128 0x3b
 336 0085 0B       		.uleb128 0xb
 337 0086 00       		.byte	0
 338 0087 00       		.byte	0
 339 0088 00       		.byte	0
 340              		.section	.debug_aranges,"",%progbits
 341 0000 1C000000 		.4byte	0x1c
 342 0004 0200     		.2byte	0x2
 343 0006 00000000 		.4byte	.Ldebug_info0
 344 000a 04       		.byte	0x4
 345 000b 00       		.byte	0
 346 000c 0000     		.2byte	0
 347 000e 0000     		.2byte	0
 348 0010 00000000 		.4byte	.LFB35
 349 0014 2A000000 		.4byte	.LFE35-.LFB35
 350 0018 00000000 		.4byte	0
 351 001c 00000000 		.4byte	0
 352              		.section	.debug_ranges,"",%progbits
 353              	.Ldebug_ranges0:
 354 0000 00000000 		.4byte	.LFB35
 355 0004 2A000000 		.4byte	.LFE35
 356 0008 00000000 		.4byte	0
 357 000c 00000000 		.4byte	0
 358              		.section	.debug_line,"",%progbits
 359              	.Ldebug_line0:
 360 0000 6A000000 		.section	.debug_str,"MS",%progbits,1
 360      02005000 
 360      00000201 
 360      FB0E0D00 
 360      01010101 
 361              	.LASF6:
 362 0000 6C6F6E67 		.ascii	"long long int\000"
 362      206C6F6E 
 362      6720696E 
 362      7400
 363              	.LASF8:
 364 000e 756E7369 		.ascii	"unsigned int\000"
ARM GAS  C:\Users\Jacob\AppData\Local\Temp\ccVfULhm.s 			page 8


 364      676E6564 
 364      20696E74 
 364      00
 365              	.LASF19:
 366 001b 6D61696E 		.ascii	"main.c\000"
 366      2E6300
 367              	.LASF21:
 368 0022 6D61696E 		.ascii	"main\000"
 368      00
 369              	.LASF17:
 370 0027 43794465 		.ascii	"CyDelay\000"
 370      6C617900 
 371              	.LASF5:
 372 002f 6C6F6E67 		.ascii	"long unsigned int\000"
 372      20756E73 
 372      69676E65 
 372      6420696E 
 372      7400
 373              	.LASF7:
 374 0041 6C6F6E67 		.ascii	"long long unsigned int\000"
 374      206C6F6E 
 374      6720756E 
 374      7369676E 
 374      65642069 
 375              	.LASF14:
 376 0058 73775F52 		.ascii	"sw_Read\000"
 376      65616400 
 377              	.LASF9:
 378 0060 666C6F61 		.ascii	"float\000"
 378      7400
 379              	.LASF15:
 380 0066 6C65645F 		.ascii	"led_Read\000"
 380      52656164 
 380      00
 381              	.LASF1:
 382 006f 756E7369 		.ascii	"unsigned char\000"
 382      676E6564 
 382      20636861 
 382      7200
 383              	.LASF20:
 384 007d 433A5C55 		.ascii	"C:\\Users\\Jacob\\Documents\\Junior\\EGR 304\\EGR30"
 384      73657273 
 384      5C4A6163 
 384      6F625C44 
 384      6F63756D 
 385 00aa 345C426C 		.ascii	"4\\BlinkWhenPressed.cydsn\000"
 385      696E6B57 
 385      68656E50 
 385      72657373 
 385      65642E63 
 386              	.LASF11:
 387 00c3 63686172 		.ascii	"char\000"
 387      00
 388              	.LASF4:
 389 00c8 6C6F6E67 		.ascii	"long int\000"
 389      20696E74 
 389      00
ARM GAS  C:\Users\Jacob\AppData\Local\Temp\ccVfULhm.s 			page 9


 390              	.LASF10:
 391 00d1 646F7562 		.ascii	"double\000"
 391      6C6500
 392              	.LASF18:
 393 00d8 474E5520 		.ascii	"GNU C11 5.4.1 20160609 (release) [ARM/embedded-5-br"
 393      43313120 
 393      352E342E 
 393      31203230 
 393      31363036 
 394 010b 616E6368 		.ascii	"anch revision 237715] -mcpu=cortex-m0 -mthumb -g -O"
 394      20726576 
 394      6973696F 
 394      6E203233 
 394      37373135 
 395 013e 67202D66 		.ascii	"g -ffunction-sections -ffat-lto-objects\000"
 395      66756E63 
 395      74696F6E 
 395      2D736563 
 395      74696F6E 
 396              	.LASF3:
 397 0166 73686F72 		.ascii	"short unsigned int\000"
 397      7420756E 
 397      7369676E 
 397      65642069 
 397      6E7400
 398              	.LASF0:
 399 0179 7369676E 		.ascii	"signed char\000"
 399      65642063 
 399      68617200 
 400              	.LASF13:
 401 0185 6C6F6E67 		.ascii	"long double\000"
 401      20646F75 
 401      626C6500 
 402              	.LASF2:
 403 0191 73686F72 		.ascii	"short int\000"
 403      7420696E 
 403      7400
 404              	.LASF16:
 405 019b 6C65645F 		.ascii	"led_Write\000"
 405      57726974 
 405      6500
 406              	.LASF12:
 407 01a5 73697A65 		.ascii	"sizetype\000"
 407      74797065 
 407      00
 408              		.ident	"GCC: (GNU Tools for ARM Embedded Processors) 5.4.1 20160609 (release) [ARM/embedded-5-bran
