ARM GAS  C:\Users\Jacob\AppData\Local\Temp\ccv3lpsg.s 			page 1


   1              		.syntax unified
   2              		.cpu cortex-m3
   3              		.fpu softvfp
   4              		.eabi_attribute 20, 1
   5              		.eabi_attribute 21, 1
   6              		.eabi_attribute 23, 3
   7              		.eabi_attribute 24, 1
   8              		.eabi_attribute 25, 1
   9              		.eabi_attribute 26, 1
  10              		.eabi_attribute 30, 1
  11              		.eabi_attribute 34, 1
  12              		.eabi_attribute 18, 4
  13              		.thumb
  14              		.syntax unified
  15              		.file	"main.c"
  16              		.text
  17              	.Ltext0:
  18              		.cfi_sections	.debug_frame
  19              		.section	.text.main,"ax",%progbits
  20              		.align	2
  21              		.global	main
  22              		.thumb
  23              		.thumb_func
  24              		.type	main, %function
  25              	main:
  26              	.LFB63:
  27              		.file 1 "main.c"
   1:main.c        **** /* ========================================
   2:main.c        ****  *
   3:main.c        ****  * Copyright YOUR COMPANY, THE YEAR
   4:main.c        ****  * All Rights Reserved
   5:main.c        ****  * UNPUBLISHED, LICENSED SOFTWARE.
   6:main.c        ****  *
   7:main.c        ****  * CONFIDENTIAL AND PROPRIETARY INFORMATION
   8:main.c        ****  * WHICH IS THE PROPERTY OF your company.
   9:main.c        ****  *
  10:main.c        ****  * ========================================
  11:main.c        **** */
  12:main.c        **** #include "project.h"
  13:main.c        **** 
  14:main.c        **** int main(void)
  15:main.c        **** {
  28              		.loc 1 15 0
  29              		.cfi_startproc
  30              		@ args = 0, pretend = 0, frame = 0
  31              		@ frame_needed = 0, uses_anonymous_args = 0
  32 0000 08B5     		push	{r3, lr}
  33              		.cfi_def_cfa_offset 8
  34              		.cfi_offset 3, -8
  35              		.cfi_offset 14, -4
  36              	.LVL0:
  16:main.c        ****     int count1, count2, dCount;
  17:main.c        ****     int rot, deg;
  18:main.c        ****     float cpr = 814.0, rpm;
  19:main.c        ****     int compare;
  20:main.c        ****     enc_Start();
  37              		.loc 1 20 0
ARM GAS  C:\Users\Jacob\AppData\Local\Temp\ccv3lpsg.s 			page 2


  38 0002 FFF7FEFF 		bl	enc_Start
  39              	.LVL1:
  21:main.c        ****     lcd_Start();
  40              		.loc 1 21 0
  41 0006 FFF7FEFF 		bl	lcd_Start
  42              	.LVL2:
  22:main.c        ****     adc_Start();
  43              		.loc 1 22 0
  44 000a FFF7FEFF 		bl	adc_Start
  45              	.LVL3:
  23:main.c        ****     adc_StartConvert();
  46              		.loc 1 23 0
  47 000e FFF7FEFF 		bl	adc_StartConvert
  48              	.LVL4:
  24:main.c        ****     pwm_Start();
  49              		.loc 1 24 0
  50 0012 FFF7FEFF 		bl	pwm_Start
  51              	.LVL5:
  52              	.L2:
  25:main.c        **** 
  26:main.c        ****     for(;;)
  27:main.c        ****     {
  28:main.c        ****         pwm_WriteCompare1(100);
  53              		.loc 1 28 0 discriminator 1
  54 0016 6420     		movs	r0, #100
  55 0018 FFF7FEFF 		bl	pwm_WriteCompare1
  56              	.LVL6:
  29:main.c        ****         pwm_WriteCompare2(0);
  57              		.loc 1 29 0 discriminator 1
  58 001c 0020     		movs	r0, #0
  59 001e FFF7FEFF 		bl	pwm_WriteCompare2
  60              	.LVL7:
  61 0022 F8E7     		b	.L2
  62              		.cfi_endproc
  63              	.LFE63:
  64              		.size	main, .-main
  65              		.text
  66              	.Letext0:
  67              		.file 2 "c:\\program files (x86)\\cypress\\psoc creator\\4.1\\psoc creator\\import\\gnu\\arm\\5.4.
  68              		.file 3 "c:\\program files (x86)\\cypress\\psoc creator\\4.1\\psoc creator\\import\\gnu\\arm\\5.4.
  69              		.file 4 "Generated_Source\\PSoC5/enc.h"
  70              		.file 5 "Generated_Source\\PSoC5/lcd.h"
  71              		.file 6 "Generated_Source\\PSoC5/adc.h"
  72              		.file 7 "Generated_Source\\PSoC5/pwm.h"
  73              		.file 8 "Generated_Source\\PSoC5/core_cm3.h"
  74              		.section	.debug_info,"",%progbits
  75              	.Ldebug_info0:
  76 0000 C6010000 		.4byte	0x1c6
  77 0004 0400     		.2byte	0x4
  78 0006 00000000 		.4byte	.Ldebug_abbrev0
  79 000a 04       		.byte	0x4
  80 000b 01       		.uleb128 0x1
  81 000c DE000000 		.4byte	.LASF27
  82 0010 0C       		.byte	0xc
  83 0011 8B010000 		.4byte	.LASF28
  84 0015 DE010000 		.4byte	.LASF29
  85 0019 00000000 		.4byte	.Ldebug_ranges0+0
ARM GAS  C:\Users\Jacob\AppData\Local\Temp\ccv3lpsg.s 			page 3


  86 001d 00000000 		.4byte	0
  87 0021 00000000 		.4byte	.Ldebug_line0
  88 0025 02       		.uleb128 0x2
  89 0026 01       		.byte	0x1
  90 0027 06       		.byte	0x6
  91 0028 CA010000 		.4byte	.LASF0
  92 002c 02       		.uleb128 0x2
  93 002d 01       		.byte	0x1
  94 002e 08       		.byte	0x8
  95 002f 25000000 		.4byte	.LASF1
  96 0033 02       		.uleb128 0x2
  97 0034 02       		.byte	0x2
  98 0035 05       		.byte	0x5
  99 0036 97010000 		.4byte	.LASF2
 100 003a 02       		.uleb128 0x2
 101 003b 02       		.byte	0x2
 102 003c 07       		.byte	0x7
 103 003d 73000000 		.4byte	.LASF3
 104 0041 03       		.uleb128 0x3
 105 0042 0E000000 		.4byte	.LASF9
 106 0046 02       		.byte	0x2
 107 0047 3F       		.byte	0x3f
 108 0048 4C000000 		.4byte	0x4c
 109 004c 02       		.uleb128 0x2
 110 004d 04       		.byte	0x4
 111 004e 05       		.byte	0x5
 112 004f AB010000 		.4byte	.LASF4
 113 0053 02       		.uleb128 0x2
 114 0054 04       		.byte	0x4
 115 0055 07       		.byte	0x7
 116 0056 61000000 		.4byte	.LASF5
 117 005a 02       		.uleb128 0x2
 118 005b 08       		.byte	0x8
 119 005c 05       		.byte	0x5
 120 005d 7D010000 		.4byte	.LASF6
 121 0061 02       		.uleb128 0x2
 122 0062 08       		.byte	0x8
 123 0063 07       		.byte	0x7
 124 0064 C7000000 		.4byte	.LASF7
 125 0068 04       		.uleb128 0x4
 126 0069 04       		.byte	0x4
 127 006a 05       		.byte	0x5
 128 006b 696E7400 		.ascii	"int\000"
 129 006f 02       		.uleb128 0x2
 130 0070 04       		.byte	0x4
 131 0071 07       		.byte	0x7
 132 0072 BA000000 		.4byte	.LASF8
 133 0076 03       		.uleb128 0x3
 134 0077 6C010000 		.4byte	.LASF10
 135 007b 03       		.byte	0x3
 136 007c 2C       		.byte	0x2c
 137 007d 41000000 		.4byte	0x41
 138 0081 02       		.uleb128 0x2
 139 0082 04       		.byte	0x4
 140 0083 04       		.byte	0x4
 141 0084 1F000000 		.4byte	.LASF11
 142 0088 02       		.uleb128 0x2
ARM GAS  C:\Users\Jacob\AppData\Local\Temp\ccv3lpsg.s 			page 4


 143 0089 08       		.byte	0x8
 144 008a 04       		.byte	0x4
 145 008b 97000000 		.4byte	.LASF12
 146 008f 02       		.uleb128 0x2
 147 0090 01       		.byte	0x1
 148 0091 08       		.byte	0x8
 149 0092 92010000 		.4byte	.LASF13
 150 0096 02       		.uleb128 0x2
 151 0097 08       		.byte	0x8
 152 0098 04       		.byte	0x4
 153 0099 BE010000 		.4byte	.LASF14
 154 009d 02       		.uleb128 0x2
 155 009e 04       		.byte	0x4
 156 009f 07       		.byte	0x7
 157 00a0 74010000 		.4byte	.LASF15
 158 00a4 05       		.uleb128 0x5
 159 00a5 9E000000 		.4byte	.LASF30
 160 00a9 01       		.byte	0x1
 161 00aa 0E       		.byte	0xe
 162 00ab 68000000 		.4byte	0x68
 163 00af 00000000 		.4byte	.LFB63
 164 00b3 24000000 		.4byte	.LFE63-.LFB63
 165 00b7 01       		.uleb128 0x1
 166 00b8 9C       		.byte	0x9c
 167 00b9 6B010000 		.4byte	0x16b
 168 00bd 06       		.uleb128 0x6
 169 00be 00000000 		.4byte	.LASF16
 170 00c2 01       		.byte	0x1
 171 00c3 10       		.byte	0x10
 172 00c4 68000000 		.4byte	0x68
 173 00c8 06       		.uleb128 0x6
 174 00c9 07000000 		.4byte	.LASF17
 175 00cd 01       		.byte	0x1
 176 00ce 10       		.byte	0x10
 177 00cf 68000000 		.4byte	0x68
 178 00d3 06       		.uleb128 0x6
 179 00d4 18000000 		.4byte	.LASF18
 180 00d8 01       		.byte	0x1
 181 00d9 10       		.byte	0x10
 182 00da 68000000 		.4byte	0x68
 183 00de 07       		.uleb128 0x7
 184 00df 726F7400 		.ascii	"rot\000"
 185 00e3 01       		.byte	0x1
 186 00e4 11       		.byte	0x11
 187 00e5 68000000 		.4byte	0x68
 188 00e9 07       		.uleb128 0x7
 189 00ea 64656700 		.ascii	"deg\000"
 190 00ee 01       		.byte	0x1
 191 00ef 11       		.byte	0x11
 192 00f0 68000000 		.4byte	0x68
 193 00f4 08       		.uleb128 0x8
 194 00f5 63707200 		.ascii	"cpr\000"
 195 00f9 01       		.byte	0x1
 196 00fa 12       		.byte	0x12
 197 00fb 81000000 		.4byte	0x81
 198 00ff 04       		.byte	0x4
 199 0100 00804B44 		.4byte	0x444b8000
ARM GAS  C:\Users\Jacob\AppData\Local\Temp\ccv3lpsg.s 			page 5


 200 0104 07       		.uleb128 0x7
 201 0105 72706D00 		.ascii	"rpm\000"
 202 0109 01       		.byte	0x1
 203 010a 12       		.byte	0x12
 204 010b 81000000 		.4byte	0x81
 205 010f 06       		.uleb128 0x6
 206 0110 D6010000 		.4byte	.LASF19
 207 0114 01       		.byte	0x1
 208 0115 13       		.byte	0x13
 209 0116 68000000 		.4byte	0x68
 210 011a 09       		.uleb128 0x9
 211 011b 06000000 		.4byte	.LVL1
 212 011f 7C010000 		.4byte	0x17c
 213 0123 09       		.uleb128 0x9
 214 0124 0A000000 		.4byte	.LVL2
 215 0128 87010000 		.4byte	0x187
 216 012c 09       		.uleb128 0x9
 217 012d 0E000000 		.4byte	.LVL3
 218 0131 92010000 		.4byte	0x192
 219 0135 09       		.uleb128 0x9
 220 0136 12000000 		.4byte	.LVL4
 221 013a 9D010000 		.4byte	0x19d
 222 013e 09       		.uleb128 0x9
 223 013f 16000000 		.4byte	.LVL5
 224 0143 A8010000 		.4byte	0x1a8
 225 0147 0A       		.uleb128 0xa
 226 0148 1C000000 		.4byte	.LVL6
 227 014c B3010000 		.4byte	0x1b3
 228 0150 5B010000 		.4byte	0x15b
 229 0154 0B       		.uleb128 0xb
 230 0155 01       		.uleb128 0x1
 231 0156 50       		.byte	0x50
 232 0157 02       		.uleb128 0x2
 233 0158 08       		.byte	0x8
 234 0159 64       		.byte	0x64
 235 015a 00       		.byte	0
 236 015b 0C       		.uleb128 0xc
 237 015c 22000000 		.4byte	.LVL7
 238 0160 BE010000 		.4byte	0x1be
 239 0164 0B       		.uleb128 0xb
 240 0165 01       		.uleb128 0x1
 241 0166 50       		.byte	0x50
 242 0167 01       		.uleb128 0x1
 243 0168 30       		.byte	0x30
 244 0169 00       		.byte	0
 245 016a 00       		.byte	0
 246 016b 0D       		.uleb128 0xd
 247 016c AD000000 		.4byte	.LASF31
 248 0170 08       		.byte	0x8
 249 0171 1207     		.2byte	0x712
 250 0173 77010000 		.4byte	0x177
 251 0177 0E       		.uleb128 0xe
 252 0178 76000000 		.4byte	0x76
 253 017c 0F       		.uleb128 0xf
 254 017d A3000000 		.4byte	.LASF20
 255 0181 A3000000 		.4byte	.LASF20
 256 0185 04       		.byte	0x4
ARM GAS  C:\Users\Jacob\AppData\Local\Temp\ccv3lpsg.s 			page 6


 257 0186 48       		.byte	0x48
 258 0187 0F       		.uleb128 0xf
 259 0188 57000000 		.4byte	.LASF21
 260 018c 57000000 		.4byte	.LASF21
 261 0190 05       		.byte	0x5
 262 0191 38       		.byte	0x38
 263 0192 0F       		.uleb128 0xf
 264 0193 A1010000 		.4byte	.LASF22
 265 0197 A1010000 		.4byte	.LASF22
 266 019b 06       		.byte	0x6
 267 019c 31       		.byte	0x31
 268 019d 0F       		.uleb128 0xf
 269 019e 86000000 		.4byte	.LASF23
 270 01a2 86000000 		.4byte	.LASF23
 271 01a6 06       		.byte	0x6
 272 01a7 A1       		.byte	0xa1
 273 01a8 0F       		.uleb128 0xf
 274 01a9 B4010000 		.4byte	.LASF24
 275 01ad B4010000 		.4byte	.LASF24
 276 01b1 07       		.byte	0x7
 277 01b2 92       		.byte	0x92
 278 01b3 0F       		.uleb128 0xf
 279 01b4 45000000 		.4byte	.LASF25
 280 01b8 45000000 		.4byte	.LASF25
 281 01bc 07       		.byte	0x7
 282 01bd C7       		.byte	0xc7
 283 01be 0F       		.uleb128 0xf
 284 01bf 33000000 		.4byte	.LASF26
 285 01c3 33000000 		.4byte	.LASF26
 286 01c7 07       		.byte	0x7
 287 01c8 CA       		.byte	0xca
 288 01c9 00       		.byte	0
 289              		.section	.debug_abbrev,"",%progbits
 290              	.Ldebug_abbrev0:
 291 0000 01       		.uleb128 0x1
 292 0001 11       		.uleb128 0x11
 293 0002 01       		.byte	0x1
 294 0003 25       		.uleb128 0x25
 295 0004 0E       		.uleb128 0xe
 296 0005 13       		.uleb128 0x13
 297 0006 0B       		.uleb128 0xb
 298 0007 03       		.uleb128 0x3
 299 0008 0E       		.uleb128 0xe
 300 0009 1B       		.uleb128 0x1b
 301 000a 0E       		.uleb128 0xe
 302 000b 55       		.uleb128 0x55
 303 000c 17       		.uleb128 0x17
 304 000d 11       		.uleb128 0x11
 305 000e 01       		.uleb128 0x1
 306 000f 10       		.uleb128 0x10
 307 0010 17       		.uleb128 0x17
 308 0011 00       		.byte	0
 309 0012 00       		.byte	0
 310 0013 02       		.uleb128 0x2
 311 0014 24       		.uleb128 0x24
 312 0015 00       		.byte	0
 313 0016 0B       		.uleb128 0xb
ARM GAS  C:\Users\Jacob\AppData\Local\Temp\ccv3lpsg.s 			page 7


 314 0017 0B       		.uleb128 0xb
 315 0018 3E       		.uleb128 0x3e
 316 0019 0B       		.uleb128 0xb
 317 001a 03       		.uleb128 0x3
 318 001b 0E       		.uleb128 0xe
 319 001c 00       		.byte	0
 320 001d 00       		.byte	0
 321 001e 03       		.uleb128 0x3
 322 001f 16       		.uleb128 0x16
 323 0020 00       		.byte	0
 324 0021 03       		.uleb128 0x3
 325 0022 0E       		.uleb128 0xe
 326 0023 3A       		.uleb128 0x3a
 327 0024 0B       		.uleb128 0xb
 328 0025 3B       		.uleb128 0x3b
 329 0026 0B       		.uleb128 0xb
 330 0027 49       		.uleb128 0x49
 331 0028 13       		.uleb128 0x13
 332 0029 00       		.byte	0
 333 002a 00       		.byte	0
 334 002b 04       		.uleb128 0x4
 335 002c 24       		.uleb128 0x24
 336 002d 00       		.byte	0
 337 002e 0B       		.uleb128 0xb
 338 002f 0B       		.uleb128 0xb
 339 0030 3E       		.uleb128 0x3e
 340 0031 0B       		.uleb128 0xb
 341 0032 03       		.uleb128 0x3
 342 0033 08       		.uleb128 0x8
 343 0034 00       		.byte	0
 344 0035 00       		.byte	0
 345 0036 05       		.uleb128 0x5
 346 0037 2E       		.uleb128 0x2e
 347 0038 01       		.byte	0x1
 348 0039 3F       		.uleb128 0x3f
 349 003a 19       		.uleb128 0x19
 350 003b 03       		.uleb128 0x3
 351 003c 0E       		.uleb128 0xe
 352 003d 3A       		.uleb128 0x3a
 353 003e 0B       		.uleb128 0xb
 354 003f 3B       		.uleb128 0x3b
 355 0040 0B       		.uleb128 0xb
 356 0041 27       		.uleb128 0x27
 357 0042 19       		.uleb128 0x19
 358 0043 49       		.uleb128 0x49
 359 0044 13       		.uleb128 0x13
 360 0045 8701     		.uleb128 0x87
 361 0047 19       		.uleb128 0x19
 362 0048 11       		.uleb128 0x11
 363 0049 01       		.uleb128 0x1
 364 004a 12       		.uleb128 0x12
 365 004b 06       		.uleb128 0x6
 366 004c 40       		.uleb128 0x40
 367 004d 18       		.uleb128 0x18
 368 004e 9742     		.uleb128 0x2117
 369 0050 19       		.uleb128 0x19
 370 0051 01       		.uleb128 0x1
ARM GAS  C:\Users\Jacob\AppData\Local\Temp\ccv3lpsg.s 			page 8


 371 0052 13       		.uleb128 0x13
 372 0053 00       		.byte	0
 373 0054 00       		.byte	0
 374 0055 06       		.uleb128 0x6
 375 0056 34       		.uleb128 0x34
 376 0057 00       		.byte	0
 377 0058 03       		.uleb128 0x3
 378 0059 0E       		.uleb128 0xe
 379 005a 3A       		.uleb128 0x3a
 380 005b 0B       		.uleb128 0xb
 381 005c 3B       		.uleb128 0x3b
 382 005d 0B       		.uleb128 0xb
 383 005e 49       		.uleb128 0x49
 384 005f 13       		.uleb128 0x13
 385 0060 00       		.byte	0
 386 0061 00       		.byte	0
 387 0062 07       		.uleb128 0x7
 388 0063 34       		.uleb128 0x34
 389 0064 00       		.byte	0
 390 0065 03       		.uleb128 0x3
 391 0066 08       		.uleb128 0x8
 392 0067 3A       		.uleb128 0x3a
 393 0068 0B       		.uleb128 0xb
 394 0069 3B       		.uleb128 0x3b
 395 006a 0B       		.uleb128 0xb
 396 006b 49       		.uleb128 0x49
 397 006c 13       		.uleb128 0x13
 398 006d 00       		.byte	0
 399 006e 00       		.byte	0
 400 006f 08       		.uleb128 0x8
 401 0070 34       		.uleb128 0x34
 402 0071 00       		.byte	0
 403 0072 03       		.uleb128 0x3
 404 0073 08       		.uleb128 0x8
 405 0074 3A       		.uleb128 0x3a
 406 0075 0B       		.uleb128 0xb
 407 0076 3B       		.uleb128 0x3b
 408 0077 0B       		.uleb128 0xb
 409 0078 49       		.uleb128 0x49
 410 0079 13       		.uleb128 0x13
 411 007a 1C       		.uleb128 0x1c
 412 007b 0A       		.uleb128 0xa
 413 007c 00       		.byte	0
 414 007d 00       		.byte	0
 415 007e 09       		.uleb128 0x9
 416 007f 898201   		.uleb128 0x4109
 417 0082 00       		.byte	0
 418 0083 11       		.uleb128 0x11
 419 0084 01       		.uleb128 0x1
 420 0085 31       		.uleb128 0x31
 421 0086 13       		.uleb128 0x13
 422 0087 00       		.byte	0
 423 0088 00       		.byte	0
 424 0089 0A       		.uleb128 0xa
 425 008a 898201   		.uleb128 0x4109
 426 008d 01       		.byte	0x1
 427 008e 11       		.uleb128 0x11
ARM GAS  C:\Users\Jacob\AppData\Local\Temp\ccv3lpsg.s 			page 9


 428 008f 01       		.uleb128 0x1
 429 0090 31       		.uleb128 0x31
 430 0091 13       		.uleb128 0x13
 431 0092 01       		.uleb128 0x1
 432 0093 13       		.uleb128 0x13
 433 0094 00       		.byte	0
 434 0095 00       		.byte	0
 435 0096 0B       		.uleb128 0xb
 436 0097 8A8201   		.uleb128 0x410a
 437 009a 00       		.byte	0
 438 009b 02       		.uleb128 0x2
 439 009c 18       		.uleb128 0x18
 440 009d 9142     		.uleb128 0x2111
 441 009f 18       		.uleb128 0x18
 442 00a0 00       		.byte	0
 443 00a1 00       		.byte	0
 444 00a2 0C       		.uleb128 0xc
 445 00a3 898201   		.uleb128 0x4109
 446 00a6 01       		.byte	0x1
 447 00a7 11       		.uleb128 0x11
 448 00a8 01       		.uleb128 0x1
 449 00a9 31       		.uleb128 0x31
 450 00aa 13       		.uleb128 0x13
 451 00ab 00       		.byte	0
 452 00ac 00       		.byte	0
 453 00ad 0D       		.uleb128 0xd
 454 00ae 34       		.uleb128 0x34
 455 00af 00       		.byte	0
 456 00b0 03       		.uleb128 0x3
 457 00b1 0E       		.uleb128 0xe
 458 00b2 3A       		.uleb128 0x3a
 459 00b3 0B       		.uleb128 0xb
 460 00b4 3B       		.uleb128 0x3b
 461 00b5 05       		.uleb128 0x5
 462 00b6 49       		.uleb128 0x49
 463 00b7 13       		.uleb128 0x13
 464 00b8 3F       		.uleb128 0x3f
 465 00b9 19       		.uleb128 0x19
 466 00ba 3C       		.uleb128 0x3c
 467 00bb 19       		.uleb128 0x19
 468 00bc 00       		.byte	0
 469 00bd 00       		.byte	0
 470 00be 0E       		.uleb128 0xe
 471 00bf 35       		.uleb128 0x35
 472 00c0 00       		.byte	0
 473 00c1 49       		.uleb128 0x49
 474 00c2 13       		.uleb128 0x13
 475 00c3 00       		.byte	0
 476 00c4 00       		.byte	0
 477 00c5 0F       		.uleb128 0xf
 478 00c6 2E       		.uleb128 0x2e
 479 00c7 00       		.byte	0
 480 00c8 3F       		.uleb128 0x3f
 481 00c9 19       		.uleb128 0x19
 482 00ca 3C       		.uleb128 0x3c
 483 00cb 19       		.uleb128 0x19
 484 00cc 6E       		.uleb128 0x6e
ARM GAS  C:\Users\Jacob\AppData\Local\Temp\ccv3lpsg.s 			page 10


 485 00cd 0E       		.uleb128 0xe
 486 00ce 03       		.uleb128 0x3
 487 00cf 0E       		.uleb128 0xe
 488 00d0 3A       		.uleb128 0x3a
 489 00d1 0B       		.uleb128 0xb
 490 00d2 3B       		.uleb128 0x3b
 491 00d3 0B       		.uleb128 0xb
 492 00d4 00       		.byte	0
 493 00d5 00       		.byte	0
 494 00d6 00       		.byte	0
 495              		.section	.debug_aranges,"",%progbits
 496 0000 1C000000 		.4byte	0x1c
 497 0004 0200     		.2byte	0x2
 498 0006 00000000 		.4byte	.Ldebug_info0
 499 000a 04       		.byte	0x4
 500 000b 00       		.byte	0
 501 000c 0000     		.2byte	0
 502 000e 0000     		.2byte	0
 503 0010 00000000 		.4byte	.LFB63
 504 0014 24000000 		.4byte	.LFE63-.LFB63
 505 0018 00000000 		.4byte	0
 506 001c 00000000 		.4byte	0
 507              		.section	.debug_ranges,"",%progbits
 508              	.Ldebug_ranges0:
 509 0000 00000000 		.4byte	.LFB63
 510 0004 24000000 		.4byte	.LFE63
 511 0008 00000000 		.4byte	0
 512 000c 00000000 		.4byte	0
 513              		.section	.debug_line,"",%progbits
 514              	.Ldebug_line0:
 515 0000 87010000 		.section	.debug_str,"MS",%progbits,1
 515      02006301 
 515      00000201 
 515      FB0E0D00 
 515      01010101 
 516              	.LASF16:
 517 0000 636F756E 		.ascii	"count1\000"
 517      743100
 518              	.LASF17:
 519 0007 636F756E 		.ascii	"count2\000"
 519      743200
 520              	.LASF9:
 521 000e 5F5F696E 		.ascii	"__int32_t\000"
 521      7433325F 
 521      7400
 522              	.LASF18:
 523 0018 64436F75 		.ascii	"dCount\000"
 523      6E7400
 524              	.LASF11:
 525 001f 666C6F61 		.ascii	"float\000"
 525      7400
 526              	.LASF1:
 527 0025 756E7369 		.ascii	"unsigned char\000"
 527      676E6564 
 527      20636861 
 527      7200
 528              	.LASF26:
ARM GAS  C:\Users\Jacob\AppData\Local\Temp\ccv3lpsg.s 			page 11


 529 0033 70776D5F 		.ascii	"pwm_WriteCompare2\000"
 529      57726974 
 529      65436F6D 
 529      70617265 
 529      3200
 530              	.LASF25:
 531 0045 70776D5F 		.ascii	"pwm_WriteCompare1\000"
 531      57726974 
 531      65436F6D 
 531      70617265 
 531      3100
 532              	.LASF21:
 533 0057 6C63645F 		.ascii	"lcd_Start\000"
 533      53746172 
 533      7400
 534              	.LASF5:
 535 0061 6C6F6E67 		.ascii	"long unsigned int\000"
 535      20756E73 
 535      69676E65 
 535      6420696E 
 535      7400
 536              	.LASF3:
 537 0073 73686F72 		.ascii	"short unsigned int\000"
 537      7420756E 
 537      7369676E 
 537      65642069 
 537      6E7400
 538              	.LASF23:
 539 0086 6164635F 		.ascii	"adc_StartConvert\000"
 539      53746172 
 539      74436F6E 
 539      76657274 
 539      00
 540              	.LASF12:
 541 0097 646F7562 		.ascii	"double\000"
 541      6C6500
 542              	.LASF30:
 543 009e 6D61696E 		.ascii	"main\000"
 543      00
 544              	.LASF20:
 545 00a3 656E635F 		.ascii	"enc_Start\000"
 545      53746172 
 545      7400
 546              	.LASF31:
 547 00ad 49544D5F 		.ascii	"ITM_RxBuffer\000"
 547      52784275 
 547      66666572 
 547      00
 548              	.LASF8:
 549 00ba 756E7369 		.ascii	"unsigned int\000"
 549      676E6564 
 549      20696E74 
 549      00
 550              	.LASF7:
 551 00c7 6C6F6E67 		.ascii	"long long unsigned int\000"
 551      206C6F6E 
 551      6720756E 
ARM GAS  C:\Users\Jacob\AppData\Local\Temp\ccv3lpsg.s 			page 12


 551      7369676E 
 551      65642069 
 552              	.LASF27:
 553 00de 474E5520 		.ascii	"GNU C11 5.4.1 20160609 (release) [ARM/embedded-5-br"
 553      43313120 
 553      352E342E 
 553      31203230 
 553      31363036 
 554 0111 616E6368 		.ascii	"anch revision 237715] -mcpu=cortex-m3 -mthumb -g -O"
 554      20726576 
 554      6973696F 
 554      6E203233 
 554      37373135 
 555 0144 67202D66 		.ascii	"g -ffunction-sections -ffat-lto-objects\000"
 555      66756E63 
 555      74696F6E 
 555      2D736563 
 555      74696F6E 
 556              	.LASF10:
 557 016c 696E7433 		.ascii	"int32_t\000"
 557      325F7400 
 558              	.LASF15:
 559 0174 73697A65 		.ascii	"sizetype\000"
 559      74797065 
 559      00
 560              	.LASF6:
 561 017d 6C6F6E67 		.ascii	"long long int\000"
 561      206C6F6E 
 561      6720696E 
 561      7400
 562              	.LASF28:
 563 018b 6D61696E 		.ascii	"main.c\000"
 563      2E6300
 564              	.LASF13:
 565 0192 63686172 		.ascii	"char\000"
 565      00
 566              	.LASF2:
 567 0197 73686F72 		.ascii	"short int\000"
 567      7420696E 
 567      7400
 568              	.LASF22:
 569 01a1 6164635F 		.ascii	"adc_Start\000"
 569      53746172 
 569      7400
 570              	.LASF4:
 571 01ab 6C6F6E67 		.ascii	"long int\000"
 571      20696E74 
 571      00
 572              	.LASF24:
 573 01b4 70776D5F 		.ascii	"pwm_Start\000"
 573      53746172 
 573      7400
 574              	.LASF14:
 575 01be 6C6F6E67 		.ascii	"long double\000"
 575      20646F75 
 575      626C6500 
 576              	.LASF0:
ARM GAS  C:\Users\Jacob\AppData\Local\Temp\ccv3lpsg.s 			page 13


 577 01ca 7369676E 		.ascii	"signed char\000"
 577      65642063 
 577      68617200 
 578              	.LASF19:
 579 01d6 636F6D70 		.ascii	"compare\000"
 579      61726500 
 580              	.LASF29:
 581 01de 433A5C55 		.ascii	"C:\\Users\\Jacob\\Documents\\Junior\\EGR 455\\EGR45"
 581      73657273 
 581      5C4A6163 
 581      6F625C44 
 581      6F63756D 
 582 020b 355C4D6F 		.ascii	"5\\MotorControl.cydsn\000"
 582      746F7243 
 582      6F6E7472 
 582      6F6C2E63 
 582      7964736E 
 583              		.ident	"GCC: (GNU Tools for ARM Embedded Processors) 5.4.1 20160609 (release) [ARM/embedded-5-bran
