ARM GAS  C:\Users\Jacob\AppData\Local\Temp\ccN4vXYt.s 			page 1


   1              		.syntax unified
   2              		.cpu cortex-m0
   3              		.fpu softvfp
   4              		.eabi_attribute 20, 1
   5              		.eabi_attribute 21, 1
   6              		.eabi_attribute 23, 3
   7              		.eabi_attribute 24, 1
   8              		.eabi_attribute 25, 1
   9              		.eabi_attribute 26, 1
  10              		.eabi_attribute 30, 6
  11              		.eabi_attribute 34, 0
  12              		.eabi_attribute 18, 4
  13              		.thumb
  14              		.syntax unified
  15              		.file	"cyfitter_cfg.c"
  16              		.text
  17              	.Ltext0:
  18              		.cfi_sections	.debug_frame
  19              		.section	.text.CYMEMZERO,"ax",%progbits
  20              		.align	2
  21              		.code	16
  22              		.thumb_func
  23              		.type	CYMEMZERO, %function
  24              	CYMEMZERO:
  25              	.LFB2:
  26              		.file 1 "Generated_Source\\PSoC4\\cyfitter_cfg.c"
   1:Generated_Source\PSoC4/cyfitter_cfg.c **** 
   2:Generated_Source\PSoC4/cyfitter_cfg.c **** /*******************************************************************************
   3:Generated_Source\PSoC4/cyfitter_cfg.c **** * File Name: cyfitter_cfg.c
   4:Generated_Source\PSoC4/cyfitter_cfg.c **** * 
   5:Generated_Source\PSoC4/cyfitter_cfg.c **** * PSoC Creator  4.1 Update 1
   6:Generated_Source\PSoC4/cyfitter_cfg.c **** *
   7:Generated_Source\PSoC4/cyfitter_cfg.c **** * Description:
   8:Generated_Source\PSoC4/cyfitter_cfg.c **** * This file contains device initialization code.
   9:Generated_Source\PSoC4/cyfitter_cfg.c **** * Except for the user defined sections in CyClockStartupError(), this file should not be modified.
  10:Generated_Source\PSoC4/cyfitter_cfg.c **** * This file is automatically generated by PSoC Creator.
  11:Generated_Source\PSoC4/cyfitter_cfg.c **** *
  12:Generated_Source\PSoC4/cyfitter_cfg.c **** ********************************************************************************
  13:Generated_Source\PSoC4/cyfitter_cfg.c **** * Copyright (c) 2007-2017 Cypress Semiconductor.  All rights reserved.
  14:Generated_Source\PSoC4/cyfitter_cfg.c **** * You may use this file only in accordance with the license, terms, conditions, 
  15:Generated_Source\PSoC4/cyfitter_cfg.c **** * disclaimers, and limitations in the end user license agreement accompanying 
  16:Generated_Source\PSoC4/cyfitter_cfg.c **** * the software package with which this file was provided.
  17:Generated_Source\PSoC4/cyfitter_cfg.c **** ********************************************************************************/
  18:Generated_Source\PSoC4/cyfitter_cfg.c **** 
  19:Generated_Source\PSoC4/cyfitter_cfg.c **** #include <string.h>
  20:Generated_Source\PSoC4/cyfitter_cfg.c **** #include "cytypes.h"
  21:Generated_Source\PSoC4/cyfitter_cfg.c **** #include "cydevice_trm.h"
  22:Generated_Source\PSoC4/cyfitter_cfg.c **** #include "cyfitter.h"
  23:Generated_Source\PSoC4/cyfitter_cfg.c **** #include "CyLib.h"
  24:Generated_Source\PSoC4/cyfitter_cfg.c **** #include "cyfitter_cfg.h"
  25:Generated_Source\PSoC4/cyfitter_cfg.c **** 
  26:Generated_Source\PSoC4/cyfitter_cfg.c **** 
  27:Generated_Source\PSoC4/cyfitter_cfg.c **** #if defined(__GNUC__) || defined(__ARMCC_VERSION)
  28:Generated_Source\PSoC4/cyfitter_cfg.c ****     #define CYPACKED 
  29:Generated_Source\PSoC4/cyfitter_cfg.c ****     #define CYPACKED_ATTR __attribute__ ((packed))
  30:Generated_Source\PSoC4/cyfitter_cfg.c ****     #define CYALIGNED __attribute__ ((aligned))
  31:Generated_Source\PSoC4/cyfitter_cfg.c ****     #define CY_CFG_UNUSED __attribute__ ((unused))
ARM GAS  C:\Users\Jacob\AppData\Local\Temp\ccN4vXYt.s 			page 2


  32:Generated_Source\PSoC4/cyfitter_cfg.c ****     #ifndef CY_CFG_SECTION
  33:Generated_Source\PSoC4/cyfitter_cfg.c ****         #define CY_CFG_SECTION __attribute__ ((section(".psocinit")))
  34:Generated_Source\PSoC4/cyfitter_cfg.c ****     #endif
  35:Generated_Source\PSoC4/cyfitter_cfg.c ****     
  36:Generated_Source\PSoC4/cyfitter_cfg.c ****     #if defined(__ARMCC_VERSION)
  37:Generated_Source\PSoC4/cyfitter_cfg.c ****         #define CY_CFG_MEMORY_BARRIER() __memory_changed()
  38:Generated_Source\PSoC4/cyfitter_cfg.c ****     #else
  39:Generated_Source\PSoC4/cyfitter_cfg.c ****         #define CY_CFG_MEMORY_BARRIER() __sync_synchronize()
  40:Generated_Source\PSoC4/cyfitter_cfg.c ****     #endif
  41:Generated_Source\PSoC4/cyfitter_cfg.c ****     
  42:Generated_Source\PSoC4/cyfitter_cfg.c **** #elif defined(__ICCARM__)
  43:Generated_Source\PSoC4/cyfitter_cfg.c ****     #include <intrinsics.h>
  44:Generated_Source\PSoC4/cyfitter_cfg.c **** 
  45:Generated_Source\PSoC4/cyfitter_cfg.c ****     #define CYPACKED __packed
  46:Generated_Source\PSoC4/cyfitter_cfg.c ****     #define CYPACKED_ATTR 
  47:Generated_Source\PSoC4/cyfitter_cfg.c ****     #define CYALIGNED _Pragma("data_alignment=4")
  48:Generated_Source\PSoC4/cyfitter_cfg.c ****     #define CY_CFG_UNUSED _Pragma("diag_suppress=Pe177")
  49:Generated_Source\PSoC4/cyfitter_cfg.c ****     #define CY_CFG_SECTION _Pragma("location=\".psocinit\"")
  50:Generated_Source\PSoC4/cyfitter_cfg.c ****     
  51:Generated_Source\PSoC4/cyfitter_cfg.c ****     #define CY_CFG_MEMORY_BARRIER() __DMB()
  52:Generated_Source\PSoC4/cyfitter_cfg.c ****     
  53:Generated_Source\PSoC4/cyfitter_cfg.c **** #else
  54:Generated_Source\PSoC4/cyfitter_cfg.c ****     #error Unsupported toolchain
  55:Generated_Source\PSoC4/cyfitter_cfg.c **** #endif
  56:Generated_Source\PSoC4/cyfitter_cfg.c **** 
  57:Generated_Source\PSoC4/cyfitter_cfg.c **** #ifndef CYCODE
  58:Generated_Source\PSoC4/cyfitter_cfg.c ****     #define CYCODE
  59:Generated_Source\PSoC4/cyfitter_cfg.c **** #endif
  60:Generated_Source\PSoC4/cyfitter_cfg.c **** #ifndef CYDATA
  61:Generated_Source\PSoC4/cyfitter_cfg.c ****     #define CYDATA
  62:Generated_Source\PSoC4/cyfitter_cfg.c **** #endif
  63:Generated_Source\PSoC4/cyfitter_cfg.c **** #ifndef CYFAR
  64:Generated_Source\PSoC4/cyfitter_cfg.c ****     #define CYFAR
  65:Generated_Source\PSoC4/cyfitter_cfg.c **** #endif
  66:Generated_Source\PSoC4/cyfitter_cfg.c **** #ifndef CYXDATA
  67:Generated_Source\PSoC4/cyfitter_cfg.c ****     #define CYXDATA
  68:Generated_Source\PSoC4/cyfitter_cfg.c **** #endif
  69:Generated_Source\PSoC4/cyfitter_cfg.c **** 
  70:Generated_Source\PSoC4/cyfitter_cfg.c **** 
  71:Generated_Source\PSoC4/cyfitter_cfg.c **** CY_CFG_UNUSED
  72:Generated_Source\PSoC4/cyfitter_cfg.c **** static void CYMEMZERO(void *s, size_t n);
  73:Generated_Source\PSoC4/cyfitter_cfg.c **** CY_CFG_UNUSED
  74:Generated_Source\PSoC4/cyfitter_cfg.c **** static void CYMEMZERO(void *s, size_t n)
  75:Generated_Source\PSoC4/cyfitter_cfg.c **** {
  27              		.loc 1 75 0
  28              		.cfi_startproc
  29              		@ args = 0, pretend = 0, frame = 8
  30              		@ frame_needed = 1, uses_anonymous_args = 0
  31 0000 80B5     		push	{r7, lr}
  32              		.cfi_def_cfa_offset 8
  33              		.cfi_offset 7, -8
  34              		.cfi_offset 14, -4
  35 0002 82B0     		sub	sp, sp, #8
  36              		.cfi_def_cfa_offset 16
  37 0004 00AF     		add	r7, sp, #0
  38              		.cfi_def_cfa_register 7
  39 0006 7860     		str	r0, [r7, #4]
ARM GAS  C:\Users\Jacob\AppData\Local\Temp\ccN4vXYt.s 			page 3


  40 0008 3960     		str	r1, [r7]
  76:Generated_Source\PSoC4/cyfitter_cfg.c **** 	(void)memset(s, 0, n);
  41              		.loc 1 76 0
  42 000a 3A68     		ldr	r2, [r7]
  43 000c 7B68     		ldr	r3, [r7, #4]
  44 000e 0021     		movs	r1, #0
  45 0010 1800     		movs	r0, r3
  46 0012 FFF7FEFF 		bl	memset
  77:Generated_Source\PSoC4/cyfitter_cfg.c **** }
  47              		.loc 1 77 0
  48 0016 C046     		nop
  49 0018 BD46     		mov	sp, r7
  50 001a 02B0     		add	sp, sp, #8
  51              		@ sp needed
  52 001c 80BD     		pop	{r7, pc}
  53              		.cfi_endproc
  54              	.LFE2:
  55              		.size	CYMEMZERO, .-CYMEMZERO
  56 001e C046     		.section	.text.CYCONFIGCPY,"ax",%progbits
  57              		.align	2
  58              		.code	16
  59              		.thumb_func
  60              		.type	CYCONFIGCPY, %function
  61              	CYCONFIGCPY:
  62              	.LFB3:
  78:Generated_Source\PSoC4/cyfitter_cfg.c **** CY_CFG_UNUSED
  79:Generated_Source\PSoC4/cyfitter_cfg.c **** static void CYCONFIGCPY(void *dest, const void *src, size_t n);
  80:Generated_Source\PSoC4/cyfitter_cfg.c **** CY_CFG_UNUSED
  81:Generated_Source\PSoC4/cyfitter_cfg.c **** static void CYCONFIGCPY(void *dest, const void *src, size_t n)
  82:Generated_Source\PSoC4/cyfitter_cfg.c **** {
  63              		.loc 1 82 0
  64              		.cfi_startproc
  65              		@ args = 0, pretend = 0, frame = 16
  66              		@ frame_needed = 1, uses_anonymous_args = 0
  67 0000 80B5     		push	{r7, lr}
  68              		.cfi_def_cfa_offset 8
  69              		.cfi_offset 7, -8
  70              		.cfi_offset 14, -4
  71 0002 84B0     		sub	sp, sp, #16
  72              		.cfi_def_cfa_offset 24
  73 0004 00AF     		add	r7, sp, #0
  74              		.cfi_def_cfa_register 7
  75 0006 F860     		str	r0, [r7, #12]
  76 0008 B960     		str	r1, [r7, #8]
  77 000a 7A60     		str	r2, [r7, #4]
  83:Generated_Source\PSoC4/cyfitter_cfg.c **** 	(void)memcpy(dest, src, n);
  78              		.loc 1 83 0
  79 000c 7A68     		ldr	r2, [r7, #4]
  80 000e B968     		ldr	r1, [r7, #8]
  81 0010 FB68     		ldr	r3, [r7, #12]
  82 0012 1800     		movs	r0, r3
  83 0014 FFF7FEFF 		bl	memcpy
  84:Generated_Source\PSoC4/cyfitter_cfg.c **** }
  84              		.loc 1 84 0
  85 0018 C046     		nop
  86 001a BD46     		mov	sp, r7
  87 001c 04B0     		add	sp, sp, #16
ARM GAS  C:\Users\Jacob\AppData\Local\Temp\ccN4vXYt.s 			page 4


  88              		@ sp needed
  89 001e 80BD     		pop	{r7, pc}
  90              		.cfi_endproc
  91              	.LFE3:
  92              		.size	CYCONFIGCPY, .-CYCONFIGCPY
  93              		.section	.text.CYCONFIGCPYCODE,"ax",%progbits
  94              		.align	2
  95              		.code	16
  96              		.thumb_func
  97              		.type	CYCONFIGCPYCODE, %function
  98              	CYCONFIGCPYCODE:
  99              	.LFB4:
  85:Generated_Source\PSoC4/cyfitter_cfg.c **** CY_CFG_UNUSED
  86:Generated_Source\PSoC4/cyfitter_cfg.c **** static void CYCONFIGCPYCODE(void *dest, const void *src, size_t n);
  87:Generated_Source\PSoC4/cyfitter_cfg.c **** CY_CFG_UNUSED
  88:Generated_Source\PSoC4/cyfitter_cfg.c **** static void CYCONFIGCPYCODE(void *dest, const void *src, size_t n)
  89:Generated_Source\PSoC4/cyfitter_cfg.c **** {
 100              		.loc 1 89 0
 101              		.cfi_startproc
 102              		@ args = 0, pretend = 0, frame = 16
 103              		@ frame_needed = 1, uses_anonymous_args = 0
 104 0000 80B5     		push	{r7, lr}
 105              		.cfi_def_cfa_offset 8
 106              		.cfi_offset 7, -8
 107              		.cfi_offset 14, -4
 108 0002 84B0     		sub	sp, sp, #16
 109              		.cfi_def_cfa_offset 24
 110 0004 00AF     		add	r7, sp, #0
 111              		.cfi_def_cfa_register 7
 112 0006 F860     		str	r0, [r7, #12]
 113 0008 B960     		str	r1, [r7, #8]
 114 000a 7A60     		str	r2, [r7, #4]
  90:Generated_Source\PSoC4/cyfitter_cfg.c **** 	(void)memcpy(dest, src, n);
 115              		.loc 1 90 0
 116 000c 7A68     		ldr	r2, [r7, #4]
 117 000e B968     		ldr	r1, [r7, #8]
 118 0010 FB68     		ldr	r3, [r7, #12]
 119 0012 1800     		movs	r0, r3
 120 0014 FFF7FEFF 		bl	memcpy
  91:Generated_Source\PSoC4/cyfitter_cfg.c **** }
 121              		.loc 1 91 0
 122 0018 C046     		nop
 123 001a BD46     		mov	sp, r7
 124 001c 04B0     		add	sp, sp, #16
 125              		@ sp needed
 126 001e 80BD     		pop	{r7, pc}
 127              		.cfi_endproc
 128              	.LFE4:
 129              		.size	CYCONFIGCPYCODE, .-CYCONFIGCPYCODE
 130              		.section	.text.cfg_write_bytes32,"ax",%progbits
 131              		.align	2
 132              		.code	16
 133              		.thumb_func
 134              		.type	cfg_write_bytes32, %function
 135              	cfg_write_bytes32:
 136              	.LFB5:
  92:Generated_Source\PSoC4/cyfitter_cfg.c **** 
ARM GAS  C:\Users\Jacob\AppData\Local\Temp\ccN4vXYt.s 			page 5


  93:Generated_Source\PSoC4/cyfitter_cfg.c **** 
  94:Generated_Source\PSoC4/cyfitter_cfg.c **** 
  95:Generated_Source\PSoC4/cyfitter_cfg.c **** 
  96:Generated_Source\PSoC4/cyfitter_cfg.c **** /* Clock startup error codes                                                   */
  97:Generated_Source\PSoC4/cyfitter_cfg.c **** #define CYCLOCKSTART_NO_ERROR    0u
  98:Generated_Source\PSoC4/cyfitter_cfg.c **** #define CYCLOCKSTART_XTAL_ERROR  1u
  99:Generated_Source\PSoC4/cyfitter_cfg.c **** #define CYCLOCKSTART_32KHZ_ERROR 2u
 100:Generated_Source\PSoC4/cyfitter_cfg.c **** #define CYCLOCKSTART_PLL_ERROR   3u
 101:Generated_Source\PSoC4/cyfitter_cfg.c **** #define CYCLOCKSTART_FLL_ERROR   4u
 102:Generated_Source\PSoC4/cyfitter_cfg.c **** 
 103:Generated_Source\PSoC4/cyfitter_cfg.c **** 
 104:Generated_Source\PSoC4/cyfitter_cfg.c **** #ifdef CY_NEED_CYCLOCKSTARTUPERROR
 105:Generated_Source\PSoC4/cyfitter_cfg.c **** /*******************************************************************************
 106:Generated_Source\PSoC4/cyfitter_cfg.c **** * Function Name: CyClockStartupError
 107:Generated_Source\PSoC4/cyfitter_cfg.c **** ********************************************************************************
 108:Generated_Source\PSoC4/cyfitter_cfg.c **** * Summary:
 109:Generated_Source\PSoC4/cyfitter_cfg.c **** *  If an error is encountered during clock configuration (crystal startup error,
 110:Generated_Source\PSoC4/cyfitter_cfg.c **** *  PLL lock error, etc.), the system will end up here.  Unless reimplemented by
 111:Generated_Source\PSoC4/cyfitter_cfg.c **** *  the customer, this function will stop in an infinite loop.
 112:Generated_Source\PSoC4/cyfitter_cfg.c **** *
 113:Generated_Source\PSoC4/cyfitter_cfg.c **** * Parameters:
 114:Generated_Source\PSoC4/cyfitter_cfg.c **** *   void
 115:Generated_Source\PSoC4/cyfitter_cfg.c **** *
 116:Generated_Source\PSoC4/cyfitter_cfg.c **** * Return:
 117:Generated_Source\PSoC4/cyfitter_cfg.c **** *   void
 118:Generated_Source\PSoC4/cyfitter_cfg.c **** *
 119:Generated_Source\PSoC4/cyfitter_cfg.c **** *******************************************************************************/
 120:Generated_Source\PSoC4/cyfitter_cfg.c **** CY_CFG_UNUSED
 121:Generated_Source\PSoC4/cyfitter_cfg.c **** static void CyClockStartupError(uint8 errorCode);
 122:Generated_Source\PSoC4/cyfitter_cfg.c **** CY_CFG_UNUSED
 123:Generated_Source\PSoC4/cyfitter_cfg.c **** static void CyClockStartupError(uint8 errorCode)
 124:Generated_Source\PSoC4/cyfitter_cfg.c **** {
 125:Generated_Source\PSoC4/cyfitter_cfg.c ****     /* To remove the compiler warning if errorCode not used. */
 126:Generated_Source\PSoC4/cyfitter_cfg.c **** #if defined(CY_PSOC3) && (CY_PSOC3)
 127:Generated_Source\PSoC4/cyfitter_cfg.c ****     errorCode = errorCode;
 128:Generated_Source\PSoC4/cyfitter_cfg.c **** #else
 129:Generated_Source\PSoC4/cyfitter_cfg.c ****     (void)errorCode;
 130:Generated_Source\PSoC4/cyfitter_cfg.c **** #endif /* CY_PSOC3 */
 131:Generated_Source\PSoC4/cyfitter_cfg.c **** 
 132:Generated_Source\PSoC4/cyfitter_cfg.c ****     /* If we have a clock startup error (bad MHz crystal, PLL lock, etc.),  */
 133:Generated_Source\PSoC4/cyfitter_cfg.c ****     /* we will end up here to allow the customer to implement something to  */
 134:Generated_Source\PSoC4/cyfitter_cfg.c ****     /* deal with the clock condition.                                       */
 135:Generated_Source\PSoC4/cyfitter_cfg.c **** 
 136:Generated_Source\PSoC4/cyfitter_cfg.c **** #ifdef CY_CFG_CLOCK_STARTUP_ERROR_CALLBACK
 137:Generated_Source\PSoC4/cyfitter_cfg.c ****     CY_CFG_Clock_Startup_ErrorCallback();
 138:Generated_Source\PSoC4/cyfitter_cfg.c **** #else
 139:Generated_Source\PSoC4/cyfitter_cfg.c ****     /*  If not using CY_CFG_CLOCK_STARTUP_ERROR_CALLBACK, place your clock startup code here. */
 140:Generated_Source\PSoC4/cyfitter_cfg.c ****     /* `#START CyClockStartupError` */
 141:Generated_Source\PSoC4/cyfitter_cfg.c **** 
 142:Generated_Source\PSoC4/cyfitter_cfg.c ****     /* If we have a clock startup error (bad MHz crystal, PLL lock, etc.),  */
 143:Generated_Source\PSoC4/cyfitter_cfg.c ****     /* we will end up here to allow the customer to implement something to  */
 144:Generated_Source\PSoC4/cyfitter_cfg.c ****     /* deal with the clock condition.                                       */
 145:Generated_Source\PSoC4/cyfitter_cfg.c **** 
 146:Generated_Source\PSoC4/cyfitter_cfg.c ****     /* `#END` */
 147:Generated_Source\PSoC4/cyfitter_cfg.c **** 
 148:Generated_Source\PSoC4/cyfitter_cfg.c ****     while(1) {}
 149:Generated_Source\PSoC4/cyfitter_cfg.c **** #endif /* CY_CFG_CLOCK_STARTUP_ERROR_CALLBACK */
ARM GAS  C:\Users\Jacob\AppData\Local\Temp\ccN4vXYt.s 			page 6


 150:Generated_Source\PSoC4/cyfitter_cfg.c **** }
 151:Generated_Source\PSoC4/cyfitter_cfg.c **** #endif
 152:Generated_Source\PSoC4/cyfitter_cfg.c **** 
 153:Generated_Source\PSoC4/cyfitter_cfg.c **** #define CY_CFG_BASE_ADDR_COUNT 1u
 154:Generated_Source\PSoC4/cyfitter_cfg.c **** CYPACKED typedef struct
 155:Generated_Source\PSoC4/cyfitter_cfg.c **** {
 156:Generated_Source\PSoC4/cyfitter_cfg.c **** 	uint8 offset;
 157:Generated_Source\PSoC4/cyfitter_cfg.c **** 	uint8 value;
 158:Generated_Source\PSoC4/cyfitter_cfg.c **** } CYPACKED_ATTR cy_cfg_addrvalue_t;
 159:Generated_Source\PSoC4/cyfitter_cfg.c **** 
 160:Generated_Source\PSoC4/cyfitter_cfg.c **** 
 161:Generated_Source\PSoC4/cyfitter_cfg.c **** 
 162:Generated_Source\PSoC4/cyfitter_cfg.c **** /*******************************************************************************
 163:Generated_Source\PSoC4/cyfitter_cfg.c **** * Function Name: cfg_write_bytes32
 164:Generated_Source\PSoC4/cyfitter_cfg.c **** ********************************************************************************
 165:Generated_Source\PSoC4/cyfitter_cfg.c **** * Summary:
 166:Generated_Source\PSoC4/cyfitter_cfg.c **** *  This function is used for setting up the chip configuration areas that
 167:Generated_Source\PSoC4/cyfitter_cfg.c **** *  contain relatively sparse data.
 168:Generated_Source\PSoC4/cyfitter_cfg.c **** *
 169:Generated_Source\PSoC4/cyfitter_cfg.c **** * Parameters:
 170:Generated_Source\PSoC4/cyfitter_cfg.c **** *   void
 171:Generated_Source\PSoC4/cyfitter_cfg.c **** *
 172:Generated_Source\PSoC4/cyfitter_cfg.c **** * Return:
 173:Generated_Source\PSoC4/cyfitter_cfg.c **** *   void
 174:Generated_Source\PSoC4/cyfitter_cfg.c **** *
 175:Generated_Source\PSoC4/cyfitter_cfg.c **** *******************************************************************************/
 176:Generated_Source\PSoC4/cyfitter_cfg.c **** static void cfg_write_bytes32(const uint32 addr_table[], const cy_cfg_addrvalue_t data_table[]);
 177:Generated_Source\PSoC4/cyfitter_cfg.c **** static void cfg_write_bytes32(const uint32 addr_table[], const cy_cfg_addrvalue_t data_table[])
 178:Generated_Source\PSoC4/cyfitter_cfg.c **** {
 137              		.loc 1 178 0
 138              		.cfi_startproc
 139              		@ args = 0, pretend = 0, frame = 24
 140              		@ frame_needed = 1, uses_anonymous_args = 0
 141 0000 80B5     		push	{r7, lr}
 142              		.cfi_def_cfa_offset 8
 143              		.cfi_offset 7, -8
 144              		.cfi_offset 14, -4
 145 0002 86B0     		sub	sp, sp, #24
 146              		.cfi_def_cfa_offset 32
 147 0004 00AF     		add	r7, sp, #0
 148              		.cfi_def_cfa_register 7
 149 0006 7860     		str	r0, [r7, #4]
 150 0008 3960     		str	r1, [r7]
 179:Generated_Source\PSoC4/cyfitter_cfg.c **** 	/* For 32-bit little-endian architectures */
 180:Generated_Source\PSoC4/cyfitter_cfg.c **** 	uint32 i, j = 0u;
 151              		.loc 1 180 0
 152 000a 0023     		movs	r3, #0
 153 000c 3B61     		str	r3, [r7, #16]
 181:Generated_Source\PSoC4/cyfitter_cfg.c **** 	for (i = 0u; i < CY_CFG_BASE_ADDR_COUNT; i++)
 154              		.loc 1 181 0
 155 000e 0023     		movs	r3, #0
 156 0010 7B61     		str	r3, [r7, #20]
 157 0012 2FE0     		b	.L5
 158              	.L8:
 159              	.LBB2:
 182:Generated_Source\PSoC4/cyfitter_cfg.c **** 	{
 183:Generated_Source\PSoC4/cyfitter_cfg.c **** 		uint32 baseAddr = addr_table[i];
ARM GAS  C:\Users\Jacob\AppData\Local\Temp\ccN4vXYt.s 			page 7


 160              		.loc 1 183 0
 161 0014 7B69     		ldr	r3, [r7, #20]
 162 0016 9B00     		lsls	r3, r3, #2
 163 0018 7A68     		ldr	r2, [r7, #4]
 164 001a D318     		adds	r3, r2, r3
 165 001c 1B68     		ldr	r3, [r3]
 166 001e BB60     		str	r3, [r7, #8]
 184:Generated_Source\PSoC4/cyfitter_cfg.c **** 		uint8 count = (uint8)baseAddr;
 167              		.loc 1 184 0
 168 0020 0F23     		movs	r3, #15
 169 0022 FB18     		adds	r3, r7, r3
 170 0024 BA68     		ldr	r2, [r7, #8]
 171 0026 1A70     		strb	r2, [r3]
 185:Generated_Source\PSoC4/cyfitter_cfg.c **** 		baseAddr &= 0xFFFFFF00u;
 172              		.loc 1 185 0
 173 0028 BB68     		ldr	r3, [r7, #8]
 174 002a FF22     		movs	r2, #255
 175 002c 9343     		bics	r3, r2
 176 002e BB60     		str	r3, [r7, #8]
 186:Generated_Source\PSoC4/cyfitter_cfg.c **** 		while (count != 0u)
 177              		.loc 1 186 0
 178 0030 18E0     		b	.L6
 179              	.L7:
 187:Generated_Source\PSoC4/cyfitter_cfg.c **** 		{
 188:Generated_Source\PSoC4/cyfitter_cfg.c **** 			CY_SET_REG8((void *)(baseAddr + data_table[j].offset), data_table[j].value);
 180              		.loc 1 188 0
 181 0032 3B69     		ldr	r3, [r7, #16]
 182 0034 5B00     		lsls	r3, r3, #1
 183 0036 3A68     		ldr	r2, [r7]
 184 0038 D318     		adds	r3, r2, r3
 185 003a 1B78     		ldrb	r3, [r3]
 186 003c 1A00     		movs	r2, r3
 187 003e BB68     		ldr	r3, [r7, #8]
 188 0040 D318     		adds	r3, r2, r3
 189 0042 1900     		movs	r1, r3
 190 0044 3B69     		ldr	r3, [r7, #16]
 191 0046 5B00     		lsls	r3, r3, #1
 192 0048 3A68     		ldr	r2, [r7]
 193 004a D318     		adds	r3, r2, r3
 194 004c 5B78     		ldrb	r3, [r3, #1]
 195 004e 0B70     		strb	r3, [r1]
 189:Generated_Source\PSoC4/cyfitter_cfg.c **** 			j++;
 196              		.loc 1 189 0
 197 0050 3B69     		ldr	r3, [r7, #16]
 198 0052 0133     		adds	r3, r3, #1
 199 0054 3B61     		str	r3, [r7, #16]
 190:Generated_Source\PSoC4/cyfitter_cfg.c **** 			count--;
 200              		.loc 1 190 0
 201 0056 0F23     		movs	r3, #15
 202 0058 FB18     		adds	r3, r7, r3
 203 005a 1A78     		ldrb	r2, [r3]
 204 005c 0F23     		movs	r3, #15
 205 005e FB18     		adds	r3, r7, r3
 206 0060 013A     		subs	r2, r2, #1
 207 0062 1A70     		strb	r2, [r3]
 208              	.L6:
 186:Generated_Source\PSoC4/cyfitter_cfg.c **** 		{
ARM GAS  C:\Users\Jacob\AppData\Local\Temp\ccN4vXYt.s 			page 8


 209              		.loc 1 186 0
 210 0064 0F23     		movs	r3, #15
 211 0066 FB18     		adds	r3, r7, r3
 212 0068 1B78     		ldrb	r3, [r3]
 213 006a 002B     		cmp	r3, #0
 214 006c E1D1     		bne	.L7
 215              	.LBE2:
 181:Generated_Source\PSoC4/cyfitter_cfg.c **** 	{
 216              		.loc 1 181 0 discriminator 2
 217 006e 7B69     		ldr	r3, [r7, #20]
 218 0070 0133     		adds	r3, r3, #1
 219 0072 7B61     		str	r3, [r7, #20]
 220              	.L5:
 181:Generated_Source\PSoC4/cyfitter_cfg.c **** 	{
 221              		.loc 1 181 0 is_stmt 0 discriminator 1
 222 0074 7B69     		ldr	r3, [r7, #20]
 223 0076 002B     		cmp	r3, #0
 224 0078 CCD0     		beq	.L8
 191:Generated_Source\PSoC4/cyfitter_cfg.c **** 		}
 192:Generated_Source\PSoC4/cyfitter_cfg.c **** 	}
 193:Generated_Source\PSoC4/cyfitter_cfg.c **** }
 225              		.loc 1 193 0 is_stmt 1
 226 007a C046     		nop
 227 007c BD46     		mov	sp, r7
 228 007e 06B0     		add	sp, sp, #24
 229              		@ sp needed
 230 0080 80BD     		pop	{r7, pc}
 231              		.cfi_endproc
 232              	.LFE5:
 233              		.size	cfg_write_bytes32, .-cfg_write_bytes32
 234 0082 C046     		.section	.psocinit,"ax",%progbits
 235              		.align	2
 236              		.code	16
 237              		.thumb_func
 238              		.type	ClockSetup, %function
 239              	ClockSetup:
 240              	.LFB6:
 194:Generated_Source\PSoC4/cyfitter_cfg.c **** 
 195:Generated_Source\PSoC4/cyfitter_cfg.c **** 
 196:Generated_Source\PSoC4/cyfitter_cfg.c **** /*******************************************************************************
 197:Generated_Source\PSoC4/cyfitter_cfg.c **** * Function Name: ClockSetup
 198:Generated_Source\PSoC4/cyfitter_cfg.c **** ********************************************************************************
 199:Generated_Source\PSoC4/cyfitter_cfg.c **** *
 200:Generated_Source\PSoC4/cyfitter_cfg.c **** * Summary:
 201:Generated_Source\PSoC4/cyfitter_cfg.c **** *   Performs the initialization of all of the clocks in the device based on the
 202:Generated_Source\PSoC4/cyfitter_cfg.c **** *   settings in the Clock tab of the DWR.  This includes enabling the requested
 203:Generated_Source\PSoC4/cyfitter_cfg.c **** *   clocks and setting the necessary dividers to produce the desired frequency. 
 204:Generated_Source\PSoC4/cyfitter_cfg.c **** *
 205:Generated_Source\PSoC4/cyfitter_cfg.c **** * Parameters:
 206:Generated_Source\PSoC4/cyfitter_cfg.c **** *   void
 207:Generated_Source\PSoC4/cyfitter_cfg.c **** *
 208:Generated_Source\PSoC4/cyfitter_cfg.c **** * Return:
 209:Generated_Source\PSoC4/cyfitter_cfg.c **** *   void
 210:Generated_Source\PSoC4/cyfitter_cfg.c **** *
 211:Generated_Source\PSoC4/cyfitter_cfg.c **** *******************************************************************************/
 212:Generated_Source\PSoC4/cyfitter_cfg.c **** static void ClockSetup(void);
 213:Generated_Source\PSoC4/cyfitter_cfg.c **** CY_CFG_SECTION
ARM GAS  C:\Users\Jacob\AppData\Local\Temp\ccN4vXYt.s 			page 9


 214:Generated_Source\PSoC4/cyfitter_cfg.c **** static void ClockSetup(void)
 215:Generated_Source\PSoC4/cyfitter_cfg.c **** {
 241              		.loc 1 215 0
 242              		.cfi_startproc
 243              		@ args = 0, pretend = 0, frame = 0
 244              		@ frame_needed = 1, uses_anonymous_args = 0
 245 0000 80B5     		push	{r7, lr}
 246              		.cfi_def_cfa_offset 8
 247              		.cfi_offset 7, -8
 248              		.cfi_offset 14, -4
 249 0002 00AF     		add	r7, sp, #0
 250              		.cfi_def_cfa_register 7
 216:Generated_Source\PSoC4/cyfitter_cfg.c **** 
 217:Generated_Source\PSoC4/cyfitter_cfg.c **** 	/* Set Flash Cycles based on max possible frequency in case a glitch occurs during ClockSetup(). *
 218:Generated_Source\PSoC4/cyfitter_cfg.c **** 	CY_SET_REG32((void CYXDATA *)(CYREG_CPUSS_FLASH_CTL), (0x0012u));
 251              		.loc 1 218 0
 252 0004 214B     		ldr	r3, .L10
 253 0006 1222     		movs	r2, #18
 254 0008 1A60     		str	r2, [r3]
 219:Generated_Source\PSoC4/cyfitter_cfg.c **** 
 220:Generated_Source\PSoC4/cyfitter_cfg.c **** 	/* Start the WCO */
 221:Generated_Source\PSoC4/cyfitter_cfg.c **** 	CySysClkWcoStart();
 255              		.loc 1 221 0
 256 000a FFF7FEFF 		bl	CySysClkWcoStart
 222:Generated_Source\PSoC4/cyfitter_cfg.c **** 	(void)CySysClkWcoSetPowerMode(CY_SYS_CLK_WCO_LPM);    /* Switch to the low power mode */
 257              		.loc 1 222 0
 258 000e 0120     		movs	r0, #1
 259 0010 FFF7FEFF 		bl	CySysClkWcoSetPowerMode
 223:Generated_Source\PSoC4/cyfitter_cfg.c **** 
 224:Generated_Source\PSoC4/cyfitter_cfg.c **** 	/* Setup and trim IMO based on desired frequency. */
 225:Generated_Source\PSoC4/cyfitter_cfg.c **** 	CySysClkWriteImoFreq(24u);
 260              		.loc 1 225 0
 261 0014 1820     		movs	r0, #24
 262 0016 FFF7FEFF 		bl	CySysClkWriteImoFreq
 226:Generated_Source\PSoC4/cyfitter_cfg.c **** 	/* CYDEV_CLK_ILO_CONFIG Starting address: CYDEV_CLK_ILO_CONFIG */
 227:Generated_Source\PSoC4/cyfitter_cfg.c **** 	CY_SET_REG32((void *)(CYREG_CLK_ILO_CONFIG), 0x80000006u);
 263              		.loc 1 227 0
 264 001a 1D4B     		ldr	r3, .L10+4
 265 001c 1D4A     		ldr	r2, .L10+8
 266 001e 1A60     		str	r2, [r3]
 228:Generated_Source\PSoC4/cyfitter_cfg.c **** 
 229:Generated_Source\PSoC4/cyfitter_cfg.c **** 
 230:Generated_Source\PSoC4/cyfitter_cfg.c **** 	/* Enable fast start mode for XO */
 231:Generated_Source\PSoC4/cyfitter_cfg.c **** 	CY_SET_REG32((void*)CYREG_BLE_BLERD_BB_XO, CY_GET_REG32((void*)CYREG_BLE_BLERD_BB_XO) | (uint32)0x
 267              		.loc 1 231 0
 268 0020 1D4B     		ldr	r3, .L10+12
 269 0022 1D4A     		ldr	r2, .L10+12
 270 0024 1268     		ldr	r2, [r2]
 271 0026 0221     		movs	r1, #2
 272 0028 0A43     		orrs	r2, r1
 273 002a 1A60     		str	r2, [r3]
 232:Generated_Source\PSoC4/cyfitter_cfg.c **** 	CY_SET_REG32((void *)(CYREG_BLE_BLERD_BB_XO_CAPTRIM), 0x00003E2Du);
 274              		.loc 1 232 0
 275 002c 1B4B     		ldr	r3, .L10+16
 276 002e 1C4A     		ldr	r2, .L10+20
 277 0030 1A60     		str	r2, [r3]
 233:Generated_Source\PSoC4/cyfitter_cfg.c **** 	/*Set XTAL(ECO) divider*/
ARM GAS  C:\Users\Jacob\AppData\Local\Temp\ccN4vXYt.s 			page 10


 234:Generated_Source\PSoC4/cyfitter_cfg.c **** 	CY_SET_REG32((void *)(CYREG_BLE_BLESS_XTAL_CLK_DIV_CONFIG), 0x00000000u);
 278              		.loc 1 234 0
 279 0032 1C4B     		ldr	r3, .L10+24
 280 0034 0022     		movs	r2, #0
 281 0036 1A60     		str	r2, [r3]
 235:Generated_Source\PSoC4/cyfitter_cfg.c **** 	/* Disable Crystal Stable Interrupt before enabling ECO */
 236:Generated_Source\PSoC4/cyfitter_cfg.c **** 	CY_SET_REG32((void*)CYREG_BLE_BLESS_LL_DSM_CTRL, CY_GET_REG32((void*)CYREG_BLE_BLESS_LL_DSM_CTRL) 
 282              		.loc 1 236 0
 283 0038 1B4B     		ldr	r3, .L10+28
 284 003a 1B4A     		ldr	r2, .L10+28
 285 003c 1268     		ldr	r2, [r2]
 286 003e 0821     		movs	r1, #8
 287 0040 8A43     		bics	r2, r1
 288 0042 1A60     		str	r2, [r3]
 237:Generated_Source\PSoC4/cyfitter_cfg.c **** 	/* Start the ECO and do not check status since it is not needed for HFCLK */
 238:Generated_Source\PSoC4/cyfitter_cfg.c **** 	(void)CySysClkEcoStart(2000u);
 289              		.loc 1 238 0
 290 0044 FA23     		movs	r3, #250
 291 0046 DB00     		lsls	r3, r3, #3
 292 0048 1800     		movs	r0, r3
 293 004a FFF7FEFF 		bl	CySysClkEcoStart
 239:Generated_Source\PSoC4/cyfitter_cfg.c **** 	CyDelayUs(1500u); /* Wait to stabilize */
 294              		.loc 1 239 0
 295 004e 174B     		ldr	r3, .L10+32
 296 0050 1800     		movs	r0, r3
 297 0052 FFF7FEFF 		bl	CyDelayUs
 240:Generated_Source\PSoC4/cyfitter_cfg.c **** 
 241:Generated_Source\PSoC4/cyfitter_cfg.c **** 	/* Setup phase aligned clocks */
 242:Generated_Source\PSoC4/cyfitter_cfg.c **** 	CY_SET_REG32((void *)CYREG_PERI_DIV_16_CTL0, 0x00000100u);
 298              		.loc 1 242 0
 299 0056 164B     		ldr	r3, .L10+36
 300 0058 8022     		movs	r2, #128
 301 005a 5200     		lsls	r2, r2, #1
 302 005c 1A60     		str	r2, [r3]
 243:Generated_Source\PSoC4/cyfitter_cfg.c **** 	CY_SET_REG32((void *)CYREG_PERI_DIV_CMD, 0x8000FF40u);
 303              		.loc 1 243 0
 304 005e 154B     		ldr	r3, .L10+40
 305 0060 154A     		ldr	r2, .L10+44
 306 0062 1A60     		str	r2, [r3]
 244:Generated_Source\PSoC4/cyfitter_cfg.c **** 
 245:Generated_Source\PSoC4/cyfitter_cfg.c **** 	/* CYDEV_CLK_IMO_CONFIG Starting address: CYDEV_CLK_IMO_CONFIG */
 246:Generated_Source\PSoC4/cyfitter_cfg.c **** 	CY_SET_REG32((void *)(CYREG_CLK_IMO_CONFIG), 0x80000000u);
 307              		.loc 1 246 0
 308 0064 154B     		ldr	r3, .L10+48
 309 0066 8022     		movs	r2, #128
 310 0068 1206     		lsls	r2, r2, #24
 311 006a 1A60     		str	r2, [r3]
 247:Generated_Source\PSoC4/cyfitter_cfg.c **** 
 248:Generated_Source\PSoC4/cyfitter_cfg.c **** 	/* CYDEV_CLK_SELECT Starting address: CYDEV_CLK_SELECT */
 249:Generated_Source\PSoC4/cyfitter_cfg.c **** 	CY_SET_REG32((void *)(CYREG_CLK_SELECT), 0x00000000u);
 312              		.loc 1 249 0
 313 006c 144B     		ldr	r3, .L10+52
 314 006e 0022     		movs	r2, #0
 315 0070 1A60     		str	r2, [r3]
 250:Generated_Source\PSoC4/cyfitter_cfg.c **** 
 251:Generated_Source\PSoC4/cyfitter_cfg.c **** 	/* CYDEV_PERI_PCLK_CTL7 Starting address: CYDEV_PERI_PCLK_CTL7 */
 252:Generated_Source\PSoC4/cyfitter_cfg.c **** 	CY_SET_REG32((void *)(CYREG_PERI_PCLK_CTL7), 0x00000040u);
ARM GAS  C:\Users\Jacob\AppData\Local\Temp\ccN4vXYt.s 			page 11


 316              		.loc 1 252 0
 317 0072 144B     		ldr	r3, .L10+56
 318 0074 4022     		movs	r2, #64
 319 0076 1A60     		str	r2, [r3]
 253:Generated_Source\PSoC4/cyfitter_cfg.c **** 
 254:Generated_Source\PSoC4/cyfitter_cfg.c **** 	CY_SET_REG32((void *)(CYREG_WDT_CONFIG), 0x00000000u);
 320              		.loc 1 254 0
 321 0078 134B     		ldr	r3, .L10+60
 322 007a 0022     		movs	r2, #0
 323 007c 1A60     		str	r2, [r3]
 255:Generated_Source\PSoC4/cyfitter_cfg.c **** 	/* Set Flash Cycles based on newly configured 24.00MHz HFCLK. */
 256:Generated_Source\PSoC4/cyfitter_cfg.c **** 	CY_SET_REG32((void CYXDATA *)(CYREG_CPUSS_FLASH_CTL), (0x0011u));
 324              		.loc 1 256 0
 325 007e 034B     		ldr	r3, .L10
 326 0080 1122     		movs	r2, #17
 327 0082 1A60     		str	r2, [r3]
 257:Generated_Source\PSoC4/cyfitter_cfg.c **** }
 328              		.loc 1 257 0
 329 0084 C046     		nop
 330 0086 BD46     		mov	sp, r7
 331              		@ sp needed
 332 0088 80BD     		pop	{r7, pc}
 333              	.L11:
 334 008a C046     		.align	2
 335              	.L10:
 336 008c 30001040 		.word	1074790448
 337 0090 04010B40 		.word	1074462980
 338 0094 06000080 		.word	-2147483642
 339 0098 78002E40 		.word	1076756600
 340 009c 7C002E40 		.word	1076756604
 341 00a0 2D3E0000 		.word	15917
 342 00a4 64F02E40 		.word	1076818020
 343 00a8 6CF02E40 		.word	1076818028
 344 00ac DC050000 		.word	1500
 345 00b0 00030140 		.word	1073808128
 346 00b4 00000140 		.word	1073807360
 347 00b8 40FF0080 		.word	-2147418304
 348 00bc 08010B40 		.word	1074462984
 349 00c0 00010B40 		.word	1074462976
 350 00c4 1C010140 		.word	1073807644
 351 00c8 0C020B40 		.word	1074463244
 352              		.cfi_endproc
 353              	.LFE6:
 354              		.size	ClockSetup, .-ClockSetup
 355              		.section	.text.AnalogSetDefault,"ax",%progbits
 356              		.align	2
 357              		.code	16
 358              		.thumb_func
 359              		.type	AnalogSetDefault, %function
 360              	AnalogSetDefault:
 361              	.LFB7:
 258:Generated_Source\PSoC4/cyfitter_cfg.c **** 
 259:Generated_Source\PSoC4/cyfitter_cfg.c **** 
 260:Generated_Source\PSoC4/cyfitter_cfg.c **** /* Analog API Functions */
 261:Generated_Source\PSoC4/cyfitter_cfg.c **** 
 262:Generated_Source\PSoC4/cyfitter_cfg.c **** 
 263:Generated_Source\PSoC4/cyfitter_cfg.c **** /*******************************************************************************
ARM GAS  C:\Users\Jacob\AppData\Local\Temp\ccN4vXYt.s 			page 12


 264:Generated_Source\PSoC4/cyfitter_cfg.c **** * Function Name: AnalogSetDefault
 265:Generated_Source\PSoC4/cyfitter_cfg.c **** ********************************************************************************
 266:Generated_Source\PSoC4/cyfitter_cfg.c **** *
 267:Generated_Source\PSoC4/cyfitter_cfg.c **** * Summary:
 268:Generated_Source\PSoC4/cyfitter_cfg.c **** *  Sets up the analog portions of the chip to default values based on chip
 269:Generated_Source\PSoC4/cyfitter_cfg.c **** *  configuration options from the project.
 270:Generated_Source\PSoC4/cyfitter_cfg.c **** *
 271:Generated_Source\PSoC4/cyfitter_cfg.c **** * Parameters:
 272:Generated_Source\PSoC4/cyfitter_cfg.c **** *  void
 273:Generated_Source\PSoC4/cyfitter_cfg.c **** *
 274:Generated_Source\PSoC4/cyfitter_cfg.c **** * Return:
 275:Generated_Source\PSoC4/cyfitter_cfg.c **** *  void
 276:Generated_Source\PSoC4/cyfitter_cfg.c **** *
 277:Generated_Source\PSoC4/cyfitter_cfg.c **** *******************************************************************************/
 278:Generated_Source\PSoC4/cyfitter_cfg.c **** static void AnalogSetDefault(void);
 279:Generated_Source\PSoC4/cyfitter_cfg.c **** static void AnalogSetDefault(void)
 280:Generated_Source\PSoC4/cyfitter_cfg.c **** {
 362              		.loc 1 280 0
 363              		.cfi_startproc
 364              		@ args = 0, pretend = 0, frame = 0
 365              		@ frame_needed = 1, uses_anonymous_args = 0
 366 0000 80B5     		push	{r7, lr}
 367              		.cfi_def_cfa_offset 8
 368              		.cfi_offset 7, -8
 369              		.cfi_offset 14, -4
 370 0002 00AF     		add	r7, sp, #0
 371              		.cfi_def_cfa_register 7
 281:Generated_Source\PSoC4/cyfitter_cfg.c **** 	CY_SET_XTND_REG32((void CYFAR *)CYREG_CTBM0_DFT_CTRL, 0x00000003u);
 372              		.loc 1 281 0
 373 0004 054B     		ldr	r3, .L13
 374 0006 0322     		movs	r2, #3
 375 0008 1A60     		str	r2, [r3]
 282:Generated_Source\PSoC4/cyfitter_cfg.c **** 	CY_SET_XTND_REG32((void CYFAR *)CYREG_CTBM1_DFT_CTRL, 0x00000003u);
 376              		.loc 1 282 0
 377 000a 054B     		ldr	r3, .L13+4
 378 000c 0322     		movs	r2, #3
 379 000e 1A60     		str	r2, [r3]
 283:Generated_Source\PSoC4/cyfitter_cfg.c **** 	CY_SET_XTND_REG32((void CYFAR *)CYREG_PASS_DSAB_DSAB_CTRL, 0x00000000u);
 380              		.loc 1 283 0
 381 0010 044B     		ldr	r3, .L13+8
 382 0012 0022     		movs	r2, #0
 383 0014 1A60     		str	r2, [r3]
 284:Generated_Source\PSoC4/cyfitter_cfg.c **** }
 384              		.loc 1 284 0
 385 0016 C046     		nop
 386 0018 BD46     		mov	sp, r7
 387              		@ sp needed
 388 001a 80BD     		pop	{r7, pc}
 389              	.L14:
 390              		.align	2
 391              	.L13:
 392 001c 30003040 		.word	1076887600
 393 0020 30003140 		.word	1076953136
 394 0024 000E3F40 		.word	1077874176
 395              		.cfi_endproc
 396              	.LFE7:
 397              		.size	AnalogSetDefault, .-AnalogSetDefault
ARM GAS  C:\Users\Jacob\AppData\Local\Temp\ccN4vXYt.s 			page 13


 398              		.section	.psocinit
 399              		.align	2
 400              		.global	cyfitter_cfg
 401              		.code	16
 402              		.thumb_func
 403              		.type	cyfitter_cfg, %function
 404              	cyfitter_cfg:
 405              	.LFB8:
 285:Generated_Source\PSoC4/cyfitter_cfg.c **** 
 286:Generated_Source\PSoC4/cyfitter_cfg.c **** 
 287:Generated_Source\PSoC4/cyfitter_cfg.c **** 
 288:Generated_Source\PSoC4/cyfitter_cfg.c **** 
 289:Generated_Source\PSoC4/cyfitter_cfg.c **** /*******************************************************************************
 290:Generated_Source\PSoC4/cyfitter_cfg.c **** * Function Name: cyfitter_cfg
 291:Generated_Source\PSoC4/cyfitter_cfg.c **** ********************************************************************************
 292:Generated_Source\PSoC4/cyfitter_cfg.c **** * Summary:
 293:Generated_Source\PSoC4/cyfitter_cfg.c **** *  This function is called by the start-up code for the selected device. It
 294:Generated_Source\PSoC4/cyfitter_cfg.c **** *  performs all of the necessary device configuration based on the design
 295:Generated_Source\PSoC4/cyfitter_cfg.c **** *  settings.  This includes settings from the Design Wide Resources (DWR) such
 296:Generated_Source\PSoC4/cyfitter_cfg.c **** *  as Clocks and Pins as well as any component configuration that is necessary.
 297:Generated_Source\PSoC4/cyfitter_cfg.c **** *
 298:Generated_Source\PSoC4/cyfitter_cfg.c **** * Parameters:
 299:Generated_Source\PSoC4/cyfitter_cfg.c **** *   void
 300:Generated_Source\PSoC4/cyfitter_cfg.c **** *
 301:Generated_Source\PSoC4/cyfitter_cfg.c **** * Return:
 302:Generated_Source\PSoC4/cyfitter_cfg.c **** *   void
 303:Generated_Source\PSoC4/cyfitter_cfg.c **** *
 304:Generated_Source\PSoC4/cyfitter_cfg.c **** *******************************************************************************/
 305:Generated_Source\PSoC4/cyfitter_cfg.c **** CY_CFG_SECTION
 306:Generated_Source\PSoC4/cyfitter_cfg.c **** void cyfitter_cfg(void)
 307:Generated_Source\PSoC4/cyfitter_cfg.c **** {
 406              		.loc 1 307 0
 407              		.cfi_startproc
 408              		@ args = 0, pretend = 0, frame = 8
 409              		@ frame_needed = 1, uses_anonymous_args = 0
 410 00cc 80B5     		push	{r7, lr}
 411              		.cfi_def_cfa_offset 8
 412              		.cfi_offset 7, -8
 413              		.cfi_offset 14, -4
 414 00ce 82B0     		sub	sp, sp, #8
 415              		.cfi_def_cfa_offset 16
 416 00d0 00AF     		add	r7, sp, #0
 417              		.cfi_def_cfa_register 7
 308:Generated_Source\PSoC4/cyfitter_cfg.c **** 	/* Disable interrupts by default. Let user enable if/when they want. */
 309:Generated_Source\PSoC4/cyfitter_cfg.c **** 	CyGlobalIntDisable;
 418              		.loc 1 309 0
 419              		.syntax divided
 420              	@ 309 "Generated_Source\PSoC4\cyfitter_cfg.c" 1
 421 00d2 72B6     		CPSID   i
 422              	@ 0 "" 2
 310:Generated_Source\PSoC4/cyfitter_cfg.c **** 
 311:Generated_Source\PSoC4/cyfitter_cfg.c **** 	CY_SET_REG32((void *)(CYREG_BLE_BLESS_LL_DSM_CTRL), 0x00000000u);
 423              		.loc 1 311 0
 424              		.thumb
 425              		.syntax unified
 426 00d4 314B     		ldr	r3, .L18
 427 00d6 0022     		movs	r2, #0
ARM GAS  C:\Users\Jacob\AppData\Local\Temp\ccN4vXYt.s 			page 14


 428 00d8 1A60     		str	r2, [r3]
 429              	.LBB3:
 312:Generated_Source\PSoC4/cyfitter_cfg.c **** 
 313:Generated_Source\PSoC4/cyfitter_cfg.c **** 	{
 314:Generated_Source\PSoC4/cyfitter_cfg.c **** 		static const uint32 CYCODE cy_cfg_addr_table[] = {
 315:Generated_Source\PSoC4/cyfitter_cfg.c **** 			0x400F4204u, /* Base address: 0x400F4200 Count: 4 */
 316:Generated_Source\PSoC4/cyfitter_cfg.c **** 		};
 317:Generated_Source\PSoC4/cyfitter_cfg.c **** 
 318:Generated_Source\PSoC4/cyfitter_cfg.c **** 		static const cy_cfg_addrvalue_t CYCODE cy_cfg_data_table[] = {
 319:Generated_Source\PSoC4/cyfitter_cfg.c **** 			{0x11u, 0x01u},
 320:Generated_Source\PSoC4/cyfitter_cfg.c **** 			{0x5Du, 0x01u},
 321:Generated_Source\PSoC4/cyfitter_cfg.c **** 			{0xC4u, 0x08u},
 322:Generated_Source\PSoC4/cyfitter_cfg.c **** 			{0xD6u, 0x01u},
 323:Generated_Source\PSoC4/cyfitter_cfg.c **** 		};
 324:Generated_Source\PSoC4/cyfitter_cfg.c **** 
 325:Generated_Source\PSoC4/cyfitter_cfg.c **** 
 326:Generated_Source\PSoC4/cyfitter_cfg.c **** 
 327:Generated_Source\PSoC4/cyfitter_cfg.c **** 		CYPACKED typedef struct {
 328:Generated_Source\PSoC4/cyfitter_cfg.c **** 			void CYFAR *address;
 329:Generated_Source\PSoC4/cyfitter_cfg.c **** 			uint16 size;
 330:Generated_Source\PSoC4/cyfitter_cfg.c **** 		} CYPACKED_ATTR cfg_memset_t;
 331:Generated_Source\PSoC4/cyfitter_cfg.c **** 
 332:Generated_Source\PSoC4/cyfitter_cfg.c **** 		static const cfg_memset_t CYCODE cfg_memset_list[] = {
 333:Generated_Source\PSoC4/cyfitter_cfg.c **** 			/* address, size */
 334:Generated_Source\PSoC4/cyfitter_cfg.c **** 			{(void CYFAR *)(CYDEV_UDB_P0_U0_BASE), 1024u},
 335:Generated_Source\PSoC4/cyfitter_cfg.c **** 			{(void CYFAR *)(CYDEV_UDB_DSI0_BASE), 1024u},
 336:Generated_Source\PSoC4/cyfitter_cfg.c **** 		};
 337:Generated_Source\PSoC4/cyfitter_cfg.c **** 
 338:Generated_Source\PSoC4/cyfitter_cfg.c **** 		uint8 CYDATA i;
 339:Generated_Source\PSoC4/cyfitter_cfg.c **** 
 340:Generated_Source\PSoC4/cyfitter_cfg.c **** 		/* Zero out critical memory blocks before beginning configuration */
 341:Generated_Source\PSoC4/cyfitter_cfg.c **** 		for (i = 0u; i < (sizeof(cfg_memset_list)/sizeof(cfg_memset_list[0])); i++)
 430              		.loc 1 341 0
 431 00da FB1D     		adds	r3, r7, #7
 432 00dc 0022     		movs	r2, #0
 433 00de 1A70     		strb	r2, [r3]
 434 00e0 22E0     		b	.L16
 435              	.L17:
 436              	.LBB4:
 342:Generated_Source\PSoC4/cyfitter_cfg.c **** 		{
 343:Generated_Source\PSoC4/cyfitter_cfg.c **** 			const cfg_memset_t CYCODE * CYDATA ms = &cfg_memset_list[i];
 437              		.loc 1 343 0 discriminator 3
 438 00e2 FB1D     		adds	r3, r7, #7
 439 00e4 1A78     		ldrb	r2, [r3]
 440 00e6 1300     		movs	r3, r2
 441 00e8 5B00     		lsls	r3, r3, #1
 442 00ea 9B18     		adds	r3, r3, r2
 443 00ec 5B00     		lsls	r3, r3, #1
 444 00ee 2C4A     		ldr	r2, .L18+4
 445 00f0 9B18     		adds	r3, r3, r2
 446 00f2 3B60     		str	r3, [r7]
 344:Generated_Source\PSoC4/cyfitter_cfg.c **** 			CYMEMZERO(ms->address, (size_t)(uint32)(ms->size));
 447              		.loc 1 344 0 discriminator 3
 448 00f4 3B68     		ldr	r3, [r7]
 449 00f6 1A78     		ldrb	r2, [r3]
 450 00f8 5978     		ldrb	r1, [r3, #1]
 451 00fa 0902     		lsls	r1, r1, #8
ARM GAS  C:\Users\Jacob\AppData\Local\Temp\ccN4vXYt.s 			page 15


 452 00fc 0A43     		orrs	r2, r1
 453 00fe 9978     		ldrb	r1, [r3, #2]
 454 0100 0904     		lsls	r1, r1, #16
 455 0102 0A43     		orrs	r2, r1
 456 0104 DB78     		ldrb	r3, [r3, #3]
 457 0106 1B06     		lsls	r3, r3, #24
 458 0108 1343     		orrs	r3, r2
 459 010a 1800     		movs	r0, r3
 460 010c 3B68     		ldr	r3, [r7]
 461 010e 1A79     		ldrb	r2, [r3, #4]
 462 0110 5B79     		ldrb	r3, [r3, #5]
 463 0112 1B02     		lsls	r3, r3, #8
 464 0114 1343     		orrs	r3, r2
 465 0116 9BB2     		uxth	r3, r3
 466 0118 1900     		movs	r1, r3
 467 011a FFF7FEFF 		bl	CYMEMZERO
 468              	.LBE4:
 341:Generated_Source\PSoC4/cyfitter_cfg.c **** 		{
 469              		.loc 1 341 0 discriminator 3
 470 011e FB1D     		adds	r3, r7, #7
 471 0120 1A78     		ldrb	r2, [r3]
 472 0122 FB1D     		adds	r3, r7, #7
 473 0124 0132     		adds	r2, r2, #1
 474 0126 1A70     		strb	r2, [r3]
 475              	.L16:
 341:Generated_Source\PSoC4/cyfitter_cfg.c **** 		{
 476              		.loc 1 341 0 is_stmt 0 discriminator 1
 477 0128 FB1D     		adds	r3, r7, #7
 478 012a 1B78     		ldrb	r3, [r3]
 479 012c 012B     		cmp	r3, #1
 480 012e D8D9     		bls	.L17
 345:Generated_Source\PSoC4/cyfitter_cfg.c **** 		}
 346:Generated_Source\PSoC4/cyfitter_cfg.c **** 
 347:Generated_Source\PSoC4/cyfitter_cfg.c **** 		cfg_write_bytes32(cy_cfg_addr_table, cy_cfg_data_table);
 481              		.loc 1 347 0 is_stmt 1
 482 0130 1C4A     		ldr	r2, .L18+8
 483 0132 1D4B     		ldr	r3, .L18+12
 484 0134 1100     		movs	r1, r2
 485 0136 1800     		movs	r0, r3
 486 0138 FFF7FEFF 		bl	cfg_write_bytes32
 348:Generated_Source\PSoC4/cyfitter_cfg.c **** 
 349:Generated_Source\PSoC4/cyfitter_cfg.c **** 		/* HSIOM Starting address: CYDEV_HSIOM_BASE */
 350:Generated_Source\PSoC4/cyfitter_cfg.c **** 		CY_SET_REG32((void *)(CYDEV_HSIOM_BASE), 0xEE000000u);
 487              		.loc 1 350 0
 488 013c 1B4B     		ldr	r3, .L18+16
 489 013e EE22     		movs	r2, #238
 490 0140 1206     		lsls	r2, r2, #24
 491 0142 1A60     		str	r2, [r3]
 351:Generated_Source\PSoC4/cyfitter_cfg.c **** 		CY_SET_REG32((void *)(CYREG_HSIOM_PORT_SEL2), 0x03000000u);
 492              		.loc 1 351 0
 493 0144 1A4B     		ldr	r3, .L18+20
 494 0146 C022     		movs	r2, #192
 495 0148 9204     		lsls	r2, r2, #18
 496 014a 1A60     		str	r2, [r3]
 352:Generated_Source\PSoC4/cyfitter_cfg.c **** 
 353:Generated_Source\PSoC4/cyfitter_cfg.c **** 		/* UDB_PA_0 Starting address: CYDEV_UDB_PA0_BASE */
 354:Generated_Source\PSoC4/cyfitter_cfg.c **** 		CY_SET_REG32((void *)(CYDEV_UDB_PA0_BASE), 0x00990000u);
ARM GAS  C:\Users\Jacob\AppData\Local\Temp\ccN4vXYt.s 			page 16


 497              		.loc 1 354 0
 498 014c 194B     		ldr	r3, .L18+24
 499 014e 9922     		movs	r2, #153
 500 0150 1204     		lsls	r2, r2, #16
 501 0152 1A60     		str	r2, [r3]
 355:Generated_Source\PSoC4/cyfitter_cfg.c **** 
 356:Generated_Source\PSoC4/cyfitter_cfg.c **** 		/* UDB_PA_2 Starting address: CYDEV_UDB_PA2_BASE */
 357:Generated_Source\PSoC4/cyfitter_cfg.c **** 		CY_SET_REG32((void *)(CYDEV_UDB_PA2_BASE), 0x00990000u);
 502              		.loc 1 357 0
 503 0154 184B     		ldr	r3, .L18+28
 504 0156 9922     		movs	r2, #153
 505 0158 1204     		lsls	r2, r2, #16
 506 015a 1A60     		str	r2, [r3]
 358:Generated_Source\PSoC4/cyfitter_cfg.c **** 		CY_SET_REG32((void *)(CYREG_UDB_PA2_CFG8), 0x10000000u);
 507              		.loc 1 358 0
 508 015c 174B     		ldr	r3, .L18+32
 509 015e 8022     		movs	r2, #128
 510 0160 5205     		lsls	r2, r2, #21
 511 0162 1A60     		str	r2, [r3]
 359:Generated_Source\PSoC4/cyfitter_cfg.c **** 
 360:Generated_Source\PSoC4/cyfitter_cfg.c **** 		/* Enable digital routing */
 361:Generated_Source\PSoC4/cyfitter_cfg.c **** 		CY_SET_XTND_REG8((void *)CYREG_UDB_UDBIF_BANK_CTL, (uint8)(CY_GET_XTND_REG8((void *)CYREG_UDB_UDB
 512              		.loc 1 361 0
 513 0164 164A     		ldr	r2, .L18+36
 514 0166 164B     		ldr	r3, .L18+36
 515 0168 1B78     		ldrb	r3, [r3]
 516 016a DBB2     		uxtb	r3, r3
 517 016c 0621     		movs	r1, #6
 518 016e 0B43     		orrs	r3, r1
 519 0170 DBB2     		uxtb	r3, r3
 520 0172 1370     		strb	r3, [r2]
 521              	.LBE3:
 362:Generated_Source\PSoC4/cyfitter_cfg.c **** 	}
 363:Generated_Source\PSoC4/cyfitter_cfg.c **** 
 364:Generated_Source\PSoC4/cyfitter_cfg.c **** 	/* Perform second pass device configuration. These items must be configured in specific order afte
 365:Generated_Source\PSoC4/cyfitter_cfg.c **** 	/* IOPINS0_0 Starting address: CYDEV_GPIO_PRT0_BASE */
 366:Generated_Source\PSoC4/cyfitter_cfg.c **** 	CY_SET_REG32((void *)(CYREG_GPIO_PRT0_PC), 0x00D80000u);
 522              		.loc 1 366 0
 523 0174 134B     		ldr	r3, .L18+40
 524 0176 D822     		movs	r2, #216
 525 0178 1204     		lsls	r2, r2, #16
 526 017a 1A60     		str	r2, [r3]
 367:Generated_Source\PSoC4/cyfitter_cfg.c **** 
 368:Generated_Source\PSoC4/cyfitter_cfg.c **** 	/* IOPINS0_2 Starting address: CYDEV_GPIO_PRT2_BASE */
 369:Generated_Source\PSoC4/cyfitter_cfg.c **** 	CY_SET_REG32((void *)(CYDEV_GPIO_PRT2_BASE), 0x00000040u);
 527              		.loc 1 369 0
 528 017c 124B     		ldr	r3, .L18+44
 529 017e 4022     		movs	r2, #64
 530 0180 1A60     		str	r2, [r3]
 370:Generated_Source\PSoC4/cyfitter_cfg.c **** 	CY_SET_REG32((void *)(CYREG_GPIO_PRT2_PC), 0x00180000u);
 531              		.loc 1 370 0
 532 0182 124B     		ldr	r3, .L18+48
 533 0184 C022     		movs	r2, #192
 534 0186 5203     		lsls	r2, r2, #13
 535 0188 1A60     		str	r2, [r3]
 371:Generated_Source\PSoC4/cyfitter_cfg.c **** 
 372:Generated_Source\PSoC4/cyfitter_cfg.c **** 
ARM GAS  C:\Users\Jacob\AppData\Local\Temp\ccN4vXYt.s 			page 17


 373:Generated_Source\PSoC4/cyfitter_cfg.c **** 	/* Setup clocks based on selections from Clock DWR */
 374:Generated_Source\PSoC4/cyfitter_cfg.c **** 	ClockSetup();
 536              		.loc 1 374 0
 537 018a FFF739FF 		bl	ClockSetup
 375:Generated_Source\PSoC4/cyfitter_cfg.c **** 
 376:Generated_Source\PSoC4/cyfitter_cfg.c **** 	/* Perform basic analog initialization to defaults */
 377:Generated_Source\PSoC4/cyfitter_cfg.c **** 	AnalogSetDefault();
 538              		.loc 1 377 0
 539 018e FFF7FEFF 		bl	AnalogSetDefault
 378:Generated_Source\PSoC4/cyfitter_cfg.c **** 
 379:Generated_Source\PSoC4/cyfitter_cfg.c **** }
 540              		.loc 1 379 0
 541 0192 C046     		nop
 542 0194 BD46     		mov	sp, r7
 543 0196 02B0     		add	sp, sp, #8
 544              		@ sp needed
 545 0198 80BD     		pop	{r7, pc}
 546              	.L19:
 547 019a C046     		.align	2
 548              	.L18:
 549 019c 6CF02E40 		.word	1076818028
 550 01a0 00000000 		.word	cfg_memset_list.4916
 551 01a4 10000000 		.word	cy_cfg_data_table.4911
 552 01a8 0C000000 		.word	cy_cfg_addr_table.4910
 553 01ac 00000240 		.word	1073872896
 554 01b0 00020240 		.word	1073873408
 555 01b4 00500F40 		.word	1074745344
 556 01b8 20500F40 		.word	1074745376
 557 01bc 28500F40 		.word	1074745384
 558 01c0 00700F40 		.word	1074753536
 559 01c4 08000440 		.word	1074003976
 560 01c8 00020440 		.word	1074004480
 561 01cc 08020440 		.word	1074004488
 562              		.cfi_endproc
 563              	.LFE8:
 564              		.size	cyfitter_cfg, .-cyfitter_cfg
 565              		.section	.rodata
 566              		.align	2
 567              		.type	cfg_memset_list.4916, %object
 568              		.size	cfg_memset_list.4916, 12
 569              	cfg_memset_list.4916:
 570 0000 00300F40 		.word	1074737152
 571 0004 0004     		.short	1024
 572 0006 00400F40 		.4byte	1074741248
 573 000a 0004     		.short	1024
 574              		.align	2
 575              		.type	cy_cfg_addr_table.4910, %object
 576              		.size	cy_cfg_addr_table.4910, 4
 577              	cy_cfg_addr_table.4910:
 578 000c 04420F40 		.word	1074741764
 579              		.align	2
 580              		.type	cy_cfg_data_table.4911, %object
 581              		.size	cy_cfg_data_table.4911, 8
 582              	cy_cfg_data_table.4911:
 583 0010 11       		.byte	17
 584 0011 01       		.byte	1
 585 0012 5D       		.byte	93
ARM GAS  C:\Users\Jacob\AppData\Local\Temp\ccN4vXYt.s 			page 18


 586 0013 01       		.byte	1
 587 0014 C4       		.byte	-60
 588 0015 08       		.byte	8
 589 0016 D6       		.byte	-42
 590 0017 01       		.byte	1
 591              		.text
 592              	.Letext0:
 593              		.file 2 "c:\\program files (x86)\\cypress\\psoc creator\\4.1\\psoc creator\\import\\gnu\\arm\\5.4.
 594              		.file 3 "Generated_Source\\PSoC4\\cytypes.h"
 595              		.section	.debug_info,"",%progbits
 596              	.Ldebug_info0:
 597 0000 5A030000 		.4byte	0x35a
 598 0004 0400     		.2byte	0x4
 599 0006 00000000 		.4byte	.Ldebug_abbrev0
 600 000a 04       		.byte	0x4
 601 000b 01       		.uleb128 0x1
 602 000c A0000000 		.4byte	.LASF40
 603 0010 0C       		.byte	0xc
 604 0011 92020000 		.4byte	.LASF41
 605 0015 1B020000 		.4byte	.LASF42
 606 0019 00000000 		.4byte	.Ldebug_ranges0+0
 607 001d 00000000 		.4byte	0
 608 0021 00000000 		.4byte	.Ldebug_line0
 609 0025 02       		.uleb128 0x2
 610 0026 04       		.byte	0x4
 611 0027 05       		.byte	0x5
 612 0028 696E7400 		.ascii	"int\000"
 613 002c 03       		.uleb128 0x3
 614 002d 06000000 		.4byte	.LASF12
 615 0031 02       		.byte	0x2
 616 0032 D8       		.byte	0xd8
 617 0033 37000000 		.4byte	0x37
 618 0037 04       		.uleb128 0x4
 619 0038 04       		.byte	0x4
 620 0039 07       		.byte	0x7
 621 003a 86010000 		.4byte	.LASF0
 622 003e 04       		.uleb128 0x4
 623 003f 08       		.byte	0x8
 624 0040 05       		.byte	0x5
 625 0041 E4010000 		.4byte	.LASF1
 626 0045 04       		.uleb128 0x4
 627 0046 08       		.byte	0x8
 628 0047 04       		.byte	0x4
 629 0048 7A020000 		.4byte	.LASF2
 630 004c 04       		.uleb128 0x4
 631 004d 01       		.byte	0x1
 632 004e 06       		.byte	0x6
 633 004f 86020000 		.4byte	.LASF3
 634 0053 04       		.uleb128 0x4
 635 0054 01       		.byte	0x1
 636 0055 08       		.byte	0x8
 637 0056 2E010000 		.4byte	.LASF4
 638 005a 04       		.uleb128 0x4
 639 005b 02       		.byte	0x2
 640 005c 05       		.byte	0x5
 641 005d 11020000 		.4byte	.LASF5
 642 0061 04       		.uleb128 0x4
ARM GAS  C:\Users\Jacob\AppData\Local\Temp\ccN4vXYt.s 			page 19


 643 0062 02       		.byte	0x2
 644 0063 07       		.byte	0x7
 645 0064 D1010000 		.4byte	.LASF6
 646 0068 04       		.uleb128 0x4
 647 0069 04       		.byte	0x4
 648 006a 05       		.byte	0x5
 649 006b 71020000 		.4byte	.LASF7
 650 006f 04       		.uleb128 0x4
 651 0070 04       		.byte	0x4
 652 0071 07       		.byte	0x7
 653 0072 7E000000 		.4byte	.LASF8
 654 0076 04       		.uleb128 0x4
 655 0077 08       		.byte	0x8
 656 0078 07       		.byte	0x7
 657 0079 9B010000 		.4byte	.LASF9
 658 007d 04       		.uleb128 0x4
 659 007e 04       		.byte	0x4
 660 007f 07       		.byte	0x7
 661 0080 C8010000 		.4byte	.LASF10
 662 0084 05       		.uleb128 0x5
 663 0085 04       		.byte	0x4
 664 0086 04       		.uleb128 0x4
 665 0087 01       		.byte	0x1
 666 0088 08       		.byte	0x8
 667 0089 F2010000 		.4byte	.LASF11
 668 008d 06       		.uleb128 0x6
 669 008e 90000000 		.4byte	.LASF13
 670 0092 03       		.byte	0x3
 671 0093 D201     		.2byte	0x1d2
 672 0095 53000000 		.4byte	0x53
 673 0099 06       		.uleb128 0x6
 674 009a 6D010000 		.4byte	.LASF14
 675 009e 03       		.byte	0x3
 676 009f D301     		.2byte	0x1d3
 677 00a1 61000000 		.4byte	0x61
 678 00a5 06       		.uleb128 0x6
 679 00a6 7F010000 		.4byte	.LASF15
 680 00aa 03       		.byte	0x3
 681 00ab D401     		.2byte	0x1d4
 682 00ad 6F000000 		.4byte	0x6f
 683 00b1 04       		.uleb128 0x4
 684 00b2 04       		.byte	0x4
 685 00b3 04       		.byte	0x4
 686 00b4 59000000 		.4byte	.LASF16
 687 00b8 04       		.uleb128 0x4
 688 00b9 08       		.byte	0x8
 689 00ba 04       		.byte	0x4
 690 00bb 3C010000 		.4byte	.LASF17
 691 00bf 06       		.uleb128 0x6
 692 00c0 79000000 		.4byte	.LASF18
 693 00c4 03       		.byte	0x3
 694 00c5 7C02     		.2byte	0x27c
 695 00c7 CB000000 		.4byte	0xcb
 696 00cb 07       		.uleb128 0x7
 697 00cc 8D000000 		.4byte	0x8d
 698 00d0 06       		.uleb128 0x6
 699 00d1 00000000 		.4byte	.LASF19
ARM GAS  C:\Users\Jacob\AppData\Local\Temp\ccN4vXYt.s 			page 20


 700 00d5 03       		.byte	0x3
 701 00d6 7E02     		.2byte	0x27e
 702 00d8 DC000000 		.4byte	0xdc
 703 00dc 07       		.uleb128 0x7
 704 00dd A5000000 		.4byte	0xa5
 705 00e1 08       		.uleb128 0x8
 706 00e2 02       		.byte	0x2
 707 00e3 01       		.byte	0x1
 708 00e4 9A       		.byte	0x9a
 709 00e5 02010000 		.4byte	0x102
 710 00e9 09       		.uleb128 0x9
 711 00ea 0A020000 		.4byte	.LASF20
 712 00ee 01       		.byte	0x1
 713 00ef 9C       		.byte	0x9c
 714 00f0 8D000000 		.4byte	0x8d
 715 00f4 00       		.byte	0
 716 00f5 09       		.uleb128 0x9
 717 00f6 1E000000 		.4byte	.LASF21
 718 00fa 01       		.byte	0x1
 719 00fb 9D       		.byte	0x9d
 720 00fc 8D000000 		.4byte	0x8d
 721 0100 01       		.byte	0x1
 722 0101 00       		.byte	0
 723 0102 03       		.uleb128 0x3
 724 0103 F7010000 		.4byte	.LASF22
 725 0107 01       		.byte	0x1
 726 0108 9E       		.byte	0x9e
 727 0109 E1000000 		.4byte	0xe1
 728 010d 0A       		.uleb128 0xa
 729 010e 96000000 		.4byte	.LASF23
 730 0112 01       		.byte	0x1
 731 0113 4A       		.byte	0x4a
 732 0114 00000000 		.4byte	.LFB2
 733 0118 1E000000 		.4byte	.LFE2-.LFB2
 734 011c 01       		.uleb128 0x1
 735 011d 9C       		.byte	0x9c
 736 011e 3B010000 		.4byte	0x13b
 737 0122 0B       		.uleb128 0xb
 738 0123 7300     		.ascii	"s\000"
 739 0125 01       		.byte	0x1
 740 0126 4A       		.byte	0x4a
 741 0127 84000000 		.4byte	0x84
 742 012b 02       		.uleb128 0x2
 743 012c 91       		.byte	0x91
 744 012d 74       		.sleb128 -12
 745 012e 0B       		.uleb128 0xb
 746 012f 6E00     		.ascii	"n\000"
 747 0131 01       		.byte	0x1
 748 0132 4A       		.byte	0x4a
 749 0133 2C000000 		.4byte	0x2c
 750 0137 02       		.uleb128 0x2
 751 0138 91       		.byte	0x91
 752 0139 70       		.sleb128 -16
 753 013a 00       		.byte	0
 754 013b 0A       		.uleb128 0xa
 755 013c C8020000 		.4byte	.LASF24
 756 0140 01       		.byte	0x1
ARM GAS  C:\Users\Jacob\AppData\Local\Temp\ccN4vXYt.s 			page 21


 757 0141 51       		.byte	0x51
 758 0142 00000000 		.4byte	.LFB3
 759 0146 20000000 		.4byte	.LFE3-.LFB3
 760 014a 01       		.uleb128 0x1
 761 014b 9C       		.byte	0x9c
 762 014c 79010000 		.4byte	0x179
 763 0150 0C       		.uleb128 0xc
 764 0151 5F000000 		.4byte	.LASF25
 765 0155 01       		.byte	0x1
 766 0156 51       		.byte	0x51
 767 0157 84000000 		.4byte	0x84
 768 015b 02       		.uleb128 0x2
 769 015c 91       		.byte	0x91
 770 015d 74       		.sleb128 -12
 771 015e 0B       		.uleb128 0xb
 772 015f 73726300 		.ascii	"src\000"
 773 0163 01       		.byte	0x1
 774 0164 51       		.byte	0x51
 775 0165 79010000 		.4byte	0x179
 776 0169 02       		.uleb128 0x2
 777 016a 91       		.byte	0x91
 778 016b 70       		.sleb128 -16
 779 016c 0B       		.uleb128 0xb
 780 016d 6E00     		.ascii	"n\000"
 781 016f 01       		.byte	0x1
 782 0170 51       		.byte	0x51
 783 0171 2C000000 		.4byte	0x2c
 784 0175 02       		.uleb128 0x2
 785 0176 91       		.byte	0x91
 786 0177 6C       		.sleb128 -20
 787 0178 00       		.byte	0
 788 0179 0D       		.uleb128 0xd
 789 017a 04       		.byte	0x4
 790 017b 7F010000 		.4byte	0x17f
 791 017f 0E       		.uleb128 0xe
 792 0180 0A       		.uleb128 0xa
 793 0181 B8020000 		.4byte	.LASF26
 794 0185 01       		.byte	0x1
 795 0186 58       		.byte	0x58
 796 0187 00000000 		.4byte	.LFB4
 797 018b 20000000 		.4byte	.LFE4-.LFB4
 798 018f 01       		.uleb128 0x1
 799 0190 9C       		.byte	0x9c
 800 0191 BE010000 		.4byte	0x1be
 801 0195 0C       		.uleb128 0xc
 802 0196 5F000000 		.4byte	.LASF25
 803 019a 01       		.byte	0x1
 804 019b 58       		.byte	0x58
 805 019c 84000000 		.4byte	0x84
 806 01a0 02       		.uleb128 0x2
 807 01a1 91       		.byte	0x91
 808 01a2 74       		.sleb128 -12
 809 01a3 0B       		.uleb128 0xb
 810 01a4 73726300 		.ascii	"src\000"
 811 01a8 01       		.byte	0x1
 812 01a9 58       		.byte	0x58
 813 01aa 79010000 		.4byte	0x179
ARM GAS  C:\Users\Jacob\AppData\Local\Temp\ccN4vXYt.s 			page 22


 814 01ae 02       		.uleb128 0x2
 815 01af 91       		.byte	0x91
 816 01b0 70       		.sleb128 -16
 817 01b1 0B       		.uleb128 0xb
 818 01b2 6E00     		.ascii	"n\000"
 819 01b4 01       		.byte	0x1
 820 01b5 58       		.byte	0x58
 821 01b6 2C000000 		.4byte	0x2c
 822 01ba 02       		.uleb128 0x2
 823 01bb 91       		.byte	0x91
 824 01bc 6C       		.sleb128 -20
 825 01bd 00       		.byte	0
 826 01be 0F       		.uleb128 0xf
 827 01bf 43010000 		.4byte	.LASF27
 828 01c3 01       		.byte	0x1
 829 01c4 B1       		.byte	0xb1
 830 01c5 00000000 		.4byte	.LFB5
 831 01c9 82000000 		.4byte	.LFE5-.LFB5
 832 01cd 01       		.uleb128 0x1
 833 01ce 9C       		.byte	0x9c
 834 01cf 2E020000 		.4byte	0x22e
 835 01d3 0C       		.uleb128 0xc
 836 01d4 62010000 		.4byte	.LASF28
 837 01d8 01       		.byte	0x1
 838 01d9 B1       		.byte	0xb1
 839 01da 2E020000 		.4byte	0x22e
 840 01de 02       		.uleb128 0x2
 841 01df 91       		.byte	0x91
 842 01e0 64       		.sleb128 -28
 843 01e1 0C       		.uleb128 0xc
 844 01e2 74010000 		.4byte	.LASF29
 845 01e6 01       		.byte	0x1
 846 01e7 B1       		.byte	0xb1
 847 01e8 39020000 		.4byte	0x239
 848 01ec 02       		.uleb128 0x2
 849 01ed 91       		.byte	0x91
 850 01ee 60       		.sleb128 -32
 851 01ef 10       		.uleb128 0x10
 852 01f0 6900     		.ascii	"i\000"
 853 01f2 01       		.byte	0x1
 854 01f3 B4       		.byte	0xb4
 855 01f4 A5000000 		.4byte	0xa5
 856 01f8 02       		.uleb128 0x2
 857 01f9 91       		.byte	0x91
 858 01fa 74       		.sleb128 -12
 859 01fb 10       		.uleb128 0x10
 860 01fc 6A00     		.ascii	"j\000"
 861 01fe 01       		.byte	0x1
 862 01ff B4       		.byte	0xb4
 863 0200 A5000000 		.4byte	0xa5
 864 0204 02       		.uleb128 0x2
 865 0205 91       		.byte	0x91
 866 0206 70       		.sleb128 -16
 867 0207 11       		.uleb128 0x11
 868 0208 14000000 		.4byte	.LBB2
 869 020c 5A000000 		.4byte	.LBE2-.LBB2
 870 0210 12       		.uleb128 0x12
ARM GAS  C:\Users\Jacob\AppData\Local\Temp\ccN4vXYt.s 			page 23


 871 0211 BF010000 		.4byte	.LASF30
 872 0215 01       		.byte	0x1
 873 0216 B7       		.byte	0xb7
 874 0217 A5000000 		.4byte	0xa5
 875 021b 02       		.uleb128 0x2
 876 021c 91       		.byte	0x91
 877 021d 68       		.sleb128 -24
 878 021e 12       		.uleb128 0x12
 879 021f 24000000 		.4byte	.LASF31
 880 0223 01       		.byte	0x1
 881 0224 B8       		.byte	0xb8
 882 0225 8D000000 		.4byte	0x8d
 883 0229 02       		.uleb128 0x2
 884 022a 91       		.byte	0x91
 885 022b 6F       		.sleb128 -17
 886 022c 00       		.byte	0
 887 022d 00       		.byte	0
 888 022e 0D       		.uleb128 0xd
 889 022f 04       		.byte	0x4
 890 0230 34020000 		.4byte	0x234
 891 0234 13       		.uleb128 0x13
 892 0235 A5000000 		.4byte	0xa5
 893 0239 0D       		.uleb128 0xd
 894 023a 04       		.byte	0x4
 895 023b 3F020000 		.4byte	0x23f
 896 023f 13       		.uleb128 0x13
 897 0240 02010000 		.4byte	0x102
 898 0244 14       		.uleb128 0x14
 899 0245 2A000000 		.4byte	.LASF32
 900 0249 01       		.byte	0x1
 901 024a D6       		.byte	0xd6
 902 024b 00000000 		.4byte	.LFB6
 903 024f CC000000 		.4byte	.LFE6-.LFB6
 904 0253 01       		.uleb128 0x1
 905 0254 9C       		.byte	0x9c
 906 0255 15       		.uleb128 0x15
 907 0256 0D000000 		.4byte	.LASF33
 908 025a 01       		.byte	0x1
 909 025b 1701     		.2byte	0x117
 910 025d 00000000 		.4byte	.LFB7
 911 0261 28000000 		.4byte	.LFE7-.LFB7
 912 0265 01       		.uleb128 0x1
 913 0266 9C       		.byte	0x9c
 914 0267 16       		.uleb128 0x16
 915 0268 55010000 		.4byte	.LASF43
 916 026c 01       		.byte	0x1
 917 026d 3201     		.2byte	0x132
 918 026f CC000000 		.4byte	.LFB8
 919 0273 04010000 		.4byte	.LFE8-.LFB8
 920 0277 01       		.uleb128 0x1
 921 0278 9C       		.byte	0x9c
 922 0279 33030000 		.4byte	0x333
 923 027d 11       		.uleb128 0x11
 924 027e DA000000 		.4byte	.LBB3
 925 0282 9A000000 		.4byte	.LBE3-.LBB3
 926 0286 17       		.uleb128 0x17
 927 0287 35000000 		.4byte	.LASF34
ARM GAS  C:\Users\Jacob\AppData\Local\Temp\ccN4vXYt.s 			page 24


 928 028b 01       		.byte	0x1
 929 028c 3A01     		.2byte	0x13a
 930 028e 43030000 		.4byte	0x343
 931 0292 05       		.uleb128 0x5
 932 0293 03       		.byte	0x3
 933 0294 0C000000 		.4byte	cy_cfg_addr_table.4910
 934 0298 17       		.uleb128 0x17
 935 0299 47000000 		.4byte	.LASF35
 936 029d 01       		.byte	0x1
 937 029e 3E01     		.2byte	0x13e
 938 02a0 58030000 		.4byte	0x358
 939 02a4 05       		.uleb128 0x5
 940 02a5 03       		.byte	0x3
 941 02a6 10000000 		.4byte	cy_cfg_data_table.4911
 942 02aa 18       		.uleb128 0x18
 943 02ab 06       		.byte	0x6
 944 02ac 01       		.byte	0x1
 945 02ad 4701     		.2byte	0x147
 946 02af CE020000 		.4byte	0x2ce
 947 02b3 19       		.uleb128 0x19
 948 02b4 93010000 		.4byte	.LASF36
 949 02b8 01       		.byte	0x1
 950 02b9 4801     		.2byte	0x148
 951 02bb 84000000 		.4byte	0x84
 952 02bf 00       		.byte	0
 953 02c0 19       		.uleb128 0x19
 954 02c1 74000000 		.4byte	.LASF37
 955 02c5 01       		.byte	0x1
 956 02c6 4901     		.2byte	0x149
 957 02c8 99000000 		.4byte	0x99
 958 02cc 04       		.byte	0x4
 959 02cd 00       		.byte	0
 960 02ce 06       		.uleb128 0x6
 961 02cf B2010000 		.4byte	.LASF38
 962 02d3 01       		.byte	0x1
 963 02d4 4A01     		.2byte	0x14a
 964 02d6 AA020000 		.4byte	0x2aa
 965 02da 1A       		.uleb128 0x1a
 966 02db EA020000 		.4byte	0x2ea
 967 02df EA020000 		.4byte	0x2ea
 968 02e3 1B       		.uleb128 0x1b
 969 02e4 7D000000 		.4byte	0x7d
 970 02e8 01       		.byte	0x1
 971 02e9 00       		.byte	0
 972 02ea 13       		.uleb128 0x13
 973 02eb CE020000 		.4byte	0x2ce
 974 02ef 17       		.uleb128 0x17
 975 02f0 64000000 		.4byte	.LASF39
 976 02f4 01       		.byte	0x1
 977 02f5 4C01     		.2byte	0x14c
 978 02f7 01030000 		.4byte	0x301
 979 02fb 05       		.uleb128 0x5
 980 02fc 03       		.byte	0x3
 981 02fd 00000000 		.4byte	cfg_memset_list.4916
 982 0301 13       		.uleb128 0x13
 983 0302 DA020000 		.4byte	0x2da
 984 0306 1C       		.uleb128 0x1c
ARM GAS  C:\Users\Jacob\AppData\Local\Temp\ccN4vXYt.s 			page 25


 985 0307 6900     		.ascii	"i\000"
 986 0309 01       		.byte	0x1
 987 030a 5201     		.2byte	0x152
 988 030c 8D000000 		.4byte	0x8d
 989 0310 02       		.uleb128 0x2
 990 0311 91       		.byte	0x91
 991 0312 77       		.sleb128 -9
 992 0313 11       		.uleb128 0x11
 993 0314 E2000000 		.4byte	.LBB4
 994 0318 3C000000 		.4byte	.LBE4-.LBB4
 995 031c 1C       		.uleb128 0x1c
 996 031d 6D7300   		.ascii	"ms\000"
 997 0320 01       		.byte	0x1
 998 0321 5701     		.2byte	0x157
 999 0323 2A030000 		.4byte	0x32a
 1000 0327 02       		.uleb128 0x2
 1001 0328 91       		.byte	0x91
 1002 0329 70       		.sleb128 -16
 1003 032a 0D       		.uleb128 0xd
 1004 032b 04       		.byte	0x4
 1005 032c EA020000 		.4byte	0x2ea
 1006 0330 00       		.byte	0
 1007 0331 00       		.byte	0
 1008 0332 00       		.byte	0
 1009 0333 1A       		.uleb128 0x1a
 1010 0334 34020000 		.4byte	0x234
 1011 0338 43030000 		.4byte	0x343
 1012 033c 1B       		.uleb128 0x1b
 1013 033d 7D000000 		.4byte	0x7d
 1014 0341 00       		.byte	0
 1015 0342 00       		.byte	0
 1016 0343 13       		.uleb128 0x13
 1017 0344 33030000 		.4byte	0x333
 1018 0348 1A       		.uleb128 0x1a
 1019 0349 3F020000 		.4byte	0x23f
 1020 034d 58030000 		.4byte	0x358
 1021 0351 1B       		.uleb128 0x1b
 1022 0352 7D000000 		.4byte	0x7d
 1023 0356 03       		.byte	0x3
 1024 0357 00       		.byte	0
 1025 0358 13       		.uleb128 0x13
 1026 0359 48030000 		.4byte	0x348
 1027 035d 00       		.byte	0
 1028              		.section	.debug_abbrev,"",%progbits
 1029              	.Ldebug_abbrev0:
 1030 0000 01       		.uleb128 0x1
 1031 0001 11       		.uleb128 0x11
 1032 0002 01       		.byte	0x1
 1033 0003 25       		.uleb128 0x25
 1034 0004 0E       		.uleb128 0xe
 1035 0005 13       		.uleb128 0x13
 1036 0006 0B       		.uleb128 0xb
 1037 0007 03       		.uleb128 0x3
 1038 0008 0E       		.uleb128 0xe
 1039 0009 1B       		.uleb128 0x1b
 1040 000a 0E       		.uleb128 0xe
 1041 000b 55       		.uleb128 0x55
ARM GAS  C:\Users\Jacob\AppData\Local\Temp\ccN4vXYt.s 			page 26


 1042 000c 17       		.uleb128 0x17
 1043 000d 11       		.uleb128 0x11
 1044 000e 01       		.uleb128 0x1
 1045 000f 10       		.uleb128 0x10
 1046 0010 17       		.uleb128 0x17
 1047 0011 00       		.byte	0
 1048 0012 00       		.byte	0
 1049 0013 02       		.uleb128 0x2
 1050 0014 24       		.uleb128 0x24
 1051 0015 00       		.byte	0
 1052 0016 0B       		.uleb128 0xb
 1053 0017 0B       		.uleb128 0xb
 1054 0018 3E       		.uleb128 0x3e
 1055 0019 0B       		.uleb128 0xb
 1056 001a 03       		.uleb128 0x3
 1057 001b 08       		.uleb128 0x8
 1058 001c 00       		.byte	0
 1059 001d 00       		.byte	0
 1060 001e 03       		.uleb128 0x3
 1061 001f 16       		.uleb128 0x16
 1062 0020 00       		.byte	0
 1063 0021 03       		.uleb128 0x3
 1064 0022 0E       		.uleb128 0xe
 1065 0023 3A       		.uleb128 0x3a
 1066 0024 0B       		.uleb128 0xb
 1067 0025 3B       		.uleb128 0x3b
 1068 0026 0B       		.uleb128 0xb
 1069 0027 49       		.uleb128 0x49
 1070 0028 13       		.uleb128 0x13
 1071 0029 00       		.byte	0
 1072 002a 00       		.byte	0
 1073 002b 04       		.uleb128 0x4
 1074 002c 24       		.uleb128 0x24
 1075 002d 00       		.byte	0
 1076 002e 0B       		.uleb128 0xb
 1077 002f 0B       		.uleb128 0xb
 1078 0030 3E       		.uleb128 0x3e
 1079 0031 0B       		.uleb128 0xb
 1080 0032 03       		.uleb128 0x3
 1081 0033 0E       		.uleb128 0xe
 1082 0034 00       		.byte	0
 1083 0035 00       		.byte	0
 1084 0036 05       		.uleb128 0x5
 1085 0037 0F       		.uleb128 0xf
 1086 0038 00       		.byte	0
 1087 0039 0B       		.uleb128 0xb
 1088 003a 0B       		.uleb128 0xb
 1089 003b 00       		.byte	0
 1090 003c 00       		.byte	0
 1091 003d 06       		.uleb128 0x6
 1092 003e 16       		.uleb128 0x16
 1093 003f 00       		.byte	0
 1094 0040 03       		.uleb128 0x3
 1095 0041 0E       		.uleb128 0xe
 1096 0042 3A       		.uleb128 0x3a
 1097 0043 0B       		.uleb128 0xb
 1098 0044 3B       		.uleb128 0x3b
ARM GAS  C:\Users\Jacob\AppData\Local\Temp\ccN4vXYt.s 			page 27


 1099 0045 05       		.uleb128 0x5
 1100 0046 49       		.uleb128 0x49
 1101 0047 13       		.uleb128 0x13
 1102 0048 00       		.byte	0
 1103 0049 00       		.byte	0
 1104 004a 07       		.uleb128 0x7
 1105 004b 35       		.uleb128 0x35
 1106 004c 00       		.byte	0
 1107 004d 49       		.uleb128 0x49
 1108 004e 13       		.uleb128 0x13
 1109 004f 00       		.byte	0
 1110 0050 00       		.byte	0
 1111 0051 08       		.uleb128 0x8
 1112 0052 13       		.uleb128 0x13
 1113 0053 01       		.byte	0x1
 1114 0054 0B       		.uleb128 0xb
 1115 0055 0B       		.uleb128 0xb
 1116 0056 3A       		.uleb128 0x3a
 1117 0057 0B       		.uleb128 0xb
 1118 0058 3B       		.uleb128 0x3b
 1119 0059 0B       		.uleb128 0xb
 1120 005a 01       		.uleb128 0x1
 1121 005b 13       		.uleb128 0x13
 1122 005c 00       		.byte	0
 1123 005d 00       		.byte	0
 1124 005e 09       		.uleb128 0x9
 1125 005f 0D       		.uleb128 0xd
 1126 0060 00       		.byte	0
 1127 0061 03       		.uleb128 0x3
 1128 0062 0E       		.uleb128 0xe
 1129 0063 3A       		.uleb128 0x3a
 1130 0064 0B       		.uleb128 0xb
 1131 0065 3B       		.uleb128 0x3b
 1132 0066 0B       		.uleb128 0xb
 1133 0067 49       		.uleb128 0x49
 1134 0068 13       		.uleb128 0x13
 1135 0069 38       		.uleb128 0x38
 1136 006a 0B       		.uleb128 0xb
 1137 006b 00       		.byte	0
 1138 006c 00       		.byte	0
 1139 006d 0A       		.uleb128 0xa
 1140 006e 2E       		.uleb128 0x2e
 1141 006f 01       		.byte	0x1
 1142 0070 03       		.uleb128 0x3
 1143 0071 0E       		.uleb128 0xe
 1144 0072 3A       		.uleb128 0x3a
 1145 0073 0B       		.uleb128 0xb
 1146 0074 3B       		.uleb128 0x3b
 1147 0075 0B       		.uleb128 0xb
 1148 0076 27       		.uleb128 0x27
 1149 0077 19       		.uleb128 0x19
 1150 0078 11       		.uleb128 0x11
 1151 0079 01       		.uleb128 0x1
 1152 007a 12       		.uleb128 0x12
 1153 007b 06       		.uleb128 0x6
 1154 007c 40       		.uleb128 0x40
 1155 007d 18       		.uleb128 0x18
ARM GAS  C:\Users\Jacob\AppData\Local\Temp\ccN4vXYt.s 			page 28


 1156 007e 9642     		.uleb128 0x2116
 1157 0080 19       		.uleb128 0x19
 1158 0081 01       		.uleb128 0x1
 1159 0082 13       		.uleb128 0x13
 1160 0083 00       		.byte	0
 1161 0084 00       		.byte	0
 1162 0085 0B       		.uleb128 0xb
 1163 0086 05       		.uleb128 0x5
 1164 0087 00       		.byte	0
 1165 0088 03       		.uleb128 0x3
 1166 0089 08       		.uleb128 0x8
 1167 008a 3A       		.uleb128 0x3a
 1168 008b 0B       		.uleb128 0xb
 1169 008c 3B       		.uleb128 0x3b
 1170 008d 0B       		.uleb128 0xb
 1171 008e 49       		.uleb128 0x49
 1172 008f 13       		.uleb128 0x13
 1173 0090 02       		.uleb128 0x2
 1174 0091 18       		.uleb128 0x18
 1175 0092 00       		.byte	0
 1176 0093 00       		.byte	0
 1177 0094 0C       		.uleb128 0xc
 1178 0095 05       		.uleb128 0x5
 1179 0096 00       		.byte	0
 1180 0097 03       		.uleb128 0x3
 1181 0098 0E       		.uleb128 0xe
 1182 0099 3A       		.uleb128 0x3a
 1183 009a 0B       		.uleb128 0xb
 1184 009b 3B       		.uleb128 0x3b
 1185 009c 0B       		.uleb128 0xb
 1186 009d 49       		.uleb128 0x49
 1187 009e 13       		.uleb128 0x13
 1188 009f 02       		.uleb128 0x2
 1189 00a0 18       		.uleb128 0x18
 1190 00a1 00       		.byte	0
 1191 00a2 00       		.byte	0
 1192 00a3 0D       		.uleb128 0xd
 1193 00a4 0F       		.uleb128 0xf
 1194 00a5 00       		.byte	0
 1195 00a6 0B       		.uleb128 0xb
 1196 00a7 0B       		.uleb128 0xb
 1197 00a8 49       		.uleb128 0x49
 1198 00a9 13       		.uleb128 0x13
 1199 00aa 00       		.byte	0
 1200 00ab 00       		.byte	0
 1201 00ac 0E       		.uleb128 0xe
 1202 00ad 26       		.uleb128 0x26
 1203 00ae 00       		.byte	0
 1204 00af 00       		.byte	0
 1205 00b0 00       		.byte	0
 1206 00b1 0F       		.uleb128 0xf
 1207 00b2 2E       		.uleb128 0x2e
 1208 00b3 01       		.byte	0x1
 1209 00b4 03       		.uleb128 0x3
 1210 00b5 0E       		.uleb128 0xe
 1211 00b6 3A       		.uleb128 0x3a
 1212 00b7 0B       		.uleb128 0xb
ARM GAS  C:\Users\Jacob\AppData\Local\Temp\ccN4vXYt.s 			page 29


 1213 00b8 3B       		.uleb128 0x3b
 1214 00b9 0B       		.uleb128 0xb
 1215 00ba 27       		.uleb128 0x27
 1216 00bb 19       		.uleb128 0x19
 1217 00bc 11       		.uleb128 0x11
 1218 00bd 01       		.uleb128 0x1
 1219 00be 12       		.uleb128 0x12
 1220 00bf 06       		.uleb128 0x6
 1221 00c0 40       		.uleb128 0x40
 1222 00c1 18       		.uleb128 0x18
 1223 00c2 9742     		.uleb128 0x2117
 1224 00c4 19       		.uleb128 0x19
 1225 00c5 01       		.uleb128 0x1
 1226 00c6 13       		.uleb128 0x13
 1227 00c7 00       		.byte	0
 1228 00c8 00       		.byte	0
 1229 00c9 10       		.uleb128 0x10
 1230 00ca 34       		.uleb128 0x34
 1231 00cb 00       		.byte	0
 1232 00cc 03       		.uleb128 0x3
 1233 00cd 08       		.uleb128 0x8
 1234 00ce 3A       		.uleb128 0x3a
 1235 00cf 0B       		.uleb128 0xb
 1236 00d0 3B       		.uleb128 0x3b
 1237 00d1 0B       		.uleb128 0xb
 1238 00d2 49       		.uleb128 0x49
 1239 00d3 13       		.uleb128 0x13
 1240 00d4 02       		.uleb128 0x2
 1241 00d5 18       		.uleb128 0x18
 1242 00d6 00       		.byte	0
 1243 00d7 00       		.byte	0
 1244 00d8 11       		.uleb128 0x11
 1245 00d9 0B       		.uleb128 0xb
 1246 00da 01       		.byte	0x1
 1247 00db 11       		.uleb128 0x11
 1248 00dc 01       		.uleb128 0x1
 1249 00dd 12       		.uleb128 0x12
 1250 00de 06       		.uleb128 0x6
 1251 00df 00       		.byte	0
 1252 00e0 00       		.byte	0
 1253 00e1 12       		.uleb128 0x12
 1254 00e2 34       		.uleb128 0x34
 1255 00e3 00       		.byte	0
 1256 00e4 03       		.uleb128 0x3
 1257 00e5 0E       		.uleb128 0xe
 1258 00e6 3A       		.uleb128 0x3a
 1259 00e7 0B       		.uleb128 0xb
 1260 00e8 3B       		.uleb128 0x3b
 1261 00e9 0B       		.uleb128 0xb
 1262 00ea 49       		.uleb128 0x49
 1263 00eb 13       		.uleb128 0x13
 1264 00ec 02       		.uleb128 0x2
 1265 00ed 18       		.uleb128 0x18
 1266 00ee 00       		.byte	0
 1267 00ef 00       		.byte	0
 1268 00f0 13       		.uleb128 0x13
 1269 00f1 26       		.uleb128 0x26
ARM GAS  C:\Users\Jacob\AppData\Local\Temp\ccN4vXYt.s 			page 30


 1270 00f2 00       		.byte	0
 1271 00f3 49       		.uleb128 0x49
 1272 00f4 13       		.uleb128 0x13
 1273 00f5 00       		.byte	0
 1274 00f6 00       		.byte	0
 1275 00f7 14       		.uleb128 0x14
 1276 00f8 2E       		.uleb128 0x2e
 1277 00f9 00       		.byte	0
 1278 00fa 03       		.uleb128 0x3
 1279 00fb 0E       		.uleb128 0xe
 1280 00fc 3A       		.uleb128 0x3a
 1281 00fd 0B       		.uleb128 0xb
 1282 00fe 3B       		.uleb128 0x3b
 1283 00ff 0B       		.uleb128 0xb
 1284 0100 27       		.uleb128 0x27
 1285 0101 19       		.uleb128 0x19
 1286 0102 11       		.uleb128 0x11
 1287 0103 01       		.uleb128 0x1
 1288 0104 12       		.uleb128 0x12
 1289 0105 06       		.uleb128 0x6
 1290 0106 40       		.uleb128 0x40
 1291 0107 18       		.uleb128 0x18
 1292 0108 9642     		.uleb128 0x2116
 1293 010a 19       		.uleb128 0x19
 1294 010b 00       		.byte	0
 1295 010c 00       		.byte	0
 1296 010d 15       		.uleb128 0x15
 1297 010e 2E       		.uleb128 0x2e
 1298 010f 00       		.byte	0
 1299 0110 03       		.uleb128 0x3
 1300 0111 0E       		.uleb128 0xe
 1301 0112 3A       		.uleb128 0x3a
 1302 0113 0B       		.uleb128 0xb
 1303 0114 3B       		.uleb128 0x3b
 1304 0115 05       		.uleb128 0x5
 1305 0116 27       		.uleb128 0x27
 1306 0117 19       		.uleb128 0x19
 1307 0118 11       		.uleb128 0x11
 1308 0119 01       		.uleb128 0x1
 1309 011a 12       		.uleb128 0x12
 1310 011b 06       		.uleb128 0x6
 1311 011c 40       		.uleb128 0x40
 1312 011d 18       		.uleb128 0x18
 1313 011e 9742     		.uleb128 0x2117
 1314 0120 19       		.uleb128 0x19
 1315 0121 00       		.byte	0
 1316 0122 00       		.byte	0
 1317 0123 16       		.uleb128 0x16
 1318 0124 2E       		.uleb128 0x2e
 1319 0125 01       		.byte	0x1
 1320 0126 3F       		.uleb128 0x3f
 1321 0127 19       		.uleb128 0x19
 1322 0128 03       		.uleb128 0x3
 1323 0129 0E       		.uleb128 0xe
 1324 012a 3A       		.uleb128 0x3a
 1325 012b 0B       		.uleb128 0xb
 1326 012c 3B       		.uleb128 0x3b
ARM GAS  C:\Users\Jacob\AppData\Local\Temp\ccN4vXYt.s 			page 31


 1327 012d 05       		.uleb128 0x5
 1328 012e 27       		.uleb128 0x27
 1329 012f 19       		.uleb128 0x19
 1330 0130 11       		.uleb128 0x11
 1331 0131 01       		.uleb128 0x1
 1332 0132 12       		.uleb128 0x12
 1333 0133 06       		.uleb128 0x6
 1334 0134 40       		.uleb128 0x40
 1335 0135 18       		.uleb128 0x18
 1336 0136 9642     		.uleb128 0x2116
 1337 0138 19       		.uleb128 0x19
 1338 0139 01       		.uleb128 0x1
 1339 013a 13       		.uleb128 0x13
 1340 013b 00       		.byte	0
 1341 013c 00       		.byte	0
 1342 013d 17       		.uleb128 0x17
 1343 013e 34       		.uleb128 0x34
 1344 013f 00       		.byte	0
 1345 0140 03       		.uleb128 0x3
 1346 0141 0E       		.uleb128 0xe
 1347 0142 3A       		.uleb128 0x3a
 1348 0143 0B       		.uleb128 0xb
 1349 0144 3B       		.uleb128 0x3b
 1350 0145 05       		.uleb128 0x5
 1351 0146 49       		.uleb128 0x49
 1352 0147 13       		.uleb128 0x13
 1353 0148 02       		.uleb128 0x2
 1354 0149 18       		.uleb128 0x18
 1355 014a 00       		.byte	0
 1356 014b 00       		.byte	0
 1357 014c 18       		.uleb128 0x18
 1358 014d 13       		.uleb128 0x13
 1359 014e 01       		.byte	0x1
 1360 014f 0B       		.uleb128 0xb
 1361 0150 0B       		.uleb128 0xb
 1362 0151 3A       		.uleb128 0x3a
 1363 0152 0B       		.uleb128 0xb
 1364 0153 3B       		.uleb128 0x3b
 1365 0154 05       		.uleb128 0x5
 1366 0155 01       		.uleb128 0x1
 1367 0156 13       		.uleb128 0x13
 1368 0157 00       		.byte	0
 1369 0158 00       		.byte	0
 1370 0159 19       		.uleb128 0x19
 1371 015a 0D       		.uleb128 0xd
 1372 015b 00       		.byte	0
 1373 015c 03       		.uleb128 0x3
 1374 015d 0E       		.uleb128 0xe
 1375 015e 3A       		.uleb128 0x3a
 1376 015f 0B       		.uleb128 0xb
 1377 0160 3B       		.uleb128 0x3b
 1378 0161 05       		.uleb128 0x5
 1379 0162 49       		.uleb128 0x49
 1380 0163 13       		.uleb128 0x13
 1381 0164 38       		.uleb128 0x38
 1382 0165 0B       		.uleb128 0xb
 1383 0166 00       		.byte	0
ARM GAS  C:\Users\Jacob\AppData\Local\Temp\ccN4vXYt.s 			page 32


 1384 0167 00       		.byte	0
 1385 0168 1A       		.uleb128 0x1a
 1386 0169 01       		.uleb128 0x1
 1387 016a 01       		.byte	0x1
 1388 016b 49       		.uleb128 0x49
 1389 016c 13       		.uleb128 0x13
 1390 016d 01       		.uleb128 0x1
 1391 016e 13       		.uleb128 0x13
 1392 016f 00       		.byte	0
 1393 0170 00       		.byte	0
 1394 0171 1B       		.uleb128 0x1b
 1395 0172 21       		.uleb128 0x21
 1396 0173 00       		.byte	0
 1397 0174 49       		.uleb128 0x49
 1398 0175 13       		.uleb128 0x13
 1399 0176 2F       		.uleb128 0x2f
 1400 0177 0B       		.uleb128 0xb
 1401 0178 00       		.byte	0
 1402 0179 00       		.byte	0
 1403 017a 1C       		.uleb128 0x1c
 1404 017b 34       		.uleb128 0x34
 1405 017c 00       		.byte	0
 1406 017d 03       		.uleb128 0x3
 1407 017e 08       		.uleb128 0x8
 1408 017f 3A       		.uleb128 0x3a
 1409 0180 0B       		.uleb128 0xb
 1410 0181 3B       		.uleb128 0x3b
 1411 0182 05       		.uleb128 0x5
 1412 0183 49       		.uleb128 0x49
 1413 0184 13       		.uleb128 0x13
 1414 0185 02       		.uleb128 0x2
 1415 0186 18       		.uleb128 0x18
 1416 0187 00       		.byte	0
 1417 0188 00       		.byte	0
 1418 0189 00       		.byte	0
 1419              		.section	.debug_aranges,"",%progbits
 1420 0000 4C000000 		.4byte	0x4c
 1421 0004 0200     		.2byte	0x2
 1422 0006 00000000 		.4byte	.Ldebug_info0
 1423 000a 04       		.byte	0x4
 1424 000b 00       		.byte	0
 1425 000c 0000     		.2byte	0
 1426 000e 0000     		.2byte	0
 1427 0010 00000000 		.4byte	.LFB2
 1428 0014 1E000000 		.4byte	.LFE2-.LFB2
 1429 0018 00000000 		.4byte	.LFB3
 1430 001c 20000000 		.4byte	.LFE3-.LFB3
 1431 0020 00000000 		.4byte	.LFB4
 1432 0024 20000000 		.4byte	.LFE4-.LFB4
 1433 0028 00000000 		.4byte	.LFB5
 1434 002c 82000000 		.4byte	.LFE5-.LFB5
 1435 0030 00000000 		.4byte	.LFB6
 1436 0034 CC000000 		.4byte	.LFE6-.LFB6
 1437 0038 00000000 		.4byte	.LFB7
 1438 003c 28000000 		.4byte	.LFE7-.LFB7
 1439 0040 CC000000 		.4byte	.LFB8
 1440 0044 04010000 		.4byte	.LFE8-.LFB8
ARM GAS  C:\Users\Jacob\AppData\Local\Temp\ccN4vXYt.s 			page 33


 1441 0048 00000000 		.4byte	0
 1442 004c 00000000 		.4byte	0
 1443              		.section	.debug_ranges,"",%progbits
 1444              	.Ldebug_ranges0:
 1445 0000 00000000 		.4byte	.LFB2
 1446 0004 1E000000 		.4byte	.LFE2
 1447 0008 00000000 		.4byte	.LFB3
 1448 000c 20000000 		.4byte	.LFE3
 1449 0010 00000000 		.4byte	.LFB4
 1450 0014 20000000 		.4byte	.LFE4
 1451 0018 00000000 		.4byte	.LFB5
 1452 001c 82000000 		.4byte	.LFE5
 1453 0020 00000000 		.4byte	.LFB6
 1454 0024 CC000000 		.4byte	.LFE6
 1455 0028 00000000 		.4byte	.LFB7
 1456 002c 28000000 		.4byte	.LFE7
 1457 0030 CC000000 		.4byte	.LFB8
 1458 0034 D0010000 		.4byte	.LFE8
 1459 0038 00000000 		.4byte	0
 1460 003c 00000000 		.4byte	0
 1461              		.section	.debug_line,"",%progbits
 1462              	.Ldebug_line0:
 1463 0000 95010000 		.section	.debug_str,"MS",%progbits,1
 1463      0200CB00 
 1463      00000201 
 1463      FB0E0D00 
 1463      01010101 
 1464              	.LASF19:
 1465 0000 72656733 		.ascii	"reg32\000"
 1465      3200
 1466              	.LASF12:
 1467 0006 73697A65 		.ascii	"size_t\000"
 1467      5F7400
 1468              	.LASF33:
 1469 000d 416E616C 		.ascii	"AnalogSetDefault\000"
 1469      6F675365 
 1469      74446566 
 1469      61756C74 
 1469      00
 1470              	.LASF21:
 1471 001e 76616C75 		.ascii	"value\000"
 1471      6500
 1472              	.LASF31:
 1473 0024 636F756E 		.ascii	"count\000"
 1473      7400
 1474              	.LASF32:
 1475 002a 436C6F63 		.ascii	"ClockSetup\000"
 1475      6B536574 
 1475      757000
 1476              	.LASF34:
 1477 0035 63795F63 		.ascii	"cy_cfg_addr_table\000"
 1477      66675F61 
 1477      6464725F 
 1477      7461626C 
 1477      6500
 1478              	.LASF35:
 1479 0047 63795F63 		.ascii	"cy_cfg_data_table\000"
ARM GAS  C:\Users\Jacob\AppData\Local\Temp\ccN4vXYt.s 			page 34


 1479      66675F64 
 1479      6174615F 
 1479      7461626C 
 1479      6500
 1480              	.LASF16:
 1481 0059 666C6F61 		.ascii	"float\000"
 1481      7400
 1482              	.LASF25:
 1483 005f 64657374 		.ascii	"dest\000"
 1483      00
 1484              	.LASF39:
 1485 0064 6366675F 		.ascii	"cfg_memset_list\000"
 1485      6D656D73 
 1485      65745F6C 
 1485      69737400 
 1486              	.LASF37:
 1487 0074 73697A65 		.ascii	"size\000"
 1487      00
 1488              	.LASF18:
 1489 0079 72656738 		.ascii	"reg8\000"
 1489      00
 1490              	.LASF8:
 1491 007e 6C6F6E67 		.ascii	"long unsigned int\000"
 1491      20756E73 
 1491      69676E65 
 1491      6420696E 
 1491      7400
 1492              	.LASF13:
 1493 0090 75696E74 		.ascii	"uint8\000"
 1493      3800
 1494              	.LASF23:
 1495 0096 43594D45 		.ascii	"CYMEMZERO\000"
 1495      4D5A4552 
 1495      4F00
 1496              	.LASF40:
 1497 00a0 474E5520 		.ascii	"GNU C11 5.4.1 20160609 (release) [ARM/embedded-5-br"
 1497      43313120 
 1497      352E342E 
 1497      31203230 
 1497      31363036 
 1498 00d3 616E6368 		.ascii	"anch revision 237715] -mcpu=cortex-m0 -mthumb -g -O"
 1498      20726576 
 1498      6973696F 
 1498      6E203233 
 1498      37373135 
 1499 0106 30202D66 		.ascii	"0 -ffunction-sections -ffat-lto-objects\000"
 1499      66756E63 
 1499      74696F6E 
 1499      2D736563 
 1499      74696F6E 
 1500              	.LASF4:
 1501 012e 756E7369 		.ascii	"unsigned char\000"
 1501      676E6564 
 1501      20636861 
 1501      7200
 1502              	.LASF17:
 1503 013c 646F7562 		.ascii	"double\000"
ARM GAS  C:\Users\Jacob\AppData\Local\Temp\ccN4vXYt.s 			page 35


 1503      6C6500
 1504              	.LASF27:
 1505 0143 6366675F 		.ascii	"cfg_write_bytes32\000"
 1505      77726974 
 1505      655F6279 
 1505      74657333 
 1505      3200
 1506              	.LASF43:
 1507 0155 63796669 		.ascii	"cyfitter_cfg\000"
 1507      74746572 
 1507      5F636667 
 1507      00
 1508              	.LASF28:
 1509 0162 61646472 		.ascii	"addr_table\000"
 1509      5F746162 
 1509      6C6500
 1510              	.LASF14:
 1511 016d 75696E74 		.ascii	"uint16\000"
 1511      313600
 1512              	.LASF29:
 1513 0174 64617461 		.ascii	"data_table\000"
 1513      5F746162 
 1513      6C6500
 1514              	.LASF15:
 1515 017f 75696E74 		.ascii	"uint32\000"
 1515      333200
 1516              	.LASF0:
 1517 0186 756E7369 		.ascii	"unsigned int\000"
 1517      676E6564 
 1517      20696E74 
 1517      00
 1518              	.LASF36:
 1519 0193 61646472 		.ascii	"address\000"
 1519      65737300 
 1520              	.LASF9:
 1521 019b 6C6F6E67 		.ascii	"long long unsigned int\000"
 1521      206C6F6E 
 1521      6720756E 
 1521      7369676E 
 1521      65642069 
 1522              	.LASF38:
 1523 01b2 6366675F 		.ascii	"cfg_memset_t\000"
 1523      6D656D73 
 1523      65745F74 
 1523      00
 1524              	.LASF30:
 1525 01bf 62617365 		.ascii	"baseAddr\000"
 1525      41646472 
 1525      00
 1526              	.LASF10:
 1527 01c8 73697A65 		.ascii	"sizetype\000"
 1527      74797065 
 1527      00
 1528              	.LASF6:
 1529 01d1 73686F72 		.ascii	"short unsigned int\000"
 1529      7420756E 
 1529      7369676E 
ARM GAS  C:\Users\Jacob\AppData\Local\Temp\ccN4vXYt.s 			page 36


 1529      65642069 
 1529      6E7400
 1530              	.LASF1:
 1531 01e4 6C6F6E67 		.ascii	"long long int\000"
 1531      206C6F6E 
 1531      6720696E 
 1531      7400
 1532              	.LASF11:
 1533 01f2 63686172 		.ascii	"char\000"
 1533      00
 1534              	.LASF22:
 1535 01f7 63795F63 		.ascii	"cy_cfg_addrvalue_t\000"
 1535      66675F61 
 1535      64647276 
 1535      616C7565 
 1535      5F7400
 1536              	.LASF20:
 1537 020a 6F666673 		.ascii	"offset\000"
 1537      657400
 1538              	.LASF5:
 1539 0211 73686F72 		.ascii	"short int\000"
 1539      7420696E 
 1539      7400
 1540              	.LASF42:
 1541 021b 433A5C55 		.ascii	"C:\\Users\\Jacob\\Documents\\Junior\\EGR 304\\EGR30"
 1541      73657273 
 1541      5C4A6163 
 1541      6F625C44 
 1541      6F63756D 
 1542 0248 345C4857 		.ascii	"4\\HW09 Lab Templates\\Lab 2 LED PWM.cydsn\000"
 1542      3039204C 
 1542      61622054 
 1542      656D706C 
 1542      61746573 
 1543              	.LASF7:
 1544 0271 6C6F6E67 		.ascii	"long int\000"
 1544      20696E74 
 1544      00
 1545              	.LASF2:
 1546 027a 6C6F6E67 		.ascii	"long double\000"
 1546      20646F75 
 1546      626C6500 
 1547              	.LASF3:
 1548 0286 7369676E 		.ascii	"signed char\000"
 1548      65642063 
 1548      68617200 
 1549              	.LASF41:
 1550 0292 47656E65 		.ascii	"Generated_Source\\PSoC4\\cyfitter_cfg.c\000"
 1550      72617465 
 1550      645F536F 
 1550      75726365 
 1550      5C50536F 
 1551              	.LASF26:
 1552 02b8 4359434F 		.ascii	"CYCONFIGCPYCODE\000"
 1552      4E464947 
 1552      43505943 
 1552      4F444500 
ARM GAS  C:\Users\Jacob\AppData\Local\Temp\ccN4vXYt.s 			page 37


 1553              	.LASF24:
 1554 02c8 4359434F 		.ascii	"CYCONFIGCPY\000"
 1554      4E464947 
 1554      43505900 
 1555              		.ident	"GCC: (GNU Tools for ARM Embedded Processors) 5.4.1 20160609 (release) [ARM/embedded-5-bran
