ARM GAS  C:\Users\Jacob\AppData\Local\Temp\ccEUB9F3.s 			page 1


   1              		.syntax unified
   2              		.cpu cortex-m0
   3              		.fpu softvfp
   4              		.eabi_attribute 20, 1
   5              		.eabi_attribute 21, 1
   6              		.eabi_attribute 23, 3
   7              		.eabi_attribute 24, 1
   8              		.eabi_attribute 25, 1
   9              		.eabi_attribute 26, 1
  10              		.eabi_attribute 30, 6
  11              		.eabi_attribute 34, 0
  12              		.eabi_attribute 18, 4
  13              		.thumb
  14              		.syntax unified
  15              		.file	"main.c"
  16              		.text
  17              	.Ltext0:
  18              		.cfi_sections	.debug_frame
  19              		.section	.text.main,"ax",%progbits
  20              		.align	2
  21              		.global	main
  22              		.code	16
  23              		.thumb_func
  24              		.type	main, %function
  25              	main:
  26              	.LFB35:
  27              		.file 1 "main.c"
   1:main.c        **** #include <device.h>
   2:main.c        **** 
   3:main.c        **** int main()
   4:main.c        **** {
  28              		.loc 1 4 0
  29              		.cfi_startproc
  30              		@ args = 0, pretend = 0, frame = 8
  31              		@ frame_needed = 1, uses_anonymous_args = 0
  32 0000 80B5     		push	{r7, lr}
  33              		.cfi_def_cfa_offset 8
  34              		.cfi_offset 7, -8
  35              		.cfi_offset 14, -4
  36 0002 82B0     		sub	sp, sp, #8
  37              		.cfi_def_cfa_offset 16
  38 0004 00AF     		add	r7, sp, #0
  39              		.cfi_def_cfa_register 7
   5:main.c        ****     /* Place your initialization/startup code here (e.g. MyInst_Start()) */
   6:main.c        ****     uint16 PWMCompare;
   7:main.c        ****     PWM_Start(); /* Replace this line with the PWM start API */
  40              		.loc 1 7 0
  41 0006 FFF7FEFF 		bl	PWM_Start
  42              	.L3:
   8:main.c        **** 
   9:main.c        ****     /* CyGlobalIntEnable; */ /* Uncomment this line to enable global interrupts. */
  10:main.c        ****     for(;;)
  11:main.c        ****     {
  12:main.c        ****         /* Place your application code here. */
  13:main.c        ****         PWMCompare = PWMCompare + 1;
  43              		.loc 1 13 0
  44 000a BB1D     		adds	r3, r7, #6
ARM GAS  C:\Users\Jacob\AppData\Local\Temp\ccEUB9F3.s 			page 2


  45 000c BA1D     		adds	r2, r7, #6
  46 000e 1288     		ldrh	r2, [r2]
  47 0010 0132     		adds	r2, r2, #1
  48 0012 1A80     		strh	r2, [r3]
  14:main.c        ****         if( PWMCompare >= 1000 )
  49              		.loc 1 14 0
  50 0014 BB1D     		adds	r3, r7, #6
  51 0016 1B88     		ldrh	r3, [r3]
  52 0018 064A     		ldr	r2, .L4
  53 001a 9342     		cmp	r3, r2
  54 001c 02D9     		bls	.L2
  15:main.c        ****             PWMCompare = 0;
  55              		.loc 1 15 0
  56 001e BB1D     		adds	r3, r7, #6
  57 0020 0022     		movs	r2, #0
  58 0022 1A80     		strh	r2, [r3]
  59              	.L2:
  16:main.c        ****         PWM_WriteCompare(750); /* Replace this line with the PWM write compare API */
  60              		.loc 1 16 0
  61 0024 044B     		ldr	r3, .L4+4
  62 0026 1800     		movs	r0, r3
  63 0028 FFF7FEFF 		bl	PWM_WriteCompare
  17:main.c        ****         CyDelay(1);
  64              		.loc 1 17 0
  65 002c 0120     		movs	r0, #1
  66 002e FFF7FEFF 		bl	CyDelay
  18:main.c        ****     }
  67              		.loc 1 18 0
  68 0032 EAE7     		b	.L3
  69              	.L5:
  70              		.align	2
  71              	.L4:
  72 0034 E7030000 		.word	999
  73 0038 EE020000 		.word	750
  74              		.cfi_endproc
  75              	.LFE35:
  76              		.size	main, .-main
  77              		.text
  78              	.Letext0:
  79              		.file 2 "Generated_Source\\PSoC4/cytypes.h"
  80              		.section	.debug_info,"",%progbits
  81              	.Ldebug_info0:
  82 0000 BB000000 		.4byte	0xbb
  83 0004 0400     		.2byte	0x4
  84 0006 00000000 		.4byte	.Ldebug_abbrev0
  85 000a 04       		.byte	0x4
  86 000b 01       		.uleb128 0x1
  87 000c 22000000 		.4byte	.LASF14
  88 0010 0C       		.byte	0xc
  89 0011 1B000000 		.4byte	.LASF15
  90 0015 D3000000 		.4byte	.LASF16
  91 0019 00000000 		.4byte	.Ldebug_ranges0+0
  92 001d 00000000 		.4byte	0
  93 0021 00000000 		.4byte	.Ldebug_line0
  94 0025 02       		.uleb128 0x2
  95 0026 01       		.byte	0x1
  96 0027 06       		.byte	0x6
ARM GAS  C:\Users\Jacob\AppData\Local\Temp\ccEUB9F3.s 			page 3


  97 0028 76010000 		.4byte	.LASF0
  98 002c 02       		.uleb128 0x2
  99 002d 01       		.byte	0x1
 100 002e 08       		.byte	0x8
 101 002f 40010000 		.4byte	.LASF1
 102 0033 02       		.uleb128 0x2
 103 0034 02       		.byte	0x2
 104 0035 05       		.byte	0x5
 105 0036 93010000 		.4byte	.LASF2
 106 003a 02       		.uleb128 0x2
 107 003b 02       		.byte	0x2
 108 003c 07       		.byte	0x7
 109 003d 63010000 		.4byte	.LASF3
 110 0041 02       		.uleb128 0x2
 111 0042 04       		.byte	0x4
 112 0043 05       		.byte	0x5
 113 0044 53010000 		.4byte	.LASF4
 114 0048 02       		.uleb128 0x2
 115 0049 04       		.byte	0x4
 116 004a 07       		.byte	0x7
 117 004b B0000000 		.4byte	.LASF5
 118 004f 02       		.uleb128 0x2
 119 0050 08       		.byte	0x8
 120 0051 05       		.byte	0x5
 121 0052 00000000 		.4byte	.LASF6
 122 0056 02       		.uleb128 0x2
 123 0057 08       		.byte	0x8
 124 0058 07       		.byte	0x7
 125 0059 29010000 		.4byte	.LASF7
 126 005d 03       		.uleb128 0x3
 127 005e 04       		.byte	0x4
 128 005f 05       		.byte	0x5
 129 0060 696E7400 		.ascii	"int\000"
 130 0064 02       		.uleb128 0x2
 131 0065 04       		.byte	0x4
 132 0066 07       		.byte	0x7
 133 0067 0E000000 		.4byte	.LASF8
 134 006b 04       		.uleb128 0x4
 135 006c 9D010000 		.4byte	.LASF17
 136 0070 02       		.byte	0x2
 137 0071 D301     		.2byte	0x1d3
 138 0073 3A000000 		.4byte	0x3a
 139 0077 02       		.uleb128 0x2
 140 0078 04       		.byte	0x4
 141 0079 04       		.byte	0x4
 142 007a CD000000 		.4byte	.LASF9
 143 007e 02       		.uleb128 0x2
 144 007f 08       		.byte	0x8
 145 0080 04       		.byte	0x4
 146 0081 5C010000 		.4byte	.LASF10
 147 0085 02       		.uleb128 0x2
 148 0086 01       		.byte	0x1
 149 0087 08       		.byte	0x8
 150 0088 4E010000 		.4byte	.LASF11
 151 008c 02       		.uleb128 0x2
 152 008d 08       		.byte	0x8
 153 008e 04       		.byte	0x4
ARM GAS  C:\Users\Jacob\AppData\Local\Temp\ccEUB9F3.s 			page 4


 154 008f 87010000 		.4byte	.LASF12
 155 0093 02       		.uleb128 0x2
 156 0094 04       		.byte	0x4
 157 0095 07       		.byte	0x7
 158 0096 A4010000 		.4byte	.LASF13
 159 009a 05       		.uleb128 0x5
 160 009b 82010000 		.4byte	.LASF18
 161 009f 01       		.byte	0x1
 162 00a0 03       		.byte	0x3
 163 00a1 5D000000 		.4byte	0x5d
 164 00a5 00000000 		.4byte	.LFB35
 165 00a9 3C000000 		.4byte	.LFE35-.LFB35
 166 00ad 01       		.uleb128 0x1
 167 00ae 9C       		.byte	0x9c
 168 00af 06       		.uleb128 0x6
 169 00b0 C2000000 		.4byte	.LASF19
 170 00b4 01       		.byte	0x1
 171 00b5 06       		.byte	0x6
 172 00b6 6B000000 		.4byte	0x6b
 173 00ba 02       		.uleb128 0x2
 174 00bb 91       		.byte	0x91
 175 00bc 76       		.sleb128 -10
 176 00bd 00       		.byte	0
 177 00be 00       		.byte	0
 178              		.section	.debug_abbrev,"",%progbits
 179              	.Ldebug_abbrev0:
 180 0000 01       		.uleb128 0x1
 181 0001 11       		.uleb128 0x11
 182 0002 01       		.byte	0x1
 183 0003 25       		.uleb128 0x25
 184 0004 0E       		.uleb128 0xe
 185 0005 13       		.uleb128 0x13
 186 0006 0B       		.uleb128 0xb
 187 0007 03       		.uleb128 0x3
 188 0008 0E       		.uleb128 0xe
 189 0009 1B       		.uleb128 0x1b
 190 000a 0E       		.uleb128 0xe
 191 000b 55       		.uleb128 0x55
 192 000c 17       		.uleb128 0x17
 193 000d 11       		.uleb128 0x11
 194 000e 01       		.uleb128 0x1
 195 000f 10       		.uleb128 0x10
 196 0010 17       		.uleb128 0x17
 197 0011 00       		.byte	0
 198 0012 00       		.byte	0
 199 0013 02       		.uleb128 0x2
 200 0014 24       		.uleb128 0x24
 201 0015 00       		.byte	0
 202 0016 0B       		.uleb128 0xb
 203 0017 0B       		.uleb128 0xb
 204 0018 3E       		.uleb128 0x3e
 205 0019 0B       		.uleb128 0xb
 206 001a 03       		.uleb128 0x3
 207 001b 0E       		.uleb128 0xe
 208 001c 00       		.byte	0
 209 001d 00       		.byte	0
 210 001e 03       		.uleb128 0x3
ARM GAS  C:\Users\Jacob\AppData\Local\Temp\ccEUB9F3.s 			page 5


 211 001f 24       		.uleb128 0x24
 212 0020 00       		.byte	0
 213 0021 0B       		.uleb128 0xb
 214 0022 0B       		.uleb128 0xb
 215 0023 3E       		.uleb128 0x3e
 216 0024 0B       		.uleb128 0xb
 217 0025 03       		.uleb128 0x3
 218 0026 08       		.uleb128 0x8
 219 0027 00       		.byte	0
 220 0028 00       		.byte	0
 221 0029 04       		.uleb128 0x4
 222 002a 16       		.uleb128 0x16
 223 002b 00       		.byte	0
 224 002c 03       		.uleb128 0x3
 225 002d 0E       		.uleb128 0xe
 226 002e 3A       		.uleb128 0x3a
 227 002f 0B       		.uleb128 0xb
 228 0030 3B       		.uleb128 0x3b
 229 0031 05       		.uleb128 0x5
 230 0032 49       		.uleb128 0x49
 231 0033 13       		.uleb128 0x13
 232 0034 00       		.byte	0
 233 0035 00       		.byte	0
 234 0036 05       		.uleb128 0x5
 235 0037 2E       		.uleb128 0x2e
 236 0038 01       		.byte	0x1
 237 0039 3F       		.uleb128 0x3f
 238 003a 19       		.uleb128 0x19
 239 003b 03       		.uleb128 0x3
 240 003c 0E       		.uleb128 0xe
 241 003d 3A       		.uleb128 0x3a
 242 003e 0B       		.uleb128 0xb
 243 003f 3B       		.uleb128 0x3b
 244 0040 0B       		.uleb128 0xb
 245 0041 49       		.uleb128 0x49
 246 0042 13       		.uleb128 0x13
 247 0043 11       		.uleb128 0x11
 248 0044 01       		.uleb128 0x1
 249 0045 12       		.uleb128 0x12
 250 0046 06       		.uleb128 0x6
 251 0047 40       		.uleb128 0x40
 252 0048 18       		.uleb128 0x18
 253 0049 9642     		.uleb128 0x2116
 254 004b 19       		.uleb128 0x19
 255 004c 00       		.byte	0
 256 004d 00       		.byte	0
 257 004e 06       		.uleb128 0x6
 258 004f 34       		.uleb128 0x34
 259 0050 00       		.byte	0
 260 0051 03       		.uleb128 0x3
 261 0052 0E       		.uleb128 0xe
 262 0053 3A       		.uleb128 0x3a
 263 0054 0B       		.uleb128 0xb
 264 0055 3B       		.uleb128 0x3b
 265 0056 0B       		.uleb128 0xb
 266 0057 49       		.uleb128 0x49
 267 0058 13       		.uleb128 0x13
ARM GAS  C:\Users\Jacob\AppData\Local\Temp\ccEUB9F3.s 			page 6


 268 0059 02       		.uleb128 0x2
 269 005a 18       		.uleb128 0x18
 270 005b 00       		.byte	0
 271 005c 00       		.byte	0
 272 005d 00       		.byte	0
 273              		.section	.debug_aranges,"",%progbits
 274 0000 1C000000 		.4byte	0x1c
 275 0004 0200     		.2byte	0x2
 276 0006 00000000 		.4byte	.Ldebug_info0
 277 000a 04       		.byte	0x4
 278 000b 00       		.byte	0
 279 000c 0000     		.2byte	0
 280 000e 0000     		.2byte	0
 281 0010 00000000 		.4byte	.LFB35
 282 0014 3C000000 		.4byte	.LFE35-.LFB35
 283 0018 00000000 		.4byte	0
 284 001c 00000000 		.4byte	0
 285              		.section	.debug_ranges,"",%progbits
 286              	.Ldebug_ranges0:
 287 0000 00000000 		.4byte	.LFB35
 288 0004 3C000000 		.4byte	.LFE35
 289 0008 00000000 		.4byte	0
 290 000c 00000000 		.4byte	0
 291              		.section	.debug_line,"",%progbits
 292              	.Ldebug_line0:
 293 0000 5B000000 		.section	.debug_str,"MS",%progbits,1
 293      02004100 
 293      00000201 
 293      FB0E0D00 
 293      01010101 
 294              	.LASF6:
 295 0000 6C6F6E67 		.ascii	"long long int\000"
 295      206C6F6E 
 295      6720696E 
 295      7400
 296              	.LASF8:
 297 000e 756E7369 		.ascii	"unsigned int\000"
 297      676E6564 
 297      20696E74 
 297      00
 298              	.LASF15:
 299 001b 6D61696E 		.ascii	"main.c\000"
 299      2E6300
 300              	.LASF14:
 301 0022 474E5520 		.ascii	"GNU C11 5.4.1 20160609 (release) [ARM/embedded-5-br"
 301      43313120 
 301      352E342E 
 301      31203230 
 301      31363036 
 302 0055 616E6368 		.ascii	"anch revision 237715] -mcpu=cortex-m0 -mthumb -g -O"
 302      20726576 
 302      6973696F 
 302      6E203233 
 302      37373135 
 303 0088 30202D66 		.ascii	"0 -ffunction-sections -ffat-lto-objects\000"
 303      66756E63 
 303      74696F6E 
ARM GAS  C:\Users\Jacob\AppData\Local\Temp\ccEUB9F3.s 			page 7


 303      2D736563 
 303      74696F6E 
 304              	.LASF5:
 305 00b0 6C6F6E67 		.ascii	"long unsigned int\000"
 305      20756E73 
 305      69676E65 
 305      6420696E 
 305      7400
 306              	.LASF19:
 307 00c2 50574D43 		.ascii	"PWMCompare\000"
 307      6F6D7061 
 307      726500
 308              	.LASF9:
 309 00cd 666C6F61 		.ascii	"float\000"
 309      7400
 310              	.LASF16:
 311 00d3 433A5C55 		.ascii	"C:\\Users\\Jacob\\Documents\\Junior\\EGR 304\\EGR30"
 311      73657273 
 311      5C4A6163 
 311      6F625C44 
 311      6F63756D 
 312 0100 345C4857 		.ascii	"4\\HW09 Lab Templates\\Lab 2 LED PWM.cydsn\000"
 312      3039204C 
 312      61622054 
 312      656D706C 
 312      61746573 
 313              	.LASF7:
 314 0129 6C6F6E67 		.ascii	"long long unsigned int\000"
 314      206C6F6E 
 314      6720756E 
 314      7369676E 
 314      65642069 
 315              	.LASF1:
 316 0140 756E7369 		.ascii	"unsigned char\000"
 316      676E6564 
 316      20636861 
 316      7200
 317              	.LASF11:
 318 014e 63686172 		.ascii	"char\000"
 318      00
 319              	.LASF4:
 320 0153 6C6F6E67 		.ascii	"long int\000"
 320      20696E74 
 320      00
 321              	.LASF10:
 322 015c 646F7562 		.ascii	"double\000"
 322      6C6500
 323              	.LASF3:
 324 0163 73686F72 		.ascii	"short unsigned int\000"
 324      7420756E 
 324      7369676E 
 324      65642069 
 324      6E7400
 325              	.LASF0:
 326 0176 7369676E 		.ascii	"signed char\000"
 326      65642063 
 326      68617200 
ARM GAS  C:\Users\Jacob\AppData\Local\Temp\ccEUB9F3.s 			page 8


 327              	.LASF18:
 328 0182 6D61696E 		.ascii	"main\000"
 328      00
 329              	.LASF12:
 330 0187 6C6F6E67 		.ascii	"long double\000"
 330      20646F75 
 330      626C6500 
 331              	.LASF2:
 332 0193 73686F72 		.ascii	"short int\000"
 332      7420696E 
 332      7400
 333              	.LASF17:
 334 019d 75696E74 		.ascii	"uint16\000"
 334      313600
 335              	.LASF13:
 336 01a4 73697A65 		.ascii	"sizetype\000"
 336      74797065 
 336      00
 337              		.ident	"GCC: (GNU Tools for ARM Embedded Processors) 5.4.1 20160609 (release) [ARM/embedded-5-bran
