ARM GAS  C:\Users\Jacob\AppData\Local\Temp\ccCHQ5pc.s 			page 1


   1              		.syntax unified
   2              		.cpu cortex-m0
   3              		.fpu softvfp
   4              		.eabi_attribute 20, 1
   5              		.eabi_attribute 21, 1
   6              		.eabi_attribute 23, 3
   7              		.eabi_attribute 24, 1
   8              		.eabi_attribute 25, 1
   9              		.eabi_attribute 26, 1
  10              		.eabi_attribute 30, 6
  11              		.eabi_attribute 34, 0
  12              		.eabi_attribute 18, 4
  13              		.thumb
  14              		.syntax unified
  15              		.file	"BLE_custom.c"
  16              		.text
  17              	.Ltext0:
  18              		.cfi_sections	.debug_frame
  19              		.global	cyBle_customs
  20              		.section	.rodata
  21              		.align	2
  22              		.type	cyBle_customs, %object
  23              		.size	cyBle_customs, 14
  24              	cyBle_customs:
  25 0000 0C00     		.short	12
  26 0002 0E00     		.short	14
  27 0004 0000     		.short	0
  28 0006 1000     		.short	16
  29 0008 0000     		.short	0
  30 000a 1200     		.short	18
  31 000c 0000     		.short	0
  32              		.section	.text.CyBle_CustomInit,"ax",%progbits
  33              		.align	2
  34              		.global	CyBle_CustomInit
  35              		.code	16
  36              		.thumb_func
  37              		.type	CyBle_CustomInit, %function
  38              	CyBle_CustomInit:
  39              	.LFB2:
  40              		.file 1 "Generated_Source\\PSoC4\\BLE_custom.c"
   1:Generated_Source\PSoC4/BLE_custom.c **** /***************************************************************************//**
   2:Generated_Source\PSoC4/BLE_custom.c **** * \file CYBLE_custom.c
   3:Generated_Source\PSoC4/BLE_custom.c **** * \version 3.40
   4:Generated_Source\PSoC4/BLE_custom.c **** * 
   5:Generated_Source\PSoC4/BLE_custom.c **** * \brief
   6:Generated_Source\PSoC4/BLE_custom.c **** *  Contains the source code for the Custom Service.
   7:Generated_Source\PSoC4/BLE_custom.c **** * 
   8:Generated_Source\PSoC4/BLE_custom.c **** ********************************************************************************
   9:Generated_Source\PSoC4/BLE_custom.c **** * \copyright
  10:Generated_Source\PSoC4/BLE_custom.c **** * Copyright 2014-2016, Cypress Semiconductor Corporation.  All rights reserved.
  11:Generated_Source\PSoC4/BLE_custom.c **** * You may use this file only in accordance with the license, terms, conditions,
  12:Generated_Source\PSoC4/BLE_custom.c **** * disclaimers, and limitations in the end user license agreement accompanying
  13:Generated_Source\PSoC4/BLE_custom.c **** * the software package with which this file was provided.
  14:Generated_Source\PSoC4/BLE_custom.c **** *******************************************************************************/
  15:Generated_Source\PSoC4/BLE_custom.c **** 
  16:Generated_Source\PSoC4/BLE_custom.c **** 
  17:Generated_Source\PSoC4/BLE_custom.c **** #include "BLE_eventHandler.h"
ARM GAS  C:\Users\Jacob\AppData\Local\Temp\ccCHQ5pc.s 			page 2


  18:Generated_Source\PSoC4/BLE_custom.c **** 
  19:Generated_Source\PSoC4/BLE_custom.c **** #ifdef CYBLE_CUSTOM_SERVER
  20:Generated_Source\PSoC4/BLE_custom.c **** 
  21:Generated_Source\PSoC4/BLE_custom.c **** /* If any custom service with custom characteristics is defined in the
  22:Generated_Source\PSoC4/BLE_custom.c **** * customizer's GUI their handles will be present in this array.
  23:Generated_Source\PSoC4/BLE_custom.c **** */
  24:Generated_Source\PSoC4/BLE_custom.c **** /* This array contains attribute handles for the defined Custom Services and their characteristics 
  25:Generated_Source\PSoC4/BLE_custom.c ****    The array index definitions are located in the CYBLE_custom.h file. */
  26:Generated_Source\PSoC4/BLE_custom.c **** const CYBLE_CUSTOMS_T cyBle_customs[0x01u] = {
  27:Generated_Source\PSoC4/BLE_custom.c **** 
  28:Generated_Source\PSoC4/BLE_custom.c ****     /* MESSAGE service */
  29:Generated_Source\PSoC4/BLE_custom.c ****     {
  30:Generated_Source\PSoC4/BLE_custom.c ****         0x000Cu, /* Handle of the MESSAGE service */ 
  31:Generated_Source\PSoC4/BLE_custom.c ****         {
  32:Generated_Source\PSoC4/BLE_custom.c **** 
  33:Generated_Source\PSoC4/BLE_custom.c ****             /* MESSAGE Control characteristic */
  34:Generated_Source\PSoC4/BLE_custom.c ****             {
  35:Generated_Source\PSoC4/BLE_custom.c ****                 0x000Eu, /* Handle of the MESSAGE Control characteristic */ 
  36:Generated_Source\PSoC4/BLE_custom.c ****                 
  37:Generated_Source\PSoC4/BLE_custom.c ****                 /* Array of Descriptors handles */
  38:Generated_Source\PSoC4/BLE_custom.c ****                 {
  39:Generated_Source\PSoC4/BLE_custom.c ****                     CYBLE_GATT_INVALID_ATTR_HANDLE_VALUE, 
  40:Generated_Source\PSoC4/BLE_custom.c ****                 }, 
  41:Generated_Source\PSoC4/BLE_custom.c ****             },
  42:Generated_Source\PSoC4/BLE_custom.c **** 
  43:Generated_Source\PSoC4/BLE_custom.c ****             /* SPEED Control characteristic */
  44:Generated_Source\PSoC4/BLE_custom.c ****             {
  45:Generated_Source\PSoC4/BLE_custom.c ****                 0x0010u, /* Handle of the SPEED Control characteristic */ 
  46:Generated_Source\PSoC4/BLE_custom.c ****                 
  47:Generated_Source\PSoC4/BLE_custom.c ****                 /* Array of Descriptors handles */
  48:Generated_Source\PSoC4/BLE_custom.c ****                 {
  49:Generated_Source\PSoC4/BLE_custom.c ****                     CYBLE_GATT_INVALID_ATTR_HANDLE_VALUE, 
  50:Generated_Source\PSoC4/BLE_custom.c ****                 }, 
  51:Generated_Source\PSoC4/BLE_custom.c ****             },
  52:Generated_Source\PSoC4/BLE_custom.c **** 
  53:Generated_Source\PSoC4/BLE_custom.c ****             /* BRIGHTNESS Control characteristic */
  54:Generated_Source\PSoC4/BLE_custom.c ****             {
  55:Generated_Source\PSoC4/BLE_custom.c ****                 0x0012u, /* Handle of the BRIGHTNESS Control characteristic */ 
  56:Generated_Source\PSoC4/BLE_custom.c ****                 
  57:Generated_Source\PSoC4/BLE_custom.c ****                 /* Array of Descriptors handles */
  58:Generated_Source\PSoC4/BLE_custom.c ****                 {
  59:Generated_Source\PSoC4/BLE_custom.c ****                     CYBLE_GATT_INVALID_ATTR_HANDLE_VALUE, 
  60:Generated_Source\PSoC4/BLE_custom.c ****                 }, 
  61:Generated_Source\PSoC4/BLE_custom.c ****             },
  62:Generated_Source\PSoC4/BLE_custom.c ****         }, 
  63:Generated_Source\PSoC4/BLE_custom.c ****     },
  64:Generated_Source\PSoC4/BLE_custom.c **** };
  65:Generated_Source\PSoC4/BLE_custom.c **** 
  66:Generated_Source\PSoC4/BLE_custom.c **** 
  67:Generated_Source\PSoC4/BLE_custom.c **** #endif /* (CYBLE_CUSTOM_SERVER) */
  68:Generated_Source\PSoC4/BLE_custom.c **** 
  69:Generated_Source\PSoC4/BLE_custom.c **** #ifdef CYBLE_CUSTOM_CLIENT
  70:Generated_Source\PSoC4/BLE_custom.c ****     
  71:Generated_Source\PSoC4/BLE_custom.c **** 
  72:Generated_Source\PSoC4/BLE_custom.c **** static uint16 cyBle_customDisServIndex;
  73:Generated_Source\PSoC4/BLE_custom.c **** static uint16 cyBle_customDisCharIndex;
  74:Generated_Source\PSoC4/BLE_custom.c **** 
ARM GAS  C:\Users\Jacob\AppData\Local\Temp\ccCHQ5pc.s 			page 3


  75:Generated_Source\PSoC4/BLE_custom.c **** #endif /* (CYBLE_CUSTOM_CLIENT) */
  76:Generated_Source\PSoC4/BLE_custom.c **** 
  77:Generated_Source\PSoC4/BLE_custom.c **** 
  78:Generated_Source\PSoC4/BLE_custom.c **** /****************************************************************************** 
  79:Generated_Source\PSoC4/BLE_custom.c **** * Function Name: CyBle_CustomInit
  80:Generated_Source\PSoC4/BLE_custom.c **** ***************************************************************************//**
  81:Generated_Source\PSoC4/BLE_custom.c **** * 
  82:Generated_Source\PSoC4/BLE_custom.c **** *  This function initializes Custom Service.
  83:Generated_Source\PSoC4/BLE_custom.c **** * 
  84:Generated_Source\PSoC4/BLE_custom.c **** * \return
  85:Generated_Source\PSoC4/BLE_custom.c **** *  None
  86:Generated_Source\PSoC4/BLE_custom.c **** * 
  87:Generated_Source\PSoC4/BLE_custom.c **** ******************************************************************************/
  88:Generated_Source\PSoC4/BLE_custom.c **** void CyBle_CustomInit(void)
  89:Generated_Source\PSoC4/BLE_custom.c **** {
  41              		.loc 1 89 0
  42              		.cfi_startproc
  43              		@ args = 0, pretend = 0, frame = 0
  44              		@ frame_needed = 1, uses_anonymous_args = 0
  45 0000 80B5     		push	{r7, lr}
  46              		.cfi_def_cfa_offset 8
  47              		.cfi_offset 7, -8
  48              		.cfi_offset 14, -4
  49 0002 00AF     		add	r7, sp, #0
  50              		.cfi_def_cfa_register 7
  90:Generated_Source\PSoC4/BLE_custom.c ****     
  91:Generated_Source\PSoC4/BLE_custom.c **** #ifdef CYBLE_CUSTOM_CLIENT
  92:Generated_Source\PSoC4/BLE_custom.c **** 
  93:Generated_Source\PSoC4/BLE_custom.c ****     uint16 locServIndex;
  94:Generated_Source\PSoC4/BLE_custom.c ****     uint16 locCharIndex;
  95:Generated_Source\PSoC4/BLE_custom.c ****     uint16 locDescIndex;
  96:Generated_Source\PSoC4/BLE_custom.c ****     
  97:Generated_Source\PSoC4/BLE_custom.c ****     for(locServIndex = 0u; locServIndex < CYBLE_CUSTOMC_SERVICE_COUNT; locServIndex++)
  98:Generated_Source\PSoC4/BLE_custom.c ****     {
  99:Generated_Source\PSoC4/BLE_custom.c ****         if(cyBle_serverInfo[CYBLE_SRVI_CUSTOMS + locServIndex].range.startHandle == CYBLE_GATT_INVA
 100:Generated_Source\PSoC4/BLE_custom.c ****         {
 101:Generated_Source\PSoC4/BLE_custom.c ****             for(locCharIndex = 0u; locCharIndex < cyBle_customCServ[locServIndex].charCount; locCha
 102:Generated_Source\PSoC4/BLE_custom.c ****             {
 103:Generated_Source\PSoC4/BLE_custom.c ****                 cyBle_customCServ[locServIndex].customServChar[locCharIndex].
 104:Generated_Source\PSoC4/BLE_custom.c ****                     customServCharHandle = 0u;
 105:Generated_Source\PSoC4/BLE_custom.c ****                 
 106:Generated_Source\PSoC4/BLE_custom.c ****                 for(locDescIndex = 0u; locDescIndex < 
 107:Generated_Source\PSoC4/BLE_custom.c ****                     cyBle_customCServ[locServIndex].customServChar[locCharIndex].descCount; 
 108:Generated_Source\PSoC4/BLE_custom.c ****                         locDescIndex++)
 109:Generated_Source\PSoC4/BLE_custom.c ****                 {
 110:Generated_Source\PSoC4/BLE_custom.c ****                     cyBle_customCServ[locServIndex].customServChar[locCharIndex].
 111:Generated_Source\PSoC4/BLE_custom.c ****                         customServCharDesc[locDescIndex].descHandle = 0u;
 112:Generated_Source\PSoC4/BLE_custom.c ****                 }
 113:Generated_Source\PSoC4/BLE_custom.c ****             }
 114:Generated_Source\PSoC4/BLE_custom.c ****         }
 115:Generated_Source\PSoC4/BLE_custom.c ****     }
 116:Generated_Source\PSoC4/BLE_custom.c **** 
 117:Generated_Source\PSoC4/BLE_custom.c **** #endif /* (CYBLE_CUSTOM_CLIENT) */
 118:Generated_Source\PSoC4/BLE_custom.c **** }
  51              		.loc 1 118 0
  52 0004 C046     		nop
  53 0006 BD46     		mov	sp, r7
ARM GAS  C:\Users\Jacob\AppData\Local\Temp\ccCHQ5pc.s 			page 4


  54              		@ sp needed
  55 0008 80BD     		pop	{r7, pc}
  56              		.cfi_endproc
  57              	.LFE2:
  58              		.size	CyBle_CustomInit, .-CyBle_CustomInit
  59 000a C046     		.text
  60              	.Letext0:
  61              		.file 2 "Generated_Source\\PSoC4\\cytypes.h"
  62              		.file 3 "Generated_Source\\PSoC4\\BLE_StackGatt.h"
  63              		.file 4 "Generated_Source\\PSoC4\\BLE_custom.h"
  64              		.file 5 "Generated_Source\\PSoC4\\BLE_Stack.h"
  65              		.section	.debug_info,"",%progbits
  66              	.Ldebug_info0:
  67 0000 15030000 		.4byte	0x315
  68 0004 0400     		.2byte	0x4
  69 0006 00000000 		.4byte	.Ldebug_abbrev0
  70 000a 04       		.byte	0x4
  71 000b 01       		.uleb128 0x1
  72 000c 50040000 		.4byte	.LASF94
  73 0010 0C       		.byte	0xc
  74 0011 0B030000 		.4byte	.LASF95
  75 0015 7E020000 		.4byte	.LASF96
  76 0019 00000000 		.4byte	.Ldebug_ranges0+0
  77 001d 00000000 		.4byte	0
  78 0021 00000000 		.4byte	.Ldebug_line0
  79 0025 02       		.uleb128 0x2
  80 0026 01       		.byte	0x1
  81 0027 06       		.byte	0x6
  82 0028 DB050000 		.4byte	.LASF0
  83 002c 02       		.uleb128 0x2
  84 002d 01       		.byte	0x1
  85 002e 08       		.byte	0x8
  86 002f 62050000 		.4byte	.LASF1
  87 0033 02       		.uleb128 0x2
  88 0034 02       		.byte	0x2
  89 0035 05       		.byte	0x5
  90 0036 B7000000 		.4byte	.LASF2
  91 003a 02       		.uleb128 0x2
  92 003b 02       		.byte	0x2
  93 003c 07       		.byte	0x7
  94 003d BB070000 		.4byte	.LASF3
  95 0041 02       		.uleb128 0x2
  96 0042 04       		.byte	0x4
  97 0043 05       		.byte	0x5
  98 0044 7C030000 		.4byte	.LASF4
  99 0048 02       		.uleb128 0x2
 100 0049 04       		.byte	0x4
 101 004a 07       		.byte	0x7
 102 004b 6C060000 		.4byte	.LASF5
 103 004f 02       		.uleb128 0x2
 104 0050 08       		.byte	0x8
 105 0051 05       		.byte	0x5
 106 0052 23010000 		.4byte	.LASF6
 107 0056 02       		.uleb128 0x2
 108 0057 08       		.byte	0x8
 109 0058 07       		.byte	0x7
 110 0059 2F030000 		.4byte	.LASF7
ARM GAS  C:\Users\Jacob\AppData\Local\Temp\ccCHQ5pc.s 			page 5


 111 005d 03       		.uleb128 0x3
 112 005e 04       		.byte	0x4
 113 005f 05       		.byte	0x5
 114 0060 696E7400 		.ascii	"int\000"
 115 0064 02       		.uleb128 0x2
 116 0065 04       		.byte	0x4
 117 0066 07       		.byte	0x7
 118 0067 44060000 		.4byte	.LASF8
 119 006b 04       		.uleb128 0x4
 120 006c CE010000 		.4byte	.LASF86
 121 0070 02       		.byte	0x2
 122 0071 D301     		.2byte	0x1d3
 123 0073 3A000000 		.4byte	0x3a
 124 0077 02       		.uleb128 0x2
 125 0078 04       		.byte	0x4
 126 0079 04       		.byte	0x4
 127 007a C3020000 		.4byte	.LASF9
 128 007e 02       		.uleb128 0x2
 129 007f 08       		.byte	0x8
 130 0080 04       		.byte	0x4
 131 0081 8C080000 		.4byte	.LASF10
 132 0085 02       		.uleb128 0x2
 133 0086 01       		.byte	0x1
 134 0087 08       		.byte	0x8
 135 0088 9A070000 		.4byte	.LASF11
 136 008c 02       		.uleb128 0x2
 137 008d 08       		.byte	0x8
 138 008e 04       		.byte	0x4
 139 008f 30050000 		.4byte	.LASF12
 140 0093 02       		.uleb128 0x2
 141 0094 04       		.byte	0x4
 142 0095 07       		.byte	0x7
 143 0096 F9000000 		.4byte	.LASF13
 144 009a 05       		.uleb128 0x5
 145 009b 01       		.byte	0x1
 146 009c 2C000000 		.4byte	0x2c
 147 00a0 05       		.byte	0x5
 148 00a1 3501     		.2byte	0x135
 149 00a3 58020000 		.4byte	0x258
 150 00a7 06       		.uleb128 0x6
 151 00a8 28020000 		.4byte	.LASF14
 152 00ac 00       		.byte	0
 153 00ad 06       		.uleb128 0x6
 154 00ae 68010000 		.4byte	.LASF15
 155 00b2 01       		.byte	0x1
 156 00b3 06       		.uleb128 0x6
 157 00b4 120A0000 		.4byte	.LASF16
 158 00b8 02       		.byte	0x2
 159 00b9 06       		.uleb128 0x6
 160 00ba E8080000 		.4byte	.LASF17
 161 00be 03       		.byte	0x3
 162 00bf 06       		.uleb128 0x6
 163 00c0 42010000 		.4byte	.LASF18
 164 00c4 04       		.byte	0x4
 165 00c5 06       		.uleb128 0x6
 166 00c6 0E040000 		.4byte	.LASF19
 167 00ca 05       		.byte	0x5
ARM GAS  C:\Users\Jacob\AppData\Local\Temp\ccCHQ5pc.s 			page 6


 168 00cb 06       		.uleb128 0x6
 169 00cc 3E000000 		.4byte	.LASF20
 170 00d0 06       		.byte	0x6
 171 00d1 06       		.uleb128 0x6
 172 00d2 46090000 		.4byte	.LASF21
 173 00d6 20       		.byte	0x20
 174 00d7 06       		.uleb128 0x6
 175 00d8 7E060000 		.4byte	.LASF22
 176 00dc 21       		.byte	0x21
 177 00dd 06       		.uleb128 0x6
 178 00de 00000000 		.4byte	.LASF23
 179 00e2 22       		.byte	0x22
 180 00e3 06       		.uleb128 0x6
 181 00e4 2A040000 		.4byte	.LASF24
 182 00e8 23       		.byte	0x23
 183 00e9 06       		.uleb128 0x6
 184 00ea 28060000 		.4byte	.LASF25
 185 00ee 24       		.byte	0x24
 186 00ef 06       		.uleb128 0x6
 187 00f0 C1000000 		.4byte	.LASF26
 188 00f4 25       		.byte	0x25
 189 00f5 06       		.uleb128 0x6
 190 00f6 C5030000 		.4byte	.LASF27
 191 00fa 26       		.byte	0x26
 192 00fb 06       		.uleb128 0x6
 193 00fc A6030000 		.4byte	.LASF28
 194 0100 27       		.byte	0x27
 195 0101 06       		.uleb128 0x6
 196 0102 71000000 		.4byte	.LASF29
 197 0106 28       		.byte	0x28
 198 0107 06       		.uleb128 0x6
 199 0108 B6060000 		.4byte	.LASF30
 200 010c 29       		.byte	0x29
 201 010d 06       		.uleb128 0x6
 202 010e 4A070000 		.4byte	.LASF31
 203 0112 2A       		.byte	0x2a
 204 0113 06       		.uleb128 0x6
 205 0114 2C080000 		.4byte	.LASF32
 206 0118 2B       		.byte	0x2b
 207 0119 06       		.uleb128 0x6
 208 011a 0E070000 		.4byte	.LASF33
 209 011e 2C       		.byte	0x2c
 210 011f 06       		.uleb128 0x6
 211 0120 E2020000 		.4byte	.LASF34
 212 0124 2D       		.byte	0x2d
 213 0125 06       		.uleb128 0x6
 214 0126 93000000 		.4byte	.LASF35
 215 012a 2E       		.byte	0x2e
 216 012b 06       		.uleb128 0x6
 217 012c FC0A0000 		.4byte	.LASF36
 218 0130 2F       		.byte	0x2f
 219 0131 06       		.uleb128 0x6
 220 0132 02010000 		.4byte	.LASF37
 221 0136 30       		.byte	0x30
 222 0137 06       		.uleb128 0x6
 223 0138 0C050000 		.4byte	.LASF38
 224 013c 31       		.byte	0x31
ARM GAS  C:\Users\Jacob\AppData\Local\Temp\ccCHQ5pc.s 			page 7


 225 013d 06       		.uleb128 0x6
 226 013e CE070000 		.4byte	.LASF39
 227 0142 32       		.byte	0x32
 228 0143 06       		.uleb128 0x6
 229 0144 73070000 		.4byte	.LASF40
 230 0148 33       		.byte	0x33
 231 0149 06       		.uleb128 0x6
 232 014a D3060000 		.4byte	.LASF41
 233 014e 34       		.byte	0x34
 234 014f 06       		.uleb128 0x6
 235 0150 CB080000 		.4byte	.LASF42
 236 0154 35       		.byte	0x35
 237 0155 06       		.uleb128 0x6
 238 0156 5B030000 		.4byte	.LASF43
 239 015a 36       		.byte	0x36
 240 015b 06       		.uleb128 0x6
 241 015c 7B010000 		.4byte	.LASF44
 242 0160 37       		.byte	0x37
 243 0161 06       		.uleb128 0x6
 244 0162 57000000 		.4byte	.LASF45
 245 0166 40       		.byte	0x40
 246 0167 06       		.uleb128 0x6
 247 0168 51060000 		.4byte	.LASF46
 248 016c 41       		.byte	0x41
 249 016d 06       		.uleb128 0x6
 250 016e DB000000 		.4byte	.LASF47
 251 0172 42       		.byte	0x42
 252 0173 06       		.uleb128 0x6
 253 0174 B0010000 		.4byte	.LASF48
 254 0178 43       		.byte	0x43
 255 0179 06       		.uleb128 0x6
 256 017a D0090000 		.4byte	.LASF49
 257 017e 44       		.byte	0x44
 258 017f 06       		.uleb128 0x6
 259 0180 6A090000 		.4byte	.LASF50
 260 0184 45       		.byte	0x45
 261 0185 06       		.uleb128 0x6
 262 0186 AF090000 		.4byte	.LASF51
 263 018a 46       		.byte	0x46
 264 018b 06       		.uleb128 0x6
 265 018c BD050000 		.4byte	.LASF52
 266 0190 47       		.byte	0x47
 267 0191 06       		.uleb128 0x6
 268 0192 01060000 		.4byte	.LASF53
 269 0196 48       		.byte	0x48
 270 0197 06       		.uleb128 0x6
 271 0198 C9020000 		.4byte	.LASF54
 272 019c 49       		.byte	0x49
 273 019d 06       		.uleb128 0x6
 274 019e EF070000 		.4byte	.LASF55
 275 01a2 4A       		.byte	0x4a
 276 01a3 06       		.uleb128 0x6
 277 01a4 E8010000 		.4byte	.LASF56
 278 01a8 4B       		.byte	0x4b
 279 01a9 06       		.uleb128 0x6
 280 01aa E7050000 		.4byte	.LASF57
 281 01ae 4C       		.byte	0x4c
ARM GAS  C:\Users\Jacob\AppData\Local\Temp\ccCHQ5pc.s 			page 8


 282 01af 06       		.uleb128 0x6
 283 01b0 24000000 		.4byte	.LASF58
 284 01b4 4D       		.byte	0x4d
 285 01b5 06       		.uleb128 0x6
 286 01b6 91090000 		.4byte	.LASF59
 287 01ba 4E       		.byte	0x4e
 288 01bb 06       		.uleb128 0x6
 289 01bc 7F050000 		.4byte	.LASF60
 290 01c0 4F       		.byte	0x4f
 291 01c1 06       		.uleb128 0x6
 292 01c2 7D0A0000 		.4byte	.LASF61
 293 01c6 50       		.byte	0x50
 294 01c7 06       		.uleb128 0x6
 295 01c8 0D080000 		.4byte	.LASF62
 296 01cc 51       		.byte	0x51
 297 01cd 06       		.uleb128 0x6
 298 01ce ED030000 		.4byte	.LASF63
 299 01d2 52       		.byte	0x52
 300 01d3 06       		.uleb128 0x6
 301 01d4 85030000 		.4byte	.LASF64
 302 01d8 53       		.byte	0x53
 303 01d9 06       		.uleb128 0x6
 304 01da 07020000 		.4byte	.LASF65
 305 01de 54       		.byte	0x54
 306 01df 06       		.uleb128 0x6
 307 01e0 C60A0000 		.4byte	.LASF66
 308 01e4 55       		.byte	0x55
 309 01e5 06       		.uleb128 0x6
 310 01e6 5B0A0000 		.4byte	.LASF67
 311 01ea 56       		.byte	0x56
 312 01eb 06       		.uleb128 0x6
 313 01ec 320A0000 		.4byte	.LASF68
 314 01f0 57       		.byte	0x57
 315 01f1 06       		.uleb128 0x6
 316 01f2 EB060000 		.4byte	.LASF69
 317 01f6 58       		.byte	0x58
 318 01f7 06       		.uleb128 0x6
 319 01f8 3C050000 		.4byte	.LASF70
 320 01fc 70       		.byte	0x70
 321 01fd 06       		.uleb128 0x6
 322 01fe 20090000 		.4byte	.LASF71
 323 0202 71       		.byte	0x71
 324 0203 06       		.uleb128 0x6
 325 0204 9F070000 		.4byte	.LASF72
 326 0208 72       		.byte	0x72
 327 0209 06       		.uleb128 0x6
 328 020a 3F020000 		.4byte	.LASF73
 329 020e 73       		.byte	0x73
 330 020f 06       		.uleb128 0x6
 331 0210 EE040000 		.4byte	.LASF74
 332 0214 74       		.byte	0x74
 333 0215 06       		.uleb128 0x6
 334 0216 95060000 		.4byte	.LASF75
 335 021a 75       		.byte	0x75
 336 021b 06       		.uleb128 0x6
 337 021c 5D020000 		.4byte	.LASF76
 338 0220 76       		.byte	0x76
ARM GAS  C:\Users\Jacob\AppData\Local\Temp\ccCHQ5pc.s 			page 9


 339 0221 06       		.uleb128 0x6
 340 0222 01090000 		.4byte	.LASF77
 341 0226 77       		.byte	0x77
 342 0227 06       		.uleb128 0x6
 343 0228 69080000 		.4byte	.LASF78
 344 022c 78       		.byte	0x78
 345 022d 06       		.uleb128 0x6
 346 022e 93080000 		.4byte	.LASF79
 347 0232 79       		.byte	0x79
 348 0233 06       		.uleb128 0x6
 349 0234 EE090000 		.4byte	.LASF80
 350 0238 7A       		.byte	0x7a
 351 0239 06       		.uleb128 0x6
 352 023a 4B080000 		.4byte	.LASF81
 353 023e FA       		.byte	0xfa
 354 023f 06       		.uleb128 0x6
 355 0240 9E050000 		.4byte	.LASF82
 356 0244 FB       		.byte	0xfb
 357 0245 06       		.uleb128 0x6
 358 0246 EA0A0000 		.4byte	.LASF83
 359 024a FC       		.byte	0xfc
 360 024b 06       		.uleb128 0x6
 361 024c 32070000 		.4byte	.LASF84
 362 0250 FD       		.byte	0xfd
 363 0251 06       		.uleb128 0x6
 364 0252 240A0000 		.4byte	.LASF85
 365 0256 FF       		.byte	0xff
 366 0257 00       		.byte	0
 367 0258 04       		.uleb128 0x4
 368 0259 9C0A0000 		.4byte	.LASF87
 369 025d 03       		.byte	0x3
 370 025e 8901     		.2byte	0x189
 371 0260 6B000000 		.4byte	0x6b
 372 0264 07       		.uleb128 0x7
 373 0265 04       		.byte	0x4
 374 0266 04       		.byte	0x4
 375 0267 45       		.byte	0x45
 376 0268 85020000 		.4byte	0x285
 377 026c 08       		.uleb128 0x8
 378 026d B6080000 		.4byte	.LASF88
 379 0271 04       		.byte	0x4
 380 0272 48       		.byte	0x48
 381 0273 58020000 		.4byte	0x258
 382 0277 00       		.byte	0
 383 0278 08       		.uleb128 0x8
 384 0279 D5010000 		.4byte	.LASF89
 385 027d 04       		.byte	0x4
 386 027e 4A       		.byte	0x4a
 387 027f 85020000 		.4byte	0x285
 388 0283 02       		.byte	0x2
 389 0284 00       		.byte	0
 390 0285 09       		.uleb128 0x9
 391 0286 58020000 		.4byte	0x258
 392 028a 95020000 		.4byte	0x295
 393 028e 0A       		.uleb128 0xa
 394 028f 93000000 		.4byte	0x93
 395 0293 00       		.byte	0
ARM GAS  C:\Users\Jacob\AppData\Local\Temp\ccCHQ5pc.s 			page 10


 396 0294 00       		.byte	0
 397 0295 0B       		.uleb128 0xb
 398 0296 46030000 		.4byte	.LASF90
 399 029a 04       		.byte	0x4
 400 029b 4C       		.byte	0x4c
 401 029c 64020000 		.4byte	0x264
 402 02a0 07       		.uleb128 0x7
 403 02a1 0E       		.byte	0xe
 404 02a2 04       		.byte	0x4
 405 02a3 4F       		.byte	0x4f
 406 02a4 C1020000 		.4byte	0x2c1
 407 02a8 08       		.uleb128 0x8
 408 02a9 31010000 		.4byte	.LASF91
 409 02ad 04       		.byte	0x4
 410 02ae 52       		.byte	0x52
 411 02af 58020000 		.4byte	0x258
 412 02b3 00       		.byte	0
 413 02b4 08       		.uleb128 0x8
 414 02b5 70050000 		.4byte	.LASF92
 415 02b9 04       		.byte	0x4
 416 02ba 55       		.byte	0x55
 417 02bb C1020000 		.4byte	0x2c1
 418 02bf 02       		.byte	0x2
 419 02c0 00       		.byte	0
 420 02c1 09       		.uleb128 0x9
 421 02c2 95020000 		.4byte	0x295
 422 02c6 D1020000 		.4byte	0x2d1
 423 02ca 0A       		.uleb128 0xa
 424 02cb 93000000 		.4byte	0x93
 425 02cf 02       		.byte	0x2
 426 02d0 00       		.byte	0
 427 02d1 0B       		.uleb128 0xb
 428 02d2 DE040000 		.4byte	.LASF93
 429 02d6 04       		.byte	0x4
 430 02d7 57       		.byte	0x57
 431 02d8 A0020000 		.4byte	0x2a0
 432 02dc 0C       		.uleb128 0xc
 433 02dd 57010000 		.4byte	.LASF97
 434 02e1 01       		.byte	0x1
 435 02e2 58       		.byte	0x58
 436 02e3 00000000 		.4byte	.LFB2
 437 02e7 0A000000 		.4byte	.LFE2-.LFB2
 438 02eb 01       		.uleb128 0x1
 439 02ec 9C       		.byte	0x9c
 440 02ed 09       		.uleb128 0x9
 441 02ee FD020000 		.4byte	0x2fd
 442 02f2 FD020000 		.4byte	0x2fd
 443 02f6 0A       		.uleb128 0xa
 444 02f7 93000000 		.4byte	0x93
 445 02fb 00       		.byte	0
 446 02fc 00       		.byte	0
 447 02fd 0D       		.uleb128 0xd
 448 02fe D1020000 		.4byte	0x2d1
 449 0302 0E       		.uleb128 0xe
 450 0303 B80A0000 		.4byte	.LASF98
 451 0307 01       		.byte	0x1
 452 0308 1A       		.byte	0x1a
ARM GAS  C:\Users\Jacob\AppData\Local\Temp\ccCHQ5pc.s 			page 11


 453 0309 13030000 		.4byte	0x313
 454 030d 05       		.uleb128 0x5
 455 030e 03       		.byte	0x3
 456 030f 00000000 		.4byte	cyBle_customs
 457 0313 0D       		.uleb128 0xd
 458 0314 ED020000 		.4byte	0x2ed
 459 0318 00       		.byte	0
 460              		.section	.debug_abbrev,"",%progbits
 461              	.Ldebug_abbrev0:
 462 0000 01       		.uleb128 0x1
 463 0001 11       		.uleb128 0x11
 464 0002 01       		.byte	0x1
 465 0003 25       		.uleb128 0x25
 466 0004 0E       		.uleb128 0xe
 467 0005 13       		.uleb128 0x13
 468 0006 0B       		.uleb128 0xb
 469 0007 03       		.uleb128 0x3
 470 0008 0E       		.uleb128 0xe
 471 0009 1B       		.uleb128 0x1b
 472 000a 0E       		.uleb128 0xe
 473 000b 55       		.uleb128 0x55
 474 000c 17       		.uleb128 0x17
 475 000d 11       		.uleb128 0x11
 476 000e 01       		.uleb128 0x1
 477 000f 10       		.uleb128 0x10
 478 0010 17       		.uleb128 0x17
 479 0011 00       		.byte	0
 480 0012 00       		.byte	0
 481 0013 02       		.uleb128 0x2
 482 0014 24       		.uleb128 0x24
 483 0015 00       		.byte	0
 484 0016 0B       		.uleb128 0xb
 485 0017 0B       		.uleb128 0xb
 486 0018 3E       		.uleb128 0x3e
 487 0019 0B       		.uleb128 0xb
 488 001a 03       		.uleb128 0x3
 489 001b 0E       		.uleb128 0xe
 490 001c 00       		.byte	0
 491 001d 00       		.byte	0
 492 001e 03       		.uleb128 0x3
 493 001f 24       		.uleb128 0x24
 494 0020 00       		.byte	0
 495 0021 0B       		.uleb128 0xb
 496 0022 0B       		.uleb128 0xb
 497 0023 3E       		.uleb128 0x3e
 498 0024 0B       		.uleb128 0xb
 499 0025 03       		.uleb128 0x3
 500 0026 08       		.uleb128 0x8
 501 0027 00       		.byte	0
 502 0028 00       		.byte	0
 503 0029 04       		.uleb128 0x4
 504 002a 16       		.uleb128 0x16
 505 002b 00       		.byte	0
 506 002c 03       		.uleb128 0x3
 507 002d 0E       		.uleb128 0xe
 508 002e 3A       		.uleb128 0x3a
 509 002f 0B       		.uleb128 0xb
ARM GAS  C:\Users\Jacob\AppData\Local\Temp\ccCHQ5pc.s 			page 12


 510 0030 3B       		.uleb128 0x3b
 511 0031 05       		.uleb128 0x5
 512 0032 49       		.uleb128 0x49
 513 0033 13       		.uleb128 0x13
 514 0034 00       		.byte	0
 515 0035 00       		.byte	0
 516 0036 05       		.uleb128 0x5
 517 0037 04       		.uleb128 0x4
 518 0038 01       		.byte	0x1
 519 0039 0B       		.uleb128 0xb
 520 003a 0B       		.uleb128 0xb
 521 003b 49       		.uleb128 0x49
 522 003c 13       		.uleb128 0x13
 523 003d 3A       		.uleb128 0x3a
 524 003e 0B       		.uleb128 0xb
 525 003f 3B       		.uleb128 0x3b
 526 0040 05       		.uleb128 0x5
 527 0041 01       		.uleb128 0x1
 528 0042 13       		.uleb128 0x13
 529 0043 00       		.byte	0
 530 0044 00       		.byte	0
 531 0045 06       		.uleb128 0x6
 532 0046 28       		.uleb128 0x28
 533 0047 00       		.byte	0
 534 0048 03       		.uleb128 0x3
 535 0049 0E       		.uleb128 0xe
 536 004a 1C       		.uleb128 0x1c
 537 004b 0B       		.uleb128 0xb
 538 004c 00       		.byte	0
 539 004d 00       		.byte	0
 540 004e 07       		.uleb128 0x7
 541 004f 13       		.uleb128 0x13
 542 0050 01       		.byte	0x1
 543 0051 0B       		.uleb128 0xb
 544 0052 0B       		.uleb128 0xb
 545 0053 3A       		.uleb128 0x3a
 546 0054 0B       		.uleb128 0xb
 547 0055 3B       		.uleb128 0x3b
 548 0056 0B       		.uleb128 0xb
 549 0057 01       		.uleb128 0x1
 550 0058 13       		.uleb128 0x13
 551 0059 00       		.byte	0
 552 005a 00       		.byte	0
 553 005b 08       		.uleb128 0x8
 554 005c 0D       		.uleb128 0xd
 555 005d 00       		.byte	0
 556 005e 03       		.uleb128 0x3
 557 005f 0E       		.uleb128 0xe
 558 0060 3A       		.uleb128 0x3a
 559 0061 0B       		.uleb128 0xb
 560 0062 3B       		.uleb128 0x3b
 561 0063 0B       		.uleb128 0xb
 562 0064 49       		.uleb128 0x49
 563 0065 13       		.uleb128 0x13
 564 0066 38       		.uleb128 0x38
 565 0067 0B       		.uleb128 0xb
 566 0068 00       		.byte	0
ARM GAS  C:\Users\Jacob\AppData\Local\Temp\ccCHQ5pc.s 			page 13


 567 0069 00       		.byte	0
 568 006a 09       		.uleb128 0x9
 569 006b 01       		.uleb128 0x1
 570 006c 01       		.byte	0x1
 571 006d 49       		.uleb128 0x49
 572 006e 13       		.uleb128 0x13
 573 006f 01       		.uleb128 0x1
 574 0070 13       		.uleb128 0x13
 575 0071 00       		.byte	0
 576 0072 00       		.byte	0
 577 0073 0A       		.uleb128 0xa
 578 0074 21       		.uleb128 0x21
 579 0075 00       		.byte	0
 580 0076 49       		.uleb128 0x49
 581 0077 13       		.uleb128 0x13
 582 0078 2F       		.uleb128 0x2f
 583 0079 0B       		.uleb128 0xb
 584 007a 00       		.byte	0
 585 007b 00       		.byte	0
 586 007c 0B       		.uleb128 0xb
 587 007d 16       		.uleb128 0x16
 588 007e 00       		.byte	0
 589 007f 03       		.uleb128 0x3
 590 0080 0E       		.uleb128 0xe
 591 0081 3A       		.uleb128 0x3a
 592 0082 0B       		.uleb128 0xb
 593 0083 3B       		.uleb128 0x3b
 594 0084 0B       		.uleb128 0xb
 595 0085 49       		.uleb128 0x49
 596 0086 13       		.uleb128 0x13
 597 0087 00       		.byte	0
 598 0088 00       		.byte	0
 599 0089 0C       		.uleb128 0xc
 600 008a 2E       		.uleb128 0x2e
 601 008b 00       		.byte	0
 602 008c 3F       		.uleb128 0x3f
 603 008d 19       		.uleb128 0x19
 604 008e 03       		.uleb128 0x3
 605 008f 0E       		.uleb128 0xe
 606 0090 3A       		.uleb128 0x3a
 607 0091 0B       		.uleb128 0xb
 608 0092 3B       		.uleb128 0x3b
 609 0093 0B       		.uleb128 0xb
 610 0094 27       		.uleb128 0x27
 611 0095 19       		.uleb128 0x19
 612 0096 11       		.uleb128 0x11
 613 0097 01       		.uleb128 0x1
 614 0098 12       		.uleb128 0x12
 615 0099 06       		.uleb128 0x6
 616 009a 40       		.uleb128 0x40
 617 009b 18       		.uleb128 0x18
 618 009c 9742     		.uleb128 0x2117
 619 009e 19       		.uleb128 0x19
 620 009f 00       		.byte	0
 621 00a0 00       		.byte	0
 622 00a1 0D       		.uleb128 0xd
 623 00a2 26       		.uleb128 0x26
ARM GAS  C:\Users\Jacob\AppData\Local\Temp\ccCHQ5pc.s 			page 14


 624 00a3 00       		.byte	0
 625 00a4 49       		.uleb128 0x49
 626 00a5 13       		.uleb128 0x13
 627 00a6 00       		.byte	0
 628 00a7 00       		.byte	0
 629 00a8 0E       		.uleb128 0xe
 630 00a9 34       		.uleb128 0x34
 631 00aa 00       		.byte	0
 632 00ab 03       		.uleb128 0x3
 633 00ac 0E       		.uleb128 0xe
 634 00ad 3A       		.uleb128 0x3a
 635 00ae 0B       		.uleb128 0xb
 636 00af 3B       		.uleb128 0x3b
 637 00b0 0B       		.uleb128 0xb
 638 00b1 49       		.uleb128 0x49
 639 00b2 13       		.uleb128 0x13
 640 00b3 3F       		.uleb128 0x3f
 641 00b4 19       		.uleb128 0x19
 642 00b5 02       		.uleb128 0x2
 643 00b6 18       		.uleb128 0x18
 644 00b7 00       		.byte	0
 645 00b8 00       		.byte	0
 646 00b9 00       		.byte	0
 647              		.section	.debug_aranges,"",%progbits
 648 0000 1C000000 		.4byte	0x1c
 649 0004 0200     		.2byte	0x2
 650 0006 00000000 		.4byte	.Ldebug_info0
 651 000a 04       		.byte	0x4
 652 000b 00       		.byte	0
 653 000c 0000     		.2byte	0
 654 000e 0000     		.2byte	0
 655 0010 00000000 		.4byte	.LFB2
 656 0014 0A000000 		.4byte	.LFE2-.LFB2
 657 0018 00000000 		.4byte	0
 658 001c 00000000 		.4byte	0
 659              		.section	.debug_ranges,"",%progbits
 660              	.Ldebug_ranges0:
 661 0000 00000000 		.4byte	.LFB2
 662 0004 0A000000 		.4byte	.LFE2
 663 0008 00000000 		.4byte	0
 664 000c 00000000 		.4byte	0
 665              		.section	.debug_line,"",%progbits
 666              	.Ldebug_line0:
 667 0000 92000000 		.section	.debug_str,"MS",%progbits,1
 667      02007900 
 667      00000201 
 667      FB0E0D00 
 667      01010101 
 668              	.LASF23:
 669 0000 4359424C 		.ascii	"CYBLE_EVT_GAP_PASSKEY_ENTRY_REQUEST\000"
 669      455F4556 
 669      545F4741 
 669      505F5041 
 669      53534B45 
 670              	.LASF58:
 671 0024 4359424C 		.ascii	"CYBLE_EVT_GATTC_WRITE_RSP\000"
 671      455F4556 
ARM GAS  C:\Users\Jacob\AppData\Local\Temp\ccCHQ5pc.s 			page 15


 671      545F4741 
 671      5454435F 
 671      57524954 
 672              	.LASF20:
 673 003e 4359424C 		.ascii	"CYBLE_EVT_MEMORY_REQUEST\000"
 673      455F4556 
 673      545F4D45 
 673      4D4F5259 
 673      5F524551 
 674              	.LASF45:
 675 0057 4359424C 		.ascii	"CYBLE_EVT_GATTC_ERROR_RSP\000"
 675      455F4556 
 675      545F4741 
 675      5454435F 
 675      4552524F 
 676              	.LASF29:
 677 0071 4359424C 		.ascii	"CYBLE_EVT_GAP_DEVICE_DISCONNECTED\000"
 677      455F4556 
 677      545F4741 
 677      505F4445 
 677      56494345 
 678              	.LASF35:
 679 0093 4359424C 		.ascii	"CYBLE_EVT_GAP_KEYPRESS_NOTIFICATION\000"
 679      455F4556 
 679      545F4741 
 679      505F4B45 
 679      59505245 
 680              	.LASF2:
 681 00b7 73686F72 		.ascii	"short int\000"
 681      7420696E 
 681      7400
 682              	.LASF26:
 683 00c1 4359424C 		.ascii	"CYBLE_EVT_GAP_AUTH_FAILED\000"
 683      455F4556 
 683      545F4741 
 683      505F4155 
 683      54485F46 
 684              	.LASF47:
 685 00db 4359424C 		.ascii	"CYBLE_EVT_GATT_DISCONNECT_IND\000"
 685      455F4556 
 685      545F4741 
 685      54545F44 
 685      4953434F 
 686              	.LASF13:
 687 00f9 73697A65 		.ascii	"sizetype\000"
 687      74797065 
 687      00
 688              	.LASF37:
 689 0102 4359424C 		.ascii	"CYBLE_EVT_GAP_DATA_LENGTH_CHANGE\000"
 689      455F4556 
 689      545F4741 
 689      505F4441 
 689      54415F4C 
 690              	.LASF6:
 691 0123 6C6F6E67 		.ascii	"long long int\000"
 691      206C6F6E 
 691      6720696E 
ARM GAS  C:\Users\Jacob\AppData\Local\Temp\ccCHQ5pc.s 			page 16


 691      7400
 692              	.LASF91:
 693 0131 63757374 		.ascii	"customServHandle\000"
 693      6F6D5365 
 693      72764861 
 693      6E646C65 
 693      00
 694              	.LASF18:
 695 0142 4359424C 		.ascii	"CYBLE_EVT_HCI_STATUS\000"
 695      455F4556 
 695      545F4843 
 695      495F5354 
 695      41545553 
 696              	.LASF97:
 697 0157 4379426C 		.ascii	"CyBle_CustomInit\000"
 697      655F4375 
 697      73746F6D 
 697      496E6974 
 697      00
 698              	.LASF15:
 699 0168 4359424C 		.ascii	"CYBLE_EVT_STACK_ON\000"
 699      455F4556 
 699      545F5354 
 699      41434B5F 
 699      4F4E00
 700              	.LASF44:
 701 017b 4359424C 		.ascii	"CYBLE_EVT_GAP_SMP_LOC_P256_KEYS_GEN_AND_SET_COMPLET"
 701      455F4556 
 701      545F4741 
 701      505F534D 
 701      505F4C4F 
 702 01ae 4500     		.ascii	"E\000"
 703              	.LASF48:
 704 01b0 4359424C 		.ascii	"CYBLE_EVT_GATTS_XCNHG_MTU_REQ\000"
 704      455F4556 
 704      545F4741 
 704      5454535F 
 704      58434E48 
 705              	.LASF86:
 706 01ce 75696E74 		.ascii	"uint16\000"
 706      313600
 707              	.LASF89:
 708 01d5 63757374 		.ascii	"customServCharDesc\000"
 708      6F6D5365 
 708      72764368 
 708      61724465 
 708      736300
 709              	.LASF56:
 710 01e8 4359424C 		.ascii	"CYBLE_EVT_GATTC_READ_MULTI_RSP\000"
 710      455F4556 
 710      545F4741 
 710      5454435F 
 710      52454144 
 711              	.LASF65:
 712 0207 4359424C 		.ascii	"CYBLE_EVT_GATTS_HANDLE_VALUE_CNF\000"
 712      455F4556 
 712      545F4741 
ARM GAS  C:\Users\Jacob\AppData\Local\Temp\ccCHQ5pc.s 			page 17


 712      5454535F 
 712      48414E44 
 713              	.LASF14:
 714 0228 4359424C 		.ascii	"CYBLE_EVT_HOST_INVALID\000"
 714      455F4556 
 714      545F484F 
 714      53545F49 
 714      4E56414C 
 715              	.LASF73:
 716 023f 4359424C 		.ascii	"CYBLE_EVT_L2CAP_CBFC_CONN_IND\000"
 716      455F4556 
 716      545F4C32 
 716      4341505F 
 716      43424643 
 717              	.LASF76:
 718 025d 4359424C 		.ascii	"CYBLE_EVT_L2CAP_CBFC_DISCONN_CNF\000"
 718      455F4556 
 718      545F4C32 
 718      4341505F 
 718      43424643 
 719              	.LASF96:
 720 027e 433A5C55 		.ascii	"C:\\Users\\Jacob\\Downloads\\CySmartDisplay\\CySmar"
 720      73657273 
 720      5C4A6163 
 720      6F625C44 
 720      6F776E6C 
 721 02ac 74446973 		.ascii	"tDisplay_Copy_01.cydsn\000"
 721      706C6179 
 721      5F436F70 
 721      795F3031 
 721      2E637964 
 722              	.LASF9:
 723 02c3 666C6F61 		.ascii	"float\000"
 723      7400
 724              	.LASF54:
 725 02c9 4359424C 		.ascii	"CYBLE_EVT_GATTC_READ_RSP\000"
 725      455F4556 
 725      545F4741 
 725      5454435F 
 725      52454144 
 726              	.LASF34:
 727 02e2 4359424C 		.ascii	"CYBLE_EVT_GAP_NUMERIC_COMPARISON_REQUEST\000"
 727      455F4556 
 727      545F4741 
 727      505F4E55 
 727      4D455249 
 728              	.LASF95:
 729 030b 47656E65 		.ascii	"Generated_Source\\PSoC4\\BLE_custom.c\000"
 729      72617465 
 729      645F536F 
 729      75726365 
 729      5C50536F 
 730              	.LASF7:
 731 032f 6C6F6E67 		.ascii	"long long unsigned int\000"
 731      206C6F6E 
 731      6720756E 
 731      7369676E 
ARM GAS  C:\Users\Jacob\AppData\Local\Temp\ccCHQ5pc.s 			page 18


 731      65642069 
 732              	.LASF90:
 733 0346 4359424C 		.ascii	"CYBLE_CUSTOMS_INFO_T\000"
 733      455F4355 
 733      53544F4D 
 733      535F494E 
 733      464F5F54 
 734              	.LASF43:
 735 035b 4359424C 		.ascii	"CYBLE_EVT_GAP_AUTH_REQ_REPLY_ERR\000"
 735      455F4556 
 735      545F4741 
 735      505F4155 
 735      54485F52 
 736              	.LASF4:
 737 037c 6C6F6E67 		.ascii	"long int\000"
 737      20696E74 
 737      00
 738              	.LASF64:
 739 0385 4359424C 		.ascii	"CYBLE_EVT_GATTC_HANDLE_VALUE_IND\000"
 739      455F4556 
 739      545F4741 
 739      5454435F 
 739      48414E44 
 740              	.LASF28:
 741 03a6 4359424C 		.ascii	"CYBLE_EVT_GAP_DEVICE_CONNECTED\000"
 741      455F4556 
 741      545F4741 
 741      505F4445 
 741      56494345 
 742              	.LASF27:
 743 03c5 4359424C 		.ascii	"CYBLE_EVT_GAPP_ADVERTISEMENT_START_STOP\000"
 743      455F4556 
 743      545F4741 
 743      50505F41 
 743      44564552 
 744              	.LASF63:
 745 03ed 4359424C 		.ascii	"CYBLE_EVT_GATTC_HANDLE_VALUE_NTF\000"
 745      455F4556 
 745      545F4741 
 745      5454435F 
 745      48414E44 
 746              	.LASF19:
 747 040e 4359424C 		.ascii	"CYBLE_EVT_STACK_BUSY_STATUS\000"
 747      455F4556 
 747      545F5354 
 747      41434B5F 
 747      42555359 
 748              	.LASF24:
 749 042a 4359424C 		.ascii	"CYBLE_EVT_GAP_PASSKEY_DISPLAY_REQUEST\000"
 749      455F4556 
 749      545F4741 
 749      505F5041 
 749      53534B45 
 750              	.LASF94:
 751 0450 474E5520 		.ascii	"GNU C11 5.4.1 20160609 (release) [ARM/embedded-5-br"
 751      43313120 
 751      352E342E 
ARM GAS  C:\Users\Jacob\AppData\Local\Temp\ccCHQ5pc.s 			page 19


 751      31203230 
 751      31363036 
 752 0483 616E6368 		.ascii	"anch revision 237715] -mcpu=cortex-m0 -mthumb -g -O"
 752      20726576 
 752      6973696F 
 752      6E203233 
 752      37373135 
 753 04b6 30202D66 		.ascii	"0 -ffunction-sections -ffat-lto-objects\000"
 753      66756E63 
 753      74696F6E 
 753      2D736563 
 753      74696F6E 
 754              	.LASF93:
 755 04de 4359424C 		.ascii	"CYBLE_CUSTOMS_T\000"
 755      455F4355 
 755      53544F4D 
 755      535F5400 
 756              	.LASF74:
 757 04ee 4359424C 		.ascii	"CYBLE_EVT_L2CAP_CBFC_CONN_CNF\000"
 757      455F4556 
 757      545F4C32 
 757      4341505F 
 757      43424643 
 758              	.LASF38:
 759 050c 4359424C 		.ascii	"CYBLE_EVT_GAP_ENHANCE_CONN_COMPLETE\000"
 759      455F4556 
 759      545F4741 
 759      505F454E 
 759      48414E43 
 760              	.LASF12:
 761 0530 6C6F6E67 		.ascii	"long double\000"
 761      20646F75 
 761      626C6500 
 762              	.LASF70:
 763 053c 4359424C 		.ascii	"CYBLE_EVT_L2CAP_CONN_PARAM_UPDATE_REQ\000"
 763      455F4556 
 763      545F4C32 
 763      4341505F 
 763      434F4E4E 
 764              	.LASF1:
 765 0562 756E7369 		.ascii	"unsigned char\000"
 765      676E6564 
 765      20636861 
 765      7200
 766              	.LASF92:
 767 0570 63757374 		.ascii	"customServInfo\000"
 767      6F6D5365 
 767      7276496E 
 767      666F00
 768              	.LASF60:
 769 057f 4359424C 		.ascii	"CYBLE_EVT_GATTS_PREP_WRITE_REQ\000"
 769      455F4556 
 769      545F4741 
 769      5454535F 
 769      50524550 
 770              	.LASF82:
 771 059e 4359424C 		.ascii	"CYBLE_EVT_LE_PING_AUTH_TIMEOUT\000"
ARM GAS  C:\Users\Jacob\AppData\Local\Temp\ccCHQ5pc.s 			page 20


 771      455F4556 
 771      545F4C45 
 771      5F50494E 
 771      475F4155 
 772              	.LASF52:
 773 05bd 4359424C 		.ascii	"CYBLE_EVT_GATTC_FIND_INFO_RSP\000"
 773      455F4556 
 773      545F4741 
 773      5454435F 
 773      46494E44 
 774              	.LASF0:
 775 05db 7369676E 		.ascii	"signed char\000"
 775      65642063 
 775      68617200 
 776              	.LASF57:
 777 05e7 4359424C 		.ascii	"CYBLE_EVT_GATTS_WRITE_REQ\000"
 777      455F4556 
 777      545F4741 
 777      5454535F 
 777      57524954 
 778              	.LASF53:
 779 0601 4359424C 		.ascii	"CYBLE_EVT_GATTC_FIND_BY_TYPE_VALUE_RSP\000"
 779      455F4556 
 779      545F4741 
 779      5454435F 
 779      46494E44 
 780              	.LASF25:
 781 0628 4359424C 		.ascii	"CYBLE_EVT_GAP_AUTH_COMPLETE\000"
 781      455F4556 
 781      545F4741 
 781      505F4155 
 781      54485F43 
 782              	.LASF8:
 783 0644 756E7369 		.ascii	"unsigned int\000"
 783      676E6564 
 783      20696E74 
 783      00
 784              	.LASF46:
 785 0651 4359424C 		.ascii	"CYBLE_EVT_GATT_CONNECT_IND\000"
 785      455F4556 
 785      545F4741 
 785      54545F43 
 785      4F4E4E45 
 786              	.LASF5:
 787 066c 6C6F6E67 		.ascii	"long unsigned int\000"
 787      20756E73 
 787      69676E65 
 787      6420696E 
 787      7400
 788              	.LASF22:
 789 067e 4359424C 		.ascii	"CYBLE_EVT_GAP_AUTH_REQ\000"
 789      455F4556 
 789      545F4741 
 789      505F4155 
 789      54485F52 
 790              	.LASF75:
 791 0695 4359424C 		.ascii	"CYBLE_EVT_L2CAP_CBFC_DISCONN_IND\000"
ARM GAS  C:\Users\Jacob\AppData\Local\Temp\ccCHQ5pc.s 			page 21


 791      455F4556 
 791      545F4C32 
 791      4341505F 
 791      43424643 
 792              	.LASF30:
 793 06b6 4359424C 		.ascii	"CYBLE_EVT_GAP_ENCRYPT_CHANGE\000"
 793      455F4556 
 793      545F4741 
 793      505F454E 
 793      43525950 
 794              	.LASF41:
 795 06d3 4359424C 		.ascii	"CYBLE_EVT_GAP_CONN_ESTB\000"
 795      455F4556 
 795      545F4741 
 795      505F434F 
 795      4E4E5F45 
 796              	.LASF69:
 797 06eb 4359424C 		.ascii	"CYBLE_EVT_GATTC_LONG_PROCEDURE_END\000"
 797      455F4556 
 797      545F4741 
 797      5454435F 
 797      4C4F4E47 
 798              	.LASF33:
 799 070e 4359424C 		.ascii	"CYBLE_EVT_GAP_KEYINFO_EXCHNGE_CMPLT\000"
 799      455F4556 
 799      545F4741 
 799      505F4B45 
 799      59494E46 
 800              	.LASF84:
 801 0732 4359424C 		.ascii	"CYBLE_EVT_FLASH_CORRUPT\000"
 801      455F4556 
 801      545F464C 
 801      4153485F 
 801      434F5252 
 802              	.LASF31:
 803 074a 4359424C 		.ascii	"CYBLE_EVT_GAP_CONNECTION_UPDATE_COMPLETE\000"
 803      455F4556 
 803      545F4741 
 803      505F434F 
 803      4E4E4543 
 804              	.LASF40:
 805 0773 4359424C 		.ascii	"CYBLE_EVT_GAP_SMP_NEGOTIATED_AUTH_INFO\000"
 805      455F4556 
 805      545F4741 
 805      505F534D 
 805      505F4E45 
 806              	.LASF11:
 807 079a 63686172 		.ascii	"char\000"
 807      00
 808              	.LASF72:
 809 079f 4359424C 		.ascii	"CYBLE_EVT_L2CAP_COMMAND_REJ\000"
 809      455F4556 
 809      545F4C32 
 809      4341505F 
 809      434F4D4D 
 810              	.LASF3:
 811 07bb 73686F72 		.ascii	"short unsigned int\000"
ARM GAS  C:\Users\Jacob\AppData\Local\Temp\ccCHQ5pc.s 			page 22


 811      7420756E 
 811      7369676E 
 811      65642069 
 811      6E7400
 812              	.LASF39:
 813 07ce 4359424C 		.ascii	"CYBLE_EVT_GAPC_DIRECT_ADV_REPORT\000"
 813      455F4556 
 813      545F4741 
 813      50435F44 
 813      49524543 
 814              	.LASF55:
 815 07ef 4359424C 		.ascii	"CYBLE_EVT_GATTC_READ_BLOB_RSP\000"
 815      455F4556 
 815      545F4741 
 815      5454435F 
 815      52454144 
 816              	.LASF62:
 817 080d 4359424C 		.ascii	"CYBLE_EVT_GATTC_EXEC_WRITE_RSP\000"
 817      455F4556 
 817      545F4741 
 817      5454435F 
 817      45584543 
 818              	.LASF32:
 819 082c 4359424C 		.ascii	"CYBLE_EVT_GAPC_SCAN_START_STOP\000"
 819      455F4556 
 819      545F4741 
 819      50435F53 
 819      43414E5F 
 820              	.LASF81:
 821 084b 4359424C 		.ascii	"CYBLE_EVT_PENDING_FLASH_WRITE\000"
 821      455F4556 
 821      545F5045 
 821      4E44494E 
 821      475F464C 
 822              	.LASF78:
 823 0869 4359424C 		.ascii	"CYBLE_EVT_L2CAP_CBFC_RX_CREDIT_IND\000"
 823      455F4556 
 823      545F4C32 
 823      4341505F 
 823      43424643 
 824              	.LASF10:
 825 088c 646F7562 		.ascii	"double\000"
 825      6C6500
 826              	.LASF79:
 827 0893 4359424C 		.ascii	"CYBLE_EVT_L2CAP_CBFC_TX_CREDIT_IND\000"
 827      455F4556 
 827      545F4C32 
 827      4341505F 
 827      43424643 
 828              	.LASF88:
 829 08b6 63757374 		.ascii	"customServCharHandle\000"
 829      6F6D5365 
 829      72764368 
 829      61724861 
 829      6E646C65 
 830              	.LASF42:
 831 08cb 4359424C 		.ascii	"CYBLE_EVT_GAP_SCAN_REQ_RECVD\000"
ARM GAS  C:\Users\Jacob\AppData\Local\Temp\ccCHQ5pc.s 			page 23


 831      455F4556 
 831      545F4741 
 831      505F5343 
 831      414E5F52 
 832              	.LASF17:
 833 08e8 4359424C 		.ascii	"CYBLE_EVT_HARDWARE_ERROR\000"
 833      455F4556 
 833      545F4841 
 833      52445741 
 833      52455F45 
 834              	.LASF77:
 835 0901 4359424C 		.ascii	"CYBLE_EVT_L2CAP_CBFC_DATA_READ\000"
 835      455F4556 
 835      545F4C32 
 835      4341505F 
 835      43424643 
 836              	.LASF71:
 837 0920 4359424C 		.ascii	"CYBLE_EVT_L2CAP_CONN_PARAM_UPDATE_RSP\000"
 837      455F4556 
 837      545F4C32 
 837      4341505F 
 837      434F4E4E 
 838              	.LASF21:
 839 0946 4359424C 		.ascii	"CYBLE_EVT_GAPC_SCAN_PROGRESS_RESULT\000"
 839      455F4556 
 839      545F4741 
 839      50435F53 
 839      43414E5F 
 840              	.LASF50:
 841 096a 4359424C 		.ascii	"CYBLE_EVT_GATTC_READ_BY_GROUP_TYPE_RSP\000"
 841      455F4556 
 841      545F4741 
 841      5454435F 
 841      52454144 
 842              	.LASF59:
 843 0991 4359424C 		.ascii	"CYBLE_EVT_GATTS_WRITE_CMD_REQ\000"
 843      455F4556 
 843      545F4741 
 843      5454535F 
 843      57524954 
 844              	.LASF51:
 845 09af 4359424C 		.ascii	"CYBLE_EVT_GATTC_READ_BY_TYPE_RSP\000"
 845      455F4556 
 845      545F4741 
 845      5454435F 
 845      52454144 
 846              	.LASF49:
 847 09d0 4359424C 		.ascii	"CYBLE_EVT_GATTC_XCHNG_MTU_RSP\000"
 847      455F4556 
 847      545F4741 
 847      5454435F 
 847      5843484E 
 848              	.LASF80:
 849 09ee 4359424C 		.ascii	"CYBLE_EVT_L2CAP_CBFC_DATA_WRITE_IND\000"
 849      455F4556 
 849      545F4C32 
 849      4341505F 
ARM GAS  C:\Users\Jacob\AppData\Local\Temp\ccCHQ5pc.s 			page 24


 849      43424643 
 850              	.LASF16:
 851 0a12 4359424C 		.ascii	"CYBLE_EVT_TIMEOUT\000"
 851      455F4556 
 851      545F5449 
 851      4D454F55 
 851      5400
 852              	.LASF85:
 853 0a24 4359424C 		.ascii	"CYBLE_EVT_MAX\000"
 853      455F4556 
 853      545F4D41 
 853      5800
 854              	.LASF68:
 855 0a32 4359424C 		.ascii	"CYBLE_EVT_GATTS_READ_CHAR_VAL_ACCESS_REQ\000"
 855      455F4556 
 855      545F4741 
 855      5454535F 
 855      52454144 
 856              	.LASF67:
 857 0a5b 4359424C 		.ascii	"CYBLE_EVT_GATTC_STOP_CMD_COMPLETE\000"
 857      455F4556 
 857      545F4741 
 857      5454435F 
 857      53544F50 
 858              	.LASF61:
 859 0a7d 4359424C 		.ascii	"CYBLE_EVT_GATTS_EXEC_WRITE_REQ\000"
 859      455F4556 
 859      545F4741 
 859      5454535F 
 859      45584543 
 860              	.LASF87:
 861 0a9c 4359424C 		.ascii	"CYBLE_GATT_DB_ATTR_HANDLE_T\000"
 861      455F4741 
 861      54545F44 
 861      425F4154 
 861      54525F48 
 862              	.LASF98:
 863 0ab8 6379426C 		.ascii	"cyBle_customs\000"
 863      655F6375 
 863      73746F6D 
 863      7300
 864              	.LASF66:
 865 0ac6 4359424C 		.ascii	"CYBLE_EVT_GATTS_DATA_SIGNED_CMD_REQ\000"
 865      455F4556 
 865      545F4741 
 865      5454535F 
 865      44415441 
 866              	.LASF83:
 867 0aea 4359424C 		.ascii	"CYBLE_EVT_HCI_PKT\000"
 867      455F4556 
 867      545F4843 
 867      495F504B 
 867      5400
 868              	.LASF36:
 869 0afc 4359424C 		.ascii	"CYBLE_EVT_GAP_OOB_GENERATED_NOTIFICATION\000"
 869      455F4556 
 869      545F4741 
ARM GAS  C:\Users\Jacob\AppData\Local\Temp\ccCHQ5pc.s 			page 25


 869      505F4F4F 
 869      425F4745 
 870              		.ident	"GCC: (GNU Tools for ARM Embedded Processors) 5.4.1 20160609 (release) [ARM/embedded-5-bran
