ARM GAS  C:\Users\Jacob\AppData\Local\Temp\cc52HSeN.s 			page 1


   1              		.syntax unified
   2              		.cpu cortex-m0
   3              		.fpu softvfp
   4              		.eabi_attribute 20, 1
   5              		.eabi_attribute 21, 1
   6              		.eabi_attribute 23, 3
   7              		.eabi_attribute 24, 1
   8              		.eabi_attribute 25, 1
   9              		.eabi_attribute 26, 1
  10              		.eabi_attribute 30, 6
  11              		.eabi_attribute 34, 0
  12              		.eabi_attribute 18, 4
  13              		.thumb
  14              		.syntax unified
  15              		.file	"EventHandler.c"
  16              		.text
  17              	.Ltext0:
  18              		.cfi_sections	.debug_frame
  19              		.comm	deviceConnected,1,1
  20              		.comm	connHandle,2,4
  21              		.comm	wrReqParam,4,4
  22              		.comm	rrReqParam,4,4
  23              		.section	.rodata
  24              		.align	2
  25              	.LC1:
  26 0000 4379536D 		.ascii	"CySmartDisplay Server ON\015\000"
  26      61727444 
  26      6973706C 
  26      61792053 
  26      65727665 
  27 001a 0000     		.align	2
  28              	.LC3:
  29 001c 53746172 		.ascii	"Starting Advertisement Failed; Status = 0x%x \015\012"
  29      74696E67 
  29      20416476 
  29      65727469 
  29      73656D65 
  30 004b 00       		.ascii	"\000"
  31              		.align	2
  32              	.LC5:
  33 004c 53746172 		.ascii	"Starting to advertise\015\000"
  33      74696E67 
  33      20746F20 
  33      61647665 
  33      72746973 
  34 0063 00       		.align	2
  35              	.LC7:
  36 0064 436F6E6E 		.ascii	"Connection Time Out\015\000"
  36      65637469 
  36      6F6E2054 
  36      696D6520 
  36      4F75740D 
  37 0079 000000   		.align	2
  38              	.LC9:
  39 007c 0D00     		.ascii	"\015\000"
  40 007e 0000     		.align	2
  41              	.LC12:
ARM GAS  C:\Users\Jacob\AppData\Local\Temp\cc52HSeN.s 			page 2


  42 0080 41647665 		.ascii	"Advertisement is disabled\015\000"
  42      72746973 
  42      656D656E 
  42      74206973 
  42      20646973 
  43 009b 00       		.align	2
  44              	.LC14:
  45 009c 52657374 		.ascii	"Restarting Slow Advertisement Failed; Status = 0x%x"
  45      61727469 
  45      6E672053 
  45      6C6F7720 
  45      41647665 
  46 00cf 00       		.ascii	"\000"
  47              		.align	2
  48              	.LC16:
  49 00d0 52657374 		.ascii	"Restarting slow advertisement after total timeout\015"
  49      61727469 
  49      6E672073 
  49      6C6F7720 
  49      61647665 
  50 0102 00       		.ascii	"\000"
  51 0103 00       		.align	2
  52              	.LC18:
  53 0104 41647665 		.ascii	"Advertisement is enabled \015\000"
  53      72746973 
  53      656D656E 
  53      74206973 
  53      20656E61 
  54 011f 00       		.align	2
  55              	.LC20:
  56 0120 44657669 		.ascii	"Device Connected\015\000"
  56      63652043 
  56      6F6E6E65 
  56      63746564 
  56      0D00
  57 0132 0000     		.align	2
  58              	.LC23:
  59 0134 44657669 		.ascii	"Device Disconnected\015\000"
  59      63652044 
  59      6973636F 
  59      6E6E6563 
  59      7465640D 
  60 0149 000000   		.align	2
  61              	.LC26:
  62 014c 52657374 		.ascii	"Restarting Advertisement Failed; Status = 0x%x\000"
  62      61727469 
  62      6E672041 
  62      64766572 
  62      74697365 
  63 017b 00       		.align	2
  64              	.LC28:
  65 017c 52657374 		.ascii	"Restarting advertisement after device disconnect\015"
  65      61727469 
  65      6E672061 
  65      64766572 
  65      74697365 
  66 01ad 00       		.ascii	"\000"
ARM GAS  C:\Users\Jacob\AppData\Local\Temp\cc52HSeN.s 			page 3


  67 01ae 0000     		.align	2
  68              	.LC31:
  69 01b0 436F6D6D 		.ascii	"Command from Client\015\000"
  69      616E6420 
  69      66726F6D 
  69      20436C69 
  69      656E740D 
  70              		.section	.text.StackEventHandler,"ax",%progbits
  71              		.align	2
  72              		.global	StackEventHandler
  73              		.code	16
  74              		.thumb_func
  75              		.type	StackEventHandler, %function
  76              	StackEventHandler:
  77              	.LFB36:
  78              		.file 1 "EventHandler.c"
   1:EventHandler.c **** /* ========================================
   2:EventHandler.c ****  *
   3:EventHandler.c ****  * Copyright YOUR COMPANY, THE YEAR
   4:EventHandler.c ****  * All Rights Reserved
   5:EventHandler.c ****  * UNPUBLISHED, LICENSED SOFTWARE.
   6:EventHandler.c ****  *
   7:EventHandler.c ****  * CONFIDENTIAL AND PROPRIETARY INFORMATION
   8:EventHandler.c ****  * WHICH IS THE PROPERTY OF your company.
   9:EventHandler.c ****  *
  10:EventHandler.c ****  * ========================================
  11:EventHandler.c **** */
  12:EventHandler.c **** #include <main.h>
  13:EventHandler.c **** 
  14:EventHandler.c **** CYBLE_CONN_HANDLE_T connHandle;
  15:EventHandler.c **** CYBLE_GATTS_WRITE_REQ_PARAM_T *wrReqParam;
  16:EventHandler.c **** CYBLE_GATTS_READ_RSP_PARAM_T *rrReqParam;
  17:EventHandler.c **** 
  18:EventHandler.c **** void UpdateCharacteristics(void);
  19:EventHandler.c **** 
  20:EventHandler.c **** /*******************************************************************************
  21:EventHandler.c **** * Function Name: StackEventHandler
  22:EventHandler.c **** ********************************************************************************
  23:EventHandler.c **** *
  24:EventHandler.c **** * Summary:
  25:EventHandler.c **** *  This is an event callback function to receive events from the CYBLE Component.
  26:EventHandler.c **** *
  27:EventHandler.c **** * Parameters:
  28:EventHandler.c **** *  uint8 event:       Event from the CYBLE component.
  29:EventHandler.c **** *  void* eventParams: A structure instance for corresponding event type. The
  30:EventHandler.c **** *                     list of event structure is described in the component
  31:EventHandler.c **** *                     datasheet.
  32:EventHandler.c **** *
  33:EventHandler.c **** * Return:
  34:EventHandler.c **** *  None
  35:EventHandler.c **** *
  36:EventHandler.c **** *******************************************************************************/
  37:EventHandler.c **** void StackEventHandler(uint32 event, void *eventParam)
  38:EventHandler.c **** {
  79              		.loc 1 38 0
  80              		.cfi_startproc
  81              		@ args = 0, pretend = 0, frame = 16
ARM GAS  C:\Users\Jacob\AppData\Local\Temp\cc52HSeN.s 			page 4


  82              		@ frame_needed = 1, uses_anonymous_args = 0
  83 0000 90B5     		push	{r4, r7, lr}
  84              		.cfi_def_cfa_offset 12
  85              		.cfi_offset 4, -12
  86              		.cfi_offset 7, -8
  87              		.cfi_offset 14, -4
  88 0002 85B0     		sub	sp, sp, #20
  89              		.cfi_def_cfa_offset 32
  90 0004 00AF     		add	r7, sp, #0
  91              		.cfi_def_cfa_register 7
  92 0006 7860     		str	r0, [r7, #4]
  93 0008 3960     		str	r1, [r7]
  39:EventHandler.c ****     CYBLE_API_RESULT_T apiResult = CYBLE_ERROR_OK;
  94              		.loc 1 39 0
  95 000a 0E23     		movs	r3, #14
  96 000c FB18     		adds	r3, r7, r3
  97 000e 0022     		movs	r2, #0
  98 0010 1A80     		strh	r2, [r3]
  40:EventHandler.c ****     
  41:EventHandler.c ****     switch(event)
  99              		.loc 1 41 0
 100 0012 7B68     		ldr	r3, [r7, #4]
 101 0014 572B     		cmp	r3, #87
 102 0016 00D9     		bls	.LCB21
 103 0018 C5E0     		b	.L23	@long jump
 104              	.LCB21:
 105 001a 7B68     		ldr	r3, [r7, #4]
 106 001c 9A00     		lsls	r2, r3, #2
 107 001e 644B     		ldr	r3, .L24
 108 0020 D318     		adds	r3, r2, r3
 109 0022 1B68     		ldr	r3, [r3]
 110 0024 9F46     		mov	pc, r3
 111              		.section	.rodata
 112 01c5 000000   		.align	2
 113              	.L4:
 114 01c8 A6010000 		.word	.L23
 115 01cc 26000000 		.word	.L3
 116 01d0 54000000 		.word	.L5
 117 01d4 A6010000 		.word	.L23
 118 01d8 A6010000 		.word	.L23
 119 01dc A6010000 		.word	.L23
 120 01e0 A6010000 		.word	.L23
 121 01e4 A6010000 		.word	.L23
 122 01e8 A6010000 		.word	.L23
 123 01ec A6010000 		.word	.L23
 124 01f0 A6010000 		.word	.L23
 125 01f4 A6010000 		.word	.L23
 126 01f8 A6010000 		.word	.L23
 127 01fc A6010000 		.word	.L23
 128 0200 A6010000 		.word	.L23
 129 0204 A6010000 		.word	.L23
 130 0208 A6010000 		.word	.L23
 131 020c A6010000 		.word	.L23
 132 0210 A6010000 		.word	.L23
 133 0214 A6010000 		.word	.L23
 134 0218 A6010000 		.word	.L23
 135 021c A6010000 		.word	.L23
ARM GAS  C:\Users\Jacob\AppData\Local\Temp\cc52HSeN.s 			page 5


 136 0220 A6010000 		.word	.L23
 137 0224 A6010000 		.word	.L23
 138 0228 A6010000 		.word	.L23
 139 022c A6010000 		.word	.L23
 140 0230 A6010000 		.word	.L23
 141 0234 A6010000 		.word	.L23
 142 0238 A6010000 		.word	.L23
 143 023c A6010000 		.word	.L23
 144 0240 A6010000 		.word	.L23
 145 0244 A6010000 		.word	.L23
 146 0248 A6010000 		.word	.L23
 147 024c A6010000 		.word	.L23
 148 0250 A6010000 		.word	.L23
 149 0254 A6010000 		.word	.L23
 150 0258 A6010000 		.word	.L23
 151 025c A6010000 		.word	.L23
 152 0260 5E000000 		.word	.L6
 153 0264 B4000000 		.word	.L7
 154 0268 E0000000 		.word	.L8
 155 026c A6010000 		.word	.L23
 156 0270 A6010000 		.word	.L23
 157 0274 A6010000 		.word	.L23
 158 0278 A6010000 		.word	.L23
 159 027c A6010000 		.word	.L23
 160 0280 A6010000 		.word	.L23
 161 0284 A6010000 		.word	.L23
 162 0288 A6010000 		.word	.L23
 163 028c A6010000 		.word	.L23
 164 0290 A6010000 		.word	.L23
 165 0294 A6010000 		.word	.L23
 166 0298 A6010000 		.word	.L23
 167 029c A6010000 		.word	.L23
 168 02a0 A6010000 		.word	.L23
 169 02a4 A6010000 		.word	.L23
 170 02a8 A6010000 		.word	.L23
 171 02ac A6010000 		.word	.L23
 172 02b0 A6010000 		.word	.L23
 173 02b4 A6010000 		.word	.L23
 174 02b8 A6010000 		.word	.L23
 175 02bc A6010000 		.word	.L23
 176 02c0 A6010000 		.word	.L23
 177 02c4 A6010000 		.word	.L23
 178 02c8 A6010000 		.word	.L23
 179 02cc 2A010000 		.word	.L9
 180 02d0 42010000 		.word	.L10
 181 02d4 A6010000 		.word	.L23
 182 02d8 A6010000 		.word	.L23
 183 02dc A6010000 		.word	.L23
 184 02e0 A6010000 		.word	.L23
 185 02e4 A6010000 		.word	.L23
 186 02e8 A6010000 		.word	.L23
 187 02ec A6010000 		.word	.L23
 188 02f0 A6010000 		.word	.L23
 189 02f4 A6010000 		.word	.L23
 190 02f8 4A010000 		.word	.L11
 191 02fc A6010000 		.word	.L23
 192 0300 A6010000 		.word	.L23
ARM GAS  C:\Users\Jacob\AppData\Local\Temp\cc52HSeN.s 			page 6


 193 0304 A6010000 		.word	.L23
 194 0308 A6010000 		.word	.L23
 195 030c A6010000 		.word	.L23
 196 0310 A6010000 		.word	.L23
 197 0314 A6010000 		.word	.L23
 198 0318 A6010000 		.word	.L23
 199 031c A6010000 		.word	.L23
 200 0320 A6010000 		.word	.L23
 201 0324 9A010000 		.word	.L12
 202              		.section	.text.StackEventHandler
 203              	.L3:
  42:EventHandler.c ****     {
  43:EventHandler.c ****     /**********************************************************
  44:EventHandler.c ****     *                       General Events
  45:EventHandler.c ****     ***********************************************************/
  46:EventHandler.c ****         case CYBLE_EVT_STACK_ON: /* Generated when BLE component is started */
  47:EventHandler.c ****             printf ("CySmartDisplay Server ON\r\n");
 204              		.loc 1 47 0
 205 0026 634B     		ldr	r3, .L24+4
 206 0028 1800     		movs	r0, r3
 207 002a FFF7FEFF 		bl	puts
  48:EventHandler.c ****             
  49:EventHandler.c ****             /* Starting advertisement */
  50:EventHandler.c ****             if(!(CYBLE_ERROR_OK == CyBle_GappStartAdvertisement(CYBLE_ADVERTISING_FAST)))
 208              		.loc 1 50 0
 209 002e 0020     		movs	r0, #0
 210 0030 FFF7FEFF 		bl	CyBle_GappStartAdvertisement
 211 0034 031E     		subs	r3, r0, #0
 212 0036 08D0     		beq	.L13
  51:EventHandler.c ****             {
  52:EventHandler.c ****                 printf ("Starting Advertisement Failed; Status = 0x%x \r\n", apiResult);
 213              		.loc 1 52 0
 214 0038 0E23     		movs	r3, #14
 215 003a FB18     		adds	r3, r7, r3
 216 003c 1A88     		ldrh	r2, [r3]
 217 003e 5E4B     		ldr	r3, .L24+8
 218 0040 1100     		movs	r1, r2
 219 0042 1800     		movs	r0, r3
 220 0044 FFF7FEFF 		bl	printf
  53:EventHandler.c ****             }
  54:EventHandler.c ****             else
  55:EventHandler.c ****             {
  56:EventHandler.c ****                 printf ("Starting to advertise\r\n");
  57:EventHandler.c ****             }
  58:EventHandler.c ****             break;
 221              		.loc 1 58 0
 222 0048 AEE0     		b	.L15
 223              	.L13:
  56:EventHandler.c ****             }
 224              		.loc 1 56 0
 225 004a 5C4B     		ldr	r3, .L24+12
 226 004c 1800     		movs	r0, r3
 227 004e FFF7FEFF 		bl	puts
 228              		.loc 1 58 0
 229 0052 A9E0     		b	.L15
 230              	.L5:
  59:EventHandler.c **** 
ARM GAS  C:\Users\Jacob\AppData\Local\Temp\cc52HSeN.s 			page 7


  60:EventHandler.c ****             
  61:EventHandler.c ****         case CYBLE_EVT_TIMEOUT: /* Generated when the connection timesout */
  62:EventHandler.c ****             printf("Connection Time Out\r\n");
 231              		.loc 1 62 0
 232 0054 5A4B     		ldr	r3, .L24+16
 233 0056 1800     		movs	r0, r3
 234 0058 FFF7FEFF 		bl	puts
  63:EventHandler.c ****             break;    
 235              		.loc 1 63 0
 236 005c A4E0     		b	.L15
 237              	.L6:
  64:EventHandler.c **** 
  65:EventHandler.c ****             
  66:EventHandler.c ****     /**********************************************************
  67:EventHandler.c ****     *                       GAP Events
  68:EventHandler.c ****     ***********************************************************/
  69:EventHandler.c ****         case CYBLE_EVT_GAPP_ADVERTISEMENT_START_STOP: // Generated when advertisement is Started or
  70:EventHandler.c ****             printf("\r\n");
 238              		.loc 1 70 0
 239 005e 594B     		ldr	r3, .L24+20
 240 0060 1800     		movs	r0, r3
 241 0062 FFF7FEFF 		bl	puts
  71:EventHandler.c ****             if (CyBle_GetState() != CYBLE_STATE_ADVERTISING)
 242              		.loc 1 71 0
 243 0066 584B     		ldr	r3, .L24+24
 244 0068 1B78     		ldrb	r3, [r3]
 245 006a 032B     		cmp	r3, #3
 246 006c 1DD0     		beq	.L16
  72:EventHandler.c ****                 {
  73:EventHandler.c ****                     /*SLOW Advertising Timeout. Stack disables Advertising.*/
  74:EventHandler.c **** //                    RED_LED_ON();
  75:EventHandler.c ****                     printf("Advertisement is disabled\r\n");
 247              		.loc 1 75 0
 248 006e 574B     		ldr	r3, .L24+28
 249 0070 1800     		movs	r0, r3
 250 0072 FFF7FEFF 		bl	puts
  76:EventHandler.c ****                     
  77:EventHandler.c ****                     /*Continue SLOW Advertising by enabing it in SLOW mode*/
  78:EventHandler.c ****                     apiResult = CyBle_GappStartAdvertisement(CYBLE_ADVERTISING_SLOW);
 251              		.loc 1 78 0
 252 0076 0E23     		movs	r3, #14
 253 0078 FC18     		adds	r4, r7, r3
 254 007a 0120     		movs	r0, #1
 255 007c FFF7FEFF 		bl	CyBle_GappStartAdvertisement
 256 0080 0300     		movs	r3, r0
 257 0082 2380     		strh	r3, [r4]
  79:EventHandler.c ****                     if (apiResult != CYBLE_ERROR_OK)
 258              		.loc 1 79 0
 259 0084 0E23     		movs	r3, #14
 260 0086 FB18     		adds	r3, r7, r3
 261 0088 1B88     		ldrh	r3, [r3]
 262 008a 002B     		cmp	r3, #0
 263 008c 08D0     		beq	.L17
  80:EventHandler.c ****                     {
  81:EventHandler.c ****                         printf ("Restarting Slow Advertisement Failed; Status = 0x%x",apiResult);
 264              		.loc 1 81 0
 265 008e 0E23     		movs	r3, #14
ARM GAS  C:\Users\Jacob\AppData\Local\Temp\cc52HSeN.s 			page 8


 266 0090 FB18     		adds	r3, r7, r3
 267 0092 1A88     		ldrh	r2, [r3]
 268 0094 4E4B     		ldr	r3, .L24+32
 269 0096 1100     		movs	r1, r2
 270 0098 1800     		movs	r0, r3
 271 009a FFF7FEFF 		bl	printf
  82:EventHandler.c ****                     }
  83:EventHandler.c ****                     else
  84:EventHandler.c ****                     {
  85:EventHandler.c ****                         printf ("Restarting slow advertisement after total timeout\r\n");
  86:EventHandler.c ****                     }
  87:EventHandler.c ****                 }
  88:EventHandler.c ****                 else
  89:EventHandler.c ****                 {
  90:EventHandler.c ****                //     GREEN_LED_ON();
  91:EventHandler.c ****                     printf("Advertisement is enabled \r\n");
  92:EventHandler.c ****                     /* Device is now in Advertising state */
  93:EventHandler.c ****                 }
  94:EventHandler.c ****             break;
 272              		.loc 1 94 0
 273 009e 83E0     		b	.L15
 274              	.L17:
  85:EventHandler.c ****                     }
 275              		.loc 1 85 0
 276 00a0 4C4B     		ldr	r3, .L24+36
 277 00a2 1800     		movs	r0, r3
 278 00a4 FFF7FEFF 		bl	puts
 279              		.loc 1 94 0
 280 00a8 7EE0     		b	.L15
 281              	.L16:
  91:EventHandler.c ****                     /* Device is now in Advertising state */
 282              		.loc 1 91 0
 283 00aa 4B4B     		ldr	r3, .L24+40
 284 00ac 1800     		movs	r0, r3
 285 00ae FFF7FEFF 		bl	puts
 286              		.loc 1 94 0
 287 00b2 79E0     		b	.L15
 288              	.L7:
  95:EventHandler.c **** 
  96:EventHandler.c ****                 
  97:EventHandler.c ****         case CYBLE_EVT_GAP_DEVICE_CONNECTED: // Generated when connection is established
  98:EventHandler.c ****    //         BLUE_LED_ON();
  99:EventHandler.c ****             printf("Device Connected\r\n");
 289              		.loc 1 99 0
 290 00b4 494B     		ldr	r3, .L24+44
 291 00b6 1800     		movs	r0, r3
 292 00b8 FFF7FEFF 		bl	puts
 100:EventHandler.c ****             
 101:EventHandler.c ****             CyBle_GattcExchangeMtuReq(cyBle_connHandle, CYBLE_GATT_MTU);
 293              		.loc 1 101 0
 294 00bc 484B     		ldr	r3, .L24+48
 295 00be 1A78     		ldrb	r2, [r3]
 296 00c0 5B78     		ldrb	r3, [r3, #1]
 297 00c2 1B02     		lsls	r3, r3, #8
 298 00c4 1A43     		orrs	r2, r3
 299 00c6 0023     		movs	r3, #0
 300 00c8 1204     		lsls	r2, r2, #16
ARM GAS  C:\Users\Jacob\AppData\Local\Temp\cc52HSeN.s 			page 9


 301 00ca 120C     		lsrs	r2, r2, #16
 302 00cc 1B0C     		lsrs	r3, r3, #16
 303 00ce 1B04     		lsls	r3, r3, #16
 304 00d0 1343     		orrs	r3, r2
 305 00d2 B721     		movs	r1, #183
 306 00d4 1800     		movs	r0, r3
 307 00d6 FFF7FEFF 		bl	CyBle_GattcExchangeMtuReq
 102:EventHandler.c ****             
 103:EventHandler.c ****             /*Copy the default settings to the GATT Attribute*/
 104:EventHandler.c ****             UpdateCharacteristics();
 308              		.loc 1 104 0
 309 00da FFF7FEFF 		bl	UpdateCharacteristics
 105:EventHandler.c ****             break;
 310              		.loc 1 105 0
 311 00de 63E0     		b	.L15
 312              	.L8:
 106:EventHandler.c **** 
 107:EventHandler.c ****                    
 108:EventHandler.c ****         case CYBLE_EVT_GAP_DEVICE_DISCONNECTED: // Generated when connection is disconnected
 109:EventHandler.c ****   //          RED_LED_ON ();
 110:EventHandler.c ****             printf("\r\n");
 313              		.loc 1 110 0
 314 00e0 384B     		ldr	r3, .L24+20
 315 00e2 1800     		movs	r0, r3
 316 00e4 FFF7FEFF 		bl	puts
 111:EventHandler.c ****             printf("Device Disconnected\r\n");
 317              		.loc 1 111 0
 318 00e8 3E4B     		ldr	r3, .L24+52
 319 00ea 1800     		movs	r0, r3
 320 00ec FFF7FEFF 		bl	puts
 112:EventHandler.c ****             connHandle.bdHandle = 0;
 321              		.loc 1 112 0
 322 00f0 3D4B     		ldr	r3, .L24+56
 323 00f2 0022     		movs	r2, #0
 324 00f4 1A70     		strb	r2, [r3]
 113:EventHandler.c ****             apiResult = CyBle_GappStartAdvertisement(CYBLE_ADVERTISING_FAST);
 325              		.loc 1 113 0
 326 00f6 0E23     		movs	r3, #14
 327 00f8 FC18     		adds	r4, r7, r3
 328 00fa 0020     		movs	r0, #0
 329 00fc FFF7FEFF 		bl	CyBle_GappStartAdvertisement
 330 0100 0300     		movs	r3, r0
 331 0102 2380     		strh	r3, [r4]
 114:EventHandler.c ****             if (apiResult != CYBLE_ERROR_OK)
 332              		.loc 1 114 0
 333 0104 0E23     		movs	r3, #14
 334 0106 FB18     		adds	r3, r7, r3
 335 0108 1B88     		ldrh	r3, [r3]
 336 010a 002B     		cmp	r3, #0
 337 010c 08D0     		beq	.L20
 115:EventHandler.c ****             {
 116:EventHandler.c ****                 printf ("Restarting Advertisement Failed; Status = 0x%x",apiResult);
 338              		.loc 1 116 0
 339 010e 0E23     		movs	r3, #14
 340 0110 FB18     		adds	r3, r7, r3
 341 0112 1A88     		ldrh	r2, [r3]
 342 0114 354B     		ldr	r3, .L24+60
ARM GAS  C:\Users\Jacob\AppData\Local\Temp\cc52HSeN.s 			page 10


 343 0116 1100     		movs	r1, r2
 344 0118 1800     		movs	r0, r3
 345 011a FFF7FEFF 		bl	printf
 117:EventHandler.c ****             }
 118:EventHandler.c ****             else
 119:EventHandler.c ****             {
 120:EventHandler.c ****                 printf ("Restarting advertisement after device disconnect\r\n");
 121:EventHandler.c ****             }
 122:EventHandler.c ****             break;
 346              		.loc 1 122 0
 347 011e 43E0     		b	.L15
 348              	.L20:
 120:EventHandler.c ****             }
 349              		.loc 1 120 0
 350 0120 334B     		ldr	r3, .L24+64
 351 0122 1800     		movs	r0, r3
 352 0124 FFF7FEFF 		bl	puts
 353              		.loc 1 122 0
 354 0128 3EE0     		b	.L15
 355              	.L9:
 123:EventHandler.c ****             
 124:EventHandler.c ****     /**********************************************************
 125:EventHandler.c ****     *                       GATT Events
 126:EventHandler.c ****     ***********************************************************/
 127:EventHandler.c ****         case CYBLE_EVT_GATT_CONNECT_IND: // Generated at GATT connection
 128:EventHandler.c ****             connHandle = *(CYBLE_CONN_HANDLE_T *)eventParam;
 356              		.loc 1 128 0
 357 012a 2F4A     		ldr	r2, .L24+56
 358 012c 3B68     		ldr	r3, [r7]
 359 012e 1000     		movs	r0, r2
 360 0130 1900     		movs	r1, r3
 361 0132 0223     		movs	r3, #2
 362 0134 1A00     		movs	r2, r3
 363 0136 FFF7FEFF 		bl	memcpy
 129:EventHandler.c ****             deviceConnected = TRUE;
 364              		.loc 1 129 0
 365 013a 2E4B     		ldr	r3, .L24+68
 366 013c 0122     		movs	r2, #1
 367 013e 1A70     		strb	r2, [r3]
 130:EventHandler.c ****             break;
 368              		.loc 1 130 0
 369 0140 32E0     		b	.L15
 370              	.L10:
 131:EventHandler.c **** 
 132:EventHandler.c ****         
 133:EventHandler.c ****         case CYBLE_EVT_GATT_DISCONNECT_IND: // Generated at GATT disconnection
 134:EventHandler.c ****             deviceConnected = FALSE;
 371              		.loc 1 134 0
 372 0142 2C4B     		ldr	r3, .L24+68
 373 0144 0022     		movs	r2, #0
 374 0146 1A70     		strb	r2, [r3]
 135:EventHandler.c ****             break;
 375              		.loc 1 135 0
 376 0148 2EE0     		b	.L15
 377              	.L11:
 136:EventHandler.c ****             
 137:EventHandler.c ****             
ARM GAS  C:\Users\Jacob\AppData\Local\Temp\cc52HSeN.s 			page 11


 138:EventHandler.c ****         case CYBLE_EVT_GATTS_WRITE_REQ: // Generated when the connected Central device sends a writ
 139:EventHandler.c **** 			printf("Command from Client\r\n");
 378              		.loc 1 139 0
 379 014a 2B4B     		ldr	r3, .L24+72
 380 014c 1800     		movs	r0, r3
 381 014e FFF7FEFF 		bl	puts
 140:EventHandler.c ****             /* Extract the Write data sent by Client */
 141:EventHandler.c ****             wrReqParam = (CYBLE_GATTS_WRITE_REQ_PARAM_T *) eventParam;
 382              		.loc 1 141 0
 383 0152 2A4B     		ldr	r3, .L24+76
 384 0154 3A68     		ldr	r2, [r7]
 385 0156 1A60     		str	r2, [r3]
 142:EventHandler.c **** 			
 143:EventHandler.c **** 			/*If the attribute handle of the characteristic written to is equal to that of 
 144:EventHandler.c **** 			* the characteristic, then extract the data */
 145:EventHandler.c **** 			if(CYBLE_MESSAGE_MESSAGE_CONTROL_CHAR_HANDLE == wrReqParam->handleValPair.attrHandle)
 386              		.loc 1 145 0
 387 0158 284B     		ldr	r3, .L24+76
 388 015a 1B68     		ldr	r3, [r3]
 389 015c 9B89     		ldrh	r3, [r3, #12]
 390 015e 0E2B     		cmp	r3, #14
 391 0160 0AD1     		bne	.L22
 146:EventHandler.c ****             {
 147:EventHandler.c **** 				/*Start displaying the new message*/
 148:EventHandler.c ****                 DisplayMessage((char *)wrReqParam->handleValPair.value.val, (uint8)wrReqParam->hand
 392              		.loc 1 148 0
 393 0162 264B     		ldr	r3, .L24+76
 394 0164 1B68     		ldr	r3, [r3]
 395 0166 5A68     		ldr	r2, [r3, #4]
 396 0168 244B     		ldr	r3, .L24+76
 397 016a 1B68     		ldr	r3, [r3]
 398 016c 1B89     		ldrh	r3, [r3, #8]
 399 016e DBB2     		uxtb	r3, r3
 400 0170 1900     		movs	r1, r3
 401 0172 1000     		movs	r0, r2
 402 0174 FFF7FEFF 		bl	DisplayMessage
 403              	.L22:
 149:EventHandler.c ****             }
 150:EventHandler.c ****             
 151:EventHandler.c **** //            if(CYBLE_MESSAGE_BRIGHTNESS_CONTROL_CHAR_HANDLE == wrReqParam->handleValPair.attrHand
 152:EventHandler.c **** //            {
 153:EventHandler.c **** //				/*Change the brightness*/
 154:EventHandler.c **** //                DisplayBrightness(wrReqParam->handleValPair.value.val[0]);
 155:EventHandler.c **** //            }
 156:EventHandler.c **** //            
 157:EventHandler.c **** //            if(CYBLE_MESSAGE_SPEED_CONTROL_CHAR_HANDLE == wrReqParam->handleValPair.attrHandle)
 158:EventHandler.c **** //            {
 159:EventHandler.c **** //				/*Change the speed*/
 160:EventHandler.c **** //                DispaySpeed(wrReqParam->handleValPair.value.val[0]);
 161:EventHandler.c **** //            }
 162:EventHandler.c ****             
 163:EventHandler.c ****             UpdateCharacteristics();
 404              		.loc 1 163 0
 405 0178 FFF7FEFF 		bl	UpdateCharacteristics
 164:EventHandler.c **** 			
 165:EventHandler.c **** 			/* Send the response to the write request received. */
 166:EventHandler.c **** 			CyBle_GattsWriteRsp(connHandle);
ARM GAS  C:\Users\Jacob\AppData\Local\Temp\cc52HSeN.s 			page 12


 406              		.loc 1 166 0
 407 017c 1A4B     		ldr	r3, .L24+56
 408 017e 1A78     		ldrb	r2, [r3]
 409 0180 5B78     		ldrb	r3, [r3, #1]
 410 0182 1B02     		lsls	r3, r3, #8
 411 0184 1A43     		orrs	r2, r3
 412 0186 0023     		movs	r3, #0
 413 0188 1204     		lsls	r2, r2, #16
 414 018a 120C     		lsrs	r2, r2, #16
 415 018c 1B0C     		lsrs	r3, r3, #16
 416 018e 1B04     		lsls	r3, r3, #16
 417 0190 1343     		orrs	r3, r2
 418 0192 1800     		movs	r0, r3
 419 0194 FFF7FEFF 		bl	CyBle_GattsWriteRsp
 167:EventHandler.c **** 			
 168:EventHandler.c **** 			break;
 420              		.loc 1 168 0
 421 0198 06E0     		b	.L15
 422              	.L12:
 169:EventHandler.c ****             
 170:EventHandler.c ****         case CYBLE_EVT_GATTS_READ_CHAR_VAL_ACCESS_REQ: // Generated when the connected Central devi
 171:EventHandler.c **** 			
 172:EventHandler.c ****             /* Extract the Write data sent by Client */
 173:EventHandler.c ****             rrReqParam = (CYBLE_GATTS_READ_RSP_PARAM_T *) eventParam;
 423              		.loc 1 173 0
 424 019a 194B     		ldr	r3, .L24+80
 425 019c 3A68     		ldr	r2, [r7]
 426 019e 1A60     		str	r2, [r3]
 174:EventHandler.c **** 			
 175:EventHandler.c **** 			/*If the attribute handle of the characteristic written to is equal to that of 
 176:EventHandler.c **** 			* the characteristic, then extract the data */
 177:EventHandler.c **** //			if(CYBLE_MESSAGE_MESSAGE_CONTROL_CHAR_HANDLE == rrReqParam->handleValPair.attrHandle)
 178:EventHandler.c **** //            {
 179:EventHandler.c **** //				/*Start displaying the new message*/
 180:EventHandler.c **** //                DisplayMessage((char *)wrReqParam->handleValPair.value.val, (uint8)wrReqParam->ha
 181:EventHandler.c **** //            }
 182:EventHandler.c ****             
 183:EventHandler.c ****             UpdateCharacteristics();
 427              		.loc 1 183 0
 428 01a0 FFF7FEFF 		bl	UpdateCharacteristics
 184:EventHandler.c **** 			
 185:EventHandler.c **** 			/* Send the response to the write request received. */
 186:EventHandler.c **** 			//CyBle_GattsWriteRsp(connHandle);
 187:EventHandler.c **** 			
 188:EventHandler.c **** 			break;
 429              		.loc 1 188 0
 430 01a4 00E0     		b	.L15
 431              	.L23:
 189:EventHandler.c ****             
 190:EventHandler.c ****             
 191:EventHandler.c ****     /**********************************************************
 192:EventHandler.c ****     *                       Other Events
 193:EventHandler.c ****     ***********************************************************/
 194:EventHandler.c ****         default:
 195:EventHandler.c ****             break;
 432              		.loc 1 195 0
 433 01a6 C046     		nop
ARM GAS  C:\Users\Jacob\AppData\Local\Temp\cc52HSeN.s 			page 13


 434              	.L15:
 196:EventHandler.c ****     }
 197:EventHandler.c **** }
 435              		.loc 1 197 0
 436 01a8 C046     		nop
 437 01aa BD46     		mov	sp, r7
 438 01ac 05B0     		add	sp, sp, #20
 439              		@ sp needed
 440 01ae 90BD     		pop	{r4, r7, pc}
 441              	.L25:
 442              		.align	2
 443              	.L24:
 444 01b0 C8010000 		.word	.L4
 445 01b4 00000000 		.word	.LC1
 446 01b8 1C000000 		.word	.LC3
 447 01bc 4C000000 		.word	.LC5
 448 01c0 64000000 		.word	.LC7
 449 01c4 7C000000 		.word	.LC9
 450 01c8 00000000 		.word	cyBle_state
 451 01cc 80000000 		.word	.LC12
 452 01d0 9C000000 		.word	.LC14
 453 01d4 D0000000 		.word	.LC16
 454 01d8 04010000 		.word	.LC18
 455 01dc 20010000 		.word	.LC20
 456 01e0 00000000 		.word	cyBle_connHandle
 457 01e4 34010000 		.word	.LC23
 458 01e8 00000000 		.word	connHandle
 459 01ec 4C010000 		.word	.LC26
 460 01f0 7C010000 		.word	.LC28
 461 01f4 00000000 		.word	deviceConnected
 462 01f8 B0010000 		.word	.LC31
 463 01fc 00000000 		.word	wrReqParam
 464 0200 00000000 		.word	rrReqParam
 465              		.cfi_endproc
 466              	.LFE36:
 467              		.size	StackEventHandler, .-StackEventHandler
 468              		.section	.text.UpdateCharacteristics,"ax",%progbits
 469              		.align	2
 470              		.global	UpdateCharacteristics
 471              		.code	16
 472              		.thumb_func
 473              		.type	UpdateCharacteristics, %function
 474              	UpdateCharacteristics:
 475              	.LFB37:
 198:EventHandler.c **** 
 199:EventHandler.c **** void UpdateCharacteristics(void)
 200:EventHandler.c **** {
 476              		.loc 1 200 0
 477              		.cfi_startproc
 478              		@ args = 0, pretend = 0, frame = 16
 479              		@ frame_needed = 1, uses_anonymous_args = 0
 480 0000 80B5     		push	{r7, lr}
 481              		.cfi_def_cfa_offset 8
 482              		.cfi_offset 7, -8
 483              		.cfi_offset 14, -4
 484 0002 84B0     		sub	sp, sp, #16
 485              		.cfi_def_cfa_offset 24
ARM GAS  C:\Users\Jacob\AppData\Local\Temp\cc52HSeN.s 			page 14


 486 0004 00AF     		add	r7, sp, #0
 487              		.cfi_def_cfa_register 7
 201:EventHandler.c ****     /* 'message' stores MESSAGE data parameters */
 202:EventHandler.c ****     CYBLE_GATT_HANDLE_VALUE_PAIR_T		message;
 203:EventHandler.c ****     
 204:EventHandler.c ****     message.attrHandle = CYBLE_MESSAGE_MESSAGE_CONTROL_CHAR_HANDLE;
 488              		.loc 1 204 0
 489 0006 3B1D     		adds	r3, r7, #4
 490 0008 0E22     		movs	r2, #14
 491 000a 1A81     		strh	r2, [r3, #8]
 205:EventHandler.c ****     message.value.val = (uint8 *)buffer;
 492              		.loc 1 205 0
 493 000c 3B1D     		adds	r3, r7, #4
 494 000e 0E4A     		ldr	r2, .L27
 495 0010 1A60     		str	r2, [r3]
 206:EventHandler.c ****     message.value.len = strlen(buffer);
 496              		.loc 1 206 0
 497 0012 0D4B     		ldr	r3, .L27
 498 0014 1800     		movs	r0, r3
 499 0016 FFF7FEFF 		bl	strlen
 500 001a 0300     		movs	r3, r0
 501 001c 9AB2     		uxth	r2, r3
 502 001e 3B1D     		adds	r3, r7, #4
 503 0020 9A80     		strh	r2, [r3, #4]
 207:EventHandler.c ****     message.value.actualLen = strlen(buffer);
 504              		.loc 1 207 0
 505 0022 094B     		ldr	r3, .L27
 506 0024 1800     		movs	r0, r3
 507 0026 FFF7FEFF 		bl	strlen
 508 002a 0300     		movs	r3, r0
 509 002c 9AB2     		uxth	r2, r3
 510 002e 3B1D     		adds	r3, r7, #4
 511 0030 DA80     		strh	r2, [r3, #6]
 208:EventHandler.c ****     
 209:EventHandler.c ****     CyBle_GattsWriteAttributeValue(&message,FALSE,&connHandle,CYBLE_GATT_DB_LOCALLY_INITIATED);
 512              		.loc 1 209 0
 513 0032 064A     		ldr	r2, .L27+4
 514 0034 381D     		adds	r0, r7, #4
 515 0036 0023     		movs	r3, #0
 516 0038 0021     		movs	r1, #0
 517 003a FFF7FEFF 		bl	CyBle_GattsWriteAttributeValue
 210:EventHandler.c **** }
 518              		.loc 1 210 0
 519 003e C046     		nop
 520 0040 BD46     		mov	sp, r7
 521 0042 04B0     		add	sp, sp, #16
 522              		@ sp needed
 523 0044 80BD     		pop	{r7, pc}
 524              	.L28:
 525 0046 C046     		.align	2
 526              	.L27:
 527 0048 00000000 		.word	buffer
 528 004c 00000000 		.word	connHandle
 529              		.cfi_endproc
 530              	.LFE37:
 531              		.size	UpdateCharacteristics, .-UpdateCharacteristics
 532              		.text
ARM GAS  C:\Users\Jacob\AppData\Local\Temp\cc52HSeN.s 			page 15


 533              	.Letext0:
 534              		.file 2 "Generated_Source\\PSoC4/cytypes.h"
 535              		.file 3 "Generated_Source\\PSoC4/BLE_Stack.h"
 536              		.file 4 "Generated_Source\\PSoC4/BLE_StackGatt.h"
 537              		.file 5 "Generated_Source\\PSoC4/BLE_StackGattServer.h"
 538              		.file 6 "Generated_Source\\PSoC4/BLE_eventHandler.h"
 539              		.file 7 "./main.h"
 540              		.section	.debug_info,"",%progbits
 541              	.Ldebug_info0:
 542 0000 5F050000 		.4byte	0x55f
 543 0004 0400     		.2byte	0x4
 544 0006 00000000 		.4byte	.Ldebug_abbrev0
 545 000a 04       		.byte	0x4
 546 000b 01       		.uleb128 0x1
 547 000c CE070000 		.4byte	.LASF155
 548 0010 0C       		.byte	0xc
 549 0011 89090000 		.4byte	.LASF156
 550 0015 19070000 		.4byte	.LASF157
 551 0019 00000000 		.4byte	.Ldebug_ranges0+0
 552 001d 00000000 		.4byte	0
 553 0021 00000000 		.4byte	.Ldebug_line0
 554 0025 02       		.uleb128 0x2
 555 0026 01       		.byte	0x1
 556 0027 06       		.byte	0x6
 557 0028 08030000 		.4byte	.LASF0
 558 002c 02       		.uleb128 0x2
 559 002d 01       		.byte	0x1
 560 002e 08       		.byte	0x8
 561 002f 660B0000 		.4byte	.LASF1
 562 0033 02       		.uleb128 0x2
 563 0034 02       		.byte	0x2
 564 0035 05       		.byte	0x5
 565 0036 9F0B0000 		.4byte	.LASF2
 566 003a 02       		.uleb128 0x2
 567 003b 02       		.byte	0x2
 568 003c 07       		.byte	0x7
 569 003d 290E0000 		.4byte	.LASF3
 570 0041 02       		.uleb128 0x2
 571 0042 04       		.byte	0x4
 572 0043 05       		.byte	0x5
 573 0044 F4010000 		.4byte	.LASF4
 574 0048 02       		.uleb128 0x2
 575 0049 04       		.byte	0x4
 576 004a 07       		.byte	0x7
 577 004b DF050000 		.4byte	.LASF5
 578 004f 02       		.uleb128 0x2
 579 0050 08       		.byte	0x8
 580 0051 05       		.byte	0x5
 581 0052 FA020000 		.4byte	.LASF6
 582 0056 02       		.uleb128 0x2
 583 0057 08       		.byte	0x8
 584 0058 07       		.byte	0x7
 585 0059 3A050000 		.4byte	.LASF7
 586 005d 03       		.uleb128 0x3
 587 005e 04       		.byte	0x4
 588 005f 05       		.byte	0x5
 589 0060 696E7400 		.ascii	"int\000"
ARM GAS  C:\Users\Jacob\AppData\Local\Temp\cc52HSeN.s 			page 16


 590 0064 02       		.uleb128 0x2
 591 0065 04       		.byte	0x4
 592 0066 07       		.byte	0x7
 593 0067 1A0D0000 		.4byte	.LASF8
 594 006b 04       		.uleb128 0x4
 595 006c 3C040000 		.4byte	.LASF9
 596 0070 02       		.byte	0x2
 597 0071 D201     		.2byte	0x1d2
 598 0073 2C000000 		.4byte	0x2c
 599 0077 04       		.uleb128 0x4
 600 0078 740B0000 		.4byte	.LASF10
 601 007c 02       		.byte	0x2
 602 007d D301     		.2byte	0x1d3
 603 007f 3A000000 		.4byte	0x3a
 604 0083 04       		.uleb128 0x4
 605 0084 A7040000 		.4byte	.LASF11
 606 0088 02       		.byte	0x2
 607 0089 D401     		.2byte	0x1d4
 608 008b 48000000 		.4byte	0x48
 609 008f 02       		.uleb128 0x2
 610 0090 04       		.byte	0x4
 611 0091 04       		.byte	0x4
 612 0092 090B0000 		.4byte	.LASF12
 613 0096 02       		.uleb128 0x2
 614 0097 08       		.byte	0x8
 615 0098 04       		.byte	0x4
 616 0099 61040000 		.4byte	.LASF13
 617 009d 02       		.uleb128 0x2
 618 009e 01       		.byte	0x1
 619 009f 08       		.byte	0x8
 620 00a0 D30C0000 		.4byte	.LASF14
 621 00a4 02       		.uleb128 0x2
 622 00a5 08       		.byte	0x8
 623 00a6 04       		.byte	0x4
 624 00a7 C70C0000 		.4byte	.LASF15
 625 00ab 02       		.uleb128 0x2
 626 00ac 04       		.byte	0x4
 627 00ad 07       		.byte	0x7
 628 00ae 49090000 		.4byte	.LASF16
 629 00b2 05       		.uleb128 0x5
 630 00b3 04       		.byte	0x4
 631 00b4 06       		.uleb128 0x6
 632 00b5 01       		.byte	0x1
 633 00b6 2C000000 		.4byte	0x2c
 634 00ba 03       		.byte	0x3
 635 00bb 3501     		.2byte	0x135
 636 00bd 72020000 		.4byte	0x272
 637 00c1 07       		.uleb128 0x7
 638 00c2 CB060000 		.4byte	.LASF17
 639 00c6 00       		.byte	0
 640 00c7 07       		.uleb128 0x7
 641 00c8 14030000 		.4byte	.LASF18
 642 00cc 01       		.byte	0x1
 643 00cd 07       		.uleb128 0x7
 644 00ce E2010000 		.4byte	.LASF19
 645 00d2 02       		.byte	0x2
 646 00d3 07       		.uleb128 0x7
ARM GAS  C:\Users\Jacob\AppData\Local\Temp\cc52HSeN.s 			page 17


 647 00d4 100E0000 		.4byte	.LASF20
 648 00d8 03       		.byte	0x3
 649 00d9 07       		.uleb128 0x7
 650 00da 52020000 		.4byte	.LASF21
 651 00de 04       		.byte	0x4
 652 00df 07       		.uleb128 0x7
 653 00e0 23000000 		.4byte	.LASF22
 654 00e4 05       		.byte	0x5
 655 00e5 07       		.uleb128 0x7
 656 00e6 00070000 		.4byte	.LASF23
 657 00ea 06       		.byte	0x6
 658 00eb 07       		.uleb128 0x7
 659 00ec 99080000 		.4byte	.LASF24
 660 00f0 20       		.byte	0x20
 661 00f1 07       		.uleb128 0x7
 662 00f2 70030000 		.4byte	.LASF25
 663 00f6 21       		.byte	0x21
 664 00f7 07       		.uleb128 0x7
 665 00f8 5E070000 		.4byte	.LASF26
 666 00fc 22       		.byte	0x22
 667 00fd 07       		.uleb128 0x7
 668 00fe CD0D0000 		.4byte	.LASF27
 669 0102 23       		.byte	0x23
 670 0103 07       		.uleb128 0x7
 671 0104 320A0000 		.4byte	.LASF28
 672 0108 24       		.byte	0x24
 673 0109 07       		.uleb128 0x7
 674 010a 0F0B0000 		.4byte	.LASF29
 675 010e 25       		.byte	0x25
 676 010f 07       		.uleb128 0x7
 677 0110 F1030000 		.4byte	.LASF30
 678 0114 26       		.byte	0x26
 679 0115 07       		.uleb128 0x7
 680 0116 82070000 		.4byte	.LASF31
 681 011a 27       		.byte	0x27
 682 011b 07       		.uleb128 0x7
 683 011c F80C0000 		.4byte	.LASF32
 684 0120 28       		.byte	0x28
 685 0121 07       		.uleb128 0x7
 686 0122 9C020000 		.4byte	.LASF33
 687 0126 29       		.byte	0x29
 688 0127 07       		.uleb128 0x7
 689 0128 B6000000 		.4byte	.LASF34
 690 012c 2A       		.byte	0x2a
 691 012d 07       		.uleb128 0x7
 692 012e 33010000 		.4byte	.LASF35
 693 0132 2B       		.byte	0x2b
 694 0133 07       		.uleb128 0x7
 695 0134 A90F0000 		.4byte	.LASF36
 696 0138 2C       		.byte	0x2c
 697 0139 07       		.uleb128 0x7
 698 013a B9020000 		.4byte	.LASF37
 699 013e 2D       		.byte	0x2d
 700 013f 07       		.uleb128 0x7
 701 0140 7B0B0000 		.4byte	.LASF38
 702 0144 2E       		.byte	0x2e
 703 0145 07       		.uleb128 0x7
ARM GAS  C:\Users\Jacob\AppData\Local\Temp\cc52HSeN.s 			page 18


 704 0146 52010000 		.4byte	.LASF39
 705 014a 2F       		.byte	0x2f
 706 014b 07       		.uleb128 0x7
 707 014c E4090000 		.4byte	.LASF40
 708 0150 30       		.byte	0x30
 709 0151 07       		.uleb128 0x7
 710 0152 04100000 		.4byte	.LASF41
 711 0156 31       		.byte	0x31
 712 0157 07       		.uleb128 0x7
 713 0158 C3090000 		.4byte	.LASF42
 714 015c 32       		.byte	0x32
 715 015d 07       		.uleb128 0x7
 716 015e 890C0000 		.4byte	.LASF43
 717 0162 33       		.byte	0x33
 718 0163 07       		.uleb128 0x7
 719 0164 F1050000 		.4byte	.LASF44
 720 0168 34       		.byte	0x34
 721 0169 07       		.uleb128 0x7
 722 016a 050A0000 		.4byte	.LASF45
 723 016e 35       		.byte	0x35
 724 016f 07       		.uleb128 0x7
 725 0170 A1070000 		.4byte	.LASF46
 726 0174 36       		.byte	0x36
 727 0175 07       		.uleb128 0x7
 728 0176 CB080000 		.4byte	.LASF47
 729 017a 37       		.byte	0x37
 730 017b 07       		.uleb128 0x7
 731 017c CB040000 		.4byte	.LASF48
 732 0180 40       		.byte	0x40
 733 0181 07       		.uleb128 0x7
 734 0182 5C080000 		.4byte	.LASF49
 735 0186 41       		.byte	0x41
 736 0187 07       		.uleb128 0x7
 737 0188 44100000 		.4byte	.LASF50
 738 018c 42       		.byte	0x42
 739 018d 07       		.uleb128 0x7
 740 018e 5A0E0000 		.4byte	.LASF51
 741 0192 43       		.byte	0x43
 742 0193 07       		.uleb128 0x7
 743 0194 23060000 		.4byte	.LASF52
 744 0198 44       		.byte	0x44
 745 0199 07       		.uleb128 0x7
 746 019a E20A0000 		.4byte	.LASF53
 747 019e 45       		.byte	0x45
 748 019f 07       		.uleb128 0x7
 749 01a0 28090000 		.4byte	.LASF54
 750 01a4 46       		.byte	0x46
 751 01a5 07       		.uleb128 0x7
 752 01a6 E2060000 		.4byte	.LASF55
 753 01aa 47       		.byte	0x47
 754 01ab 07       		.uleb128 0x7
 755 01ac 6D0F0000 		.4byte	.LASF56
 756 01b0 48       		.byte	0x48
 757 01b1 07       		.uleb128 0x7
 758 01b2 87030000 		.4byte	.LASF57
 759 01b6 49       		.byte	0x49
 760 01b7 07       		.uleb128 0x7
ARM GAS  C:\Users\Jacob\AppData\Local\Temp\cc52HSeN.s 			page 19


 761 01b8 CA0E0000 		.4byte	.LASF58
 762 01bc 4A       		.byte	0x4a
 763 01bd 07       		.uleb128 0x7
 764 01be 7B010000 		.4byte	.LASF59
 765 01c2 4B       		.byte	0x4b
 766 01c3 07       		.uleb128 0x7
 767 01c4 09060000 		.4byte	.LASF60
 768 01c8 4C       		.byte	0x4c
 769 01c9 07       		.uleb128 0x7
 770 01ca A9090000 		.4byte	.LASF61
 771 01ce 4D       		.byte	0x4d
 772 01cf 07       		.uleb128 0x7
 773 01d0 BA030000 		.4byte	.LASF62
 774 01d4 4E       		.byte	0x4e
 775 01d5 07       		.uleb128 0x7
 776 01d6 010C0000 		.4byte	.LASF63
 777 01da 4F       		.byte	0x4f
 778 01db 07       		.uleb128 0x7
 779 01dc 9A010000 		.4byte	.LASF64
 780 01e0 50       		.byte	0x50
 781 01e1 07       		.uleb128 0x7
 782 01e2 42040000 		.4byte	.LASF65
 783 01e6 51       		.byte	0x51
 784 01e7 07       		.uleb128 0x7
 785 01e8 6B0A0000 		.4byte	.LASF66
 786 01ec 52       		.byte	0x52
 787 01ed 07       		.uleb128 0x7
 788 01ee A90B0000 		.4byte	.LASF67
 789 01f2 53       		.byte	0x53
 790 01f3 07       		.uleb128 0x7
 791 01f4 4A0C0000 		.4byte	.LASF68
 792 01f8 54       		.byte	0x54
 793 01f9 07       		.uleb128 0x7
 794 01fa 41060000 		.4byte	.LASF69
 795 01fe 55       		.byte	0x55
 796 01ff 07       		.uleb128 0x7
 797 0200 57050000 		.4byte	.LASF70
 798 0204 56       		.byte	0x56
 799 0205 07       		.uleb128 0x7
 800 0206 270D0000 		.4byte	.LASF71
 801 020a 57       		.byte	0x57
 802 020b 07       		.uleb128 0x7
 803 020c 65060000 		.4byte	.LASF72
 804 0210 58       		.byte	0x58
 805 0211 07       		.uleb128 0x7
 806 0212 E5040000 		.4byte	.LASF73
 807 0216 70       		.byte	0x70
 808 0217 07       		.uleb128 0x7
 809 0218 DE0F0000 		.4byte	.LASF74
 810 021c 71       		.byte	0x71
 811 021d 07       		.uleb128 0x7
 812 021e 7D080000 		.4byte	.LASF75
 813 0222 72       		.byte	0x72
 814 0223 07       		.uleb128 0x7
 815 0224 B9010000 		.4byte	.LASF76
 816 0228 73       		.byte	0x73
 817 0229 07       		.uleb128 0x7
ARM GAS  C:\Users\Jacob\AppData\Local\Temp\cc52HSeN.s 			page 20


 818 022a C40A0000 		.4byte	.LASF77
 819 022e 74       		.byte	0x74
 820 022f 07       		.uleb128 0x7
 821 0230 68040000 		.4byte	.LASF78
 822 0234 75       		.byte	0x75
 823 0235 07       		.uleb128 0x7
 824 0236 DF000000 		.4byte	.LASF79
 825 023a 76       		.byte	0x76
 826 023b 07       		.uleb128 0x7
 827 023c 53000000 		.4byte	.LASF80
 828 0240 77       		.byte	0x77
 829 0241 07       		.uleb128 0x7
 830 0242 00000000 		.4byte	.LASF81
 831 0246 78       		.byte	0x78
 832 0247 07       		.uleb128 0x7
 833 0248 570D0000 		.4byte	.LASF82
 834 024c 79       		.byte	0x79
 835 024d 07       		.uleb128 0x7
 836 024e 0B050000 		.4byte	.LASF83
 837 0252 7A       		.byte	0x7a
 838 0253 07       		.uleb128 0x7
 839 0254 67020000 		.4byte	.LASF84
 840 0258 FA       		.byte	0xfa
 841 0259 07       		.uleb128 0x7
 842 025a 97050000 		.4byte	.LASF85
 843 025e FB       		.byte	0xfb
 844 025f 07       		.uleb128 0x7
 845 0260 D50B0000 		.4byte	.LASF86
 846 0264 FC       		.byte	0xfc
 847 0265 07       		.uleb128 0x7
 848 0266 8A100000 		.4byte	.LASF87
 849 026a FD       		.byte	0xfd
 850 026b 07       		.uleb128 0x7
 851 026c AE040000 		.4byte	.LASF88
 852 0270 FF       		.byte	0xff
 853 0271 00       		.byte	0
 854 0272 06       		.uleb128 0x6
 855 0273 02       		.byte	0x2
 856 0274 3A000000 		.4byte	0x3a
 857 0278 03       		.byte	0x3
 858 0279 EA03     		.2byte	0x3ea
 859 027b 51030000 		.4byte	0x351
 860 027f 07       		.uleb128 0x7
 861 0280 BC040000 		.4byte	.LASF89
 862 0284 00       		.byte	0
 863 0285 07       		.uleb128 0x7
 864 0286 89040000 		.4byte	.LASF90
 865 028a 01       		.byte	0x1
 866 028b 07       		.uleb128 0x7
 867 028c 3C0E0000 		.4byte	.LASF91
 868 0290 02       		.byte	0x2
 869 0291 07       		.uleb128 0x7
 870 0292 91000000 		.4byte	.LASF92
 871 0296 03       		.byte	0x3
 872 0297 07       		.uleb128 0x7
 873 0298 830E0000 		.4byte	.LASF93
 874 029c 04       		.byte	0x4
ARM GAS  C:\Users\Jacob\AppData\Local\Temp\cc52HSeN.s 			page 21


 875 029d 07       		.uleb128 0x7
 876 029e 79050000 		.4byte	.LASF94
 877 02a2 05       		.byte	0x5
 878 02a3 07       		.uleb128 0x7
 879 02a4 E70B0000 		.4byte	.LASF95
 880 02a8 06       		.byte	0x6
 881 02a9 07       		.uleb128 0x7
 882 02aa 49030000 		.4byte	.LASF96
 883 02ae 07       		.byte	0x7
 884 02af 07       		.uleb128 0x7
 885 02b0 6B0C0000 		.4byte	.LASF97
 886 02b4 08       		.byte	0x8
 887 02b5 07       		.uleb128 0x7
 888 02b6 940F0000 		.4byte	.LASF98
 889 02ba 09       		.byte	0x9
 890 02bb 07       		.uleb128 0x7
 891 02bc 290B0000 		.4byte	.LASF99
 892 02c0 0A       		.byte	0xa
 893 02c1 07       		.uleb128 0x7
 894 02c2 D80C0000 		.4byte	.LASF100
 895 02c6 0B       		.byte	0xb
 896 02c7 07       		.uleb128 0x7
 897 02c8 85020000 		.4byte	.LASF101
 898 02cc 0C       		.byte	0xc
 899 02cd 07       		.uleb128 0x7
 900 02ce 1A020000 		.4byte	.LASF102
 901 02d2 0D       		.byte	0xd
 902 02d3 07       		.uleb128 0x7
 903 02d4 B6050000 		.4byte	.LASF103
 904 02d8 0E       		.byte	0xe
 905 02d9 07       		.uleb128 0x7
 906 02da 320F0000 		.4byte	.LASF104
 907 02de 0F       		.byte	0xf
 908 02df 07       		.uleb128 0x7
 909 02e0 9F0D0000 		.4byte	.LASF105
 910 02e4 10       		.byte	0x10
 911 02e5 07       		.uleb128 0x7
 912 02e6 88060000 		.4byte	.LASF106
 913 02ea 11       		.byte	0x11
 914 02eb 07       		.uleb128 0x7
 915 02ec 19040000 		.4byte	.LASF107
 916 02f0 12       		.byte	0x12
 917 02f1 07       		.uleb128 0x7
 918 02f2 62100000 		.4byte	.LASF108
 919 02f6 13       		.byte	0x13
 920 02f7 07       		.uleb128 0x7
 921 02f8 27030000 		.4byte	.LASF109
 922 02fc 27       		.byte	0x27
 923 02fd 07       		.uleb128 0x7
 924 02fe 7A0D0000 		.4byte	.LASF110
 925 0302 28       		.byte	0x28
 926 0303 07       		.uleb128 0x7
 927 0304 160F0000 		.4byte	.LASF111
 928 0308 29       		.byte	0x29
 929 0309 07       		.uleb128 0x7
 930 030a FD010000 		.4byte	.LASF112
 931 030e 2A       		.byte	0x2a
ARM GAS  C:\Users\Jacob\AppData\Local\Temp\cc52HSeN.s 			page 22


 932 030f 07       		.uleb128 0x7
 933 0310 00010000 		.4byte	.LASF113
 934 0314 2B       		.byte	0x2b
 935 0315 07       		.uleb128 0x7
 936 0316 10090000 		.4byte	.LASF114
 937 031a 2C       		.byte	0x2c
 938 031b 07       		.uleb128 0x7
 939 031c 200C0000 		.4byte	.LASF115
 940 0320 2D       		.byte	0x2d
 941 0321 07       		.uleb128 0x7
 942 0322 E80E0000 		.4byte	.LASF116
 943 0326 FE       		.byte	0xfe
 944 0327 07       		.uleb128 0x7
 945 0328 00090000 		.4byte	.LASF117
 946 032c FF       		.byte	0xff
 947 032d 08       		.uleb128 0x8
 948 032e B2060000 		.4byte	.LASF118
 949 0332 0001     		.2byte	0x100
 950 0334 08       		.uleb128 0x8
 951 0335 8C0A0000 		.4byte	.LASF119
 952 0339 0101     		.2byte	0x101
 953 033b 08       		.uleb128 0x8
 954 033c 430B0000 		.4byte	.LASF120
 955 0340 0201     		.2byte	0x102
 956 0342 08       		.uleb128 0x8
 957 0343 A0030000 		.4byte	.LASF121
 958 0347 0301     		.2byte	0x103
 959 0349 08       		.uleb128 0x8
 960 034a B00C0000 		.4byte	.LASF122
 961 034e 0401     		.2byte	0x104
 962 0350 00       		.byte	0
 963 0351 04       		.uleb128 0x4
 964 0352 580A0000 		.4byte	.LASF123
 965 0356 03       		.byte	0x3
 966 0357 5C04     		.2byte	0x45c
 967 0359 72020000 		.4byte	0x272
 968 035d 09       		.uleb128 0x9
 969 035e 04       		.byte	0x4
 970 035f 6B000000 		.4byte	0x6b
 971 0363 04       		.uleb128 0x4
 972 0364 28100000 		.4byte	.LASF124
 973 0368 04       		.byte	0x4
 974 0369 8901     		.2byte	0x189
 975 036b 77000000 		.4byte	0x77
 976 036f 0A       		.uleb128 0xa
 977 0370 02       		.byte	0x2
 978 0371 04       		.byte	0x4
 979 0372 9301     		.2byte	0x193
 980 0374 93030000 		.4byte	0x393
 981 0378 0B       		.uleb128 0xb
 982 0379 CD0F0000 		.4byte	.LASF125
 983 037d 04       		.byte	0x4
 984 037e 9A01     		.2byte	0x19a
 985 0380 6B000000 		.4byte	0x6b
 986 0384 00       		.byte	0
 987 0385 0B       		.uleb128 0xb
 988 0386 77080000 		.4byte	.LASF126
ARM GAS  C:\Users\Jacob\AppData\Local\Temp\cc52HSeN.s 			page 23


 989 038a 04       		.byte	0x4
 990 038b A001     		.2byte	0x1a0
 991 038d 6B000000 		.4byte	0x6b
 992 0391 01       		.byte	0x1
 993 0392 00       		.byte	0
 994 0393 04       		.uleb128 0x4
 995 0394 72000000 		.4byte	.LASF127
 996 0398 04       		.byte	0x4
 997 0399 A201     		.2byte	0x1a2
 998 039b 6F030000 		.4byte	0x36f
 999 039f 0A       		.uleb128 0xa
 1000 03a0 08       		.byte	0x8
 1001 03a1 04       		.byte	0x4
 1002 03a2 BE01     		.2byte	0x1be
 1003 03a4 D0030000 		.4byte	0x3d0
 1004 03a8 0C       		.uleb128 0xc
 1005 03a9 76616C00 		.ascii	"val\000"
 1006 03ad 04       		.byte	0x4
 1007 03ae C101     		.2byte	0x1c1
 1008 03b0 5D030000 		.4byte	0x35d
 1009 03b4 00       		.byte	0
 1010 03b5 0C       		.uleb128 0xc
 1011 03b6 6C656E00 		.ascii	"len\000"
 1012 03ba 04       		.byte	0x4
 1013 03bb C401     		.2byte	0x1c4
 1014 03bd 77000000 		.4byte	0x77
 1015 03c1 04       		.byte	0x4
 1016 03c2 0B       		.uleb128 0xb
 1017 03c3 66030000 		.4byte	.LASF128
 1018 03c7 04       		.byte	0x4
 1019 03c8 CB01     		.2byte	0x1cb
 1020 03ca 77000000 		.4byte	0x77
 1021 03ce 06       		.byte	0x6
 1022 03cf 00       		.byte	0
 1023 03d0 04       		.uleb128 0x4
 1024 03d1 3F020000 		.4byte	.LASF129
 1025 03d5 04       		.byte	0x4
 1026 03d6 CD01     		.2byte	0x1cd
 1027 03d8 9F030000 		.4byte	0x39f
 1028 03dc 0A       		.uleb128 0xa
 1029 03dd 0C       		.byte	0xc
 1030 03de 04       		.byte	0x4
 1031 03df D001     		.2byte	0x1d0
 1032 03e1 00040000 		.4byte	0x400
 1033 03e5 0B       		.uleb128 0xb
 1034 03e6 51050000 		.4byte	.LASF130
 1035 03ea 04       		.byte	0x4
 1036 03eb D301     		.2byte	0x1d3
 1037 03ed D0030000 		.4byte	0x3d0
 1038 03f1 00       		.byte	0
 1039 03f2 0B       		.uleb128 0xb
 1040 03f3 2F050000 		.4byte	.LASF131
 1041 03f7 04       		.byte	0x4
 1042 03f8 D601     		.2byte	0x1d6
 1043 03fa 63030000 		.4byte	0x363
 1044 03fe 08       		.byte	0x8
 1045 03ff 00       		.byte	0
ARM GAS  C:\Users\Jacob\AppData\Local\Temp\cc52HSeN.s 			page 24


 1046 0400 04       		.uleb128 0x4
 1047 0401 A50A0000 		.4byte	.LASF132
 1048 0405 04       		.byte	0x4
 1049 0406 D801     		.2byte	0x1d8
 1050 0408 DC030000 		.4byte	0x3dc
 1051 040c 0D       		.uleb128 0xd
 1052 040d F30D0000 		.4byte	.LASF133
 1053 0411 05       		.byte	0x5
 1054 0412 4B       		.byte	0x4b
 1055 0413 D0030000 		.4byte	0x3d0
 1056 0417 0E       		.uleb128 0xe
 1057 0418 10       		.byte	0x10
 1058 0419 05       		.byte	0x5
 1059 041a 8A       		.byte	0x8a
 1060 041b 38040000 		.4byte	0x438
 1061 041f 0F       		.uleb128 0xf
 1062 0420 86000000 		.4byte	.LASF134
 1063 0424 05       		.byte	0x5
 1064 0425 8D       		.byte	0x8d
 1065 0426 93030000 		.4byte	0x393
 1066 042a 00       		.byte	0
 1067 042b 0F       		.uleb128 0xf
 1068 042c BD080000 		.4byte	.LASF135
 1069 0430 05       		.byte	0x5
 1070 0431 90       		.byte	0x90
 1071 0432 00040000 		.4byte	0x400
 1072 0436 04       		.byte	0x4
 1073 0437 00       		.byte	0
 1074 0438 0D       		.uleb128 0xd
 1075 0439 52090000 		.4byte	.LASF136
 1076 043d 05       		.byte	0x5
 1077 043e 92       		.byte	0x92
 1078 043f 17040000 		.4byte	0x417
 1079 0443 06       		.uleb128 0x6
 1080 0444 01       		.byte	0x1
 1081 0445 2C000000 		.4byte	0x2c
 1082 0449 06       		.byte	0x6
 1083 044a 5A08     		.2byte	0x85a
 1084 044c 6F040000 		.4byte	0x46f
 1085 0450 07       		.uleb128 0x7
 1086 0451 3F000000 		.4byte	.LASF137
 1087 0455 00       		.byte	0
 1088 0456 07       		.uleb128 0x7
 1089 0457 70090000 		.4byte	.LASF138
 1090 045b 01       		.byte	0x1
 1091 045c 07       		.uleb128 0x7
 1092 045d 570F0000 		.4byte	.LASF139
 1093 0461 02       		.byte	0x2
 1094 0462 07       		.uleb128 0x7
 1095 0463 E2020000 		.4byte	.LASF140
 1096 0467 03       		.byte	0x3
 1097 0468 07       		.uleb128 0x7
 1098 0469 D8030000 		.4byte	.LASF141
 1099 046d 04       		.byte	0x4
 1100 046e 00       		.byte	0
 1101 046f 04       		.uleb128 0x4
 1102 0470 BC0E0000 		.4byte	.LASF142
ARM GAS  C:\Users\Jacob\AppData\Local\Temp\cc52HSeN.s 			page 25


 1103 0474 06       		.byte	0x6
 1104 0475 6808     		.2byte	0x868
 1105 0477 43040000 		.4byte	0x443
 1106 047b 10       		.uleb128 0x10
 1107 047c 040F0000 		.4byte	.LASF145
 1108 0480 01       		.byte	0x1
 1109 0481 25       		.byte	0x25
 1110 0482 00000000 		.4byte	.LFB36
 1111 0486 04020000 		.4byte	.LFE36-.LFB36
 1112 048a 01       		.uleb128 0x1
 1113 048b 9C       		.byte	0x9c
 1114 048c BB040000 		.4byte	0x4bb
 1115 0490 11       		.uleb128 0x11
 1116 0491 AC060000 		.4byte	.LASF143
 1117 0495 01       		.byte	0x1
 1118 0496 25       		.byte	0x25
 1119 0497 83000000 		.4byte	0x83
 1120 049b 02       		.uleb128 0x2
 1121 049c 91       		.byte	0x91
 1122 049d 64       		.sleb128 -28
 1123 049e 11       		.uleb128 0x11
 1124 049f 780E0000 		.4byte	.LASF144
 1125 04a3 01       		.byte	0x1
 1126 04a4 25       		.byte	0x25
 1127 04a5 B2000000 		.4byte	0xb2
 1128 04a9 02       		.uleb128 0x2
 1129 04aa 91       		.byte	0x91
 1130 04ab 60       		.sleb128 -32
 1131 04ac 12       		.uleb128 0x12
 1132 04ad 4E0A0000 		.4byte	.LASF147
 1133 04b1 01       		.byte	0x1
 1134 04b2 27       		.byte	0x27
 1135 04b3 51030000 		.4byte	0x351
 1136 04b7 02       		.uleb128 0x2
 1137 04b8 91       		.byte	0x91
 1138 04b9 6E       		.sleb128 -18
 1139 04ba 00       		.byte	0
 1140 04bb 10       		.uleb128 0x10
 1141 04bc A60E0000 		.4byte	.LASF146
 1142 04c0 01       		.byte	0x1
 1143 04c1 C7       		.byte	0xc7
 1144 04c2 00000000 		.4byte	.LFB37
 1145 04c6 50000000 		.4byte	.LFE37-.LFB37
 1146 04ca 01       		.uleb128 0x1
 1147 04cb 9C       		.byte	0x9c
 1148 04cc DF040000 		.4byte	0x4df
 1149 04d0 12       		.uleb128 0x12
 1150 04d1 D60F0000 		.4byte	.LASF148
 1151 04d5 01       		.byte	0x1
 1152 04d6 CA       		.byte	0xca
 1153 04d7 00040000 		.4byte	0x400
 1154 04db 02       		.uleb128 0x2
 1155 04dc 91       		.byte	0x91
 1156 04dd 6C       		.sleb128 -20
 1157 04de 00       		.byte	0
 1158 04df 13       		.uleb128 0x13
 1159 04e0 C2070000 		.4byte	.LASF149
ARM GAS  C:\Users\Jacob\AppData\Local\Temp\cc52HSeN.s 			page 26


 1160 04e4 06       		.byte	0x6
 1161 04e5 B30A     		.2byte	0xab3
 1162 04e7 6F040000 		.4byte	0x46f
 1163 04eb 13       		.uleb128 0x13
 1164 04ec 98090000 		.4byte	.LASF150
 1165 04f0 06       		.byte	0x6
 1166 04f1 B40A     		.2byte	0xab4
 1167 04f3 93030000 		.4byte	0x393
 1168 04f7 14       		.uleb128 0x14
 1169 04f8 220A0000 		.4byte	.LASF151
 1170 04fc 07       		.byte	0x7
 1171 04fd 19       		.byte	0x19
 1172 04fe 6B000000 		.4byte	0x6b
 1173 0502 05       		.uleb128 0x5
 1174 0503 03       		.byte	0x3
 1175 0504 00000000 		.4byte	deviceConnected
 1176 0508 15       		.uleb128 0x15
 1177 0509 9D000000 		.4byte	0x9d
 1178 050d 18050000 		.4byte	0x518
 1179 0511 16       		.uleb128 0x16
 1180 0512 AB000000 		.4byte	0xab
 1181 0516 B3       		.byte	0xb3
 1182 0517 00       		.byte	0
 1183 0518 17       		.uleb128 0x17
 1184 0519 500D0000 		.4byte	.LASF152
 1185 051d 07       		.byte	0x7
 1186 051e 1A       		.byte	0x1a
 1187 051f 08050000 		.4byte	0x508
 1188 0523 14       		.uleb128 0x14
 1189 0524 86000000 		.4byte	.LASF134
 1190 0528 01       		.byte	0x1
 1191 0529 0E       		.byte	0xe
 1192 052a 93030000 		.4byte	0x393
 1193 052e 05       		.uleb128 0x5
 1194 052f 03       		.byte	0x3
 1195 0530 00000000 		.4byte	connHandle
 1196 0534 14       		.uleb128 0x14
 1197 0535 D7010000 		.4byte	.LASF153
 1198 0539 01       		.byte	0x1
 1199 053a 0F       		.byte	0xf
 1200 053b 45050000 		.4byte	0x545
 1201 053f 05       		.uleb128 0x5
 1202 0540 03       		.byte	0x3
 1203 0541 00000000 		.4byte	wrReqParam
 1204 0545 09       		.uleb128 0x9
 1205 0546 04       		.byte	0x4
 1206 0547 38040000 		.4byte	0x438
 1207 054b 14       		.uleb128 0x14
 1208 054c CA0B0000 		.4byte	.LASF154
 1209 0550 01       		.byte	0x1
 1210 0551 10       		.byte	0x10
 1211 0552 5C050000 		.4byte	0x55c
 1212 0556 05       		.uleb128 0x5
 1213 0557 03       		.byte	0x3
 1214 0558 00000000 		.4byte	rrReqParam
 1215 055c 09       		.uleb128 0x9
 1216 055d 04       		.byte	0x4
ARM GAS  C:\Users\Jacob\AppData\Local\Temp\cc52HSeN.s 			page 27


 1217 055e 0C040000 		.4byte	0x40c
 1218 0562 00       		.byte	0
 1219              		.section	.debug_abbrev,"",%progbits
 1220              	.Ldebug_abbrev0:
 1221 0000 01       		.uleb128 0x1
 1222 0001 11       		.uleb128 0x11
 1223 0002 01       		.byte	0x1
 1224 0003 25       		.uleb128 0x25
 1225 0004 0E       		.uleb128 0xe
 1226 0005 13       		.uleb128 0x13
 1227 0006 0B       		.uleb128 0xb
 1228 0007 03       		.uleb128 0x3
 1229 0008 0E       		.uleb128 0xe
 1230 0009 1B       		.uleb128 0x1b
 1231 000a 0E       		.uleb128 0xe
 1232 000b 55       		.uleb128 0x55
 1233 000c 17       		.uleb128 0x17
 1234 000d 11       		.uleb128 0x11
 1235 000e 01       		.uleb128 0x1
 1236 000f 10       		.uleb128 0x10
 1237 0010 17       		.uleb128 0x17
 1238 0011 00       		.byte	0
 1239 0012 00       		.byte	0
 1240 0013 02       		.uleb128 0x2
 1241 0014 24       		.uleb128 0x24
 1242 0015 00       		.byte	0
 1243 0016 0B       		.uleb128 0xb
 1244 0017 0B       		.uleb128 0xb
 1245 0018 3E       		.uleb128 0x3e
 1246 0019 0B       		.uleb128 0xb
 1247 001a 03       		.uleb128 0x3
 1248 001b 0E       		.uleb128 0xe
 1249 001c 00       		.byte	0
 1250 001d 00       		.byte	0
 1251 001e 03       		.uleb128 0x3
 1252 001f 24       		.uleb128 0x24
 1253 0020 00       		.byte	0
 1254 0021 0B       		.uleb128 0xb
 1255 0022 0B       		.uleb128 0xb
 1256 0023 3E       		.uleb128 0x3e
 1257 0024 0B       		.uleb128 0xb
 1258 0025 03       		.uleb128 0x3
 1259 0026 08       		.uleb128 0x8
 1260 0027 00       		.byte	0
 1261 0028 00       		.byte	0
 1262 0029 04       		.uleb128 0x4
 1263 002a 16       		.uleb128 0x16
 1264 002b 00       		.byte	0
 1265 002c 03       		.uleb128 0x3
 1266 002d 0E       		.uleb128 0xe
 1267 002e 3A       		.uleb128 0x3a
 1268 002f 0B       		.uleb128 0xb
 1269 0030 3B       		.uleb128 0x3b
 1270 0031 05       		.uleb128 0x5
 1271 0032 49       		.uleb128 0x49
 1272 0033 13       		.uleb128 0x13
 1273 0034 00       		.byte	0
ARM GAS  C:\Users\Jacob\AppData\Local\Temp\cc52HSeN.s 			page 28


 1274 0035 00       		.byte	0
 1275 0036 05       		.uleb128 0x5
 1276 0037 0F       		.uleb128 0xf
 1277 0038 00       		.byte	0
 1278 0039 0B       		.uleb128 0xb
 1279 003a 0B       		.uleb128 0xb
 1280 003b 00       		.byte	0
 1281 003c 00       		.byte	0
 1282 003d 06       		.uleb128 0x6
 1283 003e 04       		.uleb128 0x4
 1284 003f 01       		.byte	0x1
 1285 0040 0B       		.uleb128 0xb
 1286 0041 0B       		.uleb128 0xb
 1287 0042 49       		.uleb128 0x49
 1288 0043 13       		.uleb128 0x13
 1289 0044 3A       		.uleb128 0x3a
 1290 0045 0B       		.uleb128 0xb
 1291 0046 3B       		.uleb128 0x3b
 1292 0047 05       		.uleb128 0x5
 1293 0048 01       		.uleb128 0x1
 1294 0049 13       		.uleb128 0x13
 1295 004a 00       		.byte	0
 1296 004b 00       		.byte	0
 1297 004c 07       		.uleb128 0x7
 1298 004d 28       		.uleb128 0x28
 1299 004e 00       		.byte	0
 1300 004f 03       		.uleb128 0x3
 1301 0050 0E       		.uleb128 0xe
 1302 0051 1C       		.uleb128 0x1c
 1303 0052 0B       		.uleb128 0xb
 1304 0053 00       		.byte	0
 1305 0054 00       		.byte	0
 1306 0055 08       		.uleb128 0x8
 1307 0056 28       		.uleb128 0x28
 1308 0057 00       		.byte	0
 1309 0058 03       		.uleb128 0x3
 1310 0059 0E       		.uleb128 0xe
 1311 005a 1C       		.uleb128 0x1c
 1312 005b 05       		.uleb128 0x5
 1313 005c 00       		.byte	0
 1314 005d 00       		.byte	0
 1315 005e 09       		.uleb128 0x9
 1316 005f 0F       		.uleb128 0xf
 1317 0060 00       		.byte	0
 1318 0061 0B       		.uleb128 0xb
 1319 0062 0B       		.uleb128 0xb
 1320 0063 49       		.uleb128 0x49
 1321 0064 13       		.uleb128 0x13
 1322 0065 00       		.byte	0
 1323 0066 00       		.byte	0
 1324 0067 0A       		.uleb128 0xa
 1325 0068 13       		.uleb128 0x13
 1326 0069 01       		.byte	0x1
 1327 006a 0B       		.uleb128 0xb
 1328 006b 0B       		.uleb128 0xb
 1329 006c 3A       		.uleb128 0x3a
 1330 006d 0B       		.uleb128 0xb
ARM GAS  C:\Users\Jacob\AppData\Local\Temp\cc52HSeN.s 			page 29


 1331 006e 3B       		.uleb128 0x3b
 1332 006f 05       		.uleb128 0x5
 1333 0070 01       		.uleb128 0x1
 1334 0071 13       		.uleb128 0x13
 1335 0072 00       		.byte	0
 1336 0073 00       		.byte	0
 1337 0074 0B       		.uleb128 0xb
 1338 0075 0D       		.uleb128 0xd
 1339 0076 00       		.byte	0
 1340 0077 03       		.uleb128 0x3
 1341 0078 0E       		.uleb128 0xe
 1342 0079 3A       		.uleb128 0x3a
 1343 007a 0B       		.uleb128 0xb
 1344 007b 3B       		.uleb128 0x3b
 1345 007c 05       		.uleb128 0x5
 1346 007d 49       		.uleb128 0x49
 1347 007e 13       		.uleb128 0x13
 1348 007f 38       		.uleb128 0x38
 1349 0080 0B       		.uleb128 0xb
 1350 0081 00       		.byte	0
 1351 0082 00       		.byte	0
 1352 0083 0C       		.uleb128 0xc
 1353 0084 0D       		.uleb128 0xd
 1354 0085 00       		.byte	0
 1355 0086 03       		.uleb128 0x3
 1356 0087 08       		.uleb128 0x8
 1357 0088 3A       		.uleb128 0x3a
 1358 0089 0B       		.uleb128 0xb
 1359 008a 3B       		.uleb128 0x3b
 1360 008b 05       		.uleb128 0x5
 1361 008c 49       		.uleb128 0x49
 1362 008d 13       		.uleb128 0x13
 1363 008e 38       		.uleb128 0x38
 1364 008f 0B       		.uleb128 0xb
 1365 0090 00       		.byte	0
 1366 0091 00       		.byte	0
 1367 0092 0D       		.uleb128 0xd
 1368 0093 16       		.uleb128 0x16
 1369 0094 00       		.byte	0
 1370 0095 03       		.uleb128 0x3
 1371 0096 0E       		.uleb128 0xe
 1372 0097 3A       		.uleb128 0x3a
 1373 0098 0B       		.uleb128 0xb
 1374 0099 3B       		.uleb128 0x3b
 1375 009a 0B       		.uleb128 0xb
 1376 009b 49       		.uleb128 0x49
 1377 009c 13       		.uleb128 0x13
 1378 009d 00       		.byte	0
 1379 009e 00       		.byte	0
 1380 009f 0E       		.uleb128 0xe
 1381 00a0 13       		.uleb128 0x13
 1382 00a1 01       		.byte	0x1
 1383 00a2 0B       		.uleb128 0xb
 1384 00a3 0B       		.uleb128 0xb
 1385 00a4 3A       		.uleb128 0x3a
 1386 00a5 0B       		.uleb128 0xb
 1387 00a6 3B       		.uleb128 0x3b
ARM GAS  C:\Users\Jacob\AppData\Local\Temp\cc52HSeN.s 			page 30


 1388 00a7 0B       		.uleb128 0xb
 1389 00a8 01       		.uleb128 0x1
 1390 00a9 13       		.uleb128 0x13
 1391 00aa 00       		.byte	0
 1392 00ab 00       		.byte	0
 1393 00ac 0F       		.uleb128 0xf
 1394 00ad 0D       		.uleb128 0xd
 1395 00ae 00       		.byte	0
 1396 00af 03       		.uleb128 0x3
 1397 00b0 0E       		.uleb128 0xe
 1398 00b1 3A       		.uleb128 0x3a
 1399 00b2 0B       		.uleb128 0xb
 1400 00b3 3B       		.uleb128 0x3b
 1401 00b4 0B       		.uleb128 0xb
 1402 00b5 49       		.uleb128 0x49
 1403 00b6 13       		.uleb128 0x13
 1404 00b7 38       		.uleb128 0x38
 1405 00b8 0B       		.uleb128 0xb
 1406 00b9 00       		.byte	0
 1407 00ba 00       		.byte	0
 1408 00bb 10       		.uleb128 0x10
 1409 00bc 2E       		.uleb128 0x2e
 1410 00bd 01       		.byte	0x1
 1411 00be 3F       		.uleb128 0x3f
 1412 00bf 19       		.uleb128 0x19
 1413 00c0 03       		.uleb128 0x3
 1414 00c1 0E       		.uleb128 0xe
 1415 00c2 3A       		.uleb128 0x3a
 1416 00c3 0B       		.uleb128 0xb
 1417 00c4 3B       		.uleb128 0x3b
 1418 00c5 0B       		.uleb128 0xb
 1419 00c6 27       		.uleb128 0x27
 1420 00c7 19       		.uleb128 0x19
 1421 00c8 11       		.uleb128 0x11
 1422 00c9 01       		.uleb128 0x1
 1423 00ca 12       		.uleb128 0x12
 1424 00cb 06       		.uleb128 0x6
 1425 00cc 40       		.uleb128 0x40
 1426 00cd 18       		.uleb128 0x18
 1427 00ce 9642     		.uleb128 0x2116
 1428 00d0 19       		.uleb128 0x19
 1429 00d1 01       		.uleb128 0x1
 1430 00d2 13       		.uleb128 0x13
 1431 00d3 00       		.byte	0
 1432 00d4 00       		.byte	0
 1433 00d5 11       		.uleb128 0x11
 1434 00d6 05       		.uleb128 0x5
 1435 00d7 00       		.byte	0
 1436 00d8 03       		.uleb128 0x3
 1437 00d9 0E       		.uleb128 0xe
 1438 00da 3A       		.uleb128 0x3a
 1439 00db 0B       		.uleb128 0xb
 1440 00dc 3B       		.uleb128 0x3b
 1441 00dd 0B       		.uleb128 0xb
 1442 00de 49       		.uleb128 0x49
 1443 00df 13       		.uleb128 0x13
 1444 00e0 02       		.uleb128 0x2
ARM GAS  C:\Users\Jacob\AppData\Local\Temp\cc52HSeN.s 			page 31


 1445 00e1 18       		.uleb128 0x18
 1446 00e2 00       		.byte	0
 1447 00e3 00       		.byte	0
 1448 00e4 12       		.uleb128 0x12
 1449 00e5 34       		.uleb128 0x34
 1450 00e6 00       		.byte	0
 1451 00e7 03       		.uleb128 0x3
 1452 00e8 0E       		.uleb128 0xe
 1453 00e9 3A       		.uleb128 0x3a
 1454 00ea 0B       		.uleb128 0xb
 1455 00eb 3B       		.uleb128 0x3b
 1456 00ec 0B       		.uleb128 0xb
 1457 00ed 49       		.uleb128 0x49
 1458 00ee 13       		.uleb128 0x13
 1459 00ef 02       		.uleb128 0x2
 1460 00f0 18       		.uleb128 0x18
 1461 00f1 00       		.byte	0
 1462 00f2 00       		.byte	0
 1463 00f3 13       		.uleb128 0x13
 1464 00f4 34       		.uleb128 0x34
 1465 00f5 00       		.byte	0
 1466 00f6 03       		.uleb128 0x3
 1467 00f7 0E       		.uleb128 0xe
 1468 00f8 3A       		.uleb128 0x3a
 1469 00f9 0B       		.uleb128 0xb
 1470 00fa 3B       		.uleb128 0x3b
 1471 00fb 05       		.uleb128 0x5
 1472 00fc 49       		.uleb128 0x49
 1473 00fd 13       		.uleb128 0x13
 1474 00fe 3F       		.uleb128 0x3f
 1475 00ff 19       		.uleb128 0x19
 1476 0100 3C       		.uleb128 0x3c
 1477 0101 19       		.uleb128 0x19
 1478 0102 00       		.byte	0
 1479 0103 00       		.byte	0
 1480 0104 14       		.uleb128 0x14
 1481 0105 34       		.uleb128 0x34
 1482 0106 00       		.byte	0
 1483 0107 03       		.uleb128 0x3
 1484 0108 0E       		.uleb128 0xe
 1485 0109 3A       		.uleb128 0x3a
 1486 010a 0B       		.uleb128 0xb
 1487 010b 3B       		.uleb128 0x3b
 1488 010c 0B       		.uleb128 0xb
 1489 010d 49       		.uleb128 0x49
 1490 010e 13       		.uleb128 0x13
 1491 010f 3F       		.uleb128 0x3f
 1492 0110 19       		.uleb128 0x19
 1493 0111 02       		.uleb128 0x2
 1494 0112 18       		.uleb128 0x18
 1495 0113 00       		.byte	0
 1496 0114 00       		.byte	0
 1497 0115 15       		.uleb128 0x15
 1498 0116 01       		.uleb128 0x1
 1499 0117 01       		.byte	0x1
 1500 0118 49       		.uleb128 0x49
 1501 0119 13       		.uleb128 0x13
ARM GAS  C:\Users\Jacob\AppData\Local\Temp\cc52HSeN.s 			page 32


 1502 011a 01       		.uleb128 0x1
 1503 011b 13       		.uleb128 0x13
 1504 011c 00       		.byte	0
 1505 011d 00       		.byte	0
 1506 011e 16       		.uleb128 0x16
 1507 011f 21       		.uleb128 0x21
 1508 0120 00       		.byte	0
 1509 0121 49       		.uleb128 0x49
 1510 0122 13       		.uleb128 0x13
 1511 0123 2F       		.uleb128 0x2f
 1512 0124 0B       		.uleb128 0xb
 1513 0125 00       		.byte	0
 1514 0126 00       		.byte	0
 1515 0127 17       		.uleb128 0x17
 1516 0128 34       		.uleb128 0x34
 1517 0129 00       		.byte	0
 1518 012a 03       		.uleb128 0x3
 1519 012b 0E       		.uleb128 0xe
 1520 012c 3A       		.uleb128 0x3a
 1521 012d 0B       		.uleb128 0xb
 1522 012e 3B       		.uleb128 0x3b
 1523 012f 0B       		.uleb128 0xb
 1524 0130 49       		.uleb128 0x49
 1525 0131 13       		.uleb128 0x13
 1526 0132 3F       		.uleb128 0x3f
 1527 0133 19       		.uleb128 0x19
 1528 0134 3C       		.uleb128 0x3c
 1529 0135 19       		.uleb128 0x19
 1530 0136 00       		.byte	0
 1531 0137 00       		.byte	0
 1532 0138 00       		.byte	0
 1533              		.section	.debug_aranges,"",%progbits
 1534 0000 24000000 		.4byte	0x24
 1535 0004 0200     		.2byte	0x2
 1536 0006 00000000 		.4byte	.Ldebug_info0
 1537 000a 04       		.byte	0x4
 1538 000b 00       		.byte	0
 1539 000c 0000     		.2byte	0
 1540 000e 0000     		.2byte	0
 1541 0010 00000000 		.4byte	.LFB36
 1542 0014 04020000 		.4byte	.LFE36-.LFB36
 1543 0018 00000000 		.4byte	.LFB37
 1544 001c 50000000 		.4byte	.LFE37-.LFB37
 1545 0020 00000000 		.4byte	0
 1546 0024 00000000 		.4byte	0
 1547              		.section	.debug_ranges,"",%progbits
 1548              	.Ldebug_ranges0:
 1549 0000 00000000 		.4byte	.LFB36
 1550 0004 04020000 		.4byte	.LFE36
 1551 0008 00000000 		.4byte	.LFB37
 1552 000c 50000000 		.4byte	.LFE37
 1553 0010 00000000 		.4byte	0
 1554 0014 00000000 		.4byte	0
 1555              		.section	.debug_line,"",%progbits
 1556              	.Ldebug_line0:
 1557 0000 0E010000 		.section	.debug_str,"MS",%progbits,1
 1557      0200A600 
ARM GAS  C:\Users\Jacob\AppData\Local\Temp\cc52HSeN.s 			page 33


 1557      00000201 
 1557      FB0E0D00 
 1557      01010101 
 1558              	.LASF81:
 1559 0000 4359424C 		.ascii	"CYBLE_EVT_L2CAP_CBFC_RX_CREDIT_IND\000"
 1559      455F4556 
 1559      545F4C32 
 1559      4341505F 
 1559      43424643 
 1560              	.LASF22:
 1561 0023 4359424C 		.ascii	"CYBLE_EVT_STACK_BUSY_STATUS\000"
 1561      455F4556 
 1561      545F5354 
 1561      41434B5F 
 1561      42555359 
 1562              	.LASF137:
 1563 003f 4359424C 		.ascii	"CYBLE_STATE_STOPPED\000"
 1563      455F5354 
 1563      4154455F 
 1563      53544F50 
 1563      50454400 
 1564              	.LASF80:
 1565 0053 4359424C 		.ascii	"CYBLE_EVT_L2CAP_CBFC_DATA_READ\000"
 1565      455F4556 
 1565      545F4C32 
 1565      4341505F 
 1565      43424643 
 1566              	.LASF127:
 1567 0072 4359424C 		.ascii	"CYBLE_CONN_HANDLE_T\000"
 1567      455F434F 
 1567      4E4E5F48 
 1567      414E444C 
 1567      455F5400 
 1568              	.LASF134:
 1569 0086 636F6E6E 		.ascii	"connHandle\000"
 1569      48616E64 
 1569      6C6500
 1570              	.LASF92:
 1571 0091 4359424C 		.ascii	"CYBLE_ERROR_MEMORY_ALLOCATION_FAILED\000"
 1571      455F4552 
 1571      524F525F 
 1571      4D454D4F 
 1571      52595F41 
 1572              	.LASF34:
 1573 00b6 4359424C 		.ascii	"CYBLE_EVT_GAP_CONNECTION_UPDATE_COMPLETE\000"
 1573      455F4556 
 1573      545F4741 
 1573      505F434F 
 1573      4E4E4543 
 1574              	.LASF79:
 1575 00df 4359424C 		.ascii	"CYBLE_EVT_L2CAP_CBFC_DISCONN_CNF\000"
 1575      455F4556 
 1575      545F4C32 
 1575      4341505F 
 1575      43424643 
 1576              	.LASF113:
 1577 0100 4359424C 		.ascii	"CYBLE_ERROR_UNSUPPORTED_FEATURE_OR_PARAMETER_VALUE\000"
ARM GAS  C:\Users\Jacob\AppData\Local\Temp\cc52HSeN.s 			page 34


 1577      455F4552 
 1577      524F525F 
 1577      554E5355 
 1577      50504F52 
 1578              	.LASF35:
 1579 0133 4359424C 		.ascii	"CYBLE_EVT_GAPC_SCAN_START_STOP\000"
 1579      455F4556 
 1579      545F4741 
 1579      50435F53 
 1579      43414E5F 
 1580              	.LASF39:
 1581 0152 4359424C 		.ascii	"CYBLE_EVT_GAP_OOB_GENERATED_NOTIFICATION\000"
 1581      455F4556 
 1581      545F4741 
 1581      505F4F4F 
 1581      425F4745 
 1582              	.LASF59:
 1583 017b 4359424C 		.ascii	"CYBLE_EVT_GATTC_READ_MULTI_RSP\000"
 1583      455F4556 
 1583      545F4741 
 1583      5454435F 
 1583      52454144 
 1584              	.LASF64:
 1585 019a 4359424C 		.ascii	"CYBLE_EVT_GATTS_EXEC_WRITE_REQ\000"
 1585      455F4556 
 1585      545F4741 
 1585      5454535F 
 1585      45584543 
 1586              	.LASF76:
 1587 01b9 4359424C 		.ascii	"CYBLE_EVT_L2CAP_CBFC_CONN_IND\000"
 1587      455F4556 
 1587      545F4C32 
 1587      4341505F 
 1587      43424643 
 1588              	.LASF153:
 1589 01d7 77725265 		.ascii	"wrReqParam\000"
 1589      71506172 
 1589      616D00
 1590              	.LASF19:
 1591 01e2 4359424C 		.ascii	"CYBLE_EVT_TIMEOUT\000"
 1591      455F4556 
 1591      545F5449 
 1591      4D454F55 
 1591      5400
 1592              	.LASF4:
 1593 01f4 6C6F6E67 		.ascii	"long int\000"
 1593      20696E74 
 1593      00
 1594              	.LASF112:
 1595 01fd 4359424C 		.ascii	"CYBLE_ERROR_HARDWARE_FAILURE\000"
 1595      455F4552 
 1595      524F525F 
 1595      48415244 
 1595      57415245 
 1596              	.LASF102:
 1597 021a 4359424C 		.ascii	"CYBLE_ERROR_L2CAP_PSM_WRONG_ENCODING\000"
 1597      455F4552 
ARM GAS  C:\Users\Jacob\AppData\Local\Temp\cc52HSeN.s 			page 35


 1597      524F525F 
 1597      4C324341 
 1597      505F5053 
 1598              	.LASF129:
 1599 023f 4359424C 		.ascii	"CYBLE_GATT_VALUE_T\000"
 1599      455F4741 
 1599      54545F56 
 1599      414C5545 
 1599      5F5400
 1600              	.LASF21:
 1601 0252 4359424C 		.ascii	"CYBLE_EVT_HCI_STATUS\000"
 1601      455F4556 
 1601      545F4843 
 1601      495F5354 
 1601      41545553 
 1602              	.LASF84:
 1603 0267 4359424C 		.ascii	"CYBLE_EVT_PENDING_FLASH_WRITE\000"
 1603      455F4556 
 1603      545F5045 
 1603      4E44494E 
 1603      475F464C 
 1604              	.LASF101:
 1605 0285 4359424C 		.ascii	"CYBLE_ERROR_SEC_FAILED\000"
 1605      455F4552 
 1605      524F525F 
 1605      5345435F 
 1605      4641494C 
 1606              	.LASF33:
 1607 029c 4359424C 		.ascii	"CYBLE_EVT_GAP_ENCRYPT_CHANGE\000"
 1607      455F4556 
 1607      545F4741 
 1607      505F454E 
 1607      43525950 
 1608              	.LASF37:
 1609 02b9 4359424C 		.ascii	"CYBLE_EVT_GAP_NUMERIC_COMPARISON_REQUEST\000"
 1609      455F4556 
 1609      545F4741 
 1609      505F4E55 
 1609      4D455249 
 1610              	.LASF140:
 1611 02e2 4359424C 		.ascii	"CYBLE_STATE_ADVERTISING\000"
 1611      455F5354 
 1611      4154455F 
 1611      41445645 
 1611      52544953 
 1612              	.LASF6:
 1613 02fa 6C6F6E67 		.ascii	"long long int\000"
 1613      206C6F6E 
 1613      6720696E 
 1613      7400
 1614              	.LASF0:
 1615 0308 7369676E 		.ascii	"signed char\000"
 1615      65642063 
 1615      68617200 
 1616              	.LASF18:
 1617 0314 4359424C 		.ascii	"CYBLE_EVT_STACK_ON\000"
 1617      455F4556 
ARM GAS  C:\Users\Jacob\AppData\Local\Temp\cc52HSeN.s 			page 36


 1617      545F5354 
 1617      41434B5F 
 1617      4F4E00
 1618              	.LASF109:
 1619 0327 4359424C 		.ascii	"CYBLE_ERROR_DEVICE_ALREADY_EXISTS\000"
 1619      455F4552 
 1619      524F525F 
 1619      44455649 
 1619      43455F41 
 1620              	.LASF96:
 1621 0349 4359424C 		.ascii	"CYBLE_ERROR_NO_DEVICE_ENTITY\000"
 1621      455F4552 
 1621      524F525F 
 1621      4E4F5F44 
 1621      45564943 
 1622              	.LASF128:
 1623 0366 61637475 		.ascii	"actualLen\000"
 1623      616C4C65 
 1623      6E00
 1624              	.LASF25:
 1625 0370 4359424C 		.ascii	"CYBLE_EVT_GAP_AUTH_REQ\000"
 1625      455F4556 
 1625      545F4741 
 1625      505F4155 
 1625      54485F52 
 1626              	.LASF57:
 1627 0387 4359424C 		.ascii	"CYBLE_EVT_GATTC_READ_RSP\000"
 1627      455F4556 
 1627      545F4741 
 1627      5454435F 
 1627      52454144 
 1628              	.LASF121:
 1629 03a0 4359424C 		.ascii	"CYBLE_ERROR_INVALID_STATE\000"
 1629      455F4552 
 1629      524F525F 
 1629      494E5641 
 1629      4C49445F 
 1630              	.LASF62:
 1631 03ba 4359424C 		.ascii	"CYBLE_EVT_GATTS_WRITE_CMD_REQ\000"
 1631      455F4556 
 1631      545F4741 
 1631      5454535F 
 1631      57524954 
 1632              	.LASF141:
 1633 03d8 4359424C 		.ascii	"CYBLE_STATE_DISCONNECTED\000"
 1633      455F5354 
 1633      4154455F 
 1633      44495343 
 1633      4F4E4E45 
 1634              	.LASF30:
 1635 03f1 4359424C 		.ascii	"CYBLE_EVT_GAPP_ADVERTISEMENT_START_STOP\000"
 1635      455F4556 
 1635      545F4741 
 1635      50505F41 
 1635      44564552 
 1636              	.LASF107:
 1637 0419 4359424C 		.ascii	"CYBLE_ERROR_L2CAP_PSM_NOT_IN_RANGE\000"
ARM GAS  C:\Users\Jacob\AppData\Local\Temp\cc52HSeN.s 			page 37


 1637      455F4552 
 1637      524F525F 
 1637      4C324341 
 1637      505F5053 
 1638              	.LASF9:
 1639 043c 75696E74 		.ascii	"uint8\000"
 1639      3800
 1640              	.LASF65:
 1641 0442 4359424C 		.ascii	"CYBLE_EVT_GATTC_EXEC_WRITE_RSP\000"
 1641      455F4556 
 1641      545F4741 
 1641      5454435F 
 1641      45584543 
 1642              	.LASF13:
 1643 0461 646F7562 		.ascii	"double\000"
 1643      6C6500
 1644              	.LASF78:
 1645 0468 4359424C 		.ascii	"CYBLE_EVT_L2CAP_CBFC_DISCONN_IND\000"
 1645      455F4556 
 1645      545F4C32 
 1645      4341505F 
 1645      43424643 
 1646              	.LASF90:
 1647 0489 4359424C 		.ascii	"CYBLE_ERROR_INVALID_PARAMETER\000"
 1647      455F4552 
 1647      524F525F 
 1647      494E5641 
 1647      4C49445F 
 1648              	.LASF11:
 1649 04a7 75696E74 		.ascii	"uint32\000"
 1649      333200
 1650              	.LASF88:
 1651 04ae 4359424C 		.ascii	"CYBLE_EVT_MAX\000"
 1651      455F4556 
 1651      545F4D41 
 1651      5800
 1652              	.LASF89:
 1653 04bc 4359424C 		.ascii	"CYBLE_ERROR_OK\000"
 1653      455F4552 
 1653      524F525F 
 1653      4F4B00
 1654              	.LASF48:
 1655 04cb 4359424C 		.ascii	"CYBLE_EVT_GATTC_ERROR_RSP\000"
 1655      455F4556 
 1655      545F4741 
 1655      5454435F 
 1655      4552524F 
 1656              	.LASF73:
 1657 04e5 4359424C 		.ascii	"CYBLE_EVT_L2CAP_CONN_PARAM_UPDATE_REQ\000"
 1657      455F4556 
 1657      545F4C32 
 1657      4341505F 
 1657      434F4E4E 
 1658              	.LASF83:
 1659 050b 4359424C 		.ascii	"CYBLE_EVT_L2CAP_CBFC_DATA_WRITE_IND\000"
 1659      455F4556 
 1659      545F4C32 
ARM GAS  C:\Users\Jacob\AppData\Local\Temp\cc52HSeN.s 			page 38


 1659      4341505F 
 1659      43424643 
 1660              	.LASF131:
 1661 052f 61747472 		.ascii	"attrHandle\000"
 1661      48616E64 
 1661      6C6500
 1662              	.LASF7:
 1663 053a 6C6F6E67 		.ascii	"long long unsigned int\000"
 1663      206C6F6E 
 1663      6720756E 
 1663      7369676E 
 1663      65642069 
 1664              	.LASF130:
 1665 0551 76616C75 		.ascii	"value\000"
 1665      6500
 1666              	.LASF70:
 1667 0557 4359424C 		.ascii	"CYBLE_EVT_GATTC_STOP_CMD_COMPLETE\000"
 1667      455F4556 
 1667      545F4741 
 1667      5454435F 
 1667      53544F50 
 1668              	.LASF94:
 1669 0579 4359424C 		.ascii	"CYBLE_ERROR_OOB_NOT_AVAILABLE\000"
 1669      455F4552 
 1669      524F525F 
 1669      4F4F425F 
 1669      4E4F545F 
 1670              	.LASF85:
 1671 0597 4359424C 		.ascii	"CYBLE_EVT_LE_PING_AUTH_TIMEOUT\000"
 1671      455F4556 
 1671      545F4C45 
 1671      5F50494E 
 1671      475F4155 
 1672              	.LASF103:
 1673 05b6 4359424C 		.ascii	"CYBLE_ERROR_L2CAP_PSM_ALREADY_REGISTERED\000"
 1673      455F4552 
 1673      524F525F 
 1673      4C324341 
 1673      505F5053 
 1674              	.LASF5:
 1675 05df 6C6F6E67 		.ascii	"long unsigned int\000"
 1675      20756E73 
 1675      69676E65 
 1675      6420696E 
 1675      7400
 1676              	.LASF44:
 1677 05f1 4359424C 		.ascii	"CYBLE_EVT_GAP_CONN_ESTB\000"
 1677      455F4556 
 1677      545F4741 
 1677      505F434F 
 1677      4E4E5F45 
 1678              	.LASF60:
 1679 0609 4359424C 		.ascii	"CYBLE_EVT_GATTS_WRITE_REQ\000"
 1679      455F4556 
 1679      545F4741 
 1679      5454535F 
 1679      57524954 
ARM GAS  C:\Users\Jacob\AppData\Local\Temp\cc52HSeN.s 			page 39


 1680              	.LASF52:
 1681 0623 4359424C 		.ascii	"CYBLE_EVT_GATTC_XCHNG_MTU_RSP\000"
 1681      455F4556 
 1681      545F4741 
 1681      5454435F 
 1681      5843484E 
 1682              	.LASF69:
 1683 0641 4359424C 		.ascii	"CYBLE_EVT_GATTS_DATA_SIGNED_CMD_REQ\000"
 1683      455F4556 
 1683      545F4741 
 1683      5454535F 
 1683      44415441 
 1684              	.LASF72:
 1685 0665 4359424C 		.ascii	"CYBLE_EVT_GATTC_LONG_PROCEDURE_END\000"
 1685      455F4556 
 1685      545F4741 
 1685      5454435F 
 1685      4C4F4E47 
 1686              	.LASF106:
 1687 0688 4359424C 		.ascii	"CYBLE_ERROR_L2CAP_CHANNEL_NOT_FOUND\000"
 1687      455F4552 
 1687      524F525F 
 1687      4C324341 
 1687      505F4348 
 1688              	.LASF143:
 1689 06ac 6576656E 		.ascii	"event\000"
 1689      7400
 1690              	.LASF118:
 1691 06b2 4359424C 		.ascii	"CYBLE_ERROR_NTF_DISABLED\000"
 1691      455F4552 
 1691      524F525F 
 1691      4E54465F 
 1691      44495341 
 1692              	.LASF17:
 1693 06cb 4359424C 		.ascii	"CYBLE_EVT_HOST_INVALID\000"
 1693      455F4556 
 1693      545F484F 
 1693      53545F49 
 1693      4E56414C 
 1694              	.LASF55:
 1695 06e2 4359424C 		.ascii	"CYBLE_EVT_GATTC_FIND_INFO_RSP\000"
 1695      455F4556 
 1695      545F4741 
 1695      5454435F 
 1695      46494E44 
 1696              	.LASF23:
 1697 0700 4359424C 		.ascii	"CYBLE_EVT_MEMORY_REQUEST\000"
 1697      455F4556 
 1697      545F4D45 
 1697      4D4F5259 
 1697      5F524551 
 1698              	.LASF157:
 1699 0719 433A5C55 		.ascii	"C:\\Users\\Jacob\\Downloads\\CySmartDisplay\\CySmar"
 1699      73657273 
 1699      5C4A6163 
 1699      6F625C44 
 1699      6F776E6C 
ARM GAS  C:\Users\Jacob\AppData\Local\Temp\cc52HSeN.s 			page 40


 1700 0747 74446973 		.ascii	"tDisplay_Copy_01.cydsn\000"
 1700      706C6179 
 1700      5F436F70 
 1700      795F3031 
 1700      2E637964 
 1701              	.LASF26:
 1702 075e 4359424C 		.ascii	"CYBLE_EVT_GAP_PASSKEY_ENTRY_REQUEST\000"
 1702      455F4556 
 1702      545F4741 
 1702      505F5041 
 1702      53534B45 
 1703              	.LASF31:
 1704 0782 4359424C 		.ascii	"CYBLE_EVT_GAP_DEVICE_CONNECTED\000"
 1704      455F4556 
 1704      545F4741 
 1704      505F4445 
 1704      56494345 
 1705              	.LASF46:
 1706 07a1 4359424C 		.ascii	"CYBLE_EVT_GAP_AUTH_REQ_REPLY_ERR\000"
 1706      455F4556 
 1706      545F4741 
 1706      505F4155 
 1706      54485F52 
 1707              	.LASF149:
 1708 07c2 6379426C 		.ascii	"cyBle_state\000"
 1708      655F7374 
 1708      61746500 
 1709              	.LASF155:
 1710 07ce 474E5520 		.ascii	"GNU C11 5.4.1 20160609 (release) [ARM/embedded-5-br"
 1710      43313120 
 1710      352E342E 
 1710      31203230 
 1710      31363036 
 1711 0801 616E6368 		.ascii	"anch revision 237715] -mcpu=cortex-m0 -mthumb -g -O"
 1711      20726576 
 1711      6973696F 
 1711      6E203233 
 1711      37373135 
 1712 0834 30202D66 		.ascii	"0 -ffunction-sections -ffat-lto-objects\000"
 1712      66756E63 
 1712      74696F6E 
 1712      2D736563 
 1712      74696F6E 
 1713              	.LASF49:
 1714 085c 4359424C 		.ascii	"CYBLE_EVT_GATT_CONNECT_IND\000"
 1714      455F4556 
 1714      545F4741 
 1714      54545F43 
 1714      4F4E4E45 
 1715              	.LASF126:
 1716 0877 61747449 		.ascii	"attId\000"
 1716      6400
 1717              	.LASF75:
 1718 087d 4359424C 		.ascii	"CYBLE_EVT_L2CAP_COMMAND_REJ\000"
 1718      455F4556 
 1718      545F4C32 
 1718      4341505F 
ARM GAS  C:\Users\Jacob\AppData\Local\Temp\cc52HSeN.s 			page 41


 1718      434F4D4D 
 1719              	.LASF24:
 1720 0899 4359424C 		.ascii	"CYBLE_EVT_GAPC_SCAN_PROGRESS_RESULT\000"
 1720      455F4556 
 1720      545F4741 
 1720      50435F53 
 1720      43414E5F 
 1721              	.LASF135:
 1722 08bd 68616E64 		.ascii	"handleValPair\000"
 1722      6C655661 
 1722      6C506169 
 1722      7200
 1723              	.LASF47:
 1724 08cb 4359424C 		.ascii	"CYBLE_EVT_GAP_SMP_LOC_P256_KEYS_GEN_AND_SET_COMPLET"
 1724      455F4556 
 1724      545F4741 
 1724      505F534D 
 1724      505F4C4F 
 1725 08fe 4500     		.ascii	"E\000"
 1726              	.LASF117:
 1727 0900 4359424C 		.ascii	"CYBLE_ERROR_MAX\000"
 1727      455F4552 
 1727      524F525F 
 1727      4D415800 
 1728              	.LASF114:
 1729 0910 4359424C 		.ascii	"CYBLE_ERROR_FLASH_WRITE\000"
 1729      455F4552 
 1729      524F525F 
 1729      464C4153 
 1729      485F5752 
 1730              	.LASF54:
 1731 0928 4359424C 		.ascii	"CYBLE_EVT_GATTC_READ_BY_TYPE_RSP\000"
 1731      455F4556 
 1731      545F4741 
 1731      5454435F 
 1731      52454144 
 1732              	.LASF16:
 1733 0949 73697A65 		.ascii	"sizetype\000"
 1733      74797065 
 1733      00
 1734              	.LASF136:
 1735 0952 4359424C 		.ascii	"CYBLE_GATTS_WRITE_REQ_PARAM_T\000"
 1735      455F4741 
 1735      5454535F 
 1735      57524954 
 1735      455F5245 
 1736              	.LASF138:
 1737 0970 4359424C 		.ascii	"CYBLE_STATE_INITIALIZING\000"
 1737      455F5354 
 1737      4154455F 
 1737      494E4954 
 1737      49414C49 
 1738              	.LASF156:
 1739 0989 4576656E 		.ascii	"EventHandler.c\000"
 1739      7448616E 
 1739      646C6572 
 1739      2E6300
ARM GAS  C:\Users\Jacob\AppData\Local\Temp\cc52HSeN.s 			page 42


 1740              	.LASF150:
 1741 0998 6379426C 		.ascii	"cyBle_connHandle\000"
 1741      655F636F 
 1741      6E6E4861 
 1741      6E646C65 
 1741      00
 1742              	.LASF61:
 1743 09a9 4359424C 		.ascii	"CYBLE_EVT_GATTC_WRITE_RSP\000"
 1743      455F4556 
 1743      545F4741 
 1743      5454435F 
 1743      57524954 
 1744              	.LASF42:
 1745 09c3 4359424C 		.ascii	"CYBLE_EVT_GAPC_DIRECT_ADV_REPORT\000"
 1745      455F4556 
 1745      545F4741 
 1745      50435F44 
 1745      49524543 
 1746              	.LASF40:
 1747 09e4 4359424C 		.ascii	"CYBLE_EVT_GAP_DATA_LENGTH_CHANGE\000"
 1747      455F4556 
 1747      545F4741 
 1747      505F4441 
 1747      54415F4C 
 1748              	.LASF45:
 1749 0a05 4359424C 		.ascii	"CYBLE_EVT_GAP_SCAN_REQ_RECVD\000"
 1749      455F4556 
 1749      545F4741 
 1749      505F5343 
 1749      414E5F52 
 1750              	.LASF151:
 1751 0a22 64657669 		.ascii	"deviceConnected\000"
 1751      6365436F 
 1751      6E6E6563 
 1751      74656400 
 1752              	.LASF28:
 1753 0a32 4359424C 		.ascii	"CYBLE_EVT_GAP_AUTH_COMPLETE\000"
 1753      455F4556 
 1753      545F4741 
 1753      505F4155 
 1753      54485F43 
 1754              	.LASF147:
 1755 0a4e 61706952 		.ascii	"apiResult\000"
 1755      6573756C 
 1755      7400
 1756              	.LASF123:
 1757 0a58 4359424C 		.ascii	"CYBLE_API_RESULT_T\000"
 1757      455F4150 
 1757      495F5245 
 1757      53554C54 
 1757      5F5400
 1758              	.LASF66:
 1759 0a6b 4359424C 		.ascii	"CYBLE_EVT_GATTC_HANDLE_VALUE_NTF\000"
 1759      455F4556 
 1759      545F4741 
 1759      5454435F 
 1759      48414E44 
ARM GAS  C:\Users\Jacob\AppData\Local\Temp\cc52HSeN.s 			page 43


 1760              	.LASF119:
 1761 0a8c 4359424C 		.ascii	"CYBLE_ERROR_IND_DISABLED\000"
 1761      455F4552 
 1761      524F525F 
 1761      494E445F 
 1761      44495341 
 1762              	.LASF132:
 1763 0aa5 4359424C 		.ascii	"CYBLE_GATT_HANDLE_VALUE_PAIR_T\000"
 1763      455F4741 
 1763      54545F48 
 1763      414E444C 
 1763      455F5641 
 1764              	.LASF77:
 1765 0ac4 4359424C 		.ascii	"CYBLE_EVT_L2CAP_CBFC_CONN_CNF\000"
 1765      455F4556 
 1765      545F4C32 
 1765      4341505F 
 1765      43424643 
 1766              	.LASF53:
 1767 0ae2 4359424C 		.ascii	"CYBLE_EVT_GATTC_READ_BY_GROUP_TYPE_RSP\000"
 1767      455F4556 
 1767      545F4741 
 1767      5454435F 
 1767      52454144 
 1768              	.LASF12:
 1769 0b09 666C6F61 		.ascii	"float\000"
 1769      7400
 1770              	.LASF29:
 1771 0b0f 4359424C 		.ascii	"CYBLE_EVT_GAP_AUTH_FAILED\000"
 1771      455F4556 
 1771      545F4741 
 1771      505F4155 
 1771      54485F46 
 1772              	.LASF99:
 1773 0b29 4359424C 		.ascii	"CYBLE_ERROR_TX_POWER_READ\000"
 1773      455F4552 
 1773      524F525F 
 1773      54585F50 
 1773      4F574552 
 1774              	.LASF120:
 1775 0b43 4359424C 		.ascii	"CYBLE_ERROR_CHAR_IS_NOT_DISCOVERED\000"
 1775      455F4552 
 1775      524F525F 
 1775      43484152 
 1775      5F49535F 
 1776              	.LASF1:
 1777 0b66 756E7369 		.ascii	"unsigned char\000"
 1777      676E6564 
 1777      20636861 
 1777      7200
 1778              	.LASF10:
 1779 0b74 75696E74 		.ascii	"uint16\000"
 1779      313600
 1780              	.LASF38:
 1781 0b7b 4359424C 		.ascii	"CYBLE_EVT_GAP_KEYPRESS_NOTIFICATION\000"
 1781      455F4556 
 1781      545F4741 
ARM GAS  C:\Users\Jacob\AppData\Local\Temp\cc52HSeN.s 			page 44


 1781      505F4B45 
 1781      59505245 
 1782              	.LASF2:
 1783 0b9f 73686F72 		.ascii	"short int\000"
 1783      7420696E 
 1783      7400
 1784              	.LASF67:
 1785 0ba9 4359424C 		.ascii	"CYBLE_EVT_GATTC_HANDLE_VALUE_IND\000"
 1785      455F4556 
 1785      545F4741 
 1785      5454435F 
 1785      48414E44 
 1786              	.LASF154:
 1787 0bca 72725265 		.ascii	"rrReqParam\000"
 1787      71506172 
 1787      616D00
 1788              	.LASF86:
 1789 0bd5 4359424C 		.ascii	"CYBLE_EVT_HCI_PKT\000"
 1789      455F4556 
 1789      545F4843 
 1789      495F504B 
 1789      5400
 1790              	.LASF95:
 1791 0be7 4359424C 		.ascii	"CYBLE_ERROR_NO_CONNECTION\000"
 1791      455F4552 
 1791      524F525F 
 1791      4E4F5F43 
 1791      4F4E4E45 
 1792              	.LASF63:
 1793 0c01 4359424C 		.ascii	"CYBLE_EVT_GATTS_PREP_WRITE_REQ\000"
 1793      455F4556 
 1793      545F4741 
 1793      5454535F 
 1793      50524550 
 1794              	.LASF115:
 1795 0c20 4359424C 		.ascii	"CYBLE_ERROR_LL_SAME_TRANSACTION_COLLISION\000"
 1795      455F4552 
 1795      524F525F 
 1795      4C4C5F53 
 1795      414D455F 
 1796              	.LASF68:
 1797 0c4a 4359424C 		.ascii	"CYBLE_EVT_GATTS_HANDLE_VALUE_CNF\000"
 1797      455F4556 
 1797      545F4741 
 1797      5454535F 
 1797      48414E44 
 1798              	.LASF97:
 1799 0c6b 4359424C 		.ascii	"CYBLE_ERROR_REPEATED_ATTEMPTS\000"
 1799      455F4552 
 1799      524F525F 
 1799      52455045 
 1799      41544544 
 1800              	.LASF43:
 1801 0c89 4359424C 		.ascii	"CYBLE_EVT_GAP_SMP_NEGOTIATED_AUTH_INFO\000"
 1801      455F4556 
 1801      545F4741 
 1801      505F534D 
ARM GAS  C:\Users\Jacob\AppData\Local\Temp\cc52HSeN.s 			page 45


 1801      505F4E45 
 1802              	.LASF122:
 1803 0cb0 4359424C 		.ascii	"CYBLE_ERROR_STACK_BUSY\000"
 1803      455F4552 
 1803      524F525F 
 1803      53544143 
 1803      4B5F4255 
 1804              	.LASF15:
 1805 0cc7 6C6F6E67 		.ascii	"long double\000"
 1805      20646F75 
 1805      626C6500 
 1806              	.LASF14:
 1807 0cd3 63686172 		.ascii	"char\000"
 1807      00
 1808              	.LASF100:
 1809 0cd8 4359424C 		.ascii	"CYBLE_ERROR_BT_ON_NOT_COMPLETED\000"
 1809      455F4552 
 1809      524F525F 
 1809      42545F4F 
 1809      4E5F4E4F 
 1810              	.LASF32:
 1811 0cf8 4359424C 		.ascii	"CYBLE_EVT_GAP_DEVICE_DISCONNECTED\000"
 1811      455F4556 
 1811      545F4741 
 1811      505F4445 
 1811      56494345 
 1812              	.LASF8:
 1813 0d1a 756E7369 		.ascii	"unsigned int\000"
 1813      676E6564 
 1813      20696E74 
 1813      00
 1814              	.LASF71:
 1815 0d27 4359424C 		.ascii	"CYBLE_EVT_GATTS_READ_CHAR_VAL_ACCESS_REQ\000"
 1815      455F4556 
 1815      545F4741 
 1815      5454535F 
 1815      52454144 
 1816              	.LASF152:
 1817 0d50 62756666 		.ascii	"buffer\000"
 1817      657200
 1818              	.LASF82:
 1819 0d57 4359424C 		.ascii	"CYBLE_EVT_L2CAP_CBFC_TX_CREDIT_IND\000"
 1819      455F4556 
 1819      545F4C32 
 1819      4341505F 
 1819      43424643 
 1820              	.LASF110:
 1821 0d7a 4359424C 		.ascii	"CYBLE_ERROR_FLASH_WRITE_NOT_PERMITED\000"
 1821      455F4552 
 1821      524F525F 
 1821      464C4153 
 1821      485F5752 
 1822              	.LASF105:
 1823 0d9f 4359424C 		.ascii	"CYBLE_ERROR_L2CAP_CONNECTION_ENTITY_NOT_FOUND\000"
 1823      455F4552 
 1823      524F525F 
 1823      4C324341 
ARM GAS  C:\Users\Jacob\AppData\Local\Temp\cc52HSeN.s 			page 46


 1823      505F434F 
 1824              	.LASF27:
 1825 0dcd 4359424C 		.ascii	"CYBLE_EVT_GAP_PASSKEY_DISPLAY_REQUEST\000"
 1825      455F4556 
 1825      545F4741 
 1825      505F5041 
 1825      53534B45 
 1826              	.LASF133:
 1827 0df3 4359424C 		.ascii	"CYBLE_GATTS_READ_RSP_PARAM_T\000"
 1827      455F4741 
 1827      5454535F 
 1827      52454144 
 1827      5F525350 
 1828              	.LASF20:
 1829 0e10 4359424C 		.ascii	"CYBLE_EVT_HARDWARE_ERROR\000"
 1829      455F4556 
 1829      545F4841 
 1829      52445741 
 1829      52455F45 
 1830              	.LASF3:
 1831 0e29 73686F72 		.ascii	"short unsigned int\000"
 1831      7420756E 
 1831      7369676E 
 1831      65642069 
 1831      6E7400
 1832              	.LASF91:
 1833 0e3c 4359424C 		.ascii	"CYBLE_ERROR_INVALID_OPERATION\000"
 1833      455F4552 
 1833      524F525F 
 1833      494E5641 
 1833      4C49445F 
 1834              	.LASF51:
 1835 0e5a 4359424C 		.ascii	"CYBLE_EVT_GATTS_XCNHG_MTU_REQ\000"
 1835      455F4556 
 1835      545F4741 
 1835      5454535F 
 1835      58434E48 
 1836              	.LASF144:
 1837 0e78 6576656E 		.ascii	"eventParam\000"
 1837      74506172 
 1837      616D00
 1838              	.LASF93:
 1839 0e83 4359424C 		.ascii	"CYBLE_ERROR_INSUFFICIENT_RESOURCES\000"
 1839      455F4552 
 1839      524F525F 
 1839      494E5355 
 1839      46464943 
 1840              	.LASF146:
 1841 0ea6 55706461 		.ascii	"UpdateCharacteristics\000"
 1841      74654368 
 1841      61726163 
 1841      74657269 
 1841      73746963 
 1842              	.LASF142:
 1843 0ebc 4359424C 		.ascii	"CYBLE_STATE_T\000"
 1843      455F5354 
 1843      4154455F 
ARM GAS  C:\Users\Jacob\AppData\Local\Temp\cc52HSeN.s 			page 47


 1843      5400
 1844              	.LASF58:
 1845 0eca 4359424C 		.ascii	"CYBLE_EVT_GATTC_READ_BLOB_RSP\000"
 1845      455F4556 
 1845      545F4741 
 1845      5454435F 
 1845      52454144 
 1846              	.LASF116:
 1847 0ee8 4359424C 		.ascii	"CYBLE_ERROR_CONTROLLER_BUSY\000"
 1847      455F4552 
 1847      524F525F 
 1847      434F4E54 
 1847      524F4C4C 
 1848              	.LASF145:
 1849 0f04 53746163 		.ascii	"StackEventHandler\000"
 1849      6B457665 
 1849      6E744861 
 1849      6E646C65 
 1849      7200
 1850              	.LASF111:
 1851 0f16 4359424C 		.ascii	"CYBLE_ERROR_MIC_AUTH_FAILED\000"
 1851      455F4552 
 1851      524F525F 
 1851      4D49435F 
 1851      41555448 
 1852              	.LASF104:
 1853 0f32 4359424C 		.ascii	"CYBLE_ERROR_L2CAP_PSM_NOT_REGISTERED\000"
 1853      455F4552 
 1853      524F525F 
 1853      4C324341 
 1853      505F5053 
 1854              	.LASF139:
 1855 0f57 4359424C 		.ascii	"CYBLE_STATE_CONNECTED\000"
 1855      455F5354 
 1855      4154455F 
 1855      434F4E4E 
 1855      45435445 
 1856              	.LASF56:
 1857 0f6d 4359424C 		.ascii	"CYBLE_EVT_GATTC_FIND_BY_TYPE_VALUE_RSP\000"
 1857      455F4556 
 1857      545F4741 
 1857      5454435F 
 1857      46494E44 
 1858              	.LASF98:
 1859 0f94 4359424C 		.ascii	"CYBLE_ERROR_GAP_ROLE\000"
 1859      455F4552 
 1859      524F525F 
 1859      4741505F 
 1859      524F4C45 
 1860              	.LASF36:
 1861 0fa9 4359424C 		.ascii	"CYBLE_EVT_GAP_KEYINFO_EXCHNGE_CMPLT\000"
 1861      455F4556 
 1861      545F4741 
 1861      505F4B45 
 1861      59494E46 
 1862              	.LASF125:
 1863 0fcd 62644861 		.ascii	"bdHandle\000"
ARM GAS  C:\Users\Jacob\AppData\Local\Temp\cc52HSeN.s 			page 48


 1863      6E646C65 
 1863      00
 1864              	.LASF148:
 1865 0fd6 6D657373 		.ascii	"message\000"
 1865      61676500 
 1866              	.LASF74:
 1867 0fde 4359424C 		.ascii	"CYBLE_EVT_L2CAP_CONN_PARAM_UPDATE_RSP\000"
 1867      455F4556 
 1867      545F4C32 
 1867      4341505F 
 1867      434F4E4E 
 1868              	.LASF41:
 1869 1004 4359424C 		.ascii	"CYBLE_EVT_GAP_ENHANCE_CONN_COMPLETE\000"
 1869      455F4556 
 1869      545F4741 
 1869      505F454E 
 1869      48414E43 
 1870              	.LASF124:
 1871 1028 4359424C 		.ascii	"CYBLE_GATT_DB_ATTR_HANDLE_T\000"
 1871      455F4741 
 1871      54545F44 
 1871      425F4154 
 1871      54525F48 
 1872              	.LASF50:
 1873 1044 4359424C 		.ascii	"CYBLE_EVT_GATT_DISCONNECT_IND\000"
 1873      455F4556 
 1873      545F4741 
 1873      54545F44 
 1873      4953434F 
 1874              	.LASF108:
 1875 1062 4359424C 		.ascii	"CYBLE_ERROR_GATT_DB_INVALID_ATTR_HANDLE\000"
 1875      455F4552 
 1875      524F525F 
 1875      47415454 
 1875      5F44425F 
 1876              	.LASF87:
 1877 108a 4359424C 		.ascii	"CYBLE_EVT_FLASH_CORRUPT\000"
 1877      455F4556 
 1877      545F464C 
 1877      4153485F 
 1877      434F5252 
 1878              		.ident	"GCC: (GNU Tools for ARM Embedded Processors) 5.4.1 20160609 (release) [ARM/embedded-5-bran
