ARM GAS  C:\Users\Jacob\AppData\Local\Temp\ccgGUd2v.s 			page 1


   1              		.syntax unified
   2              		.cpu cortex-m0
   3              		.fpu softvfp
   4              		.eabi_attribute 20, 1
   5              		.eabi_attribute 21, 1
   6              		.eabi_attribute 23, 3
   7              		.eabi_attribute 24, 1
   8              		.eabi_attribute 25, 1
   9              		.eabi_attribute 26, 1
  10              		.eabi_attribute 30, 6
  11              		.eabi_attribute 34, 0
  12              		.eabi_attribute 18, 4
  13              		.thumb
  14              		.syntax unified
  15              		.file	"StandardDisplay.c"
  16              		.text
  17              	.Ltext0:
  18              		.cfi_sections	.debug_frame
  19              	.Letext0:
  20              		.section	.debug_line,"",%progbits
  21              	.Ldebug_line0:
  22              		.section	.debug_str,"MS",%progbits,1
  23              	.LASF0:
  24 0000 5374616E 		.ascii	"StandardDisplay.c\000"
  24      64617264 
  24      44697370 
  24      6C61792E 
  24      6300
  25              	.LASF1:
  26 0012 474E5520 		.ascii	"GNU C11 5.4.1 20160609 (release) [ARM/embedded-5-br"
  26      43313120 
  26      352E342E 
  26      31203230 
  26      31363036 
  27 0045 616E6368 		.ascii	"anch revision 237715] -mcpu=cortex-m0 -mthumb -g -O"
  27      20726576 
  27      6973696F 
  27      6E203233 
  27      37373135 
  28 0078 30202D66 		.ascii	"0 -ffunction-sections -ffat-lto-objects\000"
  28      66756E63 
  28      74696F6E 
  28      2D736563 
  28      74696F6E 
  29              	.LASF2:
  30 00a0 433A5C55 		.ascii	"C:\\Users\\Jacob\\Downloads\\CySmartDisplay\\CySmar"
  30      73657273 
  30      5C4A6163 
  30      6F625C44 
  30      6F776E6C 
  31 00ce 74446973 		.ascii	"tDisplay_Copy_01.cydsn\000"
  31      706C6179 
  31      5F436F70 
  31      795F3031 
  31      2E637964 
  32              		.ident	"GCC: (GNU Tools for ARM Embedded Processors) 5.4.1 20160609 (release) [ARM/embedded-5-bran
