(---------------------------------------------------------------------)
(                                                                     )
(    Refresh Padstack                                                 )
(                                                                     )
(    Drawing          : MCP23017.dra                                  )
(    Software Version : 16.6-2015S062                                 )
(    Date/Time        : Wed Feb 14 10:29:27 2018                      )
(                                                                     )
(---------------------------------------------------------------------)


Wed Feb 14 10:29:27 2018				Page     1


------ Pad Stack Refresh Options ------

Input design  = 'C:/Users/Jacob/Documents/Junior/EGR 304/Cadence/Projects/allegro/MCP23017.dra'
Output design = ''
Reset symbol text and size locations   = 'NO'


------ Library Paths ------
PSMPATH =  . 
           symbols 
           .. 
           ../symbols 
           C:/Cadence/SPB_16.6/share/local/pcb/symbols 
           C:/Cadence/SPB_16.6/share/pcb/pcb_lib/symbols 
           C:/Cadence/SPB_16.6/share/pcb/allegrolib/symbols 
           C:/Users/Jacob/Documents/Junior/EGR 304/Cadence/symbols 

PADPATH =  . 
           symbols 
           .. 
           ../symbols 
           C:/Cadence/SPB_16.6/share/local/pcb/padstacks 
           C:/Cadence/SPB_16.6/share/pcb/pcb_lib/symbols 
           C:/Cadence/SPB_16.6/share/pcb/allegrolib/symbols 
           C:/Users/Jacob/Documents/Junior/EGR 304/Cadence/symbols 


------ Pad Stack Refresh Messages ------

'PADMCP23017SOIC'  pad stack refresh starting.

     'PADMCP23017SOIC'  pad stack refreshed successfully.
     
Completed refreshing all pad stacks successfully.
