ARM GAS  C:\Users\Jacob\AppData\Local\Temp\cc3y4ilu.s 			page 1


   1              		.syntax unified
   2              		.cpu cortex-m3
   3              		.fpu softvfp
   4              		.eabi_attribute 20, 1
   5              		.eabi_attribute 21, 1
   6              		.eabi_attribute 23, 3
   7              		.eabi_attribute 24, 1
   8              		.eabi_attribute 25, 1
   9              		.eabi_attribute 26, 1
  10              		.eabi_attribute 30, 1
  11              		.eabi_attribute 34, 1
  12              		.eabi_attribute 18, 4
  13              		.thumb
  14              		.syntax unified
  15              		.file	"cymetadata.c"
  16              		.text
  17              	.Ltext0:
  18              		.cfi_sections	.debug_frame
  19              		.global	cy_metadata
  20              		.global	cy_meta_flashprotect
  21              		.global	cy_meta_wonvl
  22              		.global	cy_meta_custnvl
  23              		.global	cy_meta_configecc
  24              		.section	.cyconfigecc,"a",%progbits
  25              		.align	2
  26              		.type	cy_meta_configecc, %object
  27              		.size	cy_meta_configecc, 1780
  28              	cy_meta_configecc:
  29 0000 01       		.byte	1
  30 0001 52       		.byte	82
  31 0002 00       		.byte	0
  32 0003 40       		.byte	64
  33 0004 01       		.byte	1
  34 0005 5B       		.byte	91
  35 0006 00       		.byte	0
  36 0007 40       		.byte	64
  37 0008 02       		.byte	2
  38 0009 64       		.byte	100
  39 000a 00       		.byte	0
  40 000b 40       		.byte	64
  41 000c 01       		.byte	1
  42 000d 01       		.byte	1
  43 000e 01       		.byte	1
  44 000f 40       		.byte	64
  45 0010 01       		.byte	1
  46 0011 05       		.byte	5
  47 0012 01       		.byte	1
  48 0013 40       		.byte	64
  49 0014 08       		.byte	8
  50 0015 06       		.byte	6
  51 0016 01       		.byte	1
  52 0017 40       		.byte	64
  53 0018 1D       		.byte	29
  54 0019 07       		.byte	7
  55 001a 01       		.byte	1
  56 001b 40       		.byte	64
  57 001c 1E       		.byte	30
ARM GAS  C:\Users\Jacob\AppData\Local\Temp\cc3y4ilu.s 			page 2


  58 001d 08       		.byte	8
  59 001e 01       		.byte	1
  60 001f 40       		.byte	64
  61 0020 31       		.byte	49
  62 0021 09       		.byte	9
  63 0022 01       		.byte	1
  64 0023 40       		.byte	64
  65 0024 24       		.byte	36
  66 0025 0A       		.byte	10
  67 0026 01       		.byte	1
  68 0027 40       		.byte	64
  69 0028 3E       		.byte	62
  70 0029 0B       		.byte	11
  71 002a 01       		.byte	1
  72 002b 40       		.byte	64
  73 002c 5E       		.byte	94
  74 002d 0C       		.byte	12
  75 002e 01       		.byte	1
  76 002f 40       		.byte	64
  77 0030 3A       		.byte	58
  78 0031 0D       		.byte	13
  79 0032 01       		.byte	1
  80 0033 40       		.byte	64
  81 0034 45       		.byte	69
  82 0035 0E       		.byte	14
  83 0036 01       		.byte	1
  84 0037 40       		.byte	64
  85 0038 29       		.byte	41
  86 0039 0F       		.byte	15
  87 003a 01       		.byte	1
  88 003b 40       		.byte	64
  89 003c 08       		.byte	8
  90 003d 14       		.byte	20
  91 003e 01       		.byte	1
  92 003f 40       		.byte	64
  93 0040 27       		.byte	39
  94 0041 15       		.byte	21
  95 0042 01       		.byte	1
  96 0043 40       		.byte	64
  97 0044 0E       		.byte	14
  98 0045 17       		.byte	23
  99 0046 01       		.byte	1
 100 0047 40       		.byte	64
 101 0048 2A       		.byte	42
 102 0049 18       		.byte	24
 103 004a 01       		.byte	1
 104 004b 40       		.byte	64
 105 004c 46       		.byte	70
 106 004d 19       		.byte	25
 107 004e 01       		.byte	1
 108 004f 40       		.byte	64
 109 0050 1A       		.byte	26
 110 0051 1A       		.byte	26
 111 0052 01       		.byte	1
 112 0053 40       		.byte	64
 113 0054 42       		.byte	66
 114 0055 1B       		.byte	27
ARM GAS  C:\Users\Jacob\AppData\Local\Temp\cc3y4ilu.s 			page 3


 115 0056 01       		.byte	1
 116 0057 40       		.byte	64
 117 0058 0B       		.byte	11
 118 0059 40       		.byte	64
 119 005a 01       		.byte	1
 120 005b 40       		.byte	64
 121 005c 03       		.byte	3
 122 005d 41       		.byte	65
 123 005e 01       		.byte	1
 124 005f 40       		.byte	64
 125 0060 04       		.byte	4
 126 0061 42       		.byte	66
 127 0062 01       		.byte	1
 128 0063 40       		.byte	64
 129 0064 02       		.byte	2
 130 0065 43       		.byte	67
 131 0066 01       		.byte	1
 132 0067 40       		.byte	64
 133 0068 02       		.byte	2
 134 0069 45       		.byte	69
 135 006a 01       		.byte	1
 136 006b 40       		.byte	64
 137 006c 01       		.byte	1
 138 006d 46       		.byte	70
 139 006e 01       		.byte	1
 140 006f 40       		.byte	64
 141 0070 04       		.byte	4
 142 0071 47       		.byte	71
 143 0072 01       		.byte	1
 144 0073 40       		.byte	64
 145 0074 04       		.byte	4
 146 0075 48       		.byte	72
 147 0076 01       		.byte	1
 148 0077 40       		.byte	64
 149 0078 03       		.byte	3
 150 0079 49       		.byte	73
 151 007a 01       		.byte	1
 152 007b 40       		.byte	64
 153 007c 0D       		.byte	13
 154 007d 4C       		.byte	76
 155 007e 01       		.byte	1
 156 007f 40       		.byte	64
 157 0080 04       		.byte	4
 158 0081 4D       		.byte	77
 159 0082 01       		.byte	1
 160 0083 40       		.byte	64
 161 0084 09       		.byte	9
 162 0085 50       		.byte	80
 163 0086 01       		.byte	1
 164 0087 40       		.byte	64
 165 0088 02       		.byte	2
 166 0089 51       		.byte	81
 167 008a 01       		.byte	1
 168 008b 40       		.byte	64
 169 008c 08       		.byte	8
 170 008d 10       		.byte	16
 171 008e 2F       		.byte	47
ARM GAS  C:\Users\Jacob\AppData\Local\Temp\cc3y4ilu.s 			page 4


 172 008f 84       		.byte	-124
 173 0090 8A       		.byte	-118
 174 0091 6F       		.byte	111
 175 0092 8E       		.byte	-114
 176 0093 0F       		.byte	15
 177 0094 E2       		.byte	-30
 178 0095 04       		.byte	4
 179 0096 E2       		.byte	-30
 180 0097 40       		.byte	64
 181 0098 58       		.byte	88
 182 0099 04       		.byte	4
 183 009a 59       		.byte	89
 184 009b 04       		.byte	4
 185 009c 5C       		.byte	92
 186 009d 11       		.byte	17
 187 009e 5F       		.byte	95
 188 009f 01       		.byte	1
 189 00a0 D8       		.byte	-40
 190 00a1 04       		.byte	4
 191 00a2 D9       		.byte	-39
 192 00a3 04       		.byte	4
 193 00a4 DC       		.byte	-36
 194 00a5 11       		.byte	17
 195 00a6 DF       		.byte	-33
 196 00a7 01       		.byte	1
 197 00a8 02       		.byte	2
 198 00a9 02       		.byte	2
 199 00aa 07       		.byte	7
 200 00ab 20       		.byte	32
 201 00ac 08       		.byte	8
 202 00ad 44       		.byte	68
 203 00ae 0C       		.byte	12
 204 00af 40       		.byte	64
 205 00b0 0D       		.byte	13
 206 00b1 04       		.byte	4
 207 00b2 0F       		.byte	15
 208 00b3 42       		.byte	66
 209 00b4 10       		.byte	16
 210 00b5 90       		.byte	-112
 211 00b6 11       		.byte	17
 212 00b7 20       		.byte	32
 213 00b8 13       		.byte	19
 214 00b9 60       		.byte	96
 215 00ba 14       		.byte	20
 216 00bb 14       		.byte	20
 217 00bc 17       		.byte	23
 218 00bd 80       		.byte	-128
 219 00be 28       		.byte	40
 220 00bf 14       		.byte	20
 221 00c0 2C       		.byte	44
 222 00c1 04       		.byte	4
 223 00c2 30       		.byte	48
 224 00c3 40       		.byte	64
 225 00c4 32       		.byte	50
 226 00c5 02       		.byte	2
 227 00c6 34       		.byte	52
 228 00c7 10       		.byte	16
ARM GAS  C:\Users\Jacob\AppData\Local\Temp\cc3y4ilu.s 			page 5


 229 00c8 36       		.byte	54
 230 00c9 02       		.byte	2
 231 00ca 38       		.byte	56
 232 00cb 14       		.byte	20
 233 00cc 39       		.byte	57
 234 00cd 08       		.byte	8
 235 00ce 3B       		.byte	59
 236 00cf 40       		.byte	64
 237 00d0 3C       		.byte	60
 238 00d1 14       		.byte	20
 239 00d2 3D       		.byte	61
 240 00d3 20       		.byte	32
 241 00d4 3F       		.byte	63
 242 00d5 42       		.byte	66
 243 00d6 C0       		.byte	-64
 244 00d7 21       		.byte	33
 245 00d8 C2       		.byte	-62
 246 00d9 B5       		.byte	-75
 247 00da C4       		.byte	-60
 248 00db EF       		.byte	-17
 249 00dc CA       		.byte	-54
 250 00dd 26       		.byte	38
 251 00de CC       		.byte	-52
 252 00df A9       		.byte	-87
 253 00e0 CE       		.byte	-50
 254 00e1 FE       		.byte	-2
 255 00e2 12       		.byte	18
 256 00e3 01       		.byte	1
 257 00e4 14       		.byte	20
 258 00e5 04       		.byte	4
 259 00e6 1D       		.byte	29
 260 00e7 01       		.byte	1
 261 00e8 1E       		.byte	30
 262 00e9 02       		.byte	2
 263 00ea 28       		.byte	40
 264 00eb 01       		.byte	1
 265 00ec 2C       		.byte	44
 266 00ed 04       		.byte	4
 267 00ee 2F       		.byte	47
 268 00ef 03       		.byte	3
 269 00f0 30       		.byte	48
 270 00f1 03       		.byte	3
 271 00f2 33       		.byte	51
 272 00f3 01       		.byte	1
 273 00f4 34       		.byte	52
 274 00f5 04       		.byte	4
 275 00f6 37       		.byte	55
 276 00f7 02       		.byte	2
 277 00f8 38       		.byte	56
 278 00f9 20       		.byte	32
 279 00fa 3E       		.byte	62
 280 00fb 10       		.byte	16
 281 00fc 52       		.byte	82
 282 00fd 03       		.byte	3
 283 00fe 53       		.byte	83
 284 00ff 02       		.byte	2
 285 0100 58       		.byte	88
ARM GAS  C:\Users\Jacob\AppData\Local\Temp\cc3y4ilu.s 			page 6


 286 0101 04       		.byte	4
 287 0102 59       		.byte	89
 288 0103 0C       		.byte	12
 289 0104 5B       		.byte	91
 290 0105 04       		.byte	4
 291 0106 5C       		.byte	92
 292 0107 19       		.byte	25
 293 0108 5D       		.byte	93
 294 0109 10       		.byte	16
 295 010a 5F       		.byte	95
 296 010b 01       		.byte	1
 297 010c AF       		.byte	-81
 298 010d 01       		.byte	1
 299 010e B1       		.byte	-79
 300 010f 01       		.byte	1
 301 0110 D6       		.byte	-42
 302 0111 08       		.byte	8
 303 0112 D8       		.byte	-40
 304 0113 04       		.byte	4
 305 0114 D9       		.byte	-39
 306 0115 04       		.byte	4
 307 0116 DB       		.byte	-37
 308 0117 04       		.byte	4
 309 0118 DC       		.byte	-36
 310 0119 11       		.byte	17
 311 011a DD       		.byte	-35
 312 011b 90       		.byte	-112
 313 011c DF       		.byte	-33
 314 011d 01       		.byte	1
 315 011e 00       		.byte	0
 316 011f 11       		.byte	17
 317 0120 08       		.byte	8
 318 0121 84       		.byte	-124
 319 0122 0B       		.byte	11
 320 0123 80       		.byte	-128
 321 0124 0E       		.byte	14
 322 0125 90       		.byte	-112
 323 0126 0F       		.byte	15
 324 0127 01       		.byte	1
 325 0128 12       		.byte	18
 326 0129 0A       		.byte	10
 327 012a 14       		.byte	20
 328 012b 02       		.byte	2
 329 012c 17       		.byte	23
 330 012d 20       		.byte	32
 331 012e 1E       		.byte	30
 332 012f 80       		.byte	-128
 333 0130 1F       		.byte	31
 334 0131 11       		.byte	17
 335 0132 21       		.byte	33
 336 0133 03       		.byte	3
 337 0134 22       		.byte	34
 338 0135 02       		.byte	2
 339 0136 26       		.byte	38
 340 0137 84       		.byte	-124
 341 0138 27       		.byte	39
 342 0139 20       		.byte	32
ARM GAS  C:\Users\Jacob\AppData\Local\Temp\cc3y4ilu.s 			page 7


 343 013a 28       		.byte	40
 344 013b 44       		.byte	68
 345 013c 2A       		.byte	42
 346 013d 40       		.byte	64
 347 013e 2C       		.byte	44
 348 013f 40       		.byte	64
 349 0140 2F       		.byte	47
 350 0141 41       		.byte	65
 351 0142 31       		.byte	49
 352 0143 02       		.byte	2
 353 0144 32       		.byte	50
 354 0145 08       		.byte	8
 355 0146 36       		.byte	54
 356 0147 80       		.byte	-128
 357 0148 38       		.byte	56
 358 0149 11       		.byte	17
 359 014a 3A       		.byte	58
 360 014b 01       		.byte	1
 361 014c 3B       		.byte	59
 362 014d 40       		.byte	64
 363 014e 5A       		.byte	90
 364 014f 40       		.byte	64
 365 0150 63       		.byte	99
 366 0151 01       		.byte	1
 367 0152 6E       		.byte	110
 368 0153 10       		.byte	16
 369 0154 6F       		.byte	111
 370 0155 02       		.byte	2
 371 0156 7F       		.byte	127
 372 0157 02       		.byte	2
 373 0158 94       		.byte	-108
 374 0159 10       		.byte	16
 375 015a 95       		.byte	-107
 376 015b 02       		.byte	2
 377 015c 97       		.byte	-105
 378 015d 80       		.byte	-128
 379 015e 98       		.byte	-104
 380 015f 06       		.byte	6
 381 0160 9C       		.byte	-100
 382 0161 C1       		.byte	-63
 383 0162 A5       		.byte	-91
 384 0163 40       		.byte	64
 385 0164 A6       		.byte	-90
 386 0165 1C       		.byte	28
 387 0166 A7       		.byte	-89
 388 0167 42       		.byte	66
 389 0168 AC       		.byte	-84
 390 0169 02       		.byte	2
 391 016a B3       		.byte	-77
 392 016b 20       		.byte	32
 393 016c C0       		.byte	-64
 394 016d 0A       		.byte	10
 395 016e C2       		.byte	-62
 396 016f BD       		.byte	-67
 397 0170 C4       		.byte	-60
 398 0171 C3       		.byte	-61
 399 0172 CA       		.byte	-54
ARM GAS  C:\Users\Jacob\AppData\Local\Temp\cc3y4ilu.s 			page 8


 400 0173 1D       		.byte	29
 401 0174 CC       		.byte	-52
 402 0175 13       		.byte	19
 403 0176 CE       		.byte	-50
 404 0177 0D       		.byte	13
 405 0178 D6       		.byte	-42
 406 0179 08       		.byte	8
 407 017a D8       		.byte	-40
 408 017b 08       		.byte	8
 409 017c DE       		.byte	-34
 410 017d 10       		.byte	16
 411 017e EE       		.byte	-18
 412 017f 02       		.byte	2
 413 0180 00       		.byte	0
 414 0181 18       		.byte	24
 415 0182 02       		.byte	2
 416 0183 02       		.byte	2
 417 0184 06       		.byte	6
 418 0185 1E       		.byte	30
 419 0186 0E       		.byte	14
 420 0187 40       		.byte	64
 421 0188 10       		.byte	16
 422 0189 10       		.byte	16
 423 018a 12       		.byte	18
 424 018b 02       		.byte	2
 425 018c 14       		.byte	20
 426 018d 0E       		.byte	14
 427 018e 18       		.byte	24
 428 018f 18       		.byte	24
 429 0190 1A       		.byte	26
 430 0191 04       		.byte	4
 431 0192 1C       		.byte	28
 432 0193 40       		.byte	64
 433 0194 20       		.byte	32
 434 0195 16       		.byte	22
 435 0196 22       		.byte	34
 436 0197 08       		.byte	8
 437 0198 2A       		.byte	42
 438 0199 20       		.byte	32
 439 019a 2E       		.byte	46
 440 019b 01       		.byte	1
 441 019c 30       		.byte	48
 442 019d 01       		.byte	1
 443 019e 32       		.byte	50
 444 019f 20       		.byte	32
 445 01a0 34       		.byte	52
 446 01a1 1E       		.byte	30
 447 01a2 36       		.byte	54
 448 01a3 40       		.byte	64
 449 01a4 3E       		.byte	62
 450 01a5 40       		.byte	64
 451 01a6 54       		.byte	84
 452 01a7 0F       		.byte	15
 453 01a8 58       		.byte	88
 454 01a9 04       		.byte	4
 455 01aa 59       		.byte	89
 456 01ab 04       		.byte	4
ARM GAS  C:\Users\Jacob\AppData\Local\Temp\cc3y4ilu.s 			page 9


 457 01ac 5B       		.byte	91
 458 01ad 04       		.byte	4
 459 01ae 5C       		.byte	92
 460 01af 10       		.byte	16
 461 01b0 5F       		.byte	95
 462 01b1 05       		.byte	5
 463 01b2 A8       		.byte	-88
 464 01b3 01       		.byte	1
 465 01b4 AE       		.byte	-82
 466 01b5 01       		.byte	1
 467 01b6 B0       		.byte	-80
 468 01b7 01       		.byte	1
 469 01b8 BE       		.byte	-66
 470 01b9 01       		.byte	1
 471 01ba D4       		.byte	-44
 472 01bb 01       		.byte	1
 473 01bc D8       		.byte	-40
 474 01bd 04       		.byte	4
 475 01be D9       		.byte	-39
 476 01bf 04       		.byte	4
 477 01c0 DB       		.byte	-37
 478 01c1 0C       		.byte	12
 479 01c2 DC       		.byte	-36
 480 01c3 11       		.byte	17
 481 01c4 DD       		.byte	-35
 482 01c5 10       		.byte	16
 483 01c6 DF       		.byte	-33
 484 01c7 01       		.byte	1
 485 01c8 00       		.byte	0
 486 01c9 82       		.byte	-126
 487 01ca 01       		.byte	1
 488 01cb 08       		.byte	8
 489 01cc 04       		.byte	4
 490 01cd 10       		.byte	16
 491 01ce 06       		.byte	6
 492 01cf 80       		.byte	-128
 493 01d0 08       		.byte	8
 494 01d1 08       		.byte	8
 495 01d2 0A       		.byte	10
 496 01d3 4A       		.byte	74
 497 01d4 0B       		.byte	11
 498 01d5 10       		.byte	16
 499 01d6 0C       		.byte	12
 500 01d7 4E       		.byte	78
 501 01d8 0D       		.byte	13
 502 01d9 01       		.byte	1
 503 01da 0E       		.byte	14
 504 01db 20       		.byte	32
 505 01dc 11       		.byte	17
 506 01dd 80       		.byte	-128
 507 01de 12       		.byte	18
 508 01df 80       		.byte	-128
 509 01e0 13       		.byte	19
 510 01e1 20       		.byte	32
 511 01e2 14       		.byte	20
 512 01e3 80       		.byte	-128
 513 01e4 15       		.byte	21
ARM GAS  C:\Users\Jacob\AppData\Local\Temp\cc3y4ilu.s 			page 10


 514 01e5 01       		.byte	1
 515 01e6 16       		.byte	22
 516 01e7 01       		.byte	1
 517 01e8 17       		.byte	23
 518 01e9 14       		.byte	20
 519 01ea 19       		.byte	25
 520 01eb A8       		.byte	-88
 521 01ec 1A       		.byte	26
 522 01ed 58       		.byte	88
 523 01ee 1D       		.byte	29
 524 01ef 01       		.byte	1
 525 01f0 28       		.byte	40
 526 01f1 45       		.byte	69
 527 01f2 2A       		.byte	42
 528 01f3 80       		.byte	-128
 529 01f4 2C       		.byte	44
 530 01f5 09       		.byte	9
 531 01f6 2F       		.byte	47
 532 01f7 40       		.byte	64
 533 01f8 30       		.byte	48
 534 01f9 02       		.byte	2
 535 01fa 32       		.byte	50
 536 01fb 08       		.byte	8
 537 01fc 33       		.byte	51
 538 01fd 05       		.byte	5
 539 01fe 36       		.byte	54
 540 01ff 08       		.byte	8
 541 0200 37       		.byte	55
 542 0201 01       		.byte	1
 543 0202 39       		.byte	57
 544 0203 41       		.byte	65
 545 0204 3D       		.byte	61
 546 0205 41       		.byte	65
 547 0206 3F       		.byte	63
 548 0207 80       		.byte	-128
 549 0208 59       		.byte	89
 550 0209 91       		.byte	-111
 551 020a 5A       		.byte	90
 552 020b 04       		.byte	4
 553 020c 5C       		.byte	92
 554 020d 40       		.byte	64
 555 020e 61       		.byte	97
 556 020f 04       		.byte	4
 557 0210 62       		.byte	98
 558 0211 10       		.byte	16
 559 0212 78       		.byte	120
 560 0213 08       		.byte	8
 561 0214 7F       		.byte	127
 562 0215 02       		.byte	2
 563 0216 8C       		.byte	-116
 564 0217 40       		.byte	64
 565 0218 8E       		.byte	-114
 566 0219 04       		.byte	4
 567 021a 92       		.byte	-110
 568 021b 06       		.byte	6
 569 021c 93       		.byte	-109
 570 021d 10       		.byte	16
ARM GAS  C:\Users\Jacob\AppData\Local\Temp\cc3y4ilu.s 			page 11


 571 021e 96       		.byte	-106
 572 021f 50       		.byte	80
 573 0220 99       		.byte	-103
 574 0221 14       		.byte	20
 575 0222 9A       		.byte	-102
 576 0223 11       		.byte	17
 577 0224 9B       		.byte	-101
 578 0225 10       		.byte	16
 579 0226 9D       		.byte	-99
 580 0227 20       		.byte	32
 581 0228 A0       		.byte	-96
 582 0229 41       		.byte	65
 583 022a A2       		.byte	-94
 584 022b 80       		.byte	-128
 585 022c B5       		.byte	-75
 586 022d 10       		.byte	16
 587 022e B7       		.byte	-73
 588 022f 01       		.byte	1
 589 0230 C0       		.byte	-64
 590 0231 5D       		.byte	93
 591 0232 C2       		.byte	-62
 592 0233 BF       		.byte	-65
 593 0234 C4       		.byte	-60
 594 0235 FB       		.byte	-5
 595 0236 CA       		.byte	-54
 596 0237 BD       		.byte	-67
 597 0238 CC       		.byte	-52
 598 0239 C3       		.byte	-61
 599 023a CE       		.byte	-50
 600 023b 99       		.byte	-103
 601 023c D6       		.byte	-42
 602 023d 1F       		.byte	31
 603 023e D8       		.byte	-40
 604 023f 06       		.byte	6
 605 0240 DE       		.byte	-34
 606 0241 12       		.byte	18
 607 0242 E2       		.byte	-30
 608 0243 40       		.byte	64
 609 0244 01       		.byte	1
 610 0245 0A       		.byte	10
 611 0246 03       		.byte	3
 612 0247 05       		.byte	5
 613 0248 0B       		.byte	11
 614 0249 10       		.byte	16
 615 024a 0D       		.byte	13
 616 024b 05       		.byte	5
 617 024c 0F       		.byte	15
 618 024d 0A       		.byte	10
 619 024e 15       		.byte	21
 620 024f 07       		.byte	7
 621 0250 16       		.byte	22
 622 0251 01       		.byte	1
 623 0252 19       		.byte	25
 624 0253 0C       		.byte	12
 625 0254 1B       		.byte	27
 626 0255 03       		.byte	3
 627 0256 1D       		.byte	29
ARM GAS  C:\Users\Jacob\AppData\Local\Temp\cc3y4ilu.s 			page 12


 628 0257 0F       		.byte	15
 629 0258 24       		.byte	36
 630 0259 01       		.byte	1
 631 025a 29       		.byte	41
 632 025b 03       		.byte	3
 633 025c 2B       		.byte	43
 634 025d 0C       		.byte	12
 635 025e 2F       		.byte	47
 636 025f 20       		.byte	32
 637 0260 33       		.byte	51
 638 0261 20       		.byte	32
 639 0262 34       		.byte	52
 640 0263 01       		.byte	1
 641 0264 35       		.byte	53
 642 0265 10       		.byte	16
 643 0266 37       		.byte	55
 644 0267 0F       		.byte	15
 645 0268 3E       		.byte	62
 646 0269 10       		.byte	16
 647 026a 40       		.byte	64
 648 026b 36       		.byte	54
 649 026c 41       		.byte	65
 650 026d 05       		.byte	5
 651 026e 49       		.byte	73
 652 026f FF       		.byte	-1
 653 0270 4A       		.byte	74
 654 0271 FF       		.byte	-1
 655 0272 4B       		.byte	75
 656 0273 FF       		.byte	-1
 657 0274 4D       		.byte	77
 658 0275 A0       		.byte	-96
 659 0276 4F       		.byte	79
 660 0277 01       		.byte	1
 661 0278 50       		.byte	80
 662 0279 18       		.byte	24
 663 027a 58       		.byte	88
 664 027b 04       		.byte	4
 665 027c 59       		.byte	89
 666 027d 04       		.byte	4
 667 027e 5A       		.byte	90
 668 027f 04       		.byte	4
 669 0280 5F       		.byte	95
 670 0281 01       		.byte	1
 671 0282 60       		.byte	96
 672 0283 40       		.byte	64
 673 0284 62       		.byte	98
 674 0285 80       		.byte	-128
 675 0286 64       		.byte	100
 676 0287 40       		.byte	64
 677 0288 65       		.byte	101
 678 0289 40       		.byte	64
 679 028a 66       		.byte	102
 680 028b 80       		.byte	-128
 681 028c 68       		.byte	104
 682 028d 40       		.byte	64
 683 028e 6A       		.byte	106
 684 028f 80       		.byte	-128
ARM GAS  C:\Users\Jacob\AppData\Local\Temp\cc3y4ilu.s 			page 13


 685 0290 6C       		.byte	108
 686 0291 40       		.byte	64
 687 0292 6D       		.byte	109
 688 0293 20       		.byte	32
 689 0294 6E       		.byte	110
 690 0295 80       		.byte	-128
 691 0296 88       		.byte	-120
 692 0297 02       		.byte	2
 693 0298 89       		.byte	-119
 694 0299 0C       		.byte	12
 695 029a 8E       		.byte	-114
 696 029b 04       		.byte	4
 697 029c 8F       		.byte	-113
 698 029d 02       		.byte	2
 699 029e 90       		.byte	-112
 700 029f 01       		.byte	1
 701 02a0 91       		.byte	-111
 702 02a1 02       		.byte	2
 703 02a2 95       		.byte	-107
 704 02a3 01       		.byte	1
 705 02a4 9B       		.byte	-101
 706 02a5 02       		.byte	2
 707 02a6 9C       		.byte	-100
 708 02a7 01       		.byte	1
 709 02a8 9D       		.byte	-99
 710 02a9 14       		.byte	20
 711 02aa A1       		.byte	-95
 712 02ab 01       		.byte	1
 713 02ac A6       		.byte	-90
 714 02ad 01       		.byte	1
 715 02ae A8       		.byte	-88
 716 02af 02       		.byte	2
 717 02b0 A9       		.byte	-87
 718 02b1 18       		.byte	24
 719 02b2 AC       		.byte	-84
 720 02b3 02       		.byte	2
 721 02b4 AD       		.byte	-83
 722 02b5 18       		.byte	24
 723 02b6 B2       		.byte	-78
 724 02b7 01       		.byte	1
 725 02b8 B3       		.byte	-77
 726 02b9 1C       		.byte	28
 727 02ba B4       		.byte	-76
 728 02bb 02       		.byte	2
 729 02bc B5       		.byte	-75
 730 02bd 01       		.byte	1
 731 02be B6       		.byte	-74
 732 02bf 04       		.byte	4
 733 02c0 B7       		.byte	-73
 734 02c1 02       		.byte	2
 735 02c2 B8       		.byte	-72
 736 02c3 20       		.byte	32
 737 02c4 B9       		.byte	-71
 738 02c5 28       		.byte	40
 739 02c6 BE       		.byte	-66
 740 02c7 14       		.byte	20
 741 02c8 BF       		.byte	-65
ARM GAS  C:\Users\Jacob\AppData\Local\Temp\cc3y4ilu.s 			page 14


 742 02c9 40       		.byte	64
 743 02ca C0       		.byte	-64
 744 02cb 32       		.byte	50
 745 02cc C1       		.byte	-63
 746 02cd 05       		.byte	5
 747 02ce C5       		.byte	-59
 748 02cf 4E       		.byte	78
 749 02d0 C6       		.byte	-58
 750 02d1 C0       		.byte	-64
 751 02d2 C7       		.byte	-57
 752 02d3 23       		.byte	35
 753 02d4 C8       		.byte	-56
 754 02d5 3B       		.byte	59
 755 02d6 C9       		.byte	-55
 756 02d7 FF       		.byte	-1
 757 02d8 CA       		.byte	-54
 758 02d9 FF       		.byte	-1
 759 02da CB       		.byte	-53
 760 02db FF       		.byte	-1
 761 02dc CD       		.byte	-51
 762 02dd AF       		.byte	-81
 763 02de CE       		.byte	-50
 764 02df 07       		.byte	7
 765 02e0 CF       		.byte	-49
 766 02e1 01       		.byte	1
 767 02e2 D0       		.byte	-48
 768 02e3 18       		.byte	24
 769 02e4 D8       		.byte	-40
 770 02e5 04       		.byte	4
 771 02e6 D9       		.byte	-39
 772 02e7 04       		.byte	4
 773 02e8 DA       		.byte	-38
 774 02e9 04       		.byte	4
 775 02ea DF       		.byte	-33
 776 02eb 01       		.byte	1
 777 02ec E0       		.byte	-32
 778 02ed 40       		.byte	64
 779 02ee E2       		.byte	-30
 780 02ef 80       		.byte	-128
 781 02f0 E4       		.byte	-28
 782 02f1 40       		.byte	64
 783 02f2 E5       		.byte	-27
 784 02f3 40       		.byte	64
 785 02f4 E6       		.byte	-26
 786 02f5 80       		.byte	-128
 787 02f6 E8       		.byte	-24
 788 02f7 40       		.byte	64
 789 02f8 EA       		.byte	-22
 790 02f9 80       		.byte	-128
 791 02fa EC       		.byte	-20
 792 02fb 40       		.byte	64
 793 02fc ED       		.byte	-19
 794 02fd 20       		.byte	32
 795 02fe EE       		.byte	-18
 796 02ff 80       		.byte	-128
 797 0300 00       		.byte	0
 798 0301 90       		.byte	-112
ARM GAS  C:\Users\Jacob\AppData\Local\Temp\cc3y4ilu.s 			page 15


 799 0302 0A       		.byte	10
 800 0303 02       		.byte	2
 801 0304 0B       		.byte	11
 802 0305 40       		.byte	64
 803 0306 0C       		.byte	12
 804 0307 08       		.byte	8
 805 0308 10       		.byte	16
 806 0309 0A       		.byte	10
 807 030a 11       		.byte	17
 808 030b 20       		.byte	32
 809 030c 12       		.byte	18
 810 030d 20       		.byte	32
 811 030e 17       		.byte	23
 812 030f 08       		.byte	8
 813 0310 18       		.byte	24
 814 0311 04       		.byte	4
 815 0312 1A       		.byte	26
 816 0313 22       		.byte	34
 817 0314 1B       		.byte	27
 818 0315 10       		.byte	16
 819 0316 1E       		.byte	30
 820 0317 04       		.byte	4
 821 0318 20       		.byte	32
 822 0319 10       		.byte	16
 823 031a 22       		.byte	34
 824 031b 68       		.byte	104
 825 031c 23       		.byte	35
 826 031d 30       		.byte	48
 827 031e 26       		.byte	38
 828 031f 80       		.byte	-128
 829 0320 27       		.byte	39
 830 0321 19       		.byte	25
 831 0322 29       		.byte	41
 832 0323 20       		.byte	32
 833 0324 2A       		.byte	42
 834 0325 01       		.byte	1
 835 0326 2B       		.byte	43
 836 0327 01       		.byte	1
 837 0328 2C       		.byte	44
 838 0329 02       		.byte	2
 839 032a 2E       		.byte	46
 840 032b 10       		.byte	16
 841 032c 30       		.byte	48
 842 032d 08       		.byte	8
 843 032e 32       		.byte	50
 844 032f A1       		.byte	-95
 845 0330 35       		.byte	53
 846 0331 20       		.byte	32
 847 0332 36       		.byte	54
 848 0333 88       		.byte	-120
 849 0334 38       		.byte	56
 850 0335 10       		.byte	16
 851 0336 3B       		.byte	59
 852 0337 40       		.byte	64
 853 0338 3C       		.byte	60
 854 0339 02       		.byte	2
 855 033a 3D       		.byte	61
ARM GAS  C:\Users\Jacob\AppData\Local\Temp\cc3y4ilu.s 			page 16


 856 033b 20       		.byte	32
 857 033c 3E       		.byte	62
 858 033d 40       		.byte	64
 859 033e 3F       		.byte	63
 860 033f 02       		.byte	2
 861 0340 40       		.byte	64
 862 0341 04       		.byte	4
 863 0342 41       		.byte	65
 864 0343 08       		.byte	8
 865 0344 45       		.byte	69
 866 0345 08       		.byte	8
 867 0346 48       		.byte	72
 868 0347 40       		.byte	64
 869 0348 49       		.byte	73
 870 0349 04       		.byte	4
 871 034a 4B       		.byte	75
 872 034b 40       		.byte	64
 873 034c 4F       		.byte	79
 874 034d 60       		.byte	96
 875 034e 50       		.byte	80
 876 034f 0A       		.byte	10
 877 0350 52       		.byte	82
 878 0351 11       		.byte	17
 879 0352 53       		.byte	83
 880 0353 01       		.byte	1
 881 0354 93       		.byte	-109
 882 0355 40       		.byte	64
 883 0356 94       		.byte	-108
 884 0357 10       		.byte	16
 885 0358 96       		.byte	-106
 886 0359 F0       		.byte	-16
 887 035a 9D       		.byte	-99
 888 035b 20       		.byte	32
 889 035c 9F       		.byte	-97
 890 035d 21       		.byte	33
 891 035e A0       		.byte	-96
 892 035f 01       		.byte	1
 893 0360 A1       		.byte	-95
 894 0361 08       		.byte	8
 895 0362 A6       		.byte	-90
 896 0363 88       		.byte	-120
 897 0364 C0       		.byte	-64
 898 0365 03       		.byte	3
 899 0366 C2       		.byte	-62
 900 0367 29       		.byte	41
 901 0368 C4       		.byte	-60
 902 0369 27       		.byte	39
 903 036a CA       		.byte	-54
 904 036b 3D       		.byte	61
 905 036c CC       		.byte	-52
 906 036d 7F       		.byte	127
 907 036e CE       		.byte	-50
 908 036f BC       		.byte	-68
 909 0370 D0       		.byte	-48
 910 0371 46       		.byte	70
 911 0372 D2       		.byte	-46
 912 0373 38       		.byte	56
ARM GAS  C:\Users\Jacob\AppData\Local\Temp\cc3y4ilu.s 			page 17


 913 0374 03       		.byte	3
 914 0375 08       		.byte	8
 915 0376 08       		.byte	8
 916 0377 CF       		.byte	-49
 917 0378 09       		.byte	9
 918 0379 07       		.byte	7
 919 037a 0A       		.byte	10
 920 037b 30       		.byte	48
 921 037c 0D       		.byte	13
 922 037d 04       		.byte	4
 923 037e 10       		.byte	16
 924 037f 30       		.byte	48
 925 0380 12       		.byte	18
 926 0381 C9       		.byte	-55
 927 0382 13       		.byte	19
 928 0383 07       		.byte	7
 929 0384 14       		.byte	20
 930 0385 94       		.byte	-108
 931 0386 15       		.byte	21
 932 0387 01       		.byte	1
 933 0388 16       		.byte	22
 934 0389 60       		.byte	96
 935 038a 17       		.byte	23
 936 038b 02       		.byte	2
 937 038c 1C       		.byte	28
 938 038d 9E       		.byte	-98
 939 038e 1D       		.byte	29
 940 038f 07       		.byte	7
 941 0390 1E       		.byte	30
 942 0391 60       		.byte	96
 943 0392 20       		.byte	32
 944 0393 FD       		.byte	-3
 945 0394 22       		.byte	34
 946 0395 02       		.byte	2
 947 0396 28       		.byte	40
 948 0397 73       		.byte	115
 949 0398 2B       		.byte	43
 950 0399 04       		.byte	4
 951 039a 2D       		.byte	45
 952 039b 01       		.byte	1
 953 039c 2E       		.byte	46
 954 039d 0F       		.byte	15
 955 039e 2F       		.byte	47
 956 039f 02       		.byte	2
 957 03a0 31       		.byte	49
 958 03a1 0F       		.byte	15
 959 03a2 36       		.byte	54
 960 03a3 FF       		.byte	-1
 961 03a4 3E       		.byte	62
 962 03a5 40       		.byte	64
 963 03a6 54       		.byte	84
 964 03a7 0F       		.byte	15
 965 03a8 56       		.byte	86
 966 03a9 04       		.byte	4
 967 03aa 58       		.byte	88
 968 03ab 04       		.byte	4
 969 03ac 59       		.byte	89
ARM GAS  C:\Users\Jacob\AppData\Local\Temp\cc3y4ilu.s 			page 18


 970 03ad 04       		.byte	4
 971 03ae 5B       		.byte	91
 972 03af 04       		.byte	4
 973 03b0 5F       		.byte	95
 974 03b1 01       		.byte	1
 975 03b2 81       		.byte	-127
 976 03b3 C5       		.byte	-59
 977 03b4 82       		.byte	-126
 978 03b5 03       		.byte	3
 979 03b6 83       		.byte	-125
 980 03b7 3A       		.byte	58
 981 03b8 84       		.byte	-124
 982 03b9 70       		.byte	112
 983 03ba 88       		.byte	-120
 984 03bb 44       		.byte	68
 985 03bc 8A       		.byte	-118
 986 03bd 10       		.byte	16
 987 03be 8C       		.byte	-116
 988 03bf 34       		.byte	52
 989 03c0 8D       		.byte	-115
 990 03c1 96       		.byte	-106
 991 03c2 8E       		.byte	-114
 992 03c3 40       		.byte	64
 993 03c4 8F       		.byte	-113
 994 03c5 68       		.byte	104
 995 03c6 92       		.byte	-110
 996 03c7 74       		.byte	116
 997 03c8 93       		.byte	-109
 998 03c9 01       		.byte	1
 999 03ca 94       		.byte	-108
 1000 03cb 04       		.byte	4
 1001 03cc 95       		.byte	-107
 1002 03cd 7F       		.byte	127
 1003 03ce 96       		.byte	-106
 1004 03cf 10       		.byte	16
 1005 03d0 98       		.byte	-104
 1006 03d1 01       		.byte	1
 1007 03d2 99       		.byte	-103
 1008 03d3 A3       		.byte	-93
 1009 03d4 9B       		.byte	-101
 1010 03d5 5C       		.byte	92
 1011 03d6 9C       		.byte	-100
 1012 03d7 44       		.byte	68
 1013 03d8 9D       		.byte	-99
 1014 03d9 FE       		.byte	-2
 1015 03da 9E       		.byte	-98
 1016 03db 20       		.byte	32
 1017 03dc 9F       		.byte	-97
 1018 03dd 01       		.byte	1
 1019 03de A2       		.byte	-94
 1020 03df 01       		.byte	1
 1021 03e0 A9       		.byte	-87
 1022 03e1 0E       		.byte	14
 1023 03e2 AA       		.byte	-86
 1024 03e3 08       		.byte	8
 1025 03e4 AB       		.byte	-85
 1026 03e5 F0       		.byte	-16
ARM GAS  C:\Users\Jacob\AppData\Local\Temp\cc3y4ilu.s 			page 19


 1027 03e6 B0       		.byte	-80
 1028 03e7 0C       		.byte	12
 1029 03e8 B2       		.byte	-78
 1030 03e9 01       		.byte	1
 1031 03ea B3       		.byte	-77
 1032 03eb FF       		.byte	-1
 1033 03ec B4       		.byte	-76
 1034 03ed 02       		.byte	2
 1035 03ee B6       		.byte	-74
 1036 03ef 74       		.byte	116
 1037 03f0 BE       		.byte	-66
 1038 03f1 04       		.byte	4
 1039 03f2 BF       		.byte	-65
 1040 03f3 04       		.byte	4
 1041 03f4 D2       		.byte	-46
 1042 03f5 80       		.byte	-128
 1043 03f6 D8       		.byte	-40
 1044 03f7 04       		.byte	4
 1045 03f8 D9       		.byte	-39
 1046 03f9 04       		.byte	4
 1047 03fa DB       		.byte	-37
 1048 03fb 04       		.byte	4
 1049 03fc DF       		.byte	-33
 1050 03fd 01       		.byte	1
 1051 03fe 01       		.byte	1
 1052 03ff 20       		.byte	32
 1053 0400 05       		.byte	5
 1054 0401 25       		.byte	37
 1055 0402 07       		.byte	7
 1056 0403 21       		.byte	33
 1057 0404 0A       		.byte	10
 1058 0405 51       		.byte	81
 1059 0406 0E       		.byte	14
 1060 0407 59       		.byte	89
 1061 0408 12       		.byte	18
 1062 0409 88       		.byte	-120
 1063 040a 13       		.byte	19
 1064 040b 40       		.byte	64
 1065 040c 16       		.byte	22
 1066 040d 80       		.byte	-128
 1067 040e 17       		.byte	23
 1068 040f 10       		.byte	16
 1069 0410 18       		.byte	24
 1070 0411 02       		.byte	2
 1071 0412 1C       		.byte	28
 1072 0413 02       		.byte	2
 1073 0414 1D       		.byte	29
 1074 0415 49       		.byte	73
 1075 0416 1E       		.byte	30
 1076 0417 09       		.byte	9
 1077 0418 22       		.byte	34
 1078 0419 01       		.byte	1
 1079 041a 23       		.byte	35
 1080 041b 40       		.byte	64
 1081 041c 27       		.byte	39
 1082 041d 10       		.byte	16
 1083 041e 29       		.byte	41
ARM GAS  C:\Users\Jacob\AppData\Local\Temp\cc3y4ilu.s 			page 20


 1084 041f 60       		.byte	96
 1085 0420 2C       		.byte	44
 1086 0421 04       		.byte	4
 1087 0422 2E       		.byte	46
 1088 0423 10       		.byte	16
 1089 0424 30       		.byte	48
 1090 0425 04       		.byte	4
 1091 0426 32       		.byte	50
 1092 0427 81       		.byte	-127
 1093 0428 35       		.byte	53
 1094 0429 21       		.byte	33
 1095 042a 36       		.byte	54
 1096 042b 88       		.byte	-120
 1097 042c 38       		.byte	56
 1098 042d 12       		.byte	18
 1099 042e 39       		.byte	57
 1100 042f 40       		.byte	64
 1101 0430 3D       		.byte	61
 1102 0431 40       		.byte	64
 1103 0432 3E       		.byte	62
 1104 0433 41       		.byte	65
 1105 0434 59       		.byte	89
 1106 0435 04       		.byte	4
 1107 0436 5A       		.byte	90
 1108 0437 A0       		.byte	-96
 1109 0438 5B       		.byte	91
 1110 0439 01       		.byte	1
 1111 043a 63       		.byte	99
 1112 043b 80       		.byte	-128
 1113 043c 76       		.byte	118
 1114 043d 80       		.byte	-128
 1115 043e 83       		.byte	-125
 1116 043f 40       		.byte	64
 1117 0440 C0       		.byte	-64
 1118 0441 F2       		.byte	-14
 1119 0442 C2       		.byte	-62
 1120 0443 FD       		.byte	-3
 1121 0444 C4       		.byte	-60
 1122 0445 5B       		.byte	91
 1123 0446 CA       		.byte	-54
 1124 0447 2C       		.byte	44
 1125 0448 CC       		.byte	-52
 1126 0449 FB       		.byte	-5
 1127 044a CE       		.byte	-50
 1128 044b 9D       		.byte	-99
 1129 044c D6       		.byte	-42
 1130 044d 0F       		.byte	15
 1131 044e D8       		.byte	-40
 1132 044f 01       		.byte	1
 1133 0450 58       		.byte	88
 1134 0451 04       		.byte	4
 1135 0452 59       		.byte	89
 1136 0453 04       		.byte	4
 1137 0454 5C       		.byte	92
 1138 0455 11       		.byte	17
 1139 0456 5F       		.byte	95
 1140 0457 01       		.byte	1
ARM GAS  C:\Users\Jacob\AppData\Local\Temp\cc3y4ilu.s 			page 21


 1141 0458 D8       		.byte	-40
 1142 0459 04       		.byte	4
 1143 045a D9       		.byte	-39
 1144 045b 04       		.byte	4
 1145 045c DC       		.byte	-36
 1146 045d 11       		.byte	17
 1147 045e DF       		.byte	-33
 1148 045f 01       		.byte	1
 1149 0460 05       		.byte	5
 1150 0461 20       		.byte	32
 1151 0462 06       		.byte	6
 1152 0463 02       		.byte	2
 1153 0464 07       		.byte	7
 1154 0465 20       		.byte	32
 1155 0466 08       		.byte	8
 1156 0467 24       		.byte	36
 1157 0468 0A       		.byte	10
 1158 0469 01       		.byte	1
 1159 046a 0C       		.byte	12
 1160 046b 14       		.byte	20
 1161 046c 10       		.byte	16
 1162 046d 50       		.byte	80
 1163 046e 12       		.byte	18
 1164 046f 08       		.byte	8
 1165 0470 13       		.byte	19
 1166 0471 A0       		.byte	-96
 1167 0472 14       		.byte	20
 1168 0473 40       		.byte	64
 1169 0474 17       		.byte	23
 1170 0475 80       		.byte	-128
 1171 0476 28       		.byte	40
 1172 0477 64       		.byte	100
 1173 0478 2C       		.byte	44
 1174 0479 94       		.byte	-108
 1175 047a 2E       		.byte	46
 1176 047b 03       		.byte	3
 1177 047c 30       		.byte	48
 1178 047d 90       		.byte	-112
 1179 047e 32       		.byte	50
 1180 047f 0A       		.byte	10
 1181 0480 34       		.byte	52
 1182 0481 20       		.byte	32
 1183 0482 35       		.byte	53
 1184 0483 20       		.byte	32
 1185 0484 36       		.byte	54
 1186 0485 28       		.byte	40
 1187 0486 37       		.byte	55
 1188 0487 80       		.byte	-128
 1189 0488 3F       		.byte	63
 1190 0489 02       		.byte	2
 1191 048a 88       		.byte	-120
 1192 048b 54       		.byte	84
 1193 048c 8B       		.byte	-117
 1194 048d 01       		.byte	1
 1195 048e 9B       		.byte	-101
 1196 048f A0       		.byte	-96
 1197 0490 9C       		.byte	-100
ARM GAS  C:\Users\Jacob\AppData\Local\Temp\cc3y4ilu.s 			page 22


 1198 0491 14       		.byte	20
 1199 0492 A0       		.byte	-96
 1200 0493 80       		.byte	-128
 1201 0494 A2       		.byte	-94
 1202 0495 22       		.byte	34
 1203 0496 A7       		.byte	-89
 1204 0497 01       		.byte	1
 1205 0498 A9       		.byte	-87
 1206 0499 10       		.byte	16
 1207 049a AB       		.byte	-85
 1208 049b 20       		.byte	32
 1209 049c C0       		.byte	-64
 1210 049d E0       		.byte	-32
 1211 049e C2       		.byte	-62
 1212 049f 67       		.byte	103
 1213 04a0 C4       		.byte	-60
 1214 04a1 9F       		.byte	-97
 1215 04a2 CA       		.byte	-54
 1216 04a3 E7       		.byte	-25
 1217 04a4 CC       		.byte	-52
 1218 04a5 7F       		.byte	127
 1219 04a6 CE       		.byte	-50
 1220 04a7 80       		.byte	-128
 1221 04a8 EA       		.byte	-22
 1222 04a9 01       		.byte	1
 1223 04aa EC       		.byte	-20
 1224 04ab 20       		.byte	32
 1225 04ac EE       		.byte	-18
 1226 04ad 04       		.byte	4
 1227 04ae 80       		.byte	-128
 1228 04af 84       		.byte	-124
 1229 04b0 86       		.byte	-122
 1230 04b1 22       		.byte	34
 1231 04b2 87       		.byte	-121
 1232 04b3 C0       		.byte	-64
 1233 04b4 94       		.byte	-108
 1234 04b5 04       		.byte	4
 1235 04b6 97       		.byte	-105
 1236 04b7 40       		.byte	64
 1237 04b8 9C       		.byte	-100
 1238 04b9 14       		.byte	20
 1239 04ba 9F       		.byte	-97
 1240 04bb 80       		.byte	-128
 1241 04bc A4       		.byte	-92
 1242 04bd 80       		.byte	-128
 1243 04be A5       		.byte	-91
 1244 04bf 10       		.byte	16
 1245 04c0 A6       		.byte	-90
 1246 04c1 02       		.byte	2
 1247 04c2 A7       		.byte	-89
 1248 04c3 01       		.byte	1
 1249 04c4 E2       		.byte	-30
 1250 04c5 06       		.byte	6
 1251 04c6 E6       		.byte	-26
 1252 04c7 02       		.byte	2
 1253 04c8 EC       		.byte	-20
 1254 04c9 40       		.byte	64
ARM GAS  C:\Users\Jacob\AppData\Local\Temp\cc3y4ilu.s 			page 23


 1255 04ca 00       		.byte	0
 1256 04cb 04       		.byte	4
 1257 04cc 04       		.byte	4
 1258 04cd 40       		.byte	64
 1259 04ce 06       		.byte	6
 1260 04cf 80       		.byte	-128
 1261 04d0 0A       		.byte	10
 1262 04d1 08       		.byte	8
 1263 04d2 0B       		.byte	11
 1264 04d3 01       		.byte	1
 1265 04d4 0C       		.byte	12
 1266 04d5 80       		.byte	-128
 1267 04d6 0E       		.byte	14
 1268 04d7 40       		.byte	64
 1269 04d8 10       		.byte	16
 1270 04d9 10       		.byte	16
 1271 04da 12       		.byte	18
 1272 04db 20       		.byte	32
 1273 04dc 13       		.byte	19
 1274 04dd 02       		.byte	2
 1275 04de 16       		.byte	22
 1276 04df 01       		.byte	1
 1277 04e0 18       		.byte	24
 1278 04e1 01       		.byte	1
 1279 04e2 1C       		.byte	28
 1280 04e3 02       		.byte	2
 1281 04e4 22       		.byte	34
 1282 04e5 04       		.byte	4
 1283 04e6 24       		.byte	36
 1284 04e7 20       		.byte	32
 1285 04e8 26       		.byte	38
 1286 04e9 10       		.byte	16
 1287 04ea 28       		.byte	40
 1288 04eb 08       		.byte	8
 1289 04ec 2E       		.byte	46
 1290 04ed 02       		.byte	2
 1291 04ee 33       		.byte	51
 1292 04ef 02       		.byte	2
 1293 04f0 34       		.byte	52
 1294 04f1 FF       		.byte	-1
 1295 04f2 37       		.byte	55
 1296 04f3 01       		.byte	1
 1297 04f4 3E       		.byte	62
 1298 04f5 10       		.byte	16
 1299 04f6 56       		.byte	86
 1300 04f7 02       		.byte	2
 1301 04f8 57       		.byte	87
 1302 04f9 39       		.byte	57
 1303 04fa 58       		.byte	88
 1304 04fb 04       		.byte	4
 1305 04fc 59       		.byte	89
 1306 04fd 04       		.byte	4
 1307 04fe 5B       		.byte	91
 1308 04ff 0C       		.byte	12
 1309 0500 5C       		.byte	92
 1310 0501 10       		.byte	16
 1311 0502 5D       		.byte	93
ARM GAS  C:\Users\Jacob\AppData\Local\Temp\cc3y4ilu.s 			page 24


 1312 0503 10       		.byte	16
 1313 0504 5F       		.byte	95
 1314 0505 01       		.byte	1
 1315 0506 80       		.byte	-128
 1316 0507 01       		.byte	1
 1317 0508 88       		.byte	-120
 1318 0509 01       		.byte	1
 1319 050a 8C       		.byte	-116
 1320 050b 01       		.byte	1
 1321 050c 90       		.byte	-112
 1322 050d 01       		.byte	1
 1323 050e 94       		.byte	-108
 1324 050f 01       		.byte	1
 1325 0510 A8       		.byte	-88
 1326 0511 01       		.byte	1
 1327 0512 AE       		.byte	-82
 1328 0513 01       		.byte	1
 1329 0514 B0       		.byte	-80
 1330 0515 01       		.byte	1
 1331 0516 D8       		.byte	-40
 1332 0517 04       		.byte	4
 1333 0518 D9       		.byte	-39
 1334 0519 04       		.byte	4
 1335 051a DC       		.byte	-36
 1336 051b 11       		.byte	17
 1337 051c DF       		.byte	-33
 1338 051d 01       		.byte	1
 1339 051e 00       		.byte	0
 1340 051f 10       		.byte	16
 1341 0520 01       		.byte	1
 1342 0521 01       		.byte	1
 1343 0522 02       		.byte	2
 1344 0523 01       		.byte	1
 1345 0524 04       		.byte	4
 1346 0525 30       		.byte	48
 1347 0526 05       		.byte	5
 1348 0527 20       		.byte	32
 1349 0528 06       		.byte	6
 1350 0529 40       		.byte	64
 1351 052a 07       		.byte	7
 1352 052b 61       		.byte	97
 1353 052c 08       		.byte	8
 1354 052d 04       		.byte	4
 1355 052e 0A       		.byte	10
 1356 052f 40       		.byte	64
 1357 0530 0C       		.byte	12
 1358 0531 A4       		.byte	-92
 1359 0532 0E       		.byte	14
 1360 0533 E0       		.byte	-32
 1361 0534 0F       		.byte	15
 1362 0535 40       		.byte	64
 1363 0536 11       		.byte	17
 1364 0537 40       		.byte	64
 1365 0538 12       		.byte	18
 1366 0539 08       		.byte	8
 1367 053a 14       		.byte	20
 1368 053b 01       		.byte	1
ARM GAS  C:\Users\Jacob\AppData\Local\Temp\cc3y4ilu.s 			page 25


 1369 053c 15       		.byte	21
 1370 053d 03       		.byte	3
 1371 053e 16       		.byte	22
 1372 053f 01       		.byte	1
 1373 0540 17       		.byte	23
 1374 0541 94       		.byte	-108
 1375 0542 18       		.byte	24
 1376 0543 80       		.byte	-128
 1377 0544 1D       		.byte	29
 1378 0545 20       		.byte	32
 1379 0546 25       		.byte	37
 1380 0547 08       		.byte	8
 1381 0548 26       		.byte	38
 1382 0549 48       		.byte	72
 1383 054a 27       		.byte	39
 1384 054b 20       		.byte	32
 1385 054c 28       		.byte	40
 1386 054d 84       		.byte	-124
 1387 054e 2D       		.byte	45
 1388 054f 20       		.byte	32
 1389 0550 2E       		.byte	46
 1390 0551 40       		.byte	64
 1391 0552 2F       		.byte	47
 1392 0553 40       		.byte	64
 1393 0554 30       		.byte	48
 1394 0555 01       		.byte	1
 1395 0556 31       		.byte	49
 1396 0557 08       		.byte	8
 1397 0558 34       		.byte	52
 1398 0559 04       		.byte	4
 1399 055a 37       		.byte	55
 1400 055b A1       		.byte	-95
 1401 055c 38       		.byte	56
 1402 055d 20       		.byte	32
 1403 055e 39       		.byte	57
 1404 055f 42       		.byte	66
 1405 0560 3B       		.byte	59
 1406 0561 80       		.byte	-128
 1407 0562 3D       		.byte	61
 1408 0563 21       		.byte	33
 1409 0564 5E       		.byte	94
 1410 0565 10       		.byte	16
 1411 0566 67       		.byte	103
 1412 0567 20       		.byte	32
 1413 0568 6D       		.byte	109
 1414 0569 20       		.byte	32
 1415 056a 6E       		.byte	110
 1416 056b 01       		.byte	1
 1417 056c 6F       		.byte	111
 1418 056d 55       		.byte	85
 1419 056e 74       		.byte	116
 1420 056f A0       		.byte	-96
 1421 0570 76       		.byte	118
 1422 0571 0A       		.byte	10
 1423 0572 7F       		.byte	127
 1424 0573 02       		.byte	2
 1425 0574 80       		.byte	-128
ARM GAS  C:\Users\Jacob\AppData\Local\Temp\cc3y4ilu.s 			page 26


 1426 0575 10       		.byte	16
 1427 0576 83       		.byte	-125
 1428 0577 40       		.byte	64
 1429 0578 84       		.byte	-124
 1430 0579 80       		.byte	-128
 1431 057a 86       		.byte	-122
 1432 057b 40       		.byte	64
 1433 057c 87       		.byte	-121
 1434 057d 20       		.byte	32
 1435 057e 91       		.byte	-111
 1436 057f 02       		.byte	2
 1437 0580 92       		.byte	-110
 1438 0581 10       		.byte	16
 1439 0582 93       		.byte	-109
 1440 0583 20       		.byte	32
 1441 0584 94       		.byte	-108
 1442 0585 10       		.byte	16
 1443 0586 97       		.byte	-105
 1444 0587 C0       		.byte	-64
 1445 0588 9C       		.byte	-100
 1446 0589 81       		.byte	-127
 1447 058a 9E       		.byte	-98
 1448 058b 41       		.byte	65
 1449 058c A3       		.byte	-93
 1450 058d 02       		.byte	2
 1451 058e A6       		.byte	-90
 1452 058f 18       		.byte	24
 1453 0590 A7       		.byte	-89
 1454 0591 40       		.byte	64
 1455 0592 B1       		.byte	-79
 1456 0593 40       		.byte	64
 1457 0594 B6       		.byte	-74
 1458 0595 40       		.byte	64
 1459 0596 C0       		.byte	-64
 1460 0597 FB       		.byte	-5
 1461 0598 C2       		.byte	-62
 1462 0599 FC       		.byte	-4
 1463 059a C4       		.byte	-60
 1464 059b F3       		.byte	-13
 1465 059c CA       		.byte	-54
 1466 059d B5       		.byte	-75
 1467 059e CC       		.byte	-52
 1468 059f F3       		.byte	-13
 1469 05a0 CE       		.byte	-50
 1470 05a1 AD       		.byte	-83
 1471 05a2 D6       		.byte	-42
 1472 05a3 20       		.byte	32
 1473 05a4 D8       		.byte	-40
 1474 05a5 40       		.byte	64
 1475 05a6 DE       		.byte	-34
 1476 05a7 10       		.byte	16
 1477 05a8 EC       		.byte	-20
 1478 05a9 40       		.byte	64
 1479 05aa 58       		.byte	88
 1480 05ab 04       		.byte	4
 1481 05ac 59       		.byte	89
 1482 05ad 04       		.byte	4
ARM GAS  C:\Users\Jacob\AppData\Local\Temp\cc3y4ilu.s 			page 27


 1483 05ae 5C       		.byte	92
 1484 05af 11       		.byte	17
 1485 05b0 5F       		.byte	95
 1486 05b1 01       		.byte	1
 1487 05b2 83       		.byte	-125
 1488 05b3 01       		.byte	1
 1489 05b4 86       		.byte	-122
 1490 05b5 08       		.byte	8
 1491 05b6 88       		.byte	-120
 1492 05b7 08       		.byte	8
 1493 05b8 8E       		.byte	-114
 1494 05b9 02       		.byte	2
 1495 05ba 9A       		.byte	-102
 1496 05bb 10       		.byte	16
 1497 05bc 9E       		.byte	-98
 1498 05bd 04       		.byte	4
 1499 05be A0       		.byte	-96
 1500 05bf 04       		.byte	4
 1501 05c0 A4       		.byte	-92
 1502 05c1 01       		.byte	1
 1503 05c2 A7       		.byte	-89
 1504 05c3 02       		.byte	2
 1505 05c4 AA       		.byte	-86
 1506 05c5 01       		.byte	1
 1507 05c6 AB       		.byte	-85
 1508 05c7 04       		.byte	4
 1509 05c8 AC       		.byte	-84
 1510 05c9 02       		.byte	2
 1511 05ca B1       		.byte	-79
 1512 05cb 01       		.byte	1
 1513 05cc B3       		.byte	-77
 1514 05cd 04       		.byte	4
 1515 05ce B5       		.byte	-75
 1516 05cf 02       		.byte	2
 1517 05d0 B6       		.byte	-74
 1518 05d1 1F       		.byte	31
 1519 05d2 B8       		.byte	-72
 1520 05d3 80       		.byte	-128
 1521 05d4 BE       		.byte	-66
 1522 05d5 40       		.byte	64
 1523 05d6 D8       		.byte	-40
 1524 05d7 04       		.byte	4
 1525 05d8 D9       		.byte	-39
 1526 05d9 04       		.byte	4
 1527 05da DC       		.byte	-36
 1528 05db 11       		.byte	17
 1529 05dc DF       		.byte	-33
 1530 05dd 01       		.byte	1
 1531 05de 00       		.byte	0
 1532 05df 02       		.byte	2
 1533 05e0 03       		.byte	3
 1534 05e1 04       		.byte	4
 1535 05e2 04       		.byte	4
 1536 05e3 20       		.byte	32
 1537 05e4 05       		.byte	5
 1538 05e5 22       		.byte	34
 1539 05e6 06       		.byte	6
ARM GAS  C:\Users\Jacob\AppData\Local\Temp\cc3y4ilu.s 			page 28


 1540 05e7 22       		.byte	34
 1541 05e8 07       		.byte	7
 1542 05e9 10       		.byte	16
 1543 05ea 09       		.byte	9
 1544 05eb 08       		.byte	8
 1545 05ec 0A       		.byte	10
 1546 05ed 42       		.byte	66
 1547 05ee 0B       		.byte	11
 1548 05ef 40       		.byte	64
 1549 05f0 0C       		.byte	12
 1550 05f1 02       		.byte	2
 1551 05f2 0D       		.byte	13
 1552 05f3 28       		.byte	40
 1553 05f4 0E       		.byte	14
 1554 05f5 01       		.byte	1
 1555 05f6 10       		.byte	16
 1556 05f7 40       		.byte	64
 1557 05f8 11       		.byte	17
 1558 05f9 08       		.byte	8
 1559 05fa 14       		.byte	20
 1560 05fb 40       		.byte	64
 1561 05fc 15       		.byte	21
 1562 05fd 02       		.byte	2
 1563 05fe 16       		.byte	22
 1564 05ff 88       		.byte	-120
 1565 0600 17       		.byte	23
 1566 0601 84       		.byte	-124
 1567 0602 1C       		.byte	28
 1568 0603 02       		.byte	2
 1569 0604 1F       		.byte	31
 1570 0605 40       		.byte	64
 1571 0606 24       		.byte	36
 1572 0607 20       		.byte	32
 1573 0608 25       		.byte	37
 1574 0609 16       		.byte	22
 1575 060a 26       		.byte	38
 1576 060b 30       		.byte	48
 1577 060c 27       		.byte	39
 1578 060d 84       		.byte	-124
 1579 060e 28       		.byte	40
 1580 060f 80       		.byte	-128
 1581 0610 29       		.byte	41
 1582 0611 02       		.byte	2
 1583 0612 2E       		.byte	46
 1584 0613 68       		.byte	104
 1585 0614 2F       		.byte	47
 1586 0615 40       		.byte	64
 1587 0616 31       		.byte	49
 1588 0617 0A       		.byte	10
 1589 0618 32       		.byte	50
 1590 0619 21       		.byte	33
 1591 061a 35       		.byte	53
 1592 061b 20       		.byte	32
 1593 061c 36       		.byte	54
 1594 061d 08       		.byte	8
 1595 061e 37       		.byte	55
 1596 061f 80       		.byte	-128
ARM GAS  C:\Users\Jacob\AppData\Local\Temp\cc3y4ilu.s 			page 29


 1597 0620 38       		.byte	56
 1598 0621 20       		.byte	32
 1599 0622 39       		.byte	57
 1600 0623 02       		.byte	2
 1601 0624 3B       		.byte	59
 1602 0625 80       		.byte	-128
 1603 0626 3D       		.byte	61
 1604 0627 20       		.byte	32
 1605 0628 3E       		.byte	62
 1606 0629 82       		.byte	-126
 1607 062a 88       		.byte	-120
 1608 062b 02       		.byte	2
 1609 062c 89       		.byte	-119
 1610 062d 01       		.byte	1
 1611 062e 8A       		.byte	-118
 1612 062f 10       		.byte	16
 1613 0630 8B       		.byte	-117
 1614 0631 40       		.byte	64
 1615 0632 91       		.byte	-111
 1616 0633 02       		.byte	2
 1617 0634 92       		.byte	-110
 1618 0635 01       		.byte	1
 1619 0636 93       		.byte	-109
 1620 0637 40       		.byte	64
 1621 0638 94       		.byte	-108
 1622 0639 20       		.byte	32
 1623 063a 97       		.byte	-105
 1624 063b 80       		.byte	-128
 1625 063c 98       		.byte	-104
 1626 063d 80       		.byte	-128
 1627 063e 9A       		.byte	-102
 1628 063f 0A       		.byte	10
 1629 0640 9B       		.byte	-101
 1630 0641 10       		.byte	16
 1631 0642 9F       		.byte	-97
 1632 0643 80       		.byte	-128
 1633 0644 A1       		.byte	-95
 1634 0645 28       		.byte	40
 1635 0646 A2       		.byte	-94
 1636 0647 08       		.byte	8
 1637 0648 A6       		.byte	-90
 1638 0649 10       		.byte	16
 1639 064a AB       		.byte	-85
 1640 064b 80       		.byte	-128
 1641 064c B4       		.byte	-76
 1642 064d 40       		.byte	64
 1643 064e C0       		.byte	-64
 1644 064f FA       		.byte	-6
 1645 0650 C2       		.byte	-62
 1646 0651 FD       		.byte	-3
 1647 0652 C4       		.byte	-60
 1648 0653 FC       		.byte	-4
 1649 0654 CA       		.byte	-54
 1650 0655 F1       		.byte	-15
 1651 0656 CC       		.byte	-52
 1652 0657 77       		.byte	119
 1653 0658 CE       		.byte	-50
ARM GAS  C:\Users\Jacob\AppData\Local\Temp\cc3y4ilu.s 			page 30


 1654 0659 BD       		.byte	-67
 1655 065a E2       		.byte	-30
 1656 065b A0       		.byte	-96
 1657 065c E6       		.byte	-26
 1658 065d 80       		.byte	-128
 1659 065e EC       		.byte	-20
 1660 065f 20       		.byte	32
 1661 0660 EE       		.byte	-18
 1662 0661 04       		.byte	4
 1663 0662 10       		.byte	16
 1664 0663 80       		.byte	-128
 1665 0664 16       		.byte	22
 1666 0665 80       		.byte	-128
 1667 0666 32       		.byte	50
 1668 0667 80       		.byte	-128
 1669 0668 35       		.byte	53
 1670 0669 80       		.byte	-128
 1671 066a 3B       		.byte	59
 1672 066b 02       		.byte	2
 1673 066c 3E       		.byte	62
 1674 066d 80       		.byte	-128
 1675 066e 81       		.byte	-127
 1676 066f 80       		.byte	-128
 1677 0670 C4       		.byte	-60
 1678 0671 30       		.byte	48
 1679 0672 CC       		.byte	-52
 1680 0673 30       		.byte	48
 1681 0674 CE       		.byte	-50
 1682 0675 60       		.byte	96
 1683 0676 E2       		.byte	-30
 1684 0677 20       		.byte	32
 1685 0678 97       		.byte	-105
 1686 0679 02       		.byte	2
 1687 067a A0       		.byte	-96
 1688 067b 80       		.byte	-128
 1689 067c A6       		.byte	-90
 1690 067d 80       		.byte	-128
 1691 067e 8E       		.byte	-114
 1692 067f 80       		.byte	-128
 1693 0680 97       		.byte	-105
 1694 0681 02       		.byte	2
 1695 0682 A0       		.byte	-96
 1696 0683 80       		.byte	-128
 1697 0684 A6       		.byte	-90
 1698 0685 80       		.byte	-128
 1699 0686 97       		.byte	-105
 1700 0687 02       		.byte	2
 1701 0688 A0       		.byte	-96
 1702 0689 80       		.byte	-128
 1703 068a 21       		.byte	33
 1704 068b 01       		.byte	1
 1705 068c C8       		.byte	-56
 1706 068d 02       		.byte	2
 1707 068e 91       		.byte	-111
 1708 068f 02       		.byte	2
 1709 0690 97       		.byte	-105
 1710 0691 04       		.byte	4
ARM GAS  C:\Users\Jacob\AppData\Local\Temp\cc3y4ilu.s 			page 31


 1711 0692 AD       		.byte	-83
 1712 0693 01       		.byte	1
 1713 0694 B3       		.byte	-77
 1714 0695 04       		.byte	4
 1715 0696 EE       		.byte	-18
 1716 0697 04       		.byte	4
 1717 0698 20       		.byte	32
 1718 0699 80       		.byte	-128
 1719 069a 97       		.byte	-105
 1720 069b 02       		.byte	2
 1721 069c B4       		.byte	-76
 1722 069d 80       		.byte	-128
 1723 069e C8       		.byte	-56
 1724 069f 40       		.byte	64
 1725 06a0 AB       		.byte	-85
 1726 06a1 01       		.byte	1
 1727 06a2 B0       		.byte	-80
 1728 06a3 40       		.byte	64
 1729 06a4 EE       		.byte	-18
 1730 06a5 20       		.byte	32
 1731 06a6 0B       		.byte	11
 1732 06a7 04       		.byte	4
 1733 06a8 0C       		.byte	12
 1734 06a9 08       		.byte	8
 1735 06aa 1F       		.byte	31
 1736 06ab 80       		.byte	-128
 1737 06ac 34       		.byte	52
 1738 06ad 01       		.byte	1
 1739 06ae 5C       		.byte	92
 1740 06af 01       		.byte	1
 1741 06b0 97       		.byte	-105
 1742 06b1 04       		.byte	4
 1743 06b2 A4       		.byte	-92
 1744 06b3 08       		.byte	8
 1745 06b4 B0       		.byte	-80
 1746 06b5 08       		.byte	8
 1747 06b6 C2       		.byte	-62
 1748 06b7 06       		.byte	6
 1749 06b8 C6       		.byte	-58
 1750 06b9 01       		.byte	1
 1751 06ba CC       		.byte	-52
 1752 06bb 01       		.byte	1
 1753 06bc D6       		.byte	-42
 1754 06bd 01       		.byte	1
 1755 06be EE       		.byte	-18
 1756 06bf 04       		.byte	4
 1757 06c0 AB       		.byte	-85
 1758 06c1 80       		.byte	-128
 1759 06c2 B0       		.byte	-80
 1760 06c3 01       		.byte	1
 1761 06c4 B4       		.byte	-76
 1762 06c5 01       		.byte	1
 1763 06c6 EC       		.byte	-20
 1764 06c7 0C       		.byte	12
 1765 06c8 00       		.byte	0
 1766 06c9 03       		.byte	3
 1767 06ca 01       		.byte	1
ARM GAS  C:\Users\Jacob\AppData\Local\Temp\cc3y4ilu.s 			page 32


 1768 06cb 01       		.byte	1
 1769 06cc 0A       		.byte	10
 1770 06cd 02       		.byte	2
 1771 06ce 0C       		.byte	12
 1772 06cf 03       		.byte	3
 1773 06d0 0D       		.byte	13
 1774 06d1 01       		.byte	1
 1775 06d2 0E       		.byte	14
 1776 06d3 01       		.byte	1
 1777 06d4 10       		.byte	16
 1778 06d5 02       		.byte	2
 1779 06d6 1A       		.byte	26
 1780 06d7 02       		.byte	2
 1781 06d8 1C       		.byte	28
 1782 06d9 02       		.byte	2
 1783 06da 00       		.byte	0
 1784 06db 0F       		.byte	15
 1785 06dc 10       		.byte	16
 1786 06dd 0A       		.byte	10
 1787 06de 00       		.byte	0
 1788 06df 00       		.byte	0
 1789 06e0 E0       		.byte	-32
 1790 06e1 8B       		.byte	-117
 1791 06e2 0B       		.byte	11
 1792 06e3 00       		.byte	0
 1793 06e4 00       		.byte	0
 1794 06e5 10       		.byte	16
 1795 06e6 10       		.byte	16
 1796 06e7 00       		.byte	0
 1797 06e8 00       		.byte	0
 1798 06e9 7F       		.byte	127
 1799 06ea 7F       		.byte	127
 1800 06eb 00       		.byte	0
 1801 06ec 00       		.byte	0
 1802 06ed 00       		.byte	0
 1803 06ee 00       		.byte	0
 1804 06ef 00       		.byte	0
 1805 06f0 00       		.byte	0
 1806 06f1 01       		.byte	1
 1807 06f2 00       		.byte	0
 1808 06f3 00       		.byte	0
 1809              		.section	.cywolatch,"a",%progbits
 1810              		.align	2
 1811              		.type	cy_meta_wonvl, %object
 1812              		.size	cy_meta_wonvl, 4
 1813              	cy_meta_wonvl:
 1814 0000 BC       		.byte	-68
 1815 0001 90       		.byte	-112
 1816 0002 AC       		.byte	-84
 1817 0003 AF       		.byte	-81
 1818              		.section	.cycustnvl,"a",%progbits
 1819              		.align	2
 1820              		.type	cy_meta_custnvl, %object
 1821              		.size	cy_meta_custnvl, 4
 1822              	cy_meta_custnvl:
 1823 0000 00       		.byte	0
 1824 0001 00       		.byte	0
ARM GAS  C:\Users\Jacob\AppData\Local\Temp\cc3y4ilu.s 			page 33


 1825 0002 40       		.byte	64
 1826 0003 05       		.byte	5
 1827              		.section	.cymeta,"a",%progbits
 1828              		.align	2
 1829              		.type	cy_metadata, %object
 1830              		.size	cy_metadata, 12
 1831              	cy_metadata:
 1832 0000 00       		.byte	0
 1833 0001 01       		.byte	1
 1834 0002 2E       		.byte	46
 1835 0003 16       		.byte	22
 1836 0004 10       		.byte	16
 1837 0005 69       		.byte	105
 1838 0006 00       		.byte	0
 1839 0007 01       		.byte	1
 1840 0008 00       		.byte	0
 1841 0009 00       		.byte	0
 1842 000a 00       		.byte	0
 1843 000b 00       		.byte	0
 1844              		.section	.cyflashprotect,"a",%progbits
 1845              		.align	2
 1846              		.type	cy_meta_flashprotect, %object
 1847              		.size	cy_meta_flashprotect, 256
 1848              	cy_meta_flashprotect:
 1849 0000 00000000 		.space	256
 1849      00000000 
 1849      00000000 
 1849      00000000 
 1849      00000000 
 1850              		.text
 1851              	.Letext0:
 1852              		.file 1 "c:\\program files (x86)\\cypress\\psoc creator\\4.1\\psoc creator\\import\\gnu\\arm\\5.4.
 1853              		.file 2 "c:\\program files (x86)\\cypress\\psoc creator\\4.1\\psoc creator\\import\\gnu\\arm\\5.4.
 1854              		.file 3 "Generated_Source\\PSoC5\\cymetadata.c"
 1855              		.section	.debug_info,"",%progbits
 1856              	.Ldebug_info0:
 1857 0000 35010000 		.4byte	0x135
 1858 0004 0400     		.2byte	0x4
 1859 0006 00000000 		.4byte	.Ldebug_abbrev0
 1860 000a 04       		.byte	0x4
 1861 000b 01       		.uleb128 0x1
 1862 000c 24000000 		.4byte	.LASF17
 1863 0010 0C       		.byte	0xc
 1864 0011 BB010000 		.4byte	.LASF18
 1865 0015 5F010000 		.4byte	.LASF19
 1866 0019 00000000 		.4byte	.Ldebug_line0
 1867 001d 02       		.uleb128 0x2
 1868 001e 01       		.byte	0x1
 1869 001f 06       		.byte	0x6
 1870 0020 AF010000 		.4byte	.LASF0
 1871 0024 03       		.uleb128 0x3
 1872 0025 00000000 		.4byte	.LASF9
 1873 0029 01       		.byte	0x1
 1874 002a 1D       		.byte	0x1d
 1875 002b 2F000000 		.4byte	0x2f
 1876 002f 02       		.uleb128 0x2
 1877 0030 01       		.byte	0x1
ARM GAS  C:\Users\Jacob\AppData\Local\Temp\cc3y4ilu.s 			page 34


 1878 0031 08       		.byte	0x8
 1879 0032 16000000 		.4byte	.LASF1
 1880 0036 02       		.uleb128 0x2
 1881 0037 02       		.byte	0x2
 1882 0038 05       		.byte	0x5
 1883 0039 9C010000 		.4byte	.LASF2
 1884 003d 02       		.uleb128 0x2
 1885 003e 02       		.byte	0x2
 1886 003f 07       		.byte	0x7
 1887 0040 C4000000 		.4byte	.LASF3
 1888 0044 02       		.uleb128 0x2
 1889 0045 04       		.byte	0x4
 1890 0046 05       		.byte	0x5
 1891 0047 A6010000 		.4byte	.LASF4
 1892 004b 02       		.uleb128 0x2
 1893 004c 04       		.byte	0x4
 1894 004d 07       		.byte	0x7
 1895 004e B2000000 		.4byte	.LASF5
 1896 0052 02       		.uleb128 0x2
 1897 0053 08       		.byte	0x8
 1898 0054 05       		.byte	0x5
 1899 0055 51010000 		.4byte	.LASF6
 1900 0059 02       		.uleb128 0x2
 1901 005a 08       		.byte	0x8
 1902 005b 07       		.byte	0x7
 1903 005c 06010000 		.4byte	.LASF7
 1904 0060 04       		.uleb128 0x4
 1905 0061 04       		.byte	0x4
 1906 0062 05       		.byte	0x5
 1907 0063 696E7400 		.ascii	"int\000"
 1908 0067 02       		.uleb128 0x2
 1909 0068 04       		.byte	0x4
 1910 0069 07       		.byte	0x7
 1911 006a F9000000 		.4byte	.LASF8
 1912 006e 03       		.uleb128 0x3
 1913 006f 1D010000 		.4byte	.LASF10
 1914 0073 02       		.byte	0x2
 1915 0074 18       		.byte	0x18
 1916 0075 24000000 		.4byte	0x24
 1917 0079 05       		.uleb128 0x5
 1918 007a 91000000 		.4byte	0x91
 1919 007e 8A000000 		.4byte	0x8a
 1920 0082 06       		.uleb128 0x6
 1921 0083 8A000000 		.4byte	0x8a
 1922 0087 F306     		.2byte	0x6f3
 1923 0089 00       		.byte	0
 1924 008a 02       		.uleb128 0x2
 1925 008b 04       		.byte	0x4
 1926 008c 07       		.byte	0x7
 1927 008d 48010000 		.4byte	.LASF11
 1928 0091 07       		.uleb128 0x7
 1929 0092 6E000000 		.4byte	0x6e
 1930 0096 08       		.uleb128 0x8
 1931 0097 E7000000 		.4byte	.LASF12
 1932 009b 03       		.byte	0x3
 1933 009c 1F       		.byte	0x1f
 1934 009d A7000000 		.4byte	0xa7
ARM GAS  C:\Users\Jacob\AppData\Local\Temp\cc3y4ilu.s 			page 35


 1935 00a1 05       		.uleb128 0x5
 1936 00a2 03       		.byte	0x3
 1937 00a3 00000000 		.4byte	cy_meta_configecc
 1938 00a7 07       		.uleb128 0x7
 1939 00a8 79000000 		.4byte	0x79
 1940 00ac 05       		.uleb128 0x5
 1941 00ad 91000000 		.4byte	0x91
 1942 00b1 BC000000 		.4byte	0xbc
 1943 00b5 09       		.uleb128 0x9
 1944 00b6 8A000000 		.4byte	0x8a
 1945 00ba 03       		.byte	0x3
 1946 00bb 00       		.byte	0
 1947 00bc 0A       		.uleb128 0xa
 1948 00bd D7000000 		.4byte	.LASF13
 1949 00c1 03       		.byte	0x3
 1950 00c2 0B01     		.2byte	0x10b
 1951 00c4 CE000000 		.4byte	0xce
 1952 00c8 05       		.uleb128 0x5
 1953 00c9 03       		.byte	0x3
 1954 00ca 00000000 		.4byte	cy_meta_custnvl
 1955 00ce 07       		.uleb128 0x7
 1956 00cf AC000000 		.4byte	0xac
 1957 00d3 0A       		.uleb128 0xa
 1958 00d4 3A010000 		.4byte	.LASF14
 1959 00d8 03       		.byte	0x3
 1960 00d9 1901     		.2byte	0x119
 1961 00db E5000000 		.4byte	0xe5
 1962 00df 05       		.uleb128 0x5
 1963 00e0 03       		.byte	0x3
 1964 00e1 00000000 		.4byte	cy_meta_wonvl
 1965 00e5 07       		.uleb128 0x7
 1966 00e6 AC000000 		.4byte	0xac
 1967 00ea 05       		.uleb128 0x5
 1968 00eb 91000000 		.4byte	0x91
 1969 00ef FA000000 		.4byte	0xfa
 1970 00f3 09       		.uleb128 0x9
 1971 00f4 8A000000 		.4byte	0x8a
 1972 00f8 FF       		.byte	0xff
 1973 00f9 00       		.byte	0
 1974 00fa 0A       		.uleb128 0xa
 1975 00fb 25010000 		.4byte	.LASF15
 1976 00ff 03       		.byte	0x3
 1977 0100 2701     		.2byte	0x127
 1978 0102 0C010000 		.4byte	0x10c
 1979 0106 05       		.uleb128 0x5
 1980 0107 03       		.byte	0x3
 1981 0108 00000000 		.4byte	cy_meta_flashprotect
 1982 010c 07       		.uleb128 0x7
 1983 010d EA000000 		.4byte	0xea
 1984 0111 05       		.uleb128 0x5
 1985 0112 91000000 		.4byte	0x91
 1986 0116 21010000 		.4byte	0x121
 1987 011a 09       		.uleb128 0x9
 1988 011b 8A000000 		.4byte	0x8a
 1989 011f 0B       		.byte	0xb
 1990 0120 00       		.byte	0
 1991 0121 0A       		.uleb128 0xa
ARM GAS  C:\Users\Jacob\AppData\Local\Temp\cc3y4ilu.s 			page 36


 1992 0122 0A000000 		.4byte	.LASF16
 1993 0126 03       		.byte	0x3
 1994 0127 5401     		.2byte	0x154
 1995 0129 33010000 		.4byte	0x133
 1996 012d 05       		.uleb128 0x5
 1997 012e 03       		.byte	0x3
 1998 012f 00000000 		.4byte	cy_metadata
 1999 0133 07       		.uleb128 0x7
 2000 0134 11010000 		.4byte	0x111
 2001 0138 00       		.byte	0
 2002              		.section	.debug_abbrev,"",%progbits
 2003              	.Ldebug_abbrev0:
 2004 0000 01       		.uleb128 0x1
 2005 0001 11       		.uleb128 0x11
 2006 0002 01       		.byte	0x1
 2007 0003 25       		.uleb128 0x25
 2008 0004 0E       		.uleb128 0xe
 2009 0005 13       		.uleb128 0x13
 2010 0006 0B       		.uleb128 0xb
 2011 0007 03       		.uleb128 0x3
 2012 0008 0E       		.uleb128 0xe
 2013 0009 1B       		.uleb128 0x1b
 2014 000a 0E       		.uleb128 0xe
 2015 000b 10       		.uleb128 0x10
 2016 000c 17       		.uleb128 0x17
 2017 000d 00       		.byte	0
 2018 000e 00       		.byte	0
 2019 000f 02       		.uleb128 0x2
 2020 0010 24       		.uleb128 0x24
 2021 0011 00       		.byte	0
 2022 0012 0B       		.uleb128 0xb
 2023 0013 0B       		.uleb128 0xb
 2024 0014 3E       		.uleb128 0x3e
 2025 0015 0B       		.uleb128 0xb
 2026 0016 03       		.uleb128 0x3
 2027 0017 0E       		.uleb128 0xe
 2028 0018 00       		.byte	0
 2029 0019 00       		.byte	0
 2030 001a 03       		.uleb128 0x3
 2031 001b 16       		.uleb128 0x16
 2032 001c 00       		.byte	0
 2033 001d 03       		.uleb128 0x3
 2034 001e 0E       		.uleb128 0xe
 2035 001f 3A       		.uleb128 0x3a
 2036 0020 0B       		.uleb128 0xb
 2037 0021 3B       		.uleb128 0x3b
 2038 0022 0B       		.uleb128 0xb
 2039 0023 49       		.uleb128 0x49
 2040 0024 13       		.uleb128 0x13
 2041 0025 00       		.byte	0
 2042 0026 00       		.byte	0
 2043 0027 04       		.uleb128 0x4
 2044 0028 24       		.uleb128 0x24
 2045 0029 00       		.byte	0
 2046 002a 0B       		.uleb128 0xb
 2047 002b 0B       		.uleb128 0xb
 2048 002c 3E       		.uleb128 0x3e
ARM GAS  C:\Users\Jacob\AppData\Local\Temp\cc3y4ilu.s 			page 37


 2049 002d 0B       		.uleb128 0xb
 2050 002e 03       		.uleb128 0x3
 2051 002f 08       		.uleb128 0x8
 2052 0030 00       		.byte	0
 2053 0031 00       		.byte	0
 2054 0032 05       		.uleb128 0x5
 2055 0033 01       		.uleb128 0x1
 2056 0034 01       		.byte	0x1
 2057 0035 49       		.uleb128 0x49
 2058 0036 13       		.uleb128 0x13
 2059 0037 01       		.uleb128 0x1
 2060 0038 13       		.uleb128 0x13
 2061 0039 00       		.byte	0
 2062 003a 00       		.byte	0
 2063 003b 06       		.uleb128 0x6
 2064 003c 21       		.uleb128 0x21
 2065 003d 00       		.byte	0
 2066 003e 49       		.uleb128 0x49
 2067 003f 13       		.uleb128 0x13
 2068 0040 2F       		.uleb128 0x2f
 2069 0041 05       		.uleb128 0x5
 2070 0042 00       		.byte	0
 2071 0043 00       		.byte	0
 2072 0044 07       		.uleb128 0x7
 2073 0045 26       		.uleb128 0x26
 2074 0046 00       		.byte	0
 2075 0047 49       		.uleb128 0x49
 2076 0048 13       		.uleb128 0x13
 2077 0049 00       		.byte	0
 2078 004a 00       		.byte	0
 2079 004b 08       		.uleb128 0x8
 2080 004c 34       		.uleb128 0x34
 2081 004d 00       		.byte	0
 2082 004e 03       		.uleb128 0x3
 2083 004f 0E       		.uleb128 0xe
 2084 0050 3A       		.uleb128 0x3a
 2085 0051 0B       		.uleb128 0xb
 2086 0052 3B       		.uleb128 0x3b
 2087 0053 0B       		.uleb128 0xb
 2088 0054 49       		.uleb128 0x49
 2089 0055 13       		.uleb128 0x13
 2090 0056 3F       		.uleb128 0x3f
 2091 0057 19       		.uleb128 0x19
 2092 0058 02       		.uleb128 0x2
 2093 0059 18       		.uleb128 0x18
 2094 005a 00       		.byte	0
 2095 005b 00       		.byte	0
 2096 005c 09       		.uleb128 0x9
 2097 005d 21       		.uleb128 0x21
 2098 005e 00       		.byte	0
 2099 005f 49       		.uleb128 0x49
 2100 0060 13       		.uleb128 0x13
 2101 0061 2F       		.uleb128 0x2f
 2102 0062 0B       		.uleb128 0xb
 2103 0063 00       		.byte	0
 2104 0064 00       		.byte	0
 2105 0065 0A       		.uleb128 0xa
ARM GAS  C:\Users\Jacob\AppData\Local\Temp\cc3y4ilu.s 			page 38


 2106 0066 34       		.uleb128 0x34
 2107 0067 00       		.byte	0
 2108 0068 03       		.uleb128 0x3
 2109 0069 0E       		.uleb128 0xe
 2110 006a 3A       		.uleb128 0x3a
 2111 006b 0B       		.uleb128 0xb
 2112 006c 3B       		.uleb128 0x3b
 2113 006d 05       		.uleb128 0x5
 2114 006e 49       		.uleb128 0x49
 2115 006f 13       		.uleb128 0x13
 2116 0070 3F       		.uleb128 0x3f
 2117 0071 19       		.uleb128 0x19
 2118 0072 02       		.uleb128 0x2
 2119 0073 18       		.uleb128 0x18
 2120 0074 00       		.byte	0
 2121 0075 00       		.byte	0
 2122 0076 00       		.byte	0
 2123              		.section	.debug_aranges,"",%progbits
 2124 0000 14000000 		.4byte	0x14
 2125 0004 0200     		.2byte	0x2
 2126 0006 00000000 		.4byte	.Ldebug_info0
 2127 000a 04       		.byte	0x4
 2128 000b 00       		.byte	0
 2129 000c 0000     		.2byte	0
 2130 000e 0000     		.2byte	0
 2131 0010 00000000 		.4byte	0
 2132 0014 00000000 		.4byte	0
 2133              		.section	.debug_line,"",%progbits
 2134              	.Ldebug_line0:
 2135 0000 3D010000 		.section	.debug_str,"MS",%progbits,1
 2135      02003701 
 2135      00000201 
 2135      FB0E0D00 
 2135      01010101 
 2136              	.LASF9:
 2137 0000 5F5F7569 		.ascii	"__uint8_t\000"
 2137      6E74385F 
 2137      7400
 2138              	.LASF16:
 2139 000a 63795F6D 		.ascii	"cy_metadata\000"
 2139      65746164 
 2139      61746100 
 2140              	.LASF1:
 2141 0016 756E7369 		.ascii	"unsigned char\000"
 2141      676E6564 
 2141      20636861 
 2141      7200
 2142              	.LASF17:
 2143 0024 474E5520 		.ascii	"GNU C11 5.4.1 20160609 (release) [ARM/embedded-5-br"
 2143      43313120 
 2143      352E342E 
 2143      31203230 
 2143      31363036 
 2144 0057 616E6368 		.ascii	"anch revision 237715] -mcpu=cortex-m3 -mthumb -g -O"
 2144      20726576 
 2144      6973696F 
 2144      6E203233 
ARM GAS  C:\Users\Jacob\AppData\Local\Temp\cc3y4ilu.s 			page 39


 2144      37373135 
 2145 008a 67202D66 		.ascii	"g -ffunction-sections -ffat-lto-objects\000"
 2145      66756E63 
 2145      74696F6E 
 2145      2D736563 
 2145      74696F6E 
 2146              	.LASF5:
 2147 00b2 6C6F6E67 		.ascii	"long unsigned int\000"
 2147      20756E73 
 2147      69676E65 
 2147      6420696E 
 2147      7400
 2148              	.LASF3:
 2149 00c4 73686F72 		.ascii	"short unsigned int\000"
 2149      7420756E 
 2149      7369676E 
 2149      65642069 
 2149      6E7400
 2150              	.LASF13:
 2151 00d7 63795F6D 		.ascii	"cy_meta_custnvl\000"
 2151      6574615F 
 2151      63757374 
 2151      6E766C00 
 2152              	.LASF12:
 2153 00e7 63795F6D 		.ascii	"cy_meta_configecc\000"
 2153      6574615F 
 2153      636F6E66 
 2153      69676563 
 2153      6300
 2154              	.LASF8:
 2155 00f9 756E7369 		.ascii	"unsigned int\000"
 2155      676E6564 
 2155      20696E74 
 2155      00
 2156              	.LASF7:
 2157 0106 6C6F6E67 		.ascii	"long long unsigned int\000"
 2157      206C6F6E 
 2157      6720756E 
 2157      7369676E 
 2157      65642069 
 2158              	.LASF10:
 2159 011d 75696E74 		.ascii	"uint8_t\000"
 2159      385F7400 
 2160              	.LASF15:
 2161 0125 63795F6D 		.ascii	"cy_meta_flashprotect\000"
 2161      6574615F 
 2161      666C6173 
 2161      6870726F 
 2161      74656374 
 2162              	.LASF14:
 2163 013a 63795F6D 		.ascii	"cy_meta_wonvl\000"
 2163      6574615F 
 2163      776F6E76 
 2163      6C00
 2164              	.LASF11:
 2165 0148 73697A65 		.ascii	"sizetype\000"
 2165      74797065 
ARM GAS  C:\Users\Jacob\AppData\Local\Temp\cc3y4ilu.s 			page 40


 2165      00
 2166              	.LASF6:
 2167 0151 6C6F6E67 		.ascii	"long long int\000"
 2167      206C6F6E 
 2167      6720696E 
 2167      7400
 2168              	.LASF19:
 2169 015f 433A5C55 		.ascii	"C:\\Users\\Jacob\\Documents\\Junior\\EGR 455\\EGR45"
 2169      73657273 
 2169      5C4A6163 
 2169      6F625C44 
 2169      6F63756D 
 2170 018c 355C5365 		.ascii	"5\\Sensors.cydsn\000"
 2170      6E736F72 
 2170      732E6379 
 2170      64736E00 
 2171              	.LASF2:
 2172 019c 73686F72 		.ascii	"short int\000"
 2172      7420696E 
 2172      7400
 2173              	.LASF4:
 2174 01a6 6C6F6E67 		.ascii	"long int\000"
 2174      20696E74 
 2174      00
 2175              	.LASF0:
 2176 01af 7369676E 		.ascii	"signed char\000"
 2176      65642063 
 2176      68617200 
 2177              	.LASF18:
 2178 01bb 47656E65 		.ascii	"Generated_Source\\PSoC5\\cymetadata.c\000"
 2178      72617465 
 2178      645F536F 
 2178      75726365 
 2178      5C50536F 
 2179              		.ident	"GCC: (GNU Tools for ARM Embedded Processors) 5.4.1 20160609 (release) [ARM/embedded-5-bran
