ARM GAS  C:\Users\Jacob\AppData\Local\Temp\ccCVPimG.s 			page 1


   1              		.syntax unified
   2              		.cpu cortex-m3
   3              		.fpu softvfp
   4              		.eabi_attribute 20, 1
   5              		.eabi_attribute 21, 1
   6              		.eabi_attribute 23, 3
   7              		.eabi_attribute 24, 1
   8              		.eabi_attribute 25, 1
   9              		.eabi_attribute 26, 1
  10              		.eabi_attribute 30, 1
  11              		.eabi_attribute 34, 1
  12              		.eabi_attribute 18, 4
  13              		.thumb
  14              		.syntax unified
  15              		.file	"main.c"
  16              		.text
  17              	.Ltext0:
  18              		.cfi_sections	.debug_frame
  19              		.section	.text.main,"ax",%progbits
  20              		.align	2
  21              		.global	main
  22              		.thumb
  23              		.thumb_func
  24              		.type	main, %function
  25              	main:
  26              	.LFB63:
  27              		.file 1 "main.c"
   1:main.c        **** /* ========================================
   2:main.c        ****  *
   3:main.c        ****  * Copyright YOUR COMPANY, THE YEAR
   4:main.c        ****  * All Rights Reserved
   5:main.c        ****  * UNPUBLISHED, LICENSED SOFTWARE.
   6:main.c        ****  *
   7:main.c        ****  * CONFIDENTIAL AND PROPRIETARY INFORMATION
   8:main.c        ****  * WHICH IS THE PROPERTY OF your company.
   9:main.c        ****  *
  10:main.c        ****  * ========================================
  11:main.c        **** */
  12:main.c        **** #include "project.h"
  13:main.c        **** 
  14:main.c        **** int main(void)
  15:main.c        **** {
  28              		.loc 1 15 0
  29              		.cfi_startproc
  30              		@ args = 0, pretend = 0, frame = 0
  31              		@ frame_needed = 0, uses_anonymous_args = 0
  32 0000 10B5     		push	{r4, lr}
  33              		.cfi_def_cfa_offset 8
  34              		.cfi_offset 4, -8
  35              		.cfi_offset 14, -4
  16:main.c        ****     signed int count;
  17:main.c        **** 
  18:main.c        ****     enc_Start();
  36              		.loc 1 18 0
  37 0002 FFF7FEFF 		bl	enc_Start
  38              	.LVL0:
  19:main.c        ****     lcd_Start();
ARM GAS  C:\Users\Jacob\AppData\Local\Temp\ccCVPimG.s 			page 2


  39              		.loc 1 19 0
  40 0006 FFF7FEFF 		bl	lcd_Start
  41              	.LVL1:
  42              	.L4:
  20:main.c        **** 
  21:main.c        ****     for(;;)
  22:main.c        ****     {
  23:main.c        ****         count = enc_GetCounter();
  43              		.loc 1 23 0
  44 000a FFF7FEFF 		bl	enc_GetCounter
  45              	.LVL2:
  46 000e 0446     		mov	r4, r0
  47              	.LVL3:
  24:main.c        ****         lcd_ClearDisplay();
  48              		.loc 1 24 0
  49 0010 0120     		movs	r0, #1
  50              	.LVL4:
  51 0012 FFF7FEFF 		bl	lcd_WriteControl
  52              	.LVL5:
  25:main.c        ****         lcd_Position(1,0);
  53              		.loc 1 25 0
  54 0016 0021     		movs	r1, #0
  55 0018 0120     		movs	r0, #1
  56 001a FFF7FEFF 		bl	lcd_Position
  57              	.LVL6:
  26:main.c        ****         lcd_PrintNumber(count);
  58              		.loc 1 26 0
  59 001e A0B2     		uxth	r0, r4
  60 0020 FFF7FEFF 		bl	lcd_PrintU32Number
  61              	.LVL7:
  27:main.c        ****             
  28:main.c        ****         if(switch1_Read()){
  62              		.loc 1 28 0
  63 0024 FFF7FEFF 		bl	switch1_Read
  64              	.LVL8:
  65 0028 38B1     		cbz	r0, .L2
  29:main.c        ****             lcd_Position(0,0);
  66              		.loc 1 29 0
  67 002a 0021     		movs	r1, #0
  68 002c 0846     		mov	r0, r1
  69 002e FFF7FEFF 		bl	lcd_Position
  70              	.LVL9:
  30:main.c        ****             lcd_PrintString("ON");
  71              		.loc 1 30 0
  72 0032 0748     		ldr	r0, .L6
  73 0034 FFF7FEFF 		bl	lcd_PrintString
  74              	.LVL10:
  75 0038 06E0     		b	.L3
  76              	.L2:
  31:main.c        ****         }
  32:main.c        ****         else{
  33:main.c        ****             lcd_Position(0,0);
  77              		.loc 1 33 0
  78 003a 0021     		movs	r1, #0
  79 003c 0846     		mov	r0, r1
  80 003e FFF7FEFF 		bl	lcd_Position
  81              	.LVL11:
ARM GAS  C:\Users\Jacob\AppData\Local\Temp\ccCVPimG.s 			page 3


  34:main.c        ****             lcd_PrintString("off");
  82              		.loc 1 34 0
  83 0042 0448     		ldr	r0, .L6+4
  84 0044 FFF7FEFF 		bl	lcd_PrintString
  85              	.LVL12:
  86              	.L3:
  35:main.c        ****         }
  36:main.c        ****         CyDelay(50);
  87              		.loc 1 36 0
  88 0048 3220     		movs	r0, #50
  89 004a FFF7FEFF 		bl	CyDelay
  90              	.LVL13:
  37:main.c        ****     }
  91              		.loc 1 37 0
  92 004e DCE7     		b	.L4
  93              	.L7:
  94              		.align	2
  95              	.L6:
  96 0050 00000000 		.word	.LC0
  97 0054 04000000 		.word	.LC1
  98              		.cfi_endproc
  99              	.LFE63:
 100              		.size	main, .-main
 101              		.section	.rodata.str1.4,"aMS",%progbits,1
 102              		.align	2
 103              	.LC0:
 104 0000 4F4E00   		.ascii	"ON\000"
 105 0003 00       		.space	1
 106              	.LC1:
 107 0004 6F666600 		.ascii	"off\000"
 108              		.text
 109              	.Letext0:
 110              		.file 2 "c:\\program files (x86)\\cypress\\psoc creator\\4.1\\psoc creator\\import\\gnu\\arm\\5.4.
 111              		.file 3 "c:\\program files (x86)\\cypress\\psoc creator\\4.1\\psoc creator\\import\\gnu\\arm\\5.4.
 112              		.file 4 "Generated_Source\\PSoC5/cytypes.h"
 113              		.file 5 "Generated_Source\\PSoC5/enc.h"
 114              		.file 6 "Generated_Source\\PSoC5/lcd.h"
 115              		.file 7 "Generated_Source\\PSoC5/switch1.h"
 116              		.file 8 "Generated_Source\\PSoC5/CyLib.h"
 117              		.file 9 "Generated_Source\\PSoC5/core_cm3.h"
 118              		.section	.debug_info,"",%progbits
 119              	.Ldebug_info0:
 120 0000 1F020000 		.4byte	0x21f
 121 0004 0400     		.2byte	0x4
 122 0006 00000000 		.4byte	.Ldebug_abbrev0
 123 000a 04       		.byte	0x4
 124 000b 01       		.uleb128 0x1
 125 000c 1E000000 		.4byte	.LASF26
 126 0010 0C       		.byte	0xc
 127 0011 72010000 		.4byte	.LASF27
 128 0015 84010000 		.4byte	.LASF28
 129 0019 00000000 		.4byte	.Ldebug_ranges0+0
 130 001d 00000000 		.4byte	0
 131 0021 00000000 		.4byte	.Ldebug_line0
 132 0025 02       		.uleb128 0x2
 133 0026 01       		.byte	0x1
 134 0027 06       		.byte	0x6
ARM GAS  C:\Users\Jacob\AppData\Local\Temp\ccCVPimG.s 			page 4


 135 0028 04020000 		.4byte	.LASF0
 136 002c 02       		.uleb128 0x2
 137 002d 01       		.byte	0x1
 138 002e 08       		.byte	0x8
 139 002f 10000000 		.4byte	.LASF1
 140 0033 02       		.uleb128 0x2
 141 0034 02       		.byte	0x2
 142 0035 05       		.byte	0x5
 143 0036 C1010000 		.4byte	.LASF2
 144 003a 02       		.uleb128 0x2
 145 003b 02       		.byte	0x2
 146 003c 07       		.byte	0x7
 147 003d C8000000 		.4byte	.LASF3
 148 0041 03       		.uleb128 0x3
 149 0042 00000000 		.4byte	.LASF9
 150 0046 02       		.byte	0x2
 151 0047 3F       		.byte	0x3f
 152 0048 4C000000 		.4byte	0x4c
 153 004c 02       		.uleb128 0x2
 154 004d 04       		.byte	0x4
 155 004e 05       		.byte	0x5
 156 004f DE010000 		.4byte	.LASF4
 157 0053 02       		.uleb128 0x2
 158 0054 04       		.byte	0x4
 159 0055 07       		.byte	0x7
 160 0056 B6000000 		.4byte	.LASF5
 161 005a 02       		.uleb128 0x2
 162 005b 08       		.byte	0x8
 163 005c 05       		.byte	0x5
 164 005d 64010000 		.4byte	.LASF6
 165 0061 02       		.uleb128 0x2
 166 0062 08       		.byte	0x8
 167 0063 07       		.byte	0x7
 168 0064 3C010000 		.4byte	.LASF7
 169 0068 04       		.uleb128 0x4
 170 0069 04       		.byte	0x4
 171 006a 05       		.byte	0x5
 172 006b 696E7400 		.ascii	"int\000"
 173 006f 02       		.uleb128 0x2
 174 0070 04       		.byte	0x4
 175 0071 07       		.byte	0x7
 176 0072 2F010000 		.4byte	.LASF8
 177 0076 03       		.uleb128 0x3
 178 0077 53010000 		.4byte	.LASF10
 179 007b 03       		.byte	0x3
 180 007c 2C       		.byte	0x2c
 181 007d 41000000 		.4byte	0x41
 182 0081 05       		.uleb128 0x5
 183 0082 09010000 		.4byte	.LASF11
 184 0086 04       		.byte	0x4
 185 0087 9301     		.2byte	0x193
 186 0089 3A000000 		.4byte	0x3a
 187 008d 02       		.uleb128 0x2
 188 008e 04       		.byte	0x4
 189 008f 04       		.byte	0x4
 190 0090 0A000000 		.4byte	.LASF12
 191 0094 02       		.uleb128 0x2
ARM GAS  C:\Users\Jacob\AppData\Local\Temp\ccCVPimG.s 			page 5


 192 0095 08       		.byte	0x8
 193 0096 04       		.byte	0x4
 194 0097 F5000000 		.4byte	.LASF13
 195 009b 02       		.uleb128 0x2
 196 009c 01       		.byte	0x1
 197 009d 08       		.byte	0x8
 198 009e 79010000 		.4byte	.LASF14
 199 00a2 02       		.uleb128 0x2
 200 00a3 08       		.byte	0x8
 201 00a4 04       		.byte	0x4
 202 00a5 F8010000 		.4byte	.LASF15
 203 00a9 02       		.uleb128 0x2
 204 00aa 04       		.byte	0x4
 205 00ab 07       		.byte	0x7
 206 00ac 5B010000 		.4byte	.LASF16
 207 00b0 06       		.uleb128 0x6
 208 00b1 1A010000 		.4byte	.LASF29
 209 00b5 01       		.byte	0x1
 210 00b6 0E       		.byte	0xe
 211 00b7 68000000 		.4byte	0x68
 212 00bb 00000000 		.4byte	.LFB63
 213 00bf 58000000 		.4byte	.LFE63-.LFB63
 214 00c3 01       		.uleb128 0x1
 215 00c4 9C       		.byte	0x9c
 216 00c5 AE010000 		.4byte	0x1ae
 217 00c9 07       		.uleb128 0x7
 218 00ca 7E010000 		.4byte	.LASF30
 219 00ce 01       		.byte	0x1
 220 00cf 10       		.byte	0x10
 221 00d0 68000000 		.4byte	0x68
 222 00d4 00000000 		.4byte	.LLST0
 223 00d8 08       		.uleb128 0x8
 224 00d9 06000000 		.4byte	.LVL0
 225 00dd BF010000 		.4byte	0x1bf
 226 00e1 08       		.uleb128 0x8
 227 00e2 0A000000 		.4byte	.LVL1
 228 00e6 CA010000 		.4byte	0x1ca
 229 00ea 08       		.uleb128 0x8
 230 00eb 0E000000 		.4byte	.LVL2
 231 00ef D5010000 		.4byte	0x1d5
 232 00f3 09       		.uleb128 0x9
 233 00f4 16000000 		.4byte	.LVL5
 234 00f8 E0010000 		.4byte	0x1e0
 235 00fc 06010000 		.4byte	0x106
 236 0100 0A       		.uleb128 0xa
 237 0101 01       		.uleb128 0x1
 238 0102 50       		.byte	0x50
 239 0103 01       		.uleb128 0x1
 240 0104 31       		.byte	0x31
 241 0105 00       		.byte	0
 242 0106 09       		.uleb128 0x9
 243 0107 1E000000 		.4byte	.LVL6
 244 010b EB010000 		.4byte	0x1eb
 245 010f 1E010000 		.4byte	0x11e
 246 0113 0A       		.uleb128 0xa
 247 0114 01       		.uleb128 0x1
 248 0115 50       		.byte	0x50
ARM GAS  C:\Users\Jacob\AppData\Local\Temp\ccCVPimG.s 			page 6


 249 0116 01       		.uleb128 0x1
 250 0117 31       		.byte	0x31
 251 0118 0A       		.uleb128 0xa
 252 0119 01       		.uleb128 0x1
 253 011a 51       		.byte	0x51
 254 011b 01       		.uleb128 0x1
 255 011c 30       		.byte	0x30
 256 011d 00       		.byte	0
 257 011e 09       		.uleb128 0x9
 258 011f 24000000 		.4byte	.LVL7
 259 0123 F6010000 		.4byte	0x1f6
 260 0127 36010000 		.4byte	0x136
 261 012b 0A       		.uleb128 0xa
 262 012c 01       		.uleb128 0x1
 263 012d 50       		.byte	0x50
 264 012e 06       		.uleb128 0x6
 265 012f 74       		.byte	0x74
 266 0130 00       		.sleb128 0
 267 0131 0A       		.byte	0xa
 268 0132 FFFF     		.2byte	0xffff
 269 0134 1A       		.byte	0x1a
 270 0135 00       		.byte	0
 271 0136 08       		.uleb128 0x8
 272 0137 28000000 		.4byte	.LVL8
 273 013b 01020000 		.4byte	0x201
 274 013f 09       		.uleb128 0x9
 275 0140 32000000 		.4byte	.LVL9
 276 0144 EB010000 		.4byte	0x1eb
 277 0148 57010000 		.4byte	0x157
 278 014c 0A       		.uleb128 0xa
 279 014d 01       		.uleb128 0x1
 280 014e 50       		.byte	0x50
 281 014f 01       		.uleb128 0x1
 282 0150 30       		.byte	0x30
 283 0151 0A       		.uleb128 0xa
 284 0152 01       		.uleb128 0x1
 285 0153 51       		.byte	0x51
 286 0154 01       		.uleb128 0x1
 287 0155 30       		.byte	0x30
 288 0156 00       		.byte	0
 289 0157 09       		.uleb128 0x9
 290 0158 38000000 		.4byte	.LVL10
 291 015c 0C020000 		.4byte	0x20c
 292 0160 6E010000 		.4byte	0x16e
 293 0164 0A       		.uleb128 0xa
 294 0165 01       		.uleb128 0x1
 295 0166 50       		.byte	0x50
 296 0167 05       		.uleb128 0x5
 297 0168 03       		.byte	0x3
 298 0169 00000000 		.4byte	.LC0
 299 016d 00       		.byte	0
 300 016e 09       		.uleb128 0x9
 301 016f 42000000 		.4byte	.LVL11
 302 0173 EB010000 		.4byte	0x1eb
 303 0177 86010000 		.4byte	0x186
 304 017b 0A       		.uleb128 0xa
 305 017c 01       		.uleb128 0x1
ARM GAS  C:\Users\Jacob\AppData\Local\Temp\ccCVPimG.s 			page 7


 306 017d 50       		.byte	0x50
 307 017e 01       		.uleb128 0x1
 308 017f 30       		.byte	0x30
 309 0180 0A       		.uleb128 0xa
 310 0181 01       		.uleb128 0x1
 311 0182 51       		.byte	0x51
 312 0183 01       		.uleb128 0x1
 313 0184 30       		.byte	0x30
 314 0185 00       		.byte	0
 315 0186 09       		.uleb128 0x9
 316 0187 48000000 		.4byte	.LVL12
 317 018b 0C020000 		.4byte	0x20c
 318 018f 9D010000 		.4byte	0x19d
 319 0193 0A       		.uleb128 0xa
 320 0194 01       		.uleb128 0x1
 321 0195 50       		.byte	0x50
 322 0196 05       		.uleb128 0x5
 323 0197 03       		.byte	0x3
 324 0198 04000000 		.4byte	.LC1
 325 019c 00       		.byte	0
 326 019d 0B       		.uleb128 0xb
 327 019e 4E000000 		.4byte	.LVL13
 328 01a2 17020000 		.4byte	0x217
 329 01a6 0A       		.uleb128 0xa
 330 01a7 01       		.uleb128 0x1
 331 01a8 50       		.byte	0x50
 332 01a9 02       		.uleb128 0x2
 333 01aa 08       		.byte	0x8
 334 01ab 32       		.byte	0x32
 335 01ac 00       		.byte	0
 336 01ad 00       		.byte	0
 337 01ae 0C       		.uleb128 0xc
 338 01af DB000000 		.4byte	.LASF31
 339 01b3 09       		.byte	0x9
 340 01b4 1207     		.2byte	0x712
 341 01b6 BA010000 		.4byte	0x1ba
 342 01ba 0D       		.uleb128 0xd
 343 01bb 76000000 		.4byte	0x76
 344 01bf 0E       		.uleb128 0xe
 345 01c0 10010000 		.4byte	.LASF17
 346 01c4 10010000 		.4byte	.LASF17
 347 01c8 05       		.byte	0x5
 348 01c9 48       		.byte	0x48
 349 01ca 0E       		.uleb128 0xe
 350 01cb AC000000 		.4byte	.LASF18
 351 01cf AC000000 		.4byte	.LASF18
 352 01d3 06       		.byte	0x6
 353 01d4 38       		.byte	0x38
 354 01d5 0E       		.uleb128 0xe
 355 01d6 10020000 		.4byte	.LASF19
 356 01da 10020000 		.4byte	.LASF19
 357 01de 05       		.byte	0x5
 358 01df 4E       		.byte	0x4e
 359 01e0 0E       		.uleb128 0xe
 360 01e1 E7010000 		.4byte	.LASF20
 361 01e5 E7010000 		.4byte	.LASF20
 362 01e9 06       		.byte	0x6
ARM GAS  C:\Users\Jacob\AppData\Local\Temp\ccCVPimG.s 			page 8


 363 01ea 3A       		.byte	0x3a
 364 01eb 0E       		.uleb128 0xe
 365 01ec FC000000 		.4byte	.LASF21
 366 01f0 FC000000 		.4byte	.LASF21
 367 01f4 06       		.byte	0x6
 368 01f5 3D       		.byte	0x3d
 369 01f6 0E       		.uleb128 0xe
 370 01f7 CB010000 		.4byte	.LASF22
 371 01fb CB010000 		.4byte	.LASF22
 372 01ff 06       		.byte	0x6
 373 0200 61       		.byte	0x61
 374 0201 0E       		.uleb128 0xe
 375 0202 E8000000 		.4byte	.LASF23
 376 0206 E8000000 		.4byte	.LASF23
 377 020a 07       		.byte	0x7
 378 020b 29       		.byte	0x29
 379 020c 0E       		.uleb128 0xe
 380 020d 1F010000 		.4byte	.LASF24
 381 0211 1F010000 		.4byte	.LASF24
 382 0215 06       		.byte	0x6
 383 0216 3C       		.byte	0x3c
 384 0217 0E       		.uleb128 0xe
 385 0218 1F020000 		.4byte	.LASF25
 386 021c 1F020000 		.4byte	.LASF25
 387 0220 08       		.byte	0x8
 388 0221 76       		.byte	0x76
 389 0222 00       		.byte	0
 390              		.section	.debug_abbrev,"",%progbits
 391              	.Ldebug_abbrev0:
 392 0000 01       		.uleb128 0x1
 393 0001 11       		.uleb128 0x11
 394 0002 01       		.byte	0x1
 395 0003 25       		.uleb128 0x25
 396 0004 0E       		.uleb128 0xe
 397 0005 13       		.uleb128 0x13
 398 0006 0B       		.uleb128 0xb
 399 0007 03       		.uleb128 0x3
 400 0008 0E       		.uleb128 0xe
 401 0009 1B       		.uleb128 0x1b
 402 000a 0E       		.uleb128 0xe
 403 000b 55       		.uleb128 0x55
 404 000c 17       		.uleb128 0x17
 405 000d 11       		.uleb128 0x11
 406 000e 01       		.uleb128 0x1
 407 000f 10       		.uleb128 0x10
 408 0010 17       		.uleb128 0x17
 409 0011 00       		.byte	0
 410 0012 00       		.byte	0
 411 0013 02       		.uleb128 0x2
 412 0014 24       		.uleb128 0x24
 413 0015 00       		.byte	0
 414 0016 0B       		.uleb128 0xb
 415 0017 0B       		.uleb128 0xb
 416 0018 3E       		.uleb128 0x3e
 417 0019 0B       		.uleb128 0xb
 418 001a 03       		.uleb128 0x3
 419 001b 0E       		.uleb128 0xe
ARM GAS  C:\Users\Jacob\AppData\Local\Temp\ccCVPimG.s 			page 9


 420 001c 00       		.byte	0
 421 001d 00       		.byte	0
 422 001e 03       		.uleb128 0x3
 423 001f 16       		.uleb128 0x16
 424 0020 00       		.byte	0
 425 0021 03       		.uleb128 0x3
 426 0022 0E       		.uleb128 0xe
 427 0023 3A       		.uleb128 0x3a
 428 0024 0B       		.uleb128 0xb
 429 0025 3B       		.uleb128 0x3b
 430 0026 0B       		.uleb128 0xb
 431 0027 49       		.uleb128 0x49
 432 0028 13       		.uleb128 0x13
 433 0029 00       		.byte	0
 434 002a 00       		.byte	0
 435 002b 04       		.uleb128 0x4
 436 002c 24       		.uleb128 0x24
 437 002d 00       		.byte	0
 438 002e 0B       		.uleb128 0xb
 439 002f 0B       		.uleb128 0xb
 440 0030 3E       		.uleb128 0x3e
 441 0031 0B       		.uleb128 0xb
 442 0032 03       		.uleb128 0x3
 443 0033 08       		.uleb128 0x8
 444 0034 00       		.byte	0
 445 0035 00       		.byte	0
 446 0036 05       		.uleb128 0x5
 447 0037 16       		.uleb128 0x16
 448 0038 00       		.byte	0
 449 0039 03       		.uleb128 0x3
 450 003a 0E       		.uleb128 0xe
 451 003b 3A       		.uleb128 0x3a
 452 003c 0B       		.uleb128 0xb
 453 003d 3B       		.uleb128 0x3b
 454 003e 05       		.uleb128 0x5
 455 003f 49       		.uleb128 0x49
 456 0040 13       		.uleb128 0x13
 457 0041 00       		.byte	0
 458 0042 00       		.byte	0
 459 0043 06       		.uleb128 0x6
 460 0044 2E       		.uleb128 0x2e
 461 0045 01       		.byte	0x1
 462 0046 3F       		.uleb128 0x3f
 463 0047 19       		.uleb128 0x19
 464 0048 03       		.uleb128 0x3
 465 0049 0E       		.uleb128 0xe
 466 004a 3A       		.uleb128 0x3a
 467 004b 0B       		.uleb128 0xb
 468 004c 3B       		.uleb128 0x3b
 469 004d 0B       		.uleb128 0xb
 470 004e 27       		.uleb128 0x27
 471 004f 19       		.uleb128 0x19
 472 0050 49       		.uleb128 0x49
 473 0051 13       		.uleb128 0x13
 474 0052 8701     		.uleb128 0x87
 475 0054 19       		.uleb128 0x19
 476 0055 11       		.uleb128 0x11
ARM GAS  C:\Users\Jacob\AppData\Local\Temp\ccCVPimG.s 			page 10


 477 0056 01       		.uleb128 0x1
 478 0057 12       		.uleb128 0x12
 479 0058 06       		.uleb128 0x6
 480 0059 40       		.uleb128 0x40
 481 005a 18       		.uleb128 0x18
 482 005b 9742     		.uleb128 0x2117
 483 005d 19       		.uleb128 0x19
 484 005e 01       		.uleb128 0x1
 485 005f 13       		.uleb128 0x13
 486 0060 00       		.byte	0
 487 0061 00       		.byte	0
 488 0062 07       		.uleb128 0x7
 489 0063 34       		.uleb128 0x34
 490 0064 00       		.byte	0
 491 0065 03       		.uleb128 0x3
 492 0066 0E       		.uleb128 0xe
 493 0067 3A       		.uleb128 0x3a
 494 0068 0B       		.uleb128 0xb
 495 0069 3B       		.uleb128 0x3b
 496 006a 0B       		.uleb128 0xb
 497 006b 49       		.uleb128 0x49
 498 006c 13       		.uleb128 0x13
 499 006d 02       		.uleb128 0x2
 500 006e 17       		.uleb128 0x17
 501 006f 00       		.byte	0
 502 0070 00       		.byte	0
 503 0071 08       		.uleb128 0x8
 504 0072 898201   		.uleb128 0x4109
 505 0075 00       		.byte	0
 506 0076 11       		.uleb128 0x11
 507 0077 01       		.uleb128 0x1
 508 0078 31       		.uleb128 0x31
 509 0079 13       		.uleb128 0x13
 510 007a 00       		.byte	0
 511 007b 00       		.byte	0
 512 007c 09       		.uleb128 0x9
 513 007d 898201   		.uleb128 0x4109
 514 0080 01       		.byte	0x1
 515 0081 11       		.uleb128 0x11
 516 0082 01       		.uleb128 0x1
 517 0083 31       		.uleb128 0x31
 518 0084 13       		.uleb128 0x13
 519 0085 01       		.uleb128 0x1
 520 0086 13       		.uleb128 0x13
 521 0087 00       		.byte	0
 522 0088 00       		.byte	0
 523 0089 0A       		.uleb128 0xa
 524 008a 8A8201   		.uleb128 0x410a
 525 008d 00       		.byte	0
 526 008e 02       		.uleb128 0x2
 527 008f 18       		.uleb128 0x18
 528 0090 9142     		.uleb128 0x2111
 529 0092 18       		.uleb128 0x18
 530 0093 00       		.byte	0
 531 0094 00       		.byte	0
 532 0095 0B       		.uleb128 0xb
 533 0096 898201   		.uleb128 0x4109
ARM GAS  C:\Users\Jacob\AppData\Local\Temp\ccCVPimG.s 			page 11


 534 0099 01       		.byte	0x1
 535 009a 11       		.uleb128 0x11
 536 009b 01       		.uleb128 0x1
 537 009c 31       		.uleb128 0x31
 538 009d 13       		.uleb128 0x13
 539 009e 00       		.byte	0
 540 009f 00       		.byte	0
 541 00a0 0C       		.uleb128 0xc
 542 00a1 34       		.uleb128 0x34
 543 00a2 00       		.byte	0
 544 00a3 03       		.uleb128 0x3
 545 00a4 0E       		.uleb128 0xe
 546 00a5 3A       		.uleb128 0x3a
 547 00a6 0B       		.uleb128 0xb
 548 00a7 3B       		.uleb128 0x3b
 549 00a8 05       		.uleb128 0x5
 550 00a9 49       		.uleb128 0x49
 551 00aa 13       		.uleb128 0x13
 552 00ab 3F       		.uleb128 0x3f
 553 00ac 19       		.uleb128 0x19
 554 00ad 3C       		.uleb128 0x3c
 555 00ae 19       		.uleb128 0x19
 556 00af 00       		.byte	0
 557 00b0 00       		.byte	0
 558 00b1 0D       		.uleb128 0xd
 559 00b2 35       		.uleb128 0x35
 560 00b3 00       		.byte	0
 561 00b4 49       		.uleb128 0x49
 562 00b5 13       		.uleb128 0x13
 563 00b6 00       		.byte	0
 564 00b7 00       		.byte	0
 565 00b8 0E       		.uleb128 0xe
 566 00b9 2E       		.uleb128 0x2e
 567 00ba 00       		.byte	0
 568 00bb 3F       		.uleb128 0x3f
 569 00bc 19       		.uleb128 0x19
 570 00bd 3C       		.uleb128 0x3c
 571 00be 19       		.uleb128 0x19
 572 00bf 6E       		.uleb128 0x6e
 573 00c0 0E       		.uleb128 0xe
 574 00c1 03       		.uleb128 0x3
 575 00c2 0E       		.uleb128 0xe
 576 00c3 3A       		.uleb128 0x3a
 577 00c4 0B       		.uleb128 0xb
 578 00c5 3B       		.uleb128 0x3b
 579 00c6 0B       		.uleb128 0xb
 580 00c7 00       		.byte	0
 581 00c8 00       		.byte	0
 582 00c9 00       		.byte	0
 583              		.section	.debug_loc,"",%progbits
 584              	.Ldebug_loc0:
 585              	.LLST0:
 586 0000 10000000 		.4byte	.LVL3
 587 0004 12000000 		.4byte	.LVL4
 588 0008 0100     		.2byte	0x1
 589 000a 50       		.byte	0x50
 590 000b 12000000 		.4byte	.LVL4
ARM GAS  C:\Users\Jacob\AppData\Local\Temp\ccCVPimG.s 			page 12


 591 000f 58000000 		.4byte	.LFE63
 592 0013 0100     		.2byte	0x1
 593 0015 54       		.byte	0x54
 594 0016 00000000 		.4byte	0
 595 001a 00000000 		.4byte	0
 596              		.section	.debug_aranges,"",%progbits
 597 0000 1C000000 		.4byte	0x1c
 598 0004 0200     		.2byte	0x2
 599 0006 00000000 		.4byte	.Ldebug_info0
 600 000a 04       		.byte	0x4
 601 000b 00       		.byte	0
 602 000c 0000     		.2byte	0
 603 000e 0000     		.2byte	0
 604 0010 00000000 		.4byte	.LFB63
 605 0014 58000000 		.4byte	.LFE63-.LFB63
 606 0018 00000000 		.4byte	0
 607 001c 00000000 		.4byte	0
 608              		.section	.debug_ranges,"",%progbits
 609              	.Ldebug_ranges0:
 610 0000 00000000 		.4byte	.LFB63
 611 0004 58000000 		.4byte	.LFE63
 612 0008 00000000 		.4byte	0
 613 000c 00000000 		.4byte	0
 614              		.section	.debug_line,"",%progbits
 615              	.Ldebug_line0:
 616 0000 98010000 		.section	.debug_str,"MS",%progbits,1
 616      02007601 
 616      00000201 
 616      FB0E0D00 
 616      01010101 
 617              	.LASF9:
 618 0000 5F5F696E 		.ascii	"__int32_t\000"
 618      7433325F 
 618      7400
 619              	.LASF12:
 620 000a 666C6F61 		.ascii	"float\000"
 620      7400
 621              	.LASF1:
 622 0010 756E7369 		.ascii	"unsigned char\000"
 622      676E6564 
 622      20636861 
 622      7200
 623              	.LASF26:
 624 001e 474E5520 		.ascii	"GNU C11 5.4.1 20160609 (release) [ARM/embedded-5-br"
 624      43313120 
 624      352E342E 
 624      31203230 
 624      31363036 
 625 0051 616E6368 		.ascii	"anch revision 237715] -mcpu=cortex-m3 -mthumb -g -O"
 625      20726576 
 625      6973696F 
 625      6E203233 
 625      37373135 
 626 0084 67202D66 		.ascii	"g -ffunction-sections -ffat-lto-objects\000"
 626      66756E63 
 626      74696F6E 
 626      2D736563 
ARM GAS  C:\Users\Jacob\AppData\Local\Temp\ccCVPimG.s 			page 13


 626      74696F6E 
 627              	.LASF18:
 628 00ac 6C63645F 		.ascii	"lcd_Start\000"
 628      53746172 
 628      7400
 629              	.LASF5:
 630 00b6 6C6F6E67 		.ascii	"long unsigned int\000"
 630      20756E73 
 630      69676E65 
 630      6420696E 
 630      7400
 631              	.LASF3:
 632 00c8 73686F72 		.ascii	"short unsigned int\000"
 632      7420756E 
 632      7369676E 
 632      65642069 
 632      6E7400
 633              	.LASF31:
 634 00db 49544D5F 		.ascii	"ITM_RxBuffer\000"
 634      52784275 
 634      66666572 
 634      00
 635              	.LASF23:
 636 00e8 73776974 		.ascii	"switch1_Read\000"
 636      6368315F 
 636      52656164 
 636      00
 637              	.LASF13:
 638 00f5 646F7562 		.ascii	"double\000"
 638      6C6500
 639              	.LASF21:
 640 00fc 6C63645F 		.ascii	"lcd_Position\000"
 640      506F7369 
 640      74696F6E 
 640      00
 641              	.LASF11:
 642 0109 75696E74 		.ascii	"uint16\000"
 642      313600
 643              	.LASF17:
 644 0110 656E635F 		.ascii	"enc_Start\000"
 644      53746172 
 644      7400
 645              	.LASF29:
 646 011a 6D61696E 		.ascii	"main\000"
 646      00
 647              	.LASF24:
 648 011f 6C63645F 		.ascii	"lcd_PrintString\000"
 648      5072696E 
 648      74537472 
 648      696E6700 
 649              	.LASF8:
 650 012f 756E7369 		.ascii	"unsigned int\000"
 650      676E6564 
 650      20696E74 
 650      00
 651              	.LASF7:
 652 013c 6C6F6E67 		.ascii	"long long unsigned int\000"
ARM GAS  C:\Users\Jacob\AppData\Local\Temp\ccCVPimG.s 			page 14


 652      206C6F6E 
 652      6720756E 
 652      7369676E 
 652      65642069 
 653              	.LASF10:
 654 0153 696E7433 		.ascii	"int32_t\000"
 654      325F7400 
 655              	.LASF16:
 656 015b 73697A65 		.ascii	"sizetype\000"
 656      74797065 
 656      00
 657              	.LASF6:
 658 0164 6C6F6E67 		.ascii	"long long int\000"
 658      206C6F6E 
 658      6720696E 
 658      7400
 659              	.LASF27:
 660 0172 6D61696E 		.ascii	"main.c\000"
 660      2E6300
 661              	.LASF14:
 662 0179 63686172 		.ascii	"char\000"
 662      00
 663              	.LASF30:
 664 017e 636F756E 		.ascii	"count\000"
 664      7400
 665              	.LASF28:
 666 0184 433A5C55 		.ascii	"C:\\Users\\Jacob\\Documents\\Junior\\EGR 455\\EGR45"
 666      73657273 
 666      5C4A6163 
 666      6F625C44 
 666      6F63756D 
 667 01b1 355C5365 		.ascii	"5\\Sensors.cydsn\000"
 667      6E736F72 
 667      732E6379 
 667      64736E00 
 668              	.LASF2:
 669 01c1 73686F72 		.ascii	"short int\000"
 669      7420696E 
 669      7400
 670              	.LASF22:
 671 01cb 6C63645F 		.ascii	"lcd_PrintU32Number\000"
 671      5072696E 
 671      74553332 
 671      4E756D62 
 671      657200
 672              	.LASF4:
 673 01de 6C6F6E67 		.ascii	"long int\000"
 673      20696E74 
 673      00
 674              	.LASF20:
 675 01e7 6C63645F 		.ascii	"lcd_WriteControl\000"
 675      57726974 
 675      65436F6E 
 675      74726F6C 
 675      00
 676              	.LASF15:
 677 01f8 6C6F6E67 		.ascii	"long double\000"
ARM GAS  C:\Users\Jacob\AppData\Local\Temp\ccCVPimG.s 			page 15


 677      20646F75 
 677      626C6500 
 678              	.LASF0:
 679 0204 7369676E 		.ascii	"signed char\000"
 679      65642063 
 679      68617200 
 680              	.LASF19:
 681 0210 656E635F 		.ascii	"enc_GetCounter\000"
 681      47657443 
 681      6F756E74 
 681      657200
 682              	.LASF25:
 683 021f 43794465 		.ascii	"CyDelay\000"
 683      6C617900 
 684              		.ident	"GCC: (GNU Tools for ARM Embedded Processors) 5.4.1 20160609 (release) [ARM/embedded-5-bran
