Loading plugins phase: Elapsed time ==> 0s.410ms
<CYPRESSTAG name="CyDsfit arguments...">
cydsfit arguments: -.fdsnotice -.fdswarpdepfile=warp_dependencies.txt -.fdselabdepfile=elab_dependencies.txt -.fdsbldfile=generated_files.txt -.fdsreffile=referenced_files.txt -p C:\Users\Jacob\Documents\Junior\EGR 304\EGR304\PeacefulPillow.cydsn\PeacefulPillow.cyprj -d CY8C4248LQQ-BL583 -s C:\Users\Jacob\Documents\Junior\EGR 304\EGR304\PeacefulPillow.cydsn\Generated_Source\PSoC4 -- -yv2 -q10 -ygs -o2 -v3 -.fftcfgtype=LE
</CYPRESSTAG>
<CYPRESSTAG name="Design elaboration results...">
</CYPRESSTAG>
Elaboration phase: Elapsed time ==> 2s.831ms
<CYPRESSTAG name="HDL generation results...">
</CYPRESSTAG>
HDL generation phase: Elapsed time ==> 0s.099ms
<CYPRESSTAG name="Synthesis results...">

     | | | | | | |
   _________________
  -|               |-
  -|               |-
  -|               |-
  -|    CYPRESS    |-
  -|               |-
  -|               |-   Warp Verilog Synthesis Compiler: Version 6.3 IR 41
  -|               |-   Copyright (C) 1991-2001 Cypress Semiconductor
   |_______________|
     | | | | | | |

======================================================================
Compiling:  PeacefulPillow.v
Program  :   C:\Program Files (x86)\Cypress\PSoC Creator\4.1\PSoC Creator\warp\bin\warp.exe
Options  :    -yv2 -q10 -ygs -o2 -v3 -.fftcfgtype=LE -ya -.fftprj=C:\Users\Jacob\Documents\Junior\EGR 304\EGR304\PeacefulPillow.cydsn\PeacefulPillow.cyprj -dcpsoc3 PeacefulPillow.v -verilog
======================================================================

======================================================================
Compiling:  PeacefulPillow.v
Program  :   C:\Program Files (x86)\Cypress\PSoC Creator\4.1\PSoC Creator\warp\bin\warp.exe
Options  :    -yv2 -q10 -ygs -o2 -v3 -.fftcfgtype=LE -ya -.fftprj=C:\Users\Jacob\Documents\Junior\EGR 304\EGR304\PeacefulPillow.cydsn\PeacefulPillow.cyprj -dcpsoc3 PeacefulPillow.v -verilog
======================================================================

======================================================================
Compiling:  PeacefulPillow.v
Program  :   vlogfe
Options  :    -yv2 -q10 -ygs -o2 -v3 -.fftcfgtype=LE -ya -.fftprj=C:\Users\Jacob\Documents\Junior\EGR 304\EGR304\PeacefulPillow.cydsn\PeacefulPillow.cyprj -dcpsoc3 -verilog PeacefulPillow.v
======================================================================

vlogfe V6.3 IR 41:  Verilog parser
Mon Nov 20 18:35:27 2017


======================================================================
Compiling:  PeacefulPillow.v
Program  :   vpp
Options  :    -yv2 -q10 PeacefulPillow.v
======================================================================

vpp V6.3 IR 41:  Verilog Pre-Processor
Mon Nov 20 18:35:27 2017

Flattening file 'C:\Program Files (x86)\Cypress\PSoC Creator\4.1\PSoC Creator\psoc\content\CyPrimitives\cyprimitives.cylib\ZeroTerminal\ZeroTerminal.v'
Flattening file 'C:\Program Files (x86)\Cypress\PSoC Creator\4.1\PSoC Creator\psoc\content\CyPrimitives\cyprimitives.cylib\or_v1_0\or_v1_0.v'
Flattening file 'C:\Program Files (x86)\Cypress\PSoC Creator\4.1\PSoC Creator\psoc\content\CyPrimitives\cyprimitives.cylib\cy_analog_virtualmux_v1_0\cy_analog_virtualmux_v1_0.v'
Flattening file 'C:\Program Files (x86)\Cypress\PSoC Creator\4.1\PSoC Creator\psoc\content\CyComponentLibrary\CyComponentLibrary.cylib\Bus_Connect_v2_50\Bus_Connect_v2_50.v'
Flattening file 'C:\Program Files (x86)\Cypress\PSoC Creator\4.1\PSoC Creator\warp\lib\common\cypress.v'
Flattening file 'C:\Program Files (x86)\Cypress\PSoC Creator\4.1\PSoC Creator\warp\lib\common\cy_psoc3_inc.v'
Flattening file 'C:\Program Files (x86)\Cypress\PSoC Creator\4.1\PSoC Creator\psoc\content\CyPrimitives\cyprimitives.cylib\cy_virtualmux_v1_0\cy_virtualmux_v1_0.v'
Flattening file 'C:\Program Files (x86)\Cypress\PSoC Creator\4.1\PSoC Creator\psoc\content\CyComponentLibrary\CyComponentLibrary.cylib\B_PWM_v3_30\B_PWM_v3_30.v'
Flattening file 'C:\Program Files (x86)\Cypress\PSoC Creator\4.1\PSoC Creator\warp\lib\common\cypress.v'
Flattening file 'C:\Program Files (x86)\Cypress\PSoC Creator\4.1\PSoC Creator\psoc\content\CyPrimitives\cyprimitives.cylib\cy_constant_v1_0\cy_constant_v1_0.v'

vpp:  No errors.

Library 'work' => directory 'lcpsoc3'
General_symbol_table
General_symbol_table
Linking 'C:\Program Files (x86)\Cypress\PSoC Creator\4.1\PSoC Creator\warp\lib\common\std.vhd'.
Linking 'C:\Program Files (x86)\Cypress\PSoC Creator\4.1\PSoC Creator\warp\lib\common\cypress.vhd'.
Linking 'C:\Program Files (x86)\Cypress\PSoC Creator\4.1\PSoC Creator\warp\lib\common\work\cypress.vif'.
Linking 'C:\Program Files (x86)\Cypress\PSoC Creator\4.1\PSoC Creator\warp\lib\ieee\work\stdlogic.vif'.
Linking 'C:\Program Files (x86)\Cypress\PSoC Creator\4.1\PSoC Creator\warp\lib\common\stdlogic\lpmpkg.vif'.
Linking 'C:\Program Files (x86)\Cypress\PSoC Creator\4.1\PSoC Creator\warp\lib\common\stdlogic\rtlpkg.vif'.
Linking 'C:\Program Files (x86)\Cypress\PSoC Creator\4.1\PSoC Creator\warp\lib\common\stdlogic\mod_cnst.vif'.
Linking 'C:\Program Files (x86)\Cypress\PSoC Creator\4.1\PSoC Creator\warp\lib\common\stdlogic\mod_mthv.vif'.
Linking 'C:\Program Files (x86)\Cypress\PSoC Creator\4.1\PSoC Creator\warp\lib\common\stdlogic\mod_genv.vif'.
Using control file 'PeacefulPillow.ctl'.
C:\Program Files (x86)\Cypress\PSoC Creator\4.1\PSoC Creator\psoc\content\CyComponentLibrary\CyComponentLibrary.cylib\B_PWM_v3_30\B_PWM_v3_30.v (line 947, col 46):  Note: Substituting module 'sub_vi_vv' for '-'.
C:\Program Files (x86)\Cypress\PSoC Creator\4.1\PSoC Creator\psoc\content\CyComponentLibrary\CyComponentLibrary.cylib\B_PWM_v3_30\B_PWM_v3_30.v (line 977, col 46):  Note: Substituting module 'add_vi_vv' for '+'.
Linking 'C:\Program Files (x86)\Cypress\PSoC Creator\4.1\PSoC Creator\warp\lib\common\stdlogic\cy_psoc3pkg.vif'.
Linking 'C:\Program Files (x86)\Cypress\PSoC Creator\4.1\PSoC Creator\warp\lib\common\stdlogic\cy_psoc3.vif'.

vlogfe:  No errors.


======================================================================
Compiling:  PeacefulPillow.v
Program  :   tovif
Options  :    -yv2 -q10 -ygs -o2 -v3 -.fftcfgtype=LE -ya -.fftprj=C:\Users\Jacob\Documents\Junior\EGR 304\EGR304\PeacefulPillow.cydsn\PeacefulPillow.cyprj -dcpsoc3 -verilog PeacefulPillow.v
======================================================================

tovif V6.3 IR 41:  High-level synthesis
Mon Nov 20 18:35:28 2017

Linking 'C:\Program Files (x86)\Cypress\PSoC Creator\4.1\PSoC Creator\warp\lib\common\std.vhd'.
Linking 'C:\Program Files (x86)\Cypress\PSoC Creator\4.1\PSoC Creator\warp\lib\common\cypress.vhd'.
Linking 'C:\Program Files (x86)\Cypress\PSoC Creator\4.1\PSoC Creator\warp\lib\common\work\cypress.vif'.
Linking 'C:\Program Files (x86)\Cypress\PSoC Creator\4.1\PSoC Creator\warp\lib\ieee\work\stdlogic.vif'.
Linking 'C:\Program Files (x86)\Cypress\PSoC Creator\4.1\PSoC Creator\warp\lib\common\stdlogic\lpmpkg.vif'.
Linking 'C:\Program Files (x86)\Cypress\PSoC Creator\4.1\PSoC Creator\warp\lib\common\stdlogic\rtlpkg.vif'.
Linking 'C:\Program Files (x86)\Cypress\PSoC Creator\4.1\PSoC Creator\warp\lib\common\stdlogic\mod_cnst.vif'.
Linking 'C:\Program Files (x86)\Cypress\PSoC Creator\4.1\PSoC Creator\warp\lib\common\stdlogic\mod_mthv.vif'.
Linking 'C:\Program Files (x86)\Cypress\PSoC Creator\4.1\PSoC Creator\warp\lib\common\stdlogic\mod_genv.vif'.
Linking 'C:\Users\Jacob\Documents\Junior\EGR 304\EGR304\PeacefulPillow.cydsn\codegentemp\PeacefulPillow.ctl'.
Linking 'C:\Program Files (x86)\Cypress\PSoC Creator\4.1\PSoC Creator\psoc\content\CyPrimitives\cyprimitives.cylib\ZeroTerminal\ZeroTerminal.v'.
Linking 'C:\Users\Jacob\Documents\Junior\EGR 304\EGR304\PeacefulPillow.cydsn\codegentemp\PeacefulPillow.v'.
Linking 'C:\Program Files (x86)\Cypress\PSoC Creator\4.1\PSoC Creator\psoc\content\CyPrimitives\cyprimitives.cylib\or_v1_0\or_v1_0.v'.
Linking 'C:\Program Files (x86)\Cypress\PSoC Creator\4.1\PSoC Creator\psoc\content\CyPrimitives\cyprimitives.cylib\cy_analog_virtualmux_v1_0\cy_analog_virtualmux_v1_0.v'.
Linking 'C:\Program Files (x86)\Cypress\PSoC Creator\4.1\PSoC Creator\psoc\content\CyComponentLibrary\CyComponentLibrary.cylib\Bus_Connect_v2_50\Bus_Connect_v2_50.v'.
Linking 'C:\Program Files (x86)\Cypress\PSoC Creator\4.1\PSoC Creator\warp\lib\common\cypress.v'.
Linking 'C:\Program Files (x86)\Cypress\PSoC Creator\4.1\PSoC Creator\warp\lib\common\cy_psoc3_inc.v'.
Linking 'C:\Program Files (x86)\Cypress\PSoC Creator\4.1\PSoC Creator\psoc\content\CyPrimitives\cyprimitives.cylib\cy_virtualmux_v1_0\cy_virtualmux_v1_0.v'.
Linking 'C:\Program Files (x86)\Cypress\PSoC Creator\4.1\PSoC Creator\psoc\content\CyComponentLibrary\CyComponentLibrary.cylib\B_PWM_v3_30\B_PWM_v3_30.v'.
Linking 'C:\Program Files (x86)\Cypress\PSoC Creator\4.1\PSoC Creator\psoc\content\CyPrimitives\cyprimitives.cylib\cy_constant_v1_0\cy_constant_v1_0.v'.
Linking 'C:\Program Files (x86)\Cypress\PSoC Creator\4.1\PSoC Creator\warp\lib\common\stdlogic\cy_psoc3pkg.vif'.
Linking 'C:\Program Files (x86)\Cypress\PSoC Creator\4.1\PSoC Creator\warp\lib\common\stdlogic\cy_psoc3.vif'.
Linking 'C:\Program Files (x86)\Cypress\PSoC Creator\4.1\PSoC Creator\warp\lib\lcpsoc3\stdlogic\mod_cnst.vif'.

tovif:  No errors.


======================================================================
Compiling:  PeacefulPillow.v
Program  :   topld
Options  :    -yv2 -q10 -ygs -o2 -v3 -.fftcfgtype=LE -ya -.fftprj=C:\Users\Jacob\Documents\Junior\EGR 304\EGR304\PeacefulPillow.cydsn\PeacefulPillow.cyprj -dcpsoc3 -verilog PeacefulPillow.v
======================================================================

topld V6.3 IR 41:  Synthesis and optimization
Mon Nov 20 18:35:28 2017

Linking 'C:\Program Files (x86)\Cypress\PSoC Creator\4.1\PSoC Creator\warp\lib\common\std.vhd'.
Linking 'C:\Program Files (x86)\Cypress\PSoC Creator\4.1\PSoC Creator\warp\lib\common\cypress.vhd'.
Linking 'C:\Program Files (x86)\Cypress\PSoC Creator\4.1\PSoC Creator\warp\lib\common\work\cypress.vif'.
Linking 'C:\Program Files (x86)\Cypress\PSoC Creator\4.1\PSoC Creator\warp\lib\ieee\work\stdlogic.vif'.
Linking 'C:\Program Files (x86)\Cypress\PSoC Creator\4.1\PSoC Creator\warp\lib\common\stdlogic\lpmpkg.vif'.
Linking 'C:\Program Files (x86)\Cypress\PSoC Creator\4.1\PSoC Creator\warp\lib\common\stdlogic\rtlpkg.vif'.
Linking 'C:\Program Files (x86)\Cypress\PSoC Creator\4.1\PSoC Creator\warp\lib\common\stdlogic\mod_cnst.vif'.
Linking 'C:\Program Files (x86)\Cypress\PSoC Creator\4.1\PSoC Creator\warp\lib\common\stdlogic\mod_mthv.vif'.
Linking 'C:\Program Files (x86)\Cypress\PSoC Creator\4.1\PSoC Creator\warp\lib\common\stdlogic\mod_genv.vif'.
Linking 'C:\Users\Jacob\Documents\Junior\EGR 304\EGR304\PeacefulPillow.cydsn\codegentemp\PeacefulPillow.ctl'.
Linking 'C:\Program Files (x86)\Cypress\PSoC Creator\4.1\PSoC Creator\psoc\content\CyPrimitives\cyprimitives.cylib\ZeroTerminal\ZeroTerminal.v'.
Linking 'C:\Users\Jacob\Documents\Junior\EGR 304\EGR304\PeacefulPillow.cydsn\codegentemp\PeacefulPillow.v'.
Linking 'C:\Program Files (x86)\Cypress\PSoC Creator\4.1\PSoC Creator\psoc\content\CyPrimitives\cyprimitives.cylib\or_v1_0\or_v1_0.v'.
Linking 'C:\Program Files (x86)\Cypress\PSoC Creator\4.1\PSoC Creator\psoc\content\CyPrimitives\cyprimitives.cylib\cy_analog_virtualmux_v1_0\cy_analog_virtualmux_v1_0.v'.
Linking 'C:\Program Files (x86)\Cypress\PSoC Creator\4.1\PSoC Creator\psoc\content\CyComponentLibrary\CyComponentLibrary.cylib\Bus_Connect_v2_50\Bus_Connect_v2_50.v'.
Linking 'C:\Program Files (x86)\Cypress\PSoC Creator\4.1\PSoC Creator\warp\lib\common\cypress.v'.
Linking 'C:\Program Files (x86)\Cypress\PSoC Creator\4.1\PSoC Creator\warp\lib\common\cy_psoc3_inc.v'.
Linking 'C:\Program Files (x86)\Cypress\PSoC Creator\4.1\PSoC Creator\psoc\content\CyPrimitives\cyprimitives.cylib\cy_virtualmux_v1_0\cy_virtualmux_v1_0.v'.
Linking 'C:\Program Files (x86)\Cypress\PSoC Creator\4.1\PSoC Creator\psoc\content\CyComponentLibrary\CyComponentLibrary.cylib\B_PWM_v3_30\B_PWM_v3_30.v'.
Linking 'C:\Program Files (x86)\Cypress\PSoC Creator\4.1\PSoC Creator\psoc\content\CyPrimitives\cyprimitives.cylib\cy_constant_v1_0\cy_constant_v1_0.v'.
Linking 'C:\Program Files (x86)\Cypress\PSoC Creator\4.1\PSoC Creator\warp\lib\common\stdlogic\cy_psoc3pkg.vif'.
Linking 'C:\Program Files (x86)\Cypress\PSoC Creator\4.1\PSoC Creator\warp\lib\common\stdlogic\cy_psoc3.vif'.
Linking 'C:\Program Files (x86)\Cypress\PSoC Creator\4.1\PSoC Creator\warp\lib\lcpsoc3\stdlogic\mod_cnst.vif'.
Linking 'C:\Program Files (x86)\Cypress\PSoC Creator\4.1\PSoC Creator\warp\lib\lcpsoc3\stdlogic\cpsoc3.vif'.

----------------------------------------------------------
Detecting unused logic.
----------------------------------------------------------
    User names
	\adc:Net_3125\
	\adc:Net_3126\
	\pwmBuzzer:PWMUDB:km_run\
	\pwmBuzzer:PWMUDB:ctrl_cmpmode2_2\
	\pwmBuzzer:PWMUDB:ctrl_cmpmode2_1\
	\pwmBuzzer:PWMUDB:ctrl_cmpmode2_0\
	\pwmBuzzer:PWMUDB:ctrl_cmpmode1_2\
	\pwmBuzzer:PWMUDB:ctrl_cmpmode1_1\
	\pwmBuzzer:PWMUDB:ctrl_cmpmode1_0\
	\pwmBuzzer:PWMUDB:capt_rising\
	\pwmBuzzer:PWMUDB:capt_falling\
	\pwmBuzzer:PWMUDB:trig_rise\
	\pwmBuzzer:PWMUDB:trig_fall\
	\pwmBuzzer:PWMUDB:sc_kill\
	\pwmBuzzer:PWMUDB:min_kill\
	\pwmBuzzer:PWMUDB:db_tc\
	\pwmBuzzer:PWMUDB:dith_sel\
	\pwmBuzzer:PWMUDB:compare2\
	Net_339
	Net_340
	Net_341
	\pwmBuzzer:PWMUDB:MODULE_1:b_31\
	\pwmBuzzer:PWMUDB:MODULE_1:b_30\
	\pwmBuzzer:PWMUDB:MODULE_1:b_29\
	\pwmBuzzer:PWMUDB:MODULE_1:b_28\
	\pwmBuzzer:PWMUDB:MODULE_1:b_27\
	\pwmBuzzer:PWMUDB:MODULE_1:b_26\
	\pwmBuzzer:PWMUDB:MODULE_1:b_25\
	\pwmBuzzer:PWMUDB:MODULE_1:b_24\
	\pwmBuzzer:PWMUDB:MODULE_1:b_23\
	\pwmBuzzer:PWMUDB:MODULE_1:b_22\
	\pwmBuzzer:PWMUDB:MODULE_1:b_21\
	\pwmBuzzer:PWMUDB:MODULE_1:b_20\
	\pwmBuzzer:PWMUDB:MODULE_1:b_19\
	\pwmBuzzer:PWMUDB:MODULE_1:b_18\
	\pwmBuzzer:PWMUDB:MODULE_1:b_17\
	\pwmBuzzer:PWMUDB:MODULE_1:b_16\
	\pwmBuzzer:PWMUDB:MODULE_1:b_15\
	\pwmBuzzer:PWMUDB:MODULE_1:b_14\
	\pwmBuzzer:PWMUDB:MODULE_1:b_13\
	\pwmBuzzer:PWMUDB:MODULE_1:b_12\
	\pwmBuzzer:PWMUDB:MODULE_1:b_11\
	\pwmBuzzer:PWMUDB:MODULE_1:b_10\
	\pwmBuzzer:PWMUDB:MODULE_1:b_9\
	\pwmBuzzer:PWMUDB:MODULE_1:b_8\
	\pwmBuzzer:PWMUDB:MODULE_1:b_7\
	\pwmBuzzer:PWMUDB:MODULE_1:b_6\
	\pwmBuzzer:PWMUDB:MODULE_1:b_5\
	\pwmBuzzer:PWMUDB:MODULE_1:b_4\
	\pwmBuzzer:PWMUDB:MODULE_1:b_3\
	\pwmBuzzer:PWMUDB:MODULE_1:b_2\
	\pwmBuzzer:PWMUDB:MODULE_1:b_1\
	\pwmBuzzer:PWMUDB:MODULE_1:b_0\
	\pwmBuzzer:PWMUDB:MODULE_1:g2:a0:a_31\
	\pwmBuzzer:PWMUDB:MODULE_1:g2:a0:a_30\
	\pwmBuzzer:PWMUDB:MODULE_1:g2:a0:a_29\
	\pwmBuzzer:PWMUDB:MODULE_1:g2:a0:a_28\
	\pwmBuzzer:PWMUDB:MODULE_1:g2:a0:a_27\
	\pwmBuzzer:PWMUDB:MODULE_1:g2:a0:a_26\
	\pwmBuzzer:PWMUDB:MODULE_1:g2:a0:a_25\
	\pwmBuzzer:PWMUDB:MODULE_1:g2:a0:a_24\
	\pwmBuzzer:PWMUDB:MODULE_1:g2:a0:b_31\
	\pwmBuzzer:PWMUDB:MODULE_1:g2:a0:b_30\
	\pwmBuzzer:PWMUDB:MODULE_1:g2:a0:b_29\
	\pwmBuzzer:PWMUDB:MODULE_1:g2:a0:b_28\
	\pwmBuzzer:PWMUDB:MODULE_1:g2:a0:b_27\
	\pwmBuzzer:PWMUDB:MODULE_1:g2:a0:b_26\
	\pwmBuzzer:PWMUDB:MODULE_1:g2:a0:b_25\
	\pwmBuzzer:PWMUDB:MODULE_1:g2:a0:b_24\
	\pwmBuzzer:PWMUDB:MODULE_1:g2:a0:b_23\
	\pwmBuzzer:PWMUDB:MODULE_1:g2:a0:b_22\
	\pwmBuzzer:PWMUDB:MODULE_1:g2:a0:b_21\
	\pwmBuzzer:PWMUDB:MODULE_1:g2:a0:b_20\
	\pwmBuzzer:PWMUDB:MODULE_1:g2:a0:b_19\
	\pwmBuzzer:PWMUDB:MODULE_1:g2:a0:b_18\
	\pwmBuzzer:PWMUDB:MODULE_1:g2:a0:b_17\
	\pwmBuzzer:PWMUDB:MODULE_1:g2:a0:b_16\
	\pwmBuzzer:PWMUDB:MODULE_1:g2:a0:b_15\
	\pwmBuzzer:PWMUDB:MODULE_1:g2:a0:b_14\
	\pwmBuzzer:PWMUDB:MODULE_1:g2:a0:b_13\
	\pwmBuzzer:PWMUDB:MODULE_1:g2:a0:b_12\
	\pwmBuzzer:PWMUDB:MODULE_1:g2:a0:b_11\
	\pwmBuzzer:PWMUDB:MODULE_1:g2:a0:b_10\
	\pwmBuzzer:PWMUDB:MODULE_1:g2:a0:b_9\
	\pwmBuzzer:PWMUDB:MODULE_1:g2:a0:b_8\
	\pwmBuzzer:PWMUDB:MODULE_1:g2:a0:b_7\
	\pwmBuzzer:PWMUDB:MODULE_1:g2:a0:b_6\
	\pwmBuzzer:PWMUDB:MODULE_1:g2:a0:b_5\
	\pwmBuzzer:PWMUDB:MODULE_1:g2:a0:b_4\
	\pwmBuzzer:PWMUDB:MODULE_1:g2:a0:b_3\
	\pwmBuzzer:PWMUDB:MODULE_1:g2:a0:b_2\
	\pwmBuzzer:PWMUDB:MODULE_1:g2:a0:b_1\
	\pwmBuzzer:PWMUDB:MODULE_1:g2:a0:b_0\
	\pwmBuzzer:PWMUDB:MODULE_1:g2:a0:s_31\
	\pwmBuzzer:PWMUDB:MODULE_1:g2:a0:s_30\
	\pwmBuzzer:PWMUDB:MODULE_1:g2:a0:s_29\
	\pwmBuzzer:PWMUDB:MODULE_1:g2:a0:s_28\
	\pwmBuzzer:PWMUDB:MODULE_1:g2:a0:s_27\
	\pwmBuzzer:PWMUDB:MODULE_1:g2:a0:s_26\
	\pwmBuzzer:PWMUDB:MODULE_1:g2:a0:s_25\
	\pwmBuzzer:PWMUDB:MODULE_1:g2:a0:s_24\
	\pwmBuzzer:PWMUDB:MODULE_1:g2:a0:s_23\
	\pwmBuzzer:PWMUDB:MODULE_1:g2:a0:s_22\
	\pwmBuzzer:PWMUDB:MODULE_1:g2:a0:s_21\
	\pwmBuzzer:PWMUDB:MODULE_1:g2:a0:s_20\
	\pwmBuzzer:PWMUDB:MODULE_1:g2:a0:s_19\
	\pwmBuzzer:PWMUDB:MODULE_1:g2:a0:s_18\
	\pwmBuzzer:PWMUDB:MODULE_1:g2:a0:s_17\
	\pwmBuzzer:PWMUDB:MODULE_1:g2:a0:s_16\
	\pwmBuzzer:PWMUDB:MODULE_1:g2:a0:s_15\
	\pwmBuzzer:PWMUDB:MODULE_1:g2:a0:s_14\
	\pwmBuzzer:PWMUDB:MODULE_1:g2:a0:s_13\
	\pwmBuzzer:PWMUDB:MODULE_1:g2:a0:s_12\
	\pwmBuzzer:PWMUDB:MODULE_1:g2:a0:s_11\
	\pwmBuzzer:PWMUDB:MODULE_1:g2:a0:s_10\
	\pwmBuzzer:PWMUDB:MODULE_1:g2:a0:s_9\
	\pwmBuzzer:PWMUDB:MODULE_1:g2:a0:s_8\
	\pwmBuzzer:PWMUDB:MODULE_1:g2:a0:s_7\
	\pwmBuzzer:PWMUDB:MODULE_1:g2:a0:s_6\
	\pwmBuzzer:PWMUDB:MODULE_1:g2:a0:s_5\
	\pwmBuzzer:PWMUDB:MODULE_1:g2:a0:s_4\
	\pwmBuzzer:PWMUDB:MODULE_1:g2:a0:s_3\
	\pwmBuzzer:PWMUDB:MODULE_1:g2:a0:s_2\
	\pwmBuzzer:PWMUDB:MODULE_1:g2:a0:g1:z1:s0:g1:u0:c_31\
	\pwmBuzzer:PWMUDB:MODULE_1:g2:a0:g1:z1:s0:g1:u0:c_30\
	\pwmBuzzer:PWMUDB:MODULE_1:g2:a0:g1:z1:s0:g1:u0:c_29\
	\pwmBuzzer:PWMUDB:MODULE_1:g2:a0:g1:z1:s0:g1:u0:c_28\
	\pwmBuzzer:PWMUDB:MODULE_1:g2:a0:g1:z1:s0:g1:u0:c_27\
	\pwmBuzzer:PWMUDB:MODULE_1:g2:a0:g1:z1:s0:g1:u0:c_26\
	\pwmBuzzer:PWMUDB:MODULE_1:g2:a0:g1:z1:s0:g1:u0:c_25\
	\pwmBuzzer:Net_139\
	\pwmBuzzer:Net_138\
	\pwmBuzzer:Net_183\
	\pwmBuzzer:Net_181\
	Net_499
	\BLE:Net_55\
	\UART_1:Net_1257\
	\UART_1:uncfg_rx_irq\
	\UART_1:Net_1099\
	\UART_1:Net_1258\
	Net_516
	Net_525
	Net_526
	Net_527
	Net_528
	Net_529
	Net_530
	Net_531
	Net_533
	Net_536

    Synthesized names
	\pwmBuzzer:PWMUDB:add_vi_vv_MODGEN_1_31\
	\pwmBuzzer:PWMUDB:add_vi_vv_MODGEN_1_30\
	\pwmBuzzer:PWMUDB:add_vi_vv_MODGEN_1_29\
	\pwmBuzzer:PWMUDB:add_vi_vv_MODGEN_1_28\
	\pwmBuzzer:PWMUDB:add_vi_vv_MODGEN_1_27\
	\pwmBuzzer:PWMUDB:add_vi_vv_MODGEN_1_26\
	\pwmBuzzer:PWMUDB:add_vi_vv_MODGEN_1_25\
	\pwmBuzzer:PWMUDB:add_vi_vv_MODGEN_1_24\
	\pwmBuzzer:PWMUDB:add_vi_vv_MODGEN_1_23\
	\pwmBuzzer:PWMUDB:add_vi_vv_MODGEN_1_22\
	\pwmBuzzer:PWMUDB:add_vi_vv_MODGEN_1_21\
	\pwmBuzzer:PWMUDB:add_vi_vv_MODGEN_1_20\
	\pwmBuzzer:PWMUDB:add_vi_vv_MODGEN_1_19\
	\pwmBuzzer:PWMUDB:add_vi_vv_MODGEN_1_18\
	\pwmBuzzer:PWMUDB:add_vi_vv_MODGEN_1_17\
	\pwmBuzzer:PWMUDB:add_vi_vv_MODGEN_1_16\
	\pwmBuzzer:PWMUDB:add_vi_vv_MODGEN_1_15\
	\pwmBuzzer:PWMUDB:add_vi_vv_MODGEN_1_14\
	\pwmBuzzer:PWMUDB:add_vi_vv_MODGEN_1_13\
	\pwmBuzzer:PWMUDB:add_vi_vv_MODGEN_1_12\
	\pwmBuzzer:PWMUDB:add_vi_vv_MODGEN_1_11\
	\pwmBuzzer:PWMUDB:add_vi_vv_MODGEN_1_10\
	\pwmBuzzer:PWMUDB:add_vi_vv_MODGEN_1_9\
	\pwmBuzzer:PWMUDB:add_vi_vv_MODGEN_1_8\
	\pwmBuzzer:PWMUDB:add_vi_vv_MODGEN_1_7\
	\pwmBuzzer:PWMUDB:add_vi_vv_MODGEN_1_6\
	\pwmBuzzer:PWMUDB:add_vi_vv_MODGEN_1_5\
	\pwmBuzzer:PWMUDB:add_vi_vv_MODGEN_1_4\
	\pwmBuzzer:PWMUDB:add_vi_vv_MODGEN_1_3\
	\pwmBuzzer:PWMUDB:add_vi_vv_MODGEN_1_2\

Deleted 150 User equations/components.
Deleted 30 Synthesized equations/components.

------------------------------------------------------
Alias Detection
------------------------------------------------------
Aliasing one to tmpOE__flexSensorA_net_0
Aliasing tmpOE__flexSensorB_net_0 to tmpOE__flexSensorA_net_0
Aliasing \adc:Net_3107\ to zero
Aliasing \adc:Net_3106\ to zero
Aliasing \adc:Net_3105\ to zero
Aliasing \adc:Net_3104\ to zero
Aliasing \adc:Net_3103\ to zero
Aliasing \adc:Net_3207_1\ to zero
Aliasing \adc:Net_3207_0\ to zero
Aliasing \adc:Net_3235\ to zero
Aliasing tmpOE__motorA_net_0 to tmpOE__flexSensorA_net_0
Aliasing tmpOE__motorB_net_0 to tmpOE__flexSensorA_net_0
Aliasing tmpOE__buzzer_net_0 to tmpOE__flexSensorA_net_0
Aliasing \pwmBuzzer:Net_180\ to zero
Aliasing \pwmBuzzer:PWMUDB:hwCapture\ to zero
Aliasing \pwmBuzzer:Net_178\ to zero
Aliasing \pwmBuzzer:PWMUDB:trig_out\ to tmpOE__flexSensorA_net_0
Aliasing \pwmBuzzer:PWMUDB:runmode_enable\\S\ to zero
Aliasing \pwmBuzzer:Net_179\ to tmpOE__flexSensorA_net_0
Aliasing \pwmBuzzer:PWMUDB:ltch_kill_reg\\R\ to \pwmBuzzer:PWMUDB:runmode_enable\\R\
Aliasing \pwmBuzzer:PWMUDB:ltch_kill_reg\\S\ to zero
Aliasing \pwmBuzzer:PWMUDB:km_tc\ to zero
Aliasing \pwmBuzzer:PWMUDB:min_kill_reg\\R\ to \pwmBuzzer:PWMUDB:runmode_enable\\R\
Aliasing \pwmBuzzer:PWMUDB:min_kill_reg\\S\ to zero
Aliasing \pwmBuzzer:PWMUDB:final_kill\ to tmpOE__flexSensorA_net_0
Aliasing \pwmBuzzer:PWMUDB:dith_count_1\\R\ to \pwmBuzzer:PWMUDB:runmode_enable\\R\
Aliasing \pwmBuzzer:PWMUDB:dith_count_1\\S\ to zero
Aliasing \pwmBuzzer:PWMUDB:dith_count_0\\R\ to \pwmBuzzer:PWMUDB:runmode_enable\\R\
Aliasing \pwmBuzzer:PWMUDB:dith_count_0\\S\ to zero
Aliasing \pwmBuzzer:PWMUDB:status_6\ to zero
Aliasing \pwmBuzzer:PWMUDB:status_4\ to zero
Aliasing \pwmBuzzer:PWMUDB:cmp2\ to zero
Aliasing \pwmBuzzer:PWMUDB:cmp1_status_reg\\R\ to \pwmBuzzer:PWMUDB:runmode_enable\\R\
Aliasing \pwmBuzzer:PWMUDB:cmp1_status_reg\\S\ to zero
Aliasing \pwmBuzzer:PWMUDB:cmp2_status_reg\\R\ to \pwmBuzzer:PWMUDB:runmode_enable\\R\
Aliasing \pwmBuzzer:PWMUDB:cmp2_status_reg\\S\ to zero
Aliasing \pwmBuzzer:PWMUDB:final_kill_reg\\R\ to \pwmBuzzer:PWMUDB:runmode_enable\\R\
Aliasing \pwmBuzzer:PWMUDB:final_kill_reg\\S\ to zero
Aliasing \pwmBuzzer:PWMUDB:cs_addr_0\ to \pwmBuzzer:PWMUDB:runmode_enable\\R\
Aliasing \pwmBuzzer:PWMUDB:pwm1_i\ to zero
Aliasing \pwmBuzzer:PWMUDB:pwm2_i\ to zero
Aliasing \pwmBuzzer:PWMUDB:MODULE_1:g2:a0:a_23\ to zero
Aliasing \pwmBuzzer:PWMUDB:MODULE_1:g2:a0:a_22\ to zero
Aliasing \pwmBuzzer:PWMUDB:MODULE_1:g2:a0:a_21\ to zero
Aliasing \pwmBuzzer:PWMUDB:MODULE_1:g2:a0:a_20\ to zero
Aliasing \pwmBuzzer:PWMUDB:MODULE_1:g2:a0:a_19\ to zero
Aliasing \pwmBuzzer:PWMUDB:MODULE_1:g2:a0:a_18\ to zero
Aliasing \pwmBuzzer:PWMUDB:MODULE_1:g2:a0:a_17\ to zero
Aliasing \pwmBuzzer:PWMUDB:MODULE_1:g2:a0:a_16\ to zero
Aliasing \pwmBuzzer:PWMUDB:MODULE_1:g2:a0:a_15\ to zero
Aliasing \pwmBuzzer:PWMUDB:MODULE_1:g2:a0:a_14\ to zero
Aliasing \pwmBuzzer:PWMUDB:MODULE_1:g2:a0:a_13\ to zero
Aliasing \pwmBuzzer:PWMUDB:MODULE_1:g2:a0:a_12\ to zero
Aliasing \pwmBuzzer:PWMUDB:MODULE_1:g2:a0:a_11\ to zero
Aliasing \pwmBuzzer:PWMUDB:MODULE_1:g2:a0:a_10\ to zero
Aliasing \pwmBuzzer:PWMUDB:MODULE_1:g2:a0:a_9\ to zero
Aliasing \pwmBuzzer:PWMUDB:MODULE_1:g2:a0:a_8\ to zero
Aliasing \pwmBuzzer:PWMUDB:MODULE_1:g2:a0:a_7\ to zero
Aliasing \pwmBuzzer:PWMUDB:MODULE_1:g2:a0:a_6\ to zero
Aliasing \pwmBuzzer:PWMUDB:MODULE_1:g2:a0:a_5\ to zero
Aliasing \pwmBuzzer:PWMUDB:MODULE_1:g2:a0:a_4\ to zero
Aliasing \pwmBuzzer:PWMUDB:MODULE_1:g2:a0:a_3\ to zero
Aliasing \pwmBuzzer:PWMUDB:MODULE_1:g2:a0:a_2\ to zero
Aliasing \pwmBuzzer:PWMUDB:MODULE_1:g2:a0:g1:z1:s0:g1:u0:b_0\ to tmpOE__flexSensorA_net_0
Aliasing Net_319 to zero
Aliasing \DisplayTimer:Net_75\ to zero
Aliasing \DisplayTimer:Net_69\ to tmpOE__flexSensorA_net_0
Aliasing \DisplayTimer:Net_66\ to zero
Aliasing \DisplayTimer:Net_82\ to zero
Aliasing \DisplayTimer:Net_72\ to zero
Aliasing \UART_1:select_s_wire\ to zero
Aliasing \UART_1:sclk_s_wire\ to zero
Aliasing \UART_1:mosi_s_wire\ to zero
Aliasing \UART_1:miso_m_wire\ to zero
Aliasing \UART_1:tmpOE__tx_net_0\ to tmpOE__flexSensorA_net_0
Aliasing \UART_1:tmpOE__rx_net_0\ to tmpOE__flexSensorA_net_0
Aliasing \UART_1:cts_wire\ to zero
Aliasing \pwmBuzzer:PWMUDB:prevCompare1\\D\ to \pwmBuzzer:PWMUDB:pwm_temp\
Aliasing \pwmBuzzer:PWMUDB:tc_i_reg\\D\ to \pwmBuzzer:PWMUDB:status_2\
Removing Lhs of wire one[7] = tmpOE__flexSensorA_net_0[1]
Removing Lhs of wire tmpOE__flexSensorB_net_0[10] = tmpOE__flexSensorA_net_0[1]
Removing Lhs of wire \adc:Net_3107\[90] = zero[2]
Removing Lhs of wire \adc:Net_3106\[91] = zero[2]
Removing Lhs of wire \adc:Net_3105\[92] = zero[2]
Removing Lhs of wire \adc:Net_3104\[93] = zero[2]
Removing Lhs of wire \adc:Net_3103\[94] = zero[2]
Removing Lhs of wire \adc:Net_17\[139] = \adc:Net_1845\[18]
Removing Lhs of wire \adc:Net_3207_1\[161] = zero[2]
Removing Lhs of wire \adc:Net_3207_0\[162] = zero[2]
Removing Lhs of wire \adc:Net_3235\[163] = zero[2]
Removing Lhs of wire tmpOE__motorA_net_0[230] = tmpOE__flexSensorA_net_0[1]
Removing Lhs of wire tmpOE__motorB_net_0[236] = tmpOE__flexSensorA_net_0[1]
Removing Lhs of wire tmpOE__buzzer_net_0[242] = tmpOE__flexSensorA_net_0[1]
Removing Rhs of wire Net_348[243] = \pwmBuzzer:PWMUDB:pwm_i_reg\[368]
Removing Lhs of wire \pwmBuzzer:Net_68\[251] = Net_338[578]
Removing Lhs of wire \pwmBuzzer:PWMUDB:ctrl_enable\[262] = \pwmBuzzer:PWMUDB:control_7\[254]
Removing Lhs of wire \pwmBuzzer:Net_180\[270] = zero[2]
Removing Lhs of wire \pwmBuzzer:PWMUDB:hwCapture\[273] = zero[2]
Removing Lhs of wire \pwmBuzzer:PWMUDB:hwEnable\[274] = \pwmBuzzer:PWMUDB:control_7\[254]
Removing Lhs of wire \pwmBuzzer:Net_178\[276] = zero[2]
Removing Lhs of wire \pwmBuzzer:PWMUDB:trig_out\[279] = tmpOE__flexSensorA_net_0[1]
Removing Lhs of wire \pwmBuzzer:PWMUDB:runmode_enable\\R\[281] = \pwmBuzzer:Net_186\[282]
Removing Lhs of wire \pwmBuzzer:Net_186\[282] = zero[2]
Removing Lhs of wire \pwmBuzzer:PWMUDB:runmode_enable\\S\[283] = zero[2]
Removing Lhs of wire \pwmBuzzer:PWMUDB:final_enable\[284] = \pwmBuzzer:PWMUDB:runmode_enable\[280]
Removing Lhs of wire \pwmBuzzer:Net_179\[287] = tmpOE__flexSensorA_net_0[1]
Removing Lhs of wire \pwmBuzzer:PWMUDB:ltch_kill_reg\\R\[289] = zero[2]
Removing Lhs of wire \pwmBuzzer:PWMUDB:ltch_kill_reg\\S\[290] = zero[2]
Removing Lhs of wire \pwmBuzzer:PWMUDB:km_tc\[291] = zero[2]
Removing Lhs of wire \pwmBuzzer:PWMUDB:min_kill_reg\\R\[292] = zero[2]
Removing Lhs of wire \pwmBuzzer:PWMUDB:min_kill_reg\\S\[293] = zero[2]
Removing Lhs of wire \pwmBuzzer:PWMUDB:final_kill\[296] = tmpOE__flexSensorA_net_0[1]
Removing Lhs of wire \pwmBuzzer:PWMUDB:add_vi_vv_MODGEN_1_1\[299] = \pwmBuzzer:PWMUDB:MODULE_1:g2:a0:s_1\[537]
Removing Lhs of wire \pwmBuzzer:PWMUDB:add_vi_vv_MODGEN_1_0\[301] = \pwmBuzzer:PWMUDB:MODULE_1:g2:a0:s_0\[538]
Removing Lhs of wire \pwmBuzzer:PWMUDB:dith_count_1\\R\[302] = zero[2]
Removing Lhs of wire \pwmBuzzer:PWMUDB:dith_count_1\\S\[303] = zero[2]
Removing Lhs of wire \pwmBuzzer:PWMUDB:dith_count_0\\R\[304] = zero[2]
Removing Lhs of wire \pwmBuzzer:PWMUDB:dith_count_0\\S\[305] = zero[2]
Removing Lhs of wire \pwmBuzzer:PWMUDB:status_6\[308] = zero[2]
Removing Rhs of wire \pwmBuzzer:PWMUDB:status_5\[309] = \pwmBuzzer:PWMUDB:final_kill_reg\[323]
Removing Lhs of wire \pwmBuzzer:PWMUDB:status_4\[310] = zero[2]
Removing Rhs of wire \pwmBuzzer:PWMUDB:status_3\[311] = \pwmBuzzer:PWMUDB:fifo_full\[330]
Removing Rhs of wire \pwmBuzzer:PWMUDB:status_1\[313] = \pwmBuzzer:PWMUDB:cmp2_status_reg\[322]
Removing Rhs of wire \pwmBuzzer:PWMUDB:status_0\[314] = \pwmBuzzer:PWMUDB:cmp1_status_reg\[321]
Removing Lhs of wire \pwmBuzzer:PWMUDB:cmp2_status\[319] = zero[2]
Removing Lhs of wire \pwmBuzzer:PWMUDB:cmp2\[320] = zero[2]
Removing Lhs of wire \pwmBuzzer:PWMUDB:cmp1_status_reg\\R\[324] = zero[2]
Removing Lhs of wire \pwmBuzzer:PWMUDB:cmp1_status_reg\\S\[325] = zero[2]
Removing Lhs of wire \pwmBuzzer:PWMUDB:cmp2_status_reg\\R\[326] = zero[2]
Removing Lhs of wire \pwmBuzzer:PWMUDB:cmp2_status_reg\\S\[327] = zero[2]
Removing Lhs of wire \pwmBuzzer:PWMUDB:final_kill_reg\\R\[328] = zero[2]
Removing Lhs of wire \pwmBuzzer:PWMUDB:final_kill_reg\\S\[329] = zero[2]
Removing Lhs of wire \pwmBuzzer:PWMUDB:cs_addr_2\[331] = \pwmBuzzer:PWMUDB:tc_i\[286]
Removing Lhs of wire \pwmBuzzer:PWMUDB:cs_addr_1\[332] = \pwmBuzzer:PWMUDB:runmode_enable\[280]
Removing Lhs of wire \pwmBuzzer:PWMUDB:cs_addr_0\[333] = zero[2]
Removing Lhs of wire \pwmBuzzer:PWMUDB:compare1\[366] = \pwmBuzzer:PWMUDB:cmp1_less\[337]
Removing Lhs of wire \pwmBuzzer:PWMUDB:pwm1_i\[371] = zero[2]
Removing Lhs of wire \pwmBuzzer:PWMUDB:pwm2_i\[373] = zero[2]
Removing Lhs of wire \pwmBuzzer:PWMUDB:pwm_temp\[378] = \pwmBuzzer:PWMUDB:cmp1\[317]
Removing Lhs of wire \pwmBuzzer:PWMUDB:MODULE_1:g2:a0:a_23\[419] = zero[2]
Removing Lhs of wire \pwmBuzzer:PWMUDB:MODULE_1:g2:a0:a_22\[420] = zero[2]
Removing Lhs of wire \pwmBuzzer:PWMUDB:MODULE_1:g2:a0:a_21\[421] = zero[2]
Removing Lhs of wire \pwmBuzzer:PWMUDB:MODULE_1:g2:a0:a_20\[422] = zero[2]
Removing Lhs of wire \pwmBuzzer:PWMUDB:MODULE_1:g2:a0:a_19\[423] = zero[2]
Removing Lhs of wire \pwmBuzzer:PWMUDB:MODULE_1:g2:a0:a_18\[424] = zero[2]
Removing Lhs of wire \pwmBuzzer:PWMUDB:MODULE_1:g2:a0:a_17\[425] = zero[2]
Removing Lhs of wire \pwmBuzzer:PWMUDB:MODULE_1:g2:a0:a_16\[426] = zero[2]
Removing Lhs of wire \pwmBuzzer:PWMUDB:MODULE_1:g2:a0:a_15\[427] = zero[2]
Removing Lhs of wire \pwmBuzzer:PWMUDB:MODULE_1:g2:a0:a_14\[428] = zero[2]
Removing Lhs of wire \pwmBuzzer:PWMUDB:MODULE_1:g2:a0:a_13\[429] = zero[2]
Removing Lhs of wire \pwmBuzzer:PWMUDB:MODULE_1:g2:a0:a_12\[430] = zero[2]
Removing Lhs of wire \pwmBuzzer:PWMUDB:MODULE_1:g2:a0:a_11\[431] = zero[2]
Removing Lhs of wire \pwmBuzzer:PWMUDB:MODULE_1:g2:a0:a_10\[432] = zero[2]
Removing Lhs of wire \pwmBuzzer:PWMUDB:MODULE_1:g2:a0:a_9\[433] = zero[2]
Removing Lhs of wire \pwmBuzzer:PWMUDB:MODULE_1:g2:a0:a_8\[434] = zero[2]
Removing Lhs of wire \pwmBuzzer:PWMUDB:MODULE_1:g2:a0:a_7\[435] = zero[2]
Removing Lhs of wire \pwmBuzzer:PWMUDB:MODULE_1:g2:a0:a_6\[436] = zero[2]
Removing Lhs of wire \pwmBuzzer:PWMUDB:MODULE_1:g2:a0:a_5\[437] = zero[2]
Removing Lhs of wire \pwmBuzzer:PWMUDB:MODULE_1:g2:a0:a_4\[438] = zero[2]
Removing Lhs of wire \pwmBuzzer:PWMUDB:MODULE_1:g2:a0:a_3\[439] = zero[2]
Removing Lhs of wire \pwmBuzzer:PWMUDB:MODULE_1:g2:a0:a_2\[440] = zero[2]
Removing Lhs of wire \pwmBuzzer:PWMUDB:MODULE_1:g2:a0:a_1\[441] = \pwmBuzzer:PWMUDB:MODIN1_1\[442]
Removing Lhs of wire \pwmBuzzer:PWMUDB:MODIN1_1\[442] = \pwmBuzzer:PWMUDB:dith_count_1\[298]
Removing Lhs of wire \pwmBuzzer:PWMUDB:MODULE_1:g2:a0:a_0\[443] = \pwmBuzzer:PWMUDB:MODIN1_0\[444]
Removing Lhs of wire \pwmBuzzer:PWMUDB:MODIN1_0\[444] = \pwmBuzzer:PWMUDB:dith_count_0\[300]
Removing Lhs of wire \pwmBuzzer:PWMUDB:MODULE_1:g2:a0:g1:z1:s0:g1:u0:c_0\[576] = tmpOE__flexSensorA_net_0[1]
Removing Lhs of wire \pwmBuzzer:PWMUDB:MODULE_1:g2:a0:g1:z1:s0:g1:u0:b_0\[577] = tmpOE__flexSensorA_net_0[1]
Removing Lhs of wire Net_319[584] = zero[2]
Removing Lhs of wire \DisplayTimer:Net_81\[587] = Net_512[599]
Removing Lhs of wire \DisplayTimer:Net_75\[588] = zero[2]
Removing Lhs of wire \DisplayTimer:Net_69\[589] = tmpOE__flexSensorA_net_0[1]
Removing Lhs of wire \DisplayTimer:Net_66\[590] = zero[2]
Removing Lhs of wire \DisplayTimer:Net_82\[591] = zero[2]
Removing Lhs of wire \DisplayTimer:Net_72\[592] = zero[2]
Removing Lhs of wire \UART_1:select_s_wire\[612] = zero[2]
Removing Rhs of wire \UART_1:rx_wire\[613] = \UART_1:Net_1268\[614]
Removing Lhs of wire \UART_1:Net_1170\[617] = \UART_1:Net_847\[611]
Removing Lhs of wire \UART_1:sclk_s_wire\[618] = zero[2]
Removing Lhs of wire \UART_1:mosi_s_wire\[619] = zero[2]
Removing Lhs of wire \UART_1:miso_m_wire\[620] = zero[2]
Removing Lhs of wire \UART_1:tmpOE__tx_net_0\[622] = tmpOE__flexSensorA_net_0[1]
Removing Lhs of wire \UART_1:tmpOE__rx_net_0\[631] = tmpOE__flexSensorA_net_0[1]
Removing Lhs of wire \UART_1:cts_wire\[635] = zero[2]
Removing Lhs of wire \pwmBuzzer:PWMUDB:prevCapture\\D\[662] = zero[2]
Removing Lhs of wire \pwmBuzzer:PWMUDB:trig_last\\D\[663] = zero[2]
Removing Lhs of wire \pwmBuzzer:PWMUDB:prevCompare1\\D\[669] = \pwmBuzzer:PWMUDB:cmp1\[317]
Removing Lhs of wire \pwmBuzzer:PWMUDB:cmp1_status_reg\\D\[670] = \pwmBuzzer:PWMUDB:cmp1_status\[318]
Removing Lhs of wire \pwmBuzzer:PWMUDB:cmp2_status_reg\\D\[671] = zero[2]
Removing Lhs of wire \pwmBuzzer:PWMUDB:pwm_i_reg\\D\[673] = \pwmBuzzer:PWMUDB:pwm_i\[369]
Removing Lhs of wire \pwmBuzzer:PWMUDB:pwm1_i_reg\\D\[674] = zero[2]
Removing Lhs of wire \pwmBuzzer:PWMUDB:pwm2_i_reg\\D\[675] = zero[2]
Removing Lhs of wire \pwmBuzzer:PWMUDB:tc_i_reg\\D\[676] = \pwmBuzzer:PWMUDB:status_2\[312]

------------------------------------------------------
Aliased 0 equations, 113 wires.
------------------------------------------------------

----------------------------------------------------------
Circuit simplification
----------------------------------------------------------

Substituting virtuals - pass 1:

Note:  Expanding virtual equation for 'tmpOE__flexSensorA_net_0' (cost = 0):
tmpOE__flexSensorA_net_0 <=  ('1') ;

Note:  Expanding virtual equation for 'zero' (cost = 0):
zero <=  ('0') ;

Note:  Expanding virtual equation for '\pwmBuzzer:PWMUDB:cmp1\' (cost = 0):
\pwmBuzzer:PWMUDB:cmp1\ <= (\pwmBuzzer:PWMUDB:cmp1_less\);

Note:  Expanding virtual equation for '\pwmBuzzer:PWMUDB:MODULE_1:g2:a0:g1:z1:s0:g1:u0:c_1\' (cost = 0):
\pwmBuzzer:PWMUDB:MODULE_1:g2:a0:g1:z1:s0:g1:u0:c_1\ <= (\pwmBuzzer:PWMUDB:dith_count_0\);

Note:  Expanding virtual equation for '\pwmBuzzer:PWMUDB:MODULE_1:g2:a0:s_0\' (cost = 0):
\pwmBuzzer:PWMUDB:MODULE_1:g2:a0:s_0\ <= (not \pwmBuzzer:PWMUDB:dith_count_0\);

Note:  Expanding virtual equation for '\pwmBuzzer:PWMUDB:MODULE_1:g2:a0:g1:z1:s0:g1:u0:c_17\' (cost = 0):
\pwmBuzzer:PWMUDB:MODULE_1:g2:a0:g1:z1:s0:g1:u0:c_17\ <=  ('0') ;

Note:  Expanding virtual equation for '\pwmBuzzer:PWMUDB:MODULE_1:g2:a0:g1:z1:s0:g1:u0:c_9\' (cost = 0):
\pwmBuzzer:PWMUDB:MODULE_1:g2:a0:g1:z1:s0:g1:u0:c_9\ <=  ('0') ;

Note:  Expanding virtual equation for '\pwmBuzzer:PWMUDB:MODULE_1:g2:a0:g1:z1:s0:g1:u0:c_2\' (cost = 0):
\pwmBuzzer:PWMUDB:MODULE_1:g2:a0:g1:z1:s0:g1:u0:c_2\ <= ((\pwmBuzzer:PWMUDB:dith_count_1\ and \pwmBuzzer:PWMUDB:dith_count_0\));


Substituting virtuals - pass 2:

Note:  Expanding virtual equation for '\pwmBuzzer:PWMUDB:MODULE_1:g2:a0:s_1\' (cost = 2):
\pwmBuzzer:PWMUDB:MODULE_1:g2:a0:s_1\ <= ((not \pwmBuzzer:PWMUDB:dith_count_0\ and \pwmBuzzer:PWMUDB:dith_count_1\)
	OR (not \pwmBuzzer:PWMUDB:dith_count_1\ and \pwmBuzzer:PWMUDB:dith_count_0\));

Note:  Expanding virtual equation for '\pwmBuzzer:PWMUDB:MODULE_1:g2:a0:g1:z1:s0:g1:u0:c_18\' (cost = 0):
\pwmBuzzer:PWMUDB:MODULE_1:g2:a0:g1:z1:s0:g1:u0:c_18\ <=  ('0') ;

Note:  Expanding virtual equation for '\pwmBuzzer:PWMUDB:MODULE_1:g2:a0:g1:z1:s0:g1:u0:c_10\' (cost = 0):
\pwmBuzzer:PWMUDB:MODULE_1:g2:a0:g1:z1:s0:g1:u0:c_10\ <=  ('0') ;

Note:  Expanding virtual equation for '\pwmBuzzer:PWMUDB:MODULE_1:g2:a0:g1:z1:s0:g1:u0:c_3\' (cost = 0):
\pwmBuzzer:PWMUDB:MODULE_1:g2:a0:g1:z1:s0:g1:u0:c_3\ <=  ('0') ;


Substituting virtuals - pass 3:

Note:  Expanding virtual equation for '\pwmBuzzer:PWMUDB:MODULE_1:g2:a0:g1:z1:s0:g1:u0:c_19\' (cost = 0):
\pwmBuzzer:PWMUDB:MODULE_1:g2:a0:g1:z1:s0:g1:u0:c_19\ <=  ('0') ;

Note:  Expanding virtual equation for '\pwmBuzzer:PWMUDB:MODULE_1:g2:a0:g1:z1:s0:g1:u0:c_11\' (cost = 0):
\pwmBuzzer:PWMUDB:MODULE_1:g2:a0:g1:z1:s0:g1:u0:c_11\ <=  ('0') ;

Note:  Expanding virtual equation for '\pwmBuzzer:PWMUDB:MODULE_1:g2:a0:g1:z1:s0:g1:u0:c_4\' (cost = 0):
\pwmBuzzer:PWMUDB:MODULE_1:g2:a0:g1:z1:s0:g1:u0:c_4\ <=  ('0') ;


Substituting virtuals - pass 4:

Note:  Expanding virtual equation for '\pwmBuzzer:PWMUDB:MODULE_1:g2:a0:g1:z1:s0:g1:u0:c_20\' (cost = 0):
\pwmBuzzer:PWMUDB:MODULE_1:g2:a0:g1:z1:s0:g1:u0:c_20\ <=  ('0') ;

Note:  Expanding virtual equation for '\pwmBuzzer:PWMUDB:MODULE_1:g2:a0:g1:z1:s0:g1:u0:c_12\' (cost = 0):
\pwmBuzzer:PWMUDB:MODULE_1:g2:a0:g1:z1:s0:g1:u0:c_12\ <=  ('0') ;

Note:  Expanding virtual equation for '\pwmBuzzer:PWMUDB:MODULE_1:g2:a0:g1:z1:s0:g1:u0:c_5\' (cost = 0):
\pwmBuzzer:PWMUDB:MODULE_1:g2:a0:g1:z1:s0:g1:u0:c_5\ <=  ('0') ;


Substituting virtuals - pass 5:

Note:  Expanding virtual equation for '\pwmBuzzer:PWMUDB:MODULE_1:g2:a0:g1:z1:s0:g1:u0:c_21\' (cost = 0):
\pwmBuzzer:PWMUDB:MODULE_1:g2:a0:g1:z1:s0:g1:u0:c_21\ <=  ('0') ;

Note:  Expanding virtual equation for '\pwmBuzzer:PWMUDB:MODULE_1:g2:a0:g1:z1:s0:g1:u0:c_13\' (cost = 0):
\pwmBuzzer:PWMUDB:MODULE_1:g2:a0:g1:z1:s0:g1:u0:c_13\ <=  ('0') ;

Note:  Expanding virtual equation for '\pwmBuzzer:PWMUDB:MODULE_1:g2:a0:g1:z1:s0:g1:u0:c_6\' (cost = 0):
\pwmBuzzer:PWMUDB:MODULE_1:g2:a0:g1:z1:s0:g1:u0:c_6\ <=  ('0') ;


Substituting virtuals - pass 6:

Note:  Expanding virtual equation for '\pwmBuzzer:PWMUDB:MODULE_1:g2:a0:g1:z1:s0:g1:u0:c_22\' (cost = 0):
\pwmBuzzer:PWMUDB:MODULE_1:g2:a0:g1:z1:s0:g1:u0:c_22\ <=  ('0') ;

Note:  Expanding virtual equation for '\pwmBuzzer:PWMUDB:MODULE_1:g2:a0:g1:z1:s0:g1:u0:c_14\' (cost = 0):
\pwmBuzzer:PWMUDB:MODULE_1:g2:a0:g1:z1:s0:g1:u0:c_14\ <=  ('0') ;

Note:  Expanding virtual equation for '\pwmBuzzer:PWMUDB:MODULE_1:g2:a0:g1:z1:s0:g1:u0:c_7\' (cost = 0):
\pwmBuzzer:PWMUDB:MODULE_1:g2:a0:g1:z1:s0:g1:u0:c_7\ <=  ('0') ;


Substituting virtuals - pass 7:

Note:  Expanding virtual equation for '\pwmBuzzer:PWMUDB:MODULE_1:g2:a0:g1:z1:s0:g1:u0:c_23\' (cost = 0):
\pwmBuzzer:PWMUDB:MODULE_1:g2:a0:g1:z1:s0:g1:u0:c_23\ <=  ('0') ;

Note:  Expanding virtual equation for '\pwmBuzzer:PWMUDB:MODULE_1:g2:a0:g1:z1:s0:g1:u0:c_15\' (cost = 0):
\pwmBuzzer:PWMUDB:MODULE_1:g2:a0:g1:z1:s0:g1:u0:c_15\ <=  ('0') ;


Substituting virtuals - pass 8:


----------------------------------------------------------
Circuit simplification results:

	Expanded 26 signals.
	Turned 0 signals into soft nodes.
	Maximum default expansion cost was set at 3.
----------------------------------------------------------

------------------------------------------------------
Alias Detection
------------------------------------------------------
Aliasing \pwmBuzzer:PWMUDB:final_capture\ to zero
Aliasing \pwmBuzzer:PWMUDB:MODULE_1:g2:a0:g1:z1:s0:g1:u0:b_24\ to zero
Aliasing \pwmBuzzer:PWMUDB:MODULE_1:g2:a0:g1:z1:s0:g1:u0:b_16\ to zero
Aliasing \pwmBuzzer:PWMUDB:MODULE_1:g2:a0:g1:z1:s0:g1:u0:b_8\ to zero
Aliasing \pwmBuzzer:PWMUDB:min_kill_reg\\D\ to tmpOE__flexSensorA_net_0
Aliasing \pwmBuzzer:PWMUDB:ltch_kill_reg\\D\ to tmpOE__flexSensorA_net_0
Aliasing \pwmBuzzer:PWMUDB:final_kill_reg\\D\ to zero
Removing Lhs of wire \pwmBuzzer:PWMUDB:final_capture\[335] = zero[2]
Removing Lhs of wire \pwmBuzzer:PWMUDB:MODULE_1:g2:a0:g1:z1:s0:g1:u0:b_24\[547] = zero[2]
Removing Lhs of wire \pwmBuzzer:PWMUDB:MODULE_1:g2:a0:g1:z1:s0:g1:u0:b_16\[557] = zero[2]
Removing Lhs of wire \pwmBuzzer:PWMUDB:MODULE_1:g2:a0:g1:z1:s0:g1:u0:b_8\[567] = zero[2]
Removing Lhs of wire \pwmBuzzer:PWMUDB:min_kill_reg\\D\[661] = tmpOE__flexSensorA_net_0[1]
Removing Lhs of wire \pwmBuzzer:PWMUDB:runmode_enable\\D\[664] = \pwmBuzzer:PWMUDB:control_7\[254]
Removing Lhs of wire \pwmBuzzer:PWMUDB:ltch_kill_reg\\D\[666] = tmpOE__flexSensorA_net_0[1]
Removing Lhs of wire \pwmBuzzer:PWMUDB:final_kill_reg\\D\[672] = zero[2]

------------------------------------------------------
Aliased 0 equations, 8 wires.
------------------------------------------------------

----------------------------------------------------------
Circuit simplification
----------------------------------------------------------

Eliminating unused logic - pass 1:


Eliminating unused logic - pass 2:


Substituting virtuals - pass 1:


----------------------------------------------------------
Circuit simplification results:

	Expanded 0 signals.
	Turned 0 signals into soft nodes.
	Maximum default expansion cost was set at 3.
----------------------------------------------------------

topld:  No errors.

CYPRESS_DIR    : C:\Program Files (x86)\Cypress\PSoC Creator\4.1\PSoC Creator\warp
Warp Program   : C:\Program Files (x86)\Cypress\PSoC Creator\4.1\PSoC Creator\warp\bin\warp.exe
Warp Arguments : -yv2 -q10 -ygs -o2 -v3 -.fftcfgtype=LE -ya "-.fftprj=C:\Users\Jacob\Documents\Junior\EGR 304\EGR304\PeacefulPillow.cydsn\PeacefulPillow.cyprj" -dcpsoc3 PeacefulPillow.v -verilog
</CYPRESSTAG>
Warp synthesis phase: Elapsed time ==> 1s.191ms
<CYPRESSTAG name="Fitter results...">
<CYPRESSTAG name="Fitter startup details...">
cyp3fit: V4.1.0.3210, Family: PSoC3, Started at: Monday, 20 November 2017 18:35:28
Options: -yv2 -q10 -ygs -o2 -v3 -.fftcfgtype=LE -ya -.fftprj=C:\Users\Jacob\Documents\Junior\EGR 304\EGR304\PeacefulPillow.cydsn\PeacefulPillow.cyprj -d CY8C4248LQQ-BL583 PeacefulPillow.v -verilog
</CYPRESSTAG>
<CYPRESSTAG name="Design parsing">
Design parsing phase: Elapsed time ==> 0s.010ms
</CYPRESSTAG>
<CYPRESSTAG name="Tech Mapping">
<CYPRESSTAG name="Initial Mapping" icon="FILE_RPT_TECHM">
    Removed wire end \pwmBuzzer:PWMUDB:MODULE_1:g2:a0:g1:z1:s0:g1:u0:c_24\ kept zero
    Removed wire end \pwmBuzzer:PWMUDB:MODULE_1:g2:a0:g1:z1:s0:g1:u0:c_16\ kept zero
    Removed wire end \pwmBuzzer:PWMUDB:MODULE_1:g2:a0:g1:z1:s0:g1:u0:c_8\ kept zero
    Converted constant MacroCell: \pwmBuzzer:PWMUDB:prevCapture\ from registered to combinatorial
    Converted constant MacroCell: \pwmBuzzer:PWMUDB:trig_last\ from registered to combinatorial
    Converted constant MacroCell: \pwmBuzzer:PWMUDB:status_1\ from registered to combinatorial
    Converted constant MacroCell: \pwmBuzzer:PWMUDB:status_5\ from registered to combinatorial
    Converted constant MacroCell: \pwmBuzzer:PWMUDB:pwm1_i_reg\ from registered to combinatorial
    Converted constant MacroCell: \pwmBuzzer:PWMUDB:pwm2_i_reg\ from registered to combinatorial
Assigning clock BLE_LFCLK to clock LFClk because it is a pass-through

Removing unused cells resulting from optimization
Done removing unused cells.
<CYPRESSTAG name="Global Clock Selection" icon="FILE_RPT_TECHM">
    Fixed Function Clock 7: Automatic-assigning  clock 'Timer_CLK'. Signal=Net_512_ff7
    Fixed Function Clock 6: Automatic-assigning  clock 'adc_intClock'. Signal=\adc:Net_1845_ff6\
    Fixed Function Clock 1: Automatic-assigning  clock 'UART_1_SCBCLK'. Signal=\UART_1:Net_847_ff1\
    Digital Clock 0: Automatic-assigning  clock 'clockBuzzer'. Fanout=1, Signal=Net_338_digital
<CYPRESSTAG name="UDB Clock/Enable Remapping Results">
    UDB Clk/Enable \pwmBuzzer:PWMUDB:clock_enable_block\: with output requested to be synchronous
        ClockIn: ClockGenBlock:m0s8clockgenblockcell.gen_clk_out_0 was determined to be a global clock that is synchronous to HFClk
        EnableIn: Constant 1 was determined to be synchronous to ClockIn
        ClockOut: ClockGenBlock:m0s8clockgenblockcell.gen_clk_out_0, EnableOut: Constant 1
</CYPRESSTAG>
</CYPRESSTAG>

Removing unused cells resulting from optimization
Done removing unused cells.

Removing unused cells resulting from optimization
Done removing unused cells.
<CYPRESSTAG name="Duplicate Macrocell detection">
</CYPRESSTAG>
</CYPRESSTAG>
<CYPRESSTAG name="Duplicate Macrocell detection">

Removing unused cells resulting from optimization
Done removing unused cells.
</CYPRESSTAG>
<CYPRESSTAG name="Design Equations" icon="FILE_RPT_EQUATION">

------------------------------------------------------------
Design Equations
------------------------------------------------------------
    <CYPRESSTAG name="Pin listing">

    ------------------------------------------------------------
    Pin listing
    ------------------------------------------------------------

    Pin : Name = flexSensorA(0)
        Attributes:
            In Group/Port: True
            In Sync Option: AUTO
            Out Sync Option: AUTO
            Interrupt generated: False
            Interrupt mode: NONE
            Drive mode: HI_Z_ANALOG
            VTrip: EITHER
            Slew: FAST
            Input Sync needed: False
            Output Sync needed: False
            SC shield enabled: False
            POR State: ANY
            LCD Mode: COMMON
            Register Mode: RegComb
            CaSense Mode: NEITHER
            Treat as pin: True
            Is OE Registered: False
            Uses Analog: True
            Can contain Digital: False
            Is SIO: False
            SIO Output Buf: NONREGULATED
            SIO Input Buf: SINGLE_ENDED
            SIO HiFreq: LOW
            SIO Hyst: DISABLED
            SIO Vtrip: MULTIPLIER_0_5
            SIO Multiplier Index: 0
            SIO RefSel: VCC_IO
            Required Capabilities: ANALOG
            Initial Value: 1
            IO Voltage: 0
        PORT MAP (
            pa_out => flexSensorA(0)__PA ,
            analog_term => Net_53 ,
            pad => flexSensorA(0)_PAD );
        Properties:
        {
        }

    Pin : Name = flexSensorB(0)
        Attributes:
            In Group/Port: True
            In Sync Option: AUTO
            Out Sync Option: AUTO
            Interrupt generated: False
            Interrupt mode: NONE
            Drive mode: HI_Z_ANALOG
            VTrip: EITHER
            Slew: FAST
            Input Sync needed: False
            Output Sync needed: False
            SC shield enabled: False
            POR State: ANY
            LCD Mode: COMMON
            Register Mode: RegComb
            CaSense Mode: NEITHER
            Treat as pin: True
            Is OE Registered: False
            Uses Analog: True
            Can contain Digital: False
            Is SIO: False
            SIO Output Buf: NONREGULATED
            SIO Input Buf: SINGLE_ENDED
            SIO HiFreq: LOW
            SIO Hyst: DISABLED
            SIO Vtrip: MULTIPLIER_0_5
            SIO Multiplier Index: 0
            SIO RefSel: VCC_IO
            Required Capabilities: ANALOG
            Initial Value: 1
            IO Voltage: 0
        PORT MAP (
            pa_out => flexSensorB(0)__PA ,
            analog_term => Net_51 ,
            pad => flexSensorB(0)_PAD );
        Properties:
        {
        }

    Pin : Name = motorA(0)
        Attributes:
            In Group/Port: True
            In Sync Option: AUTO
            Out Sync Option: NOSYNC
            Interrupt generated: False
            Interrupt mode: NONE
            Drive mode: CMOS_OUT
            VTrip: EITHER
            Slew: FAST
            Input Sync needed: False
            Output Sync needed: False
            SC shield enabled: False
            POR State: ANY
            LCD Mode: COMMON
            Register Mode: RegComb
            CaSense Mode: NEITHER
            Treat as pin: True
            Is OE Registered: False
            Uses Analog: False
            Can contain Digital: True
            Is SIO: False
            SIO Output Buf: NONREGULATED
            SIO Input Buf: SINGLE_ENDED
            SIO HiFreq: LOW
            SIO Hyst: DISABLED
            SIO Vtrip: MULTIPLIER_0_5
            SIO Multiplier Index: 0
            SIO RefSel: VCC_IO
            Required Capabilities: DIGITAL
            Initial Value: 0
            IO Voltage: 0
        PORT MAP (
            pa_out => motorA(0)__PA ,
            pad => motorA(0)_PAD );
        Properties:
        {
        }

    Pin : Name = motorB(0)
        Attributes:
            In Group/Port: True
            In Sync Option: AUTO
            Out Sync Option: NOSYNC
            Interrupt generated: False
            Interrupt mode: NONE
            Drive mode: CMOS_OUT
            VTrip: EITHER
            Slew: FAST
            Input Sync needed: False
            Output Sync needed: False
            SC shield enabled: False
            POR State: ANY
            LCD Mode: COMMON
            Register Mode: RegComb
            CaSense Mode: NEITHER
            Treat as pin: True
            Is OE Registered: False
            Uses Analog: False
            Can contain Digital: True
            Is SIO: False
            SIO Output Buf: NONREGULATED
            SIO Input Buf: SINGLE_ENDED
            SIO HiFreq: LOW
            SIO Hyst: DISABLED
            SIO Vtrip: MULTIPLIER_0_5
            SIO Multiplier Index: 0
            SIO RefSel: VCC_IO
            Required Capabilities: DIGITAL
            Initial Value: 0
            IO Voltage: 0
        PORT MAP (
            pa_out => motorB(0)__PA ,
            pad => motorB(0)_PAD );
        Properties:
        {
        }

    Pin : Name = buzzer(0)
        Attributes:
            In Group/Port: True
            In Sync Option: AUTO
            Out Sync Option: NOSYNC
            Interrupt generated: False
            Interrupt mode: NONE
            Drive mode: CMOS_OUT
            VTrip: EITHER
            Slew: FAST
            Input Sync needed: False
            Output Sync needed: False
            SC shield enabled: False
            POR State: ANY
            LCD Mode: COMMON
            Register Mode: RegComb
            CaSense Mode: NEITHER
            Treat as pin: True
            Is OE Registered: False
            Uses Analog: False
            Can contain Digital: True
            Is SIO: False
            SIO Output Buf: NONREGULATED
            SIO Input Buf: SINGLE_ENDED
            SIO HiFreq: LOW
            SIO Hyst: DISABLED
            SIO Vtrip: MULTIPLIER_0_5
            SIO Multiplier Index: 0
            SIO RefSel: VCC_IO
            Required Capabilities: DIGITAL, ROUTABLE
            Initial Value: 1
            IO Voltage: 0
        PORT MAP (
            pa_out => buzzer(0)__PA ,
            pin_input => Net_348 ,
            pad => buzzer(0)_PAD );
        Properties:
        {
        }

    Pin : Name = \UART_1:tx(0)\
        Attributes:
            In Group/Port: True
            In Sync Option: NOSYNC
            Out Sync Option: NOSYNC
            Interrupt generated: False
            Interrupt mode: NONE
            Drive mode: CMOS_OUT
            VTrip: CMOS
            Slew: FAST
            Input Sync needed: False
            Output Sync needed: False
            SC shield enabled: False
            POR State: ANY
            LCD Mode: COMMON
            Register Mode: RegComb
            CaSense Mode: NEITHER
            Treat as pin: True
            Is OE Registered: False
            Uses Analog: False
            Can contain Digital: True
            Is SIO: False
            SIO Output Buf: NONREGULATED
            SIO Input Buf: SINGLE_ENDED
            SIO HiFreq: LOW
            SIO Hyst: DISABLED
            SIO Vtrip: MULTIPLIER_0_5
            SIO Multiplier Index: 0
            SIO RefSel: VCC_IO
            Required Capabilities: DIGITAL
            Initial Value: 1
            IO Voltage: 0
        PORT MAP (
            pa_out => \UART_1:tx(0)\__PA ,
            pin_input => \UART_1:tx_wire\ ,
            pad => \UART_1:tx(0)_PAD\ );
        Properties:
        {
        }

    Pin : Name = \UART_1:rx(0)\
        Attributes:
            In Group/Port: True
            In Sync Option: NOSYNC
            Out Sync Option: AUTO
            Interrupt generated: False
            Interrupt mode: NONE
            Drive mode: HI_Z_DIGITAL
            VTrip: CMOS
            Slew: FAST
            Input Sync needed: False
            Output Sync needed: False
            SC shield enabled: False
            POR State: ANY
            LCD Mode: COMMON
            Register Mode: RegComb
            CaSense Mode: NEITHER
            Treat as pin: True
            Is OE Registered: False
            Uses Analog: False
            Can contain Digital: True
            Is SIO: False
            SIO Output Buf: NONREGULATED
            SIO Input Buf: SINGLE_ENDED
            SIO HiFreq: LOW
            SIO Hyst: DISABLED
            SIO Vtrip: MULTIPLIER_0_5
            SIO Multiplier Index: 0
            SIO RefSel: VCC_IO
            Required Capabilities: DIGITAL
            Initial Value: 0
            IO Voltage: 0
        PORT MAP (
            pa_out => \UART_1:rx(0)\__PA ,
            fb => \UART_1:rx_wire\ ,
            pad => \UART_1:rx(0)_PAD\ );
        Properties:
        {
        }
    </CYPRESSTAG>
    <CYPRESSTAG name="Macrocell listing" icon="FILE_RPT_EQUATION">

    ------------------------------------------------------------
    Macrocell listing
    ------------------------------------------------------------

    MacroCell: Name=\pwmBuzzer:PWMUDB:status_2\, Mode=(Combinatorial)
        Total # of inputs        : 2
        Total # of product terms : 1
            Clock Enable: True
        Main Equation            : 1 pterm
        (
              \pwmBuzzer:PWMUDB:runmode_enable\ * \pwmBuzzer:PWMUDB:tc_i\
        );
        Output = \pwmBuzzer:PWMUDB:status_2\ (fanout=1)

    MacroCell: Name=\pwmBuzzer:PWMUDB:runmode_enable\, Mode=(D-Register)
        Total # of inputs        : 1
        Total # of product terms : 1
        List of special equations: 
            Clock  = (Net_338_digital) => Global
            Clock Enable: True
        Main Equation            : 1 pterm
        (
              \pwmBuzzer:PWMUDB:control_7\
        );
        Output = \pwmBuzzer:PWMUDB:runmode_enable\ (fanout=3)

    MacroCell: Name=\pwmBuzzer:PWMUDB:prevCompare1\, Mode=(D-Register)
        Total # of inputs        : 1
        Total # of product terms : 1
        List of special equations: 
            Clock  = (Net_338_digital) => Global
            Clock Enable: True
        Main Equation            : 1 pterm
        (
              \pwmBuzzer:PWMUDB:cmp1_less\
        );
        Output = \pwmBuzzer:PWMUDB:prevCompare1\ (fanout=1)

    MacroCell: Name=\pwmBuzzer:PWMUDB:status_0\, Mode=(D-Register)
        Total # of inputs        : 2
        Total # of product terms : 1
        List of special equations: 
            Clock  = (Net_338_digital) => Global
            Clock Enable: True
        Main Equation            : 1 pterm
        (
              !\pwmBuzzer:PWMUDB:prevCompare1\ * \pwmBuzzer:PWMUDB:cmp1_less\
        );
        Output = \pwmBuzzer:PWMUDB:status_0\ (fanout=1)

    MacroCell: Name=Net_348, Mode=(D-Register)
        Total # of inputs        : 2
        Total # of product terms : 1
        List of special equations: 
            Clock  = (Net_338_digital) => Global
            Clock Enable: True
        Main Equation            : 1 pterm
        (
              \pwmBuzzer:PWMUDB:runmode_enable\ * 
              \pwmBuzzer:PWMUDB:cmp1_less\
        );
        Output = Net_348 (fanout=1)
    </CYPRESSTAG>
    <CYPRESSTAG name="Datapath listing">

    ------------------------------------------------------------
    Datapath listing
    ------------------------------------------------------------

    datapathcell: Name =\pwmBuzzer:PWMUDB:sP8:pwmdp:u0\
        PORT MAP (
            clock => Net_338_digital ,
            cs_addr_2 => \pwmBuzzer:PWMUDB:tc_i\ ,
            cs_addr_1 => \pwmBuzzer:PWMUDB:runmode_enable\ ,
            cl0_comb => \pwmBuzzer:PWMUDB:cmp1_less\ ,
            z0_comb => \pwmBuzzer:PWMUDB:tc_i\ ,
            f1_blk_stat_comb => \pwmBuzzer:PWMUDB:status_3\ );
        Properties:
        {
            a0_init = "00000000"
            a1_init = "00000000"
            ce0_sync = 1
            ce1_sync = 1
            cl0_sync = 1
            cl1_sync = 1
            cmsb_sync = 1
            co_msb_sync = 1
            cy_dpconfig = "0000000001000000000000001100000001000000010000000000000011000000000000001100000000000000110000000000000011000000000000001100000011111111000000001111111111111111101000000000000000000100000000000000000000011000"
            d0_init = "00000000"
            d1_init = "00000000"
            f0_blk_sync = 1
            f0_bus_sync = 1
            f1_blk_sync = 1
            f1_bus_sync = 1
            ff0_sync = 1
            ff1_sync = 1
            ov_msb_sync = 1
            so_sync = 1
            z0_sync = 1
            z1_sync = 1
        }
        Clock Polarity: Active High
        Clock Enable: True
    </CYPRESSTAG>
    <CYPRESSTAG name="Status register listing">
    </CYPRESSTAG>
    <CYPRESSTAG name="StatusI register listing">

    ------------------------------------------------------------
    StatusI register listing
    ------------------------------------------------------------

    statusicell: Name =\pwmBuzzer:PWMUDB:genblk8:stsreg\
        PORT MAP (
            clock => Net_338_digital ,
            status_3 => \pwmBuzzer:PWMUDB:status_3\ ,
            status_2 => \pwmBuzzer:PWMUDB:status_2\ ,
            status_0 => \pwmBuzzer:PWMUDB:status_0\ );
        Properties:
        {
            cy_force_order = 1
            cy_int_mask = "1111111"
            cy_md_select = "0100111"
        }
        Clock Polarity: Active High
        Clock Enable: True
    </CYPRESSTAG>
    <CYPRESSTAG name="Sync listing">
    </CYPRESSTAG>
    <CYPRESSTAG name="Control register listing">

    ------------------------------------------------------------
    Control register listing
    ------------------------------------------------------------

    controlcell: Name =\pwmBuzzer:PWMUDB:genblk1:ctrlreg\
        PORT MAP (
            clock => Net_338_digital ,
            control_7 => \pwmBuzzer:PWMUDB:control_7\ ,
            control_6 => \pwmBuzzer:PWMUDB:control_6\ ,
            control_5 => \pwmBuzzer:PWMUDB:control_5\ ,
            control_4 => \pwmBuzzer:PWMUDB:control_4\ ,
            control_3 => \pwmBuzzer:PWMUDB:control_3\ ,
            control_2 => \pwmBuzzer:PWMUDB:control_2\ ,
            control_1 => \pwmBuzzer:PWMUDB:control_1\ ,
            control_0 => \pwmBuzzer:PWMUDB:control_0\ );
        Properties:
        {
            cy_ctrl_mode_0 = "11111111"
            cy_ctrl_mode_1 = "00000000"
            cy_ext_reset = 0
            cy_force_order = 1
            cy_init_value = "00000000"
        }
        Clock Polarity: Active High
        Clock Enable: True
    </CYPRESSTAG>
    <CYPRESSTAG name="Count7 listing">
    </CYPRESSTAG>
    <CYPRESSTAG name="DRQ listing">
    </CYPRESSTAG>
    <CYPRESSTAG name="Interrupt listing">

    ------------------------------------------------------------
    Interrupt listing
    ------------------------------------------------------------

    interrupt: Name =\adc:IRQ\
        PORT MAP (
            interrupt => \adc:Net_3112\ );
        Properties:
        {
            int_type = "10"
            is_nmi = 0
        }

    interrupt: Name =\BLE:bless_isr\
        PORT MAP (
            interrupt => \BLE:Net_15\ );
        Properties:
        {
            int_type = "10"
            is_nmi = 0
        }

    interrupt: Name =Disp_INT
        PORT MAP (
            interrupt => Net_506 );
        Properties:
        {
            int_type = "10"
            is_nmi = 0
        }
    </CYPRESSTAG>
</CYPRESSTAG>
<CYPRESSTAG name="Technology mapping summary" expanded>

------------------------------------------------------------
Technology mapping summary
------------------------------------------------------------

Resource Type                 : Used : Free :  Max :  % Used
============================================================
Digital Clocks                :    1 :    3 :    4 : 25.00 %
Interrupts                    :    3 :   29 :   32 :  9.38 %
IO                            :   11 :   27 :   38 : 28.95 %
Segment LCD                   :    0 :    1 :    1 :  0.00 %
CapSense                      :    0 :    1 :    1 :  0.00 %
Die Temp                      :    0 :    1 :    1 :  0.00 %
Serial Communication (SCB)    :    1 :    1 :    2 : 50.00 %
BLE                           :    1 :    0 :    1 : 100.00 %
DMA Channels                  :    0 :    8 :    8 :  0.00 %
Timer/Counter/PWM             :    1 :    3 :    4 : 25.00 %
UDB                           :      :      :      :        
  Macrocells                  :    5 :   27 :   32 : 15.63 %
  Unique P-terms              :    5 :   59 :   64 :  7.81 %
  Total P-terms               :    5 :      :      :        
  Datapath Cells              :    1 :    3 :    4 : 25.00 %
  Status Cells                :    1 :    3 :    4 : 25.00 %
    StatusI Registers         :    1 :      :      :        
  Control Cells               :    1 :    3 :    4 : 25.00 %
    Control Registers         :    1 :      :      :        
Comparator/Opamp              :    0 :    4 :    4 :  0.00 %
LP Comparator                 :    0 :    2 :    2 :  0.00 %
SAR ADC                       :    1 :    0 :    1 : 100.00 %
DAC                           :      :      :      :        
  7-bit IDAC                  :    0 :    1 :    1 :  0.00 %
  8-bit IDAC                  :    0 :    1 :    1 :  0.00 %
</CYPRESSTAG>
Technology Mapping: Elapsed time ==> 0s.039ms
Tech Mapping phase: Elapsed time ==> 0s.059ms
</CYPRESSTAG>
<CYPRESSTAG name="Analog Placement">
<CYPRESSTAG name="FFB & IO Pre Placement">
<CYPRESSTAG name="Placement" icon="FILE_RPT_PLACEMENT">

Cell                                : Block                              
=========================================================================
flexSensorA(0)                      : [IOP=(0)][IoId=(0)]                
flexSensorB(0)                      : [IOP=(0)][IoId=(1)]                
motorA(0)                           : [IOP=(2)][IoId=(6)]                
motorB(0)                           : [IOP=(2)][IoId=(7)]                
buzzer(0)                           : [IOP=(3)][IoId=(2)]                
\UART_1:tx(0)\                      : [IOP=(1)][IoId=(5)]                
\UART_1:rx(0)\                      : [IOP=(1)][IoId=(4)]                
ClockGenBlock                       : CLK_GEN_[FFB(CLK_GEN,0)]           
\adc:cy_psoc4_sar\                  : SARADC_[FFB(SARADC,0)]             
\BLE:cy_m0s8_ble\                   : BLE_[FFB(BLE,0)]                   
\UART_1:SCB\                        : SCB_[FFB(SCB,0)]                   
\DisplayTimer:cy_m0s8_tcpwm_1\      : TCPWM_[FFB(TCPWM,0)]               

</CYPRESSTAG>
</CYPRESSTAG>
<CYPRESSTAG name="Real Analog Placement">
Elapsed time ==> 0.1531079s
</CYPRESSTAG>
Analog Placement phase: Elapsed time ==> 0s.340ms
</CYPRESSTAG>
<CYPRESSTAG name="Analog Routing">
<CYPRESSTAG name="Analog Routing">
Route success=True, Iterations=1 Elapsed=0.0124573 secs
</CYPRESSTAG>
Analog Routing phase: Elapsed time ==> 0s.010ms
</CYPRESSTAG>
<CYPRESSTAG name="Analog Code Generation">
============ Analog Final Answer Routes ============
Dump of CyAnalogRoutingResultsDB
Map of net to items {
  Net: Net_51 {
    p0_1
  }
  Net: Net_53 {
    p0_0
  }
  Net: \adc:Net_1851\ {
  }
  Net: \adc:Net_3113\ {
  }
  Net: \adc:Net_3227\ {
  }
  Net: \adc:mux_bus_minus_0\ {
  }
  Net: \adc:mux_bus_minus_1\ {
  }
  Net: \adc:mux_bus_minus_2\ {
  }
  Net: \adc:mux_bus_plus_2\ {
  }
  Net: \adc:muxout_plus\ {
    PASS0_sarmux_vplus
  }
  Net: AMuxNet::\adc:cy_psoc4_sarmux_8\_CYAMUXSIDE_A {
    PASS0_SARMUX0_sw19
    amuxbusb_sar
    AMUX_CTB_SAR_SWITCH_B_SL
    amuxbridge_ctb_sar_b
    AMUX_CTB_SAR_SWITCH_B_SR
    amuxbusb_ctb
    P0_P50
    PASS0_SARMUX0_sw18
    amuxbusa_sar
    AMUX_CTB_SAR_SWITCH_A_SL
    amuxbridge_ctb_sar_a
    AMUX_CTB_SAR_SWITCH_A_SR
    amuxbusa_ctb
    P0_P41
  }
  Net: \adc:muxout_minus\ {
    PASS0_sarmux_vminus
  }
  Net: AMuxNet::\adc:cy_psoc4_sarmux_8\_CYAMUXSIDE_B {
  }
}
Map of item to net {
  p0_1                                             -> Net_51
  p0_0                                             -> Net_53
  PASS0_sarmux_vplus                               -> \adc:muxout_plus\
  PASS0_SARMUX0_sw19                               -> AMuxNet::\adc:cy_psoc4_sarmux_8\_CYAMUXSIDE_A
  amuxbusb_sar                                     -> AMuxNet::\adc:cy_psoc4_sarmux_8\_CYAMUXSIDE_A
  AMUX_CTB_SAR_SWITCH_B_SL                         -> AMuxNet::\adc:cy_psoc4_sarmux_8\_CYAMUXSIDE_A
  amuxbridge_ctb_sar_b                             -> AMuxNet::\adc:cy_psoc4_sarmux_8\_CYAMUXSIDE_A
  AMUX_CTB_SAR_SWITCH_B_SR                         -> AMuxNet::\adc:cy_psoc4_sarmux_8\_CYAMUXSIDE_A
  amuxbusb_ctb                                     -> AMuxNet::\adc:cy_psoc4_sarmux_8\_CYAMUXSIDE_A
  P0_P50                                           -> AMuxNet::\adc:cy_psoc4_sarmux_8\_CYAMUXSIDE_A
  PASS0_SARMUX0_sw18                               -> AMuxNet::\adc:cy_psoc4_sarmux_8\_CYAMUXSIDE_A
  amuxbusa_sar                                     -> AMuxNet::\adc:cy_psoc4_sarmux_8\_CYAMUXSIDE_A
  AMUX_CTB_SAR_SWITCH_A_SL                         -> AMuxNet::\adc:cy_psoc4_sarmux_8\_CYAMUXSIDE_A
  amuxbridge_ctb_sar_a                             -> AMuxNet::\adc:cy_psoc4_sarmux_8\_CYAMUXSIDE_A
  AMUX_CTB_SAR_SWITCH_A_SR                         -> AMuxNet::\adc:cy_psoc4_sarmux_8\_CYAMUXSIDE_A
  amuxbusa_ctb                                     -> AMuxNet::\adc:cy_psoc4_sarmux_8\_CYAMUXSIDE_A
  P0_P41                                           -> AMuxNet::\adc:cy_psoc4_sarmux_8\_CYAMUXSIDE_A
  PASS0_sarmux_vminus                              -> \adc:muxout_minus\
}
Mux Info {
  Mux: \adc:cy_psoc4_sarmux_8\_CYAMUXSIDE_A {
     Mouth: \adc:muxout_plus\
     Guts:  AMuxNet::\adc:cy_psoc4_sarmux_8\_CYAMUXSIDE_A
     IsSingleSwitching: False
     IsStaticSwitching: False
     IsAtMostOneSwitch: True
    Arm: 0 {
      Net:   Net_53
      Outer: PASS0_SARMUX0_sw19
      Inner: __open__
      Path {
        PASS0_SARMUX0_sw19
        amuxbusb_sar
        AMUX_CTB_SAR_SWITCH_B_SL
        amuxbridge_ctb_sar_b
        AMUX_CTB_SAR_SWITCH_B_SR
        amuxbusb_ctb
        P0_P50
        p0_0
      }
    }
    Arm: 1 {
      Net:   Net_51
      Outer: PASS0_SARMUX0_sw18
      Inner: __open__
      Path {
        PASS0_SARMUX0_sw18
        amuxbusa_sar
        AMUX_CTB_SAR_SWITCH_A_SL
        amuxbridge_ctb_sar_a
        AMUX_CTB_SAR_SWITCH_A_SR
        amuxbusa_ctb
        P0_P41
        p0_1
      }
    }
  }
  Mux: \adc:cy_psoc4_sarmux_8\_CYAMUXSIDE_B {
     Mouth: \adc:muxout_minus\
     Guts:  AMuxNet::\adc:cy_psoc4_sarmux_8\_CYAMUXSIDE_B
     IsSingleSwitching: False
     IsStaticSwitching: False
     IsAtMostOneSwitch: True
    Arm: 0 {
      Net:   \adc:Net_1851\
      Outer: __open__
      Inner: __open__
      Path {
      }
    }
    Arm: 1 {
      Net:   \adc:Net_1851\
      Outer: __open__
      Inner: __open__
      Path {
      }
    }
  }
}
Analog Code Generation phase: Elapsed time ==> 0s.026ms
</CYPRESSTAG>
<CYPRESSTAG name="Digital Placement">
<CYPRESSTAG name="Detailed placement messages">
I2076: Total run-time: 0.4 sec.

</CYPRESSTAG>
<CYPRESSTAG name="PLD Packing">
<CYPRESSTAG name="PLD Packing Summary" expanded>

------------------------------------------------------------
PLD Packing Summary
------------------------------------------------------------
            Resource Type : Used : Free :  Max :  % Used
    ====================================================
                     PLDs :    3 :    5 :    8 :  37.50%

<CYPRESSTAG name="PLD Statistics">

        PLD Resource Type :     Average/LAB
    =======================================
                   Inputs :            2.00
                   Pterms :            2.00
               Macrocells :            2.00
</CYPRESSTAG>
<CYPRESSTAG name="Packed PLD Contents">
Packed PLD Contents not displayed at this verbose level.</CYPRESSTAG>
</CYPRESSTAG>
PLD Packing: Elapsed time ==> 0s.010ms
</CYPRESSTAG>
<CYPRESSTAG name="Partitioning">
<CYPRESSTAG name="Initial Partitioning Summary">
Initial Partitioning Summary not displayed at this verbose level.</CYPRESSTAG>
<CYPRESSTAG name="Final Partitioning Summary">
Final Partitioning Summary not displayed at this verbose level.</CYPRESSTAG>
Partitioning: Elapsed time ==> 0s.019ms
</CYPRESSTAG>
<CYPRESSTAG name="Final Placement Summary">

------------------------------------------------------------
Final Placement Summary
------------------------------------------------------------

       Resource Type :      Count : Avg Inputs : Avg Outputs
    ========================================================
                 UDB :          2 :       2.50 :       3.00
<CYPRESSTAG name="Final Placement Details">
<CYPRESSTAG name="Component Details">

------------------------------------------------------------
Component Placement Details
------------------------------------------------------------
UDB [UDB=(0,0)] contents:
LAB@[UDB=(0,0)][LB=0] #macrocells=4, #inputs=4, #pterms=4
{
    [McSlotId=0]:     MacroCell: Name=\pwmBuzzer:PWMUDB:status_0\, Mode=(D-Register) @ [UDB=(0,0)][LB=0][MC=0]
        Total # of inputs        : 2
        Total # of product terms : 1
        List of special equations: 
            Clock  = (Net_338_digital) => Global
            Clock Enable: True
        Main Equation            : 1 pterm
        (
              !\pwmBuzzer:PWMUDB:prevCompare1\ * \pwmBuzzer:PWMUDB:cmp1_less\
        );
        Output = \pwmBuzzer:PWMUDB:status_0\ (fanout=1)
        Properties               : 
        {
        }

    [McSlotId=1]:     MacroCell: Name=\pwmBuzzer:PWMUDB:prevCompare1\, Mode=(D-Register) @ [UDB=(0,0)][LB=0][MC=1]
        Total # of inputs        : 1
        Total # of product terms : 1
        List of special equations: 
            Clock  = (Net_338_digital) => Global
            Clock Enable: True
        Main Equation            : 1 pterm
        (
              \pwmBuzzer:PWMUDB:cmp1_less\
        );
        Output = \pwmBuzzer:PWMUDB:prevCompare1\ (fanout=1)
        Properties               : 
        {
        }

    [McSlotId=2]:     MacroCell: Name=Net_348, Mode=(D-Register) @ [UDB=(0,0)][LB=0][MC=2]
        Total # of inputs        : 2
        Total # of product terms : 1
        List of special equations: 
            Clock  = (Net_338_digital) => Global
            Clock Enable: True
        Main Equation            : 1 pterm
        (
              \pwmBuzzer:PWMUDB:runmode_enable\ * 
              \pwmBuzzer:PWMUDB:cmp1_less\
        );
        Output = Net_348 (fanout=1)
        Properties               : 
        {
        }

    [McSlotId=3]:     MacroCell: Name=\pwmBuzzer:PWMUDB:runmode_enable\, Mode=(D-Register) @ [UDB=(0,0)][LB=0][MC=3]
        Total # of inputs        : 1
        Total # of product terms : 1
        List of special equations: 
            Clock  = (Net_338_digital) => Global
            Clock Enable: True
        Main Equation            : 1 pterm
        (
              \pwmBuzzer:PWMUDB:control_7\
        );
        Output = \pwmBuzzer:PWMUDB:runmode_enable\ (fanout=3)
        Properties               : 
        {
        }
}

LAB@[UDB=(0,0)][LB=1] #macrocells=1, #inputs=2, #pterms=1
{
    [McSlotId=0]:     MacroCell: Name=\pwmBuzzer:PWMUDB:status_2\, Mode=(Combinatorial) @ [UDB=(0,0)][LB=1][MC=0]
        Total # of inputs        : 2
        Total # of product terms : 1
            Clock Enable: True
        Main Equation            : 1 pterm
        (
              \pwmBuzzer:PWMUDB:runmode_enable\ * \pwmBuzzer:PWMUDB:tc_i\
        );
        Output = \pwmBuzzer:PWMUDB:status_2\ (fanout=1)
        Properties               : 
        {
        }

    [McSlotId=1]: (empty)
    [McSlotId=2]: (empty)
    [McSlotId=3]: (empty)
}

datapathcell: Name =\pwmBuzzer:PWMUDB:sP8:pwmdp:u0\
    PORT MAP (
        clock => Net_338_digital ,
        cs_addr_2 => \pwmBuzzer:PWMUDB:tc_i\ ,
        cs_addr_1 => \pwmBuzzer:PWMUDB:runmode_enable\ ,
        cl0_comb => \pwmBuzzer:PWMUDB:cmp1_less\ ,
        z0_comb => \pwmBuzzer:PWMUDB:tc_i\ ,
        f1_blk_stat_comb => \pwmBuzzer:PWMUDB:status_3\ );
    Properties:
    {
        a0_init = "00000000"
        a1_init = "00000000"
        ce0_sync = 1
        ce1_sync = 1
        cl0_sync = 1
        cl1_sync = 1
        cmsb_sync = 1
        co_msb_sync = 1
        cy_dpconfig = "0000000001000000000000001100000001000000010000000000000011000000000000001100000000000000110000000000000011000000000000001100000011111111000000001111111111111111101000000000000000000100000000000000000000011000"
        d0_init = "00000000"
        d1_init = "00000000"
        f0_blk_sync = 1
        f0_bus_sync = 1
        f1_blk_sync = 1
        f1_bus_sync = 1
        ff0_sync = 1
        ff1_sync = 1
        ov_msb_sync = 1
        so_sync = 1
        z0_sync = 1
        z1_sync = 1
    }
    Clock Polarity: Active High
    Clock Enable: True

statusicell: Name =\pwmBuzzer:PWMUDB:genblk8:stsreg\
    PORT MAP (
        clock => Net_338_digital ,
        status_3 => \pwmBuzzer:PWMUDB:status_3\ ,
        status_2 => \pwmBuzzer:PWMUDB:status_2\ ,
        status_0 => \pwmBuzzer:PWMUDB:status_0\ );
    Properties:
    {
        cy_force_order = 1
        cy_int_mask = "1111111"
        cy_md_select = "0100111"
    }
    Clock Polarity: Active High
    Clock Enable: True

controlcell: Name =\pwmBuzzer:PWMUDB:genblk1:ctrlreg\
    PORT MAP (
        clock => Net_338_digital ,
        control_7 => \pwmBuzzer:PWMUDB:control_7\ ,
        control_6 => \pwmBuzzer:PWMUDB:control_6\ ,
        control_5 => \pwmBuzzer:PWMUDB:control_5\ ,
        control_4 => \pwmBuzzer:PWMUDB:control_4\ ,
        control_3 => \pwmBuzzer:PWMUDB:control_3\ ,
        control_2 => \pwmBuzzer:PWMUDB:control_2\ ,
        control_1 => \pwmBuzzer:PWMUDB:control_1\ ,
        control_0 => \pwmBuzzer:PWMUDB:control_0\ );
    Properties:
    {
        cy_ctrl_mode_0 = "11111111"
        cy_ctrl_mode_1 = "00000000"
        cy_ext_reset = 0
        cy_force_order = 1
        cy_init_value = "00000000"
    }
    Clock Polarity: Active High
    Clock Enable: True

UDB [UDB=(0,1)] is empty.
UDB [UDB=(1,0)] contents:
LAB@[UDB=(1,0)][LB=0] #macrocells=1, #inputs=0, #pterms=1
{
    [McSlotId=0]:     MacroCell: Name=__ONE__, Mode=(Combinatorial) @ [UDB=(1,0)][LB=0][MC=0]
        Total # of inputs        : 0
        Total # of product terms : 1
            Clock Enable: True
        Main Equation            : 1 pterm
        (
            1
        );
        Output = __ONE__ (fanout=2)
        Properties               : 
        {
        }

    [McSlotId=1]: (empty)
    [McSlotId=2]: (empty)
    [McSlotId=3]: (empty)
}

UDB [UDB=(1,1)] is empty.
Intr container @ [IntrContainer=(0)]: 
  Intr@ [IntrContainer=(0)][IntrId=(12)] 
    interrupt: Name =\BLE:bless_isr\
        PORT MAP (
            interrupt => \BLE:Net_15\ );
        Properties:
        {
            int_type = "10"
            is_nmi = 0
        }
  Intr@ [IntrContainer=(0)][IntrId=(15)] 
    interrupt: Name =\adc:IRQ\
        PORT MAP (
            interrupt => \adc:Net_3112\ );
        Properties:
        {
            int_type = "10"
            is_nmi = 0
        }
  Intr@ [IntrContainer=(0)][IntrId=(17)] 
    interrupt: Name =Disp_INT
        PORT MAP (
            interrupt => Net_506 );
        Properties:
        {
            int_type = "10"
            is_nmi = 0
        }
Drq container @ [DrqContainer=(0)]: empty
Port 0 contains the following IO cells:
[IoId=0]: 
Pin : Name = flexSensorA(0)
    Attributes:
        In Group/Port: True
        In Sync Option: AUTO
        Out Sync Option: AUTO
        Interrupt generated: False
        Interrupt mode: NONE
        Drive mode: HI_Z_ANALOG
        VTrip: EITHER
        Slew: FAST
        Input Sync needed: False
        Output Sync needed: False
        SC shield enabled: False
        POR State: ANY
        LCD Mode: COMMON
        Register Mode: RegComb
        CaSense Mode: NEITHER
        Treat as pin: True
        Is OE Registered: False
        Uses Analog: True
        Can contain Digital: False
        Is SIO: False
        SIO Output Buf: NONREGULATED
        SIO Input Buf: SINGLE_ENDED
        SIO HiFreq: LOW
        SIO Hyst: DISABLED
        SIO Vtrip: MULTIPLIER_0_5
        SIO Multiplier Index: 0
        SIO RefSel: VCC_IO
        Required Capabilities: ANALOG
        Initial Value: 1
        IO Voltage: 0
    PORT MAP (
        pa_out => flexSensorA(0)__PA ,
        analog_term => Net_53 ,
        pad => flexSensorA(0)_PAD ,
        pin_input => __ONE__ );
    Properties:
    {
    }

[IoId=1]: 
Pin : Name = flexSensorB(0)
    Attributes:
        In Group/Port: True
        In Sync Option: AUTO
        Out Sync Option: AUTO
        Interrupt generated: False
        Interrupt mode: NONE
        Drive mode: HI_Z_ANALOG
        VTrip: EITHER
        Slew: FAST
        Input Sync needed: False
        Output Sync needed: False
        SC shield enabled: False
        POR State: ANY
        LCD Mode: COMMON
        Register Mode: RegComb
        CaSense Mode: NEITHER
        Treat as pin: True
        Is OE Registered: False
        Uses Analog: True
        Can contain Digital: False
        Is SIO: False
        SIO Output Buf: NONREGULATED
        SIO Input Buf: SINGLE_ENDED
        SIO HiFreq: LOW
        SIO Hyst: DISABLED
        SIO Vtrip: MULTIPLIER_0_5
        SIO Multiplier Index: 0
        SIO RefSel: VCC_IO
        Required Capabilities: ANALOG
        Initial Value: 1
        IO Voltage: 0
    PORT MAP (
        pa_out => flexSensorB(0)__PA ,
        analog_term => Net_51 ,
        pad => flexSensorB(0)_PAD ,
        pin_input => __ONE__ );
    Properties:
    {
    }

Port 1 contains the following IO cells:
[IoId=4]: 
Pin : Name = \UART_1:rx(0)\
    Attributes:
        In Group/Port: True
        In Sync Option: NOSYNC
        Out Sync Option: AUTO
        Interrupt generated: False
        Interrupt mode: NONE
        Drive mode: HI_Z_DIGITAL
        VTrip: CMOS
        Slew: FAST
        Input Sync needed: False
        Output Sync needed: False
        SC shield enabled: False
        POR State: ANY
        LCD Mode: COMMON
        Register Mode: RegComb
        CaSense Mode: NEITHER
        Treat as pin: True
        Is OE Registered: False
        Uses Analog: False
        Can contain Digital: True
        Is SIO: False
        SIO Output Buf: NONREGULATED
        SIO Input Buf: SINGLE_ENDED
        SIO HiFreq: LOW
        SIO Hyst: DISABLED
        SIO Vtrip: MULTIPLIER_0_5
        SIO Multiplier Index: 0
        SIO RefSel: VCC_IO
        Required Capabilities: DIGITAL
        Initial Value: 0
        IO Voltage: 0
    PORT MAP (
        pa_out => \UART_1:rx(0)\__PA ,
        fb => \UART_1:rx_wire\ ,
        pad => \UART_1:rx(0)_PAD\ );
    Properties:
    {
    }

[IoId=5]: 
Pin : Name = \UART_1:tx(0)\
    Attributes:
        In Group/Port: True
        In Sync Option: NOSYNC
        Out Sync Option: NOSYNC
        Interrupt generated: False
        Interrupt mode: NONE
        Drive mode: CMOS_OUT
        VTrip: CMOS
        Slew: FAST
        Input Sync needed: False
        Output Sync needed: False
        SC shield enabled: False
        POR State: ANY
        LCD Mode: COMMON
        Register Mode: RegComb
        CaSense Mode: NEITHER
        Treat as pin: True
        Is OE Registered: False
        Uses Analog: False
        Can contain Digital: True
        Is SIO: False
        SIO Output Buf: NONREGULATED
        SIO Input Buf: SINGLE_ENDED
        SIO HiFreq: LOW
        SIO Hyst: DISABLED
        SIO Vtrip: MULTIPLIER_0_5
        SIO Multiplier Index: 0
        SIO RefSel: VCC_IO
        Required Capabilities: DIGITAL
        Initial Value: 1
        IO Voltage: 0
    PORT MAP (
        pa_out => \UART_1:tx(0)\__PA ,
        pin_input => \UART_1:tx_wire\ ,
        pad => \UART_1:tx(0)_PAD\ );
    Properties:
    {
    }

Port 2 contains the following IO cells:
[IoId=6]: 
Pin : Name = motorA(0)
    Attributes:
        In Group/Port: True
        In Sync Option: AUTO
        Out Sync Option: NOSYNC
        Interrupt generated: False
        Interrupt mode: NONE
        Drive mode: CMOS_OUT
        VTrip: EITHER
        Slew: FAST
        Input Sync needed: False
        Output Sync needed: False
        SC shield enabled: False
        POR State: ANY
        LCD Mode: COMMON
        Register Mode: RegComb
        CaSense Mode: NEITHER
        Treat as pin: True
        Is OE Registered: False
        Uses Analog: False
        Can contain Digital: True
        Is SIO: False
        SIO Output Buf: NONREGULATED
        SIO Input Buf: SINGLE_ENDED
        SIO HiFreq: LOW
        SIO Hyst: DISABLED
        SIO Vtrip: MULTIPLIER_0_5
        SIO Multiplier Index: 0
        SIO RefSel: VCC_IO
        Required Capabilities: DIGITAL
        Initial Value: 0
        IO Voltage: 0
    PORT MAP (
        pa_out => motorA(0)__PA ,
        pad => motorA(0)_PAD );
    Properties:
    {
    }

[IoId=7]: 
Pin : Name = motorB(0)
    Attributes:
        In Group/Port: True
        In Sync Option: AUTO
        Out Sync Option: NOSYNC
        Interrupt generated: False
        Interrupt mode: NONE
        Drive mode: CMOS_OUT
        VTrip: EITHER
        Slew: FAST
        Input Sync needed: False
        Output Sync needed: False
        SC shield enabled: False
        POR State: ANY
        LCD Mode: COMMON
        Register Mode: RegComb
        CaSense Mode: NEITHER
        Treat as pin: True
        Is OE Registered: False
        Uses Analog: False
        Can contain Digital: True
        Is SIO: False
        SIO Output Buf: NONREGULATED
        SIO Input Buf: SINGLE_ENDED
        SIO HiFreq: LOW
        SIO Hyst: DISABLED
        SIO Vtrip: MULTIPLIER_0_5
        SIO Multiplier Index: 0
        SIO RefSel: VCC_IO
        Required Capabilities: DIGITAL
        Initial Value: 0
        IO Voltage: 0
    PORT MAP (
        pa_out => motorB(0)__PA ,
        pad => motorB(0)_PAD );
    Properties:
    {
    }

Port 3 contains the following IO cells:
[IoId=2]: 
Pin : Name = buzzer(0)
    Attributes:
        In Group/Port: True
        In Sync Option: AUTO
        Out Sync Option: NOSYNC
        Interrupt generated: False
        Interrupt mode: NONE
        Drive mode: CMOS_OUT
        VTrip: EITHER
        Slew: FAST
        Input Sync needed: False
        Output Sync needed: False
        SC shield enabled: False
        POR State: ANY
        LCD Mode: COMMON
        Register Mode: RegComb
        CaSense Mode: NEITHER
        Treat as pin: True
        Is OE Registered: False
        Uses Analog: False
        Can contain Digital: True
        Is SIO: False
        SIO Output Buf: NONREGULATED
        SIO Input Buf: SINGLE_ENDED
        SIO HiFreq: LOW
        SIO Hyst: DISABLED
        SIO Vtrip: MULTIPLIER_0_5
        SIO Multiplier Index: 0
        SIO RefSel: VCC_IO
        Required Capabilities: DIGITAL, ROUTABLE
        Initial Value: 1
        IO Voltage: 0
    PORT MAP (
        pa_out => buzzer(0)__PA ,
        pin_input => Net_348 ,
        pad => buzzer(0)_PAD );
    Properties:
    {
    }

Port 4 contains the following IO cells:
Port 5 contains the following IO cells:
Port 6 contains the following IO cells:
ARM group 0: empty
Clock group 0: 
    Clock Block @ F(Clock,0): 
    m0s8clockblockcell: Name =ClockBlock
        PORT MAP (
            hfclk => ClockBlock_HFClk ,
            imo => ClockBlock_IMO ,
            ext => ClockBlock_ExtClk ,
            sysclk => ClockBlock_SysClk ,
            eco => ClockBlock_ECO ,
            ilo => ClockBlock_ILO ,
            lfclk => ClockBlock_LFClk ,
            wco => ClockBlock_WCO ,
            dsi_in_0 => ClockBlock_Routed1 ,
            ff_div_7 => Net_512_ff7 ,
            ff_div_6 => \adc:Net_1845_ff6\ ,
            ff_div_1 => \UART_1:Net_847_ff1\ ,
            udb_div_0 => dclk_to_genclk );
        Properties:
        {
        }
LCD group 0: empty
PICU group 0: empty
LPCOMP group 0: empty
SCB group 0: 
    SCB Block @ F(SCB,0): 
    m0s8scbcell: Name =\UART_1:SCB\
        PORT MAP (
            clock => \UART_1:Net_847_ff1\ ,
            interrupt => Net_517 ,
            uart_rx => \UART_1:rx_wire\ ,
            uart_tx => \UART_1:tx_wire\ ,
            uart_rts => \UART_1:rts_wire\ ,
            mosi_m => \UART_1:mosi_m_wire\ ,
            select_m_3 => \UART_1:select_m_wire_3\ ,
            select_m_2 => \UART_1:select_m_wire_2\ ,
            select_m_1 => \UART_1:select_m_wire_1\ ,
            select_m_0 => \UART_1:select_m_wire_0\ ,
            sclk_m => \UART_1:sclk_m_wire\ ,
            miso_s => \UART_1:miso_s_wire\ ,
            tr_tx_req => Net_520 ,
            tr_rx_req => Net_519 );
        Properties:
        {
            cy_registers = ""
            scb_mode = 2
        }
CSD group 0: empty
CSIDAC8 group 0: empty
CSIDAC7 group 0: empty
TCPWM group 0: 
    Tcpwm Block @ F(TCPWM,0): 
    m0s8tcpwmcell: Name =\DisplayTimer:cy_m0s8_tcpwm_1\
        PORT MAP (
            clock => Net_512_ff7 ,
            capture => zero ,
            count => tmpOE__flexSensorA_net_0 ,
            reload => zero ,
            stop => zero ,
            start => zero ,
            tr_underflow => Net_508 ,
            tr_overflow => Net_507 ,
            tr_compare_match => Net_509 ,
            line => Net_510 ,
            line_compl => Net_511 ,
            interrupt => Net_506 );
        Properties:
        {
            cy_registers = ""
        }
OA group 0: empty
TEMP group 0: empty
SARADC group 0: 
    SAR ADC @ F(SARADC,0): 
    p4sarcell: Name =\adc:cy_psoc4_sar\
        PORT MAP (
            vplus => \adc:muxout_plus\ ,
            vminus => \adc:muxout_minus\ ,
            vref => \adc:Net_3113\ ,
            ext_vref => \adc:Net_3227\ ,
            clock => \adc:Net_1845_ff6\ ,
            sample_done => Net_489 ,
            chan_id_valid => \adc:Net_3108\ ,
            chan_id_3 => \adc:Net_3109_3\ ,
            chan_id_2 => \adc:Net_3109_2\ ,
            chan_id_1 => \adc:Net_3109_1\ ,
            chan_id_0 => \adc:Net_3109_0\ ,
            data_valid => \adc:Net_3110\ ,
            data_11 => \adc:Net_3111_11\ ,
            data_10 => \adc:Net_3111_10\ ,
            data_9 => \adc:Net_3111_9\ ,
            data_8 => \adc:Net_3111_8\ ,
            data_7 => \adc:Net_3111_7\ ,
            data_6 => \adc:Net_3111_6\ ,
            data_5 => \adc:Net_3111_5\ ,
            data_4 => \adc:Net_3111_4\ ,
            data_3 => \adc:Net_3111_3\ ,
            data_2 => \adc:Net_3111_2\ ,
            data_1 => \adc:Net_3111_1\ ,
            data_0 => \adc:Net_3111_0\ ,
            tr_sar_out => Net_490 ,
            irq => \adc:Net_3112\ );
        Properties:
        {
            cy_registers = ""
        }
CLK_GEN group 0: 
    M0S8 Clock Gen Block @ F(CLK_GEN,0): 
    m0s8clockgenblockcell: Name =ClockGenBlock
        PORT MAP (
            gen_clk_out_0 => Net_338_digital ,
            gen_clk_in_0 => dclk_to_genclk );
        Properties:
        {
        }
LPCOMPBLOCK group 0: empty
PASSBLOCK group 0: empty
BLE group 0: 
    BLE Block @ F(BLE,0): 
    p4blecell: Name =\BLE:cy_m0s8_ble\
        PORT MAP (
            interrupt => \BLE:Net_15\ ,
            rfctrl_extpa_en => Net_500 );
        Properties:
        {
            cy_registers = ""
        }
WCO group 0: empty
SRSS group 0: empty
CPUSS group 0: empty
IOSS group 0: empty

Blocks not positioned by the digital component placer:
    SAR Muxes @ <No Location>: 
    p4sarmuxcell: Name =\adc:cy_psoc4_sarmux_8\
        PORT MAP (
            muxin_plus_1 => Net_51 ,
            muxin_plus_0 => Net_53 ,
            muxin_minus_1 => \adc:mux_bus_minus_1\ ,
            muxin_minus_0 => \adc:mux_bus_minus_0\ ,
            cmn_neg_0 => \adc:Net_1851\ ,
            vout_plus => \adc:muxout_plus\ ,
            vout_minus => \adc:muxout_minus\ );
        Properties:
        {
            cmn_neg_width = 1
            cy_registers = ""
            input_mode = "00"
            muxin_width = 2
        }
</CYPRESSTAG>
<CYPRESSTAG name="Port Configuration Details">

------------------------------------------------------------
Port Configuration report
------------------------------------------------------------
     |     |       | Interrupt |                  |                | 
Port | Pin | Fixed |      Type |       Drive Mode |           Name | Connections
-----+-----+-------+-----------+------------------+----------------+----------------------------
   0 |   0 |     * |      NONE |      HI_Z_ANALOG | flexSensorA(0) | In(__ONE__), Analog(Net_53)
     |   1 |     * |      NONE |      HI_Z_ANALOG | flexSensorB(0) | In(__ONE__), Analog(Net_51)
-----+-----+-------+-----------+------------------+----------------+----------------------------
   1 |   4 |     * |      NONE |     HI_Z_DIGITAL | \UART_1:rx(0)\ | FB(\UART_1:rx_wire\)
     |   5 |     * |      NONE |         CMOS_OUT | \UART_1:tx(0)\ | In(\UART_1:tx_wire\)
-----+-----+-------+-----------+------------------+----------------+----------------------------
   2 |   6 |     * |      NONE |         CMOS_OUT |      motorA(0) | 
     |   7 |     * |      NONE |         CMOS_OUT |      motorB(0) | 
-----+-----+-------+-----------+------------------+----------------+----------------------------
   3 |   2 |     * |      NONE |         CMOS_OUT |      buzzer(0) | In(Net_348)
------------------------------------------------------------------------------------------------
</CYPRESSTAG>
</CYPRESSTAG>
</CYPRESSTAG>
Digital component placer commit/Report: Elapsed time ==> 0s.019ms
Digital Placement phase: Elapsed time ==> 0s.583ms
</CYPRESSTAG>
<CYPRESSTAG name="Digital Routing">
"C:\Program Files (x86)\Cypress\PSoC Creator\4.1\PSoC Creator\bin/sjrouter.exe" --xml-path "C:\Program Files (x86)\Cypress\PSoC Creator\4.1\PSoC Creator\dev\psoc4/3/256dma/route_arch-rrg.cydata" --vh2-path "PeacefulPillow_r.vh2" --pcf-path "PeacefulPillow.pco" --des-name "PeacefulPillow" --dsf-path "PeacefulPillow.dsf" --sdc-path "PeacefulPillow.sdc" --lib-path "PeacefulPillow_r.lib"
Routing successful.
Digital Routing phase: Elapsed time ==> 1s.250ms
</CYPRESSTAG>
<CYPRESSTAG name="Bitstream Generation">
Bitstream Generation phase: Elapsed time ==> 0s.891ms
</CYPRESSTAG>
<CYPRESSTAG name="Bitstream Verification">
Bitstream Verification phase: Elapsed time ==> 0s.075ms
</CYPRESSTAG>
<CYPRESSTAG name="Static timing analysis">
Timing report is in PeacefulPillow_timing.html.
Static timing analysis phase: Elapsed time ==> 0s.460ms
</CYPRESSTAG>
<CYPRESSTAG name="Data reporting">
Data reporting phase: Elapsed time ==> 0s.000ms
</CYPRESSTAG>
<CYPRESSTAG name="Database update...">
Design database save phase: Elapsed time ==> 0s.210ms
</CYPRESSTAG>
cydsfit: Elapsed time ==> 3s.953ms
</CYPRESSTAG>
Fitter phase: Elapsed time ==> 3s.953ms
API generation phase: Elapsed time ==> 3s.241ms
Dependency generation phase: Elapsed time ==> 0s.029ms
Cleanup phase: Elapsed time ==> 0s.009ms
