--------------- Build Started: 11/27/2017 09:26:50 Project: CySmartDisplay_Copy_01, Configuration: ARM GCC 5.4-2016-q2-update Debug ---------------
cydsfit.exe -.appdatapath "C:\Users\Jacob\AppData\Local\Cypress Semiconductor\PSoC Creator\4.1" -.fdsnotice -.fdswarpdepfile=warp_dependencies.txt -.fdselabdepfile=elab_dependencies.txt -.fdsbldfile=generated_files.txt -.fdsreffile=referenced_files.txt -p "C:\Users\Jacob\Documents\Junior\EGR 304\EGR304\CySmartDisplay_Copy_01.cydsn\CySmartDisplay_Copy_01.cyprj" -d CY8C4248LQQ-BL583 -s "C:\Users\Jacob\Documents\Junior\EGR 304\EGR304\CySmartDisplay_Copy_01.cydsn\Generated_Source\PSoC4" -- -yv2 -q10 -ygs -o2 -v3 -.fftcfgtype=LE
Elaborating Design...
HDL Generation...
Synthesis...
Tech Mapping...
Analog Placement...
Analog Routing...
Analog Code Generation...
Digital Placement...
Digital Routing...
Bitstream Generation...
Bitstream Verification...
Static timing analysis...
API Generation...
Dependency Generation...
Cleanup...
The compile step is up to date, no work needs to be done.
arm-none-eabi-ar.exe -rs .\CortexM0\ARM_GCC_541\Debug\CySmartDisplay_Copy_01.a .\CortexM0\ARM_GCC_541\Debug\DisplayTimer.o .\CortexM0\ARM_GCC_541\Debug\DisplayTimer_PM.o .\CortexM0\ARM_GCC_541\Debug\Timer_CLK.o .\CortexM0\ARM_GCC_541\Debug\Disp_INT.o .\CortexM0\ARM_GCC_541\Debug\BLE.o .\CortexM0\ARM_GCC_541\Debug\BLE_gatt.o .\CortexM0\ARM_GCC_541\Debug\BLE_eventHandler.o .\CortexM0\ARM_GCC_541\Debug\BLE_HAL_INT.o .\CortexM0\ARM_GCC_541\Debug\BLE_HAL_PVT.o .\CortexM0\ARM_GCC_541\Debug\BLE_custom.o .\CortexM0\ARM_GCC_541\Debug\UART.o .\CortexM0\ARM_GCC_541\Debug\UART_SPI_UART.o .\CortexM0\ARM_GCC_541\Debug\UART_SPI_UART_INT.o .\CortexM0\ARM_GCC_541\Debug\UART_PM.o .\CortexM0\ARM_GCC_541\Debug\UART_UART.o .\CortexM0\ARM_GCC_541\Debug\UART_BOOT.o .\CortexM0\ARM_GCC_541\Debug\UART_UART_BOOT.o .\CortexM0\ARM_GCC_541\Debug\BLE_bless_isr.o .\CortexM0\ARM_GCC_541\Debug\UART_SCBCLK.o .\CortexM0\ARM_GCC_541\Debug\UART_tx.o .\CortexM0\ARM_GCC_541\Debug\UART_tx_PM.o .\CortexM0\ARM_GCC_541\Debug\UART_rx.o .\CortexM0\ARM_GCC_541\Debug\UART_rx_PM.o .\CortexM0\ARM_GCC_541\Debug\CyFlash.o .\CortexM0\ARM_GCC_541\Debug\CyLib.o .\CortexM0\ARM_GCC_541\Debug\cyPm.o .\CortexM0\ARM_GCC_541\Debug\cyutils.o .\CortexM0\ARM_GCC_541\Debug\CyDMA.o .\CortexM0\ARM_GCC_541\Debug\CyLFClk.o .\CortexM0\ARM_GCC_541\Debug\flexSensorA.o .\CortexM0\ARM_GCC_541\Debug\flexSensorA_PM.o .\CortexM0\ARM_GCC_541\Debug\flexSensorB.o .\CortexM0\ARM_GCC_541\Debug\flexSensorB_PM.o .\CortexM0\ARM_GCC_541\Debug\adc.o .\CortexM0\ARM_GCC_541\Debug\adc_PM.o .\CortexM0\ARM_GCC_541\Debug\adc_INT.o .\CortexM0\ARM_GCC_541\Debug\motorA.o .\CortexM0\ARM_GCC_541\Debug\motorA_PM.o .\CortexM0\ARM_GCC_541\Debug\motorB.o .\CortexM0\ARM_GCC_541\Debug\motorB_PM.o .\CortexM0\ARM_GCC_541\Debug\buzzer.o .\CortexM0\ARM_GCC_541\Debug\buzzer_PM.o .\CortexM0\ARM_GCC_541\Debug\pwmBuzzer.o .\CortexM0\ARM_GCC_541\Debug\pwmBuzzer_PM.o .\CortexM0\ARM_GCC_541\Debug\clockBuzzer.o .\CortexM0\ARM_GCC_541\Debug\adc_IRQ.o .\CortexM0\ARM_GCC_541\Debug\adc_intClock.o .\CortexM0\ARM_GCC_541\Debug\uart2.o .\CortexM0\ARM_GCC_541\Debug\uart2_PM.o .\CortexM0\ARM_GCC_541\Debug\uart2_INT.o .\CortexM0\ARM_GCC_541\Debug\uart2_BOOT.o .\CortexM0\ARM_GCC_541\Debug\uart2_IntClock.o .\CortexM0\ARM_GCC_541\Debug\CyBootAsmGnu.o
arm-none-eabi-ar.exe: creating .\CortexM0\ARM_GCC_541\Debug\CySmartDisplay_Copy_01.a
arm-none-eabi-gcc.exe -Wl,--start-group -o "C:\Users\Jacob\Documents\Junior\EGR 304\EGR304\CySmartDisplay_Copy_01.cydsn\CortexM0\ARM_GCC_541\Debug\CySmartDisplay_Copy_01.elf" .\CortexM0\ARM_GCC_541\Debug\main.o .\CortexM0\ARM_GCC_541\Debug\EventHandler.o .\CortexM0\ARM_GCC_541\Debug\cyfitter_cfg.o .\CortexM0\ARM_GCC_541\Debug\cymetadata.o .\CortexM0\ARM_GCC_541\Debug\Cm0Start.o .\CortexM0\ARM_GCC_541\Debug\CySmartDisplay_Copy_01.a "..\..\..\..\PSoC Creator\4.1\Downloads ( 4.1).cylib\BLE_v3_40\Library\gccCyBLEStack_BLE_SOC_PERIPHERAL.a" "C:\Program Files (x86)\Cypress\PSoC Creator\4.1\PSoC Creator\psoc\content\cycomponentlibrary\CyComponentLibrary.cylib\CortexM0\ARM_GCC_541\Debug\CyComponentLibrary.a" -mcpu=cortex-m0 -mthumb -L Generated_Source\PSoC4 -Wl,-Map,.\CortexM0\ARM_GCC_541\Debug/CySmartDisplay_Copy_01.map -T Generated_Source\PSoC4\cm0gcc.ld -specs=nano.specs -Wl,--gc-sections -g -ffunction-sections -O0 -ffat-lto-objects -Wl,--end-group
cyelftool.exe -C "C:\Users\Jacob\Documents\Junior\EGR 304\EGR304\CySmartDisplay_Copy_01.cydsn\CortexM0\ARM_GCC_541\Debug\CySmartDisplay_Copy_01.elf" --flash_row_size 256 --flash_size 262144 --flash_offset 0x00000000
cyelftool.exe -S "C:\Users\Jacob\Documents\Junior\EGR 304\EGR304\CySmartDisplay_Copy_01.cydsn\CortexM0\ARM_GCC_541\Debug\CySmartDisplay_Copy_01.elf"
Flash used: 92071 of 262144 bytes (35.1 %).
SRAM used: 13092 of 32768 bytes (40.0 %). Stack: 2048 bytes. Heap: 1152 bytes.
--------------- Build Succeeded: 11/27/2017 09:27:24 ---------------
