--------------- Build Started: 11/13/2017 10:33:49 Project: hw8_1, Configuration: ARM GCC 5.4-2016-q2-update Debug ---------------
The code generation step is up to date.
arm-none-eabi-gcc.exe -mcpu=cortex-m0 -mthumb -I. -IGenerated_Source\PSoC4 -Wa,-alh=.\CortexM0\ARM_GCC_541\Debug/main.lst -g -D DEBUG -D CY_CORE_ID=0 -Wall -ffunction-sections -ffat-lto-objects -Og -c main.c -o .\CortexM0\ARM_GCC_541\Debug\main.o
main.c: In function 'main':
main.c:89:8: warning: unused variable 'valid' [-Wunused-variable]
    int valid = 0;
        ^
main.c:49:12: warning: unused variable 'number' [-Wunused-variable]
     double number;                      // floating-point number
            ^
main.c:69:10: warning: 'ch' may be used uninitialized in this function [-Wmaybe-uninitialized]
     while( ch != '\r' ) {
          ^
arm-none-eabi-ar.exe -rs .\CortexM0\ARM_GCC_541\Debug\hw8_1.a .\CortexM0\ARM_GCC_541\Debug\uart.o .\CortexM0\ARM_GCC_541\Debug\uart_PM.o .\CortexM0\ARM_GCC_541\Debug\uart_INT.o .\CortexM0\ARM_GCC_541\Debug\uart_BOOT.o .\CortexM0\ARM_GCC_541\Debug\uart_IntClock.o .\CortexM0\ARM_GCC_541\Debug\CyFlash.o .\CortexM0\ARM_GCC_541\Debug\CyLib.o .\CortexM0\ARM_GCC_541\Debug\cyPm.o .\CortexM0\ARM_GCC_541\Debug\cyutils.o .\CortexM0\ARM_GCC_541\Debug\CyDMA.o .\CortexM0\ARM_GCC_541\Debug\CyLFClk.o .\CortexM0\ARM_GCC_541\Debug\CyBootAsmGnu.o
arm-none-eabi-ar.exe: creating .\CortexM0\ARM_GCC_541\Debug\hw8_1.a
arm-none-eabi-gcc.exe -Wl,--start-group -o "C:\Users\Jacob\Documents\Junior\EGR 304\EGR304\hw8_1.cydsn\CortexM0\ARM_GCC_541\Debug\hw8_1.elf" .\CortexM0\ARM_GCC_541\Debug\main.o .\CortexM0\ARM_GCC_541\Debug\cyfitter_cfg.o .\CortexM0\ARM_GCC_541\Debug\cymetadata.o .\CortexM0\ARM_GCC_541\Debug\Cm0Start.o .\CortexM0\ARM_GCC_541\Debug\hw8_1.a "C:\Program Files (x86)\Cypress\PSoC Creator\4.1\PSoC Creator\psoc\content\cycomponentlibrary\CyComponentLibrary.cylib\CortexM0\ARM_GCC_541\Debug\CyComponentLibrary.a" -mcpu=cortex-m0 -mthumb -L Generated_Source\PSoC4 -Wl,-Map,.\CortexM0\ARM_GCC_541\Debug/hw8_1.map -T Generated_Source\PSoC4\cm0gcc.ld -specs=nano.specs -Wl,--gc-sections -u _printf_float -g -ffunction-sections -Og -ffat-lto-objects -Wl,--end-group
cyelftool.exe -C "C:\Users\Jacob\Documents\Junior\EGR 304\EGR304\hw8_1.cydsn\CortexM0\ARM_GCC_541\Debug\hw8_1.elf" --flash_row_size 256 --flash_size 262144 --flash_offset 0x00000000
cyelftool.exe -S "C:\Users\Jacob\Documents\Junior\EGR 304\EGR304\hw8_1.cydsn\CortexM0\ARM_GCC_541\Debug\hw8_1.elf"
Flash used: 19256 of 262144 bytes (7.3 %).
SRAM used: 3040 of 32768 bytes (9.3 %). Stack: 2048 bytes. Heap: 512 bytes.
--------------- Build Succeeded: 11/13/2017 10:33:49 ---------------
