(---------------------------------------------------------------------)
(                                                                     )
(    Allegro Netrev Import Logic                                      )
(                                                                     )
(    Drawing          : COMPLETE SCHEMATIC V2.brd                     )
(    Software Version : 16.6-2015S062                                 )
(    Date/Time        : Wed Oct 25 19:42:23 2017                      )
(                                                                     )
(---------------------------------------------------------------------)


------ Directives ------------

Ripup etch:                  No
Ripup delete first segment:  No
Ripup retain bondwire:       No
Ripup symbols:               Always
Missing symbol has error:    No
DRC update:                  Yes
Schematic directory:         'D:\COLLEGE\JUNIOR YEAR\FALL SEMESTER\EGR 304\CADENCE\PROJECTS\COMPLETE SCHEMATIC\allegro'
Design Directory:            '.'
Old design name:             'D:/College/Junior Year/Fall Semester/EGR 304/Cadence/Projects/Complete Schematic/allegro/COMPLETE SCHEMATIC V2.brd'
New design name:             'COMPLETE SCHEMATIC V3.brd'

CmdLine: netrev.exe -y 1 -u -i D:\COLLEGE\JUNIOR YEAR\FALL SEMESTER\EGR 304\CADENCE\PROJECTS\COMPLETE SCHEMATIC\allegro D:\College\Junior Year\Fall Semester\EGR 304\Cadence\Projects\Complete Schematic\allegro\COMPLETE SCHEMATIC V2.brd D:\COLLEGE\JUNIOR YEAR\FALL SEMESTER\EGR 304\CADENCE\PROJECTS\COMPLETE SCHEMATIC\allegro\COMPLETE SCHEMATIC V3.brd

------ Preparing to read pst files ------

Starting to read D:/COLLEGE/JUNIOR YEAR/FALL SEMESTER/EGR 304/CADENCE/PROJECTS/COMPLETE SCHEMATIC/allegro/pstchip.dat 
   Finished reading D:/COLLEGE/JUNIOR YEAR/FALL SEMESTER/EGR 304/CADENCE/PROJECTS/COMPLETE SCHEMATIC/allegro/pstchip.dat (00:00:00.03)
Starting to read D:/COLLEGE/JUNIOR YEAR/FALL SEMESTER/EGR 304/CADENCE/PROJECTS/COMPLETE SCHEMATIC/allegro/pstxprt.dat 
   Finished reading D:/COLLEGE/JUNIOR YEAR/FALL SEMESTER/EGR 304/CADENCE/PROJECTS/COMPLETE SCHEMATIC/allegro/pstxprt.dat (00:00:00.00)
Starting to read D:/COLLEGE/JUNIOR YEAR/FALL SEMESTER/EGR 304/CADENCE/PROJECTS/COMPLETE SCHEMATIC/allegro/pstxnet.dat 
   Finished reading D:/COLLEGE/JUNIOR YEAR/FALL SEMESTER/EGR 304/CADENCE/PROJECTS/COMPLETE SCHEMATIC/allegro/pstxnet.dat (00:00:00.00)

------ Oversights/Warnings/Errors ------


------ Library Paths ------
MODULEPATH =  . 
           C:/Cadence/SPB_16.6/share/local/pcb/modules 

PSMPATH =  . 
           symbols 
           .. 
           ../symbols 
           C:/Cadence/SPB_16.6/share/local/pcb/symbols 
           C:/Cadence/SPB_16.6/share/pcb/pcb_lib/symbols 
           C:/Cadence/SPB_16.6/share/pcb/allegrolib/symbols 
           D:/COLLEGE/JUNIOR YEAR/FALL SEMESTER/EGR 304/CADENCE/Symbols/ 

PADPATH =  . 
           symbols 
           .. 
           ../symbols 
           C:/Cadence/SPB_16.6/share/local/pcb/padstacks 
           C:/Cadence/SPB_16.6/share/pcb/pcb_lib/symbols 
           C:/Cadence/SPB_16.6/share/pcb/allegrolib/symbols 
           D:/COLLEGE/JUNIOR YEAR/FALL SEMESTER/EGR 304/CADENCE/Symbols/ 


------ Summary Statistics ------


netrev run on Oct 25 19:42:23 2017
   DESIGN NAME : 'COMPLETE SCHEMATIC V1'
   PACKAGING ON Aug  3 2015 18:16:55

   COMPILE 'logic'
   CHECK_PIN_NAMES OFF
   CROSS_REFERENCE OFF
   FEEDBACK OFF
   INCREMENTAL OFF
   INTERFACE_TYPE PHYSICAL
   MAX_ERRORS 500
   MERGE_MINIMUM 5
   NET_NAME_CHARS '#%&()*+-./:=>?@[]^_`|'
   NET_NAME_LENGTH 24
   OVERSIGHTS ON
   REPLACE_CHECK OFF
   SINGLE_NODE_NETS ON
   SPLIT_MINIMUM 0
   SUPPRESS   20
   WARNINGS ON

 No error detected
 No oversight detected
 No warning detected

cpu time      0:00:33
elapsed time  0:00:01

