{ Using PSTWRITER 16.6.0 d001Mar-16-2018 at 22:33:02 }

#1 ERROR(ORCAP-36002): Property "PCB Footprint" missing from instance J9: SCHEMATIC1, PAGE1 (1.35, 13.50).
#2 ERROR(ORCAP-36002): Property "PCB Footprint" missing from instance U44: SCHEMATIC1, PAGE1 (17.30, 5.40).
#3 ERROR(ORCAP-36002): Property "PCB Footprint" missing from instance C2: SCHEMATIC1, PAGE1 (14.20, 2.60).
#4 ERROR(ORCAP-36002): Property "PCB Footprint" missing from instance U22: SCHEMATIC1, PAGE1 (5.40, 2.70).
#5 ERROR(ORCAP-36002): Property "PCB Footprint" missing from instance U11: SCHEMATIC1, PAGE1 (9.50, 1.10).
#6 ERROR(ORCAP-36002): Property "PCB Footprint" missing from instance U3: SCHEMATIC1, PAGE1 (5.40, 0.40).
#7 ERROR(ORCAP-36002): Property "PCB Footprint" missing from instance U33: SCHEMATIC1, PAGE1 (2.30, 4.30).
#8 ERROR(ORCAP-36002): Property "PCB Footprint" missing from instance R14: SCHEMATIC1, PAGE1 (3.50, 10.10).
#9 ERROR(ORCAP-36002): Property "PCB Footprint" missing from instance R25: SCHEMATIC1, PAGE1 (11.30, 11.50).
#10 ERROR(ORCAP-36002): Property "PCB Footprint" missing from instance C3: SCHEMATIC1, PAGE1 (18.40, 6.50).
#11 ERROR(ORCAP-36002): Property "PCB Footprint" missing from instance R1: SCHEMATIC1, PAGE1 (14.30, 5.69).
#12 ERROR(ORCAP-36002): Property "PCB Footprint" missing from instance U4: SCHEMATIC1, PAGE1 (6.40, 0.40).
#13 ERROR(ORCAP-36002): Property "PCB Footprint" missing from instance U23: SCHEMATIC1, PAGE1 (6.40, 2.70).
#14 ERROR(ORCAP-36002): Property "PCB Footprint" missing from instance R15: SCHEMATIC1, PAGE1 (7.60, 10.10).
#15 ERROR(ORCAP-36002): Property "PCB Footprint" missing from instance U12: SCHEMATIC1, PAGE1 (10.50, 1.10).
#16 ERROR(ORCAP-36002): Property "PCB Footprint" missing from instance U34: SCHEMATIC1, PAGE1 (5.40, 4.30).
#17 ERROR(ORCAP-36002): Property "PCB Footprint" missing from instance R26: SCHEMATIC1, PAGE1 (3.40, 11.80).
#18 ERROR(ORCAP-36002): Property "PCB Footprint" missing from instance U45: SCHEMATIC1, PAGE1 (1.30, 5.80).
#19 ERROR(ORCAP-36002): Property "PCB Footprint" missing from instance U35: SCHEMATIC1, PAGE1 (6.40, 4.30).
#20 ERROR(ORCAP-36002): Property "PCB Footprint" missing from instance U13: SCHEMATIC1, PAGE1 (15.00, 1.20).
#21 ERROR(ORCAP-36002): Property "PCB Footprint" missing from instance U5: SCHEMATIC1, PAGE1 (9.50, 0.40).
#22 ERROR(ORCAP-36002): Property "PCB Footprint" missing from instance R27: SCHEMATIC1, PAGE1 (7.40, 11.90).
#23 ERROR(ORCAP-36002): Property "PCB Footprint" missing from instance C4: SCHEMATIC1, PAGE1 (0.70, 8.90).
#24 ERROR(ORCAP-36002): Property "PCB Footprint" missing from instance R16: SCHEMATIC1, PAGE1 (11.70, 10.10).
#25 ERROR(ORCAP-36002): Property "PCB Footprint" missing from instance U46: SCHEMATIC1, PAGE1 (2.30, 5.80).
#26 ERROR(ORCAP-36002): Property "PCB Footprint" missing from instance U24: SCHEMATIC1, PAGE1 (9.50, 2.70).
#27 ERROR(ORCAP-36002): Property "PCB Footprint" missing from instance R2: SCHEMATIC1, PAGE1 (14.40, 5.69).
#28 ERROR(ORCAP-36002): Property "PCB Footprint" missing from instance R28: SCHEMATIC1, PAGE1 (11.60, 11.80).
#29 ERROR(ORCAP-36002): Property "PCB Footprint" missing from instance R17: SCHEMATIC1, PAGE1 (3.20, 10.70).
#30 ERROR(ORCAP-36002): Property "PCB Footprint" missing from instance R3: SCHEMATIC1, PAGE1 (14.60, 8.20).
#31 ERROR(ORCAP-36002): Property "PCB Footprint" missing from instance U36: SCHEMATIC1, PAGE1 (9.50, 4.30).
#32 ERROR(ORCAP-36002): Property "PCB Footprint" missing from instance U6: SCHEMATIC1, PAGE1 (10.50, 0.40).
#33 ERROR(ORCAP-36002): Property "PCB Footprint" missing from instance U47: SCHEMATIC1, PAGE1 (5.40, 5.80).
#34 ERROR(ORCAP-36002): Property "PCB Footprint" missing from instance U14: SCHEMATIC1, PAGE1 (1.30, 1.90).
#35 ERROR(ORCAP-36002): Property "PCB Footprint" missing from instance U25: SCHEMATIC1, PAGE1 (10.50, 2.70).
#36 ERROR(ORCAP-36002): Property "PCB Footprint" missing from instance C5: SCHEMATIC1, PAGE1 (4.80, 8.90).
#37 ERROR(ORCAP-36002): Property "PCB Footprint" missing from instance R4: SCHEMATIC1, PAGE1 (0.40, 8.80).
#38 ERROR(ORCAP-36002): Property "PCB Footprint" missing from instance U26: SCHEMATIC1, PAGE1 (1.30, 3.50).
#39 ERROR(ORCAP-36002): Property "PCB Footprint" missing from instance U37: SCHEMATIC1, PAGE1 (10.50, 4.30).
#40 ERROR(ORCAP-36002): Property "PCB Footprint" missing from instance C6: SCHEMATIC1, PAGE1 (8.90, 8.90).
#41 ERROR(ORCAP-36002): Property "PCB Footprint" missing from instance U15: SCHEMATIC1, PAGE1 (2.30, 1.90).
#42 ERROR(ORCAP-36002): Property "PCB Footprint" missing from instance U48: SCHEMATIC1, PAGE1 (6.40, 5.80).
#43 ERROR(ORCAP-36002): Property "PCB Footprint" missing from instance U7: SCHEMATIC1, PAGE1 (1.30, 1.10).
#44 ERROR(ORCAP-36002): Property "PCB Footprint" missing from instance R18: SCHEMATIC1, PAGE1 (7.30, 10.70).
#45 ERROR(ORCAP-36002): Property "PCB Footprint" missing from instance J10: SCHEMATIC1, PAGE1 (3.65, 13.50).
#46 ERROR(ORCAP-36002): Property "PCB Footprint" missing from instance C7: SCHEMATIC1, PAGE1 (17.10, 9.20).
#47 ERROR(ORCAP-36002): Property "PCB Footprint" missing from instance U49: SCHEMATIC1, PAGE1 (9.50, 5.80).
#48 ERROR(ORCAP-36002): Property "PCB Footprint" missing from instance R5: SCHEMATIC1, PAGE1 (4.40, 8.80).
#49 ERROR(ORCAP-36002): Property "PCB Footprint" missing from instance R19: SCHEMATIC1, PAGE1 (11.40, 10.70).
#50 ERROR(ORCAP-36002): Property "PCB Footprint" missing from instance U38: SCHEMATIC1, PAGE1 (1.30, 5.10).
#51 ERROR(ORCAP-36002): Property "PCB Footprint" missing from instance U27: SCHEMATIC1, PAGE1 (2.30, 3.50).
#52 ERROR(ORCAP-36002): Property "PCB Footprint" missing from instance U16: SCHEMATIC1, PAGE1 (5.40, 1.90).
#53 ERROR(ORCAP-36002): Property "PCB Footprint" missing from instance U8: SCHEMATIC1, PAGE1 (2.30, 1.10).
#54 ERROR(ORCAP-36002): Property "PCB Footprint" missing from instance J11: SCHEMATIC1, PAGE1 (6.35, 13.50).
#55 ERROR(ORCAP-36002): Property "PCB Footprint" missing from instance C8: SCHEMATIC1, PAGE1 (18.20, 9.20).
#56 ERROR(ORCAP-36002): Property "PCB Footprint" missing from instance U17: SCHEMATIC1, PAGE1 (6.40, 1.90).
#57 ERROR(ORCAP-36002): Property "PCB Footprint" missing from instance U39: SCHEMATIC1, PAGE1 (2.30, 5.10).
#58 ERROR(ORCAP-36002): Property "PCB Footprint" missing from instance U9: SCHEMATIC1, PAGE1 (5.40, 1.10).
#59 ERROR(ORCAP-36002): Property "PCB Footprint" missing from instance R6: SCHEMATIC1, PAGE1 (8.50, 8.80).
#60 ERROR(ORCAP-36002): Property "PCB Footprint" missing from instance U28: SCHEMATIC1, PAGE1 (5.40, 3.50).
#61 ERROR(ORCAP-36002): Property "PCB Footprint" missing from instance J12: SCHEMATIC1, PAGE1 (8.85, 13.50).
#62 ERROR(ORCAP-36002): Property "PCB Footprint" missing from instance R7: SCHEMATIC1, PAGE1 (13.90, 8.70).
#63 ERROR(ORCAP-36002): Property "PCB Footprint" missing from instance C9: SCHEMATIC1, PAGE1 (14.60, 9.80).
#64 ERROR(ORCAP-36002): Property "PCB Footprint" missing from instance U29: SCHEMATIC1, PAGE1 (6.40, 3.50).
#65 ERROR(ORCAP-36002): Property "PCB Footprint" missing from instance U18: SCHEMATIC1, PAGE1 (9.50, 1.90).
#66 ERROR(ORCAP-36002): Property "PCB Footprint" missing from instance U19: SCHEMATIC1, PAGE1 (10.50, 1.90).
#67 ERROR(ORCAP-36002): Property "PCB Footprint" missing from instance R8: SCHEMATIC1, PAGE1 (0.20, 9.20).
#68 ERROR(ORCAP-36002): Property "PCB Footprint" missing from instance J1: SCHEMATIC1, PAGE1 (16.90, 0.20).
#69 ERROR(ORCAP-36002): Property "PCB Footprint" missing from instance R9: SCHEMATIC1, PAGE1 (4.00, 9.20).
#70 ERROR(ORCAP-36002): Property "PCB Footprint" missing from instance J2: SCHEMATIC1, PAGE1 (13.90, 1.60).
#71 ERROR(ORCAP-36002): Property "PCB Footprint" missing from instance J3: SCHEMATIC1, PAGE1 (18.50, 2.80).
#72 ERROR(ORCAP-36002): Property "PCB Footprint" missing from instance J4: SCHEMATIC1, PAGE1 (13.90, 3.10).
#73 ERROR(ORCAP-36002): Property "PCB Footprint" missing from instance U50: SCHEMATIC1, PAGE1 (10.50, 5.80).
#74 ERROR(ORCAP-36002): Property "PCB Footprint" missing from instance R20: SCHEMATIC1, PAGE1 (3.50, 11.00).
#75 ERROR(ORCAP-36002): Property "PCB Footprint" missing from instance J5: SCHEMATIC1, PAGE1 (16.80, 4.80).
#76 ERROR(ORCAP-36002): Property "PCB Footprint" missing from instance R21: SCHEMATIC1, PAGE1 (7.50, 11.10).
#77 ERROR(ORCAP-36002): Property "PCB Footprint" missing from instance U40: SCHEMATIC1, PAGE1 (5.40, 5.10).
#78 ERROR(ORCAP-36002): Property "PCB Footprint" missing from instance R10: SCHEMATIC1, PAGE1 (8.10, 9.20).
#79 ERROR(ORCAP-36002): Property "PCB Footprint" missing from instance U51: SCHEMATIC1, PAGE1 (1.30, 7.00).
#80 ERROR(ORCAP-36002): Property "PCB Footprint" missing from instance J6: SCHEMATIC1, PAGE1 (14.20, 6.50).
#81 ERROR(ORCAP-36002): Property "PCB Footprint" missing from instance BT1: SCHEMATIC1, PAGE1 (16.60, 9.20).
#82 ERROR(ORCAP-36002): Property "PCB Footprint" missing from instance U52: SCHEMATIC1, PAGE1 (5.40, 7.00).
#83 ERROR(ORCAP-36002): Property "PCB Footprint" missing from instance U41: SCHEMATIC1, PAGE1 (6.40, 5.10).
#84 ERROR(ORCAP-36002): Property "PCB Footprint" missing from instance R22: SCHEMATIC1, PAGE1 (11.70, 11.00).
#85 ERROR(ORCAP-36002): Property "PCB Footprint" missing from instance U30: SCHEMATIC1, PAGE1 (9.50, 3.50).
#86 ERROR(ORCAP-36002): Property "PCB Footprint" missing from instance R11: SCHEMATIC1, PAGE1 (3.30, 9.70).
#87 ERROR(ORCAP-36002): Property "PCB Footprint" missing from instance U31: SCHEMATIC1, PAGE1 (10.50, 3.50).
#88 ERROR(ORCAP-36002): Property "PCB Footprint" missing from instance U42: SCHEMATIC1, PAGE1 (9.50, 5.10).
#89 ERROR(ORCAP-36002): Property "PCB Footprint" missing from instance U1: SCHEMATIC1, PAGE1 (1.30, 0.40).
#90 ERROR(ORCAP-36002): Property "PCB Footprint" missing from instance R23: SCHEMATIC1, PAGE1 (3.10, 11.50).
#91 ERROR(ORCAP-36002): Property "PCB Footprint" missing from instance J7: SCHEMATIC1, PAGE1 (14.60, 9.10).
#92 ERROR(ORCAP-36002): Property "PCB Footprint" missing from instance R12: SCHEMATIC1, PAGE1 (7.40, 9.70).
#93 ERROR(ORCAP-36002): Property "PCB Footprint" missing from instance U53: SCHEMATIC1, PAGE1 (9.50, 7.00).
#94 ERROR(ORCAP-36002): Property "PCB Footprint" missing from instance U20: SCHEMATIC1, PAGE1 (1.30, 2.70).
#95 ERROR(ORCAP-36002): Property "PCB Footprint" missing from instance U54: SCHEMATIC1, PAGE1 (17.50, 8.80).
#96 ERROR(ORCAP-36002): Property "PCB Footprint" missing from instance R13: SCHEMATIC1, PAGE1 (11.50, 9.70).
#97 ERROR(ORCAP-36002): Property "PCB Footprint" missing from instance C1: SCHEMATIC1, PAGE1 (18.00, 2.20).
#98 ERROR(ORCAP-36002): Property "PCB Footprint" missing from instance R24: SCHEMATIC1, PAGE1 (7.20, 11.50).
#99 ERROR(ORCAP-36002): Property "PCB Footprint" missing from instance U10: SCHEMATIC1, PAGE1 (6.40, 1.10).
#100 ERROR(ORCAP-36002): Property "PCB Footprint" missing from instance J8: SCHEMATIC1, PAGE1 (14.20, 11.50).
#101 ERROR(ORCAP-36002): Property "PCB Footprint" missing from instance U32: SCHEMATIC1, PAGE1 (1.30, 4.30).
#102 ERROR(ORCAP-36002): Property "PCB Footprint" missing from instance U43: SCHEMATIC1, PAGE1 (10.50, 5.10).
#103 ERROR(ORCAP-36002): Property "PCB Footprint" missing from instance U21: SCHEMATIC1, PAGE1 (2.30, 2.70).
#104 ERROR(ORCAP-36002): Property "PCB Footprint" missing from instance U2: SCHEMATIC1, PAGE1 (2.30, 0.40).
#105 ERROR(ORCAP-36021): Pin number "0" found on Pin "A0" of Package Photon_0 , U44: SCHEMATIC1, PAGE1 (17.30, 5.40). Pin number should be greater than "0".
#106 ERROR(ORCAP-36018): Aborting Netlisting... Please correct the above errors and retry.
