ARM GAS  C:\Users\Jacob\AppData\Local\Temp\ccAyAbem.s 			page 1


   1              		.syntax unified
   2              		.cpu cortex-m0
   3              		.fpu softvfp
   4              		.eabi_attribute 20, 1
   5              		.eabi_attribute 21, 1
   6              		.eabi_attribute 23, 3
   7              		.eabi_attribute 24, 1
   8              		.eabi_attribute 25, 1
   9              		.eabi_attribute 26, 1
  10              		.eabi_attribute 30, 6
  11              		.eabi_attribute 34, 0
  12              		.eabi_attribute 18, 4
  13              		.thumb
  14              		.syntax unified
  15              		.file	"main.c"
  16              		.text
  17              	.Ltext0:
  18              		.cfi_sections	.debug_frame
  19              		.comm	deviceConnected,1,1
  20              		.comm	buffer,180,4
  21              		.section	.text.DisplayMessage,"ax",%progbits
  22              		.align	2
  23              		.global	DisplayMessage
  24              		.code	16
  25              		.thumb_func
  26              		.type	DisplayMessage, %function
  27              	DisplayMessage:
  28              	.LFB36:
  29              		.file 1 "main.c"
   1:main.c        **** /* ========================================
   2:main.c        ****  *
   3:main.c        ****  * Copyright YOUR COMPANY, THE YEAR
   4:main.c        ****  * All Rights Reserved
   5:main.c        ****  * UNPUBLISHED, LICENSED SOFTWARE.
   6:main.c        ****  *
   7:main.c        ****  * CONFIDENTIAL AND PROPRIETARY INFORMATION
   8:main.c        ****  * WHICH IS THE PROPERTY OF your company.
   9:main.c        ****  *
  10:main.c        ****  * ========================================
  11:main.c        **** */
  12:main.c        **** #include <main.h>
  13:main.c        **** 
  14:main.c        **** char buffer[180]; 
  15:main.c        **** 
  16:main.c        **** void DisplayMessage(char *message, uint8 length)
  17:main.c        **** {
  30              		.loc 1 17 0
  31              		.cfi_startproc
  32              		@ args = 0, pretend = 0, frame = 16
  33              		@ frame_needed = 1, uses_anonymous_args = 0
  34 0000 80B5     		push	{r7, lr}
  35              		.cfi_def_cfa_offset 8
  36              		.cfi_offset 7, -8
  37              		.cfi_offset 14, -4
  38 0002 84B0     		sub	sp, sp, #16
  39              		.cfi_def_cfa_offset 24
  40 0004 00AF     		add	r7, sp, #0
ARM GAS  C:\Users\Jacob\AppData\Local\Temp\ccAyAbem.s 			page 2


  41              		.cfi_def_cfa_register 7
  42 0006 7860     		str	r0, [r7, #4]
  43 0008 0A00     		movs	r2, r1
  44 000a FB1C     		adds	r3, r7, #3
  45 000c 1A70     		strb	r2, [r3]
  18:main.c        ****     uint8 i;
  19:main.c        ****     
  20:main.c        ****     //Timer_CLK_Stop();
  21:main.c        ****     //pos = 0;
  22:main.c        ****     
  23:main.c        ****     stpncpy(buffer, message, length);
  46              		.loc 1 23 0
  47 000e FB1C     		adds	r3, r7, #3
  48 0010 1A78     		ldrb	r2, [r3]
  49 0012 7968     		ldr	r1, [r7, #4]
  50 0014 0F4B     		ldr	r3, .L4
  51 0016 1800     		movs	r0, r3
  52 0018 FFF7FEFF 		bl	stpncpy
  24:main.c        ****     for (i = length; i<180; i++)
  53              		.loc 1 24 0
  54 001c 0F23     		movs	r3, #15
  55 001e FB18     		adds	r3, r7, r3
  56 0020 FA1C     		adds	r2, r7, #3
  57 0022 1278     		ldrb	r2, [r2]
  58 0024 1A70     		strb	r2, [r3]
  59 0026 0CE0     		b	.L2
  60              	.L3:
  25:main.c        ****     {
  26:main.c        ****         buffer[i] = 0;
  61              		.loc 1 26 0 discriminator 3
  62 0028 0F23     		movs	r3, #15
  63 002a FB18     		adds	r3, r7, r3
  64 002c 1B78     		ldrb	r3, [r3]
  65 002e 094A     		ldr	r2, .L4
  66 0030 0021     		movs	r1, #0
  67 0032 D154     		strb	r1, [r2, r3]
  24:main.c        ****     for (i = length; i<180; i++)
  68              		.loc 1 24 0 discriminator 3
  69 0034 0F23     		movs	r3, #15
  70 0036 FB18     		adds	r3, r7, r3
  71 0038 1A78     		ldrb	r2, [r3]
  72 003a 0F23     		movs	r3, #15
  73 003c FB18     		adds	r3, r7, r3
  74 003e 0132     		adds	r2, r2, #1
  75 0040 1A70     		strb	r2, [r3]
  76              	.L2:
  24:main.c        ****     for (i = length; i<180; i++)
  77              		.loc 1 24 0 is_stmt 0 discriminator 1
  78 0042 0F23     		movs	r3, #15
  79 0044 FB18     		adds	r3, r7, r3
  80 0046 1B78     		ldrb	r3, [r3]
  81 0048 B32B     		cmp	r3, #179
  82 004a EDD9     		bls	.L3
  27:main.c        ****     }
  28:main.c        ****     
  29:main.c        ****     //Timer_CLK_Start();
  30:main.c        **** }
ARM GAS  C:\Users\Jacob\AppData\Local\Temp\ccAyAbem.s 			page 3


  83              		.loc 1 30 0 is_stmt 1
  84 004c C046     		nop
  85 004e BD46     		mov	sp, r7
  86 0050 04B0     		add	sp, sp, #16
  87              		@ sp needed
  88 0052 80BD     		pop	{r7, pc}
  89              	.L5:
  90              		.align	2
  91              	.L4:
  92 0054 00000000 		.word	buffer
  93              		.cfi_endproc
  94              	.LFE36:
  95              		.size	DisplayMessage, .-DisplayMessage
  96              		.section	.rodata
  97              		.align	2
  98              	.LC3:
  99 0000 466C6578 		.ascii	"Flex Sensor 1: %d Flex Sensor 2: %d\012\000"
  99      2053656E 
  99      736F7220 
  99      313A2025 
  99      6420466C 
 100 0025 000000   		.align	2
 101              	.LC1:
 102 0028 466C6578 		.ascii	"Flex Sensor 1: 2016\012 Flex Sensor 2: 2017\000"
 102      2053656E 
 102      736F7220 
 102      313A2032 
 102      3031360A 
 103              		.section	.text.testFlex,"ax",%progbits
 104              		.align	2
 105              		.global	testFlex
 106              		.code	16
 107              		.thumb_func
 108              		.type	testFlex, %function
 109              	testFlex:
 110              	.LFB37:
  31:main.c        **** void testFlex(){
 111              		.loc 1 31 0
 112              		.cfi_startproc
 113              		@ args = 0, pretend = 0, frame = 56
 114              		@ frame_needed = 1, uses_anonymous_args = 0
 115 0000 90B5     		push	{r4, r7, lr}
 116              		.cfi_def_cfa_offset 12
 117              		.cfi_offset 4, -12
 118              		.cfi_offset 7, -8
 119              		.cfi_offset 14, -4
 120 0002 8FB0     		sub	sp, sp, #60
 121              		.cfi_def_cfa_offset 72
 122 0004 00AF     		add	r7, sp, #0
 123              		.cfi_def_cfa_register 7
  32:main.c        ****     int analog1, analog2;
  33:main.c        ****     char buffer[] = "Flex Sensor 1: 2016\n Flex Sensor 2: 2017";
 124              		.loc 1 33 0
 125 0006 3B00     		movs	r3, r7
 126 0008 194A     		ldr	r2, .L9
 127 000a 13CA     		ldmia	r2!, {r0, r1, r4}
 128 000c 13C3     		stmia	r3!, {r0, r1, r4}
ARM GAS  C:\Users\Jacob\AppData\Local\Temp\ccAyAbem.s 			page 4


 129 000e 13CA     		ldmia	r2!, {r0, r1, r4}
 130 0010 13C3     		stmia	r3!, {r0, r1, r4}
 131 0012 13CA     		ldmia	r2!, {r0, r1, r4}
 132 0014 13C3     		stmia	r3!, {r0, r1, r4}
 133 0016 1168     		ldr	r1, [r2]
 134 0018 1960     		str	r1, [r3]
 135 001a 1279     		ldrb	r2, [r2, #4]
 136 001c 1A71     		strb	r2, [r3, #4]
  34:main.c        ****     adc_Start();
 137              		.loc 1 34 0
 138 001e FFF7FEFF 		bl	adc_Start
  35:main.c        ****     adc_StartConvert();
 139              		.loc 1 35 0
 140 0022 FFF7FEFF 		bl	adc_StartConvert
  36:main.c        ****     UART_Start();
 141              		.loc 1 36 0
 142 0026 FFF7FEFF 		bl	UART_Start
 143              	.LBB2:
  37:main.c        ****     for(int i=0;i<100;i++){
 144              		.loc 1 37 0
 145 002a 0023     		movs	r3, #0
 146 002c 7B63     		str	r3, [r7, #52]
 147 002e 18E0     		b	.L7
 148              	.L8:
  38:main.c        ****         adc_IsEndConversion(adc_WAIT_FOR_RESULT);
 149              		.loc 1 38 0 discriminator 3
 150 0030 0220     		movs	r0, #2
 151 0032 FFF7FEFF 		bl	adc_IsEndConversion
  39:main.c        ****         analog1 = adc_GetResult16(0);
 152              		.loc 1 39 0 discriminator 3
 153 0036 0020     		movs	r0, #0
 154 0038 FFF7FEFF 		bl	adc_GetResult16
 155 003c 0300     		movs	r3, r0
 156 003e 3B63     		str	r3, [r7, #48]
  40:main.c        ****         analog2 = adc_GetResult16(1);
 157              		.loc 1 40 0 discriminator 3
 158 0040 0120     		movs	r0, #1
 159 0042 FFF7FEFF 		bl	adc_GetResult16
 160 0046 0300     		movs	r3, r0
 161 0048 FB62     		str	r3, [r7, #44]
  41:main.c        ****         sprintf(buffer, "Flex Sensor 1: %d Flex Sensor 2: %d\n", analog1, analog2);
 162              		.loc 1 41 0 discriminator 3
 163 004a FB6A     		ldr	r3, [r7, #44]
 164 004c 3A6B     		ldr	r2, [r7, #48]
 165 004e 0949     		ldr	r1, .L9+4
 166 0050 3800     		movs	r0, r7
 167 0052 FFF7FEFF 		bl	sprintf
  42:main.c        ****         //print
  43:main.c        ****         CyDelay(100);
 168              		.loc 1 43 0 discriminator 3
 169 0056 6420     		movs	r0, #100
 170 0058 FFF7FEFF 		bl	CyDelay
  37:main.c        ****         adc_IsEndConversion(adc_WAIT_FOR_RESULT);
 171              		.loc 1 37 0 discriminator 3
 172 005c 7B6B     		ldr	r3, [r7, #52]
 173 005e 0133     		adds	r3, r3, #1
 174 0060 7B63     		str	r3, [r7, #52]
ARM GAS  C:\Users\Jacob\AppData\Local\Temp\ccAyAbem.s 			page 5


 175              	.L7:
  37:main.c        ****         adc_IsEndConversion(adc_WAIT_FOR_RESULT);
 176              		.loc 1 37 0 is_stmt 0 discriminator 1
 177 0062 7B6B     		ldr	r3, [r7, #52]
 178 0064 632B     		cmp	r3, #99
 179 0066 E3DD     		ble	.L8
 180              	.LBE2:
  44:main.c        ****     }
  45:main.c        **** }
 181              		.loc 1 45 0 is_stmt 1
 182 0068 C046     		nop
 183 006a BD46     		mov	sp, r7
 184 006c 0FB0     		add	sp, sp, #60
 185              		@ sp needed
 186 006e 90BD     		pop	{r4, r7, pc}
 187              	.L10:
 188              		.align	2
 189              	.L9:
 190 0070 28000000 		.word	.LC1
 191 0074 00000000 		.word	.LC3
 192              		.cfi_endproc
 193              	.LFE37:
 194              		.size	testFlex, .-testFlex
 195              		.section	.text.testMotor,"ax",%progbits
 196              		.align	2
 197              		.global	testMotor
 198              		.code	16
 199              		.thumb_func
 200              		.type	testMotor, %function
 201              	testMotor:
 202              	.LFB38:
  46:main.c        **** 
  47:main.c        **** void testMotor(){
 203              		.loc 1 47 0
 204              		.cfi_startproc
 205              		@ args = 0, pretend = 0, frame = 0
 206              		@ frame_needed = 1, uses_anonymous_args = 0
 207 0000 80B5     		push	{r7, lr}
 208              		.cfi_def_cfa_offset 8
 209              		.cfi_offset 7, -8
 210              		.cfi_offset 14, -4
 211 0002 00AF     		add	r7, sp, #0
 212              		.cfi_def_cfa_register 7
  48:main.c        ****     motorA_Write(0);
 213              		.loc 1 48 0
 214 0004 0020     		movs	r0, #0
 215 0006 FFF7FEFF 		bl	motorA_Write
  49:main.c        ****     motorB_Write(1);
 216              		.loc 1 49 0
 217 000a 0120     		movs	r0, #1
 218 000c FFF7FEFF 		bl	motorB_Write
  50:main.c        ****     CyDelay(2000);
 219              		.loc 1 50 0
 220 0010 FA23     		movs	r3, #250
 221 0012 DB00     		lsls	r3, r3, #3
 222 0014 1800     		movs	r0, r3
 223 0016 FFF7FEFF 		bl	CyDelay
ARM GAS  C:\Users\Jacob\AppData\Local\Temp\ccAyAbem.s 			page 6


  51:main.c        ****     motorA_Write(1);
 224              		.loc 1 51 0
 225 001a 0120     		movs	r0, #1
 226 001c FFF7FEFF 		bl	motorA_Write
  52:main.c        ****     motorB_Write(0);
 227              		.loc 1 52 0
 228 0020 0020     		movs	r0, #0
 229 0022 FFF7FEFF 		bl	motorB_Write
  53:main.c        ****     CyDelay(2000);
 230              		.loc 1 53 0
 231 0026 FA23     		movs	r3, #250
 232 0028 DB00     		lsls	r3, r3, #3
 233 002a 1800     		movs	r0, r3
 234 002c FFF7FEFF 		bl	CyDelay
  54:main.c        ****     motorA_Write(0);
 235              		.loc 1 54 0
 236 0030 0020     		movs	r0, #0
 237 0032 FFF7FEFF 		bl	motorA_Write
  55:main.c        **** }
 238              		.loc 1 55 0
 239 0036 C046     		nop
 240 0038 BD46     		mov	sp, r7
 241              		@ sp needed
 242 003a 80BD     		pop	{r7, pc}
 243              		.cfi_endproc
 244              	.LFE38:
 245              		.size	testMotor, .-testMotor
 246              		.section	.text.testBuzzer,"ax",%progbits
 247              		.align	2
 248              		.global	testBuzzer
 249              		.code	16
 250              		.thumb_func
 251              		.type	testBuzzer, %function
 252              	testBuzzer:
 253              	.LFB39:
  56:main.c        **** 
  57:main.c        **** void testBuzzer(){
 254              		.loc 1 57 0
 255              		.cfi_startproc
 256              		@ args = 0, pretend = 0, frame = 0
 257              		@ frame_needed = 1, uses_anonymous_args = 0
 258 0000 80B5     		push	{r7, lr}
 259              		.cfi_def_cfa_offset 8
 260              		.cfi_offset 7, -8
 261              		.cfi_offset 14, -4
 262 0002 00AF     		add	r7, sp, #0
 263              		.cfi_def_cfa_register 7
  58:main.c        ****     pwmBuzzer_WriteCompare(50);
 264              		.loc 1 58 0
 265 0004 3220     		movs	r0, #50
 266 0006 FFF7FEFF 		bl	pwmBuzzer_WriteCompare
  59:main.c        ****     CyDelay(3000);
 267              		.loc 1 59 0
 268 000a 074B     		ldr	r3, .L13
 269 000c 1800     		movs	r0, r3
 270 000e FFF7FEFF 		bl	CyDelay
  60:main.c        ****     pwmBuzzer_WriteCompare(0);
ARM GAS  C:\Users\Jacob\AppData\Local\Temp\ccAyAbem.s 			page 7


 271              		.loc 1 60 0
 272 0012 0020     		movs	r0, #0
 273 0014 FFF7FEFF 		bl	pwmBuzzer_WriteCompare
  61:main.c        ****     CyDelay(3000);
 274              		.loc 1 61 0
 275 0018 034B     		ldr	r3, .L13
 276 001a 1800     		movs	r0, r3
 277 001c FFF7FEFF 		bl	CyDelay
  62:main.c        **** }
 278              		.loc 1 62 0
 279 0020 C046     		nop
 280 0022 BD46     		mov	sp, r7
 281              		@ sp needed
 282 0024 80BD     		pop	{r7, pc}
 283              	.L14:
 284 0026 C046     		.align	2
 285              	.L13:
 286 0028 B80B0000 		.word	3000
 287              		.cfi_endproc
 288              	.LFE39:
 289              		.size	testBuzzer, .-testBuzzer
 290              		.section	.text.initializeSubsystems,"ax",%progbits
 291              		.align	2
 292              		.global	initializeSubsystems
 293              		.code	16
 294              		.thumb_func
 295              		.type	initializeSubsystems, %function
 296              	initializeSubsystems:
 297              	.LFB40:
  63:main.c        **** 
  64:main.c        **** void initializeSubsystems(){
 298              		.loc 1 64 0
 299              		.cfi_startproc
 300              		@ args = 0, pretend = 0, frame = 0
 301              		@ frame_needed = 1, uses_anonymous_args = 0
 302 0000 80B5     		push	{r7, lr}
 303              		.cfi_def_cfa_offset 8
 304              		.cfi_offset 7, -8
 305              		.cfi_offset 14, -4
 306 0002 00AF     		add	r7, sp, #0
 307              		.cfi_def_cfa_register 7
  65:main.c        ****     pwmBuzzer_Start();
 308              		.loc 1 65 0
 309 0004 FFF7FEFF 		bl	pwmBuzzer_Start
  66:main.c        ****     pwmBuzzer_WriteCompare(0);
 310              		.loc 1 66 0
 311 0008 0020     		movs	r0, #0
 312 000a FFF7FEFF 		bl	pwmBuzzer_WriteCompare
  67:main.c        ****     adc_Start();
 313              		.loc 1 67 0
 314 000e FFF7FEFF 		bl	adc_Start
  68:main.c        ****     adc_StartConvert();
 315              		.loc 1 68 0
 316 0012 FFF7FEFF 		bl	adc_StartConvert
  69:main.c        ****     uart2_Start();
 317              		.loc 1 69 0
 318 0016 FFF7FEFF 		bl	uart2_Start
ARM GAS  C:\Users\Jacob\AppData\Local\Temp\ccAyAbem.s 			page 8


  70:main.c        ****     CyBle_Start(StackEventHandler);
 319              		.loc 1 70 0
 320 001a 034B     		ldr	r3, .L16
 321 001c 1800     		movs	r0, r3
 322 001e FFF7FEFF 		bl	CyBle_Start
  71:main.c        **** }
 323              		.loc 1 71 0
 324 0022 C046     		nop
 325 0024 BD46     		mov	sp, r7
 326              		@ sp needed
 327 0026 80BD     		pop	{r7, pc}
 328              	.L17:
 329              		.align	2
 330              	.L16:
 331 0028 00000000 		.word	StackEventHandler
 332              		.cfi_endproc
 333              	.LFE40:
 334              		.size	initializeSubsystems, .-initializeSubsystems
 335              		.section	.text.flexGet,"ax",%progbits
 336              		.align	2
 337              		.global	flexGet
 338              		.code	16
 339              		.thumb_func
 340              		.type	flexGet, %function
 341              	flexGet:
 342              	.LFB41:
  72:main.c        **** 
  73:main.c        **** int flexGet(int num){
 343              		.loc 1 73 0
 344              		.cfi_startproc
 345              		@ args = 0, pretend = 0, frame = 8
 346              		@ frame_needed = 1, uses_anonymous_args = 0
 347 0000 80B5     		push	{r7, lr}
 348              		.cfi_def_cfa_offset 8
 349              		.cfi_offset 7, -8
 350              		.cfi_offset 14, -4
 351 0002 82B0     		sub	sp, sp, #8
 352              		.cfi_def_cfa_offset 16
 353 0004 00AF     		add	r7, sp, #0
 354              		.cfi_def_cfa_register 7
 355 0006 7860     		str	r0, [r7, #4]
  74:main.c        ****     adc_IsEndConversion(adc_WAIT_FOR_RESULT);
 356              		.loc 1 74 0
 357 0008 0220     		movs	r0, #2
 358 000a FFF7FEFF 		bl	adc_IsEndConversion
  75:main.c        ****     return adc_GetResult16(num);
 359              		.loc 1 75 0
 360 000e 7B68     		ldr	r3, [r7, #4]
 361 0010 1800     		movs	r0, r3
 362 0012 FFF7FEFF 		bl	adc_GetResult16
 363 0016 0300     		movs	r3, r0
  76:main.c        **** }
 364              		.loc 1 76 0
 365 0018 1800     		movs	r0, r3
 366 001a BD46     		mov	sp, r7
 367 001c 02B0     		add	sp, sp, #8
 368              		@ sp needed
ARM GAS  C:\Users\Jacob\AppData\Local\Temp\ccAyAbem.s 			page 9


 369 001e 80BD     		pop	{r7, pc}
 370              		.cfi_endproc
 371              	.LFE41:
 372              		.size	flexGet, .-flexGet
 373              		.section	.text.buzzerSet,"ax",%progbits
 374              		.align	2
 375              		.global	buzzerSet
 376              		.code	16
 377              		.thumb_func
 378              		.type	buzzerSet, %function
 379              	buzzerSet:
 380              	.LFB42:
  77:main.c        **** void buzzerSet(int compare){
 381              		.loc 1 77 0
 382              		.cfi_startproc
 383              		@ args = 0, pretend = 0, frame = 8
 384              		@ frame_needed = 1, uses_anonymous_args = 0
 385 0000 80B5     		push	{r7, lr}
 386              		.cfi_def_cfa_offset 8
 387              		.cfi_offset 7, -8
 388              		.cfi_offset 14, -4
 389 0002 82B0     		sub	sp, sp, #8
 390              		.cfi_def_cfa_offset 16
 391 0004 00AF     		add	r7, sp, #0
 392              		.cfi_def_cfa_register 7
 393 0006 7860     		str	r0, [r7, #4]
  78:main.c        ****     pwmBuzzer_WriteCompare(compare);
 394              		.loc 1 78 0
 395 0008 7B68     		ldr	r3, [r7, #4]
 396 000a DBB2     		uxtb	r3, r3
 397 000c 1800     		movs	r0, r3
 398 000e FFF7FEFF 		bl	pwmBuzzer_WriteCompare
  79:main.c        **** }
 399              		.loc 1 79 0
 400 0012 C046     		nop
 401 0014 BD46     		mov	sp, r7
 402 0016 02B0     		add	sp, sp, #8
 403              		@ sp needed
 404 0018 80BD     		pop	{r7, pc}
 405              		.cfi_endproc
 406              	.LFE42:
 407              		.size	buzzerSet, .-buzzerSet
 408              		.comm	flexA,4,4
 409              		.comm	flexB,4,4
 410 001a C046     		.section	.text.updateFlexSensors,"ax",%progbits
 411              		.align	2
 412              		.global	updateFlexSensors
 413              		.code	16
 414              		.thumb_func
 415              		.type	updateFlexSensors, %function
 416              	updateFlexSensors:
 417              	.LFB43:
  80:main.c        **** 
  81:main.c        **** int flexA, flexB;
  82:main.c        **** void updateFlexSensors(){
 418              		.loc 1 82 0
 419              		.cfi_startproc
ARM GAS  C:\Users\Jacob\AppData\Local\Temp\ccAyAbem.s 			page 10


 420              		@ args = 0, pretend = 0, frame = 0
 421              		@ frame_needed = 1, uses_anonymous_args = 0
 422 0000 80B5     		push	{r7, lr}
 423              		.cfi_def_cfa_offset 8
 424              		.cfi_offset 7, -8
 425              		.cfi_offset 14, -4
 426 0002 00AF     		add	r7, sp, #0
 427              		.cfi_def_cfa_register 7
  83:main.c        ****     flexA = flexGet(0)-500;
 428              		.loc 1 83 0
 429 0004 0020     		movs	r0, #0
 430 0006 FFF7FEFF 		bl	flexGet
 431 000a 0300     		movs	r3, r0
 432 000c F53B     		subs	r3, r3, #245
 433 000e FF3B     		subs	r3, r3, #255
 434 0010 1A00     		movs	r2, r3
 435 0012 064B     		ldr	r3, .L22
 436 0014 1A60     		str	r2, [r3]
  84:main.c        ****     flexB = flexGet(1)-650;
 437              		.loc 1 84 0
 438 0016 0120     		movs	r0, #1
 439 0018 FFF7FEFF 		bl	flexGet
 440 001c 0300     		movs	r3, r0
 441 001e 044A     		ldr	r2, .L22+4
 442 0020 9A18     		adds	r2, r3, r2
 443 0022 044B     		ldr	r3, .L22+8
 444 0024 1A60     		str	r2, [r3]
  85:main.c        **** }
 445              		.loc 1 85 0
 446 0026 C046     		nop
 447 0028 BD46     		mov	sp, r7
 448              		@ sp needed
 449 002a 80BD     		pop	{r7, pc}
 450              	.L23:
 451              		.align	2
 452              	.L22:
 453 002c 00000000 		.word	flexA
 454 0030 76FDFFFF 		.word	-650
 455 0034 00000000 		.word	flexB
 456              		.cfi_endproc
 457              	.LFE43:
 458              		.size	updateFlexSensors, .-updateFlexSensors
 459              		.section	.text.activateAlarm,"ax",%progbits
 460              		.align	2
 461              		.global	activateAlarm
 462              		.code	16
 463              		.thumb_func
 464              		.type	activateAlarm, %function
 465              	activateAlarm:
 466              	.LFB44:
  86:main.c        **** void activateAlarm(int on){
 467              		.loc 1 86 0
 468              		.cfi_startproc
 469              		@ args = 0, pretend = 0, frame = 8
 470              		@ frame_needed = 1, uses_anonymous_args = 0
 471 0000 80B5     		push	{r7, lr}
 472              		.cfi_def_cfa_offset 8
ARM GAS  C:\Users\Jacob\AppData\Local\Temp\ccAyAbem.s 			page 11


 473              		.cfi_offset 7, -8
 474              		.cfi_offset 14, -4
 475 0002 82B0     		sub	sp, sp, #8
 476              		.cfi_def_cfa_offset 16
 477 0004 00AF     		add	r7, sp, #0
 478              		.cfi_def_cfa_register 7
 479 0006 7860     		str	r0, [r7, #4]
  87:main.c        ****     motorA_Write(on);
 480              		.loc 1 87 0
 481 0008 7B68     		ldr	r3, [r7, #4]
 482 000a DBB2     		uxtb	r3, r3
 483 000c 1800     		movs	r0, r3
 484 000e FFF7FEFF 		bl	motorA_Write
  88:main.c        ****     motorB_Write(on);
 485              		.loc 1 88 0
 486 0012 7B68     		ldr	r3, [r7, #4]
 487 0014 DBB2     		uxtb	r3, r3
 488 0016 1800     		movs	r0, r3
 489 0018 FFF7FEFF 		bl	motorB_Write
  89:main.c        ****     pwmBuzzer_WriteCompare(50*on);
 490              		.loc 1 89 0
 491 001c 7B68     		ldr	r3, [r7, #4]
 492 001e DBB2     		uxtb	r3, r3
 493 0020 3222     		movs	r2, #50
 494 0022 5343     		muls	r3, r2
 495 0024 DBB2     		uxtb	r3, r3
 496 0026 1800     		movs	r0, r3
 497 0028 FFF7FEFF 		bl	pwmBuzzer_WriteCompare
  90:main.c        **** }
 498              		.loc 1 90 0
 499 002c C046     		nop
 500 002e BD46     		mov	sp, r7
 501 0030 02B0     		add	sp, sp, #8
 502              		@ sp needed
 503 0032 80BD     		pop	{r7, pc}
 504              		.cfi_endproc
 505              	.LFE44:
 506              		.size	activateAlarm, .-activateAlarm
 507              		.section	.rodata
 508 0051 000000   		.align	2
 509              	.LC8:
 510 0054 57616974 		.ascii	"Waiting            \000"
 510      696E6720 
 510      20202020 
 510      20202020 
 510      20202000 
 511              		.align	2
 512              	.LC12:
 513 0068 536C6565 		.ascii	"Sleeping            \000"
 513      70696E67 
 513      20202020 
 513      20202020 
 513      20202020 
 514 007d 000000   		.align	2
 515              	.LC14:
 516 0080 57616B65 		.ascii	"Wakeup!             \000"
 516      75702120 
ARM GAS  C:\Users\Jacob\AppData\Local\Temp\ccAyAbem.s 			page 12


 516      20202020 
 516      20202020 
 516      20202020 
 517 0095 000000   		.align	2
 518              	.LC16:
 519 0098 596F7520 		.ascii	"You slept peacefully\000"
 519      736C6570 
 519      74207065 
 519      61636566 
 519      756C6C79 
 520 00ad 000000   		.align	2
 521              	.LC18:
 522 00b0 596F7520 		.ascii	"You slept restlessly\000"
 522      736C6570 
 522      74207265 
 522      73746C65 
 522      73736C79 
 523              		.section	.text.main,"ax",%progbits
 524              		.align	2
 525              		.global	main
 526              		.code	16
 527              		.thumb_func
 528              		.type	main, %function
 529              	main:
 530              	.LFB45:
  91:main.c        **** 
  92:main.c        **** int main()
  93:main.c        **** {
 531              		.loc 1 93 0
 532              		.cfi_startproc
 533              		@ args = 0, pretend = 0, frame = 64
 534              		@ frame_needed = 1, uses_anonymous_args = 0
 535 0000 90B5     		push	{r4, r7, lr}
 536              		.cfi_def_cfa_offset 12
 537              		.cfi_offset 4, -12
 538              		.cfi_offset 7, -8
 539              		.cfi_offset 14, -4
 540 0002 91B0     		sub	sp, sp, #68
 541              		.cfi_def_cfa_offset 80
 542 0004 00AF     		add	r7, sp, #0
 543              		.cfi_def_cfa_register 7
  94:main.c        ****     /* Place your initialization/startup code here (e.g. MyInst_Start()) */
  95:main.c        ****     //StandardDisplayInit();
  96:main.c        ****     
  97:main.c        ****     CyGlobalIntEnable;
 544              		.loc 1 97 0
 545              		.syntax divided
 546              	@ 97 "main.c" 1
 547 0006 62B6     		CPSIE   i
 548              	@ 0 "" 2
  98:main.c        ****     char text[32];
  99:main.c        ****     int threshold = 500;
 549              		.loc 1 99 0
 550              		.thumb
 551              		.syntax unified
 552 0008 FA23     		movs	r3, #250
 553 000a 5B00     		lsls	r3, r3, #1
ARM GAS  C:\Users\Jacob\AppData\Local\Temp\ccAyAbem.s 			page 13


 554 000c 7B62     		str	r3, [r7, #36]
 100:main.c        ****     
 101:main.c        ****     initializeSubsystems();
 555              		.loc 1 101 0
 556 000e FFF7FEFF 		bl	initializeSubsystems
 102:main.c        ****     sprintf(text, "Waiting            ");
 557              		.loc 1 102 0
 558 0012 3B1D     		adds	r3, r7, #4
 559 0014 674A     		ldr	r2, .L45
 560 0016 13CA     		ldmia	r2!, {r0, r1, r4}
 561 0018 13C3     		stmia	r3!, {r0, r1, r4}
 562 001a 03CA     		ldmia	r2!, {r0, r1}
 563 001c 03C3     		stmia	r3!, {r0, r1}
 103:main.c        ****     DisplayMessage(text, sizeof(text));
 564              		.loc 1 103 0
 565 001e 3B1D     		adds	r3, r7, #4
 566 0020 2021     		movs	r1, #32
 567 0022 1800     		movs	r0, r3
 568 0024 FFF7FEFF 		bl	DisplayMessage
 569              	.L44:
 570              	.LBB3:
 571              	.LBB4:
 104:main.c        ****     
 105:main.c        ****     while(1)
 106:main.c        ****     {   
 107:main.c        ****         for(int i=0; i< 100100; i++){
 572              		.loc 1 107 0
 573 0028 0023     		movs	r3, #0
 574 002a FB63     		str	r3, [r7, #60]
 575 002c 04E0     		b	.L26
 576              	.L27:
 108:main.c        ****             CyBle_ProcessEvents();
 577              		.loc 1 108 0 discriminator 3
 578 002e FFF7FEFF 		bl	CyBle_ProcessEvents
 107:main.c        ****             CyBle_ProcessEvents();
 579              		.loc 1 107 0 discriminator 3
 580 0032 FB6B     		ldr	r3, [r7, #60]
 581 0034 0133     		adds	r3, r3, #1
 582 0036 FB63     		str	r3, [r7, #60]
 583              	.L26:
 107:main.c        ****             CyBle_ProcessEvents();
 584              		.loc 1 107 0 is_stmt 0 discriminator 1
 585 0038 FB6B     		ldr	r3, [r7, #60]
 586 003a 5F4A     		ldr	r2, .L45+4
 587 003c 9342     		cmp	r3, r2
 588 003e F6DD     		ble	.L27
 589              	.LBE4:
 109:main.c        ****         }
 110:main.c        ****         //waiting for sleeper
 111:main.c        ****         updateFlexSensors();
 590              		.loc 1 111 0 is_stmt 1
 591 0040 FFF7FEFF 		bl	updateFlexSensors
 112:main.c        ****         while(flexA > threshold && flexB > threshold){
 592              		.loc 1 112 0
 593 0044 15E0     		b	.L28
 594              	.L32:
 113:main.c        ****             CyDelay(100);
ARM GAS  C:\Users\Jacob\AppData\Local\Temp\ccAyAbem.s 			page 14


 595              		.loc 1 113 0
 596 0046 6420     		movs	r0, #100
 597 0048 FFF7FEFF 		bl	CyDelay
 114:main.c        ****             updateFlexSensors();
 598              		.loc 1 114 0
 599 004c FFF7FEFF 		bl	updateFlexSensors
 115:main.c        ****             //sprintf(text, "Waiting ");
 116:main.c        ****             DisplayMessage(text, sizeof(text));
 600              		.loc 1 116 0
 601 0050 3B1D     		adds	r3, r7, #4
 602 0052 2021     		movs	r1, #32
 603 0054 1800     		movs	r0, r3
 604 0056 FFF7FEFF 		bl	DisplayMessage
 605              	.LBB5:
 117:main.c        ****             for(int i=0; i< 100100; i++){
 606              		.loc 1 117 0
 607 005a 0023     		movs	r3, #0
 608 005c BB63     		str	r3, [r7, #56]
 609 005e 04E0     		b	.L29
 610              	.L30:
 118:main.c        ****                 CyBle_ProcessEvents();
 611              		.loc 1 118 0 discriminator 3
 612 0060 FFF7FEFF 		bl	CyBle_ProcessEvents
 117:main.c        ****             for(int i=0; i< 100100; i++){
 613              		.loc 1 117 0 discriminator 3
 614 0064 BB6B     		ldr	r3, [r7, #56]
 615 0066 0133     		adds	r3, r3, #1
 616 0068 BB63     		str	r3, [r7, #56]
 617              	.L29:
 117:main.c        ****             for(int i=0; i< 100100; i++){
 618              		.loc 1 117 0 is_stmt 0 discriminator 1
 619 006a BB6B     		ldr	r3, [r7, #56]
 620 006c 524A     		ldr	r2, .L45+4
 621 006e 9342     		cmp	r3, r2
 622 0070 F6DD     		ble	.L30
 623              	.L28:
 624              	.LBE5:
 112:main.c        ****             CyDelay(100);
 625              		.loc 1 112 0 is_stmt 1
 626 0072 524B     		ldr	r3, .L45+8
 627 0074 1A68     		ldr	r2, [r3]
 628 0076 7B6A     		ldr	r3, [r7, #36]
 629 0078 9A42     		cmp	r2, r3
 630 007a 04DD     		ble	.L31
 112:main.c        ****             CyDelay(100);
 631              		.loc 1 112 0 is_stmt 0 discriminator 1
 632 007c 504B     		ldr	r3, .L45+12
 633 007e 1A68     		ldr	r2, [r3]
 634 0080 7B6A     		ldr	r3, [r7, #36]
 635 0082 9A42     		cmp	r2, r3
 636 0084 DFDC     		bgt	.L32
 637              	.L31:
 119:main.c        ****             }
 120:main.c        ****         }
 121:main.c        ****         sprintf(text, "Sleeping            ");
 638              		.loc 1 121 0 is_stmt 1
 639 0086 3B1D     		adds	r3, r7, #4
ARM GAS  C:\Users\Jacob\AppData\Local\Temp\ccAyAbem.s 			page 15


 640 0088 4E4A     		ldr	r2, .L45+16
 641 008a 13CA     		ldmia	r2!, {r0, r1, r4}
 642 008c 13C3     		stmia	r3!, {r0, r1, r4}
 643 008e 03CA     		ldmia	r2!, {r0, r1}
 644 0090 03C3     		stmia	r3!, {r0, r1}
 645 0092 1278     		ldrb	r2, [r2]
 646 0094 1A70     		strb	r2, [r3]
 122:main.c        ****         DisplayMessage(text, sizeof(text));
 647              		.loc 1 122 0
 648 0096 3B1D     		adds	r3, r7, #4
 649 0098 2021     		movs	r1, #32
 650 009a 1800     		movs	r0, r3
 651 009c FFF7FEFF 		bl	DisplayMessage
 123:main.c        ****         CyBle_ProcessEvents();
 652              		.loc 1 123 0
 653 00a0 FFF7FEFF 		bl	CyBle_ProcessEvents
 124:main.c        ****         //sleeping
 125:main.c        ****         int k=0;
 654              		.loc 1 125 0
 655 00a4 0023     		movs	r3, #0
 656 00a6 7B63     		str	r3, [r7, #52]
 657              	.LBB6:
 126:main.c        ****         for(int i=0; i < 10000; i+=100){
 658              		.loc 1 126 0
 659 00a8 0023     		movs	r3, #0
 660 00aa 3B63     		str	r3, [r7, #48]
 661 00ac 18E0     		b	.L33
 662              	.L35:
 127:main.c        ****             updateFlexSensors();
 663              		.loc 1 127 0
 664 00ae FFF7FEFF 		bl	updateFlexSensors
 128:main.c        ****             if(flexA > 500 && flexB > 500)
 665              		.loc 1 128 0
 666 00b2 424B     		ldr	r3, .L45+8
 667 00b4 1A68     		ldr	r2, [r3]
 668 00b6 FA23     		movs	r3, #250
 669 00b8 5B00     		lsls	r3, r3, #1
 670 00ba 9A42     		cmp	r2, r3
 671 00bc 08DD     		ble	.L34
 672              		.loc 1 128 0 is_stmt 0 discriminator 1
 673 00be 404B     		ldr	r3, .L45+12
 674 00c0 1A68     		ldr	r2, [r3]
 675 00c2 FA23     		movs	r3, #250
 676 00c4 5B00     		lsls	r3, r3, #1
 677 00c6 9A42     		cmp	r2, r3
 678 00c8 02DD     		ble	.L34
 129:main.c        ****                 k++;
 679              		.loc 1 129 0 is_stmt 1
 680 00ca 7B6B     		ldr	r3, [r7, #52]
 681 00cc 0133     		adds	r3, r3, #1
 682 00ce 7B63     		str	r3, [r7, #52]
 683              	.L34:
 130:main.c        ****             CyBle_ProcessEvents();
 684              		.loc 1 130 0 discriminator 2
 685 00d0 FFF7FEFF 		bl	CyBle_ProcessEvents
 131:main.c        ****             CyDelay(100);
 686              		.loc 1 131 0 discriminator 2
ARM GAS  C:\Users\Jacob\AppData\Local\Temp\ccAyAbem.s 			page 16


 687 00d4 6420     		movs	r0, #100
 688 00d6 FFF7FEFF 		bl	CyDelay
 126:main.c        ****             updateFlexSensors();
 689              		.loc 1 126 0 discriminator 2
 690 00da 3B6B     		ldr	r3, [r7, #48]
 691 00dc 6433     		adds	r3, r3, #100
 692 00de 3B63     		str	r3, [r7, #48]
 693              	.L33:
 126:main.c        ****             updateFlexSensors();
 694              		.loc 1 126 0 is_stmt 0 discriminator 1
 695 00e0 3B6B     		ldr	r3, [r7, #48]
 696 00e2 394A     		ldr	r2, .L45+20
 697 00e4 9342     		cmp	r3, r2
 698 00e6 E2DD     		ble	.L35
 699              	.LBE6:
 132:main.c        ****         }
 133:main.c        ****         activateAlarm(1);
 700              		.loc 1 133 0 is_stmt 1
 701 00e8 0120     		movs	r0, #1
 702 00ea FFF7FEFF 		bl	activateAlarm
 134:main.c        ****         updateFlexSensors();
 703              		.loc 1 134 0
 704 00ee FFF7FEFF 		bl	updateFlexSensors
 135:main.c        ****         sprintf(text, "Wakeup!             ");
 705              		.loc 1 135 0
 706 00f2 3B1D     		adds	r3, r7, #4
 707 00f4 354A     		ldr	r2, .L45+24
 708 00f6 13CA     		ldmia	r2!, {r0, r1, r4}
 709 00f8 13C3     		stmia	r3!, {r0, r1, r4}
 710 00fa 03CA     		ldmia	r2!, {r0, r1}
 711 00fc 03C3     		stmia	r3!, {r0, r1}
 712 00fe 1278     		ldrb	r2, [r2]
 713 0100 1A70     		strb	r2, [r3]
 136:main.c        ****         DisplayMessage(text, sizeof(text));
 714              		.loc 1 136 0
 715 0102 3B1D     		adds	r3, r7, #4
 716 0104 2021     		movs	r1, #32
 717 0106 1800     		movs	r0, r3
 718 0108 FFF7FEFF 		bl	DisplayMessage
 137:main.c        ****         CyBle_ProcessEvents();
 719              		.loc 1 137 0
 720 010c FFF7FEFF 		bl	CyBle_ProcessEvents
 138:main.c        ****         //waiting to wakeup
 139:main.c        ****         int j =0;
 721              		.loc 1 139 0
 722 0110 0023     		movs	r3, #0
 723 0112 FB62     		str	r3, [r7, #44]
 140:main.c        ****         while(j<50){
 724              		.loc 1 140 0
 725 0114 1EE0     		b	.L36
 726              	.L39:
 141:main.c        ****             updateFlexSensors();
 727              		.loc 1 141 0
 728 0116 FFF7FEFF 		bl	updateFlexSensors
 142:main.c        ****             if(flexA > 500 && flexB > 500){
 729              		.loc 1 142 0
 730 011a 284B     		ldr	r3, .L45+8
ARM GAS  C:\Users\Jacob\AppData\Local\Temp\ccAyAbem.s 			page 17


 731 011c 1A68     		ldr	r2, [r3]
 732 011e FA23     		movs	r3, #250
 733 0120 5B00     		lsls	r3, r3, #1
 734 0122 9A42     		cmp	r2, r3
 735 0124 0CDD     		ble	.L37
 736              		.loc 1 142 0 is_stmt 0 discriminator 1
 737 0126 264B     		ldr	r3, .L45+12
 738 0128 1A68     		ldr	r2, [r3]
 739 012a FA23     		movs	r3, #250
 740 012c 5B00     		lsls	r3, r3, #1
 741 012e 9A42     		cmp	r2, r3
 742 0130 06DD     		ble	.L37
 143:main.c        ****                 activateAlarm(0);
 743              		.loc 1 143 0 is_stmt 1
 744 0132 0020     		movs	r0, #0
 745 0134 FFF7FEFF 		bl	activateAlarm
 144:main.c        ****                 j++;
 746              		.loc 1 144 0
 747 0138 FB6A     		ldr	r3, [r7, #44]
 748 013a 0133     		adds	r3, r3, #1
 749 013c FB62     		str	r3, [r7, #44]
 750 013e 04E0     		b	.L38
 751              	.L37:
 145:main.c        ****             }
 146:main.c        ****             else{
 147:main.c        ****                 activateAlarm(1);
 752              		.loc 1 147 0
 753 0140 0120     		movs	r0, #1
 754 0142 FFF7FEFF 		bl	activateAlarm
 148:main.c        ****                 j=0;
 755              		.loc 1 148 0
 756 0146 0023     		movs	r3, #0
 757 0148 FB62     		str	r3, [r7, #44]
 758              	.L38:
 149:main.c        ****             }
 150:main.c        ****             CyBle_ProcessEvents();
 759              		.loc 1 150 0
 760 014a FFF7FEFF 		bl	CyBle_ProcessEvents
 151:main.c        ****             CyDelay(100);
 761              		.loc 1 151 0
 762 014e 6420     		movs	r0, #100
 763 0150 FFF7FEFF 		bl	CyDelay
 764              	.L36:
 140:main.c        ****             updateFlexSensors();
 765              		.loc 1 140 0
 766 0154 FB6A     		ldr	r3, [r7, #44]
 767 0156 312B     		cmp	r3, #49
 768 0158 DDDD     		ble	.L39
 152:main.c        ****         }
 153:main.c        ****         activateAlarm(0);
 769              		.loc 1 153 0
 770 015a 0020     		movs	r0, #0
 771 015c FFF7FEFF 		bl	activateAlarm
 154:main.c        ****         
 155:main.c        ****         if(k<3)
 772              		.loc 1 155 0
 773 0160 7B6B     		ldr	r3, [r7, #52]
ARM GAS  C:\Users\Jacob\AppData\Local\Temp\ccAyAbem.s 			page 18


 774 0162 022B     		cmp	r3, #2
 775 0164 08DC     		bgt	.L40
 156:main.c        ****             sprintf(text, "You slept peacefully");
 776              		.loc 1 156 0
 777 0166 3B1D     		adds	r3, r7, #4
 778 0168 194A     		ldr	r2, .L45+28
 779 016a 13CA     		ldmia	r2!, {r0, r1, r4}
 780 016c 13C3     		stmia	r3!, {r0, r1, r4}
 781 016e 03CA     		ldmia	r2!, {r0, r1}
 782 0170 03C3     		stmia	r3!, {r0, r1}
 783 0172 1278     		ldrb	r2, [r2]
 784 0174 1A70     		strb	r2, [r3]
 785 0176 07E0     		b	.L41
 786              	.L40:
 157:main.c        ****         else 
 158:main.c        ****             sprintf(text, "You slept restlessly");
 787              		.loc 1 158 0
 788 0178 3B1D     		adds	r3, r7, #4
 789 017a 164A     		ldr	r2, .L45+32
 790 017c 13CA     		ldmia	r2!, {r0, r1, r4}
 791 017e 13C3     		stmia	r3!, {r0, r1, r4}
 792 0180 03CA     		ldmia	r2!, {r0, r1}
 793 0182 03C3     		stmia	r3!, {r0, r1}
 794 0184 1278     		ldrb	r2, [r2]
 795 0186 1A70     		strb	r2, [r3]
 796              	.L41:
 159:main.c        ****         DisplayMessage(text, sizeof(text));
 797              		.loc 1 159 0
 798 0188 3B1D     		adds	r3, r7, #4
 799 018a 2021     		movs	r1, #32
 800 018c 1800     		movs	r0, r3
 801 018e FFF7FEFF 		bl	DisplayMessage
 802              	.LBB7:
 160:main.c        ****         
 161:main.c        ****         for(int i=0; i< 500; i++){
 803              		.loc 1 161 0
 804 0192 0023     		movs	r3, #0
 805 0194 BB62     		str	r3, [r7, #40]
 806 0196 07E0     		b	.L42
 807              	.L43:
 162:main.c        ****             CyBle_ProcessEvents();
 808              		.loc 1 162 0 discriminator 3
 809 0198 FFF7FEFF 		bl	CyBle_ProcessEvents
 163:main.c        ****             CyDelay(10);
 810              		.loc 1 163 0 discriminator 3
 811 019c 0A20     		movs	r0, #10
 812 019e FFF7FEFF 		bl	CyDelay
 161:main.c        ****             CyBle_ProcessEvents();
 813              		.loc 1 161 0 discriminator 3
 814 01a2 BB6A     		ldr	r3, [r7, #40]
 815 01a4 0133     		adds	r3, r3, #1
 816 01a6 BB62     		str	r3, [r7, #40]
 817              	.L42:
 161:main.c        ****             CyBle_ProcessEvents();
 818              		.loc 1 161 0 is_stmt 0 discriminator 1
 819 01a8 BA6A     		ldr	r2, [r7, #40]
 820 01aa F423     		movs	r3, #244
ARM GAS  C:\Users\Jacob\AppData\Local\Temp\ccAyAbem.s 			page 19


 821 01ac FF33     		adds	r3, r3, #255
 822 01ae 9A42     		cmp	r2, r3
 823 01b0 F2DD     		ble	.L43
 824              	.LBE7:
 825              	.LBE3:
 164:main.c        ****         }
 165:main.c        ****     }
 826              		.loc 1 165 0 is_stmt 1
 827 01b2 39E7     		b	.L44
 828              	.L46:
 829              		.align	2
 830              	.L45:
 831 01b4 54000000 		.word	.LC8
 832 01b8 03870100 		.word	100099
 833 01bc 00000000 		.word	flexA
 834 01c0 00000000 		.word	flexB
 835 01c4 68000000 		.word	.LC12
 836 01c8 0F270000 		.word	9999
 837 01cc 80000000 		.word	.LC14
 838 01d0 98000000 		.word	.LC16
 839 01d4 B0000000 		.word	.LC18
 840              		.cfi_endproc
 841              	.LFE45:
 842              		.size	main, .-main
 843              		.text
 844              	.Letext0:
 845              		.file 2 "./main.h"
 846              		.file 3 "Generated_Source\\PSoC4/cytypes.h"
 847              		.file 4 "Generated_Source\\PSoC4/BLE_Stack.h"
 848              		.section	.debug_info,"",%progbits
 849              	.Ldebug_info0:
 850 0000 D4040000 		.4byte	0x4d4
 851 0004 0400     		.2byte	0x4
 852 0006 00000000 		.4byte	.Ldebug_abbrev0
 853 000a 04       		.byte	0x4
 854 000b 01       		.uleb128 0x1
 855 000c A0040000 		.4byte	.LASF105
 856 0010 0C       		.byte	0xc
 857 0011 9D080000 		.4byte	.LASF106
 858 0015 DD060000 		.4byte	.LASF107
 859 0019 00000000 		.4byte	.Ldebug_ranges0+0
 860 001d 00000000 		.4byte	0
 861 0021 00000000 		.4byte	.Ldebug_line0
 862 0025 02       		.uleb128 0x2
 863 0026 01       		.byte	0x1
 864 0027 06       		.byte	0x6
 865 0028 0C060000 		.4byte	.LASF0
 866 002c 02       		.uleb128 0x2
 867 002d 01       		.byte	0x1
 868 002e 08       		.byte	0x8
 869 002f A2050000 		.4byte	.LASF1
 870 0033 02       		.uleb128 0x2
 871 0034 02       		.byte	0x2
 872 0035 05       		.byte	0x5
 873 0036 CE000000 		.4byte	.LASF2
 874 003a 02       		.uleb128 0x2
 875 003b 02       		.byte	0x2
ARM GAS  C:\Users\Jacob\AppData\Local\Temp\ccAyAbem.s 			page 20


 876 003c 07       		.byte	0x7
 877 003d 81070000 		.4byte	.LASF3
 878 0041 02       		.uleb128 0x2
 879 0042 04       		.byte	0x4
 880 0043 05       		.byte	0x5
 881 0044 B2030000 		.4byte	.LASF4
 882 0048 02       		.uleb128 0x2
 883 0049 04       		.byte	0x4
 884 004a 07       		.byte	0x7
 885 004b B4060000 		.4byte	.LASF5
 886 004f 02       		.uleb128 0x2
 887 0050 08       		.byte	0x8
 888 0051 05       		.byte	0x5
 889 0052 0E090000 		.4byte	.LASF6
 890 0056 02       		.uleb128 0x2
 891 0057 08       		.byte	0x8
 892 0058 07       		.byte	0x7
 893 0059 7A030000 		.4byte	.LASF7
 894 005d 03       		.uleb128 0x3
 895 005e 04       		.byte	0x4
 896 005f 05       		.byte	0x5
 897 0060 696E7400 		.ascii	"int\000"
 898 0064 02       		.uleb128 0x2
 899 0065 04       		.byte	0x4
 900 0066 07       		.byte	0x7
 901 0067 8C060000 		.4byte	.LASF8
 902 006b 04       		.uleb128 0x4
 903 006c 2C080000 		.4byte	.LASF108
 904 0070 03       		.byte	0x3
 905 0071 D201     		.2byte	0x1d2
 906 0073 2C000000 		.4byte	0x2c
 907 0077 02       		.uleb128 0x2
 908 0078 04       		.byte	0x4
 909 0079 04       		.byte	0x4
 910 007a 11030000 		.4byte	.LASF9
 911 007e 02       		.uleb128 0x2
 912 007f 08       		.byte	0x8
 913 0080 04       		.byte	0x4
 914 0081 C7080000 		.4byte	.LASF10
 915 0085 02       		.uleb128 0x2
 916 0086 01       		.byte	0x1
 917 0087 08       		.byte	0x8
 918 0088 FC070000 		.4byte	.LASF11
 919 008c 02       		.uleb128 0x2
 920 008d 08       		.byte	0x8
 921 008e 04       		.byte	0x4
 922 008f 70050000 		.4byte	.LASF12
 923 0093 02       		.uleb128 0x2
 924 0094 04       		.byte	0x4
 925 0095 07       		.byte	0x7
 926 0096 10010000 		.4byte	.LASF13
 927 009a 05       		.uleb128 0x5
 928 009b 04       		.byte	0x4
 929 009c 85000000 		.4byte	0x85
 930 00a0 06       		.uleb128 0x6
 931 00a1 01       		.byte	0x1
 932 00a2 2C000000 		.4byte	0x2c
ARM GAS  C:\Users\Jacob\AppData\Local\Temp\ccAyAbem.s 			page 21


 933 00a6 04       		.byte	0x4
 934 00a7 3501     		.2byte	0x135
 935 00a9 5E020000 		.4byte	0x25e
 936 00ad 07       		.uleb128 0x7
 937 00ae B4020000 		.4byte	.LASF14
 938 00b2 00       		.byte	0
 939 00b3 07       		.uleb128 0x7
 940 00b4 C5010000 		.4byte	.LASF15
 941 00b8 01       		.byte	0x1
 942 00b9 07       		.uleb128 0x7
 943 00ba 220A0000 		.4byte	.LASF16
 944 00be 02       		.byte	0x2
 945 00bf 07       		.uleb128 0x7
 946 00c0 2A090000 		.4byte	.LASF17
 947 00c4 03       		.byte	0x3
 948 00c5 07       		.uleb128 0x7
 949 00c6 BA0A0000 		.4byte	.LASF18
 950 00ca 04       		.byte	0x4
 951 00cb 07       		.uleb128 0x7
 952 00cc 56040000 		.4byte	.LASF19
 953 00d0 05       		.byte	0x5
 954 00d1 07       		.uleb128 0x7
 955 00d2 55000000 		.4byte	.LASF20
 956 00d6 06       		.byte	0x6
 957 00d7 07       		.uleb128 0x7
 958 00d8 77090000 		.4byte	.LASF21
 959 00dc 20       		.byte	0x20
 960 00dd 07       		.uleb128 0x7
 961 00de C6060000 		.4byte	.LASF22
 962 00e2 21       		.byte	0x21
 963 00e3 07       		.uleb128 0x7
 964 00e4 00000000 		.4byte	.LASF23
 965 00e8 22       		.byte	0x22
 966 00e9 07       		.uleb128 0x7
 967 00ea 7A040000 		.4byte	.LASF24
 968 00ee 23       		.byte	0x23
 969 00ef 07       		.uleb128 0x7
 970 00f0 70060000 		.4byte	.LASF25
 971 00f4 24       		.byte	0x24
 972 00f5 07       		.uleb128 0x7
 973 00f6 D8000000 		.4byte	.LASF26
 974 00fa 25       		.byte	0x25
 975 00fb 07       		.uleb128 0x7
 976 00fc 0D040000 		.4byte	.LASF27
 977 0100 26       		.byte	0x26
 978 0101 07       		.uleb128 0x7
 979 0102 EE030000 		.4byte	.LASF28
 980 0106 27       		.byte	0x27
 981 0107 07       		.uleb128 0x7
 982 0108 980A0000 		.4byte	.LASF29
 983 010c 28       		.byte	0x28
 984 010d 07       		.uleb128 0x7
 985 010e 29070000 		.4byte	.LASF30
 986 0112 29       		.byte	0x29
 987 0113 07       		.uleb128 0x7
 988 0114 AC070000 		.4byte	.LASF31
 989 0118 2A       		.byte	0x2a
ARM GAS  C:\Users\Jacob\AppData\Local\Temp\ccAyAbem.s 			page 22


 990 0119 07       		.uleb128 0x7
 991 011a 7E080000 		.4byte	.LASF32
 992 011e 2B       		.byte	0x2b
 993 011f 07       		.uleb128 0x7
 994 0120 50020000 		.4byte	.LASF33
 995 0124 2C       		.byte	0x2c
 996 0125 07       		.uleb128 0x7
 997 0126 30030000 		.4byte	.LASF34
 998 012a 2D       		.byte	0x2d
 999 012b 07       		.uleb128 0x7
 1000 012c AA000000 		.4byte	.LASF35
 1001 0130 2E       		.byte	0x2e
 1002 0131 07       		.uleb128 0x7
 1003 0132 0F0B0000 		.4byte	.LASF36
 1004 0136 2F       		.byte	0x2f
 1005 0137 07       		.uleb128 0x7
 1006 0138 19010000 		.4byte	.LASF37
 1007 013c 30       		.byte	0x30
 1008 013d 07       		.uleb128 0x7
 1009 013e 4C050000 		.4byte	.LASF38
 1010 0142 31       		.byte	0x31
 1011 0143 07       		.uleb128 0x7
 1012 0144 59030000 		.4byte	.LASF39
 1013 0148 32       		.byte	0x32
 1014 0149 07       		.uleb128 0x7
 1015 014a D5070000 		.4byte	.LASF40
 1016 014e 33       		.byte	0x33
 1017 014f 07       		.uleb128 0x7
 1018 0150 46070000 		.4byte	.LASF41
 1019 0154 34       		.byte	0x34
 1020 0155 07       		.uleb128 0x7
 1021 0156 F1080000 		.4byte	.LASF42
 1022 015a 35       		.byte	0x35
 1023 015b 07       		.uleb128 0x7
 1024 015c 91030000 		.4byte	.LASF43
 1025 0160 36       		.byte	0x36
 1026 0161 07       		.uleb128 0x7
 1027 0162 D8010000 		.4byte	.LASF44
 1028 0166 37       		.byte	0x37
 1029 0167 07       		.uleb128 0x7
 1030 0168 76000000 		.4byte	.LASF45
 1031 016c 40       		.byte	0x40
 1032 016d 07       		.uleb128 0x7
 1033 016e 99060000 		.4byte	.LASF46
 1034 0172 41       		.byte	0x41
 1035 0173 07       		.uleb128 0x7
 1036 0174 F2000000 		.4byte	.LASF47
 1037 0178 42       		.byte	0x42
 1038 0179 07       		.uleb128 0x7
 1039 017a 0D020000 		.4byte	.LASF48
 1040 017e 43       		.byte	0x43
 1041 017f 07       		.uleb128 0x7
 1042 0180 E0090000 		.4byte	.LASF49
 1043 0184 44       		.byte	0x44
 1044 0185 07       		.uleb128 0x7
 1045 0186 9B090000 		.4byte	.LASF50
 1046 018a 45       		.byte	0x45
ARM GAS  C:\Users\Jacob\AppData\Local\Temp\ccAyAbem.s 			page 23


 1047 018b 07       		.uleb128 0x7
 1048 018c 86010000 		.4byte	.LASF51
 1049 0190 46       		.byte	0x46
 1050 0191 07       		.uleb128 0x7
 1051 0192 EE050000 		.4byte	.LASF52
 1052 0196 47       		.byte	0x47
 1053 0197 07       		.uleb128 0x7
 1054 0198 49060000 		.4byte	.LASF53
 1055 019c 48       		.byte	0x48
 1056 019d 07       		.uleb128 0x7
 1057 019e 17030000 		.4byte	.LASF54
 1058 01a2 49       		.byte	0x49
 1059 01a3 07       		.uleb128 0x7
 1060 01a4 39080000 		.4byte	.LASF55
 1061 01a8 4A       		.byte	0x4a
 1062 01a9 07       		.uleb128 0x7
 1063 01aa 74020000 		.4byte	.LASF56
 1064 01ae 4B       		.byte	0x4b
 1065 01af 07       		.uleb128 0x7
 1066 01b0 21060000 		.4byte	.LASF57
 1067 01b4 4C       		.byte	0x4c
 1068 01b5 07       		.uleb128 0x7
 1069 01b6 36000000 		.4byte	.LASF58
 1070 01ba 4D       		.byte	0x4d
 1071 01bb 07       		.uleb128 0x7
 1072 01bc C2090000 		.4byte	.LASF59
 1073 01c0 4E       		.byte	0x4e
 1074 01c1 07       		.uleb128 0x7
 1075 01c2 B0050000 		.4byte	.LASF60
 1076 01c6 4F       		.byte	0x4f
 1077 01c7 07       		.uleb128 0x7
 1078 01c8 2B020000 		.4byte	.LASF61
 1079 01cc 50       		.byte	0x50
 1080 01cd 07       		.uleb128 0x7
 1081 01ce 5F080000 		.4byte	.LASF62
 1082 01d2 51       		.byte	0x51
 1083 01d3 07       		.uleb128 0x7
 1084 01d4 35040000 		.4byte	.LASF63
 1085 01d8 52       		.byte	0x52
 1086 01d9 07       		.uleb128 0x7
 1087 01da BB030000 		.4byte	.LASF64
 1088 01de 53       		.byte	0x53
 1089 01df 07       		.uleb128 0x7
 1090 01e0 93020000 		.4byte	.LASF65
 1091 01e4 54       		.byte	0x54
 1092 01e5 07       		.uleb128 0x7
 1093 01e6 D90A0000 		.4byte	.LASF66
 1094 01ea 55       		.byte	0x55
 1095 01eb 07       		.uleb128 0x7
 1096 01ec 760A0000 		.4byte	.LASF67
 1097 01f0 56       		.byte	0x56
 1098 01f1 07       		.uleb128 0x7
 1099 01f2 4D0A0000 		.4byte	.LASF68
 1100 01f6 57       		.byte	0x57
 1101 01f7 07       		.uleb128 0x7
 1102 01f8 5E070000 		.4byte	.LASF69
 1103 01fc 58       		.byte	0x58
ARM GAS  C:\Users\Jacob\AppData\Local\Temp\ccAyAbem.s 			page 24


 1104 01fd 07       		.uleb128 0x7
 1105 01fe 7C050000 		.4byte	.LASF70
 1106 0202 70       		.byte	0x70
 1107 0203 07       		.uleb128 0x7
 1108 0204 3A010000 		.4byte	.LASF71
 1109 0208 71       		.byte	0x71
 1110 0209 07       		.uleb128 0x7
 1111 020a 10080000 		.4byte	.LASF72
 1112 020e 72       		.byte	0x72
 1113 020f 07       		.uleb128 0x7
 1114 0210 CB020000 		.4byte	.LASF73
 1115 0214 73       		.byte	0x73
 1116 0215 07       		.uleb128 0x7
 1117 0216 2E050000 		.4byte	.LASF74
 1118 021a 74       		.byte	0x74
 1119 021b 07       		.uleb128 0x7
 1120 021c 65010000 		.4byte	.LASF75
 1121 0220 75       		.byte	0x75
 1122 0221 07       		.uleb128 0x7
 1123 0222 E9020000 		.4byte	.LASF76
 1124 0226 76       		.byte	0x76
 1125 0227 07       		.uleb128 0x7
 1126 0228 43090000 		.4byte	.LASF77
 1127 022c 77       		.byte	0x77
 1128 022d 07       		.uleb128 0x7
 1129 022e A4080000 		.4byte	.LASF78
 1130 0232 78       		.byte	0x78
 1131 0233 07       		.uleb128 0x7
 1132 0234 CE080000 		.4byte	.LASF79
 1133 0238 79       		.byte	0x79
 1134 0239 07       		.uleb128 0x7
 1135 023a FE090000 		.4byte	.LASF80
 1136 023e 7A       		.byte	0x7a
 1137 023f 07       		.uleb128 0x7
 1138 0240 A7010000 		.4byte	.LASF81
 1139 0244 FA       		.byte	0xfa
 1140 0245 07       		.uleb128 0x7
 1141 0246 CF050000 		.4byte	.LASF82
 1142 024a FB       		.byte	0xfb
 1143 024b 07       		.uleb128 0x7
 1144 024c FD0A0000 		.4byte	.LASF83
 1145 0250 FC       		.byte	0xfc
 1146 0251 07       		.uleb128 0x7
 1147 0252 94070000 		.4byte	.LASF84
 1148 0256 FD       		.byte	0xfd
 1149 0257 07       		.uleb128 0x7
 1150 0258 340A0000 		.4byte	.LASF85
 1151 025c FF       		.byte	0xff
 1152 025d 00       		.byte	0
 1153 025e 08       		.uleb128 0x8
 1154 025f 01080000 		.4byte	.LASF94
 1155 0263 01       		.byte	0x1
 1156 0264 10       		.byte	0x10
 1157 0265 00000000 		.4byte	.LFB36
 1158 0269 58000000 		.4byte	.LFE36-.LFB36
 1159 026d 01       		.uleb128 0x1
 1160 026e 9C       		.byte	0x9c
ARM GAS  C:\Users\Jacob\AppData\Local\Temp\ccAyAbem.s 			page 25


 1161 026f 9C020000 		.4byte	0x29c
 1162 0273 09       		.uleb128 0x9
 1163 0274 6E000000 		.4byte	.LASF86
 1164 0278 01       		.byte	0x1
 1165 0279 10       		.byte	0x10
 1166 027a 9A000000 		.4byte	0x9a
 1167 027e 02       		.uleb128 0x2
 1168 027f 91       		.byte	0x91
 1169 0280 6C       		.sleb128 -20
 1170 0281 09       		.uleb128 0x9
 1171 0282 0A030000 		.4byte	.LASF87
 1172 0286 01       		.byte	0x1
 1173 0287 10       		.byte	0x10
 1174 0288 6B000000 		.4byte	0x6b
 1175 028c 02       		.uleb128 0x2
 1176 028d 91       		.byte	0x91
 1177 028e 6B       		.sleb128 -21
 1178 028f 0A       		.uleb128 0xa
 1179 0290 6900     		.ascii	"i\000"
 1180 0292 01       		.byte	0x1
 1181 0293 12       		.byte	0x12
 1182 0294 6B000000 		.4byte	0x6b
 1183 0298 02       		.uleb128 0x2
 1184 0299 91       		.byte	0x91
 1185 029a 77       		.sleb128 -9
 1186 029b 00       		.byte	0
 1187 029c 0B       		.uleb128 0xb
 1188 029d 18060000 		.4byte	.LASF109
 1189 02a1 01       		.byte	0x1
 1190 02a2 1F       		.byte	0x1f
 1191 02a3 00000000 		.4byte	.LFB37
 1192 02a7 78000000 		.4byte	.LFE37-.LFB37
 1193 02ab 01       		.uleb128 0x1
 1194 02ac 9C       		.byte	0x9c
 1195 02ad F3020000 		.4byte	0x2f3
 1196 02b1 0C       		.uleb128 0xc
 1197 02b2 57080000 		.4byte	.LASF88
 1198 02b6 01       		.byte	0x1
 1199 02b7 20       		.byte	0x20
 1200 02b8 5D000000 		.4byte	0x5d
 1201 02bc 02       		.uleb128 0x2
 1202 02bd 91       		.byte	0x91
 1203 02be 68       		.sleb128 -24
 1204 02bf 0C       		.uleb128 0xc
 1205 02c0 72040000 		.4byte	.LASF89
 1206 02c4 01       		.byte	0x1
 1207 02c5 20       		.byte	0x20
 1208 02c6 5D000000 		.4byte	0x5d
 1209 02ca 02       		.uleb128 0x2
 1210 02cb 91       		.byte	0x91
 1211 02cc 64       		.sleb128 -28
 1212 02cd 0C       		.uleb128 0xc
 1213 02ce 32080000 		.4byte	.LASF90
 1214 02d2 01       		.byte	0x1
 1215 02d3 21       		.byte	0x21
 1216 02d4 F3020000 		.4byte	0x2f3
 1217 02d8 03       		.uleb128 0x3
ARM GAS  C:\Users\Jacob\AppData\Local\Temp\ccAyAbem.s 			page 26


 1218 02d9 91       		.byte	0x91
 1219 02da B87F     		.sleb128 -72
 1220 02dc 0D       		.uleb128 0xd
 1221 02dd 2A000000 		.4byte	.LBB2
 1222 02e1 3E000000 		.4byte	.LBE2-.LBB2
 1223 02e5 0A       		.uleb128 0xa
 1224 02e6 6900     		.ascii	"i\000"
 1225 02e8 01       		.byte	0x1
 1226 02e9 25       		.byte	0x25
 1227 02ea 5D000000 		.4byte	0x5d
 1228 02ee 02       		.uleb128 0x2
 1229 02ef 91       		.byte	0x91
 1230 02f0 6C       		.sleb128 -20
 1231 02f1 00       		.byte	0
 1232 02f2 00       		.byte	0
 1233 02f3 0E       		.uleb128 0xe
 1234 02f4 85000000 		.4byte	0x85
 1235 02f8 03030000 		.4byte	0x303
 1236 02fc 0F       		.uleb128 0xf
 1237 02fd 93000000 		.4byte	0x93
 1238 0301 28       		.byte	0x28
 1239 0302 00       		.byte	0
 1240 0303 10       		.uleb128 0x10
 1241 0304 24000000 		.4byte	.LASF91
 1242 0308 01       		.byte	0x1
 1243 0309 2F       		.byte	0x2f
 1244 030a 00000000 		.4byte	.LFB38
 1245 030e 3C000000 		.4byte	.LFE38-.LFB38
 1246 0312 01       		.uleb128 0x1
 1247 0313 9C       		.byte	0x9c
 1248 0314 10       		.uleb128 0x10
 1249 0315 420A0000 		.4byte	.LASF92
 1250 0319 01       		.byte	0x1
 1251 031a 39       		.byte	0x39
 1252 031b 00000000 		.4byte	.LFB39
 1253 031f 2C000000 		.4byte	.LFE39-.LFB39
 1254 0323 01       		.uleb128 0x1
 1255 0324 9C       		.byte	0x9c
 1256 0325 10       		.uleb128 0x10
 1257 0326 62090000 		.4byte	.LASF93
 1258 032a 01       		.byte	0x1
 1259 032b 40       		.byte	0x40
 1260 032c 00000000 		.4byte	.LFB40
 1261 0330 2C000000 		.4byte	.LFE40-.LFB40
 1262 0334 01       		.uleb128 0x1
 1263 0335 9C       		.byte	0x9c
 1264 0336 11       		.uleb128 0x11
 1265 0337 2E000000 		.4byte	.LASF110
 1266 033b 01       		.byte	0x1
 1267 033c 49       		.byte	0x49
 1268 033d 5D000000 		.4byte	0x5d
 1269 0341 00000000 		.4byte	.LFB41
 1270 0345 20000000 		.4byte	.LFE41-.LFB41
 1271 0349 01       		.uleb128 0x1
 1272 034a 9C       		.byte	0x9c
 1273 034b 5E030000 		.4byte	0x35e
 1274 034f 12       		.uleb128 0x12
ARM GAS  C:\Users\Jacob\AppData\Local\Temp\ccAyAbem.s 			page 27


 1275 0350 6E756D00 		.ascii	"num\000"
 1276 0354 01       		.byte	0x1
 1277 0355 49       		.byte	0x49
 1278 0356 5D000000 		.4byte	0x5d
 1279 035a 02       		.uleb128 0x2
 1280 035b 91       		.byte	0x91
 1281 035c 74       		.sleb128 -12
 1282 035d 00       		.byte	0
 1283 035e 08       		.uleb128 0x8
 1284 035f CF0A0000 		.4byte	.LASF95
 1285 0363 01       		.byte	0x1
 1286 0364 4D       		.byte	0x4d
 1287 0365 00000000 		.4byte	.LFB42
 1288 0369 1A000000 		.4byte	.LFE42-.LFB42
 1289 036d 01       		.uleb128 0x1
 1290 036e 9C       		.byte	0x9c
 1291 036f 82030000 		.4byte	0x382
 1292 0373 09       		.uleb128 0x9
 1293 0374 22090000 		.4byte	.LASF96
 1294 0378 01       		.byte	0x1
 1295 0379 4D       		.byte	0x4d
 1296 037a 5D000000 		.4byte	0x5d
 1297 037e 02       		.uleb128 0x2
 1298 037f 91       		.byte	0x91
 1299 0380 74       		.sleb128 -12
 1300 0381 00       		.byte	0
 1301 0382 10       		.uleb128 0x10
 1302 0383 DC030000 		.4byte	.LASF97
 1303 0387 01       		.byte	0x1
 1304 0388 52       		.byte	0x52
 1305 0389 00000000 		.4byte	.LFB43
 1306 038d 38000000 		.4byte	.LFE43-.LFB43
 1307 0391 01       		.uleb128 0x1
 1308 0392 9C       		.byte	0x9c
 1309 0393 08       		.uleb128 0x8
 1310 0394 3B060000 		.4byte	.LASF98
 1311 0398 01       		.byte	0x1
 1312 0399 56       		.byte	0x56
 1313 039a 00000000 		.4byte	.LFB44
 1314 039e 34000000 		.4byte	.LFE44-.LFB44
 1315 03a2 01       		.uleb128 0x1
 1316 03a3 9C       		.byte	0x9c
 1317 03a4 B6030000 		.4byte	0x3b6
 1318 03a8 12       		.uleb128 0x12
 1319 03a9 6F6E00   		.ascii	"on\000"
 1320 03ac 01       		.byte	0x1
 1321 03ad 56       		.byte	0x56
 1322 03ae 5D000000 		.4byte	0x5d
 1323 03b2 02       		.uleb128 0x2
 1324 03b3 91       		.byte	0x91
 1325 03b4 74       		.sleb128 -12
 1326 03b5 00       		.byte	0
 1327 03b6 13       		.uleb128 0x13
 1328 03b7 60010000 		.4byte	.LASF99
 1329 03bb 01       		.byte	0x1
 1330 03bc 5C       		.byte	0x5c
 1331 03bd 5D000000 		.4byte	0x5d
ARM GAS  C:\Users\Jacob\AppData\Local\Temp\ccAyAbem.s 			page 28


 1332 03c1 00000000 		.4byte	.LFB45
 1333 03c5 D8010000 		.4byte	.LFE45-.LFB45
 1334 03c9 01       		.uleb128 0x1
 1335 03ca 9C       		.byte	0x9c
 1336 03cb 73040000 		.4byte	0x473
 1337 03cf 0C       		.uleb128 0xc
 1338 03d0 50000000 		.4byte	.LASF100
 1339 03d4 01       		.byte	0x1
 1340 03d5 62       		.byte	0x62
 1341 03d6 73040000 		.4byte	0x473
 1342 03da 03       		.uleb128 0x3
 1343 03db 91       		.byte	0x91
 1344 03dc B47F     		.sleb128 -76
 1345 03de 0C       		.uleb128 0xc
 1346 03df A0000000 		.4byte	.LASF101
 1347 03e3 01       		.byte	0x1
 1348 03e4 63       		.byte	0x63
 1349 03e5 5D000000 		.4byte	0x5d
 1350 03e9 02       		.uleb128 0x2
 1351 03ea 91       		.byte	0x91
 1352 03eb 54       		.sleb128 -44
 1353 03ec 0D       		.uleb128 0xd
 1354 03ed 28000000 		.4byte	.LBB3
 1355 03f1 8A010000 		.4byte	.LBE3-.LBB3
 1356 03f5 0A       		.uleb128 0xa
 1357 03f6 6B00     		.ascii	"k\000"
 1358 03f8 01       		.byte	0x1
 1359 03f9 7D       		.byte	0x7d
 1360 03fa 5D000000 		.4byte	0x5d
 1361 03fe 02       		.uleb128 0x2
 1362 03ff 91       		.byte	0x91
 1363 0400 64       		.sleb128 -28
 1364 0401 0A       		.uleb128 0xa
 1365 0402 6A00     		.ascii	"j\000"
 1366 0404 01       		.byte	0x1
 1367 0405 8B       		.byte	0x8b
 1368 0406 5D000000 		.4byte	0x5d
 1369 040a 02       		.uleb128 0x2
 1370 040b 91       		.byte	0x91
 1371 040c 5C       		.sleb128 -36
 1372 040d 14       		.uleb128 0x14
 1373 040e 28000000 		.4byte	.LBB4
 1374 0412 18000000 		.4byte	.LBE4-.LBB4
 1375 0416 27040000 		.4byte	0x427
 1376 041a 0A       		.uleb128 0xa
 1377 041b 6900     		.ascii	"i\000"
 1378 041d 01       		.byte	0x1
 1379 041e 6B       		.byte	0x6b
 1380 041f 5D000000 		.4byte	0x5d
 1381 0423 02       		.uleb128 0x2
 1382 0424 91       		.byte	0x91
 1383 0425 6C       		.sleb128 -20
 1384 0426 00       		.byte	0
 1385 0427 14       		.uleb128 0x14
 1386 0428 5A000000 		.4byte	.LBB5
 1387 042c 18000000 		.4byte	.LBE5-.LBB5
 1388 0430 41040000 		.4byte	0x441
ARM GAS  C:\Users\Jacob\AppData\Local\Temp\ccAyAbem.s 			page 29


 1389 0434 0A       		.uleb128 0xa
 1390 0435 6900     		.ascii	"i\000"
 1391 0437 01       		.byte	0x1
 1392 0438 75       		.byte	0x75
 1393 0439 5D000000 		.4byte	0x5d
 1394 043d 02       		.uleb128 0x2
 1395 043e 91       		.byte	0x91
 1396 043f 68       		.sleb128 -24
 1397 0440 00       		.byte	0
 1398 0441 14       		.uleb128 0x14
 1399 0442 A8000000 		.4byte	.LBB6
 1400 0446 40000000 		.4byte	.LBE6-.LBB6
 1401 044a 5B040000 		.4byte	0x45b
 1402 044e 0A       		.uleb128 0xa
 1403 044f 6900     		.ascii	"i\000"
 1404 0451 01       		.byte	0x1
 1405 0452 7E       		.byte	0x7e
 1406 0453 5D000000 		.4byte	0x5d
 1407 0457 02       		.uleb128 0x2
 1408 0458 91       		.byte	0x91
 1409 0459 60       		.sleb128 -32
 1410 045a 00       		.byte	0
 1411 045b 0D       		.uleb128 0xd
 1412 045c 92010000 		.4byte	.LBB7
 1413 0460 20000000 		.4byte	.LBE7-.LBB7
 1414 0464 0A       		.uleb128 0xa
 1415 0465 6900     		.ascii	"i\000"
 1416 0467 01       		.byte	0x1
 1417 0468 A1       		.byte	0xa1
 1418 0469 5D000000 		.4byte	0x5d
 1419 046d 02       		.uleb128 0x2
 1420 046e 91       		.byte	0x91
 1421 046f 58       		.sleb128 -40
 1422 0470 00       		.byte	0
 1423 0471 00       		.byte	0
 1424 0472 00       		.byte	0
 1425 0473 0E       		.uleb128 0xe
 1426 0474 85000000 		.4byte	0x85
 1427 0478 83040000 		.4byte	0x483
 1428 047c 0F       		.uleb128 0xf
 1429 047d 93000000 		.4byte	0x93
 1430 0481 1F       		.byte	0x1f
 1431 0482 00       		.byte	0
 1432 0483 15       		.uleb128 0x15
 1433 0484 90000000 		.4byte	.LASF102
 1434 0488 02       		.byte	0x2
 1435 0489 19       		.byte	0x19
 1436 048a 6B000000 		.4byte	0x6b
 1437 048e 05       		.uleb128 0x5
 1438 048f 03       		.byte	0x3
 1439 0490 00000000 		.4byte	deviceConnected
 1440 0494 0E       		.uleb128 0xe
 1441 0495 85000000 		.4byte	0x85
 1442 0499 A4040000 		.4byte	0x4a4
 1443 049d 0F       		.uleb128 0xf
 1444 049e 93000000 		.4byte	0x93
 1445 04a2 B3       		.byte	0xb3
ARM GAS  C:\Users\Jacob\AppData\Local\Temp\ccAyAbem.s 			page 30


 1446 04a3 00       		.byte	0
 1447 04a4 15       		.uleb128 0x15
 1448 04a5 32080000 		.4byte	.LASF90
 1449 04a9 01       		.byte	0x1
 1450 04aa 0E       		.byte	0xe
 1451 04ab 94040000 		.4byte	0x494
 1452 04af 05       		.uleb128 0x5
 1453 04b0 03       		.byte	0x3
 1454 04b1 00000000 		.4byte	buffer
 1455 04b5 15       		.uleb128 0x15
 1456 04b6 1C090000 		.4byte	.LASF103
 1457 04ba 01       		.byte	0x1
 1458 04bb 51       		.byte	0x51
 1459 04bc 5D000000 		.4byte	0x5d
 1460 04c0 05       		.uleb128 0x5
 1461 04c1 03       		.byte	0x3
 1462 04c2 00000000 		.4byte	flexA
 1463 04c6 15       		.uleb128 0x15
 1464 04c7 4A020000 		.4byte	.LASF104
 1465 04cb 01       		.byte	0x1
 1466 04cc 51       		.byte	0x51
 1467 04cd 5D000000 		.4byte	0x5d
 1468 04d1 05       		.uleb128 0x5
 1469 04d2 03       		.byte	0x3
 1470 04d3 00000000 		.4byte	flexB
 1471 04d7 00       		.byte	0
 1472              		.section	.debug_abbrev,"",%progbits
 1473              	.Ldebug_abbrev0:
 1474 0000 01       		.uleb128 0x1
 1475 0001 11       		.uleb128 0x11
 1476 0002 01       		.byte	0x1
 1477 0003 25       		.uleb128 0x25
 1478 0004 0E       		.uleb128 0xe
 1479 0005 13       		.uleb128 0x13
 1480 0006 0B       		.uleb128 0xb
 1481 0007 03       		.uleb128 0x3
 1482 0008 0E       		.uleb128 0xe
 1483 0009 1B       		.uleb128 0x1b
 1484 000a 0E       		.uleb128 0xe
 1485 000b 55       		.uleb128 0x55
 1486 000c 17       		.uleb128 0x17
 1487 000d 11       		.uleb128 0x11
 1488 000e 01       		.uleb128 0x1
 1489 000f 10       		.uleb128 0x10
 1490 0010 17       		.uleb128 0x17
 1491 0011 00       		.byte	0
 1492 0012 00       		.byte	0
 1493 0013 02       		.uleb128 0x2
 1494 0014 24       		.uleb128 0x24
 1495 0015 00       		.byte	0
 1496 0016 0B       		.uleb128 0xb
 1497 0017 0B       		.uleb128 0xb
 1498 0018 3E       		.uleb128 0x3e
 1499 0019 0B       		.uleb128 0xb
 1500 001a 03       		.uleb128 0x3
 1501 001b 0E       		.uleb128 0xe
 1502 001c 00       		.byte	0
ARM GAS  C:\Users\Jacob\AppData\Local\Temp\ccAyAbem.s 			page 31


 1503 001d 00       		.byte	0
 1504 001e 03       		.uleb128 0x3
 1505 001f 24       		.uleb128 0x24
 1506 0020 00       		.byte	0
 1507 0021 0B       		.uleb128 0xb
 1508 0022 0B       		.uleb128 0xb
 1509 0023 3E       		.uleb128 0x3e
 1510 0024 0B       		.uleb128 0xb
 1511 0025 03       		.uleb128 0x3
 1512 0026 08       		.uleb128 0x8
 1513 0027 00       		.byte	0
 1514 0028 00       		.byte	0
 1515 0029 04       		.uleb128 0x4
 1516 002a 16       		.uleb128 0x16
 1517 002b 00       		.byte	0
 1518 002c 03       		.uleb128 0x3
 1519 002d 0E       		.uleb128 0xe
 1520 002e 3A       		.uleb128 0x3a
 1521 002f 0B       		.uleb128 0xb
 1522 0030 3B       		.uleb128 0x3b
 1523 0031 05       		.uleb128 0x5
 1524 0032 49       		.uleb128 0x49
 1525 0033 13       		.uleb128 0x13
 1526 0034 00       		.byte	0
 1527 0035 00       		.byte	0
 1528 0036 05       		.uleb128 0x5
 1529 0037 0F       		.uleb128 0xf
 1530 0038 00       		.byte	0
 1531 0039 0B       		.uleb128 0xb
 1532 003a 0B       		.uleb128 0xb
 1533 003b 49       		.uleb128 0x49
 1534 003c 13       		.uleb128 0x13
 1535 003d 00       		.byte	0
 1536 003e 00       		.byte	0
 1537 003f 06       		.uleb128 0x6
 1538 0040 04       		.uleb128 0x4
 1539 0041 01       		.byte	0x1
 1540 0042 0B       		.uleb128 0xb
 1541 0043 0B       		.uleb128 0xb
 1542 0044 49       		.uleb128 0x49
 1543 0045 13       		.uleb128 0x13
 1544 0046 3A       		.uleb128 0x3a
 1545 0047 0B       		.uleb128 0xb
 1546 0048 3B       		.uleb128 0x3b
 1547 0049 05       		.uleb128 0x5
 1548 004a 01       		.uleb128 0x1
 1549 004b 13       		.uleb128 0x13
 1550 004c 00       		.byte	0
 1551 004d 00       		.byte	0
 1552 004e 07       		.uleb128 0x7
 1553 004f 28       		.uleb128 0x28
 1554 0050 00       		.byte	0
 1555 0051 03       		.uleb128 0x3
 1556 0052 0E       		.uleb128 0xe
 1557 0053 1C       		.uleb128 0x1c
 1558 0054 0B       		.uleb128 0xb
 1559 0055 00       		.byte	0
ARM GAS  C:\Users\Jacob\AppData\Local\Temp\ccAyAbem.s 			page 32


 1560 0056 00       		.byte	0
 1561 0057 08       		.uleb128 0x8
 1562 0058 2E       		.uleb128 0x2e
 1563 0059 01       		.byte	0x1
 1564 005a 3F       		.uleb128 0x3f
 1565 005b 19       		.uleb128 0x19
 1566 005c 03       		.uleb128 0x3
 1567 005d 0E       		.uleb128 0xe
 1568 005e 3A       		.uleb128 0x3a
 1569 005f 0B       		.uleb128 0xb
 1570 0060 3B       		.uleb128 0x3b
 1571 0061 0B       		.uleb128 0xb
 1572 0062 27       		.uleb128 0x27
 1573 0063 19       		.uleb128 0x19
 1574 0064 11       		.uleb128 0x11
 1575 0065 01       		.uleb128 0x1
 1576 0066 12       		.uleb128 0x12
 1577 0067 06       		.uleb128 0x6
 1578 0068 40       		.uleb128 0x40
 1579 0069 18       		.uleb128 0x18
 1580 006a 9642     		.uleb128 0x2116
 1581 006c 19       		.uleb128 0x19
 1582 006d 01       		.uleb128 0x1
 1583 006e 13       		.uleb128 0x13
 1584 006f 00       		.byte	0
 1585 0070 00       		.byte	0
 1586 0071 09       		.uleb128 0x9
 1587 0072 05       		.uleb128 0x5
 1588 0073 00       		.byte	0
 1589 0074 03       		.uleb128 0x3
 1590 0075 0E       		.uleb128 0xe
 1591 0076 3A       		.uleb128 0x3a
 1592 0077 0B       		.uleb128 0xb
 1593 0078 3B       		.uleb128 0x3b
 1594 0079 0B       		.uleb128 0xb
 1595 007a 49       		.uleb128 0x49
 1596 007b 13       		.uleb128 0x13
 1597 007c 02       		.uleb128 0x2
 1598 007d 18       		.uleb128 0x18
 1599 007e 00       		.byte	0
 1600 007f 00       		.byte	0
 1601 0080 0A       		.uleb128 0xa
 1602 0081 34       		.uleb128 0x34
 1603 0082 00       		.byte	0
 1604 0083 03       		.uleb128 0x3
 1605 0084 08       		.uleb128 0x8
 1606 0085 3A       		.uleb128 0x3a
 1607 0086 0B       		.uleb128 0xb
 1608 0087 3B       		.uleb128 0x3b
 1609 0088 0B       		.uleb128 0xb
 1610 0089 49       		.uleb128 0x49
 1611 008a 13       		.uleb128 0x13
 1612 008b 02       		.uleb128 0x2
 1613 008c 18       		.uleb128 0x18
 1614 008d 00       		.byte	0
 1615 008e 00       		.byte	0
 1616 008f 0B       		.uleb128 0xb
ARM GAS  C:\Users\Jacob\AppData\Local\Temp\ccAyAbem.s 			page 33


 1617 0090 2E       		.uleb128 0x2e
 1618 0091 01       		.byte	0x1
 1619 0092 3F       		.uleb128 0x3f
 1620 0093 19       		.uleb128 0x19
 1621 0094 03       		.uleb128 0x3
 1622 0095 0E       		.uleb128 0xe
 1623 0096 3A       		.uleb128 0x3a
 1624 0097 0B       		.uleb128 0xb
 1625 0098 3B       		.uleb128 0x3b
 1626 0099 0B       		.uleb128 0xb
 1627 009a 11       		.uleb128 0x11
 1628 009b 01       		.uleb128 0x1
 1629 009c 12       		.uleb128 0x12
 1630 009d 06       		.uleb128 0x6
 1631 009e 40       		.uleb128 0x40
 1632 009f 18       		.uleb128 0x18
 1633 00a0 9642     		.uleb128 0x2116
 1634 00a2 19       		.uleb128 0x19
 1635 00a3 01       		.uleb128 0x1
 1636 00a4 13       		.uleb128 0x13
 1637 00a5 00       		.byte	0
 1638 00a6 00       		.byte	0
 1639 00a7 0C       		.uleb128 0xc
 1640 00a8 34       		.uleb128 0x34
 1641 00a9 00       		.byte	0
 1642 00aa 03       		.uleb128 0x3
 1643 00ab 0E       		.uleb128 0xe
 1644 00ac 3A       		.uleb128 0x3a
 1645 00ad 0B       		.uleb128 0xb
 1646 00ae 3B       		.uleb128 0x3b
 1647 00af 0B       		.uleb128 0xb
 1648 00b0 49       		.uleb128 0x49
 1649 00b1 13       		.uleb128 0x13
 1650 00b2 02       		.uleb128 0x2
 1651 00b3 18       		.uleb128 0x18
 1652 00b4 00       		.byte	0
 1653 00b5 00       		.byte	0
 1654 00b6 0D       		.uleb128 0xd
 1655 00b7 0B       		.uleb128 0xb
 1656 00b8 01       		.byte	0x1
 1657 00b9 11       		.uleb128 0x11
 1658 00ba 01       		.uleb128 0x1
 1659 00bb 12       		.uleb128 0x12
 1660 00bc 06       		.uleb128 0x6
 1661 00bd 00       		.byte	0
 1662 00be 00       		.byte	0
 1663 00bf 0E       		.uleb128 0xe
 1664 00c0 01       		.uleb128 0x1
 1665 00c1 01       		.byte	0x1
 1666 00c2 49       		.uleb128 0x49
 1667 00c3 13       		.uleb128 0x13
 1668 00c4 01       		.uleb128 0x1
 1669 00c5 13       		.uleb128 0x13
 1670 00c6 00       		.byte	0
 1671 00c7 00       		.byte	0
 1672 00c8 0F       		.uleb128 0xf
 1673 00c9 21       		.uleb128 0x21
ARM GAS  C:\Users\Jacob\AppData\Local\Temp\ccAyAbem.s 			page 34


 1674 00ca 00       		.byte	0
 1675 00cb 49       		.uleb128 0x49
 1676 00cc 13       		.uleb128 0x13
 1677 00cd 2F       		.uleb128 0x2f
 1678 00ce 0B       		.uleb128 0xb
 1679 00cf 00       		.byte	0
 1680 00d0 00       		.byte	0
 1681 00d1 10       		.uleb128 0x10
 1682 00d2 2E       		.uleb128 0x2e
 1683 00d3 00       		.byte	0
 1684 00d4 3F       		.uleb128 0x3f
 1685 00d5 19       		.uleb128 0x19
 1686 00d6 03       		.uleb128 0x3
 1687 00d7 0E       		.uleb128 0xe
 1688 00d8 3A       		.uleb128 0x3a
 1689 00d9 0B       		.uleb128 0xb
 1690 00da 3B       		.uleb128 0x3b
 1691 00db 0B       		.uleb128 0xb
 1692 00dc 11       		.uleb128 0x11
 1693 00dd 01       		.uleb128 0x1
 1694 00de 12       		.uleb128 0x12
 1695 00df 06       		.uleb128 0x6
 1696 00e0 40       		.uleb128 0x40
 1697 00e1 18       		.uleb128 0x18
 1698 00e2 9642     		.uleb128 0x2116
 1699 00e4 19       		.uleb128 0x19
 1700 00e5 00       		.byte	0
 1701 00e6 00       		.byte	0
 1702 00e7 11       		.uleb128 0x11
 1703 00e8 2E       		.uleb128 0x2e
 1704 00e9 01       		.byte	0x1
 1705 00ea 3F       		.uleb128 0x3f
 1706 00eb 19       		.uleb128 0x19
 1707 00ec 03       		.uleb128 0x3
 1708 00ed 0E       		.uleb128 0xe
 1709 00ee 3A       		.uleb128 0x3a
 1710 00ef 0B       		.uleb128 0xb
 1711 00f0 3B       		.uleb128 0x3b
 1712 00f1 0B       		.uleb128 0xb
 1713 00f2 27       		.uleb128 0x27
 1714 00f3 19       		.uleb128 0x19
 1715 00f4 49       		.uleb128 0x49
 1716 00f5 13       		.uleb128 0x13
 1717 00f6 11       		.uleb128 0x11
 1718 00f7 01       		.uleb128 0x1
 1719 00f8 12       		.uleb128 0x12
 1720 00f9 06       		.uleb128 0x6
 1721 00fa 40       		.uleb128 0x40
 1722 00fb 18       		.uleb128 0x18
 1723 00fc 9642     		.uleb128 0x2116
 1724 00fe 19       		.uleb128 0x19
 1725 00ff 01       		.uleb128 0x1
 1726 0100 13       		.uleb128 0x13
 1727 0101 00       		.byte	0
 1728 0102 00       		.byte	0
 1729 0103 12       		.uleb128 0x12
 1730 0104 05       		.uleb128 0x5
ARM GAS  C:\Users\Jacob\AppData\Local\Temp\ccAyAbem.s 			page 35


 1731 0105 00       		.byte	0
 1732 0106 03       		.uleb128 0x3
 1733 0107 08       		.uleb128 0x8
 1734 0108 3A       		.uleb128 0x3a
 1735 0109 0B       		.uleb128 0xb
 1736 010a 3B       		.uleb128 0x3b
 1737 010b 0B       		.uleb128 0xb
 1738 010c 49       		.uleb128 0x49
 1739 010d 13       		.uleb128 0x13
 1740 010e 02       		.uleb128 0x2
 1741 010f 18       		.uleb128 0x18
 1742 0110 00       		.byte	0
 1743 0111 00       		.byte	0
 1744 0112 13       		.uleb128 0x13
 1745 0113 2E       		.uleb128 0x2e
 1746 0114 01       		.byte	0x1
 1747 0115 3F       		.uleb128 0x3f
 1748 0116 19       		.uleb128 0x19
 1749 0117 03       		.uleb128 0x3
 1750 0118 0E       		.uleb128 0xe
 1751 0119 3A       		.uleb128 0x3a
 1752 011a 0B       		.uleb128 0xb
 1753 011b 3B       		.uleb128 0x3b
 1754 011c 0B       		.uleb128 0xb
 1755 011d 49       		.uleb128 0x49
 1756 011e 13       		.uleb128 0x13
 1757 011f 11       		.uleb128 0x11
 1758 0120 01       		.uleb128 0x1
 1759 0121 12       		.uleb128 0x12
 1760 0122 06       		.uleb128 0x6
 1761 0123 40       		.uleb128 0x40
 1762 0124 18       		.uleb128 0x18
 1763 0125 9642     		.uleb128 0x2116
 1764 0127 19       		.uleb128 0x19
 1765 0128 01       		.uleb128 0x1
 1766 0129 13       		.uleb128 0x13
 1767 012a 00       		.byte	0
 1768 012b 00       		.byte	0
 1769 012c 14       		.uleb128 0x14
 1770 012d 0B       		.uleb128 0xb
 1771 012e 01       		.byte	0x1
 1772 012f 11       		.uleb128 0x11
 1773 0130 01       		.uleb128 0x1
 1774 0131 12       		.uleb128 0x12
 1775 0132 06       		.uleb128 0x6
 1776 0133 01       		.uleb128 0x1
 1777 0134 13       		.uleb128 0x13
 1778 0135 00       		.byte	0
 1779 0136 00       		.byte	0
 1780 0137 15       		.uleb128 0x15
 1781 0138 34       		.uleb128 0x34
 1782 0139 00       		.byte	0
 1783 013a 03       		.uleb128 0x3
 1784 013b 0E       		.uleb128 0xe
 1785 013c 3A       		.uleb128 0x3a
 1786 013d 0B       		.uleb128 0xb
 1787 013e 3B       		.uleb128 0x3b
ARM GAS  C:\Users\Jacob\AppData\Local\Temp\ccAyAbem.s 			page 36


 1788 013f 0B       		.uleb128 0xb
 1789 0140 49       		.uleb128 0x49
 1790 0141 13       		.uleb128 0x13
 1791 0142 3F       		.uleb128 0x3f
 1792 0143 19       		.uleb128 0x19
 1793 0144 02       		.uleb128 0x2
 1794 0145 18       		.uleb128 0x18
 1795 0146 00       		.byte	0
 1796 0147 00       		.byte	0
 1797 0148 00       		.byte	0
 1798              		.section	.debug_aranges,"",%progbits
 1799 0000 64000000 		.4byte	0x64
 1800 0004 0200     		.2byte	0x2
 1801 0006 00000000 		.4byte	.Ldebug_info0
 1802 000a 04       		.byte	0x4
 1803 000b 00       		.byte	0
 1804 000c 0000     		.2byte	0
 1805 000e 0000     		.2byte	0
 1806 0010 00000000 		.4byte	.LFB36
 1807 0014 58000000 		.4byte	.LFE36-.LFB36
 1808 0018 00000000 		.4byte	.LFB37
 1809 001c 78000000 		.4byte	.LFE37-.LFB37
 1810 0020 00000000 		.4byte	.LFB38
 1811 0024 3C000000 		.4byte	.LFE38-.LFB38
 1812 0028 00000000 		.4byte	.LFB39
 1813 002c 2C000000 		.4byte	.LFE39-.LFB39
 1814 0030 00000000 		.4byte	.LFB40
 1815 0034 2C000000 		.4byte	.LFE40-.LFB40
 1816 0038 00000000 		.4byte	.LFB41
 1817 003c 20000000 		.4byte	.LFE41-.LFB41
 1818 0040 00000000 		.4byte	.LFB42
 1819 0044 1A000000 		.4byte	.LFE42-.LFB42
 1820 0048 00000000 		.4byte	.LFB43
 1821 004c 38000000 		.4byte	.LFE43-.LFB43
 1822 0050 00000000 		.4byte	.LFB44
 1823 0054 34000000 		.4byte	.LFE44-.LFB44
 1824 0058 00000000 		.4byte	.LFB45
 1825 005c D8010000 		.4byte	.LFE45-.LFB45
 1826 0060 00000000 		.4byte	0
 1827 0064 00000000 		.4byte	0
 1828              		.section	.debug_ranges,"",%progbits
 1829              	.Ldebug_ranges0:
 1830 0000 00000000 		.4byte	.LFB36
 1831 0004 58000000 		.4byte	.LFE36
 1832 0008 00000000 		.4byte	.LFB37
 1833 000c 78000000 		.4byte	.LFE37
 1834 0010 00000000 		.4byte	.LFB38
 1835 0014 3C000000 		.4byte	.LFE38
 1836 0018 00000000 		.4byte	.LFB39
 1837 001c 2C000000 		.4byte	.LFE39
 1838 0020 00000000 		.4byte	.LFB40
 1839 0024 2C000000 		.4byte	.LFE40
 1840 0028 00000000 		.4byte	.LFB41
 1841 002c 20000000 		.4byte	.LFE41
 1842 0030 00000000 		.4byte	.LFB42
 1843 0034 1A000000 		.4byte	.LFE42
 1844 0038 00000000 		.4byte	.LFB43
ARM GAS  C:\Users\Jacob\AppData\Local\Temp\ccAyAbem.s 			page 37


 1845 003c 38000000 		.4byte	.LFE43
 1846 0040 00000000 		.4byte	.LFB44
 1847 0044 34000000 		.4byte	.LFE44
 1848 0048 00000000 		.4byte	.LFB45
 1849 004c D8010000 		.4byte	.LFE45
 1850 0050 00000000 		.4byte	0
 1851 0054 00000000 		.4byte	0
 1852              		.section	.debug_line,"",%progbits
 1853              	.Ldebug_line0:
 1854 0000 F3010000 		.section	.debug_str,"MS",%progbits,1
 1854      02005C00 
 1854      00000201 
 1854      FB0E0D00 
 1854      01010101 
 1855              	.LASF23:
 1856 0000 4359424C 		.ascii	"CYBLE_EVT_GAP_PASSKEY_ENTRY_REQUEST\000"
 1856      455F4556 
 1856      545F4741 
 1856      505F5041 
 1856      53534B45 
 1857              	.LASF91:
 1858 0024 74657374 		.ascii	"testMotor\000"
 1858      4D6F746F 
 1858      7200
 1859              	.LASF110:
 1860 002e 666C6578 		.ascii	"flexGet\000"
 1860      47657400 
 1861              	.LASF58:
 1862 0036 4359424C 		.ascii	"CYBLE_EVT_GATTC_WRITE_RSP\000"
 1862      455F4556 
 1862      545F4741 
 1862      5454435F 
 1862      57524954 
 1863              	.LASF100:
 1864 0050 74657874 		.ascii	"text\000"
 1864      00
 1865              	.LASF20:
 1866 0055 4359424C 		.ascii	"CYBLE_EVT_MEMORY_REQUEST\000"
 1866      455F4556 
 1866      545F4D45 
 1866      4D4F5259 
 1866      5F524551 
 1867              	.LASF86:
 1868 006e 6D657373 		.ascii	"message\000"
 1868      61676500 
 1869              	.LASF45:
 1870 0076 4359424C 		.ascii	"CYBLE_EVT_GATTC_ERROR_RSP\000"
 1870      455F4556 
 1870      545F4741 
 1870      5454435F 
 1870      4552524F 
 1871              	.LASF102:
 1872 0090 64657669 		.ascii	"deviceConnected\000"
 1872      6365436F 
 1872      6E6E6563 
 1872      74656400 
 1873              	.LASF101:
ARM GAS  C:\Users\Jacob\AppData\Local\Temp\ccAyAbem.s 			page 38


 1874 00a0 74687265 		.ascii	"threshold\000"
 1874      73686F6C 
 1874      6400
 1875              	.LASF35:
 1876 00aa 4359424C 		.ascii	"CYBLE_EVT_GAP_KEYPRESS_NOTIFICATION\000"
 1876      455F4556 
 1876      545F4741 
 1876      505F4B45 
 1876      59505245 
 1877              	.LASF2:
 1878 00ce 73686F72 		.ascii	"short int\000"
 1878      7420696E 
 1878      7400
 1879              	.LASF26:
 1880 00d8 4359424C 		.ascii	"CYBLE_EVT_GAP_AUTH_FAILED\000"
 1880      455F4556 
 1880      545F4741 
 1880      505F4155 
 1880      54485F46 
 1881              	.LASF47:
 1882 00f2 4359424C 		.ascii	"CYBLE_EVT_GATT_DISCONNECT_IND\000"
 1882      455F4556 
 1882      545F4741 
 1882      54545F44 
 1882      4953434F 
 1883              	.LASF13:
 1884 0110 73697A65 		.ascii	"sizetype\000"
 1884      74797065 
 1884      00
 1885              	.LASF37:
 1886 0119 4359424C 		.ascii	"CYBLE_EVT_GAP_DATA_LENGTH_CHANGE\000"
 1886      455F4556 
 1886      545F4741 
 1886      505F4441 
 1886      54415F4C 
 1887              	.LASF71:
 1888 013a 4359424C 		.ascii	"CYBLE_EVT_L2CAP_CONN_PARAM_UPDATE_RSP\000"
 1888      455F4556 
 1888      545F4C32 
 1888      4341505F 
 1888      434F4E4E 
 1889              	.LASF99:
 1890 0160 6D61696E 		.ascii	"main\000"
 1890      00
 1891              	.LASF75:
 1892 0165 4359424C 		.ascii	"CYBLE_EVT_L2CAP_CBFC_DISCONN_IND\000"
 1892      455F4556 
 1892      545F4C32 
 1892      4341505F 
 1892      43424643 
 1893              	.LASF51:
 1894 0186 4359424C 		.ascii	"CYBLE_EVT_GATTC_READ_BY_TYPE_RSP\000"
 1894      455F4556 
 1894      545F4741 
 1894      5454435F 
 1894      52454144 
 1895              	.LASF81:
ARM GAS  C:\Users\Jacob\AppData\Local\Temp\ccAyAbem.s 			page 39


 1896 01a7 4359424C 		.ascii	"CYBLE_EVT_PENDING_FLASH_WRITE\000"
 1896      455F4556 
 1896      545F5045 
 1896      4E44494E 
 1896      475F464C 
 1897              	.LASF15:
 1898 01c5 4359424C 		.ascii	"CYBLE_EVT_STACK_ON\000"
 1898      455F4556 
 1898      545F5354 
 1898      41434B5F 
 1898      4F4E00
 1899              	.LASF44:
 1900 01d8 4359424C 		.ascii	"CYBLE_EVT_GAP_SMP_LOC_P256_KEYS_GEN_AND_SET_COMPLET"
 1900      455F4556 
 1900      545F4741 
 1900      505F534D 
 1900      505F4C4F 
 1901 020b 4500     		.ascii	"E\000"
 1902              	.LASF48:
 1903 020d 4359424C 		.ascii	"CYBLE_EVT_GATTS_XCNHG_MTU_REQ\000"
 1903      455F4556 
 1903      545F4741 
 1903      5454535F 
 1903      58434E48 
 1904              	.LASF61:
 1905 022b 4359424C 		.ascii	"CYBLE_EVT_GATTS_EXEC_WRITE_REQ\000"
 1905      455F4556 
 1905      545F4741 
 1905      5454535F 
 1905      45584543 
 1906              	.LASF104:
 1907 024a 666C6578 		.ascii	"flexB\000"
 1907      4200
 1908              	.LASF33:
 1909 0250 4359424C 		.ascii	"CYBLE_EVT_GAP_KEYINFO_EXCHNGE_CMPLT\000"
 1909      455F4556 
 1909      545F4741 
 1909      505F4B45 
 1909      59494E46 
 1910              	.LASF56:
 1911 0274 4359424C 		.ascii	"CYBLE_EVT_GATTC_READ_MULTI_RSP\000"
 1911      455F4556 
 1911      545F4741 
 1911      5454435F 
 1911      52454144 
 1912              	.LASF65:
 1913 0293 4359424C 		.ascii	"CYBLE_EVT_GATTS_HANDLE_VALUE_CNF\000"
 1913      455F4556 
 1913      545F4741 
 1913      5454535F 
 1913      48414E44 
 1914              	.LASF14:
 1915 02b4 4359424C 		.ascii	"CYBLE_EVT_HOST_INVALID\000"
 1915      455F4556 
 1915      545F484F 
 1915      53545F49 
 1915      4E56414C 
ARM GAS  C:\Users\Jacob\AppData\Local\Temp\ccAyAbem.s 			page 40


 1916              	.LASF73:
 1917 02cb 4359424C 		.ascii	"CYBLE_EVT_L2CAP_CBFC_CONN_IND\000"
 1917      455F4556 
 1917      545F4C32 
 1917      4341505F 
 1917      43424643 
 1918              	.LASF76:
 1919 02e9 4359424C 		.ascii	"CYBLE_EVT_L2CAP_CBFC_DISCONN_CNF\000"
 1919      455F4556 
 1919      545F4C32 
 1919      4341505F 
 1919      43424643 
 1920              	.LASF87:
 1921 030a 6C656E67 		.ascii	"length\000"
 1921      746800
 1922              	.LASF9:
 1923 0311 666C6F61 		.ascii	"float\000"
 1923      7400
 1924              	.LASF54:
 1925 0317 4359424C 		.ascii	"CYBLE_EVT_GATTC_READ_RSP\000"
 1925      455F4556 
 1925      545F4741 
 1925      5454435F 
 1925      52454144 
 1926              	.LASF34:
 1927 0330 4359424C 		.ascii	"CYBLE_EVT_GAP_NUMERIC_COMPARISON_REQUEST\000"
 1927      455F4556 
 1927      545F4741 
 1927      505F4E55 
 1927      4D455249 
 1928              	.LASF39:
 1929 0359 4359424C 		.ascii	"CYBLE_EVT_GAPC_DIRECT_ADV_REPORT\000"
 1929      455F4556 
 1929      545F4741 
 1929      50435F44 
 1929      49524543 
 1930              	.LASF7:
 1931 037a 6C6F6E67 		.ascii	"long long unsigned int\000"
 1931      206C6F6E 
 1931      6720756E 
 1931      7369676E 
 1931      65642069 
 1932              	.LASF43:
 1933 0391 4359424C 		.ascii	"CYBLE_EVT_GAP_AUTH_REQ_REPLY_ERR\000"
 1933      455F4556 
 1933      545F4741 
 1933      505F4155 
 1933      54485F52 
 1934              	.LASF4:
 1935 03b2 6C6F6E67 		.ascii	"long int\000"
 1935      20696E74 
 1935      00
 1936              	.LASF64:
 1937 03bb 4359424C 		.ascii	"CYBLE_EVT_GATTC_HANDLE_VALUE_IND\000"
 1937      455F4556 
 1937      545F4741 
 1937      5454435F 
ARM GAS  C:\Users\Jacob\AppData\Local\Temp\ccAyAbem.s 			page 41


 1937      48414E44 
 1938              	.LASF97:
 1939 03dc 75706461 		.ascii	"updateFlexSensors\000"
 1939      7465466C 
 1939      65785365 
 1939      6E736F72 
 1939      7300
 1940              	.LASF28:
 1941 03ee 4359424C 		.ascii	"CYBLE_EVT_GAP_DEVICE_CONNECTED\000"
 1941      455F4556 
 1941      545F4741 
 1941      505F4445 
 1941      56494345 
 1942              	.LASF27:
 1943 040d 4359424C 		.ascii	"CYBLE_EVT_GAPP_ADVERTISEMENT_START_STOP\000"
 1943      455F4556 
 1943      545F4741 
 1943      50505F41 
 1943      44564552 
 1944              	.LASF63:
 1945 0435 4359424C 		.ascii	"CYBLE_EVT_GATTC_HANDLE_VALUE_NTF\000"
 1945      455F4556 
 1945      545F4741 
 1945      5454435F 
 1945      48414E44 
 1946              	.LASF19:
 1947 0456 4359424C 		.ascii	"CYBLE_EVT_STACK_BUSY_STATUS\000"
 1947      455F4556 
 1947      545F5354 
 1947      41434B5F 
 1947      42555359 
 1948              	.LASF89:
 1949 0472 616E616C 		.ascii	"analog2\000"
 1949      6F673200 
 1950              	.LASF24:
 1951 047a 4359424C 		.ascii	"CYBLE_EVT_GAP_PASSKEY_DISPLAY_REQUEST\000"
 1951      455F4556 
 1951      545F4741 
 1951      505F5041 
 1951      53534B45 
 1952              	.LASF105:
 1953 04a0 474E5520 		.ascii	"GNU C11 5.4.1 20160609 (release) [ARM/embedded-5-br"
 1953      43313120 
 1953      352E342E 
 1953      31203230 
 1953      31363036 
 1954 04d3 616E6368 		.ascii	"anch revision 237715] -mcpu=cortex-m0 -mthumb -g -O"
 1954      20726576 
 1954      6973696F 
 1954      6E203233 
 1954      37373135 
 1955 0506 30202D66 		.ascii	"0 -ffunction-sections -ffat-lto-objects\000"
 1955      66756E63 
 1955      74696F6E 
 1955      2D736563 
 1955      74696F6E 
 1956              	.LASF74:
ARM GAS  C:\Users\Jacob\AppData\Local\Temp\ccAyAbem.s 			page 42


 1957 052e 4359424C 		.ascii	"CYBLE_EVT_L2CAP_CBFC_CONN_CNF\000"
 1957      455F4556 
 1957      545F4C32 
 1957      4341505F 
 1957      43424643 
 1958              	.LASF38:
 1959 054c 4359424C 		.ascii	"CYBLE_EVT_GAP_ENHANCE_CONN_COMPLETE\000"
 1959      455F4556 
 1959      545F4741 
 1959      505F454E 
 1959      48414E43 
 1960              	.LASF12:
 1961 0570 6C6F6E67 		.ascii	"long double\000"
 1961      20646F75 
 1961      626C6500 
 1962              	.LASF70:
 1963 057c 4359424C 		.ascii	"CYBLE_EVT_L2CAP_CONN_PARAM_UPDATE_REQ\000"
 1963      455F4556 
 1963      545F4C32 
 1963      4341505F 
 1963      434F4E4E 
 1964              	.LASF1:
 1965 05a2 756E7369 		.ascii	"unsigned char\000"
 1965      676E6564 
 1965      20636861 
 1965      7200
 1966              	.LASF60:
 1967 05b0 4359424C 		.ascii	"CYBLE_EVT_GATTS_PREP_WRITE_REQ\000"
 1967      455F4556 
 1967      545F4741 
 1967      5454535F 
 1967      50524550 
 1968              	.LASF82:
 1969 05cf 4359424C 		.ascii	"CYBLE_EVT_LE_PING_AUTH_TIMEOUT\000"
 1969      455F4556 
 1969      545F4C45 
 1969      5F50494E 
 1969      475F4155 
 1970              	.LASF52:
 1971 05ee 4359424C 		.ascii	"CYBLE_EVT_GATTC_FIND_INFO_RSP\000"
 1971      455F4556 
 1971      545F4741 
 1971      5454435F 
 1971      46494E44 
 1972              	.LASF0:
 1973 060c 7369676E 		.ascii	"signed char\000"
 1973      65642063 
 1973      68617200 
 1974              	.LASF109:
 1975 0618 74657374 		.ascii	"testFlex\000"
 1975      466C6578 
 1975      00
 1976              	.LASF57:
 1977 0621 4359424C 		.ascii	"CYBLE_EVT_GATTS_WRITE_REQ\000"
 1977      455F4556 
 1977      545F4741 
 1977      5454535F 
ARM GAS  C:\Users\Jacob\AppData\Local\Temp\ccAyAbem.s 			page 43


 1977      57524954 
 1978              	.LASF98:
 1979 063b 61637469 		.ascii	"activateAlarm\000"
 1979      76617465 
 1979      416C6172 
 1979      6D00
 1980              	.LASF53:
 1981 0649 4359424C 		.ascii	"CYBLE_EVT_GATTC_FIND_BY_TYPE_VALUE_RSP\000"
 1981      455F4556 
 1981      545F4741 
 1981      5454435F 
 1981      46494E44 
 1982              	.LASF25:
 1983 0670 4359424C 		.ascii	"CYBLE_EVT_GAP_AUTH_COMPLETE\000"
 1983      455F4556 
 1983      545F4741 
 1983      505F4155 
 1983      54485F43 
 1984              	.LASF8:
 1985 068c 756E7369 		.ascii	"unsigned int\000"
 1985      676E6564 
 1985      20696E74 
 1985      00
 1986              	.LASF46:
 1987 0699 4359424C 		.ascii	"CYBLE_EVT_GATT_CONNECT_IND\000"
 1987      455F4556 
 1987      545F4741 
 1987      54545F43 
 1987      4F4E4E45 
 1988              	.LASF5:
 1989 06b4 6C6F6E67 		.ascii	"long unsigned int\000"
 1989      20756E73 
 1989      69676E65 
 1989      6420696E 
 1989      7400
 1990              	.LASF22:
 1991 06c6 4359424C 		.ascii	"CYBLE_EVT_GAP_AUTH_REQ\000"
 1991      455F4556 
 1991      545F4741 
 1991      505F4155 
 1991      54485F52 
 1992              	.LASF107:
 1993 06dd 433A5C55 		.ascii	"C:\\Users\\Jacob\\Documents\\Junior\\EGR 304\\EGR30"
 1993      73657273 
 1993      5C4A6163 
 1993      6F625C44 
 1993      6F63756D 
 1994 070a 345C5065 		.ascii	"4\\PeacefulPillowShowcase.cydsn\000"
 1994      61636566 
 1994      756C5069 
 1994      6C6C6F77 
 1994      53686F77 
 1995              	.LASF30:
 1996 0729 4359424C 		.ascii	"CYBLE_EVT_GAP_ENCRYPT_CHANGE\000"
 1996      455F4556 
 1996      545F4741 
 1996      505F454E 
ARM GAS  C:\Users\Jacob\AppData\Local\Temp\ccAyAbem.s 			page 44


 1996      43525950 
 1997              	.LASF41:
 1998 0746 4359424C 		.ascii	"CYBLE_EVT_GAP_CONN_ESTB\000"
 1998      455F4556 
 1998      545F4741 
 1998      505F434F 
 1998      4E4E5F45 
 1999              	.LASF69:
 2000 075e 4359424C 		.ascii	"CYBLE_EVT_GATTC_LONG_PROCEDURE_END\000"
 2000      455F4556 
 2000      545F4741 
 2000      5454435F 
 2000      4C4F4E47 
 2001              	.LASF3:
 2002 0781 73686F72 		.ascii	"short unsigned int\000"
 2002      7420756E 
 2002      7369676E 
 2002      65642069 
 2002      6E7400
 2003              	.LASF84:
 2004 0794 4359424C 		.ascii	"CYBLE_EVT_FLASH_CORRUPT\000"
 2004      455F4556 
 2004      545F464C 
 2004      4153485F 
 2004      434F5252 
 2005              	.LASF31:
 2006 07ac 4359424C 		.ascii	"CYBLE_EVT_GAP_CONNECTION_UPDATE_COMPLETE\000"
 2006      455F4556 
 2006      545F4741 
 2006      505F434F 
 2006      4E4E4543 
 2007              	.LASF40:
 2008 07d5 4359424C 		.ascii	"CYBLE_EVT_GAP_SMP_NEGOTIATED_AUTH_INFO\000"
 2008      455F4556 
 2008      545F4741 
 2008      505F534D 
 2008      505F4E45 
 2009              	.LASF11:
 2010 07fc 63686172 		.ascii	"char\000"
 2010      00
 2011              	.LASF94:
 2012 0801 44697370 		.ascii	"DisplayMessage\000"
 2012      6C61794D 
 2012      65737361 
 2012      676500
 2013              	.LASF72:
 2014 0810 4359424C 		.ascii	"CYBLE_EVT_L2CAP_COMMAND_REJ\000"
 2014      455F4556 
 2014      545F4C32 
 2014      4341505F 
 2014      434F4D4D 
 2015              	.LASF108:
 2016 082c 75696E74 		.ascii	"uint8\000"
 2016      3800
 2017              	.LASF90:
 2018 0832 62756666 		.ascii	"buffer\000"
 2018      657200
ARM GAS  C:\Users\Jacob\AppData\Local\Temp\ccAyAbem.s 			page 45


 2019              	.LASF55:
 2020 0839 4359424C 		.ascii	"CYBLE_EVT_GATTC_READ_BLOB_RSP\000"
 2020      455F4556 
 2020      545F4741 
 2020      5454435F 
 2020      52454144 
 2021              	.LASF88:
 2022 0857 616E616C 		.ascii	"analog1\000"
 2022      6F673100 
 2023              	.LASF62:
 2024 085f 4359424C 		.ascii	"CYBLE_EVT_GATTC_EXEC_WRITE_RSP\000"
 2024      455F4556 
 2024      545F4741 
 2024      5454435F 
 2024      45584543 
 2025              	.LASF32:
 2026 087e 4359424C 		.ascii	"CYBLE_EVT_GAPC_SCAN_START_STOP\000"
 2026      455F4556 
 2026      545F4741 
 2026      50435F53 
 2026      43414E5F 
 2027              	.LASF106:
 2028 089d 6D61696E 		.ascii	"main.c\000"
 2028      2E6300
 2029              	.LASF78:
 2030 08a4 4359424C 		.ascii	"CYBLE_EVT_L2CAP_CBFC_RX_CREDIT_IND\000"
 2030      455F4556 
 2030      545F4C32 
 2030      4341505F 
 2030      43424643 
 2031              	.LASF10:
 2032 08c7 646F7562 		.ascii	"double\000"
 2032      6C6500
 2033              	.LASF79:
 2034 08ce 4359424C 		.ascii	"CYBLE_EVT_L2CAP_CBFC_TX_CREDIT_IND\000"
 2034      455F4556 
 2034      545F4C32 
 2034      4341505F 
 2034      43424643 
 2035              	.LASF42:
 2036 08f1 4359424C 		.ascii	"CYBLE_EVT_GAP_SCAN_REQ_RECVD\000"
 2036      455F4556 
 2036      545F4741 
 2036      505F5343 
 2036      414E5F52 
 2037              	.LASF6:
 2038 090e 6C6F6E67 		.ascii	"long long int\000"
 2038      206C6F6E 
 2038      6720696E 
 2038      7400
 2039              	.LASF103:
 2040 091c 666C6578 		.ascii	"flexA\000"
 2040      4100
 2041              	.LASF96:
 2042 0922 636F6D70 		.ascii	"compare\000"
 2042      61726500 
 2043              	.LASF17:
ARM GAS  C:\Users\Jacob\AppData\Local\Temp\ccAyAbem.s 			page 46


 2044 092a 4359424C 		.ascii	"CYBLE_EVT_HARDWARE_ERROR\000"
 2044      455F4556 
 2044      545F4841 
 2044      52445741 
 2044      52455F45 
 2045              	.LASF77:
 2046 0943 4359424C 		.ascii	"CYBLE_EVT_L2CAP_CBFC_DATA_READ\000"
 2046      455F4556 
 2046      545F4C32 
 2046      4341505F 
 2046      43424643 
 2047              	.LASF93:
 2048 0962 696E6974 		.ascii	"initializeSubsystems\000"
 2048      69616C69 
 2048      7A655375 
 2048      62737973 
 2048      74656D73 
 2049              	.LASF21:
 2050 0977 4359424C 		.ascii	"CYBLE_EVT_GAPC_SCAN_PROGRESS_RESULT\000"
 2050      455F4556 
 2050      545F4741 
 2050      50435F53 
 2050      43414E5F 
 2051              	.LASF50:
 2052 099b 4359424C 		.ascii	"CYBLE_EVT_GATTC_READ_BY_GROUP_TYPE_RSP\000"
 2052      455F4556 
 2052      545F4741 
 2052      5454435F 
 2052      52454144 
 2053              	.LASF59:
 2054 09c2 4359424C 		.ascii	"CYBLE_EVT_GATTS_WRITE_CMD_REQ\000"
 2054      455F4556 
 2054      545F4741 
 2054      5454535F 
 2054      57524954 
 2055              	.LASF49:
 2056 09e0 4359424C 		.ascii	"CYBLE_EVT_GATTC_XCHNG_MTU_RSP\000"
 2056      455F4556 
 2056      545F4741 
 2056      5454435F 
 2056      5843484E 
 2057              	.LASF80:
 2058 09fe 4359424C 		.ascii	"CYBLE_EVT_L2CAP_CBFC_DATA_WRITE_IND\000"
 2058      455F4556 
 2058      545F4C32 
 2058      4341505F 
 2058      43424643 
 2059              	.LASF16:
 2060 0a22 4359424C 		.ascii	"CYBLE_EVT_TIMEOUT\000"
 2060      455F4556 
 2060      545F5449 
 2060      4D454F55 
 2060      5400
 2061              	.LASF85:
 2062 0a34 4359424C 		.ascii	"CYBLE_EVT_MAX\000"
 2062      455F4556 
 2062      545F4D41 
ARM GAS  C:\Users\Jacob\AppData\Local\Temp\ccAyAbem.s 			page 47


 2062      5800
 2063              	.LASF92:
 2064 0a42 74657374 		.ascii	"testBuzzer\000"
 2064      42757A7A 
 2064      657200
 2065              	.LASF68:
 2066 0a4d 4359424C 		.ascii	"CYBLE_EVT_GATTS_READ_CHAR_VAL_ACCESS_REQ\000"
 2066      455F4556 
 2066      545F4741 
 2066      5454535F 
 2066      52454144 
 2067              	.LASF67:
 2068 0a76 4359424C 		.ascii	"CYBLE_EVT_GATTC_STOP_CMD_COMPLETE\000"
 2068      455F4556 
 2068      545F4741 
 2068      5454435F 
 2068      53544F50 
 2069              	.LASF29:
 2070 0a98 4359424C 		.ascii	"CYBLE_EVT_GAP_DEVICE_DISCONNECTED\000"
 2070      455F4556 
 2070      545F4741 
 2070      505F4445 
 2070      56494345 
 2071              	.LASF18:
 2072 0aba 4359424C 		.ascii	"CYBLE_EVT_HCI_STATUS\000"
 2072      455F4556 
 2072      545F4843 
 2072      495F5354 
 2072      41545553 
 2073              	.LASF95:
 2074 0acf 62757A7A 		.ascii	"buzzerSet\000"
 2074      65725365 
 2074      7400
 2075              	.LASF66:
 2076 0ad9 4359424C 		.ascii	"CYBLE_EVT_GATTS_DATA_SIGNED_CMD_REQ\000"
 2076      455F4556 
 2076      545F4741 
 2076      5454535F 
 2076      44415441 
 2077              	.LASF83:
 2078 0afd 4359424C 		.ascii	"CYBLE_EVT_HCI_PKT\000"
 2078      455F4556 
 2078      545F4843 
 2078      495F504B 
 2078      5400
 2079              	.LASF36:
 2080 0b0f 4359424C 		.ascii	"CYBLE_EVT_GAP_OOB_GENERATED_NOTIFICATION\000"
 2080      455F4556 
 2080      545F4741 
 2080      505F4F4F 
 2080      425F4745 
 2081              		.ident	"GCC: (GNU Tools for ARM Embedded Processors) 5.4.1 20160609 (release) [ARM/embedded-5-bran
