--------------- Build Started: 10/30/2017 15:39:05 Project: MotorControl2, Configuration: ARM GCC 5.4-2016-q2-update Debug ---------------
The code generation step is up to date.
arm-none-eabi-gcc.exe -mcpu=cortex-m3 -mthumb -I. -IGenerated_Source\PSoC5 -Wa,-alh=.\CortexM3\ARM_GCC_541\Debug/main.lst -g -D DEBUG -D CY_CORE_ID=0 -Wall -ffunction-sections -ffat-lto-objects -Og -c main.c -o .\CortexM3\ARM_GCC_541\Debug\main.o
main.c: In function 'main':
main.c:21:9: warning: unused variable 'compare' [-Wunused-variable]
     int compare;
         ^
main.c:20:24: warning: unused variable 'rpm' [-Wunused-variable]
     float cpr = 814.0, rpm;
                        ^
main.c:20:11: warning: unused variable 'cpr' [-Wunused-variable]
     float cpr = 814.0, rpm;
           ^
main.c:19:14: warning: unused variable 'deg' [-Wunused-variable]
     int rot, deg;
              ^
main.c:19:9: warning: unused variable 'rot' [-Wunused-variable]
     int rot, deg;
         ^
main.c:18:24: warning: unused variable 'dCount' [-Wunused-variable]
     int count, count2, dCount, target1=1000, target2=2000;
                        ^
main.c:18:16: warning: unused variable 'count2' [-Wunused-variable]
     int count, count2, dCount, target1=1000, target2=2000;
                ^
arm-none-eabi-ar.exe -rs .\CortexM3\ARM_GCC_541\Debug\MotorControl2.a .\CortexM3\ARM_GCC_541\Debug\CyDmac.o .\CortexM3\ARM_GCC_541\Debug\CyFlash.o .\CortexM3\ARM_GCC_541\Debug\CyLib.o .\CortexM3\ARM_GCC_541\Debug\cyPm.o .\CortexM3\ARM_GCC_541\Debug\CySpc.o .\CortexM3\ARM_GCC_541\Debug\cyutils.o .\CortexM3\ARM_GCC_541\Debug\lcd.o .\CortexM3\ARM_GCC_541\Debug\lcd_PM.o .\CortexM3\ARM_GCC_541\Debug\lcd_LCDPort.o .\CortexM3\ARM_GCC_541\Debug\enc.o .\CortexM3\ARM_GCC_541\Debug\enc_INT.o .\CortexM3\ARM_GCC_541\Debug\enc_PM.o .\CortexM3\ARM_GCC_541\Debug\C1.o .\CortexM3\ARM_GCC_541\Debug\C2.o .\CortexM3\ARM_GCC_541\Debug\Clock_1.o .\CortexM3\ARM_GCC_541\Debug\enc_isr.o .\CortexM3\ARM_GCC_541\Debug\enc_Cnt16.o .\CortexM3\ARM_GCC_541\Debug\enc_Cnt16_PM.o .\CortexM3\ARM_GCC_541\Debug\pwm.o .\CortexM3\ARM_GCC_541\Debug\pwm_PM.o .\CortexM3\ARM_GCC_541\Debug\Clock_2.o .\CortexM3\ARM_GCC_541\Debug\motora.o .\CortexM3\ARM_GCC_541\Debug\motorb.o .\CortexM3\ARM_GCC_541\Debug\CyBootAsmGnu.o
arm-none-eabi-ar.exe: creating .\CortexM3\ARM_GCC_541\Debug\MotorControl2.a
arm-none-eabi-gcc.exe -Wl,--start-group -o "C:\Users\Jacob\Documents\Junior\EGR 455\EGR455\MotorControl2.cydsn\CortexM3\ARM_GCC_541\Debug\MotorControl2.elf" .\CortexM3\ARM_GCC_541\Debug\main.o .\CortexM3\ARM_GCC_541\Debug\cyfitter_cfg.o .\CortexM3\ARM_GCC_541\Debug\cymetadata.o .\CortexM3\ARM_GCC_541\Debug\Cm3Start.o .\CortexM3\ARM_GCC_541\Debug\MotorControl2.a "C:\Program Files (x86)\Cypress\PSoC Creator\4.1\PSoC Creator\psoc\content\cycomponentlibrary\CyComponentLibrary.cylib\CortexM3\ARM_GCC_541\Debug\CyComponentLibrary.a" -mcpu=cortex-m3 -mthumb -l m -L Generated_Source\PSoC5 -Wl,-Map,.\CortexM3\ARM_GCC_541\Debug/MotorControl2.map -T Generated_Source\PSoC5\cm3gcc.ld -specs=nano.specs -Wl,--gc-sections -g -ffunction-sections -Og -ffat-lto-objects -Wl,--end-group
cyelftool.exe -C "C:\Users\Jacob\Documents\Junior\EGR 455\EGR455\MotorControl2.cydsn\CortexM3\ARM_GCC_541\Debug\MotorControl2.elf" --flash_row_size 256 --flash_size 262144 --flash_offset 0x00000000
cyelftool.exe -S "C:\Users\Jacob\Documents\Junior\EGR 455\EGR455\MotorControl2.cydsn\CortexM3\ARM_GCC_541\Debug\MotorControl2.elf"
Flash used: 4518 of 262144 bytes (1.7 %).
SRAM used: 2529 of 65536 bytes (3.9 %). Stack: 2048 bytes. Heap: 128 bytes.
--------------- Build Succeeded: 10/30/2017 15:39:05 ---------------
