

Microchip Technology PIC18 LITE Macro Assembler V1.45 build -152302408 
                                                                                               Fri Apr 20 11:11:52 2018

Microchip Technology Omniscient Code Generator v1.45 (Free mode) build 201711160504
     1                           	processor	18F47K40
     2                           	fnconf	rparam,??,?,0
     3                           	opt	pw 120
     4                           	opt	lm
     5                           	psect	cinit,global,reloc=2,class=CODE,delta=1
     6                           	psect	cstackCOMRAM,global,class=COMRAM,space=1,delta=1,noexec
     7                           	psect	text0,global,reloc=2,class=CODE,delta=1
     8                           	psect	text1,global,reloc=2,class=CODE,delta=1
     9                           	psect	text2,global,reloc=2,class=CODE,delta=1
    10                           	psect	text3,global,reloc=2,class=CODE,delta=1
    11                           	psect	text4,global,reloc=2,class=CODE,delta=1
    12                           	psect	text5,global,reloc=2,class=CODE,delta=1
    13                           	psect	text6,global,reloc=2,class=CODE,delta=1
    14                           	psect	text7,global,reloc=2,class=CODE,delta=1
    15                           	psect	text8,global,reloc=2,class=CODE,delta=1
    16                           	psect	intsave_regs,global,class=BIGRAM,space=1,delta=1,noexec
    17                           	psect	rparam,global,class=COMRAM,space=1,delta=1,noexec
    18  0000                     
    19                           ; Version 1.45
    20                           ; Generated 16/11/2017 GMT
    21                           ; 
    22                           ; Copyright © 2017, Microchip Technology Inc. and its subsidiaries ("Microchip")
    23                           ; All rights reserved.
    24                           ; 
    25                           ; This software is developed by Microchip Technology Inc. and its subsidiaries ("Microch
      +                          ip").
    26                           ; 
    27                           ; Redistribution and use in source and binary forms, with or without modification, are
    28                           ; permitted provided that the following conditions are met:
    29                           ; 
    30                           ;     1. Redistributions of source code must retain the above copyright notice, this lis
      +                          t of
    31                           ;        conditions and the following disclaimer.
    32                           ; 
    33                           ;     2. Redistributions in binary form must reproduce the above copyright notice, this 
      +                          list
    34                           ;        of conditions and the following disclaimer in the documentation and/or other
    35                           ;        materials provided with the distribution.
    36                           ; 
    37                           ;     3. Microchip's name may not be used to endorse or promote products derived from th
      +                          is
    38                           ;        software without specific prior written permission.
    39                           ; 
    40                           ; THIS SOFTWARE IS PROVIDED BY MICROCHIP "AS IS" AND ANY EXPRESS OR IMPLIED WARRANTIES,
    41                           ; INCLUDING, BUT NOT LIMITED TO, THE IMPLIED WARRANTIES OF MERCHANTABILITY AND FITNESS F
      +                          OR
    42                           ; PURPOSE ARE DISCLAIMED.  IN NO EVENT SHALL MICROCHIP BE LIABLE FOR ANY DIRECT, INDIREC
      +                          T,
    43                           ; INCIDENTAL, SPECIAL, EXEMPLARY, OR CONSEQUENTIAL DAMAGES (INCLUDING BUT NOT LIMITED TO
    44                           ; PROCUREMENT OF SUBSTITUTE GOODS OR SERVICES; LOSS OF USE, DATA OR PROFITS; OR BUSINESS
    45                           ; INTERRUPTION) HOWSOEVER CAUSED AND ON ANY THEORY OF LIABILITY, WHETHER IN CONTRACT, ST
      +                          RICT
    46                           ; LIABILITY, OR TORT (INCLUDING NEGLIGENCE OR OTHERWISE) ARISING IN ANY WAY OUT OF THE U
      +                          SE OF
    47                           ; THIS SOFTWARE, EVEN IF ADVISED OF THE POSSIBILITY OF SUCH DAMAGE.
    48                           ; 
    49                           ; 
    50                           ; Code-generator required, PIC18F47K40 Definitions
    51                           ; 
    52                           ; SFR Addresses
    53  0000                     _TX2REG	set	3738
    54  0000                     _RC2REG	set	3737
    55  0000                     _RC2STAbits	set	3741
    56  0000                     _TX2STAbits	set	3742
    57  0000                     _PIR3bits	set	3789
    58  0000                     _SP2BRGH	set	3740
    59  0000                     _SP2BRGL	set	3739
    60  0000                     _TX2STA	set	3742
    61  0000                     _RC2STA	set	3741
    62  0000                     _BAUD2CON	set	3743
    63  0000                     _RX2PPSbits	set	3725
    64  0000                     _PMD5	set	3814
    65  0000                     _PMD4	set	3813
    66  0000                     _PMD3	set	3812
    67  0000                     _PMD2	set	3811
    68  0000                     _PMD1	set	3810
    69  0000                     _PMD0	set	3809
    70  0000                     _OSCTUNE	set	3805
    71  0000                     _OSCFRQ	set	3806
    72  0000                     _OSCEN	set	3804
    73  0000                     _OSCCON3	set	3802
    74  0000                     _OSCCON1	set	3800
    75  0000                     _RD3PPS	set	3842
    76  0000                     _ODCOND	set	3876
    77  0000                     _ODCONC	set	3871
    78  0000                     _ODCONB	set	3863
    79  0000                     _ODCONA	set	3855
    80  0000                     _ODCONE	set	3884
    81  0000                     _WPUC	set	3872
    82  0000                     _WPUA	set	3856
    83  0000                     _WPUB	set	3864
    84  0000                     _WPUE	set	3885
    85  0000                     _WPUD	set	3877
    86  0000                     _ANSELA	set	3857
    87  0000                     _ANSELE	set	3886
    88  0000                     _ANSELD	set	3878
    89  0000                     _ANSELB	set	3865
    90  0000                     _ANSELC	set	3873
    91  0000                     _LATAbits	set	3971
    92  0000                     _TRISD	set	3979
    93  0000                     _TRISC	set	3978
    94  0000                     _TRISB	set	3977
    95  0000                     _TRISA	set	3976
    96  0000                     _TRISE	set	3980
    97  0000                     _LATC	set	3973
    98  0000                     _LATB	set	3972
    99  0000                     _LATA	set	3971
   100  0000                     _LATD	set	3974
   101  0000                     _LATE	set	3975
   102                           
   103                           ; #config settings
   104  0000                     
   105                           	psect	cinit
   106  01FEB6                     __pcinit:
   107                           	opt stack 0
   108  01FEB6                     start_initialization:
   109                           	opt stack 0
   110  01FEB6                     __initialization:
   111                           	opt stack 0
   112  01FEB6                     end_of_initialization:
   113                           	opt stack 0
   114  01FEB6                     __end_of__initialization:
   115                           	opt stack 0
   116  01FEB6  0100               	movlb	0
   117  01FEB8  EFA4  F0FF         	goto	_main	;jump to C main() function
   118                           
   119                           	psect	cstackCOMRAM
   120  000001                     __pcstackCOMRAM:
   121                           	opt stack 0
   122  000001                     EUSART2_Write@txData:
   123                           	opt stack 0
   124                           
   125                           ; 1 bytes @ 0x0
   126  000001                     	ds	1
   127  000002                     ??_main:
   128                           
   129                           ; 1 bytes @ 0x1
   130  000002                     	ds	1
   131  000003                     main@rec:
   132                           	opt stack 0
   133                           
   134                           ; 1 bytes @ 0x2
   135  000003                     	ds	1
   136                           
   137 ;;
   138 ;;Main: autosize = 0, tempsize = 1, incstack = 0, save=0
   139 ;;
   140 ;; *************** function _main *****************
   141 ;; Defined at:
   142 ;;		line 48 in file "main.c"
   143 ;; Parameters:    Size  Location     Type
   144 ;;		None
   145 ;; Auto vars:     Size  Location     Type
   146 ;;  rec             1    2[COMRAM] unsigned char 
   147 ;; Return value:  Size  Location     Type
   148 ;;                  1    wreg      void 
   149 ;; Registers used:
   150 ;;		wreg, status,2, status,0, cstack
   151 ;; Tracked objects:
   152 ;;		On entry : 0/0
   153 ;;		On exit  : 0/0
   154 ;;		Unchanged: 0/0
   155 ;; Data sizes:     COMRAM   BANK0   BANK1   BANK2   BANK3   BANK4   BANK5   BANK6   BANK7   BANK8   BANK9  BANK10  BANK1
      +1  BANK12  BANK13  BANK14
   156 ;;      Params:         0       0       0       0       0       0       0       0       0       0       0       0       
      +0       0       0       0
   157 ;;      Locals:         1       0       0       0       0       0       0       0       0       0       0       0       
      +0       0       0       0
   158 ;;      Temps:          1       0       0       0       0       0       0       0       0       0       0       0       
      +0       0       0       0
   159 ;;      Totals:         2       0       0       0       0       0       0       0       0       0       0       0       
      +0       0       0       0
   160 ;;Total ram usage:        2 bytes
   161 ;; Hardware stack levels required when called:    2
   162 ;; This function calls:
   163 ;;		_EUSART2_Initialize
   164 ;;		_EUSART2_Read
   165 ;;		_EUSART2_Write
   166 ;;		_EUSART2_is_rx_ready
   167 ;;		_SYSTEM_Initialize
   168 ;; This function is called by:
   169 ;;		Startup code after reset
   170 ;; This function uses a non-reentrant model
   171 ;;
   172                           
   173                           	psect	text0
   174  01FF48                     __ptext0:
   175                           	opt stack 0
   176  01FF48                     _main:
   177                           	opt stack 29
   178                           
   179                           ;main.c: 51: SYSTEM_Initialize();
   180                           
   181                           ;incstack = 0
   182  01FF48  EC75  F0FF         	call	_SYSTEM_Initialize	;wreg free
   183                           
   184                           ;main.c: 69: EUSART2_Initialize();
   185  01FF4C  EC7E  F0FF         	call	_EUSART2_Initialize	;wreg free
   186                           
   187                           ;main.c: 71: while(!EUSART2_is_rx_ready()){
   188  01FF50  D008               	goto	l165
   189  01FF52                     
   190                           ;main.c: 73: _delay((unsigned long)((50)*(2000000/4000.0)));
   191  01FF52  0E21               	movlw	33
   192  01FF54  6E02               	movwf	??_main& (0+255),c
   193  01FF56  0E76               	movlw	118
   194  01FF58                     u97:
   195  01FF58  2EE8               	decfsz	wreg,f,c
   196  01FF5A  D7FE               	bra	u97
   197  01FF5C  2E02               	decfsz	??_main& (0+255),f,c
   198  01FF5E  D7FC               	bra	u97
   199  01FF60  D000               	nop2	
   200  01FF62                     l165:
   201  01FF62  EC65  F0FF         	call	_EUSART2_is_rx_ready	;wreg free
   202  01FF66  0900               	iorlw	0
   203  01FF68  B4D8               	btfsc	status,2,c
   204  01FF6A  D7F3               	goto	l166
   205                           
   206                           ;main.c: 74: }
   207                           ;main.c: 76: uint8_t rec = EUSART2_Read();
   208  01FF6C  EC6C  F0FF         	call	_EUSART2_Read	;wreg free
   209  01FF70  6E03               	movwf	main@rec,c
   210                           
   211                           ;main.c: 80: if(rec == 128)
   212  01FF72  0E80               	movlw	128
   213  01FF74  1803               	xorwf	main@rec,w,c
   214  01FF76  B4D8               	btfsc	status,2,c
   215                           
   216                           ;main.c: 81: do { LATAbits.LATA4 = 1; } while(0);
   217  01FF78  8883               	bsf	3971,4,c	;volatile
   218  01FF7A                     
   219                           ;main.c: 86: {
   220                           ;main.c: 88: EUSART2_Write(64);
   221                           
   222                           ;main.c: 85: while (1)
   223  01FF7A  0E40               	movlw	64
   224  01FF7C  EC5E  F0FF         	call	_EUSART2_Write
   225                           
   226                           ;main.c: 90: _delay((unsigned long)((50)*(2000000/4000.0)));
   227  01FF80  0E21               	movlw	33
   228  01FF82  6E02               	movwf	??_main& (0+255),c
   229  01FF84  0E76               	movlw	118
   230  01FF86                     u107:
   231  01FF86  2EE8               	decfsz	wreg,f,c
   232  01FF88  D7FE               	bra	u107
   233  01FF8A  2E02               	decfsz	??_main& (0+255),f,c
   234  01FF8C  D7FC               	bra	u107
   235  01FF8E  D000               	nop2	
   236  01FF90  D7F4               	goto	l170
   237  01FF92                     __end_of_main:
   238                           	opt stack 0
   239                           wreg	equ	0xFE8
   240                           status	equ	0xFD8
   241                           
   242 ;; *************** function _SYSTEM_Initialize *****************
   243 ;; Defined at:
   244 ;;		line 116 in file "mcc_generated_files/mcc.c"
   245 ;; Parameters:    Size  Location     Type
   246 ;;		None
   247 ;; Auto vars:     Size  Location     Type
   248 ;;		None
   249 ;; Return value:  Size  Location     Type
   250 ;;                  1    wreg      void 
   251 ;; Registers used:
   252 ;;		wreg, status,2, cstack
   253 ;; Tracked objects:
   254 ;;		On entry : 0/0
   255 ;;		On exit  : 0/0
   256 ;;		Unchanged: 0/0
   257 ;; Data sizes:     COMRAM   BANK0   BANK1   BANK2   BANK3   BANK4   BANK5   BANK6   BANK7   BANK8   BANK9  BANK10  BANK1
      +1  BANK12  BANK13  BANK14
   258 ;;      Params:         0       0       0       0       0       0       0       0       0       0       0       0       
      +0       0       0       0
   259 ;;      Locals:         0       0       0       0       0       0       0       0       0       0       0       0       
      +0       0       0       0
   260 ;;      Temps:          0       0       0       0       0       0       0       0       0       0       0       0       
      +0       0       0       0
   261 ;;      Totals:         0       0       0       0       0       0       0       0       0       0       0       0       
      +0       0       0       0
   262 ;;Total ram usage:        0 bytes
   263 ;; Hardware stack levels used:    1
   264 ;; Hardware stack levels required when called:    1
   265 ;; This function calls:
   266 ;;		_EUSART2_Initialize
   267 ;;		_OSCILLATOR_Initialize
   268 ;;		_PIN_MANAGER_Initialize
   269 ;;		_PMD_Initialize
   270 ;; This function is called by:
   271 ;;		_main
   272 ;; This function uses a non-reentrant model
   273 ;;
   274                           
   275                           	psect	text1
   276  01FEEA                     __ptext1:
   277                           	opt stack 0
   278  01FEEA                     _SYSTEM_Initialize:
   279                           	opt stack 29
   280                           
   281                           ;mcc.c: 118: PMD_Initialize();
   282                           
   283                           ;incstack = 0
   284  01FEEA  EC96  F0FF         	call	_PMD_Initialize	;wreg free
   285                           
   286                           ;mcc.c: 119: PIN_MANAGER_Initialize();
   287  01FEEE  ECC9  F0FF         	call	_PIN_MANAGER_Initialize	;wreg free
   288                           
   289                           ;mcc.c: 120: OSCILLATOR_Initialize();
   290  01FEF2  EC8A  F0FF         	call	_OSCILLATOR_Initialize	;wreg free
   291                           
   292                           ;mcc.c: 121: EUSART2_Initialize();
   293  01FEF6  EC7E  F0FF         	call	_EUSART2_Initialize	;wreg free
   294  01FEFA  0012               	return		;funcret
   295  01FEFC                     __end_of_SYSTEM_Initialize:
   296                           	opt stack 0
   297                           wreg	equ	0xFE8
   298                           status	equ	0xFD8
   299                           
   300 ;; *************** function _PMD_Initialize *****************
   301 ;; Defined at:
   302 ;;		line 138 in file "mcc_generated_files/mcc.c"
   303 ;; Parameters:    Size  Location     Type
   304 ;;		None
   305 ;; Auto vars:     Size  Location     Type
   306 ;;		None
   307 ;; Return value:  Size  Location     Type
   308 ;;                  1    wreg      void 
   309 ;; Registers used:
   310 ;;		wreg, status,2
   311 ;; Tracked objects:
   312 ;;		On entry : 0/0
   313 ;;		On exit  : 0/0
   314 ;;		Unchanged: 0/0
   315 ;; Data sizes:     COMRAM   BANK0   BANK1   BANK2   BANK3   BANK4   BANK5   BANK6   BANK7   BANK8   BANK9  BANK10  BANK1
      +1  BANK12  BANK13  BANK14
   316 ;;      Params:         0       0       0       0       0       0       0       0       0       0       0       0       
      +0       0       0       0
   317 ;;      Locals:         0       0       0       0       0       0       0       0       0       0       0       0       
      +0       0       0       0
   318 ;;      Temps:          0       0       0       0       0       0       0       0       0       0       0       0       
      +0       0       0       0
   319 ;;      Totals:         0       0       0       0       0       0       0       0       0       0       0       0       
      +0       0       0       0
   320 ;;Total ram usage:        0 bytes
   321 ;; Hardware stack levels used:    1
   322 ;; This function calls:
   323 ;;		Nothing
   324 ;; This function is called by:
   325 ;;		_SYSTEM_Initialize
   326 ;; This function uses a non-reentrant model
   327 ;;
   328                           
   329                           	psect	text2
   330  01FF2C                     __ptext2:
   331                           	opt stack 0
   332  01FF2C                     _PMD_Initialize:
   333                           	opt stack 29
   334                           
   335                           ;mcc.c: 141: PMD0 = 0x00;
   336                           
   337                           ;incstack = 0
   338  01FF2C  0E00               	movlw	0
   339  01FF2E  010E               	movlb	14	; () banked
   340  01FF30  6FE1               	movwf	225,b	;volatile
   341                           
   342                           ;mcc.c: 143: PMD1 = 0x00;
   343  01FF32  0E00               	movlw	0
   344  01FF34  6FE2               	movwf	226,b	;volatile
   345                           
   346                           ;mcc.c: 145: PMD2 = 0x00;
   347  01FF36  0E00               	movlw	0
   348  01FF38  6FE3               	movwf	227,b	;volatile
   349                           
   350                           ;mcc.c: 147: PMD3 = 0x00;
   351  01FF3A  0E00               	movlw	0
   352  01FF3C  6FE4               	movwf	228,b	;volatile
   353                           
   354                           ;mcc.c: 149: PMD4 = 0x00;
   355  01FF3E  0E00               	movlw	0
   356  01FF40  6FE5               	movwf	229,b	;volatile
   357                           
   358                           ;mcc.c: 151: PMD5 = 0x00;
   359  01FF42  0E00               	movlw	0
   360  01FF44  6FE6               	movwf	230,b	;volatile
   361                           
   362                           ; BSR set to: 14
   363  01FF46  0012               	return		;funcret
   364  01FF48                     __end_of_PMD_Initialize:
   365                           	opt stack 0
   366                           wreg	equ	0xFE8
   367                           status	equ	0xFD8
   368                           
   369 ;; *************** function _PIN_MANAGER_Initialize *****************
   370 ;; Defined at:
   371 ;;		line 52 in file "mcc_generated_files/pin_manager.c"
   372 ;; Parameters:    Size  Location     Type
   373 ;;		None
   374 ;; Auto vars:     Size  Location     Type
   375 ;;		None
   376 ;; Return value:  Size  Location     Type
   377 ;;                  1    wreg      void 
   378 ;; Registers used:
   379 ;;		wreg, status,2
   380 ;; Tracked objects:
   381 ;;		On entry : 0/0
   382 ;;		On exit  : 0/0
   383 ;;		Unchanged: 0/0
   384 ;; Data sizes:     COMRAM   BANK0   BANK1   BANK2   BANK3   BANK4   BANK5   BANK6   BANK7   BANK8   BANK9  BANK10  BANK1
      +1  BANK12  BANK13  BANK14
   385 ;;      Params:         0       0       0       0       0       0       0       0       0       0       0       0       
      +0       0       0       0
   386 ;;      Locals:         0       0       0       0       0       0       0       0       0       0       0       0       
      +0       0       0       0
   387 ;;      Temps:          0       0       0       0       0       0       0       0       0       0       0       0       
      +0       0       0       0
   388 ;;      Totals:         0       0       0       0       0       0       0       0       0       0       0       0       
      +0       0       0       0
   389 ;;Total ram usage:        0 bytes
   390 ;; Hardware stack levels used:    1
   391 ;; This function calls:
   392 ;;		Nothing
   393 ;; This function is called by:
   394 ;;		_SYSTEM_Initialize
   395 ;; This function uses a non-reentrant model
   396 ;;
   397                           
   398                           	psect	text3
   399  01FF92                     __ptext3:
   400                           	opt stack 0
   401  01FF92                     _PIN_MANAGER_Initialize:
   402                           	opt stack 29
   403                           
   404                           ;pin_manager.c: 57: LATE = 0x00;
   405                           
   406                           ; BSR set to: 14
   407                           ;incstack = 0
   408  01FF92  0E00               	movlw	0
   409  01FF94  6E87               	movwf	3975,c	;volatile
   410                           
   411                           ;pin_manager.c: 58: LATD = 0x00;
   412  01FF96  0E00               	movlw	0
   413  01FF98  6E86               	movwf	3974,c	;volatile
   414                           
   415                           ;pin_manager.c: 59: LATA = 0x00;
   416  01FF9A  0E00               	movlw	0
   417  01FF9C  6E83               	movwf	3971,c	;volatile
   418                           
   419                           ;pin_manager.c: 60: LATB = 0x00;
   420  01FF9E  0E00               	movlw	0
   421  01FFA0  6E84               	movwf	3972,c	;volatile
   422                           
   423                           ;pin_manager.c: 61: LATC = 0x00;
   424  01FFA2  0E00               	movlw	0
   425  01FFA4  6E85               	movwf	3973,c	;volatile
   426                           
   427                           ;pin_manager.c: 66: TRISE = 0x07;
   428  01FFA6  0E07               	movlw	7
   429  01FFA8  6E8C               	movwf	3980,c	;volatile
   430                           
   431                           ;pin_manager.c: 67: TRISA = 0xEF;
   432  01FFAA  0EEF               	movlw	239
   433  01FFAC  6E88               	movwf	3976,c	;volatile
   434                           
   435                           ;pin_manager.c: 68: TRISB = 0xFF;
   436  01FFAE  6889               	setf	3977,c	;volatile
   437                           
   438                           ;pin_manager.c: 69: TRISC = 0xFF;
   439  01FFB0  688A               	setf	3978,c	;volatile
   440                           
   441                           ;pin_manager.c: 70: TRISD = 0xF7;
   442  01FFB2  0EF7               	movlw	247
   443  01FFB4  6E8B               	movwf	3979,c	;volatile
   444                           
   445                           ;pin_manager.c: 75: ANSELC = 0xFF;
   446  01FFB6  010F               	movlb	15	; () banked
   447  01FFB8  6921               	setf	33,b	;volatile
   448                           
   449                           ; BSR set to: 15
   450                           ;pin_manager.c: 76: ANSELB = 0xFF;
   451  01FFBA  6919               	setf	25,b	;volatile
   452                           
   453                           ;pin_manager.c: 77: ANSELD = 0xFB;
   454  01FFBC  0EFB               	movlw	251
   455  01FFBE  6F26               	movwf	38,b	;volatile
   456                           
   457                           ;pin_manager.c: 78: ANSELE = 0x07;
   458  01FFC0  0E07               	movlw	7
   459  01FFC2  6F2E               	movwf	46,b	;volatile
   460                           
   461                           ; BSR set to: 15
   462                           ;pin_manager.c: 79: ANSELA = 0xFF;
   463  01FFC4  6911               	setf	17,b	;volatile
   464                           
   465                           ;pin_manager.c: 84: WPUD = 0x00;
   466  01FFC6  0E00               	movlw	0
   467  01FFC8  6F25               	movwf	37,b	;volatile
   468                           
   469                           ;pin_manager.c: 85: WPUE = 0x00;
   470  01FFCA  0E00               	movlw	0
   471  01FFCC  6F2D               	movwf	45,b	;volatile
   472                           
   473                           ;pin_manager.c: 86: WPUB = 0x00;
   474  01FFCE  0E00               	movlw	0
   475  01FFD0  6F18               	movwf	24,b	;volatile
   476                           
   477                           ;pin_manager.c: 87: WPUA = 0x00;
   478  01FFD2  0E00               	movlw	0
   479  01FFD4  6F10               	movwf	16,b	;volatile
   480                           
   481                           ;pin_manager.c: 88: WPUC = 0x00;
   482  01FFD6  0E00               	movlw	0
   483  01FFD8  6F20               	movwf	32,b	;volatile
   484                           
   485                           ;pin_manager.c: 93: ODCONE = 0x00;
   486  01FFDA  0E00               	movlw	0
   487  01FFDC  6F2C               	movwf	44,b	;volatile
   488                           
   489                           ;pin_manager.c: 94: ODCONA = 0x00;
   490  01FFDE  0E00               	movlw	0
   491  01FFE0  6F0F               	movwf	15,b	;volatile
   492                           
   493                           ;pin_manager.c: 95: ODCONB = 0x00;
   494  01FFE2  0E00               	movlw	0
   495  01FFE4  6F17               	movwf	23,b	;volatile
   496                           
   497                           ;pin_manager.c: 96: ODCONC = 0x00;
   498  01FFE6  0E00               	movlw	0
   499  01FFE8  6F1F               	movwf	31,b	;volatile
   500                           
   501                           ;pin_manager.c: 97: ODCOND = 0x00;
   502  01FFEA  0E00               	movlw	0
   503  01FFEC  6F24               	movwf	36,b	;volatile
   504                           
   505                           ;pin_manager.c: 104: RD3PPS = 0x0B;
   506  01FFEE  0E0B               	movlw	11
   507  01FFF0  6F02               	movwf	2,b	;volatile
   508                           
   509                           ; BSR set to: 15
   510                           ;pin_manager.c: 105: RX2PPSbits.RXPPS = 0x1A;
   511  01FFF2  010E               	movlb	14	; () banked
   512  01FFF4  918D               	bcf	141,0,b	;volatile
   513  01FFF6  838D               	bsf	141,1,b	;volatile
   514  01FFF8  958D               	bcf	141,2,b	;volatile
   515  01FFFA  878D               	bsf	141,3,b	;volatile
   516  01FFFC  898D               	bsf	141,4,b	;volatile
   517                           
   518                           ; BSR set to: 14
   519  01FFFE  0012               	return		;funcret
   520  020000                     __end_of_PIN_MANAGER_Initialize:
   521                           	opt stack 0
   522                           wreg	equ	0xFE8
   523                           status	equ	0xFD8
   524                           
   525 ;; *************** function _OSCILLATOR_Initialize *****************
   526 ;; Defined at:
   527 ;;		line 124 in file "mcc_generated_files/mcc.c"
   528 ;; Parameters:    Size  Location     Type
   529 ;;		None
   530 ;; Auto vars:     Size  Location     Type
   531 ;;		None
   532 ;; Return value:  Size  Location     Type
   533 ;;                  1    wreg      void 
   534 ;; Registers used:
   535 ;;		wreg, status,2
   536 ;; Tracked objects:
   537 ;;		On entry : 0/0
   538 ;;		On exit  : 0/0
   539 ;;		Unchanged: 0/0
   540 ;; Data sizes:     COMRAM   BANK0   BANK1   BANK2   BANK3   BANK4   BANK5   BANK6   BANK7   BANK8   BANK9  BANK10  BANK1
      +1  BANK12  BANK13  BANK14
   541 ;;      Params:         0       0       0       0       0       0       0       0       0       0       0       0       
      +0       0       0       0
   542 ;;      Locals:         0       0       0       0       0       0       0       0       0       0       0       0       
      +0       0       0       0
   543 ;;      Temps:          0       0       0       0       0       0       0       0       0       0       0       0       
      +0       0       0       0
   544 ;;      Totals:         0       0       0       0       0       0       0       0       0       0       0       0       
      +0       0       0       0
   545 ;;Total ram usage:        0 bytes
   546 ;; Hardware stack levels used:    1
   547 ;; This function calls:
   548 ;;		Nothing
   549 ;; This function is called by:
   550 ;;		_SYSTEM_Initialize
   551 ;; This function uses a non-reentrant model
   552 ;;
   553                           
   554                           	psect	text4
   555  01FF14                     __ptext4:
   556                           	opt stack 0
   557  01FF14                     _OSCILLATOR_Initialize:
   558                           	opt stack 29
   559                           
   560                           ;mcc.c: 127: OSCCON1 = 0x62;
   561                           
   562                           ; BSR set to: 14
   563                           ;incstack = 0
   564  01FF14  0E62               	movlw	98
   565  01FF16  010E               	movlb	14	; () banked
   566  01FF18  6FD8               	movwf	216,b	;volatile
   567                           
   568                           ;mcc.c: 129: OSCCON3 = 0x00;
   569  01FF1A  0E00               	movlw	0
   570  01FF1C  6FDA               	movwf	218,b	;volatile
   571                           
   572                           ;mcc.c: 131: OSCEN = 0x00;
   573  01FF1E  0E00               	movlw	0
   574  01FF20  6FDC               	movwf	220,b	;volatile
   575                           
   576                           ;mcc.c: 133: OSCFRQ = 0x03;
   577  01FF22  0E03               	movlw	3
   578  01FF24  6FDE               	movwf	222,b	;volatile
   579                           
   580                           ;mcc.c: 135: OSCTUNE = 0x20;
   581  01FF26  0E20               	movlw	32
   582  01FF28  6FDD               	movwf	221,b	;volatile
   583                           
   584                           ; BSR set to: 14
   585  01FF2A  0012               	return		;funcret
   586  01FF2C                     __end_of_OSCILLATOR_Initialize:
   587                           	opt stack 0
   588                           wreg	equ	0xFE8
   589                           status	equ	0xFD8
   590                           
   591 ;; *************** function _EUSART2_Initialize *****************
   592 ;; Defined at:
   593 ;;		line 55 in file "mcc_generated_files/eusart2.c"
   594 ;; Parameters:    Size  Location     Type
   595 ;;		None
   596 ;; Auto vars:     Size  Location     Type
   597 ;;		None
   598 ;; Return value:  Size  Location     Type
   599 ;;                  1    wreg      void 
   600 ;; Registers used:
   601 ;;		wreg, status,2
   602 ;; Tracked objects:
   603 ;;		On entry : 0/0
   604 ;;		On exit  : 0/0
   605 ;;		Unchanged: 0/0
   606 ;; Data sizes:     COMRAM   BANK0   BANK1   BANK2   BANK3   BANK4   BANK5   BANK6   BANK7   BANK8   BANK9  BANK10  BANK1
      +1  BANK12  BANK13  BANK14
   607 ;;      Params:         0       0       0       0       0       0       0       0       0       0       0       0       
      +0       0       0       0
   608 ;;      Locals:         0       0       0       0       0       0       0       0       0       0       0       0       
      +0       0       0       0
   609 ;;      Temps:          0       0       0       0       0       0       0       0       0       0       0       0       
      +0       0       0       0
   610 ;;      Totals:         0       0       0       0       0       0       0       0       0       0       0       0       
      +0       0       0       0
   611 ;;Total ram usage:        0 bytes
   612 ;; Hardware stack levels used:    1
   613 ;; This function calls:
   614 ;;		Nothing
   615 ;; This function is called by:
   616 ;;		_SYSTEM_Initialize
   617 ;;		_main
   618 ;; This function uses a non-reentrant model
   619 ;;
   620                           
   621                           	psect	text5
   622  01FEFC                     __ptext5:
   623                           	opt stack 0
   624  01FEFC                     _EUSART2_Initialize:
   625                           	opt stack 29
   626                           
   627                           ;eusart2.c: 60: BAUD2CON = 0x08;
   628                           
   629                           ; BSR set to: 14
   630                           ;incstack = 0
   631  01FEFC  0E08               	movlw	8
   632  01FEFE  010E               	movlb	14	; () banked
   633  01FF00  6F9F               	movwf	159,b	;volatile
   634                           
   635                           ;eusart2.c: 63: RC2STA = 0x90;
   636  01FF02  0E90               	movlw	144
   637  01FF04  6F9D               	movwf	157,b	;volatile
   638                           
   639                           ;eusart2.c: 66: TX2STA = 0x24;
   640  01FF06  0E24               	movlw	36
   641  01FF08  6F9E               	movwf	158,b	;volatile
   642                           
   643                           ;eusart2.c: 69: SP2BRGL = 0x33;
   644  01FF0A  0E33               	movlw	51
   645  01FF0C  6F9B               	movwf	155,b	;volatile
   646                           
   647                           ;eusart2.c: 72: SP2BRGH = 0x00;
   648  01FF0E  0E00               	movlw	0
   649  01FF10  6F9C               	movwf	156,b	;volatile
   650                           
   651                           ; BSR set to: 14
   652  01FF12  0012               	return		;funcret
   653  01FF14                     __end_of_EUSART2_Initialize:
   654                           	opt stack 0
   655                           wreg	equ	0xFE8
   656                           status	equ	0xFD8
   657                           
   658 ;; *************** function _EUSART2_is_rx_ready *****************
   659 ;; Defined at:
   660 ;;		line 82 in file "mcc_generated_files/eusart2.c"
   661 ;; Parameters:    Size  Location     Type
   662 ;;		None
   663 ;; Auto vars:     Size  Location     Type
   664 ;;		None
   665 ;; Return value:  Size  Location     Type
   666 ;;                  1    wreg      unsigned char 
   667 ;; Registers used:
   668 ;;		wreg
   669 ;; Tracked objects:
   670 ;;		On entry : 0/0
   671 ;;		On exit  : 0/0
   672 ;;		Unchanged: 0/0
   673 ;; Data sizes:     COMRAM   BANK0   BANK1   BANK2   BANK3   BANK4   BANK5   BANK6   BANK7   BANK8   BANK9  BANK10  BANK1
      +1  BANK12  BANK13  BANK14
   674 ;;      Params:         0       0       0       0       0       0       0       0       0       0       0       0       
      +0       0       0       0
   675 ;;      Locals:         0       0       0       0       0       0       0       0       0       0       0       0       
      +0       0       0       0
   676 ;;      Temps:          0       0       0       0       0       0       0       0       0       0       0       0       
      +0       0       0       0
   677 ;;      Totals:         0       0       0       0       0       0       0       0       0       0       0       0       
      +0       0       0       0
   678 ;;Total ram usage:        0 bytes
   679 ;; Hardware stack levels used:    1
   680 ;; This function calls:
   681 ;;		Nothing
   682 ;; This function is called by:
   683 ;;		_main
   684 ;; This function uses a non-reentrant model
   685 ;;
   686                           
   687                           	psect	text6
   688  01FECA                     __ptext6:
   689                           	opt stack 0
   690  01FECA                     _EUSART2_is_rx_ready:
   691                           	opt stack 30
   692                           
   693                           ;eusart2.c: 84: return PIR3bits.RC2IF;
   694                           
   695                           ; BSR set to: 14
   696                           ;incstack = 0
   697  01FECA  010E               	movlb	14	; () banked
   698  01FECC  AFCD               	btfss	205,7,b	;volatile
   699  01FECE  D002               	goto	u10
   700  01FED0  0E01               	movlw	1
   701  01FED2  0012               	return	
   702  01FED4                     u10:
   703  01FED4  0E00               	movlw	0
   704  01FED6  0012               	return	
   705  01FED8                     __end_of_EUSART2_is_rx_ready:
   706                           	opt stack 0
   707                           wreg	equ	0xFE8
   708                           status	equ	0xFD8
   709                           
   710 ;; *************** function _EUSART2_Write *****************
   711 ;; Defined at:
   712 ;;		line 111 in file "mcc_generated_files/eusart2.c"
   713 ;; Parameters:    Size  Location     Type
   714 ;;  txData          1    wreg     unsigned char 
   715 ;; Auto vars:     Size  Location     Type
   716 ;;  txData          1    0[COMRAM] unsigned char 
   717 ;; Return value:  Size  Location     Type
   718 ;;                  1    wreg      void 
   719 ;; Registers used:
   720 ;;		wreg
   721 ;; Tracked objects:
   722 ;;		On entry : 0/0
   723 ;;		On exit  : 0/0
   724 ;;		Unchanged: 0/0
   725 ;; Data sizes:     COMRAM   BANK0   BANK1   BANK2   BANK3   BANK4   BANK5   BANK6   BANK7   BANK8   BANK9  BANK10  BANK1
      +1  BANK12  BANK13  BANK14
   726 ;;      Params:         0       0       0       0       0       0       0       0       0       0       0       0       
      +0       0       0       0
   727 ;;      Locals:         1       0       0       0       0       0       0       0       0       0       0       0       
      +0       0       0       0
   728 ;;      Temps:          0       0       0       0       0       0       0       0       0       0       0       0       
      +0       0       0       0
   729 ;;      Totals:         1       0       0       0       0       0       0       0       0       0       0       0       
      +0       0       0       0
   730 ;;Total ram usage:        1 bytes
   731 ;; Hardware stack levels used:    1
   732 ;; This function calls:
   733 ;;		Nothing
   734 ;; This function is called by:
   735 ;;		_main
   736 ;; This function uses a non-reentrant model
   737 ;;
   738                           
   739                           	psect	text7
   740  01FEBC                     __ptext7:
   741                           	opt stack 0
   742  01FEBC                     _EUSART2_Write:
   743                           	opt stack 30
   744                           
   745                           ; BSR set to: 14
   746                           ;incstack = 0
   747                           ;EUSART2_Write@txData stored from wreg
   748  01FEBC  6E01               	movwf	EUSART2_Write@txData,c
   749  01FEBE                     
   750                           ;eusart2.c: 114: {
   751                           
   752                           ;eusart2.c: 113: while(0 == PIR3bits.TX2IF)
   753  01FEBE  010E               	movlb	14	; () banked
   754  01FEC0  ADCD               	btfss	205,6,b	;volatile
   755  01FEC2  D7FD               	goto	l830
   756                           
   757                           ; BSR set to: 14
   758                           ;eusart2.c: 115: }
   759                           ;eusart2.c: 117: TX2REG = txData;
   760                           
   761                           ; BSR set to: 14
   762  01FEC4  C001  FE9A         	movff	EUSART2_Write@txData,3738	;volatile
   763                           
   764                           ; BSR set to: 14
   765  01FEC8  0012               	return		;funcret
   766  01FECA                     __end_of_EUSART2_Write:
   767                           	opt stack 0
   768                           wreg	equ	0xFE8
   769                           status	equ	0xFD8
   770                           
   771 ;; *************** function _EUSART2_Read *****************
   772 ;; Defined at:
   773 ;;		line 92 in file "mcc_generated_files/eusart2.c"
   774 ;; Parameters:    Size  Location     Type
   775 ;;		None
   776 ;; Auto vars:     Size  Location     Type
   777 ;;		None
   778 ;; Return value:  Size  Location     Type
   779 ;;                  1    wreg      unsigned char 
   780 ;; Registers used:
   781 ;;		wreg, status,2
   782 ;; Tracked objects:
   783 ;;		On entry : 0/0
   784 ;;		On exit  : 0/0
   785 ;;		Unchanged: 0/0
   786 ;; Data sizes:     COMRAM   BANK0   BANK1   BANK2   BANK3   BANK4   BANK5   BANK6   BANK7   BANK8   BANK9  BANK10  BANK1
      +1  BANK12  BANK13  BANK14
   787 ;;      Params:         0       0       0       0       0       0       0       0       0       0       0       0       
      +0       0       0       0
   788 ;;      Locals:         0       0       0       0       0       0       0       0       0       0       0       0       
      +0       0       0       0
   789 ;;      Temps:          0       0       0       0       0       0       0       0       0       0       0       0       
      +0       0       0       0
   790 ;;      Totals:         0       0       0       0       0       0       0       0       0       0       0       0       
      +0       0       0       0
   791 ;;Total ram usage:        0 bytes
   792 ;; Hardware stack levels used:    1
   793 ;; This function calls:
   794 ;;		Nothing
   795 ;; This function is called by:
   796 ;;		_main
   797 ;; This function uses a non-reentrant model
   798 ;;
   799                           
   800                           	psect	text8
   801  01FED8                     __ptext8:
   802                           	opt stack 0
   803  01FED8                     _EUSART2_Read:
   804                           	opt stack 30
   805                           
   806                           ;eusart2.c: 96: {
   807                           
   808                           ;eusart2.c: 95: while(!PIR3bits.RC2IF)
   809                           
   810                           ; BSR set to: 14
   811                           ;incstack = 0
   812  01FED8  010E               	movlb	14	; () banked
   813  01FEDA  AFCD               	btfss	205,7,b	;volatile
   814  01FEDC  D7FD               	goto	_EUSART2_Read
   815                           
   816                           ; BSR set to: 14
   817                           ;eusart2.c: 97: }
   818                           ;eusart2.c: 100: if(1 == RC2STAbits.OERR)
   819  01FEDE  A39D               	btfss	157,1,b	;volatile
   820  01FEE0  D002               	goto	l139
   821                           
   822                           ; BSR set to: 14
   823                           ;eusart2.c: 101: {
   824                           ;eusart2.c: 104: RC2STAbits.SPEN = 0;
   825  01FEE2  9F9D               	bcf	157,7,b	;volatile
   826                           
   827                           ;eusart2.c: 105: RC2STAbits.SPEN = 1;
   828  01FEE4  8F9D               	bsf	157,7,b	;volatile
   829  01FEE6                     l139:
   830                           
   831                           ; BSR set to: 14
   832                           ;eusart2.c: 106: }
   833                           ;eusart2.c: 108: return RC2REG;
   834                           
   835                           ; BSR set to: 14
   836  01FEE6  5199               	movf	153,w,b	;volatile
   837  01FEE8  0012               	return	
   838  01FEEA                     __end_of_EUSART2_Read:
   839                           	opt stack 0
   840  0000                     wreg	equ	0xFE8
   841                           status	equ	0xFD8
   842                           wreg	equ	0xFE8
   843                           status	equ	0xFD8
   844                           
   845                           	psect	rparam
   846  0000                     wreg	equ	0xFE8
   847                           status	equ	0xFD8


Data Sizes:
    Strings     0
    Constant    0
    Data        0
    BSS         0
    Persistent  0
    Stack       0

Auto Spaces:
    Space          Size  Autos    Used
    COMRAM           95      3       3
    BANK0           160      0       0
    BANK1           256      0       0
    BANK2           256      0       0
    BANK3           256      0       0
    BANK4           256      0       0
    BANK5           256      0       0
    BANK6           256      0       0
    BANK7           256      0       0
    BANK8           256      0       0
    BANK9           256      0       0
    BANK10          256      0       0
    BANK11          256      0       0
    BANK12          256      0       0
    BANK13          256      0       0
    BANK14          136      0       0

Pointer List with Targets:

    None.

Critical Paths under _main in COMRAM

    _main->_EUSART2_Write

Critical Paths under _main in BANK0

    None.

Critical Paths under _main in BANK1

    None.

Critical Paths under _main in BANK2

    None.

Critical Paths under _main in BANK3

    None.

Critical Paths under _main in BANK4

    None.

Critical Paths under _main in BANK5

    None.

Critical Paths under _main in BANK6

    None.

Critical Paths under _main in BANK7

    None.

Critical Paths under _main in BANK8

    None.

Critical Paths under _main in BANK9

    None.

Critical Paths under _main in BANK10

    None.

Critical Paths under _main in BANK11

    None.

Critical Paths under _main in BANK12

    None.

Critical Paths under _main in BANK13

    None.

Critical Paths under _main in BANK14

    None.

Call Graph Tables:

 ---------------------------------------------------------------------------------
 (Depth) Function   	        Calls       Base Space   Used Autos Params    Refs
 ---------------------------------------------------------------------------------
 (0) _main                                                 2     2      0      30
                                              1 COMRAM     2     2      0
                 _EUSART2_Initialize
                       _EUSART2_Read
                      _EUSART2_Write
                _EUSART2_is_rx_ready
                  _SYSTEM_Initialize
 ---------------------------------------------------------------------------------
 (1) _SYSTEM_Initialize                                    0     0      0       0
                 _EUSART2_Initialize
              _OSCILLATOR_Initialize
             _PIN_MANAGER_Initialize
                     _PMD_Initialize
 ---------------------------------------------------------------------------------
 (2) _PMD_Initialize                                       0     0      0       0
 ---------------------------------------------------------------------------------
 (2) _PIN_MANAGER_Initialize                               0     0      0       0
 ---------------------------------------------------------------------------------
 (2) _OSCILLATOR_Initialize                                0     0      0       0
 ---------------------------------------------------------------------------------
 (2) _EUSART2_Initialize                                   0     0      0       0
 ---------------------------------------------------------------------------------
 (1) _EUSART2_is_rx_ready                                  0     0      0       0
 ---------------------------------------------------------------------------------
 (1) _EUSART2_Write                                        1     1      0      15
                                              0 COMRAM     1     1      0
 ---------------------------------------------------------------------------------
 (1) _EUSART2_Read                                         0     0      0       0
 ---------------------------------------------------------------------------------
 Estimated maximum stack depth 2
 ---------------------------------------------------------------------------------

 Call Graph Graphs:

 _main (ROOT)
   _EUSART2_Initialize
   _EUSART2_Read
   _EUSART2_Write
   _EUSART2_is_rx_ready
   _SYSTEM_Initialize
     _EUSART2_Initialize
     _OSCILLATOR_Initialize
     _PIN_MANAGER_Initialize
     _PMD_Initialize

 Address spaces:
Name               Size   Autos  Total    Cost      Usage
BITCOMRAM           5F      0       0       0        0.0%
EEDATA             400      0       0       0        0.0%
NULL                 0      0       0       0        0.0%
CODE                 0      0       0       0        0.0%
COMRAM              5F      3       3       1        3.2%
STACK                0      0       0       2        0.0%
DATA                 0      0       0       3        0.0%
BITBANK0            A0      0       0       4        0.0%
BANK0               A0      0       0       5        0.0%
ABS                  0      0       0       6        0.0%
BITBANK1           100      0       0       7        0.0%
BANK1              100      0       0       8        0.0%
BITBANK2           100      0       0       9        0.0%
BANK2              100      0       0      10        0.0%
BITBANK3           100      0       0      11        0.0%
BANK3              100      0       0      12        0.0%
BITBANK4           100      0       0      13        0.0%
BANK4              100      0       0      14        0.0%
BITBANK5           100      0       0      15        0.0%
BANK5              100      0       0      16        0.0%
BITBANK6           100      0       0      17        0.0%
BANK6              100      0       0      18        0.0%
BITBANK7           100      0       0      19        0.0%
BANK7              100      0       0      20        0.0%
BITBANK8           100      0       0      21        0.0%
BANK8              100      0       0      22        0.0%
BITBANK9           100      0       0      23        0.0%
BANK9              100      0       0      24        0.0%
BITBANK10          100      0       0      25        0.0%
BANK10             100      0       0      26        0.0%
BITBANK11          100      0       0      27        0.0%
BANK11             100      0       0      28        0.0%
BITBANK12          100      0       0      29        0.0%
BANK12             100      0       0      30        0.0%
BITBANK13          100      0       0      31        0.0%
BANK13             100      0       0      32        0.0%
BITBANK14           88      0       0      33        0.0%
BANK14              88      0       0      34        0.0%
BIGRAM             E87      0       0      35        0.0%
BITSFR_2             0      0       0     200        0.0%
SFR_2                0      0       0     200        0.0%
BITSFR_1             0      0       0     200        0.0%
SFR_1                0      0       0     200        0.0%
BITSFR               0      0       0     200        0.0%
SFR                  0      0       0     200        0.0%


Microchip Technology PIC18 Macro Assembler V1.45 build -152302408 
Symbol Table                                                                                   Fri Apr 20 11:11:52 2018

                    __CFG_CP$OFF 000000                               u10 FED4  
                             u97 FF58                      __CFG_LVP$ON 000000  
                            l170 FF7A                              l139 FEE6  
                            l165 FF62                              l166 FF52  
                            l830 FEBE                              u107 FF86  
                   __CFG_CPD$OFF 000000          __size_of_PMD_Initialize 001C  
                            wreg 000FE8                     __CFG_ZCD$OFF 000000  
                           _LATA 000F83                             _LATB 000F84  
                           _LATC 000F85                             _LATD 000F86  
                           _LATE 000F87                             _PMD0 000EE1  
                           _PMD1 000EE2                             _PMD2 000EE3  
                           _PMD3 000EE4                             _PMD4 000EE5  
                           _PMD5 000EE6                             _WPUA 000F10  
                           _WPUB 000F18                             _WPUC 000F20  
                           _WPUD 000F25                             _WPUE 000F2D  
                  __CFG_FCMEN$ON 000000                    _EUSART2_Write FEBC  
                           _main FF48                    ?_EUSART2_Read 0001  
                           start 0000                    __CFG_CSWEN$ON 000000  
                   ___param_bank 000000                    __CFG_SCANE$ON 000000  
 __size_of_OSCILLATOR_Initialize 0018    __end_of_OSCILLATOR_Initialize FF2C  
                          ?_main 0001                    __CFG_WDTE$OFF 000000  
                 __CFG_DEBUG$OFF 000000                            _OSCEN 000EDC  
                          _TRISA 000F88                            _TRISB 000F89  
                          _TRISC 000F8A                            _TRISD 000F8B  
                          _TRISE 000F8C                    __CFG_WRT0$OFF 000000  
                  __CFG_WRT1$OFF 000000                    __CFG_WRT2$OFF 000000  
                  __CFG_WRT3$OFF 000000                    __CFG_WRT4$OFF 000000  
                  __CFG_WRT5$OFF 000000                    __CFG_WRT6$OFF 000000  
                  __CFG_WRT7$OFF 000000                   __CFG_EBTR0$OFF 000000  
                 __CFG_EBTR1$OFF 000000                   __CFG_EBTR2$OFF 000000  
                 __CFG_EBTR3$OFF 000000                   __CFG_EBTR4$OFF 000000  
                 __CFG_EBTR5$OFF 000000                   __CFG_EBTR6$OFF 000000  
                 __CFG_EBTR7$OFF 000000                    __CFG_WRTB$OFF 000000  
                  __CFG_WRTC$OFF 000000                    __CFG_WRTD$OFF 000000  
                 __CFG_EBTRB$OFF 000000               __CFG_MCLRE$EXTMCLR 000000  
                 ?_EUSART2_Write 0001                   ??_EUSART2_Read 0001  
                          status 000FD8                  __initialization FEB6  
                   __end_of_main FF92                           ??_main 0002  
                  __activetblptr 000000       __end_of_EUSART2_Initialize FF14  
                         _ANSELA 000F11                           _ANSELB 000F19  
                         _ANSELC 000F21                           _ANSELD 000F26  
                         _ANSELE 000F2E                           _RC2REG 000E99  
                         _RC2STA 000E9D                           _RD3PPS 000F02  
                         _ODCONA 000F0F                           _ODCONB 000F17  
                         _ODCONC 000F1F                           _ODCOND 000F24  
                         _ODCONE 000F2C                   __CFG_WDTCCS$SC 000000  
                         _OSCFRQ 000EDE                           _TX2REG 000E9A  
                         _TX2STA 000E9E                   __CFG_PWRTE$OFF 000000  
                 __CFG_XINST$OFF 000000        __CFG_RSTOSC$HFINTOSC_1MHZ 000000  
                 __CFG_STVREN$ON 000000                   _PMD_Initialize FF2C  
                ??_EUSART2_Write 0001     __size_of_EUSART2_is_rx_ready 000E  
              _SYSTEM_Initialize FEEA                       __accesstop 0060  
        __end_of__initialization FEB6               ?_SYSTEM_Initialize 0001  
                  ___rparam_used 000001                   __pcstackCOMRAM 0001  
            ??_SYSTEM_Initialize 0001           __end_of_PMD_Initialize FF48  
           __end_of_EUSART2_Read FEEA        __end_of_SYSTEM_Initialize FEFC  
                __CFG_PPS1WAY$ON 000000                  ?_PMD_Initialize 0001  
                        _SP2BRGH 000E9C                          _SP2BRGL 000E9B  
                        _OSCCON1 000ED8                          _OSCCON3 000EDA  
                        _OSCTUNE 000EDD                          __Hparam 0000  
                        __Lparam 0000                          __pcinit FEB6  
                        __ramtop 0F00                          __ptext0 FF48  
                        __ptext1 FEEA                          __ptext2 FF2C  
                        __ptext3 FF92                          __ptext4 FF14  
                        __ptext5 FEFC                          __ptext6 FECA  
                        __ptext7 FEBC                          __ptext8 FED8  
          _OSCILLATOR_Initialize FF14         ??_PIN_MANAGER_Initialize 0001  
     __size_of_SYSTEM_Initialize 0012                          main@rec 0003  
           end_of_initialization FEB6               _EUSART2_Initialize FEFC  
          __size_of_EUSART2_Read 0012            __CFG_WDTCPS$WDTCPS_31 000000  
            ?_EUSART2_Initialize 0001              _EUSART2_is_rx_ready FECA  
               __CFG_FEXTOSC$OFF 000000             ??_EUSART2_Initialize 0001  
           ?_EUSART2_is_rx_ready 0001                     _EUSART2_Read FED8  
         ?_OSCILLATOR_Initialize 0001              start_initialization FEB6  
__size_of_PIN_MANAGER_Initialize 006E            ??_EUSART2_is_rx_ready 0001  
          __end_of_EUSART2_Write FECA                 __CFG_LPBOREN$OFF 000000  
               ??_PMD_Initialize 0001              EUSART2_Write@txData 0001  
         _PIN_MANAGER_Initialize FF92                         _BAUD2CON 000E9F  
                       _LATAbits 000F83              __CFG_BORV$VBOR_2P45 000000  
                       _PIR3bits 000ECD                         __Hrparam 0000  
                       __Lrparam 0000               __CFG_BOREN$SBORDIS 000000  
        ??_OSCILLATOR_Initialize 0001      __size_of_EUSART2_Initialize 0018  
                  __size_of_main 004A             __CFG_WDTCWS$WDTCWS_7 000000  
                     _RC2STAbits 000E9D      __end_of_EUSART2_is_rx_ready FED8  
        ?_PIN_MANAGER_Initialize 0001                __CFG_CLKOUTEN$OFF 000000  
         __size_of_EUSART2_Write 000E                       _RX2PPSbits 000E8D  
                     _TX2STAbits 000E9E   __end_of_PIN_MANAGER_Initialize 0000  
