ARM GAS  C:\Users\Jacob\AppData\Local\Temp\ccKVY4Eg.s 			page 1


   1              		.syntax unified
   2              		.cpu cortex-m0
   3              		.fpu softvfp
   4              		.eabi_attribute 20, 1
   5              		.eabi_attribute 21, 1
   6              		.eabi_attribute 23, 3
   7              		.eabi_attribute 24, 1
   8              		.eabi_attribute 25, 1
   9              		.eabi_attribute 26, 1
  10              		.eabi_attribute 30, 1
  11              		.eabi_attribute 34, 0
  12              		.eabi_attribute 18, 4
  13              		.thumb
  14              		.syntax unified
  15              		.file	"main.c"
  16              		.text
  17              	.Ltext0:
  18              		.cfi_sections	.debug_frame
  19              		.global	__aeabi_d2iz
  20              		.section	.text.main,"ax",%progbits
  21              		.align	2
  22              		.global	main
  23              		.code	16
  24              		.thumb_func
  25              		.type	main, %function
  26              	main:
  27              	.LFB36:
  28              		.file 1 "main.c"
   1:main.c        **** /******************************************************************************
   2:main.c        **** * Project Name		: USB-UART-EGR
   3:main.c        **** * File Name			: main.c
   4:main.c        **** * Version 			: 1.1 (Updated by Dr. Jordan)
   5:main.c        **** * Device Used		: CY8C4245AXI-483
   6:main.c        **** * Software Used		: PSoC Creator 3.0 SP1
   7:main.c        **** * Compiler    		: ARMGCC 4.4.1
   8:main.c        **** * Related Hardware	: CY8CKIT-042 PSoC 4 Pioneer Kit 
   9:main.c        **** *
  10:main.c        **** *
  11:main.c        **** ******************************************************************************
  12:main.c        **** *                           THEORY OF OPERATION
  13:main.c        **** * This project demonstrates UART communication over the kit USB-UART Bridge. 
  14:main.c        **** * The project uses the SCB based UART component which stores the users input in an
  15:main.c        **** * array. when the user press the return key the PSoC will send what has be in the 
  16:main.c        **** * array, then clears the array and sets the pointer back to o.
  17:main.c        **** * 
  18:main.c        **** * UART is configured with
  19:main.c        **** * UART Basic
  20:main.c        **** * 	Mode: Standard
  21:main.c        **** * 	Direction: TX+RX
  22:main.c        **** * 	Baud rate (kbps): 9600
  23:main.c        **** * 	Data bits: 8 bits
  24:main.c        **** * 	Parity: None
  25:main.c        **** * 	Stop bits: 1 bit
  26:main.c        **** * 	Physical connections needed:
  27:main.c        **** * 	Jumper between P0[5] and PSoC 5LP Header J8 P12[6]
  28:main.c        **** * UART Advanced
  29:main.c        **** * 	RX buffer size: 8
ARM GAS  C:\Users\Jacob\AppData\Local\Temp\ccKVY4Eg.s 			page 2


  30:main.c        **** * 	TX buffer size: 8
  31:main.c        **** * 	Interrupt: None
  32:main.c        **** *
  33:main.c        **** * Physical Connetion
  34:main.c        **** * Connect jumper wire from the UART RX (P0[4]) of PSoC 4 to J8_10 (P12[7]) of PSoC 5LP
  35:main.c        **** * Connect jumper wire from the UART TX (P0[5]) of PSoC 4 to J8_9 (P12[6]) of PSoC 5LP
  36:main.c        **** * ******************************************************************************/ 
  37:main.c        **** #include <project.h>
  38:main.c        **** #include <stdio.h>
  39:main.c        **** #include <stdlib.h>     // contains strtod(), which converts an ASCII string to a double
  40:main.c        **** #include <string.h>
  41:main.c        **** #include <stdbool.h>
  42:main.c        **** #include <ctype.h>
  43:main.c        **** 
  44:main.c        **** int main()
  45:main.c        **** {
  29              		.loc 1 45 0
  30              		.cfi_startproc
  31              		@ args = 0, pretend = 0, frame = 200
  32              		@ frame_needed = 0, uses_anonymous_args = 0
  33 0000 F0B5     		push	{r4, r5, r6, r7, lr}
  34              		.cfi_def_cfa_offset 20
  35              		.cfi_offset 4, -20
  36              		.cfi_offset 5, -16
  37              		.cfi_offset 6, -12
  38              		.cfi_offset 7, -8
  39              		.cfi_offset 14, -4
  40 0002 4746     		mov	r7, r8
  41 0004 80B4     		push	{r7}
  42              		.cfi_def_cfa_offset 24
  43              		.cfi_offset 8, -24
  44 0006 B2B0     		sub	sp, sp, #200
  45              		.cfi_def_cfa_offset 224
  46              	.LVL0:
  46:main.c        ****     char rxbuffer1[100];                 // UART receive buffer
  47:main.c        ****     int rxindex1;                        // UART receive buffer index
  48:main.c        ****     char rxbuffer2[100];                 // UART receive buffer
  49:main.c        ****     int rxindex2;  
  50:main.c        ****     
  51:main.c        ****     double number;                      // floating-point number
  52:main.c        ****        int numRows=0;
  53:main.c        ****    int numCols=0;
  54:main.c        ****     
  55:main.c        ****    int i=1;
  56:main.c        ****    int j =1;
  57:main.c        ****    char c='A';
  58:main.c        ****     
  59:main.c        ****     
  60:main.c        ****     uint8 ch1;                           // variable to hold received character
  61:main.c        ****     uint8 ch2;
  62:main.c        ****     
  63:main.c        ****     // initialize and clear rxbuffer
  64:main.c        ****     for( rxindex1 = 0; rxindex1 < 100; rxindex1++ ) {
  47              		.loc 1 64 0
  48 0008 0023     		movs	r3, #0
  49 000a 03E0     		b	.L2
  50              	.LVL1:
ARM GAS  C:\Users\Jacob\AppData\Local\Temp\ccKVY4Eg.s 			page 3


  51              	.L3:
  65:main.c        ****         rxbuffer1[rxindex1] = 0u;
  52              		.loc 1 65 0 discriminator 3
  53 000c 0021     		movs	r1, #0
  54 000e 19AA     		add	r2, sp, #100
  55 0010 D154     		strb	r1, [r2, r3]
  64:main.c        ****         rxbuffer1[rxindex1] = 0u;
  56              		.loc 1 64 0 discriminator 3
  57 0012 0133     		adds	r3, r3, #1
  58              	.LVL2:
  59              	.L2:
  64:main.c        ****         rxbuffer1[rxindex1] = 0u;
  60              		.loc 1 64 0 is_stmt 0 discriminator 1
  61 0014 632B     		cmp	r3, #99
  62 0016 F9DD     		ble	.L3
  63 0018 0023     		movs	r3, #0
  64              	.LVL3:
  65 001a 03E0     		b	.L4
  66              	.LVL4:
  67              	.L5:
  66:main.c        ****     }
  67:main.c        ****     rxindex1 = 0;                        // initialize rxindex
  68:main.c        ****         // initialize and clear rxbuffer
  69:main.c        ****     for( rxindex2 = 0; rxindex2 < 100; rxindex2++ ) {
  70:main.c        ****         rxbuffer2[rxindex2] = 0u;
  68              		.loc 1 70 0 is_stmt 1 discriminator 3
  69 001c 0022     		movs	r2, #0
  70 001e 6946     		mov	r1, sp
  71 0020 CA54     		strb	r2, [r1, r3]
  69:main.c        ****         rxbuffer2[rxindex2] = 0u;
  72              		.loc 1 69 0 discriminator 3
  73 0022 0133     		adds	r3, r3, #1
  74              	.LVL5:
  75              	.L4:
  69:main.c        ****         rxbuffer2[rxindex2] = 0u;
  76              		.loc 1 69 0 is_stmt 0 discriminator 1
  77 0024 632B     		cmp	r3, #99
  78 0026 F9DD     		ble	.L5
  79              	.LVL6:
  71:main.c        ****     }
  72:main.c        ****     rxindex2 = 0; 
  73:main.c        ****    
  74:main.c        ****     uart_Start();  // start UART
  80              		.loc 1 74 0 is_stmt 1
  81 0028 FFF7FEFF 		bl	uart_Start
  82              	.LVL7:
  75:main.c        ****     
  76:main.c        ****     // printf( "COM OPEN!\n" );
  77:main.c        **** 	uart_PutString( "COM OPEN!\n" );// display initialization string
  83              		.loc 1 77 0
  84 002c 2B48     		ldr	r0, .L16
  85 002e FFF7FEFF 		bl	uart_PutString
  86              	.LVL8:
  78:main.c        **** 	
  79:main.c        ****     // printf( "Type a number: " );
  80:main.c        ****     uart_PutString( "Type a number: " );
  87              		.loc 1 80 0
ARM GAS  C:\Users\Jacob\AppData\Local\Temp\ccKVY4Eg.s 			page 4


  88 0032 2B48     		ldr	r0, .L16+4
  89 0034 FFF7FEFF 		bl	uart_PutString
  90              	.LVL9:
  67:main.c        ****         // initialize and clear rxbuffer
  91              		.loc 1 67 0
  92 0038 0026     		movs	r6, #0
  81:main.c        ****     
  82:main.c        ****     // read string until the user presses return
  83:main.c        ****     // scanf( "%s", rxbuffer );
  84:main.c        ****     while( ch1 != '\r' ) {
  93              		.loc 1 84 0
  94 003a 09E0     		b	.L6
  95              	.LVL10:
  96              	.L8:
  85:main.c        ****         ch1 = uart_GetChar();        // get the next character
  97              		.loc 1 85 0
  98 003c FFF7FEFF 		bl	uart_GetChar
  99              	.LVL11:
 100 0040 0500     		movs	r5, r0
 101              	.LVL12:
  86:main.c        ****         
  87:main.c        ****         if( ch1 != '\r' && ch1 != 0u ) {  // if the character is not a return or null
 102              		.loc 1 87 0
 103 0042 0D28     		cmp	r0, #13
 104 0044 04D0     		beq	.L6
 105              		.loc 1 87 0 is_stmt 0 discriminator 1
 106 0046 0028     		cmp	r0, #0
 107 0048 02D0     		beq	.L6
  88:main.c        ****             rxbuffer1[rxindex1] = ch1;     // store it in the rxbuffer string
 108              		.loc 1 88 0 is_stmt 1
 109 004a 19AB     		add	r3, sp, #100
 110 004c 9855     		strb	r0, [r3, r6]
  89:main.c        ****             rxindex1++;                  // increment the rxbuffer index
 111              		.loc 1 89 0
 112 004e 0136     		adds	r6, r6, #1
 113              	.LVL13:
 114              	.L6:
  84:main.c        ****         ch1 = uart_GetChar();        // get the next character
 115              		.loc 1 84 0
 116 0050 0D2D     		cmp	r5, #13
 117 0052 F3D1     		bne	.L8
  90:main.c        ****         }
  91:main.c        ****     }
  92:main.c        **** 
  93:main.c        ****     uart_PutString( "Type a number: " );
 118              		.loc 1 93 0
 119 0054 2248     		ldr	r0, .L16+4
 120 0056 FFF7FEFF 		bl	uart_PutString
 121              	.LVL14:
  72:main.c        ****    
 122              		.loc 1 72 0
 123 005a 0025     		movs	r5, #0
 124              	.LVL15:
  94:main.c        ****        
  95:main.c        ****     while( ch2 != '\r' ) {
 125              		.loc 1 95 0
 126 005c 09E0     		b	.L9
ARM GAS  C:\Users\Jacob\AppData\Local\Temp\ccKVY4Eg.s 			page 5


 127              	.LVL16:
 128              	.L11:
  96:main.c        ****         ch2 = uart_GetChar();        // get the next character
 129              		.loc 1 96 0
 130 005e FFF7FEFF 		bl	uart_GetChar
 131              	.LVL17:
 132 0062 0400     		movs	r4, r0
 133              	.LVL18:
  97:main.c        ****         
  98:main.c        ****         if( ch2 != '\r' && ch2 != 0u ) {  // if the character is not a return or null
 134              		.loc 1 98 0
 135 0064 0D28     		cmp	r0, #13
 136 0066 04D0     		beq	.L9
 137              		.loc 1 98 0 is_stmt 0 discriminator 1
 138 0068 0028     		cmp	r0, #0
 139 006a 02D0     		beq	.L9
  99:main.c        ****             rxbuffer2[rxindex2] = ch2;     // store it in the rxbuffer string
 140              		.loc 1 99 0 is_stmt 1
 141 006c 6B46     		mov	r3, sp
 142 006e 5855     		strb	r0, [r3, r5]
 100:main.c        ****             rxindex2++;                  // increment the rxbuffer index
 143              		.loc 1 100 0
 144 0070 0135     		adds	r5, r5, #1
 145              	.LVL19:
 146              	.L9:
  95:main.c        ****         ch2 = uart_GetChar();        // get the next character
 147              		.loc 1 95 0
 148 0072 0D2C     		cmp	r4, #13
 149 0074 F3D1     		bne	.L11
 101:main.c        ****         }
 102:main.c        ****     }
 103:main.c        ****     uart_PutChar('\n');
 150              		.loc 1 103 0
 151 0076 0A20     		movs	r0, #10
 152 0078 FFF7FEFF 		bl	uart_PutChar
 153              	.LVL20:
 104:main.c        ****     
 105:main.c        ****     numRows = strtod(rxbuffer1,0);
 154              		.loc 1 105 0
 155 007c 0021     		movs	r1, #0
 156 007e 19A8     		add	r0, sp, #100
 157 0080 FFF7FEFF 		bl	strtod
 158              	.LVL21:
 159 0084 FFF7FEFF 		bl	__aeabi_d2iz
 160              	.LVL22:
 161 0088 8046     		mov	r8, r0
 162              	.LVL23:
 106:main.c        ****     numCols = strtod(rxbuffer2, 0);
 163              		.loc 1 106 0
 164 008a 0021     		movs	r1, #0
 165 008c 6846     		mov	r0, sp
 166              	.LVL24:
 167 008e FFF7FEFF 		bl	strtod
 168              	.LVL25:
 169 0092 FFF7FEFF 		bl	__aeabi_d2iz
 170              	.LVL26:
 171 0096 0700     		movs	r7, r0
ARM GAS  C:\Users\Jacob\AppData\Local\Temp\ccKVY4Eg.s 			page 6


 172              	.LVL27:
  55:main.c        ****    int j =1;
 173              		.loc 1 55 0
 174 0098 0126     		movs	r6, #1
 175              	.LVL28:
 107:main.c        ****     
 108:main.c        ****     // output the float as a string and store it in rxbuffer
 109:main.c        ****     // NOTE: In order to properly output doubles, you must enable them in the compiler
 110:main.c        ****     // See http://www.cypress.com/?id=4&rID=87354 for more details
 111:main.c        **** 
 112:main.c        ****    while(i <= numRows){
 176              		.loc 1 112 0
 177 009a 11E0     		b	.L12
 178              	.LVL29:
 179              	.L13:
 113:main.c        ****       while(j <= numCols){
 114:main.c        ****          sprintf( rxbuffer1, "%d%c ", i, c );
 180              		.loc 1 114 0
 181 009c 2300     		movs	r3, r4
 182 009e 3200     		movs	r2, r6
 183 00a0 1049     		ldr	r1, .L16+8
 184 00a2 19A8     		add	r0, sp, #100
 185 00a4 FFF7FEFF 		bl	sprintf
 186              	.LVL30:
 115:main.c        ****          uart_PutString(rxbuffer1);
 187              		.loc 1 115 0
 188 00a8 19A8     		add	r0, sp, #100
 189 00aa FFF7FEFF 		bl	uart_PutString
 190              	.LVL31:
 116:main.c        ****          j++;
 191              		.loc 1 116 0
 192 00ae 0135     		adds	r5, r5, #1
 193              	.LVL32:
 117:main.c        ****          ++c;
 194              		.loc 1 117 0
 195 00b0 0134     		adds	r4, r4, #1
 196              	.LVL33:
 197 00b2 E4B2     		uxtb	r4, r4
 198              	.LVL34:
 199 00b4 01E0     		b	.L14
 200              	.LVL35:
 201              	.L15:
 202 00b6 4124     		movs	r4, #65
 203 00b8 0125     		movs	r5, #1
 204              	.LVL36:
 205              	.L14:
 113:main.c        ****          sprintf( rxbuffer1, "%d%c ", i, c );
 206              		.loc 1 113 0
 207 00ba BD42     		cmp	r5, r7
 208 00bc EEDD     		ble	.L13
 118:main.c        ****       }
 119:main.c        ****       i++;
 209              		.loc 1 119 0
 210 00be 0136     		adds	r6, r6, #1
 211              	.LVL37:
 212              	.L12:
 112:main.c        ****       while(j <= numCols){
ARM GAS  C:\Users\Jacob\AppData\Local\Temp\ccKVY4Eg.s 			page 7


 213              		.loc 1 112 0
 214 00c0 4645     		cmp	r6, r8
 215 00c2 F8DD     		ble	.L15
 120:main.c        ****       j=1;
 121:main.c        ****       c='A';
 122:main.c        ****    }
 123:main.c        ****     //sprintf( rxbuffer, "%d%c ", i, c );
 124:main.c        ****     
 125:main.c        ****     // output the new string to the UART
 126:main.c        ****     // printf( "\n%s\n", rxbuffer );
 127:main.c        ****     uart_PutChar('\n');
 216              		.loc 1 127 0
 217 00c4 0A20     		movs	r0, #10
 218 00c6 FFF7FEFF 		bl	uart_PutChar
 219              	.LVL38:
 128:main.c        ****     uart_PutChar('\n');
 220              		.loc 1 128 0
 221 00ca 0A20     		movs	r0, #10
 222 00cc FFF7FEFF 		bl	uart_PutChar
 223              	.LVL39:
 129:main.c        ****     
 130:main.c        ****     return 0;
 131:main.c        **** }
 224              		.loc 1 131 0
 225 00d0 0020     		movs	r0, #0
 226 00d2 32B0     		add	sp, sp, #200
 227              		@ sp needed
 228              	.LVL40:
 229              	.LVL41:
 230              	.LVL42:
 231 00d4 04BC     		pop	{r2}
 232 00d6 9046     		mov	r8, r2
 233 00d8 F0BD     		pop	{r4, r5, r6, r7, pc}
 234              	.L17:
 235 00da C046     		.align	2
 236              	.L16:
 237 00dc 00000000 		.word	.LC0
 238 00e0 0C000000 		.word	.LC2
 239 00e4 1C000000 		.word	.LC4
 240              		.cfi_endproc
 241              	.LFE36:
 242              		.size	main, .-main
 243              		.section	.rodata.str1.4,"aMS",%progbits,1
 244              		.align	2
 245              	.LC0:
 246 0000 434F4D20 		.ascii	"COM OPEN!\012\000"
 246      4F50454E 
 246      210A00
 247 000b 00       		.space	1
 248              	.LC2:
 249 000c 54797065 		.ascii	"Type a number: \000"
 249      2061206E 
 249      756D6265 
 249      723A2000 
 250              	.LC4:
 251 001c 25642563 		.ascii	"%d%c \000"
 251      2000
ARM GAS  C:\Users\Jacob\AppData\Local\Temp\ccKVY4Eg.s 			page 8


 252              		.text
 253              	.Letext0:
 254              		.file 2 "Generated_Source\\PSoC4/uart.h"
 255              		.file 3 "c:\\program files (x86)\\cypress\\psoc creator\\4.1\\psoc creator\\import\\gnu\\arm\\5.4.
 256              		.file 4 "c:\\program files (x86)\\cypress\\psoc creator\\4.1\\psoc creator\\import\\gnu\\arm\\5.4.
 257              		.file 5 "Generated_Source\\PSoC4/cytypes.h"
 258              		.section	.debug_info,"",%progbits
 259              	.Ldebug_info0:
 260 0000 B4020000 		.4byte	0x2b4
 261 0004 0400     		.2byte	0x4
 262 0006 00000000 		.4byte	.Ldebug_abbrev0
 263 000a 04       		.byte	0x4
 264 000b 01       		.uleb128 0x1
 265 000c 00010000 		.4byte	.LASF26
 266 0010 0C       		.byte	0xc
 267 0011 A5010000 		.4byte	.LASF27
 268 0015 0B000000 		.4byte	.LASF28
 269 0019 00000000 		.4byte	.Ldebug_ranges0+0
 270 001d 00000000 		.4byte	0
 271 0021 00000000 		.4byte	.Ldebug_line0
 272 0025 02       		.uleb128 0x2
 273 0026 01       		.byte	0x1
 274 0027 06       		.byte	0x6
 275 0028 6E000000 		.4byte	.LASF0
 276 002c 02       		.uleb128 0x2
 277 002d 01       		.byte	0x1
 278 002e 08       		.byte	0x8
 279 002f 7A000000 		.4byte	.LASF1
 280 0033 02       		.uleb128 0x2
 281 0034 02       		.byte	0x2
 282 0035 05       		.byte	0x5
 283 0036 C6000000 		.4byte	.LASF2
 284 003a 02       		.uleb128 0x2
 285 003b 02       		.byte	0x2
 286 003c 07       		.byte	0x7
 287 003d 9A000000 		.4byte	.LASF3
 288 0041 02       		.uleb128 0x2
 289 0042 04       		.byte	0x4
 290 0043 05       		.byte	0x5
 291 0044 C2010000 		.4byte	.LASF4
 292 0048 02       		.uleb128 0x2
 293 0049 04       		.byte	0x4
 294 004a 07       		.byte	0x7
 295 004b 88000000 		.4byte	.LASF5
 296 004f 02       		.uleb128 0x2
 297 0050 08       		.byte	0x8
 298 0051 05       		.byte	0x5
 299 0052 97010000 		.4byte	.LASF6
 300 0056 02       		.uleb128 0x2
 301 0057 08       		.byte	0x8
 302 0058 07       		.byte	0x7
 303 0059 E9000000 		.4byte	.LASF7
 304 005d 03       		.uleb128 0x3
 305 005e 04       		.byte	0x4
 306 005f 05       		.byte	0x5
 307 0060 696E7400 		.ascii	"int\000"
 308 0064 02       		.uleb128 0x2
ARM GAS  C:\Users\Jacob\AppData\Local\Temp\ccKVY4Eg.s 			page 9


 309 0065 04       		.byte	0x4
 310 0066 07       		.byte	0x7
 311 0067 DC000000 		.4byte	.LASF8
 312 006b 04       		.uleb128 0x4
 313 006c 62000000 		.4byte	.LASF29
 314 0070 05       		.byte	0x5
 315 0071 D201     		.2byte	0x1d2
 316 0073 2C000000 		.4byte	0x2c
 317 0077 02       		.uleb128 0x2
 318 0078 04       		.byte	0x4
 319 0079 04       		.byte	0x4
 320 007a 68000000 		.4byte	.LASF9
 321 007e 02       		.uleb128 0x2
 322 007f 08       		.byte	0x8
 323 0080 04       		.byte	0x4
 324 0081 BF000000 		.4byte	.LASF10
 325 0085 02       		.uleb128 0x2
 326 0086 01       		.byte	0x1
 327 0087 08       		.byte	0x8
 328 0088 AC010000 		.4byte	.LASF11
 329 008c 02       		.uleb128 0x2
 330 008d 08       		.byte	0x8
 331 008e 04       		.byte	0x4
 332 008f D5010000 		.4byte	.LASF12
 333 0093 02       		.uleb128 0x2
 334 0094 04       		.byte	0x4
 335 0095 07       		.byte	0x7
 336 0096 8E010000 		.4byte	.LASF13
 337 009a 05       		.uleb128 0x5
 338 009b D7000000 		.4byte	.LASF30
 339 009f 01       		.byte	0x1
 340 00a0 2C       		.byte	0x2c
 341 00a1 5D000000 		.4byte	0x5d
 342 00a5 00000000 		.4byte	.LFB36
 343 00a9 E8000000 		.4byte	.LFE36-.LFB36
 344 00ad 01       		.uleb128 0x1
 345 00ae 9C       		.byte	0x9c
 346 00af 65020000 		.4byte	0x265
 347 00b3 06       		.uleb128 0x6
 348 00b4 CB010000 		.4byte	.LASF14
 349 00b8 01       		.byte	0x1
 350 00b9 2E       		.byte	0x2e
 351 00ba 65020000 		.4byte	0x265
 352 00be 03       		.uleb128 0x3
 353 00bf 91       		.byte	0x91
 354 00c0 847F     		.sleb128 -124
 355 00c2 07       		.uleb128 0x7
 356 00c3 AD000000 		.4byte	.LASF15
 357 00c7 01       		.byte	0x1
 358 00c8 2F       		.byte	0x2f
 359 00c9 5D000000 		.4byte	0x5d
 360 00cd 00000000 		.4byte	.LLST0
 361 00d1 06       		.uleb128 0x6
 362 00d2 B1010000 		.4byte	.LASF16
 363 00d6 01       		.byte	0x1
 364 00d7 30       		.byte	0x30
 365 00d8 65020000 		.4byte	0x265
ARM GAS  C:\Users\Jacob\AppData\Local\Temp\ccKVY4Eg.s 			page 10


 366 00dc 03       		.uleb128 0x3
 367 00dd 91       		.byte	0x91
 368 00de A07E     		.sleb128 -224
 369 00e0 07       		.uleb128 0x7
 370 00e1 B6000000 		.4byte	.LASF17
 371 00e5 01       		.byte	0x1
 372 00e6 31       		.byte	0x31
 373 00e7 5D000000 		.4byte	0x5d
 374 00eb 2A000000 		.4byte	.LLST1
 375 00ef 08       		.uleb128 0x8
 376 00f0 BB010000 		.4byte	.LASF31
 377 00f4 01       		.byte	0x1
 378 00f5 33       		.byte	0x33
 379 00f6 7E000000 		.4byte	0x7e
 380 00fa 07       		.uleb128 0x7
 381 00fb EE010000 		.4byte	.LASF18
 382 00ff 01       		.byte	0x1
 383 0100 34       		.byte	0x34
 384 0101 5D000000 		.4byte	0x5d
 385 0105 54000000 		.4byte	.LLST2
 386 0109 07       		.uleb128 0x7
 387 010a F6010000 		.4byte	.LASF19
 388 010e 01       		.byte	0x1
 389 010f 35       		.byte	0x35
 390 0110 5D000000 		.4byte	0x5d
 391 0114 7E000000 		.4byte	.LLST3
 392 0118 09       		.uleb128 0x9
 393 0119 6900     		.ascii	"i\000"
 394 011b 01       		.byte	0x1
 395 011c 37       		.byte	0x37
 396 011d 5D000000 		.4byte	0x5d
 397 0121 A8000000 		.4byte	.LLST4
 398 0125 09       		.uleb128 0x9
 399 0126 6A00     		.ascii	"j\000"
 400 0128 01       		.byte	0x1
 401 0129 38       		.byte	0x38
 402 012a 5D000000 		.4byte	0x5d
 403 012e C7000000 		.4byte	.LLST5
 404 0132 09       		.uleb128 0x9
 405 0133 6300     		.ascii	"c\000"
 406 0135 01       		.byte	0x1
 407 0136 39       		.byte	0x39
 408 0137 85000000 		.4byte	0x85
 409 013b 09010000 		.4byte	.LLST6
 410 013f 09       		.uleb128 0x9
 411 0140 63683100 		.ascii	"ch1\000"
 412 0144 01       		.byte	0x1
 413 0145 3C       		.byte	0x3c
 414 0146 6B000000 		.4byte	0x6b
 415 014a 59010000 		.4byte	.LLST7
 416 014e 09       		.uleb128 0x9
 417 014f 63683200 		.ascii	"ch2\000"
 418 0153 01       		.byte	0x1
 419 0154 3D       		.byte	0x3d
 420 0155 6B000000 		.4byte	0x6b
 421 0159 82010000 		.4byte	.LLST8
 422 015d 0A       		.uleb128 0xa
ARM GAS  C:\Users\Jacob\AppData\Local\Temp\ccKVY4Eg.s 			page 11


 423 015e 2C000000 		.4byte	.LVL7
 424 0162 75020000 		.4byte	0x275
 425 0166 0B       		.uleb128 0xb
 426 0167 32000000 		.4byte	.LVL8
 427 016b 80020000 		.4byte	0x280
 428 016f 7D010000 		.4byte	0x17d
 429 0173 0C       		.uleb128 0xc
 430 0174 01       		.uleb128 0x1
 431 0175 50       		.byte	0x50
 432 0176 05       		.uleb128 0x5
 433 0177 03       		.byte	0x3
 434 0178 00000000 		.4byte	.LC0
 435 017c 00       		.byte	0
 436 017d 0B       		.uleb128 0xb
 437 017e 38000000 		.4byte	.LVL9
 438 0182 80020000 		.4byte	0x280
 439 0186 94010000 		.4byte	0x194
 440 018a 0C       		.uleb128 0xc
 441 018b 01       		.uleb128 0x1
 442 018c 50       		.byte	0x50
 443 018d 05       		.uleb128 0x5
 444 018e 03       		.byte	0x3
 445 018f 0C000000 		.4byte	.LC2
 446 0193 00       		.byte	0
 447 0194 0A       		.uleb128 0xa
 448 0195 40000000 		.4byte	.LVL11
 449 0199 8B020000 		.4byte	0x28b
 450 019d 0B       		.uleb128 0xb
 451 019e 5A000000 		.4byte	.LVL14
 452 01a2 80020000 		.4byte	0x280
 453 01a6 B4010000 		.4byte	0x1b4
 454 01aa 0C       		.uleb128 0xc
 455 01ab 01       		.uleb128 0x1
 456 01ac 50       		.byte	0x50
 457 01ad 05       		.uleb128 0x5
 458 01ae 03       		.byte	0x3
 459 01af 0C000000 		.4byte	.LC2
 460 01b3 00       		.byte	0
 461 01b4 0A       		.uleb128 0xa
 462 01b5 62000000 		.4byte	.LVL17
 463 01b9 8B020000 		.4byte	0x28b
 464 01bd 0B       		.uleb128 0xb
 465 01be 7C000000 		.4byte	.LVL20
 466 01c2 96020000 		.4byte	0x296
 467 01c6 D0010000 		.4byte	0x1d0
 468 01ca 0C       		.uleb128 0xc
 469 01cb 01       		.uleb128 0x1
 470 01cc 50       		.byte	0x50
 471 01cd 01       		.uleb128 0x1
 472 01ce 3A       		.byte	0x3a
 473 01cf 00       		.byte	0
 474 01d0 0B       		.uleb128 0xb
 475 01d1 84000000 		.4byte	.LVL21
 476 01d5 A1020000 		.4byte	0x2a1
 477 01d9 EA010000 		.4byte	0x1ea
 478 01dd 0C       		.uleb128 0xc
 479 01de 01       		.uleb128 0x1
ARM GAS  C:\Users\Jacob\AppData\Local\Temp\ccKVY4Eg.s 			page 12


 480 01df 50       		.byte	0x50
 481 01e0 03       		.uleb128 0x3
 482 01e1 91       		.byte	0x91
 483 01e2 847F     		.sleb128 -124
 484 01e4 0C       		.uleb128 0xc
 485 01e5 01       		.uleb128 0x1
 486 01e6 51       		.byte	0x51
 487 01e7 01       		.uleb128 0x1
 488 01e8 30       		.byte	0x30
 489 01e9 00       		.byte	0
 490 01ea 0B       		.uleb128 0xb
 491 01eb 92000000 		.4byte	.LVL25
 492 01ef A1020000 		.4byte	0x2a1
 493 01f3 03020000 		.4byte	0x203
 494 01f7 0C       		.uleb128 0xc
 495 01f8 01       		.uleb128 0x1
 496 01f9 50       		.byte	0x50
 497 01fa 02       		.uleb128 0x2
 498 01fb 7D       		.byte	0x7d
 499 01fc 00       		.sleb128 0
 500 01fd 0C       		.uleb128 0xc
 501 01fe 01       		.uleb128 0x1
 502 01ff 51       		.byte	0x51
 503 0200 01       		.uleb128 0x1
 504 0201 30       		.byte	0x30
 505 0202 00       		.byte	0
 506 0203 0B       		.uleb128 0xb
 507 0204 A8000000 		.4byte	.LVL30
 508 0208 AC020000 		.4byte	0x2ac
 509 020c 2D020000 		.4byte	0x22d
 510 0210 0C       		.uleb128 0xc
 511 0211 01       		.uleb128 0x1
 512 0212 50       		.byte	0x50
 513 0213 03       		.uleb128 0x3
 514 0214 91       		.byte	0x91
 515 0215 847F     		.sleb128 -124
 516 0217 0C       		.uleb128 0xc
 517 0218 01       		.uleb128 0x1
 518 0219 51       		.byte	0x51
 519 021a 05       		.uleb128 0x5
 520 021b 03       		.byte	0x3
 521 021c 1C000000 		.4byte	.LC4
 522 0220 0C       		.uleb128 0xc
 523 0221 01       		.uleb128 0x1
 524 0222 52       		.byte	0x52
 525 0223 02       		.uleb128 0x2
 526 0224 76       		.byte	0x76
 527 0225 00       		.sleb128 0
 528 0226 0C       		.uleb128 0xc
 529 0227 01       		.uleb128 0x1
 530 0228 53       		.byte	0x53
 531 0229 02       		.uleb128 0x2
 532 022a 74       		.byte	0x74
 533 022b 00       		.sleb128 0
 534 022c 00       		.byte	0
 535 022d 0B       		.uleb128 0xb
 536 022e AE000000 		.4byte	.LVL31
ARM GAS  C:\Users\Jacob\AppData\Local\Temp\ccKVY4Eg.s 			page 13


 537 0232 80020000 		.4byte	0x280
 538 0236 42020000 		.4byte	0x242
 539 023a 0C       		.uleb128 0xc
 540 023b 01       		.uleb128 0x1
 541 023c 50       		.byte	0x50
 542 023d 03       		.uleb128 0x3
 543 023e 91       		.byte	0x91
 544 023f 847F     		.sleb128 -124
 545 0241 00       		.byte	0
 546 0242 0B       		.uleb128 0xb
 547 0243 CA000000 		.4byte	.LVL38
 548 0247 96020000 		.4byte	0x296
 549 024b 55020000 		.4byte	0x255
 550 024f 0C       		.uleb128 0xc
 551 0250 01       		.uleb128 0x1
 552 0251 50       		.byte	0x50
 553 0252 01       		.uleb128 0x1
 554 0253 3A       		.byte	0x3a
 555 0254 00       		.byte	0
 556 0255 0D       		.uleb128 0xd
 557 0256 D0000000 		.4byte	.LVL39
 558 025a 96020000 		.4byte	0x296
 559 025e 0C       		.uleb128 0xc
 560 025f 01       		.uleb128 0x1
 561 0260 50       		.byte	0x50
 562 0261 01       		.uleb128 0x1
 563 0262 3A       		.byte	0x3a
 564 0263 00       		.byte	0
 565 0264 00       		.byte	0
 566 0265 0E       		.uleb128 0xe
 567 0266 85000000 		.4byte	0x85
 568 026a 75020000 		.4byte	0x275
 569 026e 0F       		.uleb128 0xf
 570 026f 93000000 		.4byte	0x93
 571 0273 63       		.byte	0x63
 572 0274 00       		.byte	0
 573 0275 10       		.uleb128 0x10
 574 0276 00000000 		.4byte	.LASF20
 575 027a 00000000 		.4byte	.LASF20
 576 027e 02       		.byte	0x2
 577 027f 54       		.byte	0x54
 578 0280 10       		.uleb128 0x10
 579 0281 46000000 		.4byte	.LASF21
 580 0285 46000000 		.4byte	.LASF21
 581 0289 02       		.byte	0x2
 582 028a 8B       		.byte	0x8b
 583 028b 10       		.uleb128 0x10
 584 028c 55000000 		.4byte	.LASF22
 585 0290 55000000 		.4byte	.LASF22
 586 0294 02       		.byte	0x2
 587 0295 71       		.byte	0x71
 588 0296 10       		.uleb128 0x10
 589 0297 E1010000 		.4byte	.LASF23
 590 029b E1010000 		.4byte	.LASF23
 591 029f 02       		.byte	0x2
 592 02a0 8A       		.byte	0x8a
 593 02a1 10       		.uleb128 0x10
ARM GAS  C:\Users\Jacob\AppData\Local\Temp\ccKVY4Eg.s 			page 14


 594 02a2 D0000000 		.4byte	.LASF24
 595 02a6 D0000000 		.4byte	.LASF24
 596 02aa 03       		.byte	0x3
 597 02ab 97       		.byte	0x97
 598 02ac 10       		.uleb128 0x10
 599 02ad FE010000 		.4byte	.LASF25
 600 02b1 FE010000 		.4byte	.LASF25
 601 02b5 04       		.byte	0x4
 602 02b6 E7       		.byte	0xe7
 603 02b7 00       		.byte	0
 604              		.section	.debug_abbrev,"",%progbits
 605              	.Ldebug_abbrev0:
 606 0000 01       		.uleb128 0x1
 607 0001 11       		.uleb128 0x11
 608 0002 01       		.byte	0x1
 609 0003 25       		.uleb128 0x25
 610 0004 0E       		.uleb128 0xe
 611 0005 13       		.uleb128 0x13
 612 0006 0B       		.uleb128 0xb
 613 0007 03       		.uleb128 0x3
 614 0008 0E       		.uleb128 0xe
 615 0009 1B       		.uleb128 0x1b
 616 000a 0E       		.uleb128 0xe
 617 000b 55       		.uleb128 0x55
 618 000c 17       		.uleb128 0x17
 619 000d 11       		.uleb128 0x11
 620 000e 01       		.uleb128 0x1
 621 000f 10       		.uleb128 0x10
 622 0010 17       		.uleb128 0x17
 623 0011 00       		.byte	0
 624 0012 00       		.byte	0
 625 0013 02       		.uleb128 0x2
 626 0014 24       		.uleb128 0x24
 627 0015 00       		.byte	0
 628 0016 0B       		.uleb128 0xb
 629 0017 0B       		.uleb128 0xb
 630 0018 3E       		.uleb128 0x3e
 631 0019 0B       		.uleb128 0xb
 632 001a 03       		.uleb128 0x3
 633 001b 0E       		.uleb128 0xe
 634 001c 00       		.byte	0
 635 001d 00       		.byte	0
 636 001e 03       		.uleb128 0x3
 637 001f 24       		.uleb128 0x24
 638 0020 00       		.byte	0
 639 0021 0B       		.uleb128 0xb
 640 0022 0B       		.uleb128 0xb
 641 0023 3E       		.uleb128 0x3e
 642 0024 0B       		.uleb128 0xb
 643 0025 03       		.uleb128 0x3
 644 0026 08       		.uleb128 0x8
 645 0027 00       		.byte	0
 646 0028 00       		.byte	0
 647 0029 04       		.uleb128 0x4
 648 002a 16       		.uleb128 0x16
 649 002b 00       		.byte	0
 650 002c 03       		.uleb128 0x3
ARM GAS  C:\Users\Jacob\AppData\Local\Temp\ccKVY4Eg.s 			page 15


 651 002d 0E       		.uleb128 0xe
 652 002e 3A       		.uleb128 0x3a
 653 002f 0B       		.uleb128 0xb
 654 0030 3B       		.uleb128 0x3b
 655 0031 05       		.uleb128 0x5
 656 0032 49       		.uleb128 0x49
 657 0033 13       		.uleb128 0x13
 658 0034 00       		.byte	0
 659 0035 00       		.byte	0
 660 0036 05       		.uleb128 0x5
 661 0037 2E       		.uleb128 0x2e
 662 0038 01       		.byte	0x1
 663 0039 3F       		.uleb128 0x3f
 664 003a 19       		.uleb128 0x19
 665 003b 03       		.uleb128 0x3
 666 003c 0E       		.uleb128 0xe
 667 003d 3A       		.uleb128 0x3a
 668 003e 0B       		.uleb128 0xb
 669 003f 3B       		.uleb128 0x3b
 670 0040 0B       		.uleb128 0xb
 671 0041 49       		.uleb128 0x49
 672 0042 13       		.uleb128 0x13
 673 0043 11       		.uleb128 0x11
 674 0044 01       		.uleb128 0x1
 675 0045 12       		.uleb128 0x12
 676 0046 06       		.uleb128 0x6
 677 0047 40       		.uleb128 0x40
 678 0048 18       		.uleb128 0x18
 679 0049 9642     		.uleb128 0x2116
 680 004b 19       		.uleb128 0x19
 681 004c 01       		.uleb128 0x1
 682 004d 13       		.uleb128 0x13
 683 004e 00       		.byte	0
 684 004f 00       		.byte	0
 685 0050 06       		.uleb128 0x6
 686 0051 34       		.uleb128 0x34
 687 0052 00       		.byte	0
 688 0053 03       		.uleb128 0x3
 689 0054 0E       		.uleb128 0xe
 690 0055 3A       		.uleb128 0x3a
 691 0056 0B       		.uleb128 0xb
 692 0057 3B       		.uleb128 0x3b
 693 0058 0B       		.uleb128 0xb
 694 0059 49       		.uleb128 0x49
 695 005a 13       		.uleb128 0x13
 696 005b 02       		.uleb128 0x2
 697 005c 18       		.uleb128 0x18
 698 005d 00       		.byte	0
 699 005e 00       		.byte	0
 700 005f 07       		.uleb128 0x7
 701 0060 34       		.uleb128 0x34
 702 0061 00       		.byte	0
 703 0062 03       		.uleb128 0x3
 704 0063 0E       		.uleb128 0xe
 705 0064 3A       		.uleb128 0x3a
 706 0065 0B       		.uleb128 0xb
 707 0066 3B       		.uleb128 0x3b
ARM GAS  C:\Users\Jacob\AppData\Local\Temp\ccKVY4Eg.s 			page 16


 708 0067 0B       		.uleb128 0xb
 709 0068 49       		.uleb128 0x49
 710 0069 13       		.uleb128 0x13
 711 006a 02       		.uleb128 0x2
 712 006b 17       		.uleb128 0x17
 713 006c 00       		.byte	0
 714 006d 00       		.byte	0
 715 006e 08       		.uleb128 0x8
 716 006f 34       		.uleb128 0x34
 717 0070 00       		.byte	0
 718 0071 03       		.uleb128 0x3
 719 0072 0E       		.uleb128 0xe
 720 0073 3A       		.uleb128 0x3a
 721 0074 0B       		.uleb128 0xb
 722 0075 3B       		.uleb128 0x3b
 723 0076 0B       		.uleb128 0xb
 724 0077 49       		.uleb128 0x49
 725 0078 13       		.uleb128 0x13
 726 0079 00       		.byte	0
 727 007a 00       		.byte	0
 728 007b 09       		.uleb128 0x9
 729 007c 34       		.uleb128 0x34
 730 007d 00       		.byte	0
 731 007e 03       		.uleb128 0x3
 732 007f 08       		.uleb128 0x8
 733 0080 3A       		.uleb128 0x3a
 734 0081 0B       		.uleb128 0xb
 735 0082 3B       		.uleb128 0x3b
 736 0083 0B       		.uleb128 0xb
 737 0084 49       		.uleb128 0x49
 738 0085 13       		.uleb128 0x13
 739 0086 02       		.uleb128 0x2
 740 0087 17       		.uleb128 0x17
 741 0088 00       		.byte	0
 742 0089 00       		.byte	0
 743 008a 0A       		.uleb128 0xa
 744 008b 898201   		.uleb128 0x4109
 745 008e 00       		.byte	0
 746 008f 11       		.uleb128 0x11
 747 0090 01       		.uleb128 0x1
 748 0091 31       		.uleb128 0x31
 749 0092 13       		.uleb128 0x13
 750 0093 00       		.byte	0
 751 0094 00       		.byte	0
 752 0095 0B       		.uleb128 0xb
 753 0096 898201   		.uleb128 0x4109
 754 0099 01       		.byte	0x1
 755 009a 11       		.uleb128 0x11
 756 009b 01       		.uleb128 0x1
 757 009c 31       		.uleb128 0x31
 758 009d 13       		.uleb128 0x13
 759 009e 01       		.uleb128 0x1
 760 009f 13       		.uleb128 0x13
 761 00a0 00       		.byte	0
 762 00a1 00       		.byte	0
 763 00a2 0C       		.uleb128 0xc
 764 00a3 8A8201   		.uleb128 0x410a
ARM GAS  C:\Users\Jacob\AppData\Local\Temp\ccKVY4Eg.s 			page 17


 765 00a6 00       		.byte	0
 766 00a7 02       		.uleb128 0x2
 767 00a8 18       		.uleb128 0x18
 768 00a9 9142     		.uleb128 0x2111
 769 00ab 18       		.uleb128 0x18
 770 00ac 00       		.byte	0
 771 00ad 00       		.byte	0
 772 00ae 0D       		.uleb128 0xd
 773 00af 898201   		.uleb128 0x4109
 774 00b2 01       		.byte	0x1
 775 00b3 11       		.uleb128 0x11
 776 00b4 01       		.uleb128 0x1
 777 00b5 31       		.uleb128 0x31
 778 00b6 13       		.uleb128 0x13
 779 00b7 00       		.byte	0
 780 00b8 00       		.byte	0
 781 00b9 0E       		.uleb128 0xe
 782 00ba 01       		.uleb128 0x1
 783 00bb 01       		.byte	0x1
 784 00bc 49       		.uleb128 0x49
 785 00bd 13       		.uleb128 0x13
 786 00be 01       		.uleb128 0x1
 787 00bf 13       		.uleb128 0x13
 788 00c0 00       		.byte	0
 789 00c1 00       		.byte	0
 790 00c2 0F       		.uleb128 0xf
 791 00c3 21       		.uleb128 0x21
 792 00c4 00       		.byte	0
 793 00c5 49       		.uleb128 0x49
 794 00c6 13       		.uleb128 0x13
 795 00c7 2F       		.uleb128 0x2f
 796 00c8 0B       		.uleb128 0xb
 797 00c9 00       		.byte	0
 798 00ca 00       		.byte	0
 799 00cb 10       		.uleb128 0x10
 800 00cc 2E       		.uleb128 0x2e
 801 00cd 00       		.byte	0
 802 00ce 3F       		.uleb128 0x3f
 803 00cf 19       		.uleb128 0x19
 804 00d0 3C       		.uleb128 0x3c
 805 00d1 19       		.uleb128 0x19
 806 00d2 6E       		.uleb128 0x6e
 807 00d3 0E       		.uleb128 0xe
 808 00d4 03       		.uleb128 0x3
 809 00d5 0E       		.uleb128 0xe
 810 00d6 3A       		.uleb128 0x3a
 811 00d7 0B       		.uleb128 0xb
 812 00d8 3B       		.uleb128 0x3b
 813 00d9 0B       		.uleb128 0xb
 814 00da 00       		.byte	0
 815 00db 00       		.byte	0
 816 00dc 00       		.byte	0
 817              		.section	.debug_loc,"",%progbits
 818              	.Ldebug_loc0:
 819              	.LLST0:
 820 0000 08000000 		.4byte	.LVL0
 821 0004 0C000000 		.4byte	.LVL1
ARM GAS  C:\Users\Jacob\AppData\Local\Temp\ccKVY4Eg.s 			page 18


 822 0008 0200     		.2byte	0x2
 823 000a 30       		.byte	0x30
 824 000b 9F       		.byte	0x9f
 825 000c 0C000000 		.4byte	.LVL1
 826 0010 1A000000 		.4byte	.LVL3
 827 0014 0100     		.2byte	0x1
 828 0016 53       		.byte	0x53
 829 0017 3C000000 		.4byte	.LVL10
 830 001b 9A000000 		.4byte	.LVL28
 831 001f 0100     		.2byte	0x1
 832 0021 56       		.byte	0x56
 833 0022 00000000 		.4byte	0
 834 0026 00000000 		.4byte	0
 835              	.LLST1:
 836 002a 1C000000 		.4byte	.LVL4
 837 002e 28000000 		.4byte	.LVL6
 838 0032 0100     		.2byte	0x1
 839 0034 53       		.byte	0x53
 840 0035 28000000 		.4byte	.LVL6
 841 0039 5E000000 		.4byte	.LVL16
 842 003d 0200     		.2byte	0x2
 843 003f 30       		.byte	0x30
 844 0040 9F       		.byte	0x9f
 845 0041 5E000000 		.4byte	.LVL16
 846 0045 9C000000 		.4byte	.LVL29
 847 0049 0100     		.2byte	0x1
 848 004b 55       		.byte	0x55
 849 004c 00000000 		.4byte	0
 850 0050 00000000 		.4byte	0
 851              	.LLST2:
 852 0054 08000000 		.4byte	.LVL0
 853 0058 8A000000 		.4byte	.LVL23
 854 005c 0200     		.2byte	0x2
 855 005e 30       		.byte	0x30
 856 005f 9F       		.byte	0x9f
 857 0060 8A000000 		.4byte	.LVL23
 858 0064 8E000000 		.4byte	.LVL24
 859 0068 0100     		.2byte	0x1
 860 006a 50       		.byte	0x50
 861 006b 8E000000 		.4byte	.LVL24
 862 006f D4000000 		.4byte	.LVL42
 863 0073 0100     		.2byte	0x1
 864 0075 58       		.byte	0x58
 865 0076 00000000 		.4byte	0
 866 007a 00000000 		.4byte	0
 867              	.LLST3:
 868 007e 08000000 		.4byte	.LVL0
 869 0082 98000000 		.4byte	.LVL27
 870 0086 0200     		.2byte	0x2
 871 0088 30       		.byte	0x30
 872 0089 9F       		.byte	0x9f
 873 008a 98000000 		.4byte	.LVL27
 874 008e 9C000000 		.4byte	.LVL29
 875 0092 0100     		.2byte	0x1
 876 0094 50       		.byte	0x50
 877 0095 9C000000 		.4byte	.LVL29
 878 0099 D4000000 		.4byte	.LVL41
ARM GAS  C:\Users\Jacob\AppData\Local\Temp\ccKVY4Eg.s 			page 19


 879 009d 0100     		.2byte	0x1
 880 009f 57       		.byte	0x57
 881 00a0 00000000 		.4byte	0
 882 00a4 00000000 		.4byte	0
 883              	.LLST4:
 884 00a8 08000000 		.4byte	.LVL0
 885 00ac 9C000000 		.4byte	.LVL29
 886 00b0 0200     		.2byte	0x2
 887 00b2 31       		.byte	0x31
 888 00b3 9F       		.byte	0x9f
 889 00b4 9C000000 		.4byte	.LVL29
 890 00b8 D4000000 		.4byte	.LVL40
 891 00bc 0100     		.2byte	0x1
 892 00be 56       		.byte	0x56
 893 00bf 00000000 		.4byte	0
 894 00c3 00000000 		.4byte	0
 895              	.LLST5:
 896 00c7 08000000 		.4byte	.LVL0
 897 00cb 9C000000 		.4byte	.LVL29
 898 00cf 0200     		.2byte	0x2
 899 00d1 31       		.byte	0x31
 900 00d2 9F       		.byte	0x9f
 901 00d3 9C000000 		.4byte	.LVL29
 902 00d7 B6000000 		.4byte	.LVL35
 903 00db 0100     		.2byte	0x1
 904 00dd 55       		.byte	0x55
 905 00de B6000000 		.4byte	.LVL35
 906 00e2 BA000000 		.4byte	.LVL36
 907 00e6 0200     		.2byte	0x2
 908 00e8 31       		.byte	0x31
 909 00e9 9F       		.byte	0x9f
 910 00ea BA000000 		.4byte	.LVL36
 911 00ee C0000000 		.4byte	.LVL37
 912 00f2 0100     		.2byte	0x1
 913 00f4 55       		.byte	0x55
 914 00f5 C0000000 		.4byte	.LVL37
 915 00f9 E8000000 		.4byte	.LFE36
 916 00fd 0200     		.2byte	0x2
 917 00ff 31       		.byte	0x31
 918 0100 9F       		.byte	0x9f
 919 0101 00000000 		.4byte	0
 920 0105 00000000 		.4byte	0
 921              	.LLST6:
 922 0109 08000000 		.4byte	.LVL0
 923 010d 9C000000 		.4byte	.LVL29
 924 0111 0300     		.2byte	0x3
 925 0113 08       		.byte	0x8
 926 0114 41       		.byte	0x41
 927 0115 9F       		.byte	0x9f
 928 0116 9C000000 		.4byte	.LVL29
 929 011a B2000000 		.4byte	.LVL33
 930 011e 0100     		.2byte	0x1
 931 0120 54       		.byte	0x54
 932 0121 B4000000 		.4byte	.LVL34
 933 0125 B6000000 		.4byte	.LVL35
 934 0129 0100     		.2byte	0x1
 935 012b 54       		.byte	0x54
ARM GAS  C:\Users\Jacob\AppData\Local\Temp\ccKVY4Eg.s 			page 20


 936 012c B6000000 		.4byte	.LVL35
 937 0130 BA000000 		.4byte	.LVL36
 938 0134 0300     		.2byte	0x3
 939 0136 08       		.byte	0x8
 940 0137 41       		.byte	0x41
 941 0138 9F       		.byte	0x9f
 942 0139 BA000000 		.4byte	.LVL36
 943 013d C0000000 		.4byte	.LVL37
 944 0141 0100     		.2byte	0x1
 945 0143 54       		.byte	0x54
 946 0144 C0000000 		.4byte	.LVL37
 947 0148 E8000000 		.4byte	.LFE36
 948 014c 0300     		.2byte	0x3
 949 014e 08       		.byte	0x8
 950 014f 41       		.byte	0x41
 951 0150 9F       		.byte	0x9f
 952 0151 00000000 		.4byte	0
 953 0155 00000000 		.4byte	0
 954              	.LLST7:
 955 0159 3C000000 		.4byte	.LVL10
 956 015d 42000000 		.4byte	.LVL12
 957 0161 0100     		.2byte	0x1
 958 0163 55       		.byte	0x55
 959 0164 42000000 		.4byte	.LVL12
 960 0168 50000000 		.4byte	.LVL13
 961 016c 0100     		.2byte	0x1
 962 016e 50       		.byte	0x50
 963 016f 50000000 		.4byte	.LVL13
 964 0173 5C000000 		.4byte	.LVL15
 965 0177 0100     		.2byte	0x1
 966 0179 55       		.byte	0x55
 967 017a 00000000 		.4byte	0
 968 017e 00000000 		.4byte	0
 969              	.LLST8:
 970 0182 5E000000 		.4byte	.LVL16
 971 0186 64000000 		.4byte	.LVL18
 972 018a 0100     		.2byte	0x1
 973 018c 54       		.byte	0x54
 974 018d 64000000 		.4byte	.LVL18
 975 0191 72000000 		.4byte	.LVL19
 976 0195 0100     		.2byte	0x1
 977 0197 50       		.byte	0x50
 978 0198 72000000 		.4byte	.LVL19
 979 019c 9C000000 		.4byte	.LVL29
 980 01a0 0100     		.2byte	0x1
 981 01a2 54       		.byte	0x54
 982 01a3 00000000 		.4byte	0
 983 01a7 00000000 		.4byte	0
 984              		.section	.debug_aranges,"",%progbits
 985 0000 1C000000 		.4byte	0x1c
 986 0004 0200     		.2byte	0x2
 987 0006 00000000 		.4byte	.Ldebug_info0
 988 000a 04       		.byte	0x4
 989 000b 00       		.byte	0
 990 000c 0000     		.2byte	0
 991 000e 0000     		.2byte	0
 992 0010 00000000 		.4byte	.LFB36
ARM GAS  C:\Users\Jacob\AppData\Local\Temp\ccKVY4Eg.s 			page 21


 993 0014 E8000000 		.4byte	.LFE36-.LFB36
 994 0018 00000000 		.4byte	0
 995 001c 00000000 		.4byte	0
 996              		.section	.debug_ranges,"",%progbits
 997              	.Ldebug_ranges0:
 998 0000 00000000 		.4byte	.LFB36
 999 0004 E8000000 		.4byte	.LFE36
 1000 0008 00000000 		.4byte	0
 1001 000c 00000000 		.4byte	0
 1002              		.section	.debug_line,"",%progbits
 1003              	.Ldebug_line0:
 1004 0000 45010000 		.section	.debug_str,"MS",%progbits,1
 1004      0200CA00 
 1004      00000201 
 1004      FB0E0D00 
 1004      01010101 
 1005              	.LASF20:
 1006 0000 75617274 		.ascii	"uart_Start\000"
 1006      5F537461 
 1006      727400
 1007              	.LASF28:
 1008 000b 433A5C55 		.ascii	"C:\\Users\\Jacob\\Documents\\Junior\\EGR 304\\EGR30"
 1008      73657273 
 1008      5C4A6163 
 1008      6F625C44 
 1008      6F63756D 
 1009 0038 345C6877 		.ascii	"4\\hw8_2.cydsn\000"
 1009      385F322E 
 1009      63796473 
 1009      6E00
 1010              	.LASF21:
 1011 0046 75617274 		.ascii	"uart_PutString\000"
 1011      5F507574 
 1011      53747269 
 1011      6E6700
 1012              	.LASF22:
 1013 0055 75617274 		.ascii	"uart_GetChar\000"
 1013      5F476574 
 1013      43686172 
 1013      00
 1014              	.LASF29:
 1015 0062 75696E74 		.ascii	"uint8\000"
 1015      3800
 1016              	.LASF9:
 1017 0068 666C6F61 		.ascii	"float\000"
 1017      7400
 1018              	.LASF0:
 1019 006e 7369676E 		.ascii	"signed char\000"
 1019      65642063 
 1019      68617200 
 1020              	.LASF1:
 1021 007a 756E7369 		.ascii	"unsigned char\000"
 1021      676E6564 
 1021      20636861 
 1021      7200
 1022              	.LASF5:
 1023 0088 6C6F6E67 		.ascii	"long unsigned int\000"
ARM GAS  C:\Users\Jacob\AppData\Local\Temp\ccKVY4Eg.s 			page 22


 1023      20756E73 
 1023      69676E65 
 1023      6420696E 
 1023      7400
 1024              	.LASF3:
 1025 009a 73686F72 		.ascii	"short unsigned int\000"
 1025      7420756E 
 1025      7369676E 
 1025      65642069 
 1025      6E7400
 1026              	.LASF15:
 1027 00ad 7278696E 		.ascii	"rxindex1\000"
 1027      64657831 
 1027      00
 1028              	.LASF17:
 1029 00b6 7278696E 		.ascii	"rxindex2\000"
 1029      64657832 
 1029      00
 1030              	.LASF10:
 1031 00bf 646F7562 		.ascii	"double\000"
 1031      6C6500
 1032              	.LASF2:
 1033 00c6 73686F72 		.ascii	"short int\000"
 1033      7420696E 
 1033      7400
 1034              	.LASF24:
 1035 00d0 73747274 		.ascii	"strtod\000"
 1035      6F6400
 1036              	.LASF30:
 1037 00d7 6D61696E 		.ascii	"main\000"
 1037      00
 1038              	.LASF8:
 1039 00dc 756E7369 		.ascii	"unsigned int\000"
 1039      676E6564 
 1039      20696E74 
 1039      00
 1040              	.LASF7:
 1041 00e9 6C6F6E67 		.ascii	"long long unsigned int\000"
 1041      206C6F6E 
 1041      6720756E 
 1041      7369676E 
 1041      65642069 
 1042              	.LASF26:
 1043 0100 474E5520 		.ascii	"GNU C11 5.4.1 20160609 (release) [ARM/embedded-5-br"
 1043      43313120 
 1043      352E342E 
 1043      31203230 
 1043      31363036 
 1044 0133 616E6368 		.ascii	"anch revision 237715] -mcpu=cortex-m0 -mthumb -g -O"
 1044      20726576 
 1044      6973696F 
 1044      6E203233 
 1044      37373135 
 1045 0166 67202D66 		.ascii	"g -ffunction-sections -ffat-lto-objects\000"
 1045      66756E63 
 1045      74696F6E 
 1045      2D736563 
ARM GAS  C:\Users\Jacob\AppData\Local\Temp\ccKVY4Eg.s 			page 23


 1045      74696F6E 
 1046              	.LASF13:
 1047 018e 73697A65 		.ascii	"sizetype\000"
 1047      74797065 
 1047      00
 1048              	.LASF6:
 1049 0197 6C6F6E67 		.ascii	"long long int\000"
 1049      206C6F6E 
 1049      6720696E 
 1049      7400
 1050              	.LASF27:
 1051 01a5 6D61696E 		.ascii	"main.c\000"
 1051      2E6300
 1052              	.LASF11:
 1053 01ac 63686172 		.ascii	"char\000"
 1053      00
 1054              	.LASF16:
 1055 01b1 72786275 		.ascii	"rxbuffer2\000"
 1055      66666572 
 1055      3200
 1056              	.LASF31:
 1057 01bb 6E756D62 		.ascii	"number\000"
 1057      657200
 1058              	.LASF4:
 1059 01c2 6C6F6E67 		.ascii	"long int\000"
 1059      20696E74 
 1059      00
 1060              	.LASF14:
 1061 01cb 72786275 		.ascii	"rxbuffer1\000"
 1061      66666572 
 1061      3100
 1062              	.LASF12:
 1063 01d5 6C6F6E67 		.ascii	"long double\000"
 1063      20646F75 
 1063      626C6500 
 1064              	.LASF23:
 1065 01e1 75617274 		.ascii	"uart_PutChar\000"
 1065      5F507574 
 1065      43686172 
 1065      00
 1066              	.LASF18:
 1067 01ee 6E756D52 		.ascii	"numRows\000"
 1067      6F777300 
 1068              	.LASF19:
 1069 01f6 6E756D43 		.ascii	"numCols\000"
 1069      6F6C7300 
 1070              	.LASF25:
 1071 01fe 73707269 		.ascii	"sprintf\000"
 1071      6E746600 
 1072              		.ident	"GCC: (GNU Tools for ARM Embedded Processors) 5.4.1 20160609 (release) [ARM/embedded-5-bran
