ARM GAS  C:\Users\Jacob\AppData\Local\Temp\ccd8ysRe.s 			page 1


   1              		.syntax unified
   2              		.cpu cortex-m0
   3              		.fpu softvfp
   4              		.eabi_attribute 20, 1
   5              		.eabi_attribute 21, 1
   6              		.eabi_attribute 23, 3
   7              		.eabi_attribute 24, 1
   8              		.eabi_attribute 25, 1
   9              		.eabi_attribute 26, 1
  10              		.eabi_attribute 30, 1
  11              		.eabi_attribute 34, 0
  12              		.eabi_attribute 18, 4
  13              		.thumb
  14              		.syntax unified
  15              		.file	"main.c"
  16              		.text
  17              	.Ltext0:
  18              		.cfi_sections	.debug_frame
  19              		.section	.text.testFlex,"ax",%progbits
  20              		.align	2
  21              		.global	testFlex
  22              		.code	16
  23              		.thumb_func
  24              		.type	testFlex, %function
  25              	testFlex:
  26              	.LFB36:
  27              		.file 1 "main.c"
   1:main.c        **** /* ========================================
   2:main.c        ****  *
   3:main.c        ****  * Copyright YOUR COMPANY, THE YEAR
   4:main.c        ****  * All Rights Reserved
   5:main.c        ****  * UNPUBLISHED, LICENSED SOFTWARE.
   6:main.c        ****  *
   7:main.c        ****  * CONFIDENTIAL AND PROPRIETARY INFORMATION
   8:main.c        ****  * WHICH IS THE PROPERTY OF your company.
   9:main.c        ****  *
  10:main.c        ****  * ========================================
  11:main.c        **** */
  12:main.c        **** #include "project.h"
  13:main.c        **** #include <stdio.h>
  14:main.c        **** #include <stdlib.h>
  15:main.c        **** void StackEventHandler(uint32 event, void* eventParam);
  16:main.c        **** void IasEventHandler(uint32 event, void* eventParam);
  17:main.c        **** void HandleAlertLEDs(uint8 status);
  18:main.c        **** 
  19:main.c        **** void testFlex(){
  28              		.loc 1 19 0
  29              		.cfi_startproc
  30              		@ args = 0, pretend = 0, frame = 48
  31              		@ frame_needed = 0, uses_anonymous_args = 0
  32 0000 30B5     		push	{r4, r5, lr}
  33              		.cfi_def_cfa_offset 12
  34              		.cfi_offset 4, -12
  35              		.cfi_offset 5, -8
  36              		.cfi_offset 14, -4
  37 0002 8DB0     		sub	sp, sp, #52
  38              		.cfi_def_cfa_offset 64
ARM GAS  C:\Users\Jacob\AppData\Local\Temp\ccd8ysRe.s 			page 2


  20:main.c        ****     int analog1, analog2;
  21:main.c        ****     char buffer[] = "Flex Sensor 1: 2016\n Flex Sensor 2: 2017";
  39              		.loc 1 21 0
  40 0004 01A9     		add	r1, sp, #4
  41 0006 1848     		ldr	r0, .L4
  42 0008 0B00     		movs	r3, r1
  43 000a 0200     		movs	r2, r0
  44 000c 13CA     		ldmia	r2!, {r0, r1, r4}
  45 000e 13C3     		stmia	r3!, {r0, r1, r4}
  46 0010 13CA     		ldmia	r2!, {r0, r1, r4}
  47 0012 13C3     		stmia	r3!, {r0, r1, r4}
  48 0014 13CA     		ldmia	r2!, {r0, r1, r4}
  49 0016 13C3     		stmia	r3!, {r0, r1, r4}
  50 0018 1168     		ldr	r1, [r2]
  51 001a 1960     		str	r1, [r3]
  52 001c 1279     		ldrb	r2, [r2, #4]
  53 001e 1A71     		strb	r2, [r3, #4]
  22:main.c        ****     adc_Start();
  54              		.loc 1 22 0
  55 0020 FFF7FEFF 		bl	adc_Start
  56              	.LVL0:
  23:main.c        ****     adc_StartConvert();
  57              		.loc 1 23 0
  58 0024 FFF7FEFF 		bl	adc_StartConvert
  59              	.LVL1:
  24:main.c        ****     uart_Start();
  60              		.loc 1 24 0
  61 0028 FFF7FEFF 		bl	uart_Start
  62              	.LVL2:
  63              	.LBB2:
  25:main.c        ****     for(int i=0;i<100;i++){
  64              		.loc 1 25 0
  65 002c 0024     		movs	r4, #0
  66 002e 16E0     		b	.L2
  67              	.LVL3:
  68              	.L3:
  26:main.c        ****         adc_IsEndConversion(adc_WAIT_FOR_RESULT);
  69              		.loc 1 26 0 discriminator 3
  70 0030 0220     		movs	r0, #2
  71 0032 FFF7FEFF 		bl	adc_IsEndConversion
  72              	.LVL4:
  27:main.c        ****         analog1 = adc_GetResult16(0);
  73              		.loc 1 27 0 discriminator 3
  74 0036 0020     		movs	r0, #0
  75 0038 FFF7FEFF 		bl	adc_GetResult16
  76              	.LVL5:
  77 003c 0500     		movs	r5, r0
  78              	.LVL6:
  28:main.c        ****         analog2 = adc_GetResult16(1);
  79              		.loc 1 28 0 discriminator 3
  80 003e 0120     		movs	r0, #1
  81              	.LVL7:
  82 0040 FFF7FEFF 		bl	adc_GetResult16
  83              	.LVL8:
  84 0044 0300     		movs	r3, r0
  85              	.LVL9:
  29:main.c        ****         sprintf(buffer, "Flex Sensor 1: %d\n Flex Sensor 2: %d", analog1, analog2);
ARM GAS  C:\Users\Jacob\AppData\Local\Temp\ccd8ysRe.s 			page 3


  86              		.loc 1 29 0 discriminator 3
  87 0046 2A00     		movs	r2, r5
  88 0048 0849     		ldr	r1, .L4+4
  89 004a 01A8     		add	r0, sp, #4
  90              	.LVL10:
  91 004c FFF7FEFF 		bl	sprintf
  92              	.LVL11:
  30:main.c        ****         uart_PutString(buffer);
  93              		.loc 1 30 0 discriminator 3
  94 0050 01A8     		add	r0, sp, #4
  95 0052 FFF7FEFF 		bl	uart_PutString
  96              	.LVL12:
  31:main.c        ****         CyDelay(100);
  97              		.loc 1 31 0 discriminator 3
  98 0056 6420     		movs	r0, #100
  99 0058 FFF7FEFF 		bl	CyDelay
 100              	.LVL13:
  25:main.c        ****         adc_IsEndConversion(adc_WAIT_FOR_RESULT);
 101              		.loc 1 25 0 discriminator 3
 102 005c 0134     		adds	r4, r4, #1
 103              	.LVL14:
 104              	.L2:
  25:main.c        ****         adc_IsEndConversion(adc_WAIT_FOR_RESULT);
 105              		.loc 1 25 0 is_stmt 0 discriminator 1
 106 005e 632C     		cmp	r4, #99
 107 0060 E6DD     		ble	.L3
 108              	.LBE2:
  32:main.c        ****     }
  33:main.c        **** }
 109              		.loc 1 33 0 is_stmt 1
 110 0062 0DB0     		add	sp, sp, #52
 111              		@ sp needed
 112              	.LVL15:
 113 0064 30BD     		pop	{r4, r5, pc}
 114              	.L5:
 115 0066 C046     		.align	2
 116              	.L4:
 117 0068 28000000 		.word	.LC0
 118 006c 00000000 		.word	.LC2
 119              		.cfi_endproc
 120              	.LFE36:
 121              		.size	testFlex, .-testFlex
 122              		.section	.text.testMotor,"ax",%progbits
 123              		.align	2
 124              		.global	testMotor
 125              		.code	16
 126              		.thumb_func
 127              		.type	testMotor, %function
 128              	testMotor:
 129              	.LFB37:
  34:main.c        **** 
  35:main.c        **** void testMotor(){
 130              		.loc 1 35 0
 131              		.cfi_startproc
 132              		@ args = 0, pretend = 0, frame = 0
 133              		@ frame_needed = 0, uses_anonymous_args = 0
 134 0000 10B5     		push	{r4, lr}
ARM GAS  C:\Users\Jacob\AppData\Local\Temp\ccd8ysRe.s 			page 4


 135              		.cfi_def_cfa_offset 8
 136              		.cfi_offset 4, -8
 137              		.cfi_offset 14, -4
  36:main.c        ****     motorA_Write(0);
 138              		.loc 1 36 0
 139 0002 0020     		movs	r0, #0
 140 0004 FFF7FEFF 		bl	motorA_Write
 141              	.LVL16:
  37:main.c        ****     motorB_Write(1);
 142              		.loc 1 37 0
 143 0008 0120     		movs	r0, #1
 144 000a FFF7FEFF 		bl	motorB_Write
 145              	.LVL17:
  38:main.c        ****     CyDelay(2000);
 146              		.loc 1 38 0
 147 000e FA24     		movs	r4, #250
 148 0010 E400     		lsls	r4, r4, #3
 149 0012 2000     		movs	r0, r4
 150 0014 FFF7FEFF 		bl	CyDelay
 151              	.LVL18:
  39:main.c        ****     motorA_Write(1);
 152              		.loc 1 39 0
 153 0018 0120     		movs	r0, #1
 154 001a FFF7FEFF 		bl	motorA_Write
 155              	.LVL19:
  40:main.c        ****     motorB_Write(0);
 156              		.loc 1 40 0
 157 001e 0020     		movs	r0, #0
 158 0020 FFF7FEFF 		bl	motorB_Write
 159              	.LVL20:
  41:main.c        ****     CyDelay(2000);
 160              		.loc 1 41 0
 161 0024 2000     		movs	r0, r4
 162 0026 FFF7FEFF 		bl	CyDelay
 163              	.LVL21:
  42:main.c        ****     motorA_Write(0);
 164              		.loc 1 42 0
 165 002a 0020     		movs	r0, #0
 166 002c FFF7FEFF 		bl	motorA_Write
 167              	.LVL22:
  43:main.c        **** }
 168              		.loc 1 43 0
 169              		@ sp needed
 170 0030 10BD     		pop	{r4, pc}
 171              		.cfi_endproc
 172              	.LFE37:
 173              		.size	testMotor, .-testMotor
 174 0032 C046     		.section	.text.testBuzzer,"ax",%progbits
 175              		.align	2
 176              		.global	testBuzzer
 177              		.code	16
 178              		.thumb_func
 179              		.type	testBuzzer, %function
 180              	testBuzzer:
 181              	.LFB38:
  44:main.c        **** 
  45:main.c        **** void testBuzzer(){
ARM GAS  C:\Users\Jacob\AppData\Local\Temp\ccd8ysRe.s 			page 5


 182              		.loc 1 45 0
 183              		.cfi_startproc
 184              		@ args = 0, pretend = 0, frame = 0
 185              		@ frame_needed = 0, uses_anonymous_args = 0
 186 0000 10B5     		push	{r4, lr}
 187              		.cfi_def_cfa_offset 8
 188              		.cfi_offset 4, -8
 189              		.cfi_offset 14, -4
  46:main.c        ****     pwmBuzzer_WriteCompare(50);
 190              		.loc 1 46 0
 191 0002 3220     		movs	r0, #50
 192 0004 FFF7FEFF 		bl	pwmBuzzer_WriteCompare
 193              	.LVL23:
  47:main.c        ****     CyDelay(3000);
 194              		.loc 1 47 0
 195 0008 054C     		ldr	r4, .L8
 196 000a 2000     		movs	r0, r4
 197 000c FFF7FEFF 		bl	CyDelay
 198              	.LVL24:
  48:main.c        ****     pwmBuzzer_WriteCompare(0);
 199              		.loc 1 48 0
 200 0010 0020     		movs	r0, #0
 201 0012 FFF7FEFF 		bl	pwmBuzzer_WriteCompare
 202              	.LVL25:
  49:main.c        ****     CyDelay(3000);
 203              		.loc 1 49 0
 204 0016 2000     		movs	r0, r4
 205 0018 FFF7FEFF 		bl	CyDelay
 206              	.LVL26:
  50:main.c        **** }
 207              		.loc 1 50 0
 208              		@ sp needed
 209 001c 10BD     		pop	{r4, pc}
 210              	.L9:
 211 001e C046     		.align	2
 212              	.L8:
 213 0020 B80B0000 		.word	3000
 214              		.cfi_endproc
 215              	.LFE38:
 216              		.size	testBuzzer, .-testBuzzer
 217              		.section	.text.initializeSubsystems,"ax",%progbits
 218              		.align	2
 219              		.global	initializeSubsystems
 220              		.code	16
 221              		.thumb_func
 222              		.type	initializeSubsystems, %function
 223              	initializeSubsystems:
 224              	.LFB39:
  51:main.c        **** 
  52:main.c        **** void initializeSubsystems(){
 225              		.loc 1 52 0
 226              		.cfi_startproc
 227              		@ args = 0, pretend = 0, frame = 0
 228              		@ frame_needed = 0, uses_anonymous_args = 0
 229 0000 10B5     		push	{r4, lr}
 230              		.cfi_def_cfa_offset 8
 231              		.cfi_offset 4, -8
ARM GAS  C:\Users\Jacob\AppData\Local\Temp\ccd8ysRe.s 			page 6


 232              		.cfi_offset 14, -4
  53:main.c        ****     pwmBuzzer_Start();
 233              		.loc 1 53 0
 234 0002 FFF7FEFF 		bl	pwmBuzzer_Start
 235              	.LVL27:
  54:main.c        ****     pwmBuzzer_WriteCompare(0);
 236              		.loc 1 54 0
 237 0006 0020     		movs	r0, #0
 238 0008 FFF7FEFF 		bl	pwmBuzzer_WriteCompare
 239              	.LVL28:
  55:main.c        ****     adc_Start();
 240              		.loc 1 55 0
 241 000c FFF7FEFF 		bl	adc_Start
 242              	.LVL29:
  56:main.c        ****     adc_StartConvert();
 243              		.loc 1 56 0
 244 0010 FFF7FEFF 		bl	adc_StartConvert
 245              	.LVL30:
  57:main.c        ****     uart_Start();
 246              		.loc 1 57 0
 247 0014 FFF7FEFF 		bl	uart_Start
 248              	.LVL31:
  58:main.c        **** }
 249              		.loc 1 58 0
 250              		@ sp needed
 251 0018 10BD     		pop	{r4, pc}
 252              		.cfi_endproc
 253              	.LFE39:
 254              		.size	initializeSubsystems, .-initializeSubsystems
 255 001a C046     		.section	.text.flexGet,"ax",%progbits
 256              		.align	2
 257              		.global	flexGet
 258              		.code	16
 259              		.thumb_func
 260              		.type	flexGet, %function
 261              	flexGet:
 262              	.LFB40:
  59:main.c        **** 
  60:main.c        **** int flexGet(int num){
 263              		.loc 1 60 0
 264              		.cfi_startproc
 265              		@ args = 0, pretend = 0, frame = 0
 266              		@ frame_needed = 0, uses_anonymous_args = 0
 267              	.LVL32:
 268 0000 10B5     		push	{r4, lr}
 269              		.cfi_def_cfa_offset 8
 270              		.cfi_offset 4, -8
 271              		.cfi_offset 14, -4
 272 0002 0400     		movs	r4, r0
  61:main.c        ****     adc_IsEndConversion(adc_WAIT_FOR_RESULT);
 273              		.loc 1 61 0
 274 0004 0220     		movs	r0, #2
 275              	.LVL33:
 276 0006 FFF7FEFF 		bl	adc_IsEndConversion
 277              	.LVL34:
  62:main.c        ****     return adc_GetResult16(num);
 278              		.loc 1 62 0
ARM GAS  C:\Users\Jacob\AppData\Local\Temp\ccd8ysRe.s 			page 7


 279 000a 2000     		movs	r0, r4
 280 000c FFF7FEFF 		bl	adc_GetResult16
 281              	.LVL35:
  63:main.c        **** }
 282              		.loc 1 63 0
 283              		@ sp needed
 284              	.LVL36:
 285 0010 10BD     		pop	{r4, pc}
 286              		.cfi_endproc
 287              	.LFE40:
 288              		.size	flexGet, .-flexGet
 289 0012 C046     		.section	.text.buzzerSet,"ax",%progbits
 290              		.align	2
 291              		.global	buzzerSet
 292              		.code	16
 293              		.thumb_func
 294              		.type	buzzerSet, %function
 295              	buzzerSet:
 296              	.LFB41:
  64:main.c        **** void buzzerSet(int compare){
 297              		.loc 1 64 0
 298              		.cfi_startproc
 299              		@ args = 0, pretend = 0, frame = 0
 300              		@ frame_needed = 0, uses_anonymous_args = 0
 301              	.LVL37:
 302 0000 10B5     		push	{r4, lr}
 303              		.cfi_def_cfa_offset 8
 304              		.cfi_offset 4, -8
 305              		.cfi_offset 14, -4
  65:main.c        ****     pwmBuzzer_WriteCompare(compare);
 306              		.loc 1 65 0
 307 0002 C0B2     		uxtb	r0, r0
 308              	.LVL38:
 309 0004 FFF7FEFF 		bl	pwmBuzzer_WriteCompare
 310              	.LVL39:
  66:main.c        **** }
 311              		.loc 1 66 0
 312              		@ sp needed
 313 0008 10BD     		pop	{r4, pc}
 314              		.cfi_endproc
 315              	.LFE41:
 316              		.size	buzzerSet, .-buzzerSet
 317 000a C046     		.section	.text.testSubsystems,"ax",%progbits
 318              		.align	2
 319              		.global	testSubsystems
 320              		.code	16
 321              		.thumb_func
 322              		.type	testSubsystems, %function
 323              	testSubsystems:
 324              	.LFB42:
  67:main.c        ****     
  68:main.c        **** 
  69:main.c        **** void testSubsystems(){
 325              		.loc 1 69 0
 326              		.cfi_startproc
 327              		@ args = 0, pretend = 0, frame = 0
 328              		@ frame_needed = 0, uses_anonymous_args = 0
ARM GAS  C:\Users\Jacob\AppData\Local\Temp\ccd8ysRe.s 			page 8


 329 0000 10B5     		push	{r4, lr}
 330              		.cfi_def_cfa_offset 8
 331              		.cfi_offset 4, -8
 332              		.cfi_offset 14, -4
  70:main.c        ****     //testFlex();
  71:main.c        ****     testMotor();
 333              		.loc 1 71 0
 334 0002 FFF7FEFF 		bl	testMotor
 335              	.LVL40:
  72:main.c        ****     testBuzzer();
 336              		.loc 1 72 0
 337 0006 FFF7FEFF 		bl	testBuzzer
 338              	.LVL41:
  73:main.c        **** }
 339              		.loc 1 73 0
 340              		@ sp needed
 341 000a 10BD     		pop	{r4, pc}
 342              		.cfi_endproc
 343              	.LFE42:
 344              		.size	testSubsystems, .-testSubsystems
 345              		.section	.text.main,"ax",%progbits
 346              		.align	2
 347              		.global	main
 348              		.code	16
 349              		.thumb_func
 350              		.type	main, %function
 351              	main:
 352              	.LFB43:
  74:main.c        **** 
  75:main.c        **** int main(void)
  76:main.c        **** {
 353              		.loc 1 76 0
 354              		.cfi_startproc
 355              		@ Volatile: function does not return.
 356              		@ args = 0, pretend = 0, frame = 0
 357              		@ frame_needed = 0, uses_anonymous_args = 0
 358 0000 10B5     		push	{r4, lr}
 359              		.cfi_def_cfa_offset 8
 360              		.cfi_offset 4, -8
 361              		.cfi_offset 14, -4
  77:main.c        ****     //testSubsystems();
  78:main.c        ****     //testFlex();
  79:main.c        ****         
  80:main.c        ****     //CyGlobalIntEnable; /* Enable global interrupts. */
  81:main.c        ****     /* Start the BLE component and register StackEventHandler function */
  82:main.c        ****     //CyBle_Start(StackEventHandler);
  83:main.c        ****     /* Register IAS event handler function */
  84:main.c        ****     //CyBle_IasRegisterAttrCallback(IasEventHandler);
  85:main.c        **** 
  86:main.c        ****     /* Place your initialization/startup code here (e.g. MyInst_Start()) */
  87:main.c        ****     initializeSubsystems();
 362              		.loc 1 87 0
 363 0002 FFF7FEFF 		bl	initializeSubsystems
 364              	.LVL42:
  88:main.c        ****     testFlex();
 365              		.loc 1 88 0
 366 0006 FFF7FEFF 		bl	testFlex
ARM GAS  C:\Users\Jacob\AppData\Local\Temp\ccd8ysRe.s 			page 9


 367              	.LVL43:
 368              	.L15:
  89:main.c        ****     for(;;)
  90:main.c        ****     {
  91:main.c        ****         testSubsystems();
 369              		.loc 1 91 0 discriminator 1
 370 000a FFF7FEFF 		bl	testSubsystems
 371              	.LVL44:
 372 000e FCE7     		b	.L15
 373              		.cfi_endproc
 374              	.LFE43:
 375              		.size	main, .-main
 376              		.section	.rodata.str1.4,"aMS",%progbits,1
 377              		.align	2
 378              	.LC2:
 379 0000 466C6578 		.ascii	"Flex Sensor 1: %d\012 Flex Sensor 2: %d\000"
 379      2053656E 
 379      736F7220 
 379      313A2025 
 379      640A2046 
 380 0025 000000   		.space	3
 381              	.LC0:
 382 0028 466C6578 		.ascii	"Flex Sensor 1: 2016\012 Flex Sensor 2: 2017\000"
 382      2053656E 
 382      736F7220 
 382      313A2032 
 382      3031360A 
 383              		.text
 384              	.Letext0:
 385              		.file 2 "Generated_Source\\PSoC4/adc.h"
 386              		.file 3 "c:\\program files (x86)\\cypress\\psoc creator\\4.1\\psoc creator\\import\\gnu\\arm\\5.4.
 387              		.file 4 "Generated_Source\\PSoC4/uart.h"
 388              		.file 5 "Generated_Source\\PSoC4/CyLib.h"
 389              		.file 6 "Generated_Source\\PSoC4/motorA.h"
 390              		.file 7 "Generated_Source\\PSoC4/motorB.h"
 391              		.file 8 "Generated_Source\\PSoC4/pwmBuzzer.h"
 392              		.section	.debug_info,"",%progbits
 393              	.Ldebug_info0:
 394 0000 3D040000 		.4byte	0x43d
 395 0004 0400     		.2byte	0x4
 396 0006 00000000 		.4byte	.Ldebug_abbrev0
 397 000a 04       		.byte	0x4
 398 000b 01       		.uleb128 0x1
 399 000c 5C010000 		.4byte	.LASF35
 400 0010 0C       		.byte	0xc
 401 0011 01020000 		.4byte	.LASF36
 402 0015 18010000 		.4byte	.LASF37
 403 0019 00000000 		.4byte	.Ldebug_ranges0+0
 404 001d 00000000 		.4byte	0
 405 0021 00000000 		.4byte	.Ldebug_line0
 406 0025 02       		.uleb128 0x2
 407 0026 01       		.byte	0x1
 408 0027 06       		.byte	0x6
 409 0028 82020000 		.4byte	.LASF0
 410 002c 02       		.uleb128 0x2
 411 002d 01       		.byte	0x1
 412 002e 08       		.byte	0x8
ARM GAS  C:\Users\Jacob\AppData\Local\Temp\ccd8ysRe.s 			page 10


 413 002f 7B000000 		.4byte	.LASF1
 414 0033 02       		.uleb128 0x2
 415 0034 02       		.byte	0x2
 416 0035 05       		.byte	0x5
 417 0036 4F020000 		.4byte	.LASF2
 418 003a 02       		.uleb128 0x2
 419 003b 02       		.byte	0x2
 420 003c 07       		.byte	0x7
 421 003d 31000000 		.4byte	.LASF3
 422 0041 02       		.uleb128 0x2
 423 0042 04       		.byte	0x4
 424 0043 05       		.byte	0x5
 425 0044 59020000 		.4byte	.LASF4
 426 0048 02       		.uleb128 0x2
 427 0049 04       		.byte	0x4
 428 004a 07       		.byte	0x7
 429 004b 89000000 		.4byte	.LASF5
 430 004f 02       		.uleb128 0x2
 431 0050 08       		.byte	0x8
 432 0051 05       		.byte	0x5
 433 0052 F3010000 		.4byte	.LASF6
 434 0056 02       		.uleb128 0x2
 435 0057 08       		.byte	0x8
 436 0058 07       		.byte	0x7
 437 0059 64000000 		.4byte	.LASF7
 438 005d 03       		.uleb128 0x3
 439 005e 04       		.byte	0x4
 440 005f 05       		.byte	0x5
 441 0060 696E7400 		.ascii	"int\000"
 442 0064 02       		.uleb128 0x2
 443 0065 04       		.byte	0x4
 444 0066 07       		.byte	0x7
 445 0067 F5000000 		.4byte	.LASF8
 446 006b 02       		.uleb128 0x2
 447 006c 04       		.byte	0x4
 448 006d 04       		.byte	0x4
 449 006e 51000000 		.4byte	.LASF9
 450 0072 02       		.uleb128 0x2
 451 0073 08       		.byte	0x8
 452 0074 04       		.byte	0x4
 453 0075 DA000000 		.4byte	.LASF10
 454 0079 02       		.uleb128 0x2
 455 007a 01       		.byte	0x1
 456 007b 08       		.byte	0x8
 457 007c 02010000 		.4byte	.LASF11
 458 0080 02       		.uleb128 0x2
 459 0081 08       		.byte	0x8
 460 0082 04       		.byte	0x4
 461 0083 76020000 		.4byte	.LASF12
 462 0087 02       		.uleb128 0x2
 463 0088 04       		.byte	0x4
 464 0089 07       		.byte	0x7
 465 008a EA010000 		.4byte	.LASF13
 466 008e 04       		.uleb128 0x4
 467 008f 0F010000 		.4byte	.LASF17
 468 0093 01       		.byte	0x1
 469 0094 13       		.byte	0x13
ARM GAS  C:\Users\Jacob\AppData\Local\Temp\ccd8ysRe.s 			page 11


 470 0095 00000000 		.4byte	.LFB36
 471 0099 70000000 		.4byte	.LFE36-.LFB36
 472 009d 01       		.uleb128 0x1
 473 009e 9C       		.byte	0x9c
 474 009f 86010000 		.4byte	0x186
 475 00a3 05       		.uleb128 0x5
 476 00a4 9B000000 		.4byte	.LASF14
 477 00a8 01       		.byte	0x1
 478 00a9 14       		.byte	0x14
 479 00aa 5D000000 		.4byte	0x5d
 480 00ae 00000000 		.4byte	.LLST0
 481 00b2 05       		.uleb128 0x5
 482 00b3 A3000000 		.4byte	.LASF15
 483 00b7 01       		.byte	0x1
 484 00b8 14       		.byte	0x14
 485 00b9 5D000000 		.4byte	0x5d
 486 00bd 1E000000 		.4byte	.LLST1
 487 00c1 06       		.uleb128 0x6
 488 00c2 2D020000 		.4byte	.LASF16
 489 00c6 01       		.byte	0x1
 490 00c7 15       		.byte	0x15
 491 00c8 86010000 		.4byte	0x186
 492 00cc 02       		.uleb128 0x2
 493 00cd 91       		.byte	0x91
 494 00ce 44       		.sleb128 -60
 495 00cf 07       		.uleb128 0x7
 496 00d0 2C000000 		.4byte	.LBB2
 497 00d4 36000000 		.4byte	.LBE2-.LBB2
 498 00d8 6A010000 		.4byte	0x16a
 499 00dc 08       		.uleb128 0x8
 500 00dd 6900     		.ascii	"i\000"
 501 00df 01       		.byte	0x1
 502 00e0 19       		.byte	0x19
 503 00e1 5D000000 		.4byte	0x5d
 504 00e5 3C000000 		.4byte	.LLST2
 505 00e9 09       		.uleb128 0x9
 506 00ea 36000000 		.4byte	.LVL4
 507 00ee BC030000 		.4byte	0x3bc
 508 00f2 FC000000 		.4byte	0xfc
 509 00f6 0A       		.uleb128 0xa
 510 00f7 01       		.uleb128 0x1
 511 00f8 50       		.byte	0x50
 512 00f9 01       		.uleb128 0x1
 513 00fa 32       		.byte	0x32
 514 00fb 00       		.byte	0
 515 00fc 09       		.uleb128 0x9
 516 00fd 3C000000 		.4byte	.LVL5
 517 0101 C7030000 		.4byte	0x3c7
 518 0105 0F010000 		.4byte	0x10f
 519 0109 0A       		.uleb128 0xa
 520 010a 01       		.uleb128 0x1
 521 010b 50       		.byte	0x50
 522 010c 01       		.uleb128 0x1
 523 010d 30       		.byte	0x30
 524 010e 00       		.byte	0
 525 010f 09       		.uleb128 0x9
 526 0110 44000000 		.4byte	.LVL8
ARM GAS  C:\Users\Jacob\AppData\Local\Temp\ccd8ysRe.s 			page 12


 527 0114 C7030000 		.4byte	0x3c7
 528 0118 22010000 		.4byte	0x122
 529 011c 0A       		.uleb128 0xa
 530 011d 01       		.uleb128 0x1
 531 011e 50       		.byte	0x50
 532 011f 01       		.uleb128 0x1
 533 0120 31       		.byte	0x31
 534 0121 00       		.byte	0
 535 0122 09       		.uleb128 0x9
 536 0123 50000000 		.4byte	.LVL11
 537 0127 D2030000 		.4byte	0x3d2
 538 012b 45010000 		.4byte	0x145
 539 012f 0A       		.uleb128 0xa
 540 0130 01       		.uleb128 0x1
 541 0131 50       		.byte	0x50
 542 0132 02       		.uleb128 0x2
 543 0133 91       		.byte	0x91
 544 0134 44       		.sleb128 -60
 545 0135 0A       		.uleb128 0xa
 546 0136 01       		.uleb128 0x1
 547 0137 51       		.byte	0x51
 548 0138 05       		.uleb128 0x5
 549 0139 03       		.byte	0x3
 550 013a 00000000 		.4byte	.LC2
 551 013e 0A       		.uleb128 0xa
 552 013f 01       		.uleb128 0x1
 553 0140 52       		.byte	0x52
 554 0141 02       		.uleb128 0x2
 555 0142 75       		.byte	0x75
 556 0143 00       		.sleb128 0
 557 0144 00       		.byte	0
 558 0145 09       		.uleb128 0x9
 559 0146 56000000 		.4byte	.LVL12
 560 014a DD030000 		.4byte	0x3dd
 561 014e 59010000 		.4byte	0x159
 562 0152 0A       		.uleb128 0xa
 563 0153 01       		.uleb128 0x1
 564 0154 50       		.byte	0x50
 565 0155 02       		.uleb128 0x2
 566 0156 91       		.byte	0x91
 567 0157 44       		.sleb128 -60
 568 0158 00       		.byte	0
 569 0159 0B       		.uleb128 0xb
 570 015a 5C000000 		.4byte	.LVL13
 571 015e E8030000 		.4byte	0x3e8
 572 0162 0A       		.uleb128 0xa
 573 0163 01       		.uleb128 0x1
 574 0164 50       		.byte	0x50
 575 0165 02       		.uleb128 0x2
 576 0166 08       		.byte	0x8
 577 0167 64       		.byte	0x64
 578 0168 00       		.byte	0
 579 0169 00       		.byte	0
 580 016a 0C       		.uleb128 0xc
 581 016b 24000000 		.4byte	.LVL0
 582 016f F3030000 		.4byte	0x3f3
 583 0173 0C       		.uleb128 0xc
ARM GAS  C:\Users\Jacob\AppData\Local\Temp\ccd8ysRe.s 			page 13


 584 0174 28000000 		.4byte	.LVL1
 585 0178 FE030000 		.4byte	0x3fe
 586 017c 0C       		.uleb128 0xc
 587 017d 2C000000 		.4byte	.LVL2
 588 0181 09040000 		.4byte	0x409
 589 0185 00       		.byte	0
 590 0186 0D       		.uleb128 0xd
 591 0187 79000000 		.4byte	0x79
 592 018b 96010000 		.4byte	0x196
 593 018f 0E       		.uleb128 0xe
 594 0190 87000000 		.4byte	0x87
 595 0194 28       		.byte	0x28
 596 0195 00       		.byte	0
 597 0196 04       		.uleb128 0x4
 598 0197 AB000000 		.4byte	.LASF18
 599 019b 01       		.byte	0x1
 600 019c 23       		.byte	0x23
 601 019d 00000000 		.4byte	.LFB37
 602 01a1 32000000 		.4byte	.LFE37-.LFB37
 603 01a5 01       		.uleb128 0x1
 604 01a6 9C       		.byte	0x9c
 605 01a7 2F020000 		.4byte	0x22f
 606 01ab 09       		.uleb128 0x9
 607 01ac 08000000 		.4byte	.LVL16
 608 01b0 14040000 		.4byte	0x414
 609 01b4 BE010000 		.4byte	0x1be
 610 01b8 0A       		.uleb128 0xa
 611 01b9 01       		.uleb128 0x1
 612 01ba 50       		.byte	0x50
 613 01bb 01       		.uleb128 0x1
 614 01bc 30       		.byte	0x30
 615 01bd 00       		.byte	0
 616 01be 09       		.uleb128 0x9
 617 01bf 0E000000 		.4byte	.LVL17
 618 01c3 1F040000 		.4byte	0x41f
 619 01c7 D1010000 		.4byte	0x1d1
 620 01cb 0A       		.uleb128 0xa
 621 01cc 01       		.uleb128 0x1
 622 01cd 50       		.byte	0x50
 623 01ce 01       		.uleb128 0x1
 624 01cf 31       		.byte	0x31
 625 01d0 00       		.byte	0
 626 01d1 09       		.uleb128 0x9
 627 01d2 18000000 		.4byte	.LVL18
 628 01d6 E8030000 		.4byte	0x3e8
 629 01da E5010000 		.4byte	0x1e5
 630 01de 0A       		.uleb128 0xa
 631 01df 01       		.uleb128 0x1
 632 01e0 50       		.byte	0x50
 633 01e1 02       		.uleb128 0x2
 634 01e2 74       		.byte	0x74
 635 01e3 00       		.sleb128 0
 636 01e4 00       		.byte	0
 637 01e5 09       		.uleb128 0x9
 638 01e6 1E000000 		.4byte	.LVL19
 639 01ea 14040000 		.4byte	0x414
 640 01ee F8010000 		.4byte	0x1f8
ARM GAS  C:\Users\Jacob\AppData\Local\Temp\ccd8ysRe.s 			page 14


 641 01f2 0A       		.uleb128 0xa
 642 01f3 01       		.uleb128 0x1
 643 01f4 50       		.byte	0x50
 644 01f5 01       		.uleb128 0x1
 645 01f6 31       		.byte	0x31
 646 01f7 00       		.byte	0
 647 01f8 09       		.uleb128 0x9
 648 01f9 24000000 		.4byte	.LVL20
 649 01fd 1F040000 		.4byte	0x41f
 650 0201 0B020000 		.4byte	0x20b
 651 0205 0A       		.uleb128 0xa
 652 0206 01       		.uleb128 0x1
 653 0207 50       		.byte	0x50
 654 0208 01       		.uleb128 0x1
 655 0209 30       		.byte	0x30
 656 020a 00       		.byte	0
 657 020b 09       		.uleb128 0x9
 658 020c 2A000000 		.4byte	.LVL21
 659 0210 E8030000 		.4byte	0x3e8
 660 0214 1F020000 		.4byte	0x21f
 661 0218 0A       		.uleb128 0xa
 662 0219 01       		.uleb128 0x1
 663 021a 50       		.byte	0x50
 664 021b 02       		.uleb128 0x2
 665 021c 74       		.byte	0x74
 666 021d 00       		.sleb128 0
 667 021e 00       		.byte	0
 668 021f 0B       		.uleb128 0xb
 669 0220 30000000 		.4byte	.LVL22
 670 0224 14040000 		.4byte	0x414
 671 0228 0A       		.uleb128 0xa
 672 0229 01       		.uleb128 0x1
 673 022a 50       		.byte	0x50
 674 022b 01       		.uleb128 0x1
 675 022c 30       		.byte	0x30
 676 022d 00       		.byte	0
 677 022e 00       		.byte	0
 678 022f 04       		.uleb128 0x4
 679 0230 12020000 		.4byte	.LASF19
 680 0234 01       		.byte	0x1
 681 0235 2D       		.byte	0x2d
 682 0236 00000000 		.4byte	.LFB38
 683 023a 24000000 		.4byte	.LFE38-.LFB38
 684 023e 01       		.uleb128 0x1
 685 023f 9C       		.byte	0x9c
 686 0240 90020000 		.4byte	0x290
 687 0244 09       		.uleb128 0x9
 688 0245 08000000 		.4byte	.LVL23
 689 0249 2A040000 		.4byte	0x42a
 690 024d 58020000 		.4byte	0x258
 691 0251 0A       		.uleb128 0xa
 692 0252 01       		.uleb128 0x1
 693 0253 50       		.byte	0x50
 694 0254 02       		.uleb128 0x2
 695 0255 08       		.byte	0x8
 696 0256 32       		.byte	0x32
 697 0257 00       		.byte	0
ARM GAS  C:\Users\Jacob\AppData\Local\Temp\ccd8ysRe.s 			page 15


 698 0258 09       		.uleb128 0x9
 699 0259 10000000 		.4byte	.LVL24
 700 025d E8030000 		.4byte	0x3e8
 701 0261 6C020000 		.4byte	0x26c
 702 0265 0A       		.uleb128 0xa
 703 0266 01       		.uleb128 0x1
 704 0267 50       		.byte	0x50
 705 0268 02       		.uleb128 0x2
 706 0269 74       		.byte	0x74
 707 026a 00       		.sleb128 0
 708 026b 00       		.byte	0
 709 026c 09       		.uleb128 0x9
 710 026d 16000000 		.4byte	.LVL25
 711 0271 2A040000 		.4byte	0x42a
 712 0275 7F020000 		.4byte	0x27f
 713 0279 0A       		.uleb128 0xa
 714 027a 01       		.uleb128 0x1
 715 027b 50       		.byte	0x50
 716 027c 01       		.uleb128 0x1
 717 027d 30       		.byte	0x30
 718 027e 00       		.byte	0
 719 027f 0B       		.uleb128 0xb
 720 0280 1C000000 		.4byte	.LVL26
 721 0284 E8030000 		.4byte	0x3e8
 722 0288 0A       		.uleb128 0xa
 723 0289 01       		.uleb128 0x1
 724 028a 50       		.byte	0x50
 725 028b 02       		.uleb128 0x2
 726 028c 74       		.byte	0x74
 727 028d 00       		.sleb128 0
 728 028e 00       		.byte	0
 729 028f 00       		.byte	0
 730 0290 04       		.uleb128 0x4
 731 0291 B5000000 		.4byte	.LASF20
 732 0295 01       		.byte	0x1
 733 0296 34       		.byte	0x34
 734 0297 00000000 		.4byte	.LFB39
 735 029b 1A000000 		.4byte	.LFE39-.LFB39
 736 029f 01       		.uleb128 0x1
 737 02a0 9C       		.byte	0x9c
 738 02a1 DD020000 		.4byte	0x2dd
 739 02a5 0C       		.uleb128 0xc
 740 02a6 06000000 		.4byte	.LVL27
 741 02aa 35040000 		.4byte	0x435
 742 02ae 09       		.uleb128 0x9
 743 02af 0C000000 		.4byte	.LVL28
 744 02b3 2A040000 		.4byte	0x42a
 745 02b7 C1020000 		.4byte	0x2c1
 746 02bb 0A       		.uleb128 0xa
 747 02bc 01       		.uleb128 0x1
 748 02bd 50       		.byte	0x50
 749 02be 01       		.uleb128 0x1
 750 02bf 30       		.byte	0x30
 751 02c0 00       		.byte	0
 752 02c1 0C       		.uleb128 0xc
 753 02c2 10000000 		.4byte	.LVL29
 754 02c6 F3030000 		.4byte	0x3f3
ARM GAS  C:\Users\Jacob\AppData\Local\Temp\ccd8ysRe.s 			page 16


 755 02ca 0C       		.uleb128 0xc
 756 02cb 14000000 		.4byte	.LVL30
 757 02cf FE030000 		.4byte	0x3fe
 758 02d3 0C       		.uleb128 0xc
 759 02d4 18000000 		.4byte	.LVL31
 760 02d8 09040000 		.4byte	0x409
 761 02dc 00       		.byte	0
 762 02dd 0F       		.uleb128 0xf
 763 02de 07010000 		.4byte	.LASF38
 764 02e2 01       		.byte	0x1
 765 02e3 3C       		.byte	0x3c
 766 02e4 5D000000 		.4byte	0x5d
 767 02e8 00000000 		.4byte	.LFB40
 768 02ec 12000000 		.4byte	.LFE40-.LFB40
 769 02f0 01       		.uleb128 0x1
 770 02f1 9C       		.byte	0x9c
 771 02f2 29030000 		.4byte	0x329
 772 02f6 10       		.uleb128 0x10
 773 02f7 6E756D00 		.ascii	"num\000"
 774 02fb 01       		.byte	0x1
 775 02fc 3C       		.byte	0x3c
 776 02fd 5D000000 		.4byte	0x5d
 777 0301 5B000000 		.4byte	.LLST3
 778 0305 09       		.uleb128 0x9
 779 0306 0A000000 		.4byte	.LVL34
 780 030a BC030000 		.4byte	0x3bc
 781 030e 18030000 		.4byte	0x318
 782 0312 0A       		.uleb128 0xa
 783 0313 01       		.uleb128 0x1
 784 0314 50       		.byte	0x50
 785 0315 01       		.uleb128 0x1
 786 0316 32       		.byte	0x32
 787 0317 00       		.byte	0
 788 0318 0B       		.uleb128 0xb
 789 0319 10000000 		.4byte	.LVL35
 790 031d C7030000 		.4byte	0x3c7
 791 0321 0A       		.uleb128 0xa
 792 0322 01       		.uleb128 0x1
 793 0323 50       		.byte	0x50
 794 0324 02       		.uleb128 0x2
 795 0325 74       		.byte	0x74
 796 0326 00       		.sleb128 0
 797 0327 00       		.byte	0
 798 0328 00       		.byte	0
 799 0329 11       		.uleb128 0x11
 800 032a 08020000 		.4byte	.LASF39
 801 032e 01       		.byte	0x1
 802 032f 40       		.byte	0x40
 803 0330 00000000 		.4byte	.LFB41
 804 0334 0A000000 		.4byte	.LFE41-.LFB41
 805 0338 01       		.uleb128 0x1
 806 0339 9C       		.byte	0x9c
 807 033a 5F030000 		.4byte	0x35f
 808 033e 12       		.uleb128 0x12
 809 033f 8E020000 		.4byte	.LASF21
 810 0343 01       		.byte	0x1
 811 0344 40       		.byte	0x40
ARM GAS  C:\Users\Jacob\AppData\Local\Temp\ccd8ysRe.s 			page 17


 812 0345 5D000000 		.4byte	0x5d
 813 0349 87000000 		.4byte	.LLST4
 814 034d 0B       		.uleb128 0xb
 815 034e 08000000 		.4byte	.LVL39
 816 0352 2A040000 		.4byte	0x42a
 817 0356 0A       		.uleb128 0xa
 818 0357 01       		.uleb128 0x1
 819 0358 50       		.byte	0x50
 820 0359 03       		.uleb128 0x3
 821 035a F3       		.byte	0xf3
 822 035b 01       		.uleb128 0x1
 823 035c 50       		.byte	0x50
 824 035d 00       		.byte	0
 825 035e 00       		.byte	0
 826 035f 04       		.uleb128 0x4
 827 0360 E6000000 		.4byte	.LASF22
 828 0364 01       		.byte	0x1
 829 0365 45       		.byte	0x45
 830 0366 00000000 		.4byte	.LFB42
 831 036a 0C000000 		.4byte	.LFE42-.LFB42
 832 036e 01       		.uleb128 0x1
 833 036f 9C       		.byte	0x9c
 834 0370 87030000 		.4byte	0x387
 835 0374 0C       		.uleb128 0xc
 836 0375 06000000 		.4byte	.LVL40
 837 0379 96010000 		.4byte	0x196
 838 037d 0C       		.uleb128 0xc
 839 037e 0A000000 		.4byte	.LVL41
 840 0382 2F020000 		.4byte	0x22f
 841 0386 00       		.byte	0
 842 0387 13       		.uleb128 0x13
 843 0388 E1000000 		.4byte	.LASF40
 844 038c 01       		.byte	0x1
 845 038d 4B       		.byte	0x4b
 846 038e 5D000000 		.4byte	0x5d
 847 0392 00000000 		.4byte	.LFB43
 848 0396 10000000 		.4byte	.LFE43-.LFB43
 849 039a 01       		.uleb128 0x1
 850 039b 9C       		.byte	0x9c
 851 039c BC030000 		.4byte	0x3bc
 852 03a0 0C       		.uleb128 0xc
 853 03a1 06000000 		.4byte	.LVL42
 854 03a5 90020000 		.4byte	0x290
 855 03a9 0C       		.uleb128 0xc
 856 03aa 0A000000 		.4byte	.LVL43
 857 03ae 8E000000 		.4byte	0x8e
 858 03b2 0C       		.uleb128 0xc
 859 03b3 0E000000 		.4byte	.LVL44
 860 03b7 5F030000 		.4byte	0x35f
 861 03bb 00       		.byte	0
 862 03bc 14       		.uleb128 0x14
 863 03bd 62020000 		.4byte	.LASF23
 864 03c1 62020000 		.4byte	.LASF23
 865 03c5 02       		.byte	0x2
 866 03c6 9F       		.byte	0x9f
 867 03c7 14       		.uleb128 0x14
 868 03c8 CA000000 		.4byte	.LASF24
ARM GAS  C:\Users\Jacob\AppData\Local\Temp\ccd8ysRe.s 			page 18


 869 03cc CA000000 		.4byte	.LASF24
 870 03d0 02       		.byte	0x2
 871 03d1 A0       		.byte	0xa0
 872 03d2 14       		.uleb128 0x14
 873 03d3 96020000 		.4byte	.LASF25
 874 03d7 96020000 		.4byte	.LASF25
 875 03db 03       		.byte	0x3
 876 03dc E7       		.byte	0xe7
 877 03dd 14       		.uleb128 0x14
 878 03de 22000000 		.4byte	.LASF26
 879 03e2 22000000 		.4byte	.LASF26
 880 03e6 04       		.byte	0x4
 881 03e7 8B       		.byte	0x8b
 882 03e8 14       		.uleb128 0x14
 883 03e9 9E020000 		.4byte	.LASF27
 884 03ed 9E020000 		.4byte	.LASF27
 885 03f1 05       		.byte	0x5
 886 03f2 D9       		.byte	0xd9
 887 03f3 14       		.uleb128 0x14
 888 03f4 45020000 		.4byte	.LASF28
 889 03f8 45020000 		.4byte	.LASF28
 890 03fc 02       		.byte	0x2
 891 03fd 99       		.byte	0x99
 892 03fe 14       		.uleb128 0x14
 893 03ff 34020000 		.4byte	.LASF29
 894 0403 34020000 		.4byte	.LASF29
 895 0407 02       		.byte	0x2
 896 0408 9D       		.byte	0x9d
 897 0409 14       		.uleb128 0x14
 898 040a 17000000 		.4byte	.LASF30
 899 040e 17000000 		.4byte	.LASF30
 900 0412 04       		.byte	0x4
 901 0413 54       		.byte	0x54
 902 0414 14       		.uleb128 0x14
 903 0415 57000000 		.4byte	.LASF31
 904 0419 57000000 		.4byte	.LASF31
 905 041d 06       		.byte	0x6
 906 041e 33       		.byte	0x33
 907 041f 14       		.uleb128 0x14
 908 0420 44000000 		.4byte	.LASF32
 909 0424 44000000 		.4byte	.LASF32
 910 0428 07       		.byte	0x7
 911 0429 33       		.byte	0x33
 912 042a 14       		.uleb128 0x14
 913 042b 00000000 		.4byte	.LASF33
 914 042f 00000000 		.4byte	.LASF33
 915 0433 08       		.byte	0x8
 916 0434 C3       		.byte	0xc3
 917 0435 14       		.uleb128 0x14
 918 0436 1D020000 		.4byte	.LASF34
 919 043a 1D020000 		.4byte	.LASF34
 920 043e 08       		.byte	0x8
 921 043f 92       		.byte	0x92
 922 0440 00       		.byte	0
 923              		.section	.debug_abbrev,"",%progbits
 924              	.Ldebug_abbrev0:
 925 0000 01       		.uleb128 0x1
ARM GAS  C:\Users\Jacob\AppData\Local\Temp\ccd8ysRe.s 			page 19


 926 0001 11       		.uleb128 0x11
 927 0002 01       		.byte	0x1
 928 0003 25       		.uleb128 0x25
 929 0004 0E       		.uleb128 0xe
 930 0005 13       		.uleb128 0x13
 931 0006 0B       		.uleb128 0xb
 932 0007 03       		.uleb128 0x3
 933 0008 0E       		.uleb128 0xe
 934 0009 1B       		.uleb128 0x1b
 935 000a 0E       		.uleb128 0xe
 936 000b 55       		.uleb128 0x55
 937 000c 17       		.uleb128 0x17
 938 000d 11       		.uleb128 0x11
 939 000e 01       		.uleb128 0x1
 940 000f 10       		.uleb128 0x10
 941 0010 17       		.uleb128 0x17
 942 0011 00       		.byte	0
 943 0012 00       		.byte	0
 944 0013 02       		.uleb128 0x2
 945 0014 24       		.uleb128 0x24
 946 0015 00       		.byte	0
 947 0016 0B       		.uleb128 0xb
 948 0017 0B       		.uleb128 0xb
 949 0018 3E       		.uleb128 0x3e
 950 0019 0B       		.uleb128 0xb
 951 001a 03       		.uleb128 0x3
 952 001b 0E       		.uleb128 0xe
 953 001c 00       		.byte	0
 954 001d 00       		.byte	0
 955 001e 03       		.uleb128 0x3
 956 001f 24       		.uleb128 0x24
 957 0020 00       		.byte	0
 958 0021 0B       		.uleb128 0xb
 959 0022 0B       		.uleb128 0xb
 960 0023 3E       		.uleb128 0x3e
 961 0024 0B       		.uleb128 0xb
 962 0025 03       		.uleb128 0x3
 963 0026 08       		.uleb128 0x8
 964 0027 00       		.byte	0
 965 0028 00       		.byte	0
 966 0029 04       		.uleb128 0x4
 967 002a 2E       		.uleb128 0x2e
 968 002b 01       		.byte	0x1
 969 002c 3F       		.uleb128 0x3f
 970 002d 19       		.uleb128 0x19
 971 002e 03       		.uleb128 0x3
 972 002f 0E       		.uleb128 0xe
 973 0030 3A       		.uleb128 0x3a
 974 0031 0B       		.uleb128 0xb
 975 0032 3B       		.uleb128 0x3b
 976 0033 0B       		.uleb128 0xb
 977 0034 11       		.uleb128 0x11
 978 0035 01       		.uleb128 0x1
 979 0036 12       		.uleb128 0x12
 980 0037 06       		.uleb128 0x6
 981 0038 40       		.uleb128 0x40
 982 0039 18       		.uleb128 0x18
ARM GAS  C:\Users\Jacob\AppData\Local\Temp\ccd8ysRe.s 			page 20


 983 003a 9742     		.uleb128 0x2117
 984 003c 19       		.uleb128 0x19
 985 003d 01       		.uleb128 0x1
 986 003e 13       		.uleb128 0x13
 987 003f 00       		.byte	0
 988 0040 00       		.byte	0
 989 0041 05       		.uleb128 0x5
 990 0042 34       		.uleb128 0x34
 991 0043 00       		.byte	0
 992 0044 03       		.uleb128 0x3
 993 0045 0E       		.uleb128 0xe
 994 0046 3A       		.uleb128 0x3a
 995 0047 0B       		.uleb128 0xb
 996 0048 3B       		.uleb128 0x3b
 997 0049 0B       		.uleb128 0xb
 998 004a 49       		.uleb128 0x49
 999 004b 13       		.uleb128 0x13
 1000 004c 02       		.uleb128 0x2
 1001 004d 17       		.uleb128 0x17
 1002 004e 00       		.byte	0
 1003 004f 00       		.byte	0
 1004 0050 06       		.uleb128 0x6
 1005 0051 34       		.uleb128 0x34
 1006 0052 00       		.byte	0
 1007 0053 03       		.uleb128 0x3
 1008 0054 0E       		.uleb128 0xe
 1009 0055 3A       		.uleb128 0x3a
 1010 0056 0B       		.uleb128 0xb
 1011 0057 3B       		.uleb128 0x3b
 1012 0058 0B       		.uleb128 0xb
 1013 0059 49       		.uleb128 0x49
 1014 005a 13       		.uleb128 0x13
 1015 005b 02       		.uleb128 0x2
 1016 005c 18       		.uleb128 0x18
 1017 005d 00       		.byte	0
 1018 005e 00       		.byte	0
 1019 005f 07       		.uleb128 0x7
 1020 0060 0B       		.uleb128 0xb
 1021 0061 01       		.byte	0x1
 1022 0062 11       		.uleb128 0x11
 1023 0063 01       		.uleb128 0x1
 1024 0064 12       		.uleb128 0x12
 1025 0065 06       		.uleb128 0x6
 1026 0066 01       		.uleb128 0x1
 1027 0067 13       		.uleb128 0x13
 1028 0068 00       		.byte	0
 1029 0069 00       		.byte	0
 1030 006a 08       		.uleb128 0x8
 1031 006b 34       		.uleb128 0x34
 1032 006c 00       		.byte	0
 1033 006d 03       		.uleb128 0x3
 1034 006e 08       		.uleb128 0x8
 1035 006f 3A       		.uleb128 0x3a
 1036 0070 0B       		.uleb128 0xb
 1037 0071 3B       		.uleb128 0x3b
 1038 0072 0B       		.uleb128 0xb
 1039 0073 49       		.uleb128 0x49
ARM GAS  C:\Users\Jacob\AppData\Local\Temp\ccd8ysRe.s 			page 21


 1040 0074 13       		.uleb128 0x13
 1041 0075 02       		.uleb128 0x2
 1042 0076 17       		.uleb128 0x17
 1043 0077 00       		.byte	0
 1044 0078 00       		.byte	0
 1045 0079 09       		.uleb128 0x9
 1046 007a 898201   		.uleb128 0x4109
 1047 007d 01       		.byte	0x1
 1048 007e 11       		.uleb128 0x11
 1049 007f 01       		.uleb128 0x1
 1050 0080 31       		.uleb128 0x31
 1051 0081 13       		.uleb128 0x13
 1052 0082 01       		.uleb128 0x1
 1053 0083 13       		.uleb128 0x13
 1054 0084 00       		.byte	0
 1055 0085 00       		.byte	0
 1056 0086 0A       		.uleb128 0xa
 1057 0087 8A8201   		.uleb128 0x410a
 1058 008a 00       		.byte	0
 1059 008b 02       		.uleb128 0x2
 1060 008c 18       		.uleb128 0x18
 1061 008d 9142     		.uleb128 0x2111
 1062 008f 18       		.uleb128 0x18
 1063 0090 00       		.byte	0
 1064 0091 00       		.byte	0
 1065 0092 0B       		.uleb128 0xb
 1066 0093 898201   		.uleb128 0x4109
 1067 0096 01       		.byte	0x1
 1068 0097 11       		.uleb128 0x11
 1069 0098 01       		.uleb128 0x1
 1070 0099 31       		.uleb128 0x31
 1071 009a 13       		.uleb128 0x13
 1072 009b 00       		.byte	0
 1073 009c 00       		.byte	0
 1074 009d 0C       		.uleb128 0xc
 1075 009e 898201   		.uleb128 0x4109
 1076 00a1 00       		.byte	0
 1077 00a2 11       		.uleb128 0x11
 1078 00a3 01       		.uleb128 0x1
 1079 00a4 31       		.uleb128 0x31
 1080 00a5 13       		.uleb128 0x13
 1081 00a6 00       		.byte	0
 1082 00a7 00       		.byte	0
 1083 00a8 0D       		.uleb128 0xd
 1084 00a9 01       		.uleb128 0x1
 1085 00aa 01       		.byte	0x1
 1086 00ab 49       		.uleb128 0x49
 1087 00ac 13       		.uleb128 0x13
 1088 00ad 01       		.uleb128 0x1
 1089 00ae 13       		.uleb128 0x13
 1090 00af 00       		.byte	0
 1091 00b0 00       		.byte	0
 1092 00b1 0E       		.uleb128 0xe
 1093 00b2 21       		.uleb128 0x21
 1094 00b3 00       		.byte	0
 1095 00b4 49       		.uleb128 0x49
 1096 00b5 13       		.uleb128 0x13
ARM GAS  C:\Users\Jacob\AppData\Local\Temp\ccd8ysRe.s 			page 22


 1097 00b6 2F       		.uleb128 0x2f
 1098 00b7 0B       		.uleb128 0xb
 1099 00b8 00       		.byte	0
 1100 00b9 00       		.byte	0
 1101 00ba 0F       		.uleb128 0xf
 1102 00bb 2E       		.uleb128 0x2e
 1103 00bc 01       		.byte	0x1
 1104 00bd 3F       		.uleb128 0x3f
 1105 00be 19       		.uleb128 0x19
 1106 00bf 03       		.uleb128 0x3
 1107 00c0 0E       		.uleb128 0xe
 1108 00c1 3A       		.uleb128 0x3a
 1109 00c2 0B       		.uleb128 0xb
 1110 00c3 3B       		.uleb128 0x3b
 1111 00c4 0B       		.uleb128 0xb
 1112 00c5 27       		.uleb128 0x27
 1113 00c6 19       		.uleb128 0x19
 1114 00c7 49       		.uleb128 0x49
 1115 00c8 13       		.uleb128 0x13
 1116 00c9 11       		.uleb128 0x11
 1117 00ca 01       		.uleb128 0x1
 1118 00cb 12       		.uleb128 0x12
 1119 00cc 06       		.uleb128 0x6
 1120 00cd 40       		.uleb128 0x40
 1121 00ce 18       		.uleb128 0x18
 1122 00cf 9742     		.uleb128 0x2117
 1123 00d1 19       		.uleb128 0x19
 1124 00d2 01       		.uleb128 0x1
 1125 00d3 13       		.uleb128 0x13
 1126 00d4 00       		.byte	0
 1127 00d5 00       		.byte	0
 1128 00d6 10       		.uleb128 0x10
 1129 00d7 05       		.uleb128 0x5
 1130 00d8 00       		.byte	0
 1131 00d9 03       		.uleb128 0x3
 1132 00da 08       		.uleb128 0x8
 1133 00db 3A       		.uleb128 0x3a
 1134 00dc 0B       		.uleb128 0xb
 1135 00dd 3B       		.uleb128 0x3b
 1136 00de 0B       		.uleb128 0xb
 1137 00df 49       		.uleb128 0x49
 1138 00e0 13       		.uleb128 0x13
 1139 00e1 02       		.uleb128 0x2
 1140 00e2 17       		.uleb128 0x17
 1141 00e3 00       		.byte	0
 1142 00e4 00       		.byte	0
 1143 00e5 11       		.uleb128 0x11
 1144 00e6 2E       		.uleb128 0x2e
 1145 00e7 01       		.byte	0x1
 1146 00e8 3F       		.uleb128 0x3f
 1147 00e9 19       		.uleb128 0x19
 1148 00ea 03       		.uleb128 0x3
 1149 00eb 0E       		.uleb128 0xe
 1150 00ec 3A       		.uleb128 0x3a
 1151 00ed 0B       		.uleb128 0xb
 1152 00ee 3B       		.uleb128 0x3b
 1153 00ef 0B       		.uleb128 0xb
ARM GAS  C:\Users\Jacob\AppData\Local\Temp\ccd8ysRe.s 			page 23


 1154 00f0 27       		.uleb128 0x27
 1155 00f1 19       		.uleb128 0x19
 1156 00f2 11       		.uleb128 0x11
 1157 00f3 01       		.uleb128 0x1
 1158 00f4 12       		.uleb128 0x12
 1159 00f5 06       		.uleb128 0x6
 1160 00f6 40       		.uleb128 0x40
 1161 00f7 18       		.uleb128 0x18
 1162 00f8 9742     		.uleb128 0x2117
 1163 00fa 19       		.uleb128 0x19
 1164 00fb 01       		.uleb128 0x1
 1165 00fc 13       		.uleb128 0x13
 1166 00fd 00       		.byte	0
 1167 00fe 00       		.byte	0
 1168 00ff 12       		.uleb128 0x12
 1169 0100 05       		.uleb128 0x5
 1170 0101 00       		.byte	0
 1171 0102 03       		.uleb128 0x3
 1172 0103 0E       		.uleb128 0xe
 1173 0104 3A       		.uleb128 0x3a
 1174 0105 0B       		.uleb128 0xb
 1175 0106 3B       		.uleb128 0x3b
 1176 0107 0B       		.uleb128 0xb
 1177 0108 49       		.uleb128 0x49
 1178 0109 13       		.uleb128 0x13
 1179 010a 02       		.uleb128 0x2
 1180 010b 17       		.uleb128 0x17
 1181 010c 00       		.byte	0
 1182 010d 00       		.byte	0
 1183 010e 13       		.uleb128 0x13
 1184 010f 2E       		.uleb128 0x2e
 1185 0110 01       		.byte	0x1
 1186 0111 3F       		.uleb128 0x3f
 1187 0112 19       		.uleb128 0x19
 1188 0113 03       		.uleb128 0x3
 1189 0114 0E       		.uleb128 0xe
 1190 0115 3A       		.uleb128 0x3a
 1191 0116 0B       		.uleb128 0xb
 1192 0117 3B       		.uleb128 0x3b
 1193 0118 0B       		.uleb128 0xb
 1194 0119 27       		.uleb128 0x27
 1195 011a 19       		.uleb128 0x19
 1196 011b 49       		.uleb128 0x49
 1197 011c 13       		.uleb128 0x13
 1198 011d 8701     		.uleb128 0x87
 1199 011f 19       		.uleb128 0x19
 1200 0120 11       		.uleb128 0x11
 1201 0121 01       		.uleb128 0x1
 1202 0122 12       		.uleb128 0x12
 1203 0123 06       		.uleb128 0x6
 1204 0124 40       		.uleb128 0x40
 1205 0125 18       		.uleb128 0x18
 1206 0126 9742     		.uleb128 0x2117
 1207 0128 19       		.uleb128 0x19
 1208 0129 01       		.uleb128 0x1
 1209 012a 13       		.uleb128 0x13
 1210 012b 00       		.byte	0
ARM GAS  C:\Users\Jacob\AppData\Local\Temp\ccd8ysRe.s 			page 24


 1211 012c 00       		.byte	0
 1212 012d 14       		.uleb128 0x14
 1213 012e 2E       		.uleb128 0x2e
 1214 012f 00       		.byte	0
 1215 0130 3F       		.uleb128 0x3f
 1216 0131 19       		.uleb128 0x19
 1217 0132 3C       		.uleb128 0x3c
 1218 0133 19       		.uleb128 0x19
 1219 0134 6E       		.uleb128 0x6e
 1220 0135 0E       		.uleb128 0xe
 1221 0136 03       		.uleb128 0x3
 1222 0137 0E       		.uleb128 0xe
 1223 0138 3A       		.uleb128 0x3a
 1224 0139 0B       		.uleb128 0xb
 1225 013a 3B       		.uleb128 0x3b
 1226 013b 0B       		.uleb128 0xb
 1227 013c 00       		.byte	0
 1228 013d 00       		.byte	0
 1229 013e 00       		.byte	0
 1230              		.section	.debug_loc,"",%progbits
 1231              	.Ldebug_loc0:
 1232              	.LLST0:
 1233 0000 3E000000 		.4byte	.LVL6
 1234 0004 40000000 		.4byte	.LVL7
 1235 0008 0100     		.2byte	0x1
 1236 000a 50       		.byte	0x50
 1237 000b 40000000 		.4byte	.LVL7
 1238 000f 5E000000 		.4byte	.LVL14
 1239 0013 0100     		.2byte	0x1
 1240 0015 55       		.byte	0x55
 1241 0016 00000000 		.4byte	0
 1242 001a 00000000 		.4byte	0
 1243              	.LLST1:
 1244 001e 46000000 		.4byte	.LVL9
 1245 0022 4C000000 		.4byte	.LVL10
 1246 0026 0100     		.2byte	0x1
 1247 0028 50       		.byte	0x50
 1248 0029 4C000000 		.4byte	.LVL10
 1249 002d 4F000000 		.4byte	.LVL11-1
 1250 0031 0100     		.2byte	0x1
 1251 0033 53       		.byte	0x53
 1252 0034 00000000 		.4byte	0
 1253 0038 00000000 		.4byte	0
 1254              	.LLST2:
 1255 003c 2C000000 		.4byte	.LVL2
 1256 0040 30000000 		.4byte	.LVL3
 1257 0044 0200     		.2byte	0x2
 1258 0046 30       		.byte	0x30
 1259 0047 9F       		.byte	0x9f
 1260 0048 30000000 		.4byte	.LVL3
 1261 004c 64000000 		.4byte	.LVL15
 1262 0050 0100     		.2byte	0x1
 1263 0052 54       		.byte	0x54
 1264 0053 00000000 		.4byte	0
 1265 0057 00000000 		.4byte	0
 1266              	.LLST3:
 1267 005b 00000000 		.4byte	.LVL32
ARM GAS  C:\Users\Jacob\AppData\Local\Temp\ccd8ysRe.s 			page 25


 1268 005f 06000000 		.4byte	.LVL33
 1269 0063 0100     		.2byte	0x1
 1270 0065 50       		.byte	0x50
 1271 0066 06000000 		.4byte	.LVL33
 1272 006a 10000000 		.4byte	.LVL36
 1273 006e 0100     		.2byte	0x1
 1274 0070 54       		.byte	0x54
 1275 0071 10000000 		.4byte	.LVL36
 1276 0075 12000000 		.4byte	.LFE40
 1277 0079 0400     		.2byte	0x4
 1278 007b F3       		.byte	0xf3
 1279 007c 01       		.uleb128 0x1
 1280 007d 50       		.byte	0x50
 1281 007e 9F       		.byte	0x9f
 1282 007f 00000000 		.4byte	0
 1283 0083 00000000 		.4byte	0
 1284              	.LLST4:
 1285 0087 00000000 		.4byte	.LVL37
 1286 008b 04000000 		.4byte	.LVL38
 1287 008f 0100     		.2byte	0x1
 1288 0091 50       		.byte	0x50
 1289 0092 04000000 		.4byte	.LVL38
 1290 0096 0A000000 		.4byte	.LFE41
 1291 009a 0400     		.2byte	0x4
 1292 009c F3       		.byte	0xf3
 1293 009d 01       		.uleb128 0x1
 1294 009e 50       		.byte	0x50
 1295 009f 9F       		.byte	0x9f
 1296 00a0 00000000 		.4byte	0
 1297 00a4 00000000 		.4byte	0
 1298              		.section	.debug_aranges,"",%progbits
 1299 0000 54000000 		.4byte	0x54
 1300 0004 0200     		.2byte	0x2
 1301 0006 00000000 		.4byte	.Ldebug_info0
 1302 000a 04       		.byte	0x4
 1303 000b 00       		.byte	0
 1304 000c 0000     		.2byte	0
 1305 000e 0000     		.2byte	0
 1306 0010 00000000 		.4byte	.LFB36
 1307 0014 70000000 		.4byte	.LFE36-.LFB36
 1308 0018 00000000 		.4byte	.LFB37
 1309 001c 32000000 		.4byte	.LFE37-.LFB37
 1310 0020 00000000 		.4byte	.LFB38
 1311 0024 24000000 		.4byte	.LFE38-.LFB38
 1312 0028 00000000 		.4byte	.LFB39
 1313 002c 1A000000 		.4byte	.LFE39-.LFB39
 1314 0030 00000000 		.4byte	.LFB40
 1315 0034 12000000 		.4byte	.LFE40-.LFB40
 1316 0038 00000000 		.4byte	.LFB41
 1317 003c 0A000000 		.4byte	.LFE41-.LFB41
 1318 0040 00000000 		.4byte	.LFB42
 1319 0044 0C000000 		.4byte	.LFE42-.LFB42
 1320 0048 00000000 		.4byte	.LFB43
 1321 004c 10000000 		.4byte	.LFE43-.LFB43
 1322 0050 00000000 		.4byte	0
 1323 0054 00000000 		.4byte	0
 1324              		.section	.debug_ranges,"",%progbits
ARM GAS  C:\Users\Jacob\AppData\Local\Temp\ccd8ysRe.s 			page 26


 1325              	.Ldebug_ranges0:
 1326 0000 00000000 		.4byte	.LFB36
 1327 0004 70000000 		.4byte	.LFE36
 1328 0008 00000000 		.4byte	.LFB37
 1329 000c 32000000 		.4byte	.LFE37
 1330 0010 00000000 		.4byte	.LFB38
 1331 0014 24000000 		.4byte	.LFE38
 1332 0018 00000000 		.4byte	.LFB39
 1333 001c 1A000000 		.4byte	.LFE39
 1334 0020 00000000 		.4byte	.LFB40
 1335 0024 12000000 		.4byte	.LFE40
 1336 0028 00000000 		.4byte	.LFB41
 1337 002c 0A000000 		.4byte	.LFE41
 1338 0030 00000000 		.4byte	.LFB42
 1339 0034 0C000000 		.4byte	.LFE42
 1340 0038 00000000 		.4byte	.LFB43
 1341 003c 10000000 		.4byte	.LFE43
 1342 0040 00000000 		.4byte	0
 1343 0044 00000000 		.4byte	0
 1344              		.section	.debug_line,"",%progbits
 1345              	.Ldebug_line0:
 1346 0000 C2010000 		.section	.debug_str,"MS",%progbits,1
 1346      0200EC00 
 1346      00000201 
 1346      FB0E0D00 
 1346      01010101 
 1347              	.LASF33:
 1348 0000 70776D42 		.ascii	"pwmBuzzer_WriteCompare\000"
 1348      757A7A65 
 1348      725F5772 
 1348      69746543 
 1348      6F6D7061 
 1349              	.LASF30:
 1350 0017 75617274 		.ascii	"uart_Start\000"
 1350      5F537461 
 1350      727400
 1351              	.LASF26:
 1352 0022 75617274 		.ascii	"uart_PutString\000"
 1352      5F507574 
 1352      53747269 
 1352      6E6700
 1353              	.LASF3:
 1354 0031 73686F72 		.ascii	"short unsigned int\000"
 1354      7420756E 
 1354      7369676E 
 1354      65642069 
 1354      6E7400
 1355              	.LASF32:
 1356 0044 6D6F746F 		.ascii	"motorB_Write\000"
 1356      72425F57 
 1356      72697465 
 1356      00
 1357              	.LASF9:
 1358 0051 666C6F61 		.ascii	"float\000"
 1358      7400
 1359              	.LASF31:
 1360 0057 6D6F746F 		.ascii	"motorA_Write\000"
ARM GAS  C:\Users\Jacob\AppData\Local\Temp\ccd8ysRe.s 			page 27


 1360      72415F57 
 1360      72697465 
 1360      00
 1361              	.LASF7:
 1362 0064 6C6F6E67 		.ascii	"long long unsigned int\000"
 1362      206C6F6E 
 1362      6720756E 
 1362      7369676E 
 1362      65642069 
 1363              	.LASF1:
 1364 007b 756E7369 		.ascii	"unsigned char\000"
 1364      676E6564 
 1364      20636861 
 1364      7200
 1365              	.LASF5:
 1366 0089 6C6F6E67 		.ascii	"long unsigned int\000"
 1366      20756E73 
 1366      69676E65 
 1366      6420696E 
 1366      7400
 1367              	.LASF14:
 1368 009b 616E616C 		.ascii	"analog1\000"
 1368      6F673100 
 1369              	.LASF15:
 1370 00a3 616E616C 		.ascii	"analog2\000"
 1370      6F673200 
 1371              	.LASF18:
 1372 00ab 74657374 		.ascii	"testMotor\000"
 1372      4D6F746F 
 1372      7200
 1373              	.LASF20:
 1374 00b5 696E6974 		.ascii	"initializeSubsystems\000"
 1374      69616C69 
 1374      7A655375 
 1374      62737973 
 1374      74656D73 
 1375              	.LASF24:
 1376 00ca 6164635F 		.ascii	"adc_GetResult16\000"
 1376      47657452 
 1376      6573756C 
 1376      74313600 
 1377              	.LASF10:
 1378 00da 646F7562 		.ascii	"double\000"
 1378      6C6500
 1379              	.LASF40:
 1380 00e1 6D61696E 		.ascii	"main\000"
 1380      00
 1381              	.LASF22:
 1382 00e6 74657374 		.ascii	"testSubsystems\000"
 1382      53756273 
 1382      79737465 
 1382      6D7300
 1383              	.LASF8:
 1384 00f5 756E7369 		.ascii	"unsigned int\000"
 1384      676E6564 
 1384      20696E74 
 1384      00
ARM GAS  C:\Users\Jacob\AppData\Local\Temp\ccd8ysRe.s 			page 28


 1385              	.LASF11:
 1386 0102 63686172 		.ascii	"char\000"
 1386      00
 1387              	.LASF38:
 1388 0107 666C6578 		.ascii	"flexGet\000"
 1388      47657400 
 1389              	.LASF17:
 1390 010f 74657374 		.ascii	"testFlex\000"
 1390      466C6578 
 1390      00
 1391              	.LASF37:
 1392 0118 433A5C55 		.ascii	"C:\\Users\\Jacob\\Documents\\Junior\\EGR 304\\EGR30"
 1392      73657273 
 1392      5C4A6163 
 1392      6F625C44 
 1392      6F63756D 
 1393 0145 345C5065 		.ascii	"4\\PeacefulPillow.cydsn\000"
 1393      61636566 
 1393      756C5069 
 1393      6C6C6F77 
 1393      2E637964 
 1394              	.LASF35:
 1395 015c 474E5520 		.ascii	"GNU C11 5.4.1 20160609 (release) [ARM/embedded-5-br"
 1395      43313120 
 1395      352E342E 
 1395      31203230 
 1395      31363036 
 1396 018f 616E6368 		.ascii	"anch revision 237715] -mcpu=cortex-m0 -mthumb -g -O"
 1396      20726576 
 1396      6973696F 
 1396      6E203233 
 1396      37373135 
 1397 01c2 67202D66 		.ascii	"g -ffunction-sections -ffat-lto-objects\000"
 1397      66756E63 
 1397      74696F6E 
 1397      2D736563 
 1397      74696F6E 
 1398              	.LASF13:
 1399 01ea 73697A65 		.ascii	"sizetype\000"
 1399      74797065 
 1399      00
 1400              	.LASF6:
 1401 01f3 6C6F6E67 		.ascii	"long long int\000"
 1401      206C6F6E 
 1401      6720696E 
 1401      7400
 1402              	.LASF36:
 1403 0201 6D61696E 		.ascii	"main.c\000"
 1403      2E6300
 1404              	.LASF39:
 1405 0208 62757A7A 		.ascii	"buzzerSet\000"
 1405      65725365 
 1405      7400
 1406              	.LASF19:
 1407 0212 74657374 		.ascii	"testBuzzer\000"
 1407      42757A7A 
 1407      657200
ARM GAS  C:\Users\Jacob\AppData\Local\Temp\ccd8ysRe.s 			page 29


 1408              	.LASF34:
 1409 021d 70776D42 		.ascii	"pwmBuzzer_Start\000"
 1409      757A7A65 
 1409      725F5374 
 1409      61727400 
 1410              	.LASF16:
 1411 022d 62756666 		.ascii	"buffer\000"
 1411      657200
 1412              	.LASF29:
 1413 0234 6164635F 		.ascii	"adc_StartConvert\000"
 1413      53746172 
 1413      74436F6E 
 1413      76657274 
 1413      00
 1414              	.LASF28:
 1415 0245 6164635F 		.ascii	"adc_Start\000"
 1415      53746172 
 1415      7400
 1416              	.LASF2:
 1417 024f 73686F72 		.ascii	"short int\000"
 1417      7420696E 
 1417      7400
 1418              	.LASF4:
 1419 0259 6C6F6E67 		.ascii	"long int\000"
 1419      20696E74 
 1419      00
 1420              	.LASF23:
 1421 0262 6164635F 		.ascii	"adc_IsEndConversion\000"
 1421      4973456E 
 1421      64436F6E 
 1421      76657273 
 1421      696F6E00 
 1422              	.LASF12:
 1423 0276 6C6F6E67 		.ascii	"long double\000"
 1423      20646F75 
 1423      626C6500 
 1424              	.LASF0:
 1425 0282 7369676E 		.ascii	"signed char\000"
 1425      65642063 
 1425      68617200 
 1426              	.LASF21:
 1427 028e 636F6D70 		.ascii	"compare\000"
 1427      61726500 
 1428              	.LASF25:
 1429 0296 73707269 		.ascii	"sprintf\000"
 1429      6E746600 
 1430              	.LASF27:
 1431 029e 43794465 		.ascii	"CyDelay\000"
 1431      6C617900 
 1432              		.ident	"GCC: (GNU Tools for ARM Embedded Processors) 5.4.1 20160609 (release) [ARM/embedded-5-bran
