(---------------------------------------------------------------------)
(                                                                     )
(    CREATE SYMBOL                                                    )
(                                                                     )
(    Drawing          : 2piinheader.dra                               )
(    Software Version : 16.6-2015S062                                 )
(    Date/Time        : Fri Sep 22 20:29:17 2017                      )
(                                                                     )
(---------------------------------------------------------------------)


Create Symbol of type: PACKAGE
    Directory = C:/Users/Jacob/Documents/Junior/EGR 304/Cadence/symbols
    Name      = 2piinheader.psm
    User      = Jacob
    Machine   = JACOB-Y50


Create symbol started.
 
 WARNING(SPMHA1-299): Create symbol multiple text lines are not supported on a single component type subclass. 
    Item=1, Text= 'J*' Layer= REF DES/ASSEMBLY_TOP Location= (0 0)
    Item=2, Text= 'J*' Layer= REF DES/ASSEMBLY_TOP Location= (0 0)

 WARNING(SPMHA1-299): Create symbol multiple text lines are not supported on a single component type subclass. 
    Item=1, Text= 'J*' Layer= REF DES/SILKSCREEN_TOP Location= (-2 7)
    Item=2, Text= 'J*' Layer= REF DES/SILKSCREEN_TOP Location= (-18 63)

 WARNING(SPMHA1-299): Create symbol multiple text lines are not supported on a single component type subclass. 

ERROR(SPMHA1-291): Create symbol has been aborted.

