ARM GAS  C:\Users\Jacob\AppData\Local\Temp\ccWG8Gre.s 			page 1


   1              		.syntax unified
   2              		.cpu cortex-m3
   3              		.fpu softvfp
   4              		.eabi_attribute 20, 1
   5              		.eabi_attribute 21, 1
   6              		.eabi_attribute 23, 3
   7              		.eabi_attribute 24, 1
   8              		.eabi_attribute 25, 1
   9              		.eabi_attribute 26, 1
  10              		.eabi_attribute 30, 1
  11              		.eabi_attribute 34, 1
  12              		.eabi_attribute 18, 4
  13              		.thumb
  14              		.syntax unified
  15              		.file	"cymetadata.c"
  16              		.text
  17              	.Ltext0:
  18              		.cfi_sections	.debug_frame
  19              		.global	cy_metadata
  20              		.global	cy_meta_flashprotect
  21              		.global	cy_meta_wonvl
  22              		.global	cy_meta_custnvl
  23              		.global	cy_meta_configecc
  24              		.section	.cyconfigecc,"a",%progbits
  25              		.align	2
  26              		.type	cy_meta_configecc, %object
  27              		.size	cy_meta_configecc, 1296
  28              	cy_meta_configecc:
  29 0000 02       		.byte	2
  30 0001 52       		.byte	82
  31 0002 00       		.byte	0
  32 0003 40       		.byte	64
  33 0004 03       		.byte	3
  34 0005 64       		.byte	100
  35 0006 00       		.byte	0
  36 0007 40       		.byte	64
  37 0008 01       		.byte	1
  38 0009 65       		.byte	101
  39 000a 00       		.byte	0
  40 000b 40       		.byte	64
  41 000c 01       		.byte	1
  42 000d 05       		.byte	5
  43 000e 01       		.byte	1
  44 000f 40       		.byte	64
  45 0010 01       		.byte	1
  46 0011 07       		.byte	7
  47 0012 01       		.byte	1
  48 0013 40       		.byte	64
  49 0014 5B       		.byte	91
  50 0015 08       		.byte	8
  51 0016 01       		.byte	1
  52 0017 40       		.byte	64
  53 0018 36       		.byte	54
  54 0019 09       		.byte	9
  55 001a 01       		.byte	1
  56 001b 40       		.byte	64
  57 001c 44       		.byte	68
ARM GAS  C:\Users\Jacob\AppData\Local\Temp\ccWG8Gre.s 			page 2


  58 001d 0A       		.byte	10
  59 001e 01       		.byte	1
  60 001f 40       		.byte	64
  61 0020 2A       		.byte	42
  62 0021 0B       		.byte	11
  63 0022 01       		.byte	1
  64 0023 40       		.byte	64
  65 0024 4A       		.byte	74
  66 0025 18       		.byte	24
  67 0026 01       		.byte	1
  68 0027 40       		.byte	64
  69 0028 3E       		.byte	62
  70 0029 19       		.byte	25
  71 002a 01       		.byte	1
  72 002b 40       		.byte	64
  73 002c 5D       		.byte	93
  74 002d 1A       		.byte	26
  75 002e 01       		.byte	1
  76 002f 40       		.byte	64
  77 0030 41       		.byte	65
  78 0031 1B       		.byte	27
  79 0032 01       		.byte	1
  80 0033 40       		.byte	64
  81 0034 02       		.byte	2
  82 0035 40       		.byte	64
  83 0036 01       		.byte	1
  84 0037 40       		.byte	64
  85 0038 03       		.byte	3
  86 0039 41       		.byte	65
  87 003a 01       		.byte	1
  88 003b 40       		.byte	64
  89 003c 03       		.byte	3
  90 003d 42       		.byte	66
  91 003e 01       		.byte	1
  92 003f 40       		.byte	64
  93 0040 02       		.byte	2
  94 0041 43       		.byte	67
  95 0042 01       		.byte	1
  96 0043 40       		.byte	64
  97 0044 05       		.byte	5
  98 0045 47       		.byte	71
  99 0046 01       		.byte	1
 100 0047 40       		.byte	64
 101 0048 10       		.byte	16
 102 0049 4C       		.byte	76
 103 004a 01       		.byte	1
 104 004b 40       		.byte	64
 105 004c 04       		.byte	4
 106 004d 50       		.byte	80
 107 004e 01       		.byte	1
 108 004f 40       		.byte	64
 109 0050 01       		.byte	1
 110 0051 51       		.byte	81
 111 0052 01       		.byte	1
 112 0053 40       		.byte	64
 113 0054 08       		.byte	8
 114 0055 80       		.byte	-128
ARM GAS  C:\Users\Jacob\AppData\Local\Temp\ccWG8Gre.s 			page 3


 115 0056 09       		.byte	9
 116 0057 84       		.byte	-124
 117 0058 88       		.byte	-120
 118 0059 0F       		.byte	15
 119 005a 89       		.byte	-119
 120 005b 0F       		.byte	15
 121 005c 8B       		.byte	-117
 122 005d 0F       		.byte	15
 123 005e 88       		.byte	-120
 124 005f 6F       		.byte	111
 125 0060 E2       		.byte	-30
 126 0061 80       		.byte	-128
 127 0062 EE       		.byte	-18
 128 0063 08       		.byte	8
 129 0064 03       		.byte	3
 130 0065 01       		.byte	1
 131 0066 0D       		.byte	13
 132 0067 96       		.byte	-106
 133 0068 0F       		.byte	15
 134 0069 68       		.byte	104
 135 006a 11       		.byte	17
 136 006b 7F       		.byte	127
 137 006c 12       		.byte	18
 138 006d 01       		.byte	1
 139 006e 15       		.byte	21
 140 006f FE       		.byte	-2
 141 0070 17       		.byte	23
 142 0071 01       		.byte	1
 143 0072 1D       		.byte	29
 144 0073 C5       		.byte	-59
 145 0074 1F       		.byte	31
 146 0075 3A       		.byte	58
 147 0076 25       		.byte	37
 148 0077 0E       		.byte	14
 149 0078 27       		.byte	39
 150 0079 F0       		.byte	-16
 151 007a 2D       		.byte	45
 152 007b A3       		.byte	-93
 153 007c 2F       		.byte	47
 154 007d 5C       		.byte	92
 155 007e 30       		.byte	48
 156 007f 01       		.byte	1
 157 0080 35       		.byte	53
 158 0081 FF       		.byte	-1
 159 0082 36       		.byte	54
 160 0083 01       		.byte	1
 161 0084 3F       		.byte	63
 162 0085 10       		.byte	16
 163 0086 40       		.byte	64
 164 0087 10       		.byte	16
 165 0088 41       		.byte	65
 166 0089 06       		.byte	6
 167 008a 49       		.byte	73
 168 008b FF       		.byte	-1
 169 008c 4A       		.byte	74
 170 008d FF       		.byte	-1
 171 008e 4B       		.byte	75
ARM GAS  C:\Users\Jacob\AppData\Local\Temp\ccWG8Gre.s 			page 4


 172 008f FF       		.byte	-1
 173 0090 4D       		.byte	77
 174 0091 A0       		.byte	-96
 175 0092 4F       		.byte	79
 176 0093 04       		.byte	4
 177 0094 50       		.byte	80
 178 0095 18       		.byte	24
 179 0096 54       		.byte	84
 180 0097 0F       		.byte	15
 181 0098 56       		.byte	86
 182 0099 04       		.byte	4
 183 009a 58       		.byte	88
 184 009b 04       		.byte	4
 185 009c 59       		.byte	89
 186 009d 04       		.byte	4
 187 009e 5A       		.byte	90
 188 009f 04       		.byte	4
 189 00a0 5B       		.byte	91
 190 00a1 04       		.byte	4
 191 00a2 5C       		.byte	92
 192 00a3 02       		.byte	2
 193 00a4 5D       		.byte	93
 194 00a5 02       		.byte	2
 195 00a6 5F       		.byte	95
 196 00a7 01       		.byte	1
 197 00a8 60       		.byte	96
 198 00a9 40       		.byte	64
 199 00aa 62       		.byte	98
 200 00ab C0       		.byte	-64
 201 00ac 64       		.byte	100
 202 00ad 40       		.byte	64
 203 00ae 65       		.byte	101
 204 00af 40       		.byte	64
 205 00b0 66       		.byte	102
 206 00b1 C0       		.byte	-64
 207 00b2 68       		.byte	104
 208 00b3 C0       		.byte	-64
 209 00b4 6A       		.byte	106
 210 00b5 C0       		.byte	-64
 211 00b6 6C       		.byte	108
 212 00b7 C0       		.byte	-64
 213 00b8 6E       		.byte	110
 214 00b9 C0       		.byte	-64
 215 00ba 84       		.byte	-124
 216 00bb 04       		.byte	4
 217 00bc 97       		.byte	-105
 218 00bd 08       		.byte	8
 219 00be 9B       		.byte	-101
 220 00bf 05       		.byte	5
 221 00c0 9E       		.byte	-98
 222 00c1 02       		.byte	2
 223 00c2 9F       		.byte	-97
 224 00c3 02       		.byte	2
 225 00c4 A2       		.byte	-94
 226 00c5 03       		.byte	3
 227 00c6 A5       		.byte	-91
 228 00c7 02       		.byte	2
ARM GAS  C:\Users\Jacob\AppData\Local\Temp\ccWG8Gre.s 			page 5


 229 00c8 A6       		.byte	-90
 230 00c9 04       		.byte	4
 231 00ca AF       		.byte	-81
 232 00cb 0C       		.byte	12
 233 00cc B0       		.byte	-80
 234 00cd 02       		.byte	2
 235 00ce B1       		.byte	-79
 236 00cf 02       		.byte	2
 237 00d0 B2       		.byte	-78
 238 00d1 01       		.byte	1
 239 00d2 B3       		.byte	-77
 240 00d3 08       		.byte	8
 241 00d4 B4       		.byte	-76
 242 00d5 04       		.byte	4
 243 00d6 B5       		.byte	-75
 244 00d7 01       		.byte	1
 245 00d8 B7       		.byte	-73
 246 00d9 04       		.byte	4
 247 00da BF       		.byte	-65
 248 00db 04       		.byte	4
 249 00dc C0       		.byte	-64
 250 00dd 40       		.byte	64
 251 00de C1       		.byte	-63
 252 00df 06       		.byte	6
 253 00e0 C5       		.byte	-59
 254 00e1 D5       		.byte	-43
 255 00e2 C6       		.byte	-58
 256 00e3 01       		.byte	1
 257 00e4 C7       		.byte	-57
 258 00e5 02       		.byte	2
 259 00e6 C8       		.byte	-56
 260 00e7 17       		.byte	23
 261 00e8 C9       		.byte	-55
 262 00e9 FF       		.byte	-1
 263 00ea CA       		.byte	-54
 264 00eb FF       		.byte	-1
 265 00ec CB       		.byte	-53
 266 00ed FF       		.byte	-1
 267 00ee CD       		.byte	-51
 268 00ef AF       		.byte	-81
 269 00f0 CE       		.byte	-50
 270 00f1 0F       		.byte	15
 271 00f2 CF       		.byte	-49
 272 00f3 04       		.byte	4
 273 00f4 D0       		.byte	-48
 274 00f5 18       		.byte	24
 275 00f6 D2       		.byte	-46
 276 00f7 80       		.byte	-128
 277 00f8 D4       		.byte	-44
 278 00f9 07       		.byte	7
 279 00fa D8       		.byte	-40
 280 00fb 04       		.byte	4
 281 00fc D9       		.byte	-39
 282 00fd 04       		.byte	4
 283 00fe DA       		.byte	-38
 284 00ff 04       		.byte	4
 285 0100 DB       		.byte	-37
ARM GAS  C:\Users\Jacob\AppData\Local\Temp\ccWG8Gre.s 			page 6


 286 0101 04       		.byte	4
 287 0102 DC       		.byte	-36
 288 0103 22       		.byte	34
 289 0104 DD       		.byte	-35
 290 0105 22       		.byte	34
 291 0106 DF       		.byte	-33
 292 0107 01       		.byte	1
 293 0108 E0       		.byte	-32
 294 0109 40       		.byte	64
 295 010a E2       		.byte	-30
 296 010b C0       		.byte	-64
 297 010c E4       		.byte	-28
 298 010d 40       		.byte	64
 299 010e E5       		.byte	-27
 300 010f 40       		.byte	64
 301 0110 E6       		.byte	-26
 302 0111 C0       		.byte	-64
 303 0112 E8       		.byte	-24
 304 0113 C0       		.byte	-64
 305 0114 EA       		.byte	-22
 306 0115 C0       		.byte	-64
 307 0116 EC       		.byte	-20
 308 0117 C0       		.byte	-64
 309 0118 EE       		.byte	-18
 310 0119 C0       		.byte	-64
 311 011a 00       		.byte	0
 312 011b 08       		.byte	8
 313 011c 09       		.byte	9
 314 011d 80       		.byte	-128
 315 011e 0E       		.byte	14
 316 011f 40       		.byte	64
 317 0120 10       		.byte	16
 318 0121 A0       		.byte	-96
 319 0122 19       		.byte	25
 320 0123 14       		.byte	20
 321 0124 1B       		.byte	27
 322 0125 01       		.byte	1
 323 0126 1C       		.byte	28
 324 0127 40       		.byte	64
 325 0128 1D       		.byte	29
 326 0129 C0       		.byte	-64
 327 012a 20       		.byte	32
 328 012b 08       		.byte	8
 329 012c 22       		.byte	34
 330 012d 44       		.byte	68
 331 012e 23       		.byte	35
 332 012f 80       		.byte	-128
 333 0130 26       		.byte	38
 334 0131 10       		.byte	16
 335 0132 29       		.byte	41
 336 0133 44       		.byte	68
 337 0134 2F       		.byte	47
 338 0135 22       		.byte	34
 339 0136 30       		.byte	48
 340 0137 A8       		.byte	-88
 341 0138 35       		.byte	53
 342 0139 02       		.byte	2
ARM GAS  C:\Users\Jacob\AppData\Local\Temp\ccWG8Gre.s 			page 7


 343 013a 36       		.byte	54
 344 013b 88       		.byte	-120
 345 013c 3C       		.byte	60
 346 013d 80       		.byte	-128
 347 013e 3D       		.byte	61
 348 013f 02       		.byte	2
 349 0140 40       		.byte	64
 350 0141 40       		.byte	64
 351 0142 45       		.byte	69
 352 0143 80       		.byte	-128
 353 0144 48       		.byte	72
 354 0145 28       		.byte	40
 355 0146 49       		.byte	73
 356 0147 01       		.byte	1
 357 0148 4C       		.byte	76
 358 0149 08       		.byte	8
 359 014a 50       		.byte	80
 360 014b 88       		.byte	-120
 361 014c 59       		.byte	89
 362 014d 11       		.byte	17
 363 014e 5A       		.byte	90
 364 014f 08       		.byte	8
 365 0150 5B       		.byte	91
 366 0151 80       		.byte	-128
 367 0152 5D       		.byte	93
 368 0153 01       		.byte	1
 369 0154 5E       		.byte	94
 370 0155 88       		.byte	-120
 371 0156 5F       		.byte	95
 372 0157 20       		.byte	32
 373 0158 64       		.byte	100
 374 0159 40       		.byte	64
 375 015a 72       		.byte	114
 376 015b 40       		.byte	64
 377 015c 87       		.byte	-121
 378 015d 01       		.byte	1
 379 015e 9C       		.byte	-100
 380 015f 40       		.byte	64
 381 0160 9E       		.byte	-98
 382 0161 20       		.byte	32
 383 0162 A0       		.byte	-96
 384 0163 40       		.byte	64
 385 0164 A1       		.byte	-95
 386 0165 08       		.byte	8
 387 0166 AB       		.byte	-85
 388 0167 40       		.byte	64
 389 0168 AC       		.byte	-84
 390 0169 04       		.byte	4
 391 016a AF       		.byte	-81
 392 016b 20       		.byte	32
 393 016c C0       		.byte	-64
 394 016d 04       		.byte	4
 395 016e C2       		.byte	-62
 396 016f 11       		.byte	17
 397 0170 C4       		.byte	-60
 398 0171 0C       		.byte	12
 399 0172 CA       		.byte	-54
ARM GAS  C:\Users\Jacob\AppData\Local\Temp\ccWG8Gre.s 			page 8


 400 0173 5A       		.byte	90
 401 0174 CC       		.byte	-52
 402 0175 DE       		.byte	-34
 403 0176 CE       		.byte	-50
 404 0177 90       		.byte	-112
 405 0178 D0       		.byte	-48
 406 0179 11       		.byte	17
 407 017a D2       		.byte	-46
 408 017b 24       		.byte	36
 409 017c D6       		.byte	-42
 410 017d FF       		.byte	-1
 411 017e D8       		.byte	-40
 412 017f 80       		.byte	-128
 413 0180 E4       		.byte	-28
 414 0181 08       		.byte	8
 415 0182 EA       		.byte	-22
 416 0183 08       		.byte	8
 417 0184 EC       		.byte	-20
 418 0185 01       		.byte	1
 419 0186 01       		.byte	1
 420 0187 08       		.byte	8
 421 0188 03       		.byte	3
 422 0189 10       		.byte	16
 423 018a 0B       		.byte	11
 424 018b 04       		.byte	4
 425 018c 0D       		.byte	13
 426 018d 10       		.byte	16
 427 018e 0F       		.byte	15
 428 018f 08       		.byte	8
 429 0190 19       		.byte	25
 430 0191 08       		.byte	8
 431 0192 1B       		.byte	27
 432 0193 12       		.byte	18
 433 0194 1D       		.byte	29
 434 0195 08       		.byte	8
 435 0196 1E       		.byte	30
 436 0197 01       		.byte	1
 437 0198 1F       		.byte	31
 438 0199 10       		.byte	16
 439 019a 2B       		.byte	43
 440 019b 01       		.byte	1
 441 019c 31       		.byte	49
 442 019d 18       		.byte	24
 443 019e 33       		.byte	51
 444 019f 01       		.byte	1
 445 01a0 35       		.byte	53
 446 01a1 04       		.byte	4
 447 01a2 36       		.byte	54
 448 01a3 01       		.byte	1
 449 01a4 37       		.byte	55
 450 01a5 02       		.byte	2
 451 01a6 3B       		.byte	59
 452 01a7 02       		.byte	2
 453 01a8 58       		.byte	88
 454 01a9 04       		.byte	4
 455 01aa 59       		.byte	89
 456 01ab 04       		.byte	4
ARM GAS  C:\Users\Jacob\AppData\Local\Temp\ccWG8Gre.s 			page 9


 457 01ac 5F       		.byte	95
 458 01ad 01       		.byte	1
 459 01ae 83       		.byte	-125
 460 01af 02       		.byte	2
 461 01b0 8A       		.byte	-118
 462 01b1 0D       		.byte	13
 463 01b2 8B       		.byte	-117
 464 01b3 04       		.byte	4
 465 01b4 90       		.byte	-112
 466 01b5 04       		.byte	4
 467 01b6 9B       		.byte	-101
 468 01b7 05       		.byte	5
 469 01b8 A1       		.byte	-95
 470 01b9 08       		.byte	8
 471 01ba AA       		.byte	-86
 472 01bb 01       		.byte	1
 473 01bc AE       		.byte	-82
 474 01bd 02       		.byte	2
 475 01be AF       		.byte	-81
 476 01bf 09       		.byte	9
 477 01c0 B0       		.byte	-80
 478 01c1 08       		.byte	8
 479 01c2 B1       		.byte	-79
 480 01c3 01       		.byte	1
 481 01c4 B2       		.byte	-78
 482 01c5 04       		.byte	4
 483 01c6 B3       		.byte	-77
 484 01c7 02       		.byte	2
 485 01c8 B4       		.byte	-76
 486 01c9 01       		.byte	1
 487 01ca B5       		.byte	-75
 488 01cb 04       		.byte	4
 489 01cc B6       		.byte	-74
 490 01cd 02       		.byte	2
 491 01ce B7       		.byte	-73
 492 01cf 08       		.byte	8
 493 01d0 BF       		.byte	-65
 494 01d1 10       		.byte	16
 495 01d2 C0       		.byte	-64
 496 01d3 20       		.byte	32
 497 01d4 C1       		.byte	-63
 498 01d5 06       		.byte	6
 499 01d6 C5       		.byte	-59
 500 01d7 D0       		.byte	-48
 501 01d8 C6       		.byte	-58
 502 01d9 20       		.byte	32
 503 01da C7       		.byte	-57
 504 01db 15       		.byte	21
 505 01dc C8       		.byte	-56
 506 01dd 3A       		.byte	58
 507 01de C9       		.byte	-55
 508 01df FF       		.byte	-1
 509 01e0 CA       		.byte	-54
 510 01e1 FF       		.byte	-1
 511 01e2 CB       		.byte	-53
 512 01e3 FF       		.byte	-1
 513 01e4 CD       		.byte	-51
ARM GAS  C:\Users\Jacob\AppData\Local\Temp\ccWG8Gre.s 			page 10


 514 01e5 A0       		.byte	-96
 515 01e6 CF       		.byte	-49
 516 01e7 04       		.byte	4
 517 01e8 D0       		.byte	-48
 518 01e9 18       		.byte	24
 519 01ea D2       		.byte	-46
 520 01eb 80       		.byte	-128
 521 01ec D4       		.byte	-44
 522 01ed 07       		.byte	7
 523 01ee D8       		.byte	-40
 524 01ef 04       		.byte	4
 525 01f0 D9       		.byte	-39
 526 01f1 04       		.byte	4
 527 01f2 DA       		.byte	-38
 528 01f3 04       		.byte	4
 529 01f4 DB       		.byte	-37
 530 01f5 04       		.byte	4
 531 01f6 DC       		.byte	-36
 532 01f7 11       		.byte	17
 533 01f8 DD       		.byte	-35
 534 01f9 11       		.byte	17
 535 01fa DF       		.byte	-33
 536 01fb 01       		.byte	1
 537 01fc E0       		.byte	-32
 538 01fd 40       		.byte	64
 539 01fe E2       		.byte	-30
 540 01ff C0       		.byte	-64
 541 0200 E4       		.byte	-28
 542 0201 40       		.byte	64
 543 0202 E5       		.byte	-27
 544 0203 40       		.byte	64
 545 0204 E6       		.byte	-26
 546 0205 C0       		.byte	-64
 547 0206 E8       		.byte	-24
 548 0207 C0       		.byte	-64
 549 0208 EA       		.byte	-22
 550 0209 C0       		.byte	-64
 551 020a EC       		.byte	-20
 552 020b C0       		.byte	-64
 553 020c EE       		.byte	-18
 554 020d C0       		.byte	-64
 555 020e 06       		.byte	6
 556 020f 08       		.byte	8
 557 0210 09       		.byte	9
 558 0211 80       		.byte	-128
 559 0212 0E       		.byte	14
 560 0213 40       		.byte	64
 561 0214 16       		.byte	22
 562 0215 02       		.byte	2
 563 0216 17       		.byte	23
 564 0217 20       		.byte	32
 565 0218 18       		.byte	24
 566 0219 02       		.byte	2
 567 021a 1E       		.byte	30
 568 021b 60       		.byte	96
 569 021c 1F       		.byte	31
 570 021d A0       		.byte	-96
ARM GAS  C:\Users\Jacob\AppData\Local\Temp\ccWG8Gre.s 			page 11


 571 021e 20       		.byte	32
 572 021f C0       		.byte	-64
 573 0220 21       		.byte	33
 574 0221 88       		.byte	-120
 575 0222 22       		.byte	34
 576 0223 10       		.byte	16
 577 0224 26       		.byte	38
 578 0225 40       		.byte	64
 579 0226 27       		.byte	39
 580 0227 68       		.byte	104
 581 0228 28       		.byte	40
 582 0229 04       		.byte	4
 583 022a 2F       		.byte	47
 584 022b 82       		.byte	-126
 585 022c 31       		.byte	49
 586 022d 80       		.byte	-128
 587 022e 32       		.byte	50
 588 022f 10       		.byte	16
 589 0230 37       		.byte	55
 590 0231 20       		.byte	32
 591 0232 38       		.byte	56
 592 0233 42       		.byte	66
 593 0234 3A       		.byte	58
 594 0235 20       		.byte	32
 595 0236 3C       		.byte	60
 596 0237 02       		.byte	2
 597 0238 3F       		.byte	63
 598 0239 20       		.byte	32
 599 023a 47       		.byte	71
 600 023b 20       		.byte	32
 601 023c 4D       		.byte	77
 602 023d 01       		.byte	1
 603 023e 4F       		.byte	79
 604 023f 20       		.byte	32
 605 0240 56       		.byte	86
 606 0241 0A       		.byte	10
 607 0242 57       		.byte	87
 608 0243 12       		.byte	18
 609 0244 5D       		.byte	93
 610 0245 01       		.byte	1
 611 0246 5E       		.byte	94
 612 0247 A0       		.byte	-96
 613 0248 5F       		.byte	95
 614 0249 08       		.byte	8
 615 024a 74       		.byte	116
 616 024b 01       		.byte	1
 617 024c 88       		.byte	-120
 618 024d 40       		.byte	64
 619 024e C0       		.byte	-64
 620 024f 40       		.byte	64
 621 0250 C2       		.byte	-62
 622 0251 11       		.byte	17
 623 0252 C4       		.byte	-60
 624 0253 C0       		.byte	-64
 625 0254 CA       		.byte	-54
 626 0255 94       		.byte	-108
 627 0256 CC       		.byte	-52
ARM GAS  C:\Users\Jacob\AppData\Local\Temp\ccWG8Gre.s 			page 12


 628 0257 2C       		.byte	44
 629 0258 CE       		.byte	-50
 630 0259 AD       		.byte	-83
 631 025a D0       		.byte	-48
 632 025b 20       		.byte	32
 633 025c D2       		.byte	-46
 634 025d 20       		.byte	32
 635 025e D6       		.byte	-42
 636 025f F0       		.byte	-16
 637 0260 E2       		.byte	-30
 638 0261 80       		.byte	-128
 639 0262 00       		.byte	0
 640 0263 07       		.byte	7
 641 0264 01       		.byte	1
 642 0265 1C       		.byte	28
 643 0266 04       		.byte	4
 644 0267 10       		.byte	16
 645 0268 06       		.byte	6
 646 0269 20       		.byte	32
 647 026a 08       		.byte	8
 648 026b 80       		.byte	-128
 649 026c 0A       		.byte	10
 650 026d 40       		.byte	64
 651 026e 0B       		.byte	11
 652 026f 20       		.byte	32
 653 0270 0C       		.byte	12
 654 0271 08       		.byte	8
 655 0272 0D       		.byte	13
 656 0273 11       		.byte	17
 657 0274 0E       		.byte	14
 658 0275 01       		.byte	1
 659 0276 0F       		.byte	15
 660 0277 04       		.byte	4
 661 0278 10       		.byte	16
 662 0279 0C       		.byte	12
 663 027a 12       		.byte	18
 664 027b 02       		.byte	2
 665 027c 14       		.byte	20
 666 027d 10       		.byte	16
 667 027e 15       		.byte	21
 668 027f 0D       		.byte	13
 669 0280 16       		.byte	22
 670 0281 20       		.byte	32
 671 0282 17       		.byte	23
 672 0283 10       		.byte	16
 673 0284 18       		.byte	24
 674 0285 20       		.byte	32
 675 0286 1A       		.byte	26
 676 0287 1F       		.byte	31
 677 0288 1B       		.byte	27
 678 0289 02       		.byte	2
 679 028a 1C       		.byte	28
 680 028b 80       		.byte	-128
 681 028c 1D       		.byte	29
 682 028d 11       		.byte	17
 683 028e 1F       		.byte	31
 684 028f 08       		.byte	8
ARM GAS  C:\Users\Jacob\AppData\Local\Temp\ccWG8Gre.s 			page 13


 685 0290 20       		.byte	32
 686 0291 0C       		.byte	12
 687 0292 21       		.byte	33
 688 0293 40       		.byte	64
 689 0294 22       		.byte	34
 690 0295 01       		.byte	1
 691 0296 24       		.byte	36
 692 0297 10       		.byte	16
 693 0298 25       		.byte	37
 694 0299 01       		.byte	1
 695 029a 26       		.byte	38
 696 029b 20       		.byte	32
 697 029c 27       		.byte	39
 698 029d 04       		.byte	4
 699 029e 28       		.byte	40
 700 029f 0B       		.byte	11
 701 02a0 2A       		.byte	42
 702 02a1 04       		.byte	4
 703 02a2 2B       		.byte	43
 704 02a3 40       		.byte	64
 705 02a4 2F       		.byte	47
 706 02a5 1D       		.byte	29
 707 02a6 30       		.byte	48
 708 02a7 0F       		.byte	15
 709 02a8 31       		.byte	49
 710 02a9 03       		.byte	3
 711 02aa 32       		.byte	50
 712 02ab 80       		.byte	-128
 713 02ac 33       		.byte	51
 714 02ad 20       		.byte	32
 715 02ae 34       		.byte	52
 716 02af 30       		.byte	48
 717 02b0 35       		.byte	53
 718 02b1 40       		.byte	64
 719 02b2 36       		.byte	54
 720 02b3 40       		.byte	64
 721 02b4 37       		.byte	55
 722 02b5 1D       		.byte	29
 723 02b6 38       		.byte	56
 724 02b7 08       		.byte	8
 725 02b8 3A       		.byte	58
 726 02b9 20       		.byte	32
 727 02ba 3F       		.byte	63
 728 02bb 10       		.byte	16
 729 02bc 54       		.byte	84
 730 02bd 0F       		.byte	15
 731 02be 58       		.byte	88
 732 02bf 04       		.byte	4
 733 02c0 59       		.byte	89
 734 02c1 04       		.byte	4
 735 02c2 5B       		.byte	91
 736 02c3 04       		.byte	4
 737 02c4 5F       		.byte	95
 738 02c5 05       		.byte	5
 739 02c6 80       		.byte	-128
 740 02c7 73       		.byte	115
 741 02c8 84       		.byte	-124
ARM GAS  C:\Users\Jacob\AppData\Local\Temp\ccWG8Gre.s 			page 14


 742 02c9 94       		.byte	-108
 743 02ca 86       		.byte	-122
 744 02cb 60       		.byte	96
 745 02cc 8C       		.byte	-116
 746 02cd 30       		.byte	48
 747 02ce 8E       		.byte	-114
 748 02cf C9       		.byte	-55
 749 02d0 90       		.byte	-112
 750 02d1 CF       		.byte	-49
 751 02d2 91       		.byte	-111
 752 02d3 01       		.byte	1
 753 02d4 92       		.byte	-110
 754 02d5 30       		.byte	48
 755 02d6 97       		.byte	-105
 756 02d7 04       		.byte	4
 757 02d8 9A       		.byte	-102
 758 02d9 0F       		.byte	15
 759 02da 9F       		.byte	-97
 760 02db 03       		.byte	3
 761 02dc A0       		.byte	-96
 762 02dd 9E       		.byte	-98
 763 02de A2       		.byte	-94
 764 02df 60       		.byte	96
 765 02e0 A8       		.byte	-88
 766 02e1 FD       		.byte	-3
 767 02e2 AA       		.byte	-86
 768 02e3 02       		.byte	2
 769 02e4 B1       		.byte	-79
 770 02e5 02       		.byte	2
 771 02e6 B3       		.byte	-77
 772 02e7 04       		.byte	4
 773 02e8 B4       		.byte	-76
 774 02e9 FF       		.byte	-1
 775 02ea B7       		.byte	-73
 776 02eb 01       		.byte	1
 777 02ec BE       		.byte	-66
 778 02ed 10       		.byte	16
 779 02ee BF       		.byte	-65
 780 02ef 40       		.byte	64
 781 02f0 D8       		.byte	-40
 782 02f1 04       		.byte	4
 783 02f2 D9       		.byte	-39
 784 02f3 04       		.byte	4
 785 02f4 DF       		.byte	-33
 786 02f5 01       		.byte	1
 787 02f6 00       		.byte	0
 788 02f7 80       		.byte	-128
 789 02f8 01       		.byte	1
 790 02f9 83       		.byte	-125
 791 02fa 03       		.byte	3
 792 02fb 20       		.byte	32
 793 02fc 05       		.byte	5
 794 02fd A2       		.byte	-94
 795 02fe 07       		.byte	7
 796 02ff 10       		.byte	16
 797 0300 09       		.byte	9
 798 0301 20       		.byte	32
ARM GAS  C:\Users\Jacob\AppData\Local\Temp\ccWG8Gre.s 			page 15


 799 0302 0A       		.byte	10
 800 0303 40       		.byte	64
 801 0304 0C       		.byte	12
 802 0305 80       		.byte	-128
 803 0306 0D       		.byte	13
 804 0307 08       		.byte	8
 805 0308 0E       		.byte	14
 806 0309 48       		.byte	72
 807 030a 12       		.byte	18
 808 030b 8C       		.byte	-116
 809 030c 15       		.byte	21
 810 030d 08       		.byte	8
 811 030e 16       		.byte	22
 812 030f 04       		.byte	4
 813 0310 17       		.byte	23
 814 0311 01       		.byte	1
 815 0312 18       		.byte	24
 816 0313 08       		.byte	8
 817 0314 1E       		.byte	30
 818 0315 58       		.byte	88
 819 0316 1F       		.byte	31
 820 0317 63       		.byte	99
 821 0318 20       		.byte	32
 822 0319 20       		.byte	32
 823 031a 21       		.byte	33
 824 031b 06       		.byte	6
 825 031c 23       		.byte	35
 826 031d 01       		.byte	1
 827 031e 25       		.byte	37
 828 031f 01       		.byte	1
 829 0320 26       		.byte	38
 830 0321 82       		.byte	-126
 831 0322 27       		.byte	39
 832 0323 19       		.byte	25
 833 0324 2D       		.byte	45
 834 0325 A0       		.byte	-96
 835 0326 2E       		.byte	46
 836 0327 20       		.byte	32
 837 0328 2F       		.byte	47
 838 0329 60       		.byte	96
 839 032a 30       		.byte	48
 840 032b 80       		.byte	-128
 841 032c 31       		.byte	49
 842 032d 0A       		.byte	10
 843 032e 36       		.byte	54
 844 032f 98       		.byte	-104
 845 0330 3C       		.byte	60
 846 0331 20       		.byte	32
 847 0332 3D       		.byte	61
 848 0333 01       		.byte	1
 849 0334 3E       		.byte	62
 850 0335 40       		.byte	64
 851 0336 5C       		.byte	92
 852 0337 40       		.byte	64
 853 0338 5F       		.byte	95
 854 0339 19       		.byte	25
 855 033a 66       		.byte	102
ARM GAS  C:\Users\Jacob\AppData\Local\Temp\ccWG8Gre.s 			page 16


 856 033b 08       		.byte	8
 857 033c 67       		.byte	103
 858 033d 04       		.byte	4
 859 033e 7D       		.byte	125
 860 033f 01       		.byte	1
 861 0340 9D       		.byte	-99
 862 0341 02       		.byte	2
 863 0342 9F       		.byte	-97
 864 0343 20       		.byte	32
 865 0344 A0       		.byte	-96
 866 0345 40       		.byte	64
 867 0346 A1       		.byte	-95
 868 0347 08       		.byte	8
 869 0348 A2       		.byte	-94
 870 0349 10       		.byte	16
 871 034a A5       		.byte	-91
 872 034b 01       		.byte	1
 873 034c A6       		.byte	-90
 874 034d C8       		.byte	-56
 875 034e A7       		.byte	-89
 876 034f 22       		.byte	34
 877 0350 AA       		.byte	-86
 878 0351 40       		.byte	64
 879 0352 AE       		.byte	-82
 880 0353 20       		.byte	32
 881 0354 B1       		.byte	-79
 882 0355 01       		.byte	1
 883 0356 B2       		.byte	-78
 884 0357 08       		.byte	8
 885 0358 B5       		.byte	-75
 886 0359 02       		.byte	2
 887 035a B6       		.byte	-74
 888 035b 04       		.byte	4
 889 035c C0       		.byte	-64
 890 035d FD       		.byte	-3
 891 035e C2       		.byte	-62
 892 035f FA       		.byte	-6
 893 0360 C4       		.byte	-60
 894 0361 7A       		.byte	122
 895 0362 CA       		.byte	-54
 896 0363 F0       		.byte	-16
 897 0364 CC       		.byte	-52
 898 0365 7B       		.byte	123
 899 0366 CE       		.byte	-50
 900 0367 B0       		.byte	-80
 901 0368 D6       		.byte	-42
 902 0369 F0       		.byte	-16
 903 036a D8       		.byte	-40
 904 036b 60       		.byte	96
 905 036c DE       		.byte	-34
 906 036d 80       		.byte	-128
 907 036e EA       		.byte	-22
 908 036f 08       		.byte	8
 909 0370 EC       		.byte	-20
 910 0371 01       		.byte	1
 911 0372 00       		.byte	0
 912 0373 0C       		.byte	12
ARM GAS  C:\Users\Jacob\AppData\Local\Temp\ccWG8Gre.s 			page 17


 913 0374 01       		.byte	1
 914 0375 0C       		.byte	12
 915 0376 03       		.byte	3
 916 0377 43       		.byte	67
 917 0378 07       		.byte	7
 918 0379 80       		.byte	-128
 919 037a 0B       		.byte	11
 920 037b 70       		.byte	112
 921 037c 0C       		.byte	12
 922 037d 07       		.byte	7
 923 037e 12       		.byte	18
 924 037f 10       		.byte	16
 925 0380 14       		.byte	20
 926 0381 10       		.byte	16
 927 0382 19       		.byte	25
 928 0383 13       		.byte	19
 929 0384 1B       		.byte	27
 930 0385 2C       		.byte	44
 931 0386 1C       		.byte	28
 932 0387 0C       		.byte	12
 933 0388 1D       		.byte	29
 934 0389 1A       		.byte	26
 935 038a 1F       		.byte	31
 936 038b 25       		.byte	37
 937 038c 20       		.byte	32
 938 038d 01       		.byte	1
 939 038e 21       		.byte	33
 940 038f 77       		.byte	119
 941 0390 24       		.byte	36
 942 0391 01       		.byte	1
 943 0392 25       		.byte	37
 944 0393 7F       		.byte	127
 945 0394 28       		.byte	40
 946 0395 0A       		.byte	10
 947 0396 2D       		.byte	45
 948 0397 45       		.byte	69
 949 0398 2E       		.byte	46
 950 0399 30       		.byte	48
 951 039a 2F       		.byte	47
 952 039b 0A       		.byte	10
 953 039c 30       		.byte	48
 954 039d 0E       		.byte	14
 955 039e 32       		.byte	50
 956 039f 20       		.byte	32
 957 03a0 33       		.byte	51
 958 03a1 0F       		.byte	15
 959 03a2 34       		.byte	52
 960 03a3 10       		.byte	16
 961 03a4 35       		.byte	53
 962 03a5 F0       		.byte	-16
 963 03a6 36       		.byte	54
 964 03a7 01       		.byte	1
 965 03a8 38       		.byte	56
 966 03a9 82       		.byte	-126
 967 03aa 3E       		.byte	62
 968 03ab 50       		.byte	80
 969 03ac 40       		.byte	64
ARM GAS  C:\Users\Jacob\AppData\Local\Temp\ccWG8Gre.s 			page 18


 970 03ad 21       		.byte	33
 971 03ae 41       		.byte	65
 972 03af 06       		.byte	6
 973 03b0 49       		.byte	73
 974 03b1 FF       		.byte	-1
 975 03b2 4A       		.byte	74
 976 03b3 FF       		.byte	-1
 977 03b4 4B       		.byte	75
 978 03b5 FF       		.byte	-1
 979 03b6 4D       		.byte	77
 980 03b7 A0       		.byte	-96
 981 03b8 4F       		.byte	79
 982 03b9 01       		.byte	1
 983 03ba 50       		.byte	80
 984 03bb 18       		.byte	24
 985 03bc 52       		.byte	82
 986 03bd 80       		.byte	-128
 987 03be 58       		.byte	88
 988 03bf 04       		.byte	4
 989 03c0 59       		.byte	89
 990 03c1 04       		.byte	4
 991 03c2 5A       		.byte	90
 992 03c3 04       		.byte	4
 993 03c4 5B       		.byte	91
 994 03c5 04       		.byte	4
 995 03c6 5F       		.byte	95
 996 03c7 01       		.byte	1
 997 03c8 60       		.byte	96
 998 03c9 40       		.byte	64
 999 03ca 62       		.byte	98
 1000 03cb 80       		.byte	-128
 1001 03cc 64       		.byte	100
 1002 03cd 40       		.byte	64
 1003 03ce 65       		.byte	101
 1004 03cf 40       		.byte	64
 1005 03d0 66       		.byte	102
 1006 03d1 80       		.byte	-128
 1007 03d2 68       		.byte	104
 1008 03d3 40       		.byte	64
 1009 03d4 6A       		.byte	106
 1010 03d5 80       		.byte	-128
 1011 03d6 6C       		.byte	108
 1012 03d7 40       		.byte	64
 1013 03d8 6D       		.byte	109
 1014 03d9 20       		.byte	32
 1015 03da 6E       		.byte	110
 1016 03db 80       		.byte	-128
 1017 03dc 85       		.byte	-123
 1018 03dd 04       		.byte	4
 1019 03de 87       		.byte	-121
 1020 03df 02       		.byte	2
 1021 03e0 8B       		.byte	-117
 1022 03e1 06       		.byte	6
 1023 03e2 8F       		.byte	-113
 1024 03e3 01       		.byte	1
 1025 03e4 94       		.byte	-108
 1026 03e5 01       		.byte	1
ARM GAS  C:\Users\Jacob\AppData\Local\Temp\ccWG8Gre.s 			page 19


 1027 03e6 99       		.byte	-103
 1028 03e7 06       		.byte	6
 1029 03e8 A2       		.byte	-94
 1030 03e9 01       		.byte	1
 1031 03ea B0       		.byte	-80
 1032 03eb 01       		.byte	1
 1033 03ec B3       		.byte	-77
 1034 03ed 04       		.byte	4
 1035 03ee B5       		.byte	-75
 1036 03ef 01       		.byte	1
 1037 03f0 B7       		.byte	-73
 1038 03f1 02       		.byte	2
 1039 03f2 BE       		.byte	-66
 1040 03f3 01       		.byte	1
 1041 03f4 BF       		.byte	-65
 1042 03f5 44       		.byte	68
 1043 03f6 C0       		.byte	-64
 1044 03f7 65       		.byte	101
 1045 03f8 C1       		.byte	-63
 1046 03f9 02       		.byte	2
 1047 03fa C5       		.byte	-59
 1048 03fb 2C       		.byte	44
 1049 03fc C6       		.byte	-58
 1050 03fd 34       		.byte	52
 1051 03fe C7       		.byte	-57
 1052 03ff 0E       		.byte	14
 1053 0400 C8       		.byte	-56
 1054 0401 1F       		.byte	31
 1055 0402 C9       		.byte	-55
 1056 0403 FF       		.byte	-1
 1057 0404 CA       		.byte	-54
 1058 0405 FF       		.byte	-1
 1059 0406 CB       		.byte	-53
 1060 0407 FF       		.byte	-1
 1061 0408 CD       		.byte	-51
 1062 0409 AF       		.byte	-81
 1063 040a CE       		.byte	-50
 1064 040b 07       		.byte	7
 1065 040c CF       		.byte	-49
 1066 040d 01       		.byte	1
 1067 040e D0       		.byte	-48
 1068 040f 18       		.byte	24
 1069 0410 D8       		.byte	-40
 1070 0411 04       		.byte	4
 1071 0412 D9       		.byte	-39
 1072 0413 04       		.byte	4
 1073 0414 DA       		.byte	-38
 1074 0415 04       		.byte	4
 1075 0416 DF       		.byte	-33
 1076 0417 01       		.byte	1
 1077 0418 E0       		.byte	-32
 1078 0419 40       		.byte	64
 1079 041a E2       		.byte	-30
 1080 041b 80       		.byte	-128
 1081 041c E4       		.byte	-28
 1082 041d 40       		.byte	64
 1083 041e E5       		.byte	-27
ARM GAS  C:\Users\Jacob\AppData\Local\Temp\ccWG8Gre.s 			page 20


 1084 041f 40       		.byte	64
 1085 0420 E6       		.byte	-26
 1086 0421 80       		.byte	-128
 1087 0422 E8       		.byte	-24
 1088 0423 40       		.byte	64
 1089 0424 EA       		.byte	-22
 1090 0425 80       		.byte	-128
 1091 0426 EC       		.byte	-20
 1092 0427 40       		.byte	64
 1093 0428 ED       		.byte	-19
 1094 0429 20       		.byte	32
 1095 042a EE       		.byte	-18
 1096 042b 80       		.byte	-128
 1097 042c 02       		.byte	2
 1098 042d 80       		.byte	-128
 1099 042e 03       		.byte	3
 1100 042f 02       		.byte	2
 1101 0430 0A       		.byte	10
 1102 0431 60       		.byte	96
 1103 0432 0B       		.byte	11
 1104 0433 02       		.byte	2
 1105 0434 0E       		.byte	14
 1106 0435 20       		.byte	32
 1107 0436 10       		.byte	16
 1108 0437 A0       		.byte	-96
 1109 0438 12       		.byte	18
 1110 0439 0A       		.byte	10
 1111 043a 16       		.byte	22
 1112 043b 40       		.byte	64
 1113 043c 18       		.byte	24
 1114 043d 03       		.byte	3
 1115 043e 19       		.byte	25
 1116 043f 02       		.byte	2
 1117 0440 1A       		.byte	26
 1118 0441 2C       		.byte	44
 1119 0442 1B       		.byte	27
 1120 0443 02       		.byte	2
 1121 0444 1C       		.byte	28
 1122 0445 40       		.byte	64
 1123 0446 20       		.byte	32
 1124 0447 08       		.byte	8
 1125 0448 21       		.byte	33
 1126 0449 30       		.byte	48
 1127 044a 22       		.byte	34
 1128 044b 08       		.byte	8
 1129 044c 26       		.byte	38
 1130 044d 50       		.byte	80
 1131 044e 27       		.byte	39
 1132 044f 20       		.byte	32
 1133 0450 29       		.byte	41
 1134 0451 82       		.byte	-126
 1135 0452 2A       		.byte	42
 1136 0453 04       		.byte	4
 1137 0454 32       		.byte	50
 1138 0455 80       		.byte	-128
 1139 0456 33       		.byte	51
 1140 0457 20       		.byte	32
ARM GAS  C:\Users\Jacob\AppData\Local\Temp\ccWG8Gre.s 			page 21


 1141 0458 36       		.byte	54
 1142 0459 10       		.byte	16
 1143 045a 38       		.byte	56
 1144 045b 08       		.byte	8
 1145 045c 39       		.byte	57
 1146 045d 20       		.byte	32
 1147 045e 3B       		.byte	59
 1148 045f 02       		.byte	2
 1149 0460 3C       		.byte	60
 1150 0461 08       		.byte	8
 1151 0462 3E       		.byte	62
 1152 0463 10       		.byte	16
 1153 0464 3F       		.byte	63
 1154 0465 80       		.byte	-128
 1155 0466 40       		.byte	64
 1156 0467 01       		.byte	1
 1157 0468 42       		.byte	66
 1158 0469 04       		.byte	4
 1159 046a 45       		.byte	69
 1160 046b 20       		.byte	32
 1161 046c 48       		.byte	72
 1162 046d 04       		.byte	4
 1163 046e 4C       		.byte	76
 1164 046f 81       		.byte	-127
 1165 0470 4E       		.byte	78
 1166 0471 04       		.byte	4
 1167 0472 4F       		.byte	79
 1168 0473 04       		.byte	4
 1169 0474 54       		.byte	84
 1170 0475 20       		.byte	32
 1171 0476 56       		.byte	86
 1172 0477 68       		.byte	104
 1173 0478 57       		.byte	87
 1174 0479 40       		.byte	64
 1175 047a 72       		.byte	114
 1176 047b 40       		.byte	64
 1177 047c 84       		.byte	-124
 1178 047d 80       		.byte	-128
 1179 047e 87       		.byte	-121
 1180 047f 10       		.byte	16
 1181 0480 90       		.byte	-112
 1182 0481 08       		.byte	8
 1183 0482 92       		.byte	-110
 1184 0483 10       		.byte	16
 1185 0484 93       		.byte	-109
 1186 0485 02       		.byte	2
 1187 0486 94       		.byte	-108
 1188 0487 40       		.byte	64
 1189 0488 97       		.byte	-105
 1190 0489 14       		.byte	20
 1191 048a 99       		.byte	-103
 1192 048b 80       		.byte	-128
 1193 048c 9A       		.byte	-102
 1194 048d 04       		.byte	4
 1195 048e 9D       		.byte	-99
 1196 048f 02       		.byte	2
 1197 0490 9E       		.byte	-98
ARM GAS  C:\Users\Jacob\AppData\Local\Temp\ccWG8Gre.s 			page 22


 1198 0491 28       		.byte	40
 1199 0492 9F       		.byte	-97
 1200 0493 20       		.byte	32
 1201 0494 A2       		.byte	-94
 1202 0495 82       		.byte	-126
 1203 0496 A3       		.byte	-93
 1204 0497 20       		.byte	32
 1205 0498 A4       		.byte	-92
 1206 0499 80       		.byte	-128
 1207 049a A5       		.byte	-91
 1208 049b 20       		.byte	32
 1209 049c A6       		.byte	-90
 1210 049d 48       		.byte	72
 1211 049e C0       		.byte	-64
 1212 049f 09       		.byte	9
 1213 04a0 C2       		.byte	-62
 1214 04a1 2D       		.byte	45
 1215 04a2 C4       		.byte	-60
 1216 04a3 1F       		.byte	31
 1217 04a4 CA       		.byte	-54
 1218 04a5 0B       		.byte	11
 1219 04a6 CC       		.byte	-52
 1220 04a7 2C       		.byte	44
 1221 04a8 CE       		.byte	-50
 1222 04a9 77       		.byte	119
 1223 04aa D0       		.byte	-48
 1224 04ab 2C       		.byte	44
 1225 04ac D2       		.byte	-46
 1226 04ad 34       		.byte	52
 1227 04ae 30       		.byte	48
 1228 04af 40       		.byte	64
 1229 04b0 CC       		.byte	-52
 1230 04b1 10       		.byte	16
 1231 04b2 63       		.byte	99
 1232 04b3 02       		.byte	2
 1233 04b4 9C       		.byte	-100
 1234 04b5 40       		.byte	64
 1235 04b6 D6       		.byte	-42
 1236 04b7 40       		.byte	64
 1237 04b8 88       		.byte	-120
 1238 04b9 40       		.byte	64
 1239 04ba 9C       		.byte	-100
 1240 04bb 40       		.byte	64
 1241 04bc A7       		.byte	-89
 1242 04bd 01       		.byte	1
 1243 04be AF       		.byte	-81
 1244 04bf 01       		.byte	1
 1245 04c0 EE       		.byte	-18
 1246 04c1 10       		.byte	16
 1247 04c2 87       		.byte	-121
 1248 04c3 04       		.byte	4
 1249 04c4 92       		.byte	-110
 1250 04c5 80       		.byte	-128
 1251 04c6 96       		.byte	-106
 1252 04c7 01       		.byte	1
 1253 04c8 AA       		.byte	-86
 1254 04c9 40       		.byte	64
ARM GAS  C:\Users\Jacob\AppData\Local\Temp\ccWG8Gre.s 			page 23


 1255 04ca AE       		.byte	-82
 1256 04cb 01       		.byte	1
 1257 04cc 0A       		.byte	10
 1258 04cd 01       		.byte	1
 1259 04ce 0C       		.byte	12
 1260 04cf 04       		.byte	4
 1261 04d0 5A       		.byte	90
 1262 04d1 80       		.byte	-128
 1263 04d2 61       		.byte	97
 1264 04d3 80       		.byte	-128
 1265 04d4 67       		.byte	103
 1266 04d5 08       		.byte	8
 1267 04d6 92       		.byte	-110
 1268 04d7 80       		.byte	-128
 1269 04d8 93       		.byte	-109
 1270 04d9 08       		.byte	8
 1271 04da 96       		.byte	-106
 1272 04db 01       		.byte	1
 1273 04dc 9C       		.byte	-100
 1274 04dd 04       		.byte	4
 1275 04de A1       		.byte	-95
 1276 04df 80       		.byte	-128
 1277 04e0 A9       		.byte	-87
 1278 04e1 80       		.byte	-128
 1279 04e2 AC       		.byte	-84
 1280 04e3 04       		.byte	4
 1281 04e4 C2       		.byte	-62
 1282 04e5 06       		.byte	6
 1283 04e6 D4       		.byte	-44
 1284 04e7 01       		.byte	1
 1285 04e8 D6       		.byte	-42
 1286 04e9 02       		.byte	2
 1287 04ea D8       		.byte	-40
 1288 04eb 01       		.byte	1
 1289 04ec 00       		.byte	0
 1290 04ed 07       		.byte	7
 1291 04ee 0C       		.byte	12
 1292 04ef 07       		.byte	7
 1293 04f0 10       		.byte	16
 1294 04f1 01       		.byte	1
 1295 04f2 1C       		.byte	28
 1296 04f3 01       		.byte	1
 1297 04f4 00       		.byte	0
 1298 04f5 03       		.byte	3
 1299 04f6 00       		.byte	0
 1300 04f7 00       		.byte	0
 1301 04f8 00       		.byte	0
 1302 04f9 C0       		.byte	-64
 1303 04fa C0       		.byte	-64
 1304 04fb 00       		.byte	0
 1305 04fc 80       		.byte	-128
 1306 04fd 00       		.byte	0
 1307 04fe 00       		.byte	0
 1308 04ff 00       		.byte	0
 1309 0500 60       		.byte	96
 1310 0501 9F       		.byte	-97
 1311 0502 9F       		.byte	-97
ARM GAS  C:\Users\Jacob\AppData\Local\Temp\ccWG8Gre.s 			page 24


 1312 0503 00       		.byte	0
 1313 0504 94       		.byte	-108
 1314 0505 00       		.byte	0
 1315 0506 00       		.byte	0
 1316 0507 00       		.byte	0
 1317 0508 00       		.byte	0
 1318 0509 7F       		.byte	127
 1319 050a 7F       		.byte	127
 1320 050b 00       		.byte	0
 1321 050c 00       		.byte	0
 1322 050d 00       		.byte	0
 1323 050e 00       		.byte	0
 1324 050f 00       		.byte	0
 1325              		.section	.cywolatch,"a",%progbits
 1326              		.align	2
 1327              		.type	cy_meta_wonvl, %object
 1328              		.size	cy_meta_wonvl, 4
 1329              	cy_meta_wonvl:
 1330 0000 BC       		.byte	-68
 1331 0001 90       		.byte	-112
 1332 0002 AC       		.byte	-84
 1333 0003 AF       		.byte	-81
 1334              		.section	.cycustnvl,"a",%progbits
 1335              		.align	2
 1336              		.type	cy_meta_custnvl, %object
 1337              		.size	cy_meta_custnvl, 4
 1338              	cy_meta_custnvl:
 1339 0000 00       		.byte	0
 1340 0001 00       		.byte	0
 1341 0002 40       		.byte	64
 1342 0003 05       		.byte	5
 1343              		.section	.cymeta,"a",%progbits
 1344              		.align	2
 1345              		.type	cy_metadata, %object
 1346              		.size	cy_metadata, 12
 1347              	cy_metadata:
 1348 0000 00       		.byte	0
 1349 0001 01       		.byte	1
 1350 0002 2E       		.byte	46
 1351 0003 16       		.byte	22
 1352 0004 10       		.byte	16
 1353 0005 69       		.byte	105
 1354 0006 00       		.byte	0
 1355 0007 01       		.byte	1
 1356 0008 00       		.byte	0
 1357 0009 00       		.byte	0
 1358 000a 00       		.byte	0
 1359 000b 00       		.byte	0
 1360              		.section	.cyflashprotect,"a",%progbits
 1361              		.align	2
 1362              		.type	cy_meta_flashprotect, %object
 1363              		.size	cy_meta_flashprotect, 256
 1364              	cy_meta_flashprotect:
 1365 0000 00000000 		.space	256
 1365      00000000 
 1365      00000000 
 1365      00000000 
ARM GAS  C:\Users\Jacob\AppData\Local\Temp\ccWG8Gre.s 			page 25


 1365      00000000 
 1366              		.text
 1367              	.Letext0:
 1368              		.file 1 "c:\\program files (x86)\\cypress\\psoc creator\\4.1\\psoc creator\\import\\gnu\\arm\\5.4.
 1369              		.file 2 "c:\\program files (x86)\\cypress\\psoc creator\\4.1\\psoc creator\\import\\gnu\\arm\\5.4.
 1370              		.file 3 "Generated_Source\\PSoC5\\cymetadata.c"
 1371              		.section	.debug_info,"",%progbits
 1372              	.Ldebug_info0:
 1373 0000 32010000 		.4byte	0x132
 1374 0004 0400     		.2byte	0x4
 1375 0006 00000000 		.4byte	.Ldebug_abbrev0
 1376 000a 04       		.byte	0x4
 1377 000b 01       		.uleb128 0x1
 1378 000c 30000000 		.4byte	.LASF17
 1379 0010 0C       		.byte	0xc
 1380 0011 C0010000 		.4byte	.LASF18
 1381 0015 7E010000 		.4byte	.LASF19
 1382 0019 00000000 		.4byte	.Ldebug_line0
 1383 001d 02       		.uleb128 0x2
 1384 001e 01       		.byte	0x1
 1385 001f 06       		.byte	0x6
 1386 0020 16000000 		.4byte	.LASF0
 1387 0024 03       		.uleb128 0x3
 1388 0025 00000000 		.4byte	.LASF9
 1389 0029 01       		.byte	0x1
 1390 002a 1D       		.byte	0x1d
 1391 002b 2F000000 		.4byte	0x2f
 1392 002f 02       		.uleb128 0x2
 1393 0030 01       		.byte	0x1
 1394 0031 08       		.byte	0x8
 1395 0032 22000000 		.4byte	.LASF1
 1396 0036 02       		.uleb128 0x2
 1397 0037 02       		.byte	0x2
 1398 0038 05       		.byte	0x5
 1399 0039 6B010000 		.4byte	.LASF2
 1400 003d 02       		.uleb128 0x2
 1401 003e 02       		.byte	0x2
 1402 003f 07       		.byte	0x7
 1403 0040 D0000000 		.4byte	.LASF3
 1404 0044 02       		.uleb128 0x2
 1405 0045 04       		.byte	0x4
 1406 0046 05       		.byte	0x5
 1407 0047 75010000 		.4byte	.LASF4
 1408 004b 02       		.uleb128 0x2
 1409 004c 04       		.byte	0x4
 1410 004d 07       		.byte	0x7
 1411 004e BE000000 		.4byte	.LASF5
 1412 0052 02       		.uleb128 0x2
 1413 0053 08       		.byte	0x8
 1414 0054 05       		.byte	0x5
 1415 0055 5D010000 		.4byte	.LASF6
 1416 0059 02       		.uleb128 0x2
 1417 005a 08       		.byte	0x8
 1418 005b 07       		.byte	0x7
 1419 005c 12010000 		.4byte	.LASF7
 1420 0060 04       		.uleb128 0x4
 1421 0061 04       		.byte	0x4
ARM GAS  C:\Users\Jacob\AppData\Local\Temp\ccWG8Gre.s 			page 26


 1422 0062 05       		.byte	0x5
 1423 0063 696E7400 		.ascii	"int\000"
 1424 0067 02       		.uleb128 0x2
 1425 0068 04       		.byte	0x4
 1426 0069 07       		.byte	0x7
 1427 006a 05010000 		.4byte	.LASF8
 1428 006e 03       		.uleb128 0x3
 1429 006f 29010000 		.4byte	.LASF10
 1430 0073 02       		.byte	0x2
 1431 0074 18       		.byte	0x18
 1432 0075 24000000 		.4byte	0x24
 1433 0079 05       		.uleb128 0x5
 1434 007a 91000000 		.4byte	0x91
 1435 007e 8A000000 		.4byte	0x8a
 1436 0082 06       		.uleb128 0x6
 1437 0083 8A000000 		.4byte	0x8a
 1438 0087 0F05     		.2byte	0x50f
 1439 0089 00       		.byte	0
 1440 008a 02       		.uleb128 0x2
 1441 008b 04       		.byte	0x4
 1442 008c 07       		.byte	0x7
 1443 008d 54010000 		.4byte	.LASF11
 1444 0091 07       		.uleb128 0x7
 1445 0092 6E000000 		.4byte	0x6e
 1446 0096 08       		.uleb128 0x8
 1447 0097 F3000000 		.4byte	.LASF12
 1448 009b 03       		.byte	0x3
 1449 009c 1F       		.byte	0x1f
 1450 009d A7000000 		.4byte	0xa7
 1451 00a1 05       		.uleb128 0x5
 1452 00a2 03       		.byte	0x3
 1453 00a3 00000000 		.4byte	cy_meta_configecc
 1454 00a7 07       		.uleb128 0x7
 1455 00a8 79000000 		.4byte	0x79
 1456 00ac 05       		.uleb128 0x5
 1457 00ad 91000000 		.4byte	0x91
 1458 00b1 BC000000 		.4byte	0xbc
 1459 00b5 09       		.uleb128 0x9
 1460 00b6 8A000000 		.4byte	0x8a
 1461 00ba 03       		.byte	0x3
 1462 00bb 00       		.byte	0
 1463 00bc 08       		.uleb128 0x8
 1464 00bd E3000000 		.4byte	.LASF13
 1465 00c1 03       		.byte	0x3
 1466 00c2 CE       		.byte	0xce
 1467 00c3 CD000000 		.4byte	0xcd
 1468 00c7 05       		.uleb128 0x5
 1469 00c8 03       		.byte	0x3
 1470 00c9 00000000 		.4byte	cy_meta_custnvl
 1471 00cd 07       		.uleb128 0x7
 1472 00ce AC000000 		.4byte	0xac
 1473 00d2 08       		.uleb128 0x8
 1474 00d3 46010000 		.4byte	.LASF14
 1475 00d7 03       		.byte	0x3
 1476 00d8 DC       		.byte	0xdc
 1477 00d9 E3000000 		.4byte	0xe3
 1478 00dd 05       		.uleb128 0x5
ARM GAS  C:\Users\Jacob\AppData\Local\Temp\ccWG8Gre.s 			page 27


 1479 00de 03       		.byte	0x3
 1480 00df 00000000 		.4byte	cy_meta_wonvl
 1481 00e3 07       		.uleb128 0x7
 1482 00e4 AC000000 		.4byte	0xac
 1483 00e8 05       		.uleb128 0x5
 1484 00e9 91000000 		.4byte	0x91
 1485 00ed F8000000 		.4byte	0xf8
 1486 00f1 09       		.uleb128 0x9
 1487 00f2 8A000000 		.4byte	0x8a
 1488 00f6 FF       		.byte	0xff
 1489 00f7 00       		.byte	0
 1490 00f8 08       		.uleb128 0x8
 1491 00f9 31010000 		.4byte	.LASF15
 1492 00fd 03       		.byte	0x3
 1493 00fe EA       		.byte	0xea
 1494 00ff 09010000 		.4byte	0x109
 1495 0103 05       		.uleb128 0x5
 1496 0104 03       		.byte	0x3
 1497 0105 00000000 		.4byte	cy_meta_flashprotect
 1498 0109 07       		.uleb128 0x7
 1499 010a E8000000 		.4byte	0xe8
 1500 010e 05       		.uleb128 0x5
 1501 010f 91000000 		.4byte	0x91
 1502 0113 1E010000 		.4byte	0x11e
 1503 0117 09       		.uleb128 0x9
 1504 0118 8A000000 		.4byte	0x8a
 1505 011c 0B       		.byte	0xb
 1506 011d 00       		.byte	0
 1507 011e 0A       		.uleb128 0xa
 1508 011f 0A000000 		.4byte	.LASF16
 1509 0123 03       		.byte	0x3
 1510 0124 1701     		.2byte	0x117
 1511 0126 30010000 		.4byte	0x130
 1512 012a 05       		.uleb128 0x5
 1513 012b 03       		.byte	0x3
 1514 012c 00000000 		.4byte	cy_metadata
 1515 0130 07       		.uleb128 0x7
 1516 0131 0E010000 		.4byte	0x10e
 1517 0135 00       		.byte	0
 1518              		.section	.debug_abbrev,"",%progbits
 1519              	.Ldebug_abbrev0:
 1520 0000 01       		.uleb128 0x1
 1521 0001 11       		.uleb128 0x11
 1522 0002 01       		.byte	0x1
 1523 0003 25       		.uleb128 0x25
 1524 0004 0E       		.uleb128 0xe
 1525 0005 13       		.uleb128 0x13
 1526 0006 0B       		.uleb128 0xb
 1527 0007 03       		.uleb128 0x3
 1528 0008 0E       		.uleb128 0xe
 1529 0009 1B       		.uleb128 0x1b
 1530 000a 0E       		.uleb128 0xe
 1531 000b 10       		.uleb128 0x10
 1532 000c 17       		.uleb128 0x17
 1533 000d 00       		.byte	0
 1534 000e 00       		.byte	0
 1535 000f 02       		.uleb128 0x2
ARM GAS  C:\Users\Jacob\AppData\Local\Temp\ccWG8Gre.s 			page 28


 1536 0010 24       		.uleb128 0x24
 1537 0011 00       		.byte	0
 1538 0012 0B       		.uleb128 0xb
 1539 0013 0B       		.uleb128 0xb
 1540 0014 3E       		.uleb128 0x3e
 1541 0015 0B       		.uleb128 0xb
 1542 0016 03       		.uleb128 0x3
 1543 0017 0E       		.uleb128 0xe
 1544 0018 00       		.byte	0
 1545 0019 00       		.byte	0
 1546 001a 03       		.uleb128 0x3
 1547 001b 16       		.uleb128 0x16
 1548 001c 00       		.byte	0
 1549 001d 03       		.uleb128 0x3
 1550 001e 0E       		.uleb128 0xe
 1551 001f 3A       		.uleb128 0x3a
 1552 0020 0B       		.uleb128 0xb
 1553 0021 3B       		.uleb128 0x3b
 1554 0022 0B       		.uleb128 0xb
 1555 0023 49       		.uleb128 0x49
 1556 0024 13       		.uleb128 0x13
 1557 0025 00       		.byte	0
 1558 0026 00       		.byte	0
 1559 0027 04       		.uleb128 0x4
 1560 0028 24       		.uleb128 0x24
 1561 0029 00       		.byte	0
 1562 002a 0B       		.uleb128 0xb
 1563 002b 0B       		.uleb128 0xb
 1564 002c 3E       		.uleb128 0x3e
 1565 002d 0B       		.uleb128 0xb
 1566 002e 03       		.uleb128 0x3
 1567 002f 08       		.uleb128 0x8
 1568 0030 00       		.byte	0
 1569 0031 00       		.byte	0
 1570 0032 05       		.uleb128 0x5
 1571 0033 01       		.uleb128 0x1
 1572 0034 01       		.byte	0x1
 1573 0035 49       		.uleb128 0x49
 1574 0036 13       		.uleb128 0x13
 1575 0037 01       		.uleb128 0x1
 1576 0038 13       		.uleb128 0x13
 1577 0039 00       		.byte	0
 1578 003a 00       		.byte	0
 1579 003b 06       		.uleb128 0x6
 1580 003c 21       		.uleb128 0x21
 1581 003d 00       		.byte	0
 1582 003e 49       		.uleb128 0x49
 1583 003f 13       		.uleb128 0x13
 1584 0040 2F       		.uleb128 0x2f
 1585 0041 05       		.uleb128 0x5
 1586 0042 00       		.byte	0
 1587 0043 00       		.byte	0
 1588 0044 07       		.uleb128 0x7
 1589 0045 26       		.uleb128 0x26
 1590 0046 00       		.byte	0
 1591 0047 49       		.uleb128 0x49
 1592 0048 13       		.uleb128 0x13
ARM GAS  C:\Users\Jacob\AppData\Local\Temp\ccWG8Gre.s 			page 29


 1593 0049 00       		.byte	0
 1594 004a 00       		.byte	0
 1595 004b 08       		.uleb128 0x8
 1596 004c 34       		.uleb128 0x34
 1597 004d 00       		.byte	0
 1598 004e 03       		.uleb128 0x3
 1599 004f 0E       		.uleb128 0xe
 1600 0050 3A       		.uleb128 0x3a
 1601 0051 0B       		.uleb128 0xb
 1602 0052 3B       		.uleb128 0x3b
 1603 0053 0B       		.uleb128 0xb
 1604 0054 49       		.uleb128 0x49
 1605 0055 13       		.uleb128 0x13
 1606 0056 3F       		.uleb128 0x3f
 1607 0057 19       		.uleb128 0x19
 1608 0058 02       		.uleb128 0x2
 1609 0059 18       		.uleb128 0x18
 1610 005a 00       		.byte	0
 1611 005b 00       		.byte	0
 1612 005c 09       		.uleb128 0x9
 1613 005d 21       		.uleb128 0x21
 1614 005e 00       		.byte	0
 1615 005f 49       		.uleb128 0x49
 1616 0060 13       		.uleb128 0x13
 1617 0061 2F       		.uleb128 0x2f
 1618 0062 0B       		.uleb128 0xb
 1619 0063 00       		.byte	0
 1620 0064 00       		.byte	0
 1621 0065 0A       		.uleb128 0xa
 1622 0066 34       		.uleb128 0x34
 1623 0067 00       		.byte	0
 1624 0068 03       		.uleb128 0x3
 1625 0069 0E       		.uleb128 0xe
 1626 006a 3A       		.uleb128 0x3a
 1627 006b 0B       		.uleb128 0xb
 1628 006c 3B       		.uleb128 0x3b
 1629 006d 05       		.uleb128 0x5
 1630 006e 49       		.uleb128 0x49
 1631 006f 13       		.uleb128 0x13
 1632 0070 3F       		.uleb128 0x3f
 1633 0071 19       		.uleb128 0x19
 1634 0072 02       		.uleb128 0x2
 1635 0073 18       		.uleb128 0x18
 1636 0074 00       		.byte	0
 1637 0075 00       		.byte	0
 1638 0076 00       		.byte	0
 1639              		.section	.debug_aranges,"",%progbits
 1640 0000 14000000 		.4byte	0x14
 1641 0004 0200     		.2byte	0x2
 1642 0006 00000000 		.4byte	.Ldebug_info0
 1643 000a 04       		.byte	0x4
 1644 000b 00       		.byte	0
 1645 000c 0000     		.2byte	0
 1646 000e 0000     		.2byte	0
 1647 0010 00000000 		.4byte	0
 1648 0014 00000000 		.4byte	0
 1649              		.section	.debug_line,"",%progbits
ARM GAS  C:\Users\Jacob\AppData\Local\Temp\ccWG8Gre.s 			page 30


 1650              	.Ldebug_line0:
 1651 0000 3D010000 		.section	.debug_str,"MS",%progbits,1
 1651      02003701 
 1651      00000201 
 1651      FB0E0D00 
 1651      01010101 
 1652              	.LASF9:
 1653 0000 5F5F7569 		.ascii	"__uint8_t\000"
 1653      6E74385F 
 1653      7400
 1654              	.LASF16:
 1655 000a 63795F6D 		.ascii	"cy_metadata\000"
 1655      65746164 
 1655      61746100 
 1656              	.LASF0:
 1657 0016 7369676E 		.ascii	"signed char\000"
 1657      65642063 
 1657      68617200 
 1658              	.LASF1:
 1659 0022 756E7369 		.ascii	"unsigned char\000"
 1659      676E6564 
 1659      20636861 
 1659      7200
 1660              	.LASF17:
 1661 0030 474E5520 		.ascii	"GNU C11 5.4.1 20160609 (release) [ARM/embedded-5-br"
 1661      43313120 
 1661      352E342E 
 1661      31203230 
 1661      31363036 
 1662 0063 616E6368 		.ascii	"anch revision 237715] -mcpu=cortex-m3 -mthumb -g -O"
 1662      20726576 
 1662      6973696F 
 1662      6E203233 
 1662      37373135 
 1663 0096 67202D66 		.ascii	"g -ffunction-sections -ffat-lto-objects\000"
 1663      66756E63 
 1663      74696F6E 
 1663      2D736563 
 1663      74696F6E 
 1664              	.LASF5:
 1665 00be 6C6F6E67 		.ascii	"long unsigned int\000"
 1665      20756E73 
 1665      69676E65 
 1665      6420696E 
 1665      7400
 1666              	.LASF3:
 1667 00d0 73686F72 		.ascii	"short unsigned int\000"
 1667      7420756E 
 1667      7369676E 
 1667      65642069 
 1667      6E7400
 1668              	.LASF13:
 1669 00e3 63795F6D 		.ascii	"cy_meta_custnvl\000"
 1669      6574615F 
 1669      63757374 
 1669      6E766C00 
 1670              	.LASF12:
ARM GAS  C:\Users\Jacob\AppData\Local\Temp\ccWG8Gre.s 			page 31


 1671 00f3 63795F6D 		.ascii	"cy_meta_configecc\000"
 1671      6574615F 
 1671      636F6E66 
 1671      69676563 
 1671      6300
 1672              	.LASF8:
 1673 0105 756E7369 		.ascii	"unsigned int\000"
 1673      676E6564 
 1673      20696E74 
 1673      00
 1674              	.LASF7:
 1675 0112 6C6F6E67 		.ascii	"long long unsigned int\000"
 1675      206C6F6E 
 1675      6720756E 
 1675      7369676E 
 1675      65642069 
 1676              	.LASF10:
 1677 0129 75696E74 		.ascii	"uint8_t\000"
 1677      385F7400 
 1678              	.LASF15:
 1679 0131 63795F6D 		.ascii	"cy_meta_flashprotect\000"
 1679      6574615F 
 1679      666C6173 
 1679      6870726F 
 1679      74656374 
 1680              	.LASF14:
 1681 0146 63795F6D 		.ascii	"cy_meta_wonvl\000"
 1681      6574615F 
 1681      776F6E76 
 1681      6C00
 1682              	.LASF11:
 1683 0154 73697A65 		.ascii	"sizetype\000"
 1683      74797065 
 1683      00
 1684              	.LASF6:
 1685 015d 6C6F6E67 		.ascii	"long long int\000"
 1685      206C6F6E 
 1685      6720696E 
 1685      7400
 1686              	.LASF2:
 1687 016b 73686F72 		.ascii	"short int\000"
 1687      7420696E 
 1687      7400
 1688              	.LASF4:
 1689 0175 6C6F6E67 		.ascii	"long int\000"
 1689      20696E74 
 1689      00
 1690              	.LASF19:
 1691 017e 433A5C55 		.ascii	"C:\\Users\\Jacob\\Documents\\Junior\\EGR 455\\EGR45"
 1691      73657273 
 1691      5C4A6163 
 1691      6F625C44 
 1691      6F63756D 
 1692 01ab 355C4669 		.ascii	"5\\FinalProject.cydsn\000"
 1692      6E616C50 
 1692      726F6A65 
 1692      63742E63 
ARM GAS  C:\Users\Jacob\AppData\Local\Temp\ccWG8Gre.s 			page 32


 1692      7964736E 
 1693              	.LASF18:
 1694 01c0 47656E65 		.ascii	"Generated_Source\\PSoC5\\cymetadata.c\000"
 1694      72617465 
 1694      645F536F 
 1694      75726365 
 1694      5C50536F 
 1695              		.ident	"GCC: (GNU Tools for ARM Embedded Processors) 5.4.1 20160609 (release) [ARM/embedded-5-bran
