--------------- Build Started: 10/23/2017 09:54:14 Project: BLE Lab 2, Configuration: ARM GCC 5.4-2016-q2-update Debug ---------------
cydsfit.exe -.appdatapath "C:\Users\Jacob\AppData\Local\Cypress Semiconductor\PSoC Creator\4.1" -.fdsnotice -.fdswarpdepfile=warp_dependencies.txt -.fdselabdepfile=elab_dependencies.txt -.fdsbldfile=generated_files.txt -.fdsreffile=referenced_files.txt -p "C:\Users\Jacob\Documents\Junior\EGR 304\EGR304\bleLED\BLE Lab 2.cydsn\BLE Lab 2.cyprj" -d CY8C4247LQI-BL483 -s "C:\Users\Jacob\Documents\Junior\EGR 304\EGR304\bleLED\BLE Lab 2.cydsn\Generated_Source\PSoC4" -- -yv2 -q10 -ygs -o2 -v3 -.fftcfgtype=LE
Elaborating Design...
HDL Generation...
Synthesis...
Tech Mapping...
Analog Placement...
Analog Routing...
Analog Code Generation...
Digital Placement...
Digital Routing...
Bitstream Generation...
Bitstream Verification...
Static timing analysis...
API Generation...
Dependency Generation...
Cleanup...
The compile step is up to date, no work needs to be done.
arm-none-eabi-ar.exe -rs ".\CortexM0\ARM_GCC_541\Debug\BLE Lab 2.a" .\CortexM0\ARM_GCC_541\Debug\PWM.o .\CortexM0\ARM_GCC_541\Debug\PWM_PM.o .\CortexM0\ARM_GCC_541\Debug\Pin_LED.o .\CortexM0\ARM_GCC_541\Debug\Pin_LED_PM.o .\CortexM0\ARM_GCC_541\Debug\Clock.o .\CortexM0\ARM_GCC_541\Debug\CyFlash.o .\CortexM0\ARM_GCC_541\Debug\CyLib.o .\CortexM0\ARM_GCC_541\Debug\cyPm.o .\CortexM0\ARM_GCC_541\Debug\cyutils.o .\CortexM0\ARM_GCC_541\Debug\CyLFClk.o .\CortexM0\ARM_GCC_541\Debug\BLE.o .\CortexM0\ARM_GCC_541\Debug\BLE_gatt.o .\CortexM0\ARM_GCC_541\Debug\BLE_ias.o .\CortexM0\ARM_GCC_541\Debug\BLE_eventHandler.o .\CortexM0\ARM_GCC_541\Debug\BLE_HAL_INT.o .\CortexM0\ARM_GCC_541\Debug\BLE_HAL_PVT.o .\CortexM0\ARM_GCC_541\Debug\BLE_bless_isr.o .\CortexM0\ARM_GCC_541\Debug\CyBootAsmGnu.o
arm-none-eabi-ar.exe: creating .\CortexM0\ARM_GCC_541\Debug\BLE Lab 2.a
arm-none-eabi-gcc.exe -Wl,--start-group -o "C:\Users\Jacob\Documents\Junior\EGR 304\EGR304\bleLED\BLE Lab 2.cydsn\CortexM0\ARM_GCC_541\Debug\BLE Lab 2.elf" .\CortexM0\ARM_GCC_541\Debug\main.o .\CortexM0\ARM_GCC_541\Debug\cyfitter_cfg.o .\CortexM0\ARM_GCC_541\Debug\cymetadata.o .\CortexM0\ARM_GCC_541\Debug\Cm0Start.o ".\CortexM0\ARM_GCC_541\Debug\BLE Lab 2.a" "C:\Program Files (x86)\Cypress\PSoC Creator\4.1\PSoC Creator\psoc\content\CyComponentLibrary\CyComponentLibrary.cylib\BLE_v3_30\Library\gccCyBLEStack_BLE_SOC_PERIPHERAL.a" "C:\Program Files (x86)\Cypress\PSoC Creator\4.1\PSoC Creator\psoc\content\cycomponentlibrary\CyComponentLibrary.cylib\CortexM0\ARM_GCC_541\Debug\CyComponentLibrary.a" -mcpu=cortex-m0 -mthumb -L Generated_Source\PSoC4 "-Wl,-Map,.\CortexM0\ARM_GCC_541\Debug/BLE Lab 2.map" -T Generated_Source\PSoC4\cm0gcc.ld -specs=nano.specs -Wl,--gc-sections -g -ffunction-sections -O0 -ffat-lto-objects -Wl,--end-group
cyelftool.exe -C "C:\Users\Jacob\Documents\Junior\EGR 304\EGR304\bleLED\BLE Lab 2.cydsn\CortexM0\ARM_GCC_541\Debug\BLE Lab 2.elf" --flash_row_size 128 --flash_size 131072 --flash_offset 0x00000000
cyelftool.exe -S "C:\Users\Jacob\Documents\Junior\EGR 304\EGR304\bleLED\BLE Lab 2.cydsn\CortexM0\ARM_GCC_541\Debug\BLE Lab 2.elf"
Flash used: 81191 of 131072 bytes (61.9 %).
SRAM used: 10680 of 16384 bytes (65.2 %). Stack: 2048 bytes. Heap: 128 bytes.
--------------- Build Succeeded: 10/23/2017 09:54:23 ---------------
