ARM GAS  C:\Users\Jacob\AppData\Local\Temp\cctipBu3.s 			page 1


   1              		.syntax unified
   2              		.cpu cortex-m0
   3              		.fpu softvfp
   4              		.eabi_attribute 20, 1
   5              		.eabi_attribute 21, 1
   6              		.eabi_attribute 23, 3
   7              		.eabi_attribute 24, 1
   8              		.eabi_attribute 25, 1
   9              		.eabi_attribute 26, 1
  10              		.eabi_attribute 30, 6
  11              		.eabi_attribute 34, 0
  12              		.eabi_attribute 18, 4
  13              		.thumb
  14              		.syntax unified
  15              		.file	"cyfitter_cfg.c"
  16              		.text
  17              	.Ltext0:
  18              		.cfi_sections	.debug_frame
  19              		.section	.text.CYMEMZERO,"ax",%progbits
  20              		.align	2
  21              		.code	16
  22              		.thumb_func
  23              		.type	CYMEMZERO, %function
  24              	CYMEMZERO:
  25              	.LFB2:
  26              		.file 1 "Generated_Source\\PSoC4\\cyfitter_cfg.c"
   1:Generated_Source\PSoC4/cyfitter_cfg.c **** 
   2:Generated_Source\PSoC4/cyfitter_cfg.c **** /*******************************************************************************
   3:Generated_Source\PSoC4/cyfitter_cfg.c **** * File Name: cyfitter_cfg.c
   4:Generated_Source\PSoC4/cyfitter_cfg.c **** * 
   5:Generated_Source\PSoC4/cyfitter_cfg.c **** * PSoC Creator  4.1 Update 1
   6:Generated_Source\PSoC4/cyfitter_cfg.c **** *
   7:Generated_Source\PSoC4/cyfitter_cfg.c **** * Description:
   8:Generated_Source\PSoC4/cyfitter_cfg.c **** * This file contains device initialization code.
   9:Generated_Source\PSoC4/cyfitter_cfg.c **** * Except for the user defined sections in CyClockStartupError(), this file should not be modified.
  10:Generated_Source\PSoC4/cyfitter_cfg.c **** * This file is automatically generated by PSoC Creator.
  11:Generated_Source\PSoC4/cyfitter_cfg.c **** *
  12:Generated_Source\PSoC4/cyfitter_cfg.c **** ********************************************************************************
  13:Generated_Source\PSoC4/cyfitter_cfg.c **** * Copyright (c) 2007-2017 Cypress Semiconductor.  All rights reserved.
  14:Generated_Source\PSoC4/cyfitter_cfg.c **** * You may use this file only in accordance with the license, terms, conditions, 
  15:Generated_Source\PSoC4/cyfitter_cfg.c **** * disclaimers, and limitations in the end user license agreement accompanying 
  16:Generated_Source\PSoC4/cyfitter_cfg.c **** * the software package with which this file was provided.
  17:Generated_Source\PSoC4/cyfitter_cfg.c **** ********************************************************************************/
  18:Generated_Source\PSoC4/cyfitter_cfg.c **** 
  19:Generated_Source\PSoC4/cyfitter_cfg.c **** #include <string.h>
  20:Generated_Source\PSoC4/cyfitter_cfg.c **** #include "cytypes.h"
  21:Generated_Source\PSoC4/cyfitter_cfg.c **** #include "cydevice_trm.h"
  22:Generated_Source\PSoC4/cyfitter_cfg.c **** #include "cyfitter.h"
  23:Generated_Source\PSoC4/cyfitter_cfg.c **** #include "CyLib.h"
  24:Generated_Source\PSoC4/cyfitter_cfg.c **** #include "cyfitter_cfg.h"
  25:Generated_Source\PSoC4/cyfitter_cfg.c **** 
  26:Generated_Source\PSoC4/cyfitter_cfg.c **** 
  27:Generated_Source\PSoC4/cyfitter_cfg.c **** #if defined(__GNUC__) || defined(__ARMCC_VERSION)
  28:Generated_Source\PSoC4/cyfitter_cfg.c ****     #define CYPACKED 
  29:Generated_Source\PSoC4/cyfitter_cfg.c ****     #define CYPACKED_ATTR __attribute__ ((packed))
  30:Generated_Source\PSoC4/cyfitter_cfg.c ****     #define CYALIGNED __attribute__ ((aligned))
  31:Generated_Source\PSoC4/cyfitter_cfg.c ****     #define CY_CFG_UNUSED __attribute__ ((unused))
ARM GAS  C:\Users\Jacob\AppData\Local\Temp\cctipBu3.s 			page 2


  32:Generated_Source\PSoC4/cyfitter_cfg.c ****     #ifndef CY_CFG_SECTION
  33:Generated_Source\PSoC4/cyfitter_cfg.c ****         #define CY_CFG_SECTION __attribute__ ((section(".psocinit")))
  34:Generated_Source\PSoC4/cyfitter_cfg.c ****     #endif
  35:Generated_Source\PSoC4/cyfitter_cfg.c ****     
  36:Generated_Source\PSoC4/cyfitter_cfg.c ****     #if defined(__ARMCC_VERSION)
  37:Generated_Source\PSoC4/cyfitter_cfg.c ****         #define CY_CFG_MEMORY_BARRIER() __memory_changed()
  38:Generated_Source\PSoC4/cyfitter_cfg.c ****     #else
  39:Generated_Source\PSoC4/cyfitter_cfg.c ****         #define CY_CFG_MEMORY_BARRIER() __sync_synchronize()
  40:Generated_Source\PSoC4/cyfitter_cfg.c ****     #endif
  41:Generated_Source\PSoC4/cyfitter_cfg.c ****     
  42:Generated_Source\PSoC4/cyfitter_cfg.c **** #elif defined(__ICCARM__)
  43:Generated_Source\PSoC4/cyfitter_cfg.c ****     #include <intrinsics.h>
  44:Generated_Source\PSoC4/cyfitter_cfg.c **** 
  45:Generated_Source\PSoC4/cyfitter_cfg.c ****     #define CYPACKED __packed
  46:Generated_Source\PSoC4/cyfitter_cfg.c ****     #define CYPACKED_ATTR 
  47:Generated_Source\PSoC4/cyfitter_cfg.c ****     #define CYALIGNED _Pragma("data_alignment=4")
  48:Generated_Source\PSoC4/cyfitter_cfg.c ****     #define CY_CFG_UNUSED _Pragma("diag_suppress=Pe177")
  49:Generated_Source\PSoC4/cyfitter_cfg.c ****     #define CY_CFG_SECTION _Pragma("location=\".psocinit\"")
  50:Generated_Source\PSoC4/cyfitter_cfg.c ****     
  51:Generated_Source\PSoC4/cyfitter_cfg.c ****     #define CY_CFG_MEMORY_BARRIER() __DMB()
  52:Generated_Source\PSoC4/cyfitter_cfg.c ****     
  53:Generated_Source\PSoC4/cyfitter_cfg.c **** #else
  54:Generated_Source\PSoC4/cyfitter_cfg.c ****     #error Unsupported toolchain
  55:Generated_Source\PSoC4/cyfitter_cfg.c **** #endif
  56:Generated_Source\PSoC4/cyfitter_cfg.c **** 
  57:Generated_Source\PSoC4/cyfitter_cfg.c **** #ifndef CYCODE
  58:Generated_Source\PSoC4/cyfitter_cfg.c ****     #define CYCODE
  59:Generated_Source\PSoC4/cyfitter_cfg.c **** #endif
  60:Generated_Source\PSoC4/cyfitter_cfg.c **** #ifndef CYDATA
  61:Generated_Source\PSoC4/cyfitter_cfg.c ****     #define CYDATA
  62:Generated_Source\PSoC4/cyfitter_cfg.c **** #endif
  63:Generated_Source\PSoC4/cyfitter_cfg.c **** #ifndef CYFAR
  64:Generated_Source\PSoC4/cyfitter_cfg.c ****     #define CYFAR
  65:Generated_Source\PSoC4/cyfitter_cfg.c **** #endif
  66:Generated_Source\PSoC4/cyfitter_cfg.c **** #ifndef CYXDATA
  67:Generated_Source\PSoC4/cyfitter_cfg.c ****     #define CYXDATA
  68:Generated_Source\PSoC4/cyfitter_cfg.c **** #endif
  69:Generated_Source\PSoC4/cyfitter_cfg.c **** 
  70:Generated_Source\PSoC4/cyfitter_cfg.c **** 
  71:Generated_Source\PSoC4/cyfitter_cfg.c **** CY_CFG_UNUSED
  72:Generated_Source\PSoC4/cyfitter_cfg.c **** static void CYMEMZERO(void *s, size_t n);
  73:Generated_Source\PSoC4/cyfitter_cfg.c **** CY_CFG_UNUSED
  74:Generated_Source\PSoC4/cyfitter_cfg.c **** static void CYMEMZERO(void *s, size_t n)
  75:Generated_Source\PSoC4/cyfitter_cfg.c **** {
  27              		.loc 1 75 0
  28              		.cfi_startproc
  29              		@ args = 0, pretend = 0, frame = 8
  30              		@ frame_needed = 1, uses_anonymous_args = 0
  31 0000 80B5     		push	{r7, lr}
  32              		.cfi_def_cfa_offset 8
  33              		.cfi_offset 7, -8
  34              		.cfi_offset 14, -4
  35 0002 82B0     		sub	sp, sp, #8
  36              		.cfi_def_cfa_offset 16
  37 0004 00AF     		add	r7, sp, #0
  38              		.cfi_def_cfa_register 7
  39 0006 7860     		str	r0, [r7, #4]
ARM GAS  C:\Users\Jacob\AppData\Local\Temp\cctipBu3.s 			page 3


  40 0008 3960     		str	r1, [r7]
  76:Generated_Source\PSoC4/cyfitter_cfg.c **** 	(void)memset(s, 0, n);
  41              		.loc 1 76 0
  42 000a 3A68     		ldr	r2, [r7]
  43 000c 7B68     		ldr	r3, [r7, #4]
  44 000e 0021     		movs	r1, #0
  45 0010 1800     		movs	r0, r3
  46 0012 FFF7FEFF 		bl	memset
  77:Generated_Source\PSoC4/cyfitter_cfg.c **** }
  47              		.loc 1 77 0
  48 0016 C046     		nop
  49 0018 BD46     		mov	sp, r7
  50 001a 02B0     		add	sp, sp, #8
  51              		@ sp needed
  52 001c 80BD     		pop	{r7, pc}
  53              		.cfi_endproc
  54              	.LFE2:
  55              		.size	CYMEMZERO, .-CYMEMZERO
  56 001e C046     		.section	.text.CYCONFIGCPY,"ax",%progbits
  57              		.align	2
  58              		.code	16
  59              		.thumb_func
  60              		.type	CYCONFIGCPY, %function
  61              	CYCONFIGCPY:
  62              	.LFB3:
  78:Generated_Source\PSoC4/cyfitter_cfg.c **** CY_CFG_UNUSED
  79:Generated_Source\PSoC4/cyfitter_cfg.c **** static void CYCONFIGCPY(void *dest, const void *src, size_t n);
  80:Generated_Source\PSoC4/cyfitter_cfg.c **** CY_CFG_UNUSED
  81:Generated_Source\PSoC4/cyfitter_cfg.c **** static void CYCONFIGCPY(void *dest, const void *src, size_t n)
  82:Generated_Source\PSoC4/cyfitter_cfg.c **** {
  63              		.loc 1 82 0
  64              		.cfi_startproc
  65              		@ args = 0, pretend = 0, frame = 16
  66              		@ frame_needed = 1, uses_anonymous_args = 0
  67 0000 80B5     		push	{r7, lr}
  68              		.cfi_def_cfa_offset 8
  69              		.cfi_offset 7, -8
  70              		.cfi_offset 14, -4
  71 0002 84B0     		sub	sp, sp, #16
  72              		.cfi_def_cfa_offset 24
  73 0004 00AF     		add	r7, sp, #0
  74              		.cfi_def_cfa_register 7
  75 0006 F860     		str	r0, [r7, #12]
  76 0008 B960     		str	r1, [r7, #8]
  77 000a 7A60     		str	r2, [r7, #4]
  83:Generated_Source\PSoC4/cyfitter_cfg.c **** 	(void)memcpy(dest, src, n);
  78              		.loc 1 83 0
  79 000c 7A68     		ldr	r2, [r7, #4]
  80 000e B968     		ldr	r1, [r7, #8]
  81 0010 FB68     		ldr	r3, [r7, #12]
  82 0012 1800     		movs	r0, r3
  83 0014 FFF7FEFF 		bl	memcpy
  84:Generated_Source\PSoC4/cyfitter_cfg.c **** }
  84              		.loc 1 84 0
  85 0018 C046     		nop
  86 001a BD46     		mov	sp, r7
  87 001c 04B0     		add	sp, sp, #16
ARM GAS  C:\Users\Jacob\AppData\Local\Temp\cctipBu3.s 			page 4


  88              		@ sp needed
  89 001e 80BD     		pop	{r7, pc}
  90              		.cfi_endproc
  91              	.LFE3:
  92              		.size	CYCONFIGCPY, .-CYCONFIGCPY
  93              		.section	.text.CYCONFIGCPYCODE,"ax",%progbits
  94              		.align	2
  95              		.code	16
  96              		.thumb_func
  97              		.type	CYCONFIGCPYCODE, %function
  98              	CYCONFIGCPYCODE:
  99              	.LFB4:
  85:Generated_Source\PSoC4/cyfitter_cfg.c **** CY_CFG_UNUSED
  86:Generated_Source\PSoC4/cyfitter_cfg.c **** static void CYCONFIGCPYCODE(void *dest, const void *src, size_t n);
  87:Generated_Source\PSoC4/cyfitter_cfg.c **** CY_CFG_UNUSED
  88:Generated_Source\PSoC4/cyfitter_cfg.c **** static void CYCONFIGCPYCODE(void *dest, const void *src, size_t n)
  89:Generated_Source\PSoC4/cyfitter_cfg.c **** {
 100              		.loc 1 89 0
 101              		.cfi_startproc
 102              		@ args = 0, pretend = 0, frame = 16
 103              		@ frame_needed = 1, uses_anonymous_args = 0
 104 0000 80B5     		push	{r7, lr}
 105              		.cfi_def_cfa_offset 8
 106              		.cfi_offset 7, -8
 107              		.cfi_offset 14, -4
 108 0002 84B0     		sub	sp, sp, #16
 109              		.cfi_def_cfa_offset 24
 110 0004 00AF     		add	r7, sp, #0
 111              		.cfi_def_cfa_register 7
 112 0006 F860     		str	r0, [r7, #12]
 113 0008 B960     		str	r1, [r7, #8]
 114 000a 7A60     		str	r2, [r7, #4]
  90:Generated_Source\PSoC4/cyfitter_cfg.c **** 	(void)memcpy(dest, src, n);
 115              		.loc 1 90 0
 116 000c 7A68     		ldr	r2, [r7, #4]
 117 000e B968     		ldr	r1, [r7, #8]
 118 0010 FB68     		ldr	r3, [r7, #12]
 119 0012 1800     		movs	r0, r3
 120 0014 FFF7FEFF 		bl	memcpy
  91:Generated_Source\PSoC4/cyfitter_cfg.c **** }
 121              		.loc 1 91 0
 122 0018 C046     		nop
 123 001a BD46     		mov	sp, r7
 124 001c 04B0     		add	sp, sp, #16
 125              		@ sp needed
 126 001e 80BD     		pop	{r7, pc}
 127              		.cfi_endproc
 128              	.LFE4:
 129              		.size	CYCONFIGCPYCODE, .-CYCONFIGCPYCODE
 130              		.section	.psocinit,"ax",%progbits
 131              		.align	2
 132              		.code	16
 133              		.thumb_func
 134              		.type	ClockSetup, %function
 135              	ClockSetup:
 136              	.LFB5:
  92:Generated_Source\PSoC4/cyfitter_cfg.c **** 
ARM GAS  C:\Users\Jacob\AppData\Local\Temp\cctipBu3.s 			page 5


  93:Generated_Source\PSoC4/cyfitter_cfg.c **** 
  94:Generated_Source\PSoC4/cyfitter_cfg.c **** 
  95:Generated_Source\PSoC4/cyfitter_cfg.c **** 
  96:Generated_Source\PSoC4/cyfitter_cfg.c **** /* Clock startup error codes                                                   */
  97:Generated_Source\PSoC4/cyfitter_cfg.c **** #define CYCLOCKSTART_NO_ERROR    0u
  98:Generated_Source\PSoC4/cyfitter_cfg.c **** #define CYCLOCKSTART_XTAL_ERROR  1u
  99:Generated_Source\PSoC4/cyfitter_cfg.c **** #define CYCLOCKSTART_32KHZ_ERROR 2u
 100:Generated_Source\PSoC4/cyfitter_cfg.c **** #define CYCLOCKSTART_PLL_ERROR   3u
 101:Generated_Source\PSoC4/cyfitter_cfg.c **** #define CYCLOCKSTART_FLL_ERROR   4u
 102:Generated_Source\PSoC4/cyfitter_cfg.c **** 
 103:Generated_Source\PSoC4/cyfitter_cfg.c **** 
 104:Generated_Source\PSoC4/cyfitter_cfg.c **** #ifdef CY_NEED_CYCLOCKSTARTUPERROR
 105:Generated_Source\PSoC4/cyfitter_cfg.c **** /*******************************************************************************
 106:Generated_Source\PSoC4/cyfitter_cfg.c **** * Function Name: CyClockStartupError
 107:Generated_Source\PSoC4/cyfitter_cfg.c **** ********************************************************************************
 108:Generated_Source\PSoC4/cyfitter_cfg.c **** * Summary:
 109:Generated_Source\PSoC4/cyfitter_cfg.c **** *  If an error is encountered during clock configuration (crystal startup error,
 110:Generated_Source\PSoC4/cyfitter_cfg.c **** *  PLL lock error, etc.), the system will end up here.  Unless reimplemented by
 111:Generated_Source\PSoC4/cyfitter_cfg.c **** *  the customer, this function will stop in an infinite loop.
 112:Generated_Source\PSoC4/cyfitter_cfg.c **** *
 113:Generated_Source\PSoC4/cyfitter_cfg.c **** * Parameters:
 114:Generated_Source\PSoC4/cyfitter_cfg.c **** *   void
 115:Generated_Source\PSoC4/cyfitter_cfg.c **** *
 116:Generated_Source\PSoC4/cyfitter_cfg.c **** * Return:
 117:Generated_Source\PSoC4/cyfitter_cfg.c **** *   void
 118:Generated_Source\PSoC4/cyfitter_cfg.c **** *
 119:Generated_Source\PSoC4/cyfitter_cfg.c **** *******************************************************************************/
 120:Generated_Source\PSoC4/cyfitter_cfg.c **** CY_CFG_UNUSED
 121:Generated_Source\PSoC4/cyfitter_cfg.c **** static void CyClockStartupError(uint8 errorCode);
 122:Generated_Source\PSoC4/cyfitter_cfg.c **** CY_CFG_UNUSED
 123:Generated_Source\PSoC4/cyfitter_cfg.c **** static void CyClockStartupError(uint8 errorCode)
 124:Generated_Source\PSoC4/cyfitter_cfg.c **** {
 125:Generated_Source\PSoC4/cyfitter_cfg.c ****     /* To remove the compiler warning if errorCode not used. */
 126:Generated_Source\PSoC4/cyfitter_cfg.c **** #if defined(CY_PSOC3) && (CY_PSOC3)
 127:Generated_Source\PSoC4/cyfitter_cfg.c ****     errorCode = errorCode;
 128:Generated_Source\PSoC4/cyfitter_cfg.c **** #else
 129:Generated_Source\PSoC4/cyfitter_cfg.c ****     (void)errorCode;
 130:Generated_Source\PSoC4/cyfitter_cfg.c **** #endif /* CY_PSOC3 */
 131:Generated_Source\PSoC4/cyfitter_cfg.c **** 
 132:Generated_Source\PSoC4/cyfitter_cfg.c ****     /* If we have a clock startup error (bad MHz crystal, PLL lock, etc.),  */
 133:Generated_Source\PSoC4/cyfitter_cfg.c ****     /* we will end up here to allow the customer to implement something to  */
 134:Generated_Source\PSoC4/cyfitter_cfg.c ****     /* deal with the clock condition.                                       */
 135:Generated_Source\PSoC4/cyfitter_cfg.c **** 
 136:Generated_Source\PSoC4/cyfitter_cfg.c **** #ifdef CY_CFG_CLOCK_STARTUP_ERROR_CALLBACK
 137:Generated_Source\PSoC4/cyfitter_cfg.c ****     CY_CFG_Clock_Startup_ErrorCallback();
 138:Generated_Source\PSoC4/cyfitter_cfg.c **** #else
 139:Generated_Source\PSoC4/cyfitter_cfg.c ****     /*  If not using CY_CFG_CLOCK_STARTUP_ERROR_CALLBACK, place your clock startup code here. */
 140:Generated_Source\PSoC4/cyfitter_cfg.c ****     /* `#START CyClockStartupError` */
 141:Generated_Source\PSoC4/cyfitter_cfg.c **** 
 142:Generated_Source\PSoC4/cyfitter_cfg.c **** 
 143:Generated_Source\PSoC4/cyfitter_cfg.c **** 
 144:Generated_Source\PSoC4/cyfitter_cfg.c ****     /* `#END` */
 145:Generated_Source\PSoC4/cyfitter_cfg.c **** 
 146:Generated_Source\PSoC4/cyfitter_cfg.c ****     while(1) {}
 147:Generated_Source\PSoC4/cyfitter_cfg.c **** #endif /* CY_CFG_CLOCK_STARTUP_ERROR_CALLBACK */
 148:Generated_Source\PSoC4/cyfitter_cfg.c **** }
 149:Generated_Source\PSoC4/cyfitter_cfg.c **** #endif
ARM GAS  C:\Users\Jacob\AppData\Local\Temp\cctipBu3.s 			page 6


 150:Generated_Source\PSoC4/cyfitter_cfg.c **** 
 151:Generated_Source\PSoC4/cyfitter_cfg.c **** 
 152:Generated_Source\PSoC4/cyfitter_cfg.c **** 
 153:Generated_Source\PSoC4/cyfitter_cfg.c **** /*******************************************************************************
 154:Generated_Source\PSoC4/cyfitter_cfg.c **** * Function Name: ClockSetup
 155:Generated_Source\PSoC4/cyfitter_cfg.c **** ********************************************************************************
 156:Generated_Source\PSoC4/cyfitter_cfg.c **** *
 157:Generated_Source\PSoC4/cyfitter_cfg.c **** * Summary:
 158:Generated_Source\PSoC4/cyfitter_cfg.c **** *   Performs the initialization of all of the clocks in the device based on the
 159:Generated_Source\PSoC4/cyfitter_cfg.c **** *   settings in the Clock tab of the DWR.  This includes enabling the requested
 160:Generated_Source\PSoC4/cyfitter_cfg.c **** *   clocks and setting the necessary dividers to produce the desired frequency. 
 161:Generated_Source\PSoC4/cyfitter_cfg.c **** *
 162:Generated_Source\PSoC4/cyfitter_cfg.c **** * Parameters:
 163:Generated_Source\PSoC4/cyfitter_cfg.c **** *   void
 164:Generated_Source\PSoC4/cyfitter_cfg.c **** *
 165:Generated_Source\PSoC4/cyfitter_cfg.c **** * Return:
 166:Generated_Source\PSoC4/cyfitter_cfg.c **** *   void
 167:Generated_Source\PSoC4/cyfitter_cfg.c **** *
 168:Generated_Source\PSoC4/cyfitter_cfg.c **** *******************************************************************************/
 169:Generated_Source\PSoC4/cyfitter_cfg.c **** static void ClockSetup(void);
 170:Generated_Source\PSoC4/cyfitter_cfg.c **** CY_CFG_SECTION
 171:Generated_Source\PSoC4/cyfitter_cfg.c **** static void ClockSetup(void)
 172:Generated_Source\PSoC4/cyfitter_cfg.c **** {
 137              		.loc 1 172 0
 138              		.cfi_startproc
 139              		@ args = 0, pretend = 0, frame = 0
 140              		@ frame_needed = 1, uses_anonymous_args = 0
 141 0000 80B5     		push	{r7, lr}
 142              		.cfi_def_cfa_offset 8
 143              		.cfi_offset 7, -8
 144              		.cfi_offset 14, -4
 145 0002 00AF     		add	r7, sp, #0
 146              		.cfi_def_cfa_register 7
 173:Generated_Source\PSoC4/cyfitter_cfg.c **** 
 174:Generated_Source\PSoC4/cyfitter_cfg.c **** 	/* Set Flash Cycles based on max possible frequency in case a glitch occurs during ClockSetup(). *
 175:Generated_Source\PSoC4/cyfitter_cfg.c **** 	CY_SET_REG32((void CYXDATA *)(CYREG_CPUSS_FLASH_CTL), (0x0012u));
 147              		.loc 1 175 0
 148 0004 244B     		ldr	r3, .L5
 149 0006 1222     		movs	r2, #18
 150 0008 1A60     		str	r2, [r3]
 176:Generated_Source\PSoC4/cyfitter_cfg.c **** 
 177:Generated_Source\PSoC4/cyfitter_cfg.c **** 	/* Start the WCO */
 178:Generated_Source\PSoC4/cyfitter_cfg.c **** 	CySysClkWcoStart();
 151              		.loc 1 178 0
 152 000a FFF7FEFF 		bl	CySysClkWcoStart
 179:Generated_Source\PSoC4/cyfitter_cfg.c **** 	CyDelayCycles(12000000u); /* WCO may take up to 500ms to start */
 153              		.loc 1 179 0
 154 000e 234B     		ldr	r3, .L5+4
 155 0010 1800     		movs	r0, r3
 156 0012 FFF7FEFF 		bl	CyDelayCycles
 180:Generated_Source\PSoC4/cyfitter_cfg.c **** 	(void)CySysClkWcoSetPowerMode(CY_SYS_CLK_WCO_LPM);    /* Switch to the low power mode */
 157              		.loc 1 180 0
 158 0016 0120     		movs	r0, #1
 159 0018 FFF7FEFF 		bl	CySysClkWcoSetPowerMode
 181:Generated_Source\PSoC4/cyfitter_cfg.c **** 
 182:Generated_Source\PSoC4/cyfitter_cfg.c **** 	/* Setup and trim IMO based on desired frequency. */
 183:Generated_Source\PSoC4/cyfitter_cfg.c **** 	CySysClkWriteImoFreq(48u);
ARM GAS  C:\Users\Jacob\AppData\Local\Temp\cctipBu3.s 			page 7


 160              		.loc 1 183 0
 161 001c 3020     		movs	r0, #48
 162 001e FFF7FEFF 		bl	CySysClkWriteImoFreq
 184:Generated_Source\PSoC4/cyfitter_cfg.c **** 	/* CYDEV_CLK_ILO_CONFIG Starting address: CYDEV_CLK_ILO_CONFIG */
 185:Generated_Source\PSoC4/cyfitter_cfg.c **** 	CY_SET_REG32((void *)(CYREG_CLK_ILO_CONFIG), 0x80000006u);
 163              		.loc 1 185 0
 164 0022 1F4B     		ldr	r3, .L5+8
 165 0024 1F4A     		ldr	r2, .L5+12
 166 0026 1A60     		str	r2, [r3]
 186:Generated_Source\PSoC4/cyfitter_cfg.c **** 
 187:Generated_Source\PSoC4/cyfitter_cfg.c **** 	/* CYDEV_WDT_CONFIG Starting address: CYDEV_WDT_CONFIG */
 188:Generated_Source\PSoC4/cyfitter_cfg.c **** 	CY_SET_REG32((void *)(CYREG_WDT_CONFIG), 0x40000000u);
 167              		.loc 1 188 0
 168 0028 1F4B     		ldr	r3, .L5+16
 169 002a 8022     		movs	r2, #128
 170 002c D205     		lsls	r2, r2, #23
 171 002e 1A60     		str	r2, [r3]
 189:Generated_Source\PSoC4/cyfitter_cfg.c **** 
 190:Generated_Source\PSoC4/cyfitter_cfg.c **** 
 191:Generated_Source\PSoC4/cyfitter_cfg.c **** 	/* Enable fast start mode for XO */
 192:Generated_Source\PSoC4/cyfitter_cfg.c **** 	CY_SET_REG32((void*)CYREG_BLE_BLERD_BB_XO, CY_GET_REG32((void*)CYREG_BLE_BLERD_BB_XO) | (uint32)0x
 172              		.loc 1 192 0
 173 0030 1E4B     		ldr	r3, .L5+20
 174 0032 1E4A     		ldr	r2, .L5+20
 175 0034 1268     		ldr	r2, [r2]
 176 0036 0221     		movs	r1, #2
 177 0038 0A43     		orrs	r2, r1
 178 003a 1A60     		str	r2, [r3]
 193:Generated_Source\PSoC4/cyfitter_cfg.c **** 	CY_SET_REG32((void *)(CYREG_BLE_BLERD_BB_XO_CAPTRIM), 0x00002D6Au);
 179              		.loc 1 193 0
 180 003c 1C4B     		ldr	r3, .L5+24
 181 003e 1D4A     		ldr	r2, .L5+28
 182 0040 1A60     		str	r2, [r3]
 194:Generated_Source\PSoC4/cyfitter_cfg.c **** 	/*Set XTAL(ECO) divider*/
 195:Generated_Source\PSoC4/cyfitter_cfg.c **** 	CY_SET_REG32((void *)(CYREG_BLE_BLESS_XTAL_CLK_DIV_CONFIG), 0x00000000u);
 183              		.loc 1 195 0
 184 0042 1D4B     		ldr	r3, .L5+32
 185 0044 0022     		movs	r2, #0
 186 0046 1A60     		str	r2, [r3]
 196:Generated_Source\PSoC4/cyfitter_cfg.c **** 	/* Disable Crystal Stable Interrupt before enabling ECO */
 197:Generated_Source\PSoC4/cyfitter_cfg.c **** 	CY_SET_REG32((void*)CYREG_BLE_BLESS_LL_DSM_CTRL, CY_GET_REG32((void*)CYREG_BLE_BLESS_LL_DSM_CTRL) 
 187              		.loc 1 197 0
 188 0048 1C4B     		ldr	r3, .L5+36
 189 004a 1C4A     		ldr	r2, .L5+36
 190 004c 1268     		ldr	r2, [r2]
 191 004e 0821     		movs	r1, #8
 192 0050 8A43     		bics	r2, r1
 193 0052 1A60     		str	r2, [r3]
 198:Generated_Source\PSoC4/cyfitter_cfg.c **** 	/* Start the ECO and do not check status since it is not needed for HFCLK */
 199:Generated_Source\PSoC4/cyfitter_cfg.c **** 	(void)CySysClkEcoStart(2000u);
 194              		.loc 1 199 0
 195 0054 FA23     		movs	r3, #250
 196 0056 DB00     		lsls	r3, r3, #3
 197 0058 1800     		movs	r0, r3
 198 005a FFF7FEFF 		bl	CySysClkEcoStart
 200:Generated_Source\PSoC4/cyfitter_cfg.c **** 	CyDelayUs(1500u); /* Wait to stabilize */
 199              		.loc 1 200 0
ARM GAS  C:\Users\Jacob\AppData\Local\Temp\cctipBu3.s 			page 8


 200 005e 184B     		ldr	r3, .L5+40
 201 0060 1800     		movs	r0, r3
 202 0062 FFF7FEFF 		bl	CyDelayUs
 201:Generated_Source\PSoC4/cyfitter_cfg.c **** 
 202:Generated_Source\PSoC4/cyfitter_cfg.c **** 	/* Setup phase aligned clocks */
 203:Generated_Source\PSoC4/cyfitter_cfg.c **** 	CY_SET_REG32((void *)CYREG_PERI_DIV_16_CTL0, 0x00BB7F00u);
 203              		.loc 1 203 0
 204 0066 174B     		ldr	r3, .L5+44
 205 0068 174A     		ldr	r2, .L5+48
 206 006a 1A60     		str	r2, [r3]
 204:Generated_Source\PSoC4/cyfitter_cfg.c **** 	CY_SET_REG32((void *)CYREG_PERI_DIV_CMD, 0x8000FF40u);
 207              		.loc 1 204 0
 208 006c 174B     		ldr	r3, .L5+52
 209 006e 184A     		ldr	r2, .L5+56
 210 0070 1A60     		str	r2, [r3]
 205:Generated_Source\PSoC4/cyfitter_cfg.c **** 
 206:Generated_Source\PSoC4/cyfitter_cfg.c **** 	/* CYDEV_CLK_IMO_CONFIG Starting address: CYDEV_CLK_IMO_CONFIG */
 207:Generated_Source\PSoC4/cyfitter_cfg.c **** 	CY_SET_REG32((void *)(CYREG_CLK_IMO_CONFIG), 0x80000000u);
 211              		.loc 1 207 0
 212 0072 184B     		ldr	r3, .L5+60
 213 0074 8022     		movs	r2, #128
 214 0076 1206     		lsls	r2, r2, #24
 215 0078 1A60     		str	r2, [r3]
 208:Generated_Source\PSoC4/cyfitter_cfg.c **** 
 209:Generated_Source\PSoC4/cyfitter_cfg.c **** 	/* CYDEV_CLK_SELECT Starting address: CYDEV_CLK_SELECT */
 210:Generated_Source\PSoC4/cyfitter_cfg.c **** 	CY_SET_REG32((void *)(CYREG_CLK_SELECT), 0x00040000u);
 216              		.loc 1 210 0
 217 007a 174B     		ldr	r3, .L5+64
 218 007c 8022     		movs	r2, #128
 219 007e D202     		lsls	r2, r2, #11
 220 0080 1A60     		str	r2, [r3]
 211:Generated_Source\PSoC4/cyfitter_cfg.c **** 
 212:Generated_Source\PSoC4/cyfitter_cfg.c **** 	/* CYDEV_PERI_PCLK_CTL10 Starting address: CYDEV_PERI_PCLK_CTL10 */
 213:Generated_Source\PSoC4/cyfitter_cfg.c **** 	CY_SET_REG32((void *)(CYREG_PERI_PCLK_CTL10), 0x00000040u);
 221              		.loc 1 213 0
 222 0082 164B     		ldr	r3, .L5+68
 223 0084 4022     		movs	r2, #64
 224 0086 1A60     		str	r2, [r3]
 214:Generated_Source\PSoC4/cyfitter_cfg.c **** 
 215:Generated_Source\PSoC4/cyfitter_cfg.c **** 	CY_SET_REG32((void *)(CYREG_WDT_CONFIG), 0x40000000u);
 225              		.loc 1 215 0
 226 0088 074B     		ldr	r3, .L5+16
 227 008a 8022     		movs	r2, #128
 228 008c D205     		lsls	r2, r2, #23
 229 008e 1A60     		str	r2, [r3]
 216:Generated_Source\PSoC4/cyfitter_cfg.c **** }
 230              		.loc 1 216 0
 231 0090 C046     		nop
 232 0092 BD46     		mov	sp, r7
 233              		@ sp needed
 234 0094 80BD     		pop	{r7, pc}
 235              	.L6:
 236 0096 C046     		.align	2
 237              	.L5:
 238 0098 30001040 		.word	1074790448
 239 009c 001BB700 		.word	12000000
 240 00a0 04010B40 		.word	1074462980
ARM GAS  C:\Users\Jacob\AppData\Local\Temp\cctipBu3.s 			page 9


 241 00a4 06000080 		.word	-2147483642
 242 00a8 0C020B40 		.word	1074463244
 243 00ac 78002E40 		.word	1076756600
 244 00b0 7C002E40 		.word	1076756604
 245 00b4 6A2D0000 		.word	11626
 246 00b8 64F02E40 		.word	1076818020
 247 00bc 6CF02E40 		.word	1076818028
 248 00c0 DC050000 		.word	1500
 249 00c4 00030140 		.word	1073808128
 250 00c8 007FBB00 		.word	12287744
 251 00cc 00000140 		.word	1073807360
 252 00d0 40FF0080 		.word	-2147418304
 253 00d4 08010B40 		.word	1074462984
 254 00d8 00010B40 		.word	1074462976
 255 00dc 28010140 		.word	1073807656
 256              		.cfi_endproc
 257              	.LFE5:
 258              		.size	ClockSetup, .-ClockSetup
 259              		.section	.text.AnalogSetDefault,"ax",%progbits
 260              		.align	2
 261              		.code	16
 262              		.thumb_func
 263              		.type	AnalogSetDefault, %function
 264              	AnalogSetDefault:
 265              	.LFB6:
 217:Generated_Source\PSoC4/cyfitter_cfg.c **** 
 218:Generated_Source\PSoC4/cyfitter_cfg.c **** 
 219:Generated_Source\PSoC4/cyfitter_cfg.c **** /* Analog API Functions */
 220:Generated_Source\PSoC4/cyfitter_cfg.c **** 
 221:Generated_Source\PSoC4/cyfitter_cfg.c **** 
 222:Generated_Source\PSoC4/cyfitter_cfg.c **** /*******************************************************************************
 223:Generated_Source\PSoC4/cyfitter_cfg.c **** * Function Name: AnalogSetDefault
 224:Generated_Source\PSoC4/cyfitter_cfg.c **** ********************************************************************************
 225:Generated_Source\PSoC4/cyfitter_cfg.c **** *
 226:Generated_Source\PSoC4/cyfitter_cfg.c **** * Summary:
 227:Generated_Source\PSoC4/cyfitter_cfg.c **** *  Sets up the analog portions of the chip to default values based on chip
 228:Generated_Source\PSoC4/cyfitter_cfg.c **** *  configuration options from the project.
 229:Generated_Source\PSoC4/cyfitter_cfg.c **** *
 230:Generated_Source\PSoC4/cyfitter_cfg.c **** * Parameters:
 231:Generated_Source\PSoC4/cyfitter_cfg.c **** *  void
 232:Generated_Source\PSoC4/cyfitter_cfg.c **** *
 233:Generated_Source\PSoC4/cyfitter_cfg.c **** * Return:
 234:Generated_Source\PSoC4/cyfitter_cfg.c **** *  void
 235:Generated_Source\PSoC4/cyfitter_cfg.c **** *
 236:Generated_Source\PSoC4/cyfitter_cfg.c **** *******************************************************************************/
 237:Generated_Source\PSoC4/cyfitter_cfg.c **** static void AnalogSetDefault(void);
 238:Generated_Source\PSoC4/cyfitter_cfg.c **** static void AnalogSetDefault(void)
 239:Generated_Source\PSoC4/cyfitter_cfg.c **** {
 266              		.loc 1 239 0
 267              		.cfi_startproc
 268              		@ args = 0, pretend = 0, frame = 0
 269              		@ frame_needed = 1, uses_anonymous_args = 0
 270 0000 80B5     		push	{r7, lr}
 271              		.cfi_def_cfa_offset 8
 272              		.cfi_offset 7, -8
 273              		.cfi_offset 14, -4
 274 0002 00AF     		add	r7, sp, #0
ARM GAS  C:\Users\Jacob\AppData\Local\Temp\cctipBu3.s 			page 10


 275              		.cfi_def_cfa_register 7
 240:Generated_Source\PSoC4/cyfitter_cfg.c **** 	CY_SET_XTND_REG32((void CYFAR *)CYREG_CTBM0_DFT_CTRL, 0x00000003u);
 276              		.loc 1 240 0
 277 0004 054B     		ldr	r3, .L8
 278 0006 0322     		movs	r2, #3
 279 0008 1A60     		str	r2, [r3]
 241:Generated_Source\PSoC4/cyfitter_cfg.c **** 	CY_SET_XTND_REG32((void CYFAR *)CYREG_CTBM1_DFT_CTRL, 0x00000003u);
 280              		.loc 1 241 0
 281 000a 054B     		ldr	r3, .L8+4
 282 000c 0322     		movs	r2, #3
 283 000e 1A60     		str	r2, [r3]
 242:Generated_Source\PSoC4/cyfitter_cfg.c **** 	CY_SET_XTND_REG32((void CYFAR *)CYREG_PASS_DSAB_DSAB_CTRL, 0x00000000u);
 284              		.loc 1 242 0
 285 0010 044B     		ldr	r3, .L8+8
 286 0012 0022     		movs	r2, #0
 287 0014 1A60     		str	r2, [r3]
 243:Generated_Source\PSoC4/cyfitter_cfg.c **** }
 288              		.loc 1 243 0
 289 0016 C046     		nop
 290 0018 BD46     		mov	sp, r7
 291              		@ sp needed
 292 001a 80BD     		pop	{r7, pc}
 293              	.L9:
 294              		.align	2
 295              	.L8:
 296 001c 30003040 		.word	1076887600
 297 0020 30003140 		.word	1076953136
 298 0024 000E3F40 		.word	1077874176
 299              		.cfi_endproc
 300              	.LFE6:
 301              		.size	AnalogSetDefault, .-AnalogSetDefault
 302              		.section	.psocinit
 303              		.align	2
 304              		.global	cyfitter_cfg
 305              		.code	16
 306              		.thumb_func
 307              		.type	cyfitter_cfg, %function
 308              	cyfitter_cfg:
 309              	.LFB7:
 244:Generated_Source\PSoC4/cyfitter_cfg.c **** 
 245:Generated_Source\PSoC4/cyfitter_cfg.c **** 
 246:Generated_Source\PSoC4/cyfitter_cfg.c **** 
 247:Generated_Source\PSoC4/cyfitter_cfg.c **** 
 248:Generated_Source\PSoC4/cyfitter_cfg.c **** /*******************************************************************************
 249:Generated_Source\PSoC4/cyfitter_cfg.c **** * Function Name: cyfitter_cfg
 250:Generated_Source\PSoC4/cyfitter_cfg.c **** ********************************************************************************
 251:Generated_Source\PSoC4/cyfitter_cfg.c **** * Summary:
 252:Generated_Source\PSoC4/cyfitter_cfg.c **** *  This function is called by the start-up code for the selected device. It
 253:Generated_Source\PSoC4/cyfitter_cfg.c **** *  performs all of the necessary device configuration based on the design
 254:Generated_Source\PSoC4/cyfitter_cfg.c **** *  settings.  This includes settings from the Design Wide Resources (DWR) such
 255:Generated_Source\PSoC4/cyfitter_cfg.c **** *  as Clocks and Pins as well as any component configuration that is necessary.
 256:Generated_Source\PSoC4/cyfitter_cfg.c **** *
 257:Generated_Source\PSoC4/cyfitter_cfg.c **** * Parameters:
 258:Generated_Source\PSoC4/cyfitter_cfg.c **** *   void
 259:Generated_Source\PSoC4/cyfitter_cfg.c **** *
 260:Generated_Source\PSoC4/cyfitter_cfg.c **** * Return:
 261:Generated_Source\PSoC4/cyfitter_cfg.c **** *   void
ARM GAS  C:\Users\Jacob\AppData\Local\Temp\cctipBu3.s 			page 11


 262:Generated_Source\PSoC4/cyfitter_cfg.c **** *
 263:Generated_Source\PSoC4/cyfitter_cfg.c **** *******************************************************************************/
 264:Generated_Source\PSoC4/cyfitter_cfg.c **** CY_CFG_SECTION
 265:Generated_Source\PSoC4/cyfitter_cfg.c **** void cyfitter_cfg(void)
 266:Generated_Source\PSoC4/cyfitter_cfg.c **** {
 310              		.loc 1 266 0
 311              		.cfi_startproc
 312              		@ args = 0, pretend = 0, frame = 8
 313              		@ frame_needed = 1, uses_anonymous_args = 0
 314 00e0 80B5     		push	{r7, lr}
 315              		.cfi_def_cfa_offset 8
 316              		.cfi_offset 7, -8
 317              		.cfi_offset 14, -4
 318 00e2 82B0     		sub	sp, sp, #8
 319              		.cfi_def_cfa_offset 16
 320 00e4 00AF     		add	r7, sp, #0
 321              		.cfi_def_cfa_register 7
 267:Generated_Source\PSoC4/cyfitter_cfg.c **** 	/* Disable interrupts by default. Let user enable if/when they want. */
 268:Generated_Source\PSoC4/cyfitter_cfg.c **** 	CyGlobalIntDisable;
 322              		.loc 1 268 0
 323              		.syntax divided
 324              	@ 268 "Generated_Source\PSoC4\cyfitter_cfg.c" 1
 325 00e6 72B6     		CPSID   i
 326              	@ 0 "" 2
 269:Generated_Source\PSoC4/cyfitter_cfg.c **** 
 270:Generated_Source\PSoC4/cyfitter_cfg.c **** 	CY_SET_REG32((void *)(CYREG_BLE_BLESS_LL_DSM_CTRL), 0x00000000u);
 327              		.loc 1 270 0
 328              		.thumb
 329              		.syntax unified
 330 00e8 2C4B     		ldr	r3, .L13
 331 00ea 0022     		movs	r2, #0
 332 00ec 1A60     		str	r2, [r3]
 333              	.LBB2:
 271:Generated_Source\PSoC4/cyfitter_cfg.c **** 
 272:Generated_Source\PSoC4/cyfitter_cfg.c **** 	{
 273:Generated_Source\PSoC4/cyfitter_cfg.c **** 
 274:Generated_Source\PSoC4/cyfitter_cfg.c **** 		CYPACKED typedef struct {
 275:Generated_Source\PSoC4/cyfitter_cfg.c **** 			void CYFAR *address;
 276:Generated_Source\PSoC4/cyfitter_cfg.c **** 			uint16 size;
 277:Generated_Source\PSoC4/cyfitter_cfg.c **** 		} CYPACKED_ATTR cfg_memset_t;
 278:Generated_Source\PSoC4/cyfitter_cfg.c **** 
 279:Generated_Source\PSoC4/cyfitter_cfg.c **** 		static const cfg_memset_t CYCODE cfg_memset_list[] = {
 280:Generated_Source\PSoC4/cyfitter_cfg.c **** 			/* address, size */
 281:Generated_Source\PSoC4/cyfitter_cfg.c **** 			{(void CYFAR *)(CYDEV_UDB_P0_U0_BASE), 1024u},
 282:Generated_Source\PSoC4/cyfitter_cfg.c **** 			{(void CYFAR *)(CYDEV_UDB_DSI0_BASE), 1024u},
 283:Generated_Source\PSoC4/cyfitter_cfg.c **** 		};
 284:Generated_Source\PSoC4/cyfitter_cfg.c **** 
 285:Generated_Source\PSoC4/cyfitter_cfg.c **** 		uint8 CYDATA i;
 286:Generated_Source\PSoC4/cyfitter_cfg.c **** 
 287:Generated_Source\PSoC4/cyfitter_cfg.c **** 		/* Zero out critical memory blocks before beginning configuration */
 288:Generated_Source\PSoC4/cyfitter_cfg.c **** 		for (i = 0u; i < (sizeof(cfg_memset_list)/sizeof(cfg_memset_list[0])); i++)
 334              		.loc 1 288 0
 335 00ee FB1D     		adds	r3, r7, #7
 336 00f0 0022     		movs	r2, #0
 337 00f2 1A70     		strb	r2, [r3]
 338 00f4 22E0     		b	.L11
 339              	.L12:
ARM GAS  C:\Users\Jacob\AppData\Local\Temp\cctipBu3.s 			page 12


 340              	.LBB3:
 289:Generated_Source\PSoC4/cyfitter_cfg.c **** 		{
 290:Generated_Source\PSoC4/cyfitter_cfg.c **** 			const cfg_memset_t CYCODE * CYDATA ms = &cfg_memset_list[i];
 341              		.loc 1 290 0 discriminator 3
 342 00f6 FB1D     		adds	r3, r7, #7
 343 00f8 1A78     		ldrb	r2, [r3]
 344 00fa 1300     		movs	r3, r2
 345 00fc 5B00     		lsls	r3, r3, #1
 346 00fe 9B18     		adds	r3, r3, r2
 347 0100 5B00     		lsls	r3, r3, #1
 348 0102 274A     		ldr	r2, .L13+4
 349 0104 9B18     		adds	r3, r3, r2
 350 0106 3B60     		str	r3, [r7]
 291:Generated_Source\PSoC4/cyfitter_cfg.c **** 			CYMEMZERO(ms->address, (size_t)(uint32)(ms->size));
 351              		.loc 1 291 0 discriminator 3
 352 0108 3B68     		ldr	r3, [r7]
 353 010a 1A78     		ldrb	r2, [r3]
 354 010c 5978     		ldrb	r1, [r3, #1]
 355 010e 0902     		lsls	r1, r1, #8
 356 0110 0A43     		orrs	r2, r1
 357 0112 9978     		ldrb	r1, [r3, #2]
 358 0114 0904     		lsls	r1, r1, #16
 359 0116 0A43     		orrs	r2, r1
 360 0118 DB78     		ldrb	r3, [r3, #3]
 361 011a 1B06     		lsls	r3, r3, #24
 362 011c 1343     		orrs	r3, r2
 363 011e 1800     		movs	r0, r3
 364 0120 3B68     		ldr	r3, [r7]
 365 0122 1A79     		ldrb	r2, [r3, #4]
 366 0124 5B79     		ldrb	r3, [r3, #5]
 367 0126 1B02     		lsls	r3, r3, #8
 368 0128 1343     		orrs	r3, r2
 369 012a 9BB2     		uxth	r3, r3
 370 012c 1900     		movs	r1, r3
 371 012e FFF7FEFF 		bl	CYMEMZERO
 372              	.LBE3:
 288:Generated_Source\PSoC4/cyfitter_cfg.c **** 		{
 373              		.loc 1 288 0 discriminator 3
 374 0132 FB1D     		adds	r3, r7, #7
 375 0134 1A78     		ldrb	r2, [r3]
 376 0136 FB1D     		adds	r3, r7, #7
 377 0138 0132     		adds	r2, r2, #1
 378 013a 1A70     		strb	r2, [r3]
 379              	.L11:
 288:Generated_Source\PSoC4/cyfitter_cfg.c **** 		{
 380              		.loc 1 288 0 is_stmt 0 discriminator 1
 381 013c FB1D     		adds	r3, r7, #7
 382 013e 1B78     		ldrb	r3, [r3]
 383 0140 012B     		cmp	r3, #1
 384 0142 D8D9     		bls	.L12
 292:Generated_Source\PSoC4/cyfitter_cfg.c **** 		}
 293:Generated_Source\PSoC4/cyfitter_cfg.c **** 
 294:Generated_Source\PSoC4/cyfitter_cfg.c **** 		/* HSIOM Starting address: CYDEV_HSIOM_BASE */
 295:Generated_Source\PSoC4/cyfitter_cfg.c **** 		CY_SET_REG32((void *)(CYDEV_HSIOM_BASE), 0xEE000000u);
 385              		.loc 1 295 0 is_stmt 1
 386 0144 174B     		ldr	r3, .L13+8
 387 0146 EE22     		movs	r2, #238
ARM GAS  C:\Users\Jacob\AppData\Local\Temp\cctipBu3.s 			page 13


 388 0148 1206     		lsls	r2, r2, #24
 389 014a 1A60     		str	r2, [r3]
 296:Generated_Source\PSoC4/cyfitter_cfg.c **** 		CY_SET_REG32((void *)(CYREG_HSIOM_PORT_SEL3), 0x80000000u);
 390              		.loc 1 296 0
 391 014c 164B     		ldr	r3, .L13+12
 392 014e 8022     		movs	r2, #128
 393 0150 1206     		lsls	r2, r2, #24
 394 0152 1A60     		str	r2, [r3]
 297:Generated_Source\PSoC4/cyfitter_cfg.c **** 
 298:Generated_Source\PSoC4/cyfitter_cfg.c **** 		/* UDB_PA_0 Starting address: CYDEV_UDB_PA0_BASE */
 299:Generated_Source\PSoC4/cyfitter_cfg.c **** 		CY_SET_REG32((void *)(CYDEV_UDB_PA0_BASE), 0x00990000u);
 395              		.loc 1 299 0
 396 0154 154B     		ldr	r3, .L13+16
 397 0156 9922     		movs	r2, #153
 398 0158 1204     		lsls	r2, r2, #16
 399 015a 1A60     		str	r2, [r3]
 300:Generated_Source\PSoC4/cyfitter_cfg.c **** 
 301:Generated_Source\PSoC4/cyfitter_cfg.c **** 		/* UDB_PA_3 Starting address: CYDEV_UDB_PA3_BASE */
 302:Generated_Source\PSoC4/cyfitter_cfg.c **** 		CY_SET_REG32((void *)(CYDEV_UDB_PA3_BASE), 0x00990000u);
 400              		.loc 1 302 0
 401 015c 144B     		ldr	r3, .L13+20
 402 015e 9922     		movs	r2, #153
 403 0160 1204     		lsls	r2, r2, #16
 404 0162 1A60     		str	r2, [r3]
 303:Generated_Source\PSoC4/cyfitter_cfg.c **** 
 304:Generated_Source\PSoC4/cyfitter_cfg.c **** 		/* Enable digital routing */
 305:Generated_Source\PSoC4/cyfitter_cfg.c **** 		CY_SET_XTND_REG8((void *)CYREG_UDB_UDBIF_BANK_CTL, (uint8)(CY_GET_XTND_REG8((void *)CYREG_UDB_UDB
 405              		.loc 1 305 0
 406 0164 134A     		ldr	r2, .L13+24
 407 0166 134B     		ldr	r3, .L13+24
 408 0168 1B78     		ldrb	r3, [r3]
 409 016a DBB2     		uxtb	r3, r3
 410 016c 0621     		movs	r1, #6
 411 016e 0B43     		orrs	r3, r1
 412 0170 DBB2     		uxtb	r3, r3
 413 0172 1370     		strb	r3, [r2]
 414              	.LBE2:
 306:Generated_Source\PSoC4/cyfitter_cfg.c **** 	}
 307:Generated_Source\PSoC4/cyfitter_cfg.c **** 
 308:Generated_Source\PSoC4/cyfitter_cfg.c **** 	/* Perform second pass device configuration. These items must be configured in specific order afte
 309:Generated_Source\PSoC4/cyfitter_cfg.c **** 	/* IOPINS0_0 Starting address: CYDEV_GPIO_PRT0_BASE */
 310:Generated_Source\PSoC4/cyfitter_cfg.c **** 	CY_SET_REG32((void *)(CYREG_GPIO_PRT0_PC), 0x00D80000u);
 415              		.loc 1 310 0
 416 0174 104B     		ldr	r3, .L13+28
 417 0176 D822     		movs	r2, #216
 418 0178 1204     		lsls	r2, r2, #16
 419 017a 1A60     		str	r2, [r3]
 311:Generated_Source\PSoC4/cyfitter_cfg.c **** 
 312:Generated_Source\PSoC4/cyfitter_cfg.c **** 	/* IOPINS0_3 Starting address: CYDEV_GPIO_PRT3_BASE */
 313:Generated_Source\PSoC4/cyfitter_cfg.c **** 	CY_SET_REG32((void *)(CYDEV_GPIO_PRT3_BASE), 0x00000080u);
 420              		.loc 1 313 0
 421 017c 0F4B     		ldr	r3, .L13+32
 422 017e 8022     		movs	r2, #128
 423 0180 1A60     		str	r2, [r3]
 314:Generated_Source\PSoC4/cyfitter_cfg.c **** 	CY_SET_REG32((void *)(CYREG_GPIO_PRT3_PC), 0x00C00000u);
 424              		.loc 1 314 0
 425 0182 0F4B     		ldr	r3, .L13+36
ARM GAS  C:\Users\Jacob\AppData\Local\Temp\cctipBu3.s 			page 14


 426 0184 C022     		movs	r2, #192
 427 0186 1204     		lsls	r2, r2, #16
 428 0188 1A60     		str	r2, [r3]
 315:Generated_Source\PSoC4/cyfitter_cfg.c **** 
 316:Generated_Source\PSoC4/cyfitter_cfg.c **** 
 317:Generated_Source\PSoC4/cyfitter_cfg.c **** 	/* Setup clocks based on selections from Clock DWR */
 318:Generated_Source\PSoC4/cyfitter_cfg.c **** 	ClockSetup();
 429              		.loc 1 318 0
 430 018a FFF739FF 		bl	ClockSetup
 319:Generated_Source\PSoC4/cyfitter_cfg.c **** 
 320:Generated_Source\PSoC4/cyfitter_cfg.c **** 	/* Perform basic analog initialization to defaults */
 321:Generated_Source\PSoC4/cyfitter_cfg.c **** 	AnalogSetDefault();
 431              		.loc 1 321 0
 432 018e FFF7FEFF 		bl	AnalogSetDefault
 322:Generated_Source\PSoC4/cyfitter_cfg.c **** 
 323:Generated_Source\PSoC4/cyfitter_cfg.c **** }
 433              		.loc 1 323 0
 434 0192 C046     		nop
 435 0194 BD46     		mov	sp, r7
 436 0196 02B0     		add	sp, sp, #8
 437              		@ sp needed
 438 0198 80BD     		pop	{r7, pc}
 439              	.L14:
 440 019a C046     		.align	2
 441              	.L13:
 442 019c 6CF02E40 		.word	1076818028
 443 01a0 00000000 		.word	cfg_memset_list.4893
 444 01a4 00000240 		.word	1073872896
 445 01a8 00030240 		.word	1073873664
 446 01ac 00500F40 		.word	1074745344
 447 01b0 30500F40 		.word	1074745392
 448 01b4 00700F40 		.word	1074753536
 449 01b8 08000440 		.word	1074003976
 450 01bc 00030440 		.word	1074004736
 451 01c0 08030440 		.word	1074004744
 452              		.cfi_endproc
 453              	.LFE7:
 454              		.size	cyfitter_cfg, .-cyfitter_cfg
 455              		.section	.rodata
 456              		.align	2
 457              		.type	cfg_memset_list.4893, %object
 458              		.size	cfg_memset_list.4893, 12
 459              	cfg_memset_list.4893:
 460 0000 00300F40 		.word	1074737152
 461 0004 0004     		.short	1024
 462 0006 00400F40 		.4byte	1074741248
 463 000a 0004     		.short	1024
 464              		.text
 465              	.Letext0:
 466              		.file 2 "c:\\program files (x86)\\cypress\\psoc creator\\4.1\\psoc creator\\import\\gnu\\arm\\5.4.
 467              		.file 3 "Generated_Source\\PSoC4\\cytypes.h"
 468              		.section	.debug_info,"",%progbits
 469              	.Ldebug_info0:
 470 0000 55020000 		.4byte	0x255
 471 0004 0400     		.2byte	0x4
 472 0006 00000000 		.4byte	.Ldebug_abbrev0
 473 000a 04       		.byte	0x4
ARM GAS  C:\Users\Jacob\AppData\Local\Temp\cctipBu3.s 			page 15


 474 000b 01       		.uleb128 0x1
 475 000c C9000000 		.4byte	.LASF30
 476 0010 0C       		.byte	0xc
 477 0011 07020000 		.4byte	.LASF31
 478 0015 5C000000 		.4byte	.LASF32
 479 0019 00000000 		.4byte	.Ldebug_ranges0+0
 480 001d 00000000 		.4byte	0
 481 0021 00000000 		.4byte	.Ldebug_line0
 482 0025 02       		.uleb128 0x2
 483 0026 04       		.byte	0x4
 484 0027 05       		.byte	0x5
 485 0028 696E7400 		.ascii	"int\000"
 486 002c 03       		.uleb128 0x3
 487 002d 06000000 		.4byte	.LASF12
 488 0031 02       		.byte	0x2
 489 0032 D8       		.byte	0xd8
 490 0033 37000000 		.4byte	0x37
 491 0037 04       		.uleb128 0x4
 492 0038 04       		.byte	0x4
 493 0039 07       		.byte	0x7
 494 003a 87010000 		.4byte	.LASF0
 495 003e 04       		.uleb128 0x4
 496 003f 08       		.byte	0x8
 497 0040 05       		.byte	0x5
 498 0041 C9010000 		.4byte	.LASF1
 499 0045 04       		.uleb128 0x4
 500 0046 08       		.byte	0x8
 501 0047 04       		.byte	0x4
 502 0048 EF010000 		.4byte	.LASF2
 503 004c 04       		.uleb128 0x4
 504 004d 01       		.byte	0x1
 505 004e 06       		.byte	0x6
 506 004f FB010000 		.4byte	.LASF3
 507 0053 04       		.uleb128 0x4
 508 0054 01       		.byte	0x1
 509 0055 08       		.byte	0x8
 510 0056 57010000 		.4byte	.LASF4
 511 005a 04       		.uleb128 0x4
 512 005b 02       		.byte	0x2
 513 005c 05       		.byte	0x5
 514 005d DC010000 		.4byte	.LASF5
 515 0061 04       		.uleb128 0x4
 516 0062 02       		.byte	0x2
 517 0063 07       		.byte	0x7
 518 0064 39000000 		.4byte	.LASF6
 519 0068 04       		.uleb128 0x4
 520 0069 04       		.byte	0x4
 521 006a 05       		.byte	0x5
 522 006b E6010000 		.4byte	.LASF7
 523 006f 04       		.uleb128 0x4
 524 0070 04       		.byte	0x4
 525 0071 07       		.byte	0x7
 526 0072 A7000000 		.4byte	.LASF8
 527 0076 04       		.uleb128 0x4
 528 0077 08       		.byte	0x8
 529 0078 07       		.byte	0x7
 530 0079 9C010000 		.4byte	.LASF9
ARM GAS  C:\Users\Jacob\AppData\Local\Temp\cctipBu3.s 			page 16


 531 007d 04       		.uleb128 0x4
 532 007e 04       		.byte	0x4
 533 007f 07       		.byte	0x7
 534 0080 C0010000 		.4byte	.LASF10
 535 0084 05       		.uleb128 0x5
 536 0085 04       		.byte	0x4
 537 0086 04       		.uleb128 0x4
 538 0087 01       		.byte	0x1
 539 0088 08       		.byte	0x8
 540 0089 D7010000 		.4byte	.LASF11
 541 008d 06       		.uleb128 0x6
 542 008e B9000000 		.4byte	.LASF13
 543 0092 03       		.byte	0x3
 544 0093 D201     		.2byte	0x1d2
 545 0095 53000000 		.4byte	0x53
 546 0099 06       		.uleb128 0x6
 547 009a 79010000 		.4byte	.LASF14
 548 009e 03       		.byte	0x3
 549 009f D301     		.2byte	0x1d3
 550 00a1 61000000 		.4byte	0x61
 551 00a5 06       		.uleb128 0x6
 552 00a6 80010000 		.4byte	.LASF15
 553 00aa 03       		.byte	0x3
 554 00ab D401     		.2byte	0x1d4
 555 00ad 6F000000 		.4byte	0x6f
 556 00b1 04       		.uleb128 0x4
 557 00b2 04       		.byte	0x4
 558 00b3 04       		.byte	0x4
 559 00b4 4C000000 		.4byte	.LASF16
 560 00b8 04       		.uleb128 0x4
 561 00b9 08       		.byte	0x8
 562 00ba 04       		.byte	0x4
 563 00bb 65010000 		.4byte	.LASF17
 564 00bf 06       		.uleb128 0x6
 565 00c0 A2000000 		.4byte	.LASF18
 566 00c4 03       		.byte	0x3
 567 00c5 7C02     		.2byte	0x27c
 568 00c7 CB000000 		.4byte	0xcb
 569 00cb 07       		.uleb128 0x7
 570 00cc 8D000000 		.4byte	0x8d
 571 00d0 06       		.uleb128 0x6
 572 00d1 00000000 		.4byte	.LASF19
 573 00d5 03       		.byte	0x3
 574 00d6 7E02     		.2byte	0x27e
 575 00d8 DC000000 		.4byte	0xdc
 576 00dc 07       		.uleb128 0x7
 577 00dd A5000000 		.4byte	0xa5
 578 00e1 08       		.uleb128 0x8
 579 00e2 BF000000 		.4byte	.LASF20
 580 00e6 01       		.byte	0x1
 581 00e7 4A       		.byte	0x4a
 582 00e8 00000000 		.4byte	.LFB2
 583 00ec 1E000000 		.4byte	.LFE2-.LFB2
 584 00f0 01       		.uleb128 0x1
 585 00f1 9C       		.byte	0x9c
 586 00f2 0F010000 		.4byte	0x10f
 587 00f6 09       		.uleb128 0x9
ARM GAS  C:\Users\Jacob\AppData\Local\Temp\cctipBu3.s 			page 17


 588 00f7 7300     		.ascii	"s\000"
 589 00f9 01       		.byte	0x1
 590 00fa 4A       		.byte	0x4a
 591 00fb 84000000 		.4byte	0x84
 592 00ff 02       		.uleb128 0x2
 593 0100 91       		.byte	0x91
 594 0101 74       		.sleb128 -12
 595 0102 09       		.uleb128 0x9
 596 0103 6E00     		.ascii	"n\000"
 597 0105 01       		.byte	0x1
 598 0106 4A       		.byte	0x4a
 599 0107 2C000000 		.4byte	0x2c
 600 010b 02       		.uleb128 0x2
 601 010c 91       		.byte	0x91
 602 010d 70       		.sleb128 -16
 603 010e 00       		.byte	0
 604 010f 08       		.uleb128 0x8
 605 0110 3D020000 		.4byte	.LASF21
 606 0114 01       		.byte	0x1
 607 0115 51       		.byte	0x51
 608 0116 00000000 		.4byte	.LFB3
 609 011a 20000000 		.4byte	.LFE3-.LFB3
 610 011e 01       		.uleb128 0x1
 611 011f 9C       		.byte	0x9c
 612 0120 4D010000 		.4byte	0x14d
 613 0124 0A       		.uleb128 0xa
 614 0125 52000000 		.4byte	.LASF22
 615 0129 01       		.byte	0x1
 616 012a 51       		.byte	0x51
 617 012b 84000000 		.4byte	0x84
 618 012f 02       		.uleb128 0x2
 619 0130 91       		.byte	0x91
 620 0131 74       		.sleb128 -12
 621 0132 09       		.uleb128 0x9
 622 0133 73726300 		.ascii	"src\000"
 623 0137 01       		.byte	0x1
 624 0138 51       		.byte	0x51
 625 0139 4D010000 		.4byte	0x14d
 626 013d 02       		.uleb128 0x2
 627 013e 91       		.byte	0x91
 628 013f 70       		.sleb128 -16
 629 0140 09       		.uleb128 0x9
 630 0141 6E00     		.ascii	"n\000"
 631 0143 01       		.byte	0x1
 632 0144 51       		.byte	0x51
 633 0145 2C000000 		.4byte	0x2c
 634 0149 02       		.uleb128 0x2
 635 014a 91       		.byte	0x91
 636 014b 6C       		.sleb128 -20
 637 014c 00       		.byte	0
 638 014d 0B       		.uleb128 0xb
 639 014e 04       		.byte	0x4
 640 014f 53010000 		.4byte	0x153
 641 0153 0C       		.uleb128 0xc
 642 0154 08       		.uleb128 0x8
 643 0155 2D020000 		.4byte	.LASF23
 644 0159 01       		.byte	0x1
ARM GAS  C:\Users\Jacob\AppData\Local\Temp\cctipBu3.s 			page 18


 645 015a 58       		.byte	0x58
 646 015b 00000000 		.4byte	.LFB4
 647 015f 20000000 		.4byte	.LFE4-.LFB4
 648 0163 01       		.uleb128 0x1
 649 0164 9C       		.byte	0x9c
 650 0165 92010000 		.4byte	0x192
 651 0169 0A       		.uleb128 0xa
 652 016a 52000000 		.4byte	.LASF22
 653 016e 01       		.byte	0x1
 654 016f 58       		.byte	0x58
 655 0170 84000000 		.4byte	0x84
 656 0174 02       		.uleb128 0x2
 657 0175 91       		.byte	0x91
 658 0176 74       		.sleb128 -12
 659 0177 09       		.uleb128 0x9
 660 0178 73726300 		.ascii	"src\000"
 661 017c 01       		.byte	0x1
 662 017d 58       		.byte	0x58
 663 017e 4D010000 		.4byte	0x14d
 664 0182 02       		.uleb128 0x2
 665 0183 91       		.byte	0x91
 666 0184 70       		.sleb128 -16
 667 0185 09       		.uleb128 0x9
 668 0186 6E00     		.ascii	"n\000"
 669 0188 01       		.byte	0x1
 670 0189 58       		.byte	0x58
 671 018a 2C000000 		.4byte	0x2c
 672 018e 02       		.uleb128 0x2
 673 018f 91       		.byte	0x91
 674 0190 6C       		.sleb128 -20
 675 0191 00       		.byte	0
 676 0192 0D       		.uleb128 0xd
 677 0193 2E000000 		.4byte	.LASF24
 678 0197 01       		.byte	0x1
 679 0198 AB       		.byte	0xab
 680 0199 00000000 		.4byte	.LFB5
 681 019d E0000000 		.4byte	.LFE5-.LFB5
 682 01a1 01       		.uleb128 0x1
 683 01a2 9C       		.byte	0x9c
 684 01a3 0E       		.uleb128 0xe
 685 01a4 0D000000 		.4byte	.LASF25
 686 01a8 01       		.byte	0x1
 687 01a9 EE       		.byte	0xee
 688 01aa 00000000 		.4byte	.LFB6
 689 01ae 28000000 		.4byte	.LFE6-.LFB6
 690 01b2 01       		.uleb128 0x1
 691 01b3 9C       		.byte	0x9c
 692 01b4 0F       		.uleb128 0xf
 693 01b5 6C010000 		.4byte	.LASF33
 694 01b9 01       		.byte	0x1
 695 01ba 0901     		.2byte	0x109
 696 01bc E0000000 		.4byte	.LFB7
 697 01c0 E4000000 		.4byte	.LFE7-.LFB7
 698 01c4 01       		.uleb128 0x1
 699 01c5 9C       		.byte	0x9c
 700 01c6 10       		.uleb128 0x10
 701 01c7 EE000000 		.4byte	.LBB2
ARM GAS  C:\Users\Jacob\AppData\Local\Temp\cctipBu3.s 			page 19


 702 01cb 86000000 		.4byte	.LBE2-.LBB2
 703 01cf 11       		.uleb128 0x11
 704 01d0 06       		.byte	0x6
 705 01d1 01       		.byte	0x1
 706 01d2 1201     		.2byte	0x112
 707 01d4 F3010000 		.4byte	0x1f3
 708 01d8 12       		.uleb128 0x12
 709 01d9 94010000 		.4byte	.LASF26
 710 01dd 01       		.byte	0x1
 711 01de 1301     		.2byte	0x113
 712 01e0 84000000 		.4byte	0x84
 713 01e4 00       		.byte	0
 714 01e5 12       		.uleb128 0x12
 715 01e6 57000000 		.4byte	.LASF27
 716 01ea 01       		.byte	0x1
 717 01eb 1401     		.2byte	0x114
 718 01ed 99000000 		.4byte	0x99
 719 01f1 04       		.byte	0x4
 720 01f2 00       		.byte	0
 721 01f3 06       		.uleb128 0x6
 722 01f4 B3010000 		.4byte	.LASF28
 723 01f8 01       		.byte	0x1
 724 01f9 1501     		.2byte	0x115
 725 01fb CF010000 		.4byte	0x1cf
 726 01ff 13       		.uleb128 0x13
 727 0200 0F020000 		.4byte	0x20f
 728 0204 0F020000 		.4byte	0x20f
 729 0208 14       		.uleb128 0x14
 730 0209 7D000000 		.4byte	0x7d
 731 020d 01       		.byte	0x1
 732 020e 00       		.byte	0
 733 020f 15       		.uleb128 0x15
 734 0210 F3010000 		.4byte	0x1f3
 735 0214 16       		.uleb128 0x16
 736 0215 1E000000 		.4byte	.LASF29
 737 0219 01       		.byte	0x1
 738 021a 1701     		.2byte	0x117
 739 021c 26020000 		.4byte	0x226
 740 0220 05       		.uleb128 0x5
 741 0221 03       		.byte	0x3
 742 0222 00000000 		.4byte	cfg_memset_list.4893
 743 0226 15       		.uleb128 0x15
 744 0227 FF010000 		.4byte	0x1ff
 745 022b 17       		.uleb128 0x17
 746 022c 6900     		.ascii	"i\000"
 747 022e 01       		.byte	0x1
 748 022f 1D01     		.2byte	0x11d
 749 0231 8D000000 		.4byte	0x8d
 750 0235 02       		.uleb128 0x2
 751 0236 91       		.byte	0x91
 752 0237 77       		.sleb128 -9
 753 0238 10       		.uleb128 0x10
 754 0239 F6000000 		.4byte	.LBB3
 755 023d 3C000000 		.4byte	.LBE3-.LBB3
 756 0241 17       		.uleb128 0x17
 757 0242 6D7300   		.ascii	"ms\000"
 758 0245 01       		.byte	0x1
ARM GAS  C:\Users\Jacob\AppData\Local\Temp\cctipBu3.s 			page 20


 759 0246 2201     		.2byte	0x122
 760 0248 4F020000 		.4byte	0x24f
 761 024c 02       		.uleb128 0x2
 762 024d 91       		.byte	0x91
 763 024e 70       		.sleb128 -16
 764 024f 0B       		.uleb128 0xb
 765 0250 04       		.byte	0x4
 766 0251 0F020000 		.4byte	0x20f
 767 0255 00       		.byte	0
 768 0256 00       		.byte	0
 769 0257 00       		.byte	0
 770 0258 00       		.byte	0
 771              		.section	.debug_abbrev,"",%progbits
 772              	.Ldebug_abbrev0:
 773 0000 01       		.uleb128 0x1
 774 0001 11       		.uleb128 0x11
 775 0002 01       		.byte	0x1
 776 0003 25       		.uleb128 0x25
 777 0004 0E       		.uleb128 0xe
 778 0005 13       		.uleb128 0x13
 779 0006 0B       		.uleb128 0xb
 780 0007 03       		.uleb128 0x3
 781 0008 0E       		.uleb128 0xe
 782 0009 1B       		.uleb128 0x1b
 783 000a 0E       		.uleb128 0xe
 784 000b 55       		.uleb128 0x55
 785 000c 17       		.uleb128 0x17
 786 000d 11       		.uleb128 0x11
 787 000e 01       		.uleb128 0x1
 788 000f 10       		.uleb128 0x10
 789 0010 17       		.uleb128 0x17
 790 0011 00       		.byte	0
 791 0012 00       		.byte	0
 792 0013 02       		.uleb128 0x2
 793 0014 24       		.uleb128 0x24
 794 0015 00       		.byte	0
 795 0016 0B       		.uleb128 0xb
 796 0017 0B       		.uleb128 0xb
 797 0018 3E       		.uleb128 0x3e
 798 0019 0B       		.uleb128 0xb
 799 001a 03       		.uleb128 0x3
 800 001b 08       		.uleb128 0x8
 801 001c 00       		.byte	0
 802 001d 00       		.byte	0
 803 001e 03       		.uleb128 0x3
 804 001f 16       		.uleb128 0x16
 805 0020 00       		.byte	0
 806 0021 03       		.uleb128 0x3
 807 0022 0E       		.uleb128 0xe
 808 0023 3A       		.uleb128 0x3a
 809 0024 0B       		.uleb128 0xb
 810 0025 3B       		.uleb128 0x3b
 811 0026 0B       		.uleb128 0xb
 812 0027 49       		.uleb128 0x49
 813 0028 13       		.uleb128 0x13
 814 0029 00       		.byte	0
 815 002a 00       		.byte	0
ARM GAS  C:\Users\Jacob\AppData\Local\Temp\cctipBu3.s 			page 21


 816 002b 04       		.uleb128 0x4
 817 002c 24       		.uleb128 0x24
 818 002d 00       		.byte	0
 819 002e 0B       		.uleb128 0xb
 820 002f 0B       		.uleb128 0xb
 821 0030 3E       		.uleb128 0x3e
 822 0031 0B       		.uleb128 0xb
 823 0032 03       		.uleb128 0x3
 824 0033 0E       		.uleb128 0xe
 825 0034 00       		.byte	0
 826 0035 00       		.byte	0
 827 0036 05       		.uleb128 0x5
 828 0037 0F       		.uleb128 0xf
 829 0038 00       		.byte	0
 830 0039 0B       		.uleb128 0xb
 831 003a 0B       		.uleb128 0xb
 832 003b 00       		.byte	0
 833 003c 00       		.byte	0
 834 003d 06       		.uleb128 0x6
 835 003e 16       		.uleb128 0x16
 836 003f 00       		.byte	0
 837 0040 03       		.uleb128 0x3
 838 0041 0E       		.uleb128 0xe
 839 0042 3A       		.uleb128 0x3a
 840 0043 0B       		.uleb128 0xb
 841 0044 3B       		.uleb128 0x3b
 842 0045 05       		.uleb128 0x5
 843 0046 49       		.uleb128 0x49
 844 0047 13       		.uleb128 0x13
 845 0048 00       		.byte	0
 846 0049 00       		.byte	0
 847 004a 07       		.uleb128 0x7
 848 004b 35       		.uleb128 0x35
 849 004c 00       		.byte	0
 850 004d 49       		.uleb128 0x49
 851 004e 13       		.uleb128 0x13
 852 004f 00       		.byte	0
 853 0050 00       		.byte	0
 854 0051 08       		.uleb128 0x8
 855 0052 2E       		.uleb128 0x2e
 856 0053 01       		.byte	0x1
 857 0054 03       		.uleb128 0x3
 858 0055 0E       		.uleb128 0xe
 859 0056 3A       		.uleb128 0x3a
 860 0057 0B       		.uleb128 0xb
 861 0058 3B       		.uleb128 0x3b
 862 0059 0B       		.uleb128 0xb
 863 005a 27       		.uleb128 0x27
 864 005b 19       		.uleb128 0x19
 865 005c 11       		.uleb128 0x11
 866 005d 01       		.uleb128 0x1
 867 005e 12       		.uleb128 0x12
 868 005f 06       		.uleb128 0x6
 869 0060 40       		.uleb128 0x40
 870 0061 18       		.uleb128 0x18
 871 0062 9642     		.uleb128 0x2116
 872 0064 19       		.uleb128 0x19
ARM GAS  C:\Users\Jacob\AppData\Local\Temp\cctipBu3.s 			page 22


 873 0065 01       		.uleb128 0x1
 874 0066 13       		.uleb128 0x13
 875 0067 00       		.byte	0
 876 0068 00       		.byte	0
 877 0069 09       		.uleb128 0x9
 878 006a 05       		.uleb128 0x5
 879 006b 00       		.byte	0
 880 006c 03       		.uleb128 0x3
 881 006d 08       		.uleb128 0x8
 882 006e 3A       		.uleb128 0x3a
 883 006f 0B       		.uleb128 0xb
 884 0070 3B       		.uleb128 0x3b
 885 0071 0B       		.uleb128 0xb
 886 0072 49       		.uleb128 0x49
 887 0073 13       		.uleb128 0x13
 888 0074 02       		.uleb128 0x2
 889 0075 18       		.uleb128 0x18
 890 0076 00       		.byte	0
 891 0077 00       		.byte	0
 892 0078 0A       		.uleb128 0xa
 893 0079 05       		.uleb128 0x5
 894 007a 00       		.byte	0
 895 007b 03       		.uleb128 0x3
 896 007c 0E       		.uleb128 0xe
 897 007d 3A       		.uleb128 0x3a
 898 007e 0B       		.uleb128 0xb
 899 007f 3B       		.uleb128 0x3b
 900 0080 0B       		.uleb128 0xb
 901 0081 49       		.uleb128 0x49
 902 0082 13       		.uleb128 0x13
 903 0083 02       		.uleb128 0x2
 904 0084 18       		.uleb128 0x18
 905 0085 00       		.byte	0
 906 0086 00       		.byte	0
 907 0087 0B       		.uleb128 0xb
 908 0088 0F       		.uleb128 0xf
 909 0089 00       		.byte	0
 910 008a 0B       		.uleb128 0xb
 911 008b 0B       		.uleb128 0xb
 912 008c 49       		.uleb128 0x49
 913 008d 13       		.uleb128 0x13
 914 008e 00       		.byte	0
 915 008f 00       		.byte	0
 916 0090 0C       		.uleb128 0xc
 917 0091 26       		.uleb128 0x26
 918 0092 00       		.byte	0
 919 0093 00       		.byte	0
 920 0094 00       		.byte	0
 921 0095 0D       		.uleb128 0xd
 922 0096 2E       		.uleb128 0x2e
 923 0097 00       		.byte	0
 924 0098 03       		.uleb128 0x3
 925 0099 0E       		.uleb128 0xe
 926 009a 3A       		.uleb128 0x3a
 927 009b 0B       		.uleb128 0xb
 928 009c 3B       		.uleb128 0x3b
 929 009d 0B       		.uleb128 0xb
ARM GAS  C:\Users\Jacob\AppData\Local\Temp\cctipBu3.s 			page 23


 930 009e 27       		.uleb128 0x27
 931 009f 19       		.uleb128 0x19
 932 00a0 11       		.uleb128 0x11
 933 00a1 01       		.uleb128 0x1
 934 00a2 12       		.uleb128 0x12
 935 00a3 06       		.uleb128 0x6
 936 00a4 40       		.uleb128 0x40
 937 00a5 18       		.uleb128 0x18
 938 00a6 9642     		.uleb128 0x2116
 939 00a8 19       		.uleb128 0x19
 940 00a9 00       		.byte	0
 941 00aa 00       		.byte	0
 942 00ab 0E       		.uleb128 0xe
 943 00ac 2E       		.uleb128 0x2e
 944 00ad 00       		.byte	0
 945 00ae 03       		.uleb128 0x3
 946 00af 0E       		.uleb128 0xe
 947 00b0 3A       		.uleb128 0x3a
 948 00b1 0B       		.uleb128 0xb
 949 00b2 3B       		.uleb128 0x3b
 950 00b3 0B       		.uleb128 0xb
 951 00b4 27       		.uleb128 0x27
 952 00b5 19       		.uleb128 0x19
 953 00b6 11       		.uleb128 0x11
 954 00b7 01       		.uleb128 0x1
 955 00b8 12       		.uleb128 0x12
 956 00b9 06       		.uleb128 0x6
 957 00ba 40       		.uleb128 0x40
 958 00bb 18       		.uleb128 0x18
 959 00bc 9742     		.uleb128 0x2117
 960 00be 19       		.uleb128 0x19
 961 00bf 00       		.byte	0
 962 00c0 00       		.byte	0
 963 00c1 0F       		.uleb128 0xf
 964 00c2 2E       		.uleb128 0x2e
 965 00c3 01       		.byte	0x1
 966 00c4 3F       		.uleb128 0x3f
 967 00c5 19       		.uleb128 0x19
 968 00c6 03       		.uleb128 0x3
 969 00c7 0E       		.uleb128 0xe
 970 00c8 3A       		.uleb128 0x3a
 971 00c9 0B       		.uleb128 0xb
 972 00ca 3B       		.uleb128 0x3b
 973 00cb 05       		.uleb128 0x5
 974 00cc 27       		.uleb128 0x27
 975 00cd 19       		.uleb128 0x19
 976 00ce 11       		.uleb128 0x11
 977 00cf 01       		.uleb128 0x1
 978 00d0 12       		.uleb128 0x12
 979 00d1 06       		.uleb128 0x6
 980 00d2 40       		.uleb128 0x40
 981 00d3 18       		.uleb128 0x18
 982 00d4 9642     		.uleb128 0x2116
 983 00d6 19       		.uleb128 0x19
 984 00d7 00       		.byte	0
 985 00d8 00       		.byte	0
 986 00d9 10       		.uleb128 0x10
ARM GAS  C:\Users\Jacob\AppData\Local\Temp\cctipBu3.s 			page 24


 987 00da 0B       		.uleb128 0xb
 988 00db 01       		.byte	0x1
 989 00dc 11       		.uleb128 0x11
 990 00dd 01       		.uleb128 0x1
 991 00de 12       		.uleb128 0x12
 992 00df 06       		.uleb128 0x6
 993 00e0 00       		.byte	0
 994 00e1 00       		.byte	0
 995 00e2 11       		.uleb128 0x11
 996 00e3 13       		.uleb128 0x13
 997 00e4 01       		.byte	0x1
 998 00e5 0B       		.uleb128 0xb
 999 00e6 0B       		.uleb128 0xb
 1000 00e7 3A       		.uleb128 0x3a
 1001 00e8 0B       		.uleb128 0xb
 1002 00e9 3B       		.uleb128 0x3b
 1003 00ea 05       		.uleb128 0x5
 1004 00eb 01       		.uleb128 0x1
 1005 00ec 13       		.uleb128 0x13
 1006 00ed 00       		.byte	0
 1007 00ee 00       		.byte	0
 1008 00ef 12       		.uleb128 0x12
 1009 00f0 0D       		.uleb128 0xd
 1010 00f1 00       		.byte	0
 1011 00f2 03       		.uleb128 0x3
 1012 00f3 0E       		.uleb128 0xe
 1013 00f4 3A       		.uleb128 0x3a
 1014 00f5 0B       		.uleb128 0xb
 1015 00f6 3B       		.uleb128 0x3b
 1016 00f7 05       		.uleb128 0x5
 1017 00f8 49       		.uleb128 0x49
 1018 00f9 13       		.uleb128 0x13
 1019 00fa 38       		.uleb128 0x38
 1020 00fb 0B       		.uleb128 0xb
 1021 00fc 00       		.byte	0
 1022 00fd 00       		.byte	0
 1023 00fe 13       		.uleb128 0x13
 1024 00ff 01       		.uleb128 0x1
 1025 0100 01       		.byte	0x1
 1026 0101 49       		.uleb128 0x49
 1027 0102 13       		.uleb128 0x13
 1028 0103 01       		.uleb128 0x1
 1029 0104 13       		.uleb128 0x13
 1030 0105 00       		.byte	0
 1031 0106 00       		.byte	0
 1032 0107 14       		.uleb128 0x14
 1033 0108 21       		.uleb128 0x21
 1034 0109 00       		.byte	0
 1035 010a 49       		.uleb128 0x49
 1036 010b 13       		.uleb128 0x13
 1037 010c 2F       		.uleb128 0x2f
 1038 010d 0B       		.uleb128 0xb
 1039 010e 00       		.byte	0
 1040 010f 00       		.byte	0
 1041 0110 15       		.uleb128 0x15
 1042 0111 26       		.uleb128 0x26
 1043 0112 00       		.byte	0
ARM GAS  C:\Users\Jacob\AppData\Local\Temp\cctipBu3.s 			page 25


 1044 0113 49       		.uleb128 0x49
 1045 0114 13       		.uleb128 0x13
 1046 0115 00       		.byte	0
 1047 0116 00       		.byte	0
 1048 0117 16       		.uleb128 0x16
 1049 0118 34       		.uleb128 0x34
 1050 0119 00       		.byte	0
 1051 011a 03       		.uleb128 0x3
 1052 011b 0E       		.uleb128 0xe
 1053 011c 3A       		.uleb128 0x3a
 1054 011d 0B       		.uleb128 0xb
 1055 011e 3B       		.uleb128 0x3b
 1056 011f 05       		.uleb128 0x5
 1057 0120 49       		.uleb128 0x49
 1058 0121 13       		.uleb128 0x13
 1059 0122 02       		.uleb128 0x2
 1060 0123 18       		.uleb128 0x18
 1061 0124 00       		.byte	0
 1062 0125 00       		.byte	0
 1063 0126 17       		.uleb128 0x17
 1064 0127 34       		.uleb128 0x34
 1065 0128 00       		.byte	0
 1066 0129 03       		.uleb128 0x3
 1067 012a 08       		.uleb128 0x8
 1068 012b 3A       		.uleb128 0x3a
 1069 012c 0B       		.uleb128 0xb
 1070 012d 3B       		.uleb128 0x3b
 1071 012e 05       		.uleb128 0x5
 1072 012f 49       		.uleb128 0x49
 1073 0130 13       		.uleb128 0x13
 1074 0131 02       		.uleb128 0x2
 1075 0132 18       		.uleb128 0x18
 1076 0133 00       		.byte	0
 1077 0134 00       		.byte	0
 1078 0135 00       		.byte	0
 1079              		.section	.debug_aranges,"",%progbits
 1080 0000 44000000 		.4byte	0x44
 1081 0004 0200     		.2byte	0x2
 1082 0006 00000000 		.4byte	.Ldebug_info0
 1083 000a 04       		.byte	0x4
 1084 000b 00       		.byte	0
 1085 000c 0000     		.2byte	0
 1086 000e 0000     		.2byte	0
 1087 0010 00000000 		.4byte	.LFB2
 1088 0014 1E000000 		.4byte	.LFE2-.LFB2
 1089 0018 00000000 		.4byte	.LFB3
 1090 001c 20000000 		.4byte	.LFE3-.LFB3
 1091 0020 00000000 		.4byte	.LFB4
 1092 0024 20000000 		.4byte	.LFE4-.LFB4
 1093 0028 00000000 		.4byte	.LFB5
 1094 002c E0000000 		.4byte	.LFE5-.LFB5
 1095 0030 00000000 		.4byte	.LFB6
 1096 0034 28000000 		.4byte	.LFE6-.LFB6
 1097 0038 E0000000 		.4byte	.LFB7
 1098 003c E4000000 		.4byte	.LFE7-.LFB7
 1099 0040 00000000 		.4byte	0
 1100 0044 00000000 		.4byte	0
ARM GAS  C:\Users\Jacob\AppData\Local\Temp\cctipBu3.s 			page 26


 1101              		.section	.debug_ranges,"",%progbits
 1102              	.Ldebug_ranges0:
 1103 0000 00000000 		.4byte	.LFB2
 1104 0004 1E000000 		.4byte	.LFE2
 1105 0008 00000000 		.4byte	.LFB3
 1106 000c 20000000 		.4byte	.LFE3
 1107 0010 00000000 		.4byte	.LFB4
 1108 0014 20000000 		.4byte	.LFE4
 1109 0018 00000000 		.4byte	.LFB5
 1110 001c E0000000 		.4byte	.LFE5
 1111 0020 00000000 		.4byte	.LFB6
 1112 0024 28000000 		.4byte	.LFE6
 1113 0028 E0000000 		.4byte	.LFB7
 1114 002c C4010000 		.4byte	.LFE7
 1115 0030 00000000 		.4byte	0
 1116 0034 00000000 		.4byte	0
 1117              		.section	.debug_line,"",%progbits
 1118              	.Ldebug_line0:
 1119 0000 6B010000 		.section	.debug_str,"MS",%progbits,1
 1119      0200CB00 
 1119      00000201 
 1119      FB0E0D00 
 1119      01010101 
 1120              	.LASF19:
 1121 0000 72656733 		.ascii	"reg32\000"
 1121      3200
 1122              	.LASF12:
 1123 0006 73697A65 		.ascii	"size_t\000"
 1123      5F7400
 1124              	.LASF25:
 1125 000d 416E616C 		.ascii	"AnalogSetDefault\000"
 1125      6F675365 
 1125      74446566 
 1125      61756C74 
 1125      00
 1126              	.LASF29:
 1127 001e 6366675F 		.ascii	"cfg_memset_list\000"
 1127      6D656D73 
 1127      65745F6C 
 1127      69737400 
 1128              	.LASF24:
 1129 002e 436C6F63 		.ascii	"ClockSetup\000"
 1129      6B536574 
 1129      757000
 1130              	.LASF6:
 1131 0039 73686F72 		.ascii	"short unsigned int\000"
 1131      7420756E 
 1131      7369676E 
 1131      65642069 
 1131      6E7400
 1132              	.LASF16:
 1133 004c 666C6F61 		.ascii	"float\000"
 1133      7400
 1134              	.LASF22:
 1135 0052 64657374 		.ascii	"dest\000"
 1135      00
 1136              	.LASF27:
ARM GAS  C:\Users\Jacob\AppData\Local\Temp\cctipBu3.s 			page 27


 1137 0057 73697A65 		.ascii	"size\000"
 1137      00
 1138              	.LASF32:
 1139 005c 433A5C55 		.ascii	"C:\\Users\\Jacob\\Documents\\Junior\\EGR 304\\EGR30"
 1139      73657273 
 1139      5C4A6163 
 1139      6F625C44 
 1139      6F63756D 
 1140 0089 345C626C 		.ascii	"4\\bleLED\\BLE Lab 2.cydsn\000"
 1140      654C4544 
 1140      5C424C45 
 1140      204C6162 
 1140      20322E63 
 1141              	.LASF18:
 1142 00a2 72656738 		.ascii	"reg8\000"
 1142      00
 1143              	.LASF8:
 1144 00a7 6C6F6E67 		.ascii	"long unsigned int\000"
 1144      20756E73 
 1144      69676E65 
 1144      6420696E 
 1144      7400
 1145              	.LASF13:
 1146 00b9 75696E74 		.ascii	"uint8\000"
 1146      3800
 1147              	.LASF20:
 1148 00bf 43594D45 		.ascii	"CYMEMZERO\000"
 1148      4D5A4552 
 1148      4F00
 1149              	.LASF30:
 1150 00c9 474E5520 		.ascii	"GNU C11 5.4.1 20160609 (release) [ARM/embedded-5-br"
 1150      43313120 
 1150      352E342E 
 1150      31203230 
 1150      31363036 
 1151 00fc 616E6368 		.ascii	"anch revision 237715] -mcpu=cortex-m0 -mthumb -g -O"
 1151      20726576 
 1151      6973696F 
 1151      6E203233 
 1151      37373135 
 1152 012f 30202D66 		.ascii	"0 -ffunction-sections -ffat-lto-objects\000"
 1152      66756E63 
 1152      74696F6E 
 1152      2D736563 
 1152      74696F6E 
 1153              	.LASF4:
 1154 0157 756E7369 		.ascii	"unsigned char\000"
 1154      676E6564 
 1154      20636861 
 1154      7200
 1155              	.LASF17:
 1156 0165 646F7562 		.ascii	"double\000"
 1156      6C6500
 1157              	.LASF33:
 1158 016c 63796669 		.ascii	"cyfitter_cfg\000"
 1158      74746572 
 1158      5F636667 
ARM GAS  C:\Users\Jacob\AppData\Local\Temp\cctipBu3.s 			page 28


 1158      00
 1159              	.LASF14:
 1160 0179 75696E74 		.ascii	"uint16\000"
 1160      313600
 1161              	.LASF15:
 1162 0180 75696E74 		.ascii	"uint32\000"
 1162      333200
 1163              	.LASF0:
 1164 0187 756E7369 		.ascii	"unsigned int\000"
 1164      676E6564 
 1164      20696E74 
 1164      00
 1165              	.LASF26:
 1166 0194 61646472 		.ascii	"address\000"
 1166      65737300 
 1167              	.LASF9:
 1168 019c 6C6F6E67 		.ascii	"long long unsigned int\000"
 1168      206C6F6E 
 1168      6720756E 
 1168      7369676E 
 1168      65642069 
 1169              	.LASF28:
 1170 01b3 6366675F 		.ascii	"cfg_memset_t\000"
 1170      6D656D73 
 1170      65745F74 
 1170      00
 1171              	.LASF10:
 1172 01c0 73697A65 		.ascii	"sizetype\000"
 1172      74797065 
 1172      00
 1173              	.LASF1:
 1174 01c9 6C6F6E67 		.ascii	"long long int\000"
 1174      206C6F6E 
 1174      6720696E 
 1174      7400
 1175              	.LASF11:
 1176 01d7 63686172 		.ascii	"char\000"
 1176      00
 1177              	.LASF5:
 1178 01dc 73686F72 		.ascii	"short int\000"
 1178      7420696E 
 1178      7400
 1179              	.LASF7:
 1180 01e6 6C6F6E67 		.ascii	"long int\000"
 1180      20696E74 
 1180      00
 1181              	.LASF2:
 1182 01ef 6C6F6E67 		.ascii	"long double\000"
 1182      20646F75 
 1182      626C6500 
 1183              	.LASF3:
 1184 01fb 7369676E 		.ascii	"signed char\000"
 1184      65642063 
 1184      68617200 
 1185              	.LASF31:
 1186 0207 47656E65 		.ascii	"Generated_Source\\PSoC4\\cyfitter_cfg.c\000"
 1186      72617465 
ARM GAS  C:\Users\Jacob\AppData\Local\Temp\cctipBu3.s 			page 29


 1186      645F536F 
 1186      75726365 
 1186      5C50536F 
 1187              	.LASF23:
 1188 022d 4359434F 		.ascii	"CYCONFIGCPYCODE\000"
 1188      4E464947 
 1188      43505943 
 1188      4F444500 
 1189              	.LASF21:
 1190 023d 4359434F 		.ascii	"CYCONFIGCPY\000"
 1190      4E464947 
 1190      43505900 
 1191              		.ident	"GCC: (GNU Tools for ARM Embedded Processors) 5.4.1 20160609 (release) [ARM/embedded-5-bran
