ARM GAS  C:\Users\Jacob\AppData\Local\Temp\ccBHr7Fo.s 			page 1


   1              		.syntax unified
   2              		.cpu cortex-m3
   3              		.fpu softvfp
   4              		.eabi_attribute 20, 1
   5              		.eabi_attribute 21, 1
   6              		.eabi_attribute 23, 3
   7              		.eabi_attribute 24, 1
   8              		.eabi_attribute 25, 1
   9              		.eabi_attribute 26, 1
  10              		.eabi_attribute 30, 1
  11              		.eabi_attribute 34, 1
  12              		.eabi_attribute 18, 4
  13              		.thumb
  14              		.syntax unified
  15              		.file	"cymetadata.c"
  16              		.text
  17              	.Ltext0:
  18              		.cfi_sections	.debug_frame
  19              		.global	cy_metadata
  20              		.global	cy_meta_flashprotect
  21              		.global	cy_meta_wonvl
  22              		.global	cy_meta_custnvl
  23              		.global	cy_meta_configecc
  24              		.section	.cyconfigecc,"a",%progbits
  25              		.align	2
  26              		.type	cy_meta_configecc, %object
  27              		.size	cy_meta_configecc, 1096
  28              	cy_meta_configecc:
  29 0000 03       		.byte	3
  30 0001 52       		.byte	82
  31 0002 00       		.byte	0
  32 0003 40       		.byte	64
  33 0004 02       		.byte	2
  34 0005 64       		.byte	100
  35 0006 00       		.byte	0
  36 0007 40       		.byte	64
  37 0008 01       		.byte	1
  38 0009 65       		.byte	101
  39 000a 00       		.byte	0
  40 000b 40       		.byte	64
  41 000c 36       		.byte	54
  42 000d 06       		.byte	6
  43 000e 01       		.byte	1
  44 000f 40       		.byte	64
  45 0010 22       		.byte	34
  46 0011 07       		.byte	7
  47 0012 01       		.byte	1
  48 0013 40       		.byte	64
  49 0014 33       		.byte	51
  50 0015 08       		.byte	8
  51 0016 01       		.byte	1
  52 0017 40       		.byte	64
  53 0018 29       		.byte	41
  54 0019 09       		.byte	9
  55 001a 01       		.byte	1
  56 001b 40       		.byte	64
  57 001c 01       		.byte	1
ARM GAS  C:\Users\Jacob\AppData\Local\Temp\ccBHr7Fo.s 			page 2


  58 001d 15       		.byte	21
  59 001e 01       		.byte	1
  60 001f 40       		.byte	64
  61 0020 01       		.byte	1
  62 0021 17       		.byte	23
  63 0022 01       		.byte	1
  64 0023 40       		.byte	64
  65 0024 61       		.byte	97
  66 0025 18       		.byte	24
  67 0026 01       		.byte	1
  68 0027 40       		.byte	64
  69 0028 35       		.byte	53
  70 0029 19       		.byte	25
  71 002a 01       		.byte	1
  72 002b 40       		.byte	64
  73 002c 38       		.byte	56
  74 002d 1A       		.byte	26
  75 002e 01       		.byte	1
  76 002f 40       		.byte	64
  77 0030 3F       		.byte	63
  78 0031 1B       		.byte	27
  79 0032 01       		.byte	1
  80 0033 40       		.byte	64
  81 0034 02       		.byte	2
  82 0035 40       		.byte	64
  83 0036 01       		.byte	1
  84 0037 40       		.byte	64
  85 0038 03       		.byte	3
  86 0039 41       		.byte	65
  87 003a 01       		.byte	1
  88 003b 40       		.byte	64
  89 003c 02       		.byte	2
  90 003d 42       		.byte	66
  91 003e 01       		.byte	1
  92 003f 40       		.byte	64
  93 0040 02       		.byte	2
  94 0041 43       		.byte	67
  95 0042 01       		.byte	1
  96 0043 40       		.byte	64
  97 0044 02       		.byte	2
  98 0045 47       		.byte	71
  99 0046 01       		.byte	1
 100 0047 40       		.byte	64
 101 0048 03       		.byte	3
 102 0049 48       		.byte	72
 103 004a 01       		.byte	1
 104 004b 40       		.byte	64
 105 004c 03       		.byte	3
 106 004d 49       		.byte	73
 107 004e 01       		.byte	1
 108 004f 40       		.byte	64
 109 0050 06       		.byte	6
 110 0051 4C       		.byte	76
 111 0052 01       		.byte	1
 112 0053 40       		.byte	64
 113 0054 01       		.byte	1
 114 0055 4D       		.byte	77
ARM GAS  C:\Users\Jacob\AppData\Local\Temp\ccBHr7Fo.s 			page 3


 115 0056 01       		.byte	1
 116 0057 40       		.byte	64
 117 0058 05       		.byte	5
 118 0059 50       		.byte	80
 119 005a 01       		.byte	1
 120 005b 40       		.byte	64
 121 005c 01       		.byte	1
 122 005d 51       		.byte	81
 123 005e 01       		.byte	1
 124 005f 40       		.byte	64
 125 0060 00       		.byte	0
 126 0061 80       		.byte	-128
 127 0062 01       		.byte	1
 128 0063 80       		.byte	-128
 129 0064 09       		.byte	9
 130 0065 04       		.byte	4
 131 0066 87       		.byte	-121
 132 0067 0F       		.byte	15
 133 0068 89       		.byte	-119
 134 0069 6F       		.byte	111
 135 006a 8A       		.byte	-118
 136 006b 0F       		.byte	15
 137 006c 02       		.byte	2
 138 006d 01       		.byte	1
 139 006e 0E       		.byte	14
 140 006f 01       		.byte	1
 141 0070 23       		.byte	35
 142 0071 01       		.byte	1
 143 0072 34       		.byte	52
 144 0073 01       		.byte	1
 145 0074 37       		.byte	55
 146 0075 01       		.byte	1
 147 0076 58       		.byte	88
 148 0077 04       		.byte	4
 149 0078 59       		.byte	89
 150 0079 04       		.byte	4
 151 007a 5C       		.byte	92
 152 007b 11       		.byte	17
 153 007c 5F       		.byte	95
 154 007d 01       		.byte	1
 155 007e 8E       		.byte	-114
 156 007f 05       		.byte	5
 157 0080 91       		.byte	-111
 158 0081 02       		.byte	2
 159 0082 92       		.byte	-110
 160 0083 02       		.byte	2
 161 0084 9A       		.byte	-102
 162 0085 01       		.byte	1
 163 0086 9B       		.byte	-101
 164 0087 03       		.byte	3
 165 0088 9D       		.byte	-99
 166 0089 04       		.byte	4
 167 008a A3       		.byte	-93
 168 008b 04       		.byte	4
 169 008c A6       		.byte	-90
 170 008d 04       		.byte	4
 171 008e B0       		.byte	-80
ARM GAS  C:\Users\Jacob\AppData\Local\Temp\ccBHr7Fo.s 			page 4


 172 008f 02       		.byte	2
 173 0090 B1       		.byte	-79
 174 0091 01       		.byte	1
 175 0092 B2       		.byte	-78
 176 0093 01       		.byte	1
 177 0094 B4       		.byte	-76
 178 0095 04       		.byte	4
 179 0096 B5       		.byte	-75
 180 0097 04       		.byte	4
 181 0098 B7       		.byte	-73
 182 0099 02       		.byte	2
 183 009a BE       		.byte	-66
 184 009b 10       		.byte	16
 185 009c C0       		.byte	-64
 186 009d 40       		.byte	64
 187 009e C1       		.byte	-63
 188 009f 06       		.byte	6
 189 00a0 C5       		.byte	-59
 190 00a1 D2       		.byte	-46
 191 00a2 C6       		.byte	-58
 192 00a3 15       		.byte	21
 193 00a4 C7       		.byte	-57
 194 00a5 02       		.byte	2
 195 00a6 C8       		.byte	-56
 196 00a7 1F       		.byte	31
 197 00a8 C9       		.byte	-55
 198 00a9 FF       		.byte	-1
 199 00aa CA       		.byte	-54
 200 00ab FF       		.byte	-1
 201 00ac CB       		.byte	-53
 202 00ad FF       		.byte	-1
 203 00ae CD       		.byte	-51
 204 00af A0       		.byte	-96
 205 00b0 CF       		.byte	-49
 206 00b1 04       		.byte	4
 207 00b2 D0       		.byte	-48
 208 00b3 18       		.byte	24
 209 00b4 D2       		.byte	-46
 210 00b5 80       		.byte	-128
 211 00b6 D4       		.byte	-44
 212 00b7 07       		.byte	7
 213 00b8 D8       		.byte	-40
 214 00b9 04       		.byte	4
 215 00ba D9       		.byte	-39
 216 00bb 04       		.byte	4
 217 00bc DA       		.byte	-38
 218 00bd 04       		.byte	4
 219 00be DB       		.byte	-37
 220 00bf 04       		.byte	4
 221 00c0 DC       		.byte	-36
 222 00c1 11       		.byte	17
 223 00c2 DD       		.byte	-35
 224 00c3 11       		.byte	17
 225 00c4 DF       		.byte	-33
 226 00c5 01       		.byte	1
 227 00c6 E0       		.byte	-32
 228 00c7 40       		.byte	64
ARM GAS  C:\Users\Jacob\AppData\Local\Temp\ccBHr7Fo.s 			page 5


 229 00c8 E2       		.byte	-30
 230 00c9 C0       		.byte	-64
 231 00ca E4       		.byte	-28
 232 00cb 40       		.byte	64
 233 00cc E5       		.byte	-27
 234 00cd 40       		.byte	64
 235 00ce E6       		.byte	-26
 236 00cf C0       		.byte	-64
 237 00d0 E8       		.byte	-24
 238 00d1 C0       		.byte	-64
 239 00d2 EA       		.byte	-22
 240 00d3 C0       		.byte	-64
 241 00d4 EC       		.byte	-20
 242 00d5 C0       		.byte	-64
 243 00d6 EE       		.byte	-18
 244 00d7 C0       		.byte	-64
 245 00d8 00       		.byte	0
 246 00d9 40       		.byte	64
 247 00da 04       		.byte	4
 248 00db 40       		.byte	64
 249 00dc 06       		.byte	6
 250 00dd 40       		.byte	64
 251 00de 09       		.byte	9
 252 00df 20       		.byte	32
 253 00e0 0A       		.byte	10
 254 00e1 40       		.byte	64
 255 00e2 10       		.byte	16
 256 00e3 20       		.byte	32
 257 00e4 18       		.byte	24
 258 00e5 50       		.byte	80
 259 00e6 1A       		.byte	26
 260 00e7 04       		.byte	4
 261 00e8 1F       		.byte	31
 262 00e9 20       		.byte	32
 263 00ea 21       		.byte	33
 264 00eb 02       		.byte	2
 265 00ec 22       		.byte	34
 266 00ed 50       		.byte	80
 267 00ee 25       		.byte	37
 268 00ef 80       		.byte	-128
 269 00f0 2B       		.byte	43
 270 00f1 80       		.byte	-128
 271 00f2 2F       		.byte	47
 272 00f3 80       		.byte	-128
 273 00f4 31       		.byte	49
 274 00f5 A2       		.byte	-94
 275 00f6 40       		.byte	64
 276 00f7 40       		.byte	64
 277 00f8 48       		.byte	72
 278 00f9 28       		.byte	40
 279 00fa 49       		.byte	73
 280 00fb 01       		.byte	1
 281 00fc 50       		.byte	80
 282 00fd 08       		.byte	8
 283 00fe 51       		.byte	81
 284 00ff 20       		.byte	32
 285 0100 52       		.byte	82
ARM GAS  C:\Users\Jacob\AppData\Local\Temp\ccBHr7Fo.s 			page 6


 286 0101 40       		.byte	64
 287 0102 53       		.byte	83
 288 0103 80       		.byte	-128
 289 0104 59       		.byte	89
 290 0105 01       		.byte	1
 291 0106 5A       		.byte	90
 292 0107 A4       		.byte	-92
 293 0108 72       		.byte	114
 294 0109 40       		.byte	64
 295 010a 8C       		.byte	-116
 296 010b 10       		.byte	16
 297 010c C0       		.byte	-64
 298 010d 91       		.byte	-111
 299 010e C2       		.byte	-62
 300 010f 0A       		.byte	10
 301 0110 C4       		.byte	-60
 302 0111 04       		.byte	4
 303 0112 CA       		.byte	-54
 304 0113 81       		.byte	-127
 305 0114 CC       		.byte	-52
 306 0115 0D       		.byte	13
 307 0116 D0       		.byte	-48
 308 0117 01       		.byte	1
 309 0118 D2       		.byte	-46
 310 0119 04       		.byte	4
 311 011a D6       		.byte	-42
 312 011b 0F       		.byte	15
 313 011c 08       		.byte	8
 314 011d 77       		.byte	119
 315 011e 0C       		.byte	12
 316 011f CA       		.byte	-54
 317 0120 0E       		.byte	14
 318 0121 15       		.byte	21
 319 0122 14       		.byte	20
 320 0123 CC       		.byte	-52
 321 0124 16       		.byte	22
 322 0125 23       		.byte	35
 323 0126 18       		.byte	24
 324 0127 BF       		.byte	-65
 325 0128 1A       		.byte	26
 326 0129 40       		.byte	64
 327 012a 1C       		.byte	28
 328 012b 85       		.byte	-123
 329 012c 1E       		.byte	30
 330 012d 1A       		.byte	26
 331 012e 24       		.byte	36
 332 012f 03       		.byte	3
 333 0130 26       		.byte	38
 334 0131 FC       		.byte	-4
 335 0132 32       		.byte	50
 336 0133 F0       		.byte	-16
 337 0134 34       		.byte	52
 338 0135 0F       		.byte	15
 339 0136 58       		.byte	88
 340 0137 04       		.byte	4
 341 0138 5F       		.byte	95
 342 0139 01       		.byte	1
ARM GAS  C:\Users\Jacob\AppData\Local\Temp\ccBHr7Fo.s 			page 7


 343 013a 82       		.byte	-126
 344 013b 03       		.byte	3
 345 013c 84       		.byte	-124
 346 013d 10       		.byte	16
 347 013e 85       		.byte	-123
 348 013f 0E       		.byte	14
 349 0140 87       		.byte	-121
 350 0141 F0       		.byte	-16
 351 0142 88       		.byte	-120
 352 0143 04       		.byte	4
 353 0144 89       		.byte	-119
 354 0145 FE       		.byte	-2
 355 0146 8B       		.byte	-117
 356 0147 01       		.byte	1
 357 0148 8C       		.byte	-116
 358 0149 01       		.byte	1
 359 014a 91       		.byte	-111
 360 014b C5       		.byte	-59
 361 014c 92       		.byte	-110
 362 014d 04       		.byte	4
 363 014e 93       		.byte	-109
 364 014f 3A       		.byte	58
 365 0150 94       		.byte	-108
 366 0151 04       		.byte	4
 367 0152 99       		.byte	-103
 368 0153 7F       		.byte	127
 369 0154 9A       		.byte	-102
 370 0155 08       		.byte	8
 371 0156 9C       		.byte	-100
 372 0157 04       		.byte	4
 373 0158 9D       		.byte	-99
 374 0159 96       		.byte	-106
 375 015a 9F       		.byte	-97
 376 015b 68       		.byte	104
 377 015c A2       		.byte	-94
 378 015d 10       		.byte	16
 379 015e A3       		.byte	-93
 380 015f 01       		.byte	1
 381 0160 A8       		.byte	-88
 382 0161 04       		.byte	4
 383 0162 A9       		.byte	-87
 384 0163 A3       		.byte	-93
 385 0164 AB       		.byte	-85
 386 0165 5C       		.byte	92
 387 0166 AE       		.byte	-82
 388 0167 01       		.byte	1
 389 0168 B0       		.byte	-80
 390 0169 0C       		.byte	12
 391 016a B2       		.byte	-78
 392 016b 10       		.byte	16
 393 016c B3       		.byte	-77
 394 016d FF       		.byte	-1
 395 016e B4       		.byte	-76
 396 016f 01       		.byte	1
 397 0170 B6       		.byte	-74
 398 0171 02       		.byte	2
 399 0172 BE       		.byte	-66
ARM GAS  C:\Users\Jacob\AppData\Local\Temp\ccBHr7Fo.s 			page 8


 400 0173 14       		.byte	20
 401 0174 BF       		.byte	-65
 402 0175 04       		.byte	4
 403 0176 D2       		.byte	-46
 404 0177 80       		.byte	-128
 405 0178 D4       		.byte	-44
 406 0179 0F       		.byte	15
 407 017a D8       		.byte	-40
 408 017b 04       		.byte	4
 409 017c D9       		.byte	-39
 410 017d 04       		.byte	4
 411 017e DB       		.byte	-37
 412 017f 04       		.byte	4
 413 0180 DF       		.byte	-33
 414 0181 05       		.byte	5
 415 0182 00       		.byte	0
 416 0183 08       		.byte	8
 417 0184 01       		.byte	1
 418 0185 82       		.byte	-126
 419 0186 03       		.byte	3
 420 0187 08       		.byte	8
 421 0188 04       		.byte	4
 422 0189 40       		.byte	64
 423 018a 05       		.byte	5
 424 018b 10       		.byte	16
 425 018c 0A       		.byte	10
 426 018d 8A       		.byte	-118
 427 018e 0B       		.byte	11
 428 018f 20       		.byte	32
 429 0190 0E       		.byte	14
 430 0191 28       		.byte	40
 431 0192 0F       		.byte	15
 432 0193 02       		.byte	2
 433 0194 10       		.byte	16
 434 0195 82       		.byte	-126
 435 0196 12       		.byte	18
 436 0197 08       		.byte	8
 437 0198 15       		.byte	21
 438 0199 08       		.byte	8
 439 019a 19       		.byte	25
 440 019b AA       		.byte	-86
 441 019c 1B       		.byte	27
 442 019d 10       		.byte	16
 443 019e 1E       		.byte	30
 444 019f 28       		.byte	40
 445 01a0 1F       		.byte	31
 446 01a1 18       		.byte	24
 447 01a2 22       		.byte	34
 448 01a3 04       		.byte	4
 449 01a4 29       		.byte	41
 450 01a5 02       		.byte	2
 451 01a6 2B       		.byte	43
 452 01a7 08       		.byte	8
 453 01a8 30       		.byte	48
 454 01a9 10       		.byte	16
 455 01aa 31       		.byte	49
 456 01ab 10       		.byte	16
ARM GAS  C:\Users\Jacob\AppData\Local\Temp\ccBHr7Fo.s 			page 9


 457 01ac 32       		.byte	50
 458 01ad 41       		.byte	65
 459 01ae 33       		.byte	51
 460 01af 02       		.byte	2
 461 01b0 39       		.byte	57
 462 01b1 08       		.byte	8
 463 01b2 3B       		.byte	59
 464 01b3 20       		.byte	32
 465 01b4 59       		.byte	89
 466 01b5 48       		.byte	72
 467 01b6 5B       		.byte	91
 468 01b7 12       		.byte	18
 469 01b8 61       		.byte	97
 470 01b9 04       		.byte	4
 471 01ba 63       		.byte	99
 472 01bb 08       		.byte	8
 473 01bc 70       		.byte	112
 474 01bd 02       		.byte	2
 475 01be 78       		.byte	120
 476 01bf 10       		.byte	16
 477 01c0 C0       		.byte	-64
 478 01c1 CF       		.byte	-49
 479 01c2 C2       		.byte	-62
 480 01c3 EF       		.byte	-17
 481 01c4 C4       		.byte	-60
 482 01c5 2B       		.byte	43
 483 01c6 CA       		.byte	-54
 484 01c7 05       		.byte	5
 485 01c8 CC       		.byte	-52
 486 01c9 0D       		.byte	13
 487 01ca CE       		.byte	-50
 488 01cb 06       		.byte	6
 489 01cc D6       		.byte	-42
 490 01cd 0F       		.byte	15
 491 01ce D8       		.byte	-40
 492 01cf 06       		.byte	6
 493 01d0 DE       		.byte	-34
 494 01d1 04       		.byte	4
 495 01d2 E0       		.byte	-32
 496 01d3 10       		.byte	16
 497 01d4 E6       		.byte	-26
 498 01d5 02       		.byte	2
 499 01d6 AF       		.byte	-81
 500 01d7 20       		.byte	32
 501 01d8 00       		.byte	0
 502 01d9 01       		.byte	1
 503 01da 08       		.byte	8
 504 01db 77       		.byte	119
 505 01dc 0C       		.byte	12
 506 01dd CC       		.byte	-52
 507 01de 0E       		.byte	14
 508 01df 20       		.byte	32
 509 01e0 14       		.byte	20
 510 01e1 CC       		.byte	-52
 511 01e2 16       		.byte	22
 512 01e3 10       		.byte	16
 513 01e4 18       		.byte	24
ARM GAS  C:\Users\Jacob\AppData\Local\Temp\ccBHr7Fo.s 			page 10


 514 01e5 BA       		.byte	-70
 515 01e6 1A       		.byte	26
 516 01e7 40       		.byte	64
 517 01e8 1E       		.byte	30
 518 01e9 F0       		.byte	-16
 519 01ea 24       		.byte	36
 520 01eb 80       		.byte	-128
 521 01ec 26       		.byte	38
 522 01ed 10       		.byte	16
 523 01ee 28       		.byte	40
 524 01ef 01       		.byte	1
 525 01f0 30       		.byte	48
 526 01f1 F0       		.byte	-16
 527 01f2 34       		.byte	52
 528 01f3 0E       		.byte	14
 529 01f4 36       		.byte	54
 530 01f5 01       		.byte	1
 531 01f6 38       		.byte	56
 532 01f7 A0       		.byte	-96
 533 01f8 3E       		.byte	62
 534 01f9 40       		.byte	64
 535 01fa 40       		.byte	64
 536 01fb 61       		.byte	97
 537 01fc 41       		.byte	65
 538 01fd 02       		.byte	2
 539 01fe 49       		.byte	73
 540 01ff FF       		.byte	-1
 541 0200 4A       		.byte	74
 542 0201 FF       		.byte	-1
 543 0202 4B       		.byte	75
 544 0203 FF       		.byte	-1
 545 0204 4D       		.byte	77
 546 0205 A0       		.byte	-96
 547 0206 4F       		.byte	79
 548 0207 01       		.byte	1
 549 0208 50       		.byte	80
 550 0209 18       		.byte	24
 551 020a 58       		.byte	88
 552 020b 04       		.byte	4
 553 020c 5A       		.byte	90
 554 020d 04       		.byte	4
 555 020e 5F       		.byte	95
 556 020f 01       		.byte	1
 557 0210 60       		.byte	96
 558 0211 40       		.byte	64
 559 0212 62       		.byte	98
 560 0213 80       		.byte	-128
 561 0214 64       		.byte	100
 562 0215 40       		.byte	64
 563 0216 65       		.byte	101
 564 0217 40       		.byte	64
 565 0218 66       		.byte	102
 566 0219 80       		.byte	-128
 567 021a 68       		.byte	104
 568 021b 40       		.byte	64
 569 021c 6A       		.byte	106
 570 021d 80       		.byte	-128
ARM GAS  C:\Users\Jacob\AppData\Local\Temp\ccBHr7Fo.s 			page 11


 571 021e 6C       		.byte	108
 572 021f 40       		.byte	64
 573 0220 6D       		.byte	109
 574 0221 20       		.byte	32
 575 0222 6E       		.byte	110
 576 0223 80       		.byte	-128
 577 0224 84       		.byte	-124
 578 0225 01       		.byte	1
 579 0226 86       		.byte	-122
 580 0227 02       		.byte	2
 581 0228 8B       		.byte	-117
 582 0229 10       		.byte	16
 583 022a 8D       		.byte	-115
 584 022b 01       		.byte	1
 585 022c 8F       		.byte	-113
 586 022d 0A       		.byte	10
 587 022e 90       		.byte	-112
 588 022f 02       		.byte	2
 589 0230 92       		.byte	-110
 590 0231 01       		.byte	1
 591 0232 94       		.byte	-108
 592 0233 04       		.byte	4
 593 0234 95       		.byte	-107
 594 0235 02       		.byte	2
 595 0236 97       		.byte	-105
 596 0237 01       		.byte	1
 597 0238 98       		.byte	-104
 598 0239 01       		.byte	1
 599 023a 9A       		.byte	-102
 600 023b 0A       		.byte	10
 601 023c 9D       		.byte	-99
 602 023d 01       		.byte	1
 603 023e 9E       		.byte	-98
 604 023f 10       		.byte	16
 605 0240 9F       		.byte	-97
 606 0241 02       		.byte	2
 607 0242 A1       		.byte	-95
 608 0243 01       		.byte	1
 609 0244 A3       		.byte	-93
 610 0245 02       		.byte	2
 611 0246 A4       		.byte	-92
 612 0247 01       		.byte	1
 613 0248 A6       		.byte	-90
 614 0249 02       		.byte	2
 615 024a AA       		.byte	-86
 616 024b 04       		.byte	4
 617 024c AB       		.byte	-85
 618 024d 04       		.byte	4
 619 024e B0       		.byte	-80
 620 024f 03       		.byte	3
 621 0250 B1       		.byte	-79
 622 0251 10       		.byte	16
 623 0252 B2       		.byte	-78
 624 0253 08       		.byte	8
 625 0254 B3       		.byte	-77
 626 0255 03       		.byte	3
 627 0256 B4       		.byte	-76
ARM GAS  C:\Users\Jacob\AppData\Local\Temp\ccBHr7Fo.s 			page 12


 628 0257 10       		.byte	16
 629 0258 B5       		.byte	-75
 630 0259 04       		.byte	4
 631 025a B6       		.byte	-74
 632 025b 04       		.byte	4
 633 025c B7       		.byte	-73
 634 025d 08       		.byte	8
 635 025e BA       		.byte	-70
 636 025f 02       		.byte	2
 637 0260 BB       		.byte	-69
 638 0261 08       		.byte	8
 639 0262 BE       		.byte	-66
 640 0263 40       		.byte	64
 641 0264 C0       		.byte	-64
 642 0265 61       		.byte	97
 643 0266 C1       		.byte	-63
 644 0267 03       		.byte	3
 645 0268 C5       		.byte	-59
 646 0269 3E       		.byte	62
 647 026a C6       		.byte	-58
 648 026b 2C       		.byte	44
 649 026c C7       		.byte	-57
 650 026d 04       		.byte	4
 651 026e C8       		.byte	-56
 652 026f 1F       		.byte	31
 653 0270 C9       		.byte	-55
 654 0271 FF       		.byte	-1
 655 0272 CA       		.byte	-54
 656 0273 FF       		.byte	-1
 657 0274 CB       		.byte	-53
 658 0275 FF       		.byte	-1
 659 0276 CD       		.byte	-51
 660 0277 AF       		.byte	-81
 661 0278 CE       		.byte	-50
 662 0279 07       		.byte	7
 663 027a CF       		.byte	-49
 664 027b 01       		.byte	1
 665 027c D0       		.byte	-48
 666 027d 18       		.byte	24
 667 027e D8       		.byte	-40
 668 027f 04       		.byte	4
 669 0280 D9       		.byte	-39
 670 0281 04       		.byte	4
 671 0282 DA       		.byte	-38
 672 0283 04       		.byte	4
 673 0284 DF       		.byte	-33
 674 0285 01       		.byte	1
 675 0286 E0       		.byte	-32
 676 0287 40       		.byte	64
 677 0288 E2       		.byte	-30
 678 0289 80       		.byte	-128
 679 028a E4       		.byte	-28
 680 028b 40       		.byte	64
 681 028c E5       		.byte	-27
 682 028d 40       		.byte	64
 683 028e E6       		.byte	-26
 684 028f 80       		.byte	-128
ARM GAS  C:\Users\Jacob\AppData\Local\Temp\ccBHr7Fo.s 			page 13


 685 0290 E8       		.byte	-24
 686 0291 40       		.byte	64
 687 0292 EA       		.byte	-22
 688 0293 80       		.byte	-128
 689 0294 EC       		.byte	-20
 690 0295 40       		.byte	64
 691 0296 ED       		.byte	-19
 692 0297 20       		.byte	32
 693 0298 EE       		.byte	-18
 694 0299 80       		.byte	-128
 695 029a 01       		.byte	1
 696 029b 08       		.byte	8
 697 029c 04       		.byte	4
 698 029d 40       		.byte	64
 699 029e 05       		.byte	5
 700 029f 11       		.byte	17
 701 02a0 08       		.byte	8
 702 02a1 40       		.byte	64
 703 02a2 0A       		.byte	10
 704 02a3 A4       		.byte	-92
 705 02a4 0E       		.byte	14
 706 02a5 28       		.byte	40
 707 02a6 0F       		.byte	15
 708 02a7 02       		.byte	2
 709 02a8 10       		.byte	16
 710 02a9 08       		.byte	8
 711 02aa 12       		.byte	18
 712 02ab 20       		.byte	32
 713 02ac 15       		.byte	21
 714 02ad 28       		.byte	40
 715 02ae 17       		.byte	23
 716 02af 10       		.byte	16
 717 02b0 19       		.byte	25
 718 02b1 48       		.byte	72
 719 02b2 1A       		.byte	26
 720 02b3 84       		.byte	-124
 721 02b4 1B       		.byte	27
 722 02b5 05       		.byte	5
 723 02b6 1C       		.byte	28
 724 02b7 40       		.byte	64
 725 02b8 1D       		.byte	29
 726 02b9 90       		.byte	-112
 727 02ba 1F       		.byte	31
 728 02bb 02       		.byte	2
 729 02bc 21       		.byte	33
 730 02bd 04       		.byte	4
 731 02be 22       		.byte	34
 732 02bf A8       		.byte	-88
 733 02c0 23       		.byte	35
 734 02c1 40       		.byte	64
 735 02c2 2B       		.byte	43
 736 02c3 44       		.byte	68
 737 02c4 32       		.byte	50
 738 02c5 88       		.byte	-120
 739 02c6 3A       		.byte	58
 740 02c7 10       		.byte	16
 741 02c8 3B       		.byte	59
ARM GAS  C:\Users\Jacob\AppData\Local\Temp\ccBHr7Fo.s 			page 14


 742 02c9 40       		.byte	64
 743 02ca 41       		.byte	65
 744 02cb 88       		.byte	-120
 745 02cc 45       		.byte	69
 746 02cd 80       		.byte	-128
 747 02ce 47       		.byte	71
 748 02cf 20       		.byte	32
 749 02d0 48       		.byte	72
 750 02d1 80       		.byte	-128
 751 02d2 49       		.byte	73
 752 02d3 25       		.byte	37
 753 02d4 4F       		.byte	79
 754 02d5 20       		.byte	32
 755 02d6 50       		.byte	80
 756 02d7 08       		.byte	8
 757 02d8 51       		.byte	81
 758 02d9 10       		.byte	16
 759 02da 53       		.byte	83
 760 02db 80       		.byte	-128
 761 02dc 94       		.byte	-108
 762 02dd 40       		.byte	64
 763 02de 95       		.byte	-107
 764 02df 08       		.byte	8
 765 02e0 96       		.byte	-106
 766 02e1 80       		.byte	-128
 767 02e2 99       		.byte	-103
 768 02e3 20       		.byte	32
 769 02e4 9D       		.byte	-99
 770 02e5 54       		.byte	84
 771 02e6 9F       		.byte	-97
 772 02e7 12       		.byte	18
 773 02e8 A2       		.byte	-94
 774 02e9 14       		.byte	20
 775 02ea A3       		.byte	-93
 776 02eb 10       		.byte	16
 777 02ec A4       		.byte	-92
 778 02ed 84       		.byte	-124
 779 02ee A6       		.byte	-90
 780 02ef 08       		.byte	8
 781 02f0 A7       		.byte	-89
 782 02f1 83       		.byte	-125
 783 02f2 AB       		.byte	-85
 784 02f3 84       		.byte	-124
 785 02f4 C0       		.byte	-64
 786 02f5 D4       		.byte	-44
 787 02f6 C2       		.byte	-62
 788 02f7 EF       		.byte	-17
 789 02f8 C4       		.byte	-60
 790 02f9 66       		.byte	102
 791 02fa CA       		.byte	-54
 792 02fb 05       		.byte	5
 793 02fc CC       		.byte	-52
 794 02fd 0A       		.byte	10
 795 02fe CE       		.byte	-50
 796 02ff 0C       		.byte	12
 797 0300 D0       		.byte	-48
 798 0301 3A       		.byte	58
ARM GAS  C:\Users\Jacob\AppData\Local\Temp\ccBHr7Fo.s 			page 15


 799 0302 D2       		.byte	-46
 800 0303 24       		.byte	36
 801 0304 08       		.byte	8
 802 0305 05       		.byte	5
 803 0306 0B       		.byte	11
 804 0307 05       		.byte	5
 805 0308 13       		.byte	19
 806 0309 02       		.byte	2
 807 030a 14       		.byte	20
 808 030b 04       		.byte	4
 809 030c 15       		.byte	21
 810 030d 01       		.byte	1
 811 030e 16       		.byte	22
 812 030f 01       		.byte	1
 813 0310 22       		.byte	34
 814 0311 08       		.byte	8
 815 0312 26       		.byte	38
 816 0313 05       		.byte	5
 817 0314 2A       		.byte	42
 818 0315 02       		.byte	2
 819 0316 30       		.byte	48
 820 0317 01       		.byte	1
 821 0318 32       		.byte	50
 822 0319 02       		.byte	2
 823 031a 33       		.byte	51
 824 031b 04       		.byte	4
 825 031c 34       		.byte	52
 826 031d 04       		.byte	4
 827 031e 35       		.byte	53
 828 031f 02       		.byte	2
 829 0320 36       		.byte	54
 830 0321 08       		.byte	8
 831 0322 37       		.byte	55
 832 0323 01       		.byte	1
 833 0324 3E       		.byte	62
 834 0325 11       		.byte	17
 835 0326 3F       		.byte	63
 836 0327 40       		.byte	64
 837 0328 54       		.byte	84
 838 0329 0F       		.byte	15
 839 032a 56       		.byte	86
 840 032b 04       		.byte	4
 841 032c 58       		.byte	88
 842 032d 04       		.byte	4
 843 032e 59       		.byte	89
 844 032f 04       		.byte	4
 845 0330 5B       		.byte	91
 846 0331 04       		.byte	4
 847 0332 5F       		.byte	95
 848 0333 01       		.byte	1
 849 0334 81       		.byte	-127
 850 0335 08       		.byte	8
 851 0336 86       		.byte	-122
 852 0337 0F       		.byte	15
 853 0338 87       		.byte	-121
 854 0339 0E       		.byte	14
 855 033a 88       		.byte	-120
ARM GAS  C:\Users\Jacob\AppData\Local\Temp\ccBHr7Fo.s 			page 16


 856 033b 73       		.byte	115
 857 033c 89       		.byte	-119
 858 033d 01       		.byte	1
 859 033e 8C       		.byte	-116
 860 033f 9E       		.byte	-98
 861 0340 8E       		.byte	-114
 862 0341 60       		.byte	96
 863 0342 91       		.byte	-111
 864 0343 01       		.byte	1
 865 0344 94       		.byte	-108
 866 0345 CF       		.byte	-49
 867 0346 95       		.byte	-107
 868 0347 0E       		.byte	14
 869 0348 96       		.byte	-106
 870 0349 30       		.byte	48
 871 034a 98       		.byte	-104
 872 034b FD       		.byte	-3
 873 034c 9A       		.byte	-102
 874 034d 02       		.byte	2
 875 034e 9B       		.byte	-101
 876 034f 08       		.byte	8
 877 0350 9C       		.byte	-100
 878 0351 30       		.byte	48
 879 0352 9D       		.byte	-99
 880 0353 02       		.byte	2
 881 0354 9E       		.byte	-98
 882 0355 C9       		.byte	-55
 883 0356 9F       		.byte	-97
 884 0357 04       		.byte	4
 885 0358 A3       		.byte	-93
 886 0359 10       		.byte	16
 887 035a A4       		.byte	-92
 888 035b 94       		.byte	-108
 889 035c A5       		.byte	-91
 890 035d 0E       		.byte	14
 891 035e A6       		.byte	-90
 892 035f 60       		.byte	96
 893 0360 A9       		.byte	-87
 894 0361 02       		.byte	2
 895 0362 AB       		.byte	-85
 896 0363 04       		.byte	4
 897 0364 B3       		.byte	-77
 898 0365 1E       		.byte	30
 899 0366 B5       		.byte	-75
 900 0367 01       		.byte	1
 901 0368 B6       		.byte	-74
 902 0369 FF       		.byte	-1
 903 036a B9       		.byte	-71
 904 036b 20       		.byte	32
 905 036c BE       		.byte	-66
 906 036d 40       		.byte	64
 907 036e D8       		.byte	-40
 908 036f 04       		.byte	4
 909 0370 D9       		.byte	-39
 910 0371 04       		.byte	4
 911 0372 DF       		.byte	-33
 912 0373 01       		.byte	1
ARM GAS  C:\Users\Jacob\AppData\Local\Temp\ccBHr7Fo.s 			page 17


 913 0374 00       		.byte	0
 914 0375 10       		.byte	16
 915 0376 04       		.byte	4
 916 0377 40       		.byte	64
 917 0378 05       		.byte	5
 918 0379 90       		.byte	-112
 919 037a 06       		.byte	6
 920 037b 08       		.byte	8
 921 037c 07       		.byte	7
 922 037d 24       		.byte	36
 923 037e 09       		.byte	9
 924 037f 08       		.byte	8
 925 0380 0E       		.byte	14
 926 0381 28       		.byte	40
 927 0382 0F       		.byte	15
 928 0383 02       		.byte	2
 929 0384 10       		.byte	16
 930 0385 08       		.byte	8
 931 0386 12       		.byte	18
 932 0387 A0       		.byte	-96
 933 0388 15       		.byte	21
 934 0389 08       		.byte	8
 935 038a 16       		.byte	22
 936 038b 20       		.byte	32
 937 038c 18       		.byte	24
 938 038d 10       		.byte	16
 939 038e 19       		.byte	25
 940 038f 20       		.byte	32
 941 0390 1A       		.byte	26
 942 0391 60       		.byte	96
 943 0392 1B       		.byte	27
 944 0393 40       		.byte	64
 945 0394 1F       		.byte	31
 946 0395 80       		.byte	-128
 947 0396 20       		.byte	32
 948 0397 08       		.byte	8
 949 0398 22       		.byte	34
 950 0399 04       		.byte	4
 951 039a 23       		.byte	35
 952 039b 02       		.byte	2
 953 039c 25       		.byte	37
 954 039d 0C       		.byte	12
 955 039e 26       		.byte	38
 956 039f 20       		.byte	32
 957 03a0 27       		.byte	39
 958 03a1 20       		.byte	32
 959 03a2 2E       		.byte	46
 960 03a3 28       		.byte	40
 961 03a4 2F       		.byte	47
 962 03a5 80       		.byte	-128
 963 03a6 31       		.byte	49
 964 03a7 01       		.byte	1
 965 03a8 32       		.byte	50
 966 03a9 04       		.byte	4
 967 03aa 35       		.byte	53
 968 03ab 81       		.byte	-127
 969 03ac 36       		.byte	54
ARM GAS  C:\Users\Jacob\AppData\Local\Temp\ccBHr7Fo.s 			page 18


 970 03ad 14       		.byte	20
 971 03ae 39       		.byte	57
 972 03af 20       		.byte	32
 973 03b0 3B       		.byte	59
 974 03b1 10       		.byte	16
 975 03b2 3D       		.byte	61
 976 03b3 08       		.byte	8
 977 03b4 3F       		.byte	63
 978 03b5 12       		.byte	18
 979 03b6 59       		.byte	89
 980 03b7 22       		.byte	34
 981 03b8 5A       		.byte	90
 982 03b9 40       		.byte	64
 983 03ba 5B       		.byte	91
 984 03bb 04       		.byte	4
 985 03bc 63       		.byte	99
 986 03bd 40       		.byte	64
 987 03be 81       		.byte	-127
 988 03bf 02       		.byte	2
 989 03c0 82       		.byte	-126
 990 03c1 04       		.byte	4
 991 03c2 87       		.byte	-121
 992 03c3 40       		.byte	64
 993 03c4 90       		.byte	-112
 994 03c5 40       		.byte	64
 995 03c6 91       		.byte	-111
 996 03c7 28       		.byte	40
 997 03c8 96       		.byte	-106
 998 03c9 20       		.byte	32
 999 03ca 99       		.byte	-103
 1000 03cb 11       		.byte	17
 1001 03cc 9F       		.byte	-97
 1002 03cd 22       		.byte	34
 1003 03ce A0       		.byte	-96
 1004 03cf 08       		.byte	8
 1005 03d0 A2       		.byte	-94
 1006 03d1 94       		.byte	-108
 1007 03d2 A3       		.byte	-93
 1008 03d3 01       		.byte	1
 1009 03d4 A4       		.byte	-92
 1010 03d5 04       		.byte	4
 1011 03d6 A5       		.byte	-91
 1012 03d7 08       		.byte	8
 1013 03d8 A7       		.byte	-89
 1014 03d9 40       		.byte	64
 1015 03da AC       		.byte	-84
 1016 03db 40       		.byte	64
 1017 03dc AE       		.byte	-82
 1018 03dd 10       		.byte	16
 1019 03de C0       		.byte	-64
 1020 03df E2       		.byte	-30
 1021 03e0 C2       		.byte	-62
 1022 03e1 E4       		.byte	-28
 1023 03e2 C4       		.byte	-60
 1024 03e3 2E       		.byte	46
 1025 03e4 CA       		.byte	-54
 1026 03e5 E0       		.byte	-32
ARM GAS  C:\Users\Jacob\AppData\Local\Temp\ccBHr7Fo.s 			page 19


 1027 03e6 CC       		.byte	-52
 1028 03e7 F3       		.byte	-13
 1029 03e8 CE       		.byte	-50
 1030 03e9 E4       		.byte	-28
 1031 03ea D6       		.byte	-42
 1032 03eb 0F       		.byte	15
 1033 03ec D8       		.byte	-40
 1034 03ed 01       		.byte	1
 1035 03ee EA       		.byte	-22
 1036 03ef 02       		.byte	2
 1037 03f0 EE       		.byte	-18
 1038 03f1 08       		.byte	8
 1039 03f2 32       		.byte	50
 1040 03f3 20       		.byte	32
 1041 03f4 CC       		.byte	-52
 1042 03f5 10       		.byte	16
 1043 03f6 67       		.byte	103
 1044 03f7 08       		.byte	8
 1045 03f8 A6       		.byte	-90
 1046 03f9 20       		.byte	32
 1047 03fa D8       		.byte	-40
 1048 03fb 80       		.byte	-128
 1049 03fc 97       		.byte	-105
 1050 03fd 08       		.byte	8
 1051 03fe A6       		.byte	-90
 1052 03ff 20       		.byte	32
 1053 0400 97       		.byte	-105
 1054 0401 08       		.byte	8
 1055 0402 A6       		.byte	-90
 1056 0403 20       		.byte	32
 1057 0404 8F       		.byte	-113
 1058 0405 40       		.byte	64
 1059 0406 E0       		.byte	-32
 1060 0407 08       		.byte	8
 1061 0408 A6       		.byte	-90
 1062 0409 20       		.byte	32
 1063 040a AF       		.byte	-81
 1064 040b 04       		.byte	4
 1065 040c EE       		.byte	-18
 1066 040d 10       		.byte	16
 1067 040e 86       		.byte	-122
 1068 040f 20       		.byte	32
 1069 0410 A6       		.byte	-90
 1070 0411 20       		.byte	32
 1071 0412 E6       		.byte	-26
 1072 0413 40       		.byte	64
 1073 0414 0A       		.byte	10
 1074 0415 04       		.byte	4
 1075 0416 0E       		.byte	14
 1076 0417 20       		.byte	32
 1077 0418 5B       		.byte	91
 1078 0419 40       		.byte	64
 1079 041a 9B       		.byte	-101
 1080 041b 40       		.byte	64
 1081 041c C2       		.byte	-62
 1082 041d 06       		.byte	6
 1083 041e D4       		.byte	-44
ARM GAS  C:\Users\Jacob\AppData\Local\Temp\ccBHr7Fo.s 			page 20


 1084 041f 01       		.byte	1
 1085 0420 AE       		.byte	-82
 1086 0421 14       		.byte	20
 1087 0422 00       		.byte	0
 1088 0423 03       		.byte	3
 1089 0424 0A       		.byte	10
 1090 0425 02       		.byte	2
 1091 0426 0C       		.byte	12
 1092 0427 01       		.byte	1
 1093 0428 10       		.byte	16
 1094 0429 01       		.byte	1
 1095 042a 1C       		.byte	28
 1096 042b 01       		.byte	1
 1097 042c 00       		.byte	0
 1098 042d 03       		.byte	3
 1099 042e 00       		.byte	0
 1100 042f 00       		.byte	0
 1101 0430 00       		.byte	0
 1102 0431 80       		.byte	-128
 1103 0432 80       		.byte	-128
 1104 0433 00       		.byte	0
 1105 0434 80       		.byte	-128
 1106 0435 00       		.byte	0
 1107 0436 00       		.byte	0
 1108 0437 00       		.byte	0
 1109 0438 60       		.byte	96
 1110 0439 0F       		.byte	15
 1111 043a 0F       		.byte	15
 1112 043b 00       		.byte	0
 1113 043c 04       		.byte	4
 1114 043d 00       		.byte	0
 1115 043e 00       		.byte	0
 1116 043f 00       		.byte	0
 1117 0440 00       		.byte	0
 1118 0441 7F       		.byte	127
 1119 0442 7F       		.byte	127
 1120 0443 00       		.byte	0
 1121 0444 00       		.byte	0
 1122 0445 00       		.byte	0
 1123 0446 00       		.byte	0
 1124 0447 00       		.byte	0
 1125              		.section	.cywolatch,"a",%progbits
 1126              		.align	2
 1127              		.type	cy_meta_wonvl, %object
 1128              		.size	cy_meta_wonvl, 4
 1129              	cy_meta_wonvl:
 1130 0000 BC       		.byte	-68
 1131 0001 90       		.byte	-112
 1132 0002 AC       		.byte	-84
 1133 0003 AF       		.byte	-81
 1134              		.section	.cycustnvl,"a",%progbits
 1135              		.align	2
 1136              		.type	cy_meta_custnvl, %object
 1137              		.size	cy_meta_custnvl, 4
 1138              	cy_meta_custnvl:
 1139 0000 00       		.byte	0
 1140 0001 00       		.byte	0
ARM GAS  C:\Users\Jacob\AppData\Local\Temp\ccBHr7Fo.s 			page 21


 1141 0002 40       		.byte	64
 1142 0003 05       		.byte	5
 1143              		.section	.cymeta,"a",%progbits
 1144              		.align	2
 1145              		.type	cy_metadata, %object
 1146              		.size	cy_metadata, 12
 1147              	cy_metadata:
 1148 0000 00       		.byte	0
 1149 0001 01       		.byte	1
 1150 0002 2E       		.byte	46
 1151 0003 16       		.byte	22
 1152 0004 10       		.byte	16
 1153 0005 69       		.byte	105
 1154 0006 00       		.byte	0
 1155 0007 01       		.byte	1
 1156 0008 00       		.byte	0
 1157 0009 00       		.byte	0
 1158 000a 00       		.byte	0
 1159 000b 00       		.byte	0
 1160              		.section	.cyflashprotect,"a",%progbits
 1161              		.align	2
 1162              		.type	cy_meta_flashprotect, %object
 1163              		.size	cy_meta_flashprotect, 256
 1164              	cy_meta_flashprotect:
 1165 0000 00000000 		.space	256
 1165      00000000 
 1165      00000000 
 1165      00000000 
 1165      00000000 
 1166              		.text
 1167              	.Letext0:
 1168              		.file 1 "c:\\program files (x86)\\cypress\\psoc creator\\4.1\\psoc creator\\import\\gnu\\arm\\5.4.
 1169              		.file 2 "c:\\program files (x86)\\cypress\\psoc creator\\4.1\\psoc creator\\import\\gnu\\arm\\5.4.
 1170              		.file 3 "Generated_Source\\PSoC5\\cymetadata.c"
 1171              		.section	.debug_info,"",%progbits
 1172              	.Ldebug_info0:
 1173 0000 31010000 		.4byte	0x131
 1174 0004 0400     		.2byte	0x4
 1175 0006 00000000 		.4byte	.Ldebug_abbrev0
 1176 000a 04       		.byte	0x4
 1177 000b 01       		.uleb128 0x1
 1178 000c 67000000 		.4byte	.LASF17
 1179 0010 0C       		.byte	0xc
 1180 0011 C1010000 		.4byte	.LASF18
 1181 0015 0A000000 		.4byte	.LASF19
 1182 0019 00000000 		.4byte	.Ldebug_line0
 1183 001d 02       		.uleb128 0x2
 1184 001e 01       		.byte	0x1
 1185 001f 06       		.byte	0x6
 1186 0020 B5010000 		.4byte	.LASF0
 1187 0024 03       		.uleb128 0x3
 1188 0025 00000000 		.4byte	.LASF9
 1189 0029 01       		.byte	0x1
 1190 002a 1D       		.byte	0x1d
 1191 002b 2F000000 		.4byte	0x2f
 1192 002f 02       		.uleb128 0x2
 1193 0030 01       		.byte	0x1
ARM GAS  C:\Users\Jacob\AppData\Local\Temp\ccBHr7Fo.s 			page 22


 1194 0031 08       		.byte	0x8
 1195 0032 59000000 		.4byte	.LASF1
 1196 0036 02       		.uleb128 0x2
 1197 0037 02       		.byte	0x2
 1198 0038 05       		.byte	0x5
 1199 0039 A2010000 		.4byte	.LASF2
 1200 003d 02       		.uleb128 0x2
 1201 003e 02       		.byte	0x2
 1202 003f 07       		.byte	0x7
 1203 0040 07010000 		.4byte	.LASF3
 1204 0044 02       		.uleb128 0x2
 1205 0045 04       		.byte	0x4
 1206 0046 05       		.byte	0x5
 1207 0047 AC010000 		.4byte	.LASF4
 1208 004b 02       		.uleb128 0x2
 1209 004c 04       		.byte	0x4
 1210 004d 07       		.byte	0x7
 1211 004e F5000000 		.4byte	.LASF5
 1212 0052 02       		.uleb128 0x2
 1213 0053 08       		.byte	0x8
 1214 0054 05       		.byte	0x5
 1215 0055 94010000 		.4byte	.LASF6
 1216 0059 02       		.uleb128 0x2
 1217 005a 08       		.byte	0x8
 1218 005b 07       		.byte	0x7
 1219 005c 49010000 		.4byte	.LASF7
 1220 0060 04       		.uleb128 0x4
 1221 0061 04       		.byte	0x4
 1222 0062 05       		.byte	0x5
 1223 0063 696E7400 		.ascii	"int\000"
 1224 0067 02       		.uleb128 0x2
 1225 0068 04       		.byte	0x4
 1226 0069 07       		.byte	0x7
 1227 006a 3C010000 		.4byte	.LASF8
 1228 006e 03       		.uleb128 0x3
 1229 006f 60010000 		.4byte	.LASF10
 1230 0073 02       		.byte	0x2
 1231 0074 18       		.byte	0x18
 1232 0075 24000000 		.4byte	0x24
 1233 0079 05       		.uleb128 0x5
 1234 007a 91000000 		.4byte	0x91
 1235 007e 8A000000 		.4byte	0x8a
 1236 0082 06       		.uleb128 0x6
 1237 0083 8A000000 		.4byte	0x8a
 1238 0087 4704     		.2byte	0x447
 1239 0089 00       		.byte	0
 1240 008a 02       		.uleb128 0x2
 1241 008b 04       		.byte	0x4
 1242 008c 07       		.byte	0x7
 1243 008d 8B010000 		.4byte	.LASF11
 1244 0091 07       		.uleb128 0x7
 1245 0092 6E000000 		.4byte	0x6e
 1246 0096 08       		.uleb128 0x8
 1247 0097 2A010000 		.4byte	.LASF12
 1248 009b 03       		.byte	0x3
 1249 009c 1F       		.byte	0x1f
 1250 009d A7000000 		.4byte	0xa7
ARM GAS  C:\Users\Jacob\AppData\Local\Temp\ccBHr7Fo.s 			page 23


 1251 00a1 05       		.uleb128 0x5
 1252 00a2 03       		.byte	0x3
 1253 00a3 00000000 		.4byte	cy_meta_configecc
 1254 00a7 07       		.uleb128 0x7
 1255 00a8 79000000 		.4byte	0x79
 1256 00ac 05       		.uleb128 0x5
 1257 00ad 91000000 		.4byte	0x91
 1258 00b1 BC000000 		.4byte	0xbc
 1259 00b5 09       		.uleb128 0x9
 1260 00b6 8A000000 		.4byte	0x8a
 1261 00ba 03       		.byte	0x3
 1262 00bb 00       		.byte	0
 1263 00bc 08       		.uleb128 0x8
 1264 00bd 1A010000 		.4byte	.LASF13
 1265 00c1 03       		.byte	0x3
 1266 00c2 B5       		.byte	0xb5
 1267 00c3 CD000000 		.4byte	0xcd
 1268 00c7 05       		.uleb128 0x5
 1269 00c8 03       		.byte	0x3
 1270 00c9 00000000 		.4byte	cy_meta_custnvl
 1271 00cd 07       		.uleb128 0x7
 1272 00ce AC000000 		.4byte	0xac
 1273 00d2 08       		.uleb128 0x8
 1274 00d3 7D010000 		.4byte	.LASF14
 1275 00d7 03       		.byte	0x3
 1276 00d8 C3       		.byte	0xc3
 1277 00d9 E3000000 		.4byte	0xe3
 1278 00dd 05       		.uleb128 0x5
 1279 00de 03       		.byte	0x3
 1280 00df 00000000 		.4byte	cy_meta_wonvl
 1281 00e3 07       		.uleb128 0x7
 1282 00e4 AC000000 		.4byte	0xac
 1283 00e8 05       		.uleb128 0x5
 1284 00e9 91000000 		.4byte	0x91
 1285 00ed F8000000 		.4byte	0xf8
 1286 00f1 09       		.uleb128 0x9
 1287 00f2 8A000000 		.4byte	0x8a
 1288 00f6 FF       		.byte	0xff
 1289 00f7 00       		.byte	0
 1290 00f8 08       		.uleb128 0x8
 1291 00f9 68010000 		.4byte	.LASF15
 1292 00fd 03       		.byte	0x3
 1293 00fe D1       		.byte	0xd1
 1294 00ff 09010000 		.4byte	0x109
 1295 0103 05       		.uleb128 0x5
 1296 0104 03       		.byte	0x3
 1297 0105 00000000 		.4byte	cy_meta_flashprotect
 1298 0109 07       		.uleb128 0x7
 1299 010a E8000000 		.4byte	0xe8
 1300 010e 05       		.uleb128 0x5
 1301 010f 91000000 		.4byte	0x91
 1302 0113 1E010000 		.4byte	0x11e
 1303 0117 09       		.uleb128 0x9
 1304 0118 8A000000 		.4byte	0x8a
 1305 011c 0B       		.byte	0xb
 1306 011d 00       		.byte	0
 1307 011e 08       		.uleb128 0x8
ARM GAS  C:\Users\Jacob\AppData\Local\Temp\ccBHr7Fo.s 			page 24


 1308 011f 4D000000 		.4byte	.LASF16
 1309 0123 03       		.byte	0x3
 1310 0124 FE       		.byte	0xfe
 1311 0125 2F010000 		.4byte	0x12f
 1312 0129 05       		.uleb128 0x5
 1313 012a 03       		.byte	0x3
 1314 012b 00000000 		.4byte	cy_metadata
 1315 012f 07       		.uleb128 0x7
 1316 0130 0E010000 		.4byte	0x10e
 1317 0134 00       		.byte	0
 1318              		.section	.debug_abbrev,"",%progbits
 1319              	.Ldebug_abbrev0:
 1320 0000 01       		.uleb128 0x1
 1321 0001 11       		.uleb128 0x11
 1322 0002 01       		.byte	0x1
 1323 0003 25       		.uleb128 0x25
 1324 0004 0E       		.uleb128 0xe
 1325 0005 13       		.uleb128 0x13
 1326 0006 0B       		.uleb128 0xb
 1327 0007 03       		.uleb128 0x3
 1328 0008 0E       		.uleb128 0xe
 1329 0009 1B       		.uleb128 0x1b
 1330 000a 0E       		.uleb128 0xe
 1331 000b 10       		.uleb128 0x10
 1332 000c 17       		.uleb128 0x17
 1333 000d 00       		.byte	0
 1334 000e 00       		.byte	0
 1335 000f 02       		.uleb128 0x2
 1336 0010 24       		.uleb128 0x24
 1337 0011 00       		.byte	0
 1338 0012 0B       		.uleb128 0xb
 1339 0013 0B       		.uleb128 0xb
 1340 0014 3E       		.uleb128 0x3e
 1341 0015 0B       		.uleb128 0xb
 1342 0016 03       		.uleb128 0x3
 1343 0017 0E       		.uleb128 0xe
 1344 0018 00       		.byte	0
 1345 0019 00       		.byte	0
 1346 001a 03       		.uleb128 0x3
 1347 001b 16       		.uleb128 0x16
 1348 001c 00       		.byte	0
 1349 001d 03       		.uleb128 0x3
 1350 001e 0E       		.uleb128 0xe
 1351 001f 3A       		.uleb128 0x3a
 1352 0020 0B       		.uleb128 0xb
 1353 0021 3B       		.uleb128 0x3b
 1354 0022 0B       		.uleb128 0xb
 1355 0023 49       		.uleb128 0x49
 1356 0024 13       		.uleb128 0x13
 1357 0025 00       		.byte	0
 1358 0026 00       		.byte	0
 1359 0027 04       		.uleb128 0x4
 1360 0028 24       		.uleb128 0x24
 1361 0029 00       		.byte	0
 1362 002a 0B       		.uleb128 0xb
 1363 002b 0B       		.uleb128 0xb
 1364 002c 3E       		.uleb128 0x3e
ARM GAS  C:\Users\Jacob\AppData\Local\Temp\ccBHr7Fo.s 			page 25


 1365 002d 0B       		.uleb128 0xb
 1366 002e 03       		.uleb128 0x3
 1367 002f 08       		.uleb128 0x8
 1368 0030 00       		.byte	0
 1369 0031 00       		.byte	0
 1370 0032 05       		.uleb128 0x5
 1371 0033 01       		.uleb128 0x1
 1372 0034 01       		.byte	0x1
 1373 0035 49       		.uleb128 0x49
 1374 0036 13       		.uleb128 0x13
 1375 0037 01       		.uleb128 0x1
 1376 0038 13       		.uleb128 0x13
 1377 0039 00       		.byte	0
 1378 003a 00       		.byte	0
 1379 003b 06       		.uleb128 0x6
 1380 003c 21       		.uleb128 0x21
 1381 003d 00       		.byte	0
 1382 003e 49       		.uleb128 0x49
 1383 003f 13       		.uleb128 0x13
 1384 0040 2F       		.uleb128 0x2f
 1385 0041 05       		.uleb128 0x5
 1386 0042 00       		.byte	0
 1387 0043 00       		.byte	0
 1388 0044 07       		.uleb128 0x7
 1389 0045 26       		.uleb128 0x26
 1390 0046 00       		.byte	0
 1391 0047 49       		.uleb128 0x49
 1392 0048 13       		.uleb128 0x13
 1393 0049 00       		.byte	0
 1394 004a 00       		.byte	0
 1395 004b 08       		.uleb128 0x8
 1396 004c 34       		.uleb128 0x34
 1397 004d 00       		.byte	0
 1398 004e 03       		.uleb128 0x3
 1399 004f 0E       		.uleb128 0xe
 1400 0050 3A       		.uleb128 0x3a
 1401 0051 0B       		.uleb128 0xb
 1402 0052 3B       		.uleb128 0x3b
 1403 0053 0B       		.uleb128 0xb
 1404 0054 49       		.uleb128 0x49
 1405 0055 13       		.uleb128 0x13
 1406 0056 3F       		.uleb128 0x3f
 1407 0057 19       		.uleb128 0x19
 1408 0058 02       		.uleb128 0x2
 1409 0059 18       		.uleb128 0x18
 1410 005a 00       		.byte	0
 1411 005b 00       		.byte	0
 1412 005c 09       		.uleb128 0x9
 1413 005d 21       		.uleb128 0x21
 1414 005e 00       		.byte	0
 1415 005f 49       		.uleb128 0x49
 1416 0060 13       		.uleb128 0x13
 1417 0061 2F       		.uleb128 0x2f
 1418 0062 0B       		.uleb128 0xb
 1419 0063 00       		.byte	0
 1420 0064 00       		.byte	0
 1421 0065 00       		.byte	0
ARM GAS  C:\Users\Jacob\AppData\Local\Temp\ccBHr7Fo.s 			page 26


 1422              		.section	.debug_aranges,"",%progbits
 1423 0000 14000000 		.4byte	0x14
 1424 0004 0200     		.2byte	0x2
 1425 0006 00000000 		.4byte	.Ldebug_info0
 1426 000a 04       		.byte	0x4
 1427 000b 00       		.byte	0
 1428 000c 0000     		.2byte	0
 1429 000e 0000     		.2byte	0
 1430 0010 00000000 		.4byte	0
 1431 0014 00000000 		.4byte	0
 1432              		.section	.debug_line,"",%progbits
 1433              	.Ldebug_line0:
 1434 0000 3D010000 		.section	.debug_str,"MS",%progbits,1
 1434      02003701 
 1434      00000201 
 1434      FB0E0D00 
 1434      01010101 
 1435              	.LASF9:
 1436 0000 5F5F7569 		.ascii	"__uint8_t\000"
 1436      6E74385F 
 1436      7400
 1437              	.LASF19:
 1438 000a 433A5C55 		.ascii	"C:\\Users\\Jacob\\Documents\\Junior\\EGR 455\\EGR45"
 1438      73657273 
 1438      5C4A6163 
 1438      6F625C44 
 1438      6F63756D 
 1439 0037 355C4D6F 		.ascii	"5\\MotorControl2.cydsn\000"
 1439      746F7243 
 1439      6F6E7472 
 1439      6F6C322E 
 1439      63796473 
 1440              	.LASF16:
 1441 004d 63795F6D 		.ascii	"cy_metadata\000"
 1441      65746164 
 1441      61746100 
 1442              	.LASF1:
 1443 0059 756E7369 		.ascii	"unsigned char\000"
 1443      676E6564 
 1443      20636861 
 1443      7200
 1444              	.LASF17:
 1445 0067 474E5520 		.ascii	"GNU C11 5.4.1 20160609 (release) [ARM/embedded-5-br"
 1445      43313120 
 1445      352E342E 
 1445      31203230 
 1445      31363036 
 1446 009a 616E6368 		.ascii	"anch revision 237715] -mcpu=cortex-m3 -mthumb -g -O"
 1446      20726576 
 1446      6973696F 
 1446      6E203233 
 1446      37373135 
 1447 00cd 67202D66 		.ascii	"g -ffunction-sections -ffat-lto-objects\000"
 1447      66756E63 
 1447      74696F6E 
 1447      2D736563 
 1447      74696F6E 
ARM GAS  C:\Users\Jacob\AppData\Local\Temp\ccBHr7Fo.s 			page 27


 1448              	.LASF5:
 1449 00f5 6C6F6E67 		.ascii	"long unsigned int\000"
 1449      20756E73 
 1449      69676E65 
 1449      6420696E 
 1449      7400
 1450              	.LASF3:
 1451 0107 73686F72 		.ascii	"short unsigned int\000"
 1451      7420756E 
 1451      7369676E 
 1451      65642069 
 1451      6E7400
 1452              	.LASF13:
 1453 011a 63795F6D 		.ascii	"cy_meta_custnvl\000"
 1453      6574615F 
 1453      63757374 
 1453      6E766C00 
 1454              	.LASF12:
 1455 012a 63795F6D 		.ascii	"cy_meta_configecc\000"
 1455      6574615F 
 1455      636F6E66 
 1455      69676563 
 1455      6300
 1456              	.LASF8:
 1457 013c 756E7369 		.ascii	"unsigned int\000"
 1457      676E6564 
 1457      20696E74 
 1457      00
 1458              	.LASF7:
 1459 0149 6C6F6E67 		.ascii	"long long unsigned int\000"
 1459      206C6F6E 
 1459      6720756E 
 1459      7369676E 
 1459      65642069 
 1460              	.LASF10:
 1461 0160 75696E74 		.ascii	"uint8_t\000"
 1461      385F7400 
 1462              	.LASF15:
 1463 0168 63795F6D 		.ascii	"cy_meta_flashprotect\000"
 1463      6574615F 
 1463      666C6173 
 1463      6870726F 
 1463      74656374 
 1464              	.LASF14:
 1465 017d 63795F6D 		.ascii	"cy_meta_wonvl\000"
 1465      6574615F 
 1465      776F6E76 
 1465      6C00
 1466              	.LASF11:
 1467 018b 73697A65 		.ascii	"sizetype\000"
 1467      74797065 
 1467      00
 1468              	.LASF6:
 1469 0194 6C6F6E67 		.ascii	"long long int\000"
 1469      206C6F6E 
 1469      6720696E 
 1469      7400
ARM GAS  C:\Users\Jacob\AppData\Local\Temp\ccBHr7Fo.s 			page 28


 1470              	.LASF2:
 1471 01a2 73686F72 		.ascii	"short int\000"
 1471      7420696E 
 1471      7400
 1472              	.LASF4:
 1473 01ac 6C6F6E67 		.ascii	"long int\000"
 1473      20696E74 
 1473      00
 1474              	.LASF0:
 1475 01b5 7369676E 		.ascii	"signed char\000"
 1475      65642063 
 1475      68617200 
 1476              	.LASF18:
 1477 01c1 47656E65 		.ascii	"Generated_Source\\PSoC5\\cymetadata.c\000"
 1477      72617465 
 1477      645F536F 
 1477      75726365 
 1477      5C50536F 
 1478              		.ident	"GCC: (GNU Tools for ARM Embedded Processors) 5.4.1 20160609 (release) [ARM/embedded-5-bran
