Loading plugins phase: Elapsed time ==> 0s.123ms
<CYPRESSTAG name="CyDsfit arguments...">
cydsfit arguments: -.fdsnotice -.fdswarpdepfile=warp_dependencies.txt -.fdselabdepfile=elab_dependencies.txt -.fdsbldfile=generated_files.txt -.fdsreffile=referenced_files.txt -p C:\Users\Jacob\Documents\Junior\EGR 455\EGR455\Sensors.cydsn\Sensors.cyprj -d CY8C5888LTI-LP097 -s C:\Users\Jacob\Documents\Junior\EGR 455\EGR455\Sensors.cydsn\Generated_Source\PSoC5 -- -yv2 -q10 -ygs -o2 -v3 -.fftcfgtype=LE
</CYPRESSTAG>
<CYPRESSTAG name="Design elaboration results...">
</CYPRESSTAG>
Elaboration phase: Elapsed time ==> 1s.126ms
<CYPRESSTAG name="HDL generation results...">
</CYPRESSTAG>
HDL generation phase: Elapsed time ==> 0s.041ms
<CYPRESSTAG name="Synthesis results...">

     | | | | | | |
   _________________
  -|               |-
  -|               |-
  -|               |-
  -|    CYPRESS    |-
  -|               |-
  -|               |-   Warp Verilog Synthesis Compiler: Version 6.3 IR 41
  -|               |-   Copyright (C) 1991-2001 Cypress Semiconductor
   |_______________|
     | | | | | | |

======================================================================
Compiling:  Sensors.v
Program  :   C:\Program Files (x86)\Cypress\PSoC Creator\4.1\PSoC Creator\warp\bin\warp.exe
Options  :    -yv2 -q10 -ygs -o2 -v3 -.fftcfgtype=LE -ya -.fftprj=C:\Users\Jacob\Documents\Junior\EGR 455\EGR455\Sensors.cydsn\Sensors.cyprj -dcpsoc3 Sensors.v -verilog
======================================================================

======================================================================
Compiling:  Sensors.v
Program  :   C:\Program Files (x86)\Cypress\PSoC Creator\4.1\PSoC Creator\warp\bin\warp.exe
Options  :    -yv2 -q10 -ygs -o2 -v3 -.fftcfgtype=LE -ya -.fftprj=C:\Users\Jacob\Documents\Junior\EGR 455\EGR455\Sensors.cydsn\Sensors.cyprj -dcpsoc3 Sensors.v -verilog
======================================================================

======================================================================
Compiling:  Sensors.v
Program  :   vlogfe
Options  :    -yv2 -q10 -ygs -o2 -v3 -.fftcfgtype=LE -ya -.fftprj=C:\Users\Jacob\Documents\Junior\EGR 455\EGR455\Sensors.cydsn\Sensors.cyprj -dcpsoc3 -verilog Sensors.v
======================================================================

vlogfe V6.3 IR 41:  Verilog parser
Mon Sep 25 15:30:57 2017


======================================================================
Compiling:  Sensors.v
Program  :   vpp
Options  :    -yv2 -q10 Sensors.v
======================================================================

vpp V6.3 IR 41:  Verilog Pre-Processor
Mon Sep 25 15:30:57 2017

Flattening file 'C:\Program Files (x86)\Cypress\PSoC Creator\4.1\PSoC Creator\psoc\content\CyPrimitives\cyprimitives.cylib\cy_virtualmux_v1_0\cy_virtualmux_v1_0.v'
Flattening file 'C:\Program Files (x86)\Cypress\PSoC Creator\4.1\PSoC Creator\psoc\content\CyPrimitives\cyprimitives.cylib\ZeroTerminal\ZeroTerminal.v'
Flattening file 'C:\Program Files (x86)\Cypress\PSoC Creator\4.1\PSoC Creator\psoc\content\CyPrimitives\cyprimitives.cylib\OneTerminal\OneTerminal.v'
Flattening file 'C:\Program Files (x86)\Cypress\PSoC Creator\4.1\PSoC Creator\psoc\content\CyComponentLibrary\CyComponentLibrary.cylib\B_Counter_v3_0\B_Counter_v3_0.v'
Flattening file 'C:\Program Files (x86)\Cypress\PSoC Creator\4.1\PSoC Creator\warp\lib\common\cypress.v'
Flattening file 'C:\Program Files (x86)\Cypress\PSoC Creator\4.1\PSoC Creator\warp\lib\common\cy_psoc3_inc.v'
Flattening file 'C:\Program Files (x86)\Cypress\PSoC Creator\4.1\PSoC Creator\psoc\content\CyComponentLibrary\CyComponentLibrary.cylib\bQuadDec_v3_0\bQuadDec_v3_0.v'
Flattening file 'C:\Program Files (x86)\Cypress\PSoC Creator\4.1\PSoC Creator\warp\lib\common\cypress.v'
Flattening file 'C:\Program Files (x86)\Cypress\PSoC Creator\4.1\PSoC Creator\psoc\content\CyPrimitives\cyprimitives.cylib\not_v1_0\not_v1_0.v'
Flattening file 'C:\Program Files (x86)\Cypress\PSoC Creator\4.1\PSoC Creator\psoc\content\CyPrimitives\cyprimitives.cylib\and_v1_0\and_v1_0.v'

vpp:  No errors.

Library 'work' => directory 'lcpsoc3'
General_symbol_table
General_symbol_table
Linking 'C:\Program Files (x86)\Cypress\PSoC Creator\4.1\PSoC Creator\warp\lib\common\std.vhd'.
Linking 'C:\Program Files (x86)\Cypress\PSoC Creator\4.1\PSoC Creator\warp\lib\common\cypress.vhd'.
Linking 'C:\Program Files (x86)\Cypress\PSoC Creator\4.1\PSoC Creator\warp\lib\common\work\cypress.vif'.
Linking 'C:\Program Files (x86)\Cypress\PSoC Creator\4.1\PSoC Creator\warp\lib\ieee\work\stdlogic.vif'.
Linking 'C:\Program Files (x86)\Cypress\PSoC Creator\4.1\PSoC Creator\warp\lib\common\stdlogic\lpmpkg.vif'.
Linking 'C:\Program Files (x86)\Cypress\PSoC Creator\4.1\PSoC Creator\warp\lib\common\stdlogic\rtlpkg.vif'.
Linking 'C:\Program Files (x86)\Cypress\PSoC Creator\4.1\PSoC Creator\warp\lib\common\stdlogic\mod_cnst.vif'.
Linking 'C:\Program Files (x86)\Cypress\PSoC Creator\4.1\PSoC Creator\warp\lib\common\stdlogic\mod_mthv.vif'.
Linking 'C:\Program Files (x86)\Cypress\PSoC Creator\4.1\PSoC Creator\warp\lib\common\stdlogic\mod_genv.vif'.
Using control file 'Sensors.ctl'.
Linking 'C:\Program Files (x86)\Cypress\PSoC Creator\4.1\PSoC Creator\warp\lib\common\stdlogic\cy_psoc3pkg.vif'.
Linking 'C:\Program Files (x86)\Cypress\PSoC Creator\4.1\PSoC Creator\warp\lib\common\stdlogic\cy_psoc3.vif'.

vlogfe:  No errors.


======================================================================
Compiling:  Sensors.v
Program  :   tovif
Options  :    -yv2 -q10 -ygs -o2 -v3 -.fftcfgtype=LE -ya -.fftprj=C:\Users\Jacob\Documents\Junior\EGR 455\EGR455\Sensors.cydsn\Sensors.cyprj -dcpsoc3 -verilog Sensors.v
======================================================================

tovif V6.3 IR 41:  High-level synthesis
Mon Sep 25 15:30:57 2017

Linking 'C:\Program Files (x86)\Cypress\PSoC Creator\4.1\PSoC Creator\warp\lib\common\std.vhd'.
Linking 'C:\Program Files (x86)\Cypress\PSoC Creator\4.1\PSoC Creator\warp\lib\common\cypress.vhd'.
Linking 'C:\Program Files (x86)\Cypress\PSoC Creator\4.1\PSoC Creator\warp\lib\common\work\cypress.vif'.
Linking 'C:\Program Files (x86)\Cypress\PSoC Creator\4.1\PSoC Creator\warp\lib\ieee\work\stdlogic.vif'.
Linking 'C:\Program Files (x86)\Cypress\PSoC Creator\4.1\PSoC Creator\warp\lib\common\stdlogic\lpmpkg.vif'.
Linking 'C:\Program Files (x86)\Cypress\PSoC Creator\4.1\PSoC Creator\warp\lib\common\stdlogic\rtlpkg.vif'.
Linking 'C:\Program Files (x86)\Cypress\PSoC Creator\4.1\PSoC Creator\warp\lib\common\stdlogic\mod_cnst.vif'.
Linking 'C:\Program Files (x86)\Cypress\PSoC Creator\4.1\PSoC Creator\warp\lib\common\stdlogic\mod_mthv.vif'.
Linking 'C:\Program Files (x86)\Cypress\PSoC Creator\4.1\PSoC Creator\warp\lib\common\stdlogic\mod_genv.vif'.
Linking 'C:\Users\Jacob\Documents\Junior\EGR 455\EGR455\Sensors.cydsn\codegentemp\Sensors.ctl'.
Linking 'C:\Users\Jacob\Documents\Junior\EGR 455\EGR455\Sensors.cydsn\codegentemp\Sensors.v'.
Linking 'C:\Program Files (x86)\Cypress\PSoC Creator\4.1\PSoC Creator\psoc\content\CyPrimitives\cyprimitives.cylib\cy_virtualmux_v1_0\cy_virtualmux_v1_0.v'.
Linking 'C:\Program Files (x86)\Cypress\PSoC Creator\4.1\PSoC Creator\psoc\content\CyPrimitives\cyprimitives.cylib\ZeroTerminal\ZeroTerminal.v'.
Linking 'C:\Program Files (x86)\Cypress\PSoC Creator\4.1\PSoC Creator\psoc\content\CyPrimitives\cyprimitives.cylib\OneTerminal\OneTerminal.v'.
Linking 'C:\Program Files (x86)\Cypress\PSoC Creator\4.1\PSoC Creator\psoc\content\CyComponentLibrary\CyComponentLibrary.cylib\B_Counter_v3_0\B_Counter_v3_0.v'.
Linking 'C:\Program Files (x86)\Cypress\PSoC Creator\4.1\PSoC Creator\warp\lib\common\cypress.v'.
Linking 'C:\Program Files (x86)\Cypress\PSoC Creator\4.1\PSoC Creator\warp\lib\common\cy_psoc3_inc.v'.
Linking 'C:\Program Files (x86)\Cypress\PSoC Creator\4.1\PSoC Creator\psoc\content\CyComponentLibrary\CyComponentLibrary.cylib\bQuadDec_v3_0\bQuadDec_v3_0.v'.
Linking 'C:\Program Files (x86)\Cypress\PSoC Creator\4.1\PSoC Creator\psoc\content\CyPrimitives\cyprimitives.cylib\not_v1_0\not_v1_0.v'.
Linking 'C:\Program Files (x86)\Cypress\PSoC Creator\4.1\PSoC Creator\psoc\content\CyPrimitives\cyprimitives.cylib\and_v1_0\and_v1_0.v'.
Linking 'C:\Program Files (x86)\Cypress\PSoC Creator\4.1\PSoC Creator\warp\lib\common\stdlogic\cy_psoc3pkg.vif'.
Linking 'C:\Program Files (x86)\Cypress\PSoC Creator\4.1\PSoC Creator\warp\lib\common\stdlogic\cy_psoc3.vif'.

tovif:  No errors.


======================================================================
Compiling:  Sensors.v
Program  :   topld
Options  :    -yv2 -q10 -ygs -o2 -v3 -.fftcfgtype=LE -ya -.fftprj=C:\Users\Jacob\Documents\Junior\EGR 455\EGR455\Sensors.cydsn\Sensors.cyprj -dcpsoc3 -verilog Sensors.v
======================================================================

topld V6.3 IR 41:  Synthesis and optimization
Mon Sep 25 15:30:57 2017

Linking 'C:\Program Files (x86)\Cypress\PSoC Creator\4.1\PSoC Creator\warp\lib\common\std.vhd'.
Linking 'C:\Program Files (x86)\Cypress\PSoC Creator\4.1\PSoC Creator\warp\lib\common\cypress.vhd'.
Linking 'C:\Program Files (x86)\Cypress\PSoC Creator\4.1\PSoC Creator\warp\lib\common\work\cypress.vif'.
Linking 'C:\Program Files (x86)\Cypress\PSoC Creator\4.1\PSoC Creator\warp\lib\ieee\work\stdlogic.vif'.
Linking 'C:\Program Files (x86)\Cypress\PSoC Creator\4.1\PSoC Creator\warp\lib\common\stdlogic\lpmpkg.vif'.
Linking 'C:\Program Files (x86)\Cypress\PSoC Creator\4.1\PSoC Creator\warp\lib\common\stdlogic\rtlpkg.vif'.
Linking 'C:\Program Files (x86)\Cypress\PSoC Creator\4.1\PSoC Creator\warp\lib\common\stdlogic\mod_cnst.vif'.
Linking 'C:\Program Files (x86)\Cypress\PSoC Creator\4.1\PSoC Creator\warp\lib\common\stdlogic\mod_mthv.vif'.
Linking 'C:\Program Files (x86)\Cypress\PSoC Creator\4.1\PSoC Creator\warp\lib\common\stdlogic\mod_genv.vif'.
Linking 'C:\Users\Jacob\Documents\Junior\EGR 455\EGR455\Sensors.cydsn\codegentemp\Sensors.ctl'.
Linking 'C:\Users\Jacob\Documents\Junior\EGR 455\EGR455\Sensors.cydsn\codegentemp\Sensors.v'.
Linking 'C:\Program Files (x86)\Cypress\PSoC Creator\4.1\PSoC Creator\psoc\content\CyPrimitives\cyprimitives.cylib\cy_virtualmux_v1_0\cy_virtualmux_v1_0.v'.
Linking 'C:\Program Files (x86)\Cypress\PSoC Creator\4.1\PSoC Creator\psoc\content\CyPrimitives\cyprimitives.cylib\ZeroTerminal\ZeroTerminal.v'.
Linking 'C:\Program Files (x86)\Cypress\PSoC Creator\4.1\PSoC Creator\psoc\content\CyPrimitives\cyprimitives.cylib\OneTerminal\OneTerminal.v'.
Linking 'C:\Program Files (x86)\Cypress\PSoC Creator\4.1\PSoC Creator\psoc\content\CyComponentLibrary\CyComponentLibrary.cylib\B_Counter_v3_0\B_Counter_v3_0.v'.
Linking 'C:\Program Files (x86)\Cypress\PSoC Creator\4.1\PSoC Creator\warp\lib\common\cypress.v'.
Linking 'C:\Program Files (x86)\Cypress\PSoC Creator\4.1\PSoC Creator\warp\lib\common\cy_psoc3_inc.v'.
Linking 'C:\Program Files (x86)\Cypress\PSoC Creator\4.1\PSoC Creator\psoc\content\CyComponentLibrary\CyComponentLibrary.cylib\bQuadDec_v3_0\bQuadDec_v3_0.v'.
Linking 'C:\Program Files (x86)\Cypress\PSoC Creator\4.1\PSoC Creator\psoc\content\CyPrimitives\cyprimitives.cylib\not_v1_0\not_v1_0.v'.
Linking 'C:\Program Files (x86)\Cypress\PSoC Creator\4.1\PSoC Creator\psoc\content\CyPrimitives\cyprimitives.cylib\and_v1_0\and_v1_0.v'.
Linking 'C:\Program Files (x86)\Cypress\PSoC Creator\4.1\PSoC Creator\warp\lib\common\stdlogic\cy_psoc3pkg.vif'.
Linking 'C:\Program Files (x86)\Cypress\PSoC Creator\4.1\PSoC Creator\warp\lib\common\stdlogic\cy_psoc3.vif'.
Linking 'C:\Program Files (x86)\Cypress\PSoC Creator\4.1\PSoC Creator\warp\lib\lcpsoc3\stdlogic\cpsoc3.vif'.

----------------------------------------------------------
Detecting unused logic.
----------------------------------------------------------
    User names
	\enc:Net_1129\
	\enc:Cnt16:Net_82\
	\enc:Cnt16:Net_95\
	\enc:Cnt16:Net_91\
	\enc:Cnt16:Net_102\
	\enc:Cnt16:CounterUDB:ctrl_cmod_2\
	\enc:Cnt16:CounterUDB:ctrl_cmod_1\
	\enc:Cnt16:CounterUDB:ctrl_cmod_0\


Deleted 8 User equations/components.
Deleted 0 Synthesized equations/components.

------------------------------------------------------
Alias Detection
------------------------------------------------------
Aliasing one to tmpOE__switch1_net_0
Aliasing \lcd:tmpOE__LCDPort_net_6\ to tmpOE__switch1_net_0
Aliasing \lcd:tmpOE__LCDPort_net_5\ to tmpOE__switch1_net_0
Aliasing \lcd:tmpOE__LCDPort_net_4\ to tmpOE__switch1_net_0
Aliasing \lcd:tmpOE__LCDPort_net_3\ to tmpOE__switch1_net_0
Aliasing \lcd:tmpOE__LCDPort_net_2\ to tmpOE__switch1_net_0
Aliasing \lcd:tmpOE__LCDPort_net_1\ to tmpOE__switch1_net_0
Aliasing \lcd:tmpOE__LCDPort_net_0\ to tmpOE__switch1_net_0
Aliasing \enc:Cnt16:CounterUDB:ctrl_capmode_1\ to zero
Aliasing \enc:Cnt16:CounterUDB:ctrl_capmode_0\ to zero
Aliasing \enc:Cnt16:CounterUDB:capt_rising\ to zero
Aliasing \enc:Cnt16:CounterUDB:underflow\ to \enc:Cnt16:CounterUDB:status_1\
Aliasing \enc:Cnt16:CounterUDB:tc_i\ to \enc:Cnt16:CounterUDB:reload_tc\
Aliasing \enc:bQuadDec:status_4\ to zero
Aliasing \enc:bQuadDec:status_5\ to zero
Aliasing \enc:bQuadDec:status_6\ to zero
Aliasing \enc:Net_1229\ to tmpOE__switch1_net_0
Aliasing tmpOE__C1_net_0 to tmpOE__switch1_net_0
Aliasing tmpOE__C2_net_0 to tmpOE__switch1_net_0
Aliasing \enc:Cnt16:CounterUDB:prevCapture\\D\ to zero
Aliasing \enc:Cnt16:CounterUDB:cmp_out_reg_i\\D\ to \enc:Cnt16:CounterUDB:prevCompare\\D\
Removing Lhs of wire one[6] = tmpOE__switch1_net_0[1]
Removing Lhs of wire \lcd:tmpOE__LCDPort_net_6\[9] = tmpOE__switch1_net_0[1]
Removing Lhs of wire \lcd:tmpOE__LCDPort_net_5\[10] = tmpOE__switch1_net_0[1]
Removing Lhs of wire \lcd:tmpOE__LCDPort_net_4\[11] = tmpOE__switch1_net_0[1]
Removing Lhs of wire \lcd:tmpOE__LCDPort_net_3\[12] = tmpOE__switch1_net_0[1]
Removing Lhs of wire \lcd:tmpOE__LCDPort_net_2\[13] = tmpOE__switch1_net_0[1]
Removing Lhs of wire \lcd:tmpOE__LCDPort_net_1\[14] = tmpOE__switch1_net_0[1]
Removing Lhs of wire \lcd:tmpOE__LCDPort_net_0\[15] = tmpOE__switch1_net_0[1]
Removing Rhs of wire \enc:Net_1275\[36] = \enc:Cnt16:Net_49\[37]
Removing Rhs of wire \enc:Net_1275\[36] = \enc:Cnt16:CounterUDB:tc_reg_i\[94]
Removing Lhs of wire \enc:Cnt16:Net_89\[39] = \enc:Net_1251\[40]
Removing Lhs of wire \enc:Cnt16:CounterUDB:ctrl_capmode_1\[50] = zero[2]
Removing Lhs of wire \enc:Cnt16:CounterUDB:ctrl_capmode_0\[51] = zero[2]
Removing Lhs of wire \enc:Cnt16:CounterUDB:ctrl_enable\[63] = \enc:Cnt16:CounterUDB:control_7\[55]
Removing Lhs of wire \enc:Cnt16:CounterUDB:capt_rising\[65] = zero[2]
Removing Lhs of wire \enc:Cnt16:CounterUDB:capt_falling\[66] = \enc:Cnt16:CounterUDB:prevCapture\[64]
Removing Rhs of wire \enc:Net_1260\[70] = \enc:bQuadDec:state_2\[194]
Removing Lhs of wire \enc:Cnt16:CounterUDB:final_enable\[72] = \enc:Cnt16:CounterUDB:control_7\[55]
Removing Lhs of wire \enc:Cnt16:CounterUDB:counter_enable\[73] = \enc:Cnt16:CounterUDB:control_7\[55]
Removing Rhs of wire \enc:Cnt16:CounterUDB:status_0\[74] = \enc:Cnt16:CounterUDB:cmp_out_status\[75]
Removing Rhs of wire \enc:Cnt16:CounterUDB:status_1\[76] = \enc:Cnt16:CounterUDB:per_zero\[77]
Removing Rhs of wire \enc:Cnt16:CounterUDB:status_2\[78] = \enc:Cnt16:CounterUDB:overflow_status\[79]
Removing Rhs of wire \enc:Cnt16:CounterUDB:status_3\[80] = \enc:Cnt16:CounterUDB:underflow_status\[81]
Removing Lhs of wire \enc:Cnt16:CounterUDB:status_4\[82] = \enc:Cnt16:CounterUDB:hwCapture\[68]
Removing Rhs of wire \enc:Cnt16:CounterUDB:status_5\[83] = \enc:Cnt16:CounterUDB:fifo_full\[84]
Removing Rhs of wire \enc:Cnt16:CounterUDB:status_6\[85] = \enc:Cnt16:CounterUDB:fifo_nempty\[86]
Removing Rhs of wire \enc:Cnt16:CounterUDB:overflow\[88] = \enc:Cnt16:CounterUDB:per_FF\[89]
Removing Lhs of wire \enc:Cnt16:CounterUDB:underflow\[90] = \enc:Cnt16:CounterUDB:status_1\[76]
Removing Lhs of wire \enc:Cnt16:CounterUDB:tc_i\[93] = \enc:Cnt16:CounterUDB:reload_tc\[71]
Removing Rhs of wire \enc:Cnt16:CounterUDB:cmp_out_i\[95] = \enc:Cnt16:CounterUDB:cmp_equal\[96]
Removing Rhs of wire \enc:Net_1264\[99] = \enc:Cnt16:CounterUDB:cmp_out_reg_i\[98]
Removing Lhs of wire \enc:Cnt16:CounterUDB:dp_dir\[103] = \enc:Net_1251\[40]
Removing Lhs of wire \enc:Cnt16:CounterUDB:cs_addr_2\[104] = \enc:Net_1251\[40]
Removing Lhs of wire \enc:Cnt16:CounterUDB:cs_addr_1\[105] = \enc:Cnt16:CounterUDB:count_enable\[102]
Removing Lhs of wire \enc:Cnt16:CounterUDB:cs_addr_0\[106] = \enc:Cnt16:CounterUDB:reload\[69]
Removing Lhs of wire \enc:Net_1290\[183] = \enc:Net_1275\[36]
Removing Lhs of wire \enc:bQuadDec:index_filt\[192] = \enc:Net_1232\[193]
Removing Lhs of wire \enc:Net_1232\[193] = tmpOE__switch1_net_0[1]
Removing Rhs of wire \enc:bQuadDec:error\[195] = \enc:bQuadDec:state_3\[196]
Removing Lhs of wire \enc:bQuadDec:status_0\[199] = \enc:Net_530\[200]
Removing Lhs of wire \enc:bQuadDec:status_1\[201] = \enc:Net_611\[202]
Removing Lhs of wire \enc:bQuadDec:status_2\[203] = \enc:Net_1260\[70]
Removing Lhs of wire \enc:bQuadDec:status_3\[204] = \enc:bQuadDec:error\[195]
Removing Lhs of wire \enc:bQuadDec:status_4\[205] = zero[2]
Removing Lhs of wire \enc:bQuadDec:status_5\[206] = zero[2]
Removing Lhs of wire \enc:bQuadDec:status_6\[207] = zero[2]
Removing Lhs of wire \enc:Net_1229\[211] = tmpOE__switch1_net_0[1]
Removing Lhs of wire \enc:Net_1272\[212] = \enc:Net_1264\[99]
Removing Lhs of wire tmpOE__C1_net_0[215] = tmpOE__switch1_net_0[1]
Removing Lhs of wire tmpOE__C2_net_0[220] = tmpOE__switch1_net_0[1]
Removing Lhs of wire \enc:Cnt16:CounterUDB:prevCapture\\D\[226] = zero[2]
Removing Lhs of wire \enc:Cnt16:CounterUDB:overflow_reg_i\\D\[227] = \enc:Cnt16:CounterUDB:overflow\[88]
Removing Lhs of wire \enc:Cnt16:CounterUDB:underflow_reg_i\\D\[228] = \enc:Cnt16:CounterUDB:status_1\[76]
Removing Lhs of wire \enc:Cnt16:CounterUDB:tc_reg_i\\D\[229] = \enc:Cnt16:CounterUDB:reload_tc\[71]
Removing Lhs of wire \enc:Cnt16:CounterUDB:prevCompare\\D\[230] = \enc:Cnt16:CounterUDB:cmp_out_i\[95]
Removing Lhs of wire \enc:Cnt16:CounterUDB:cmp_out_reg_i\\D\[231] = \enc:Cnt16:CounterUDB:cmp_out_i\[95]
Removing Lhs of wire \enc:Cnt16:CounterUDB:count_stored_i\\D\[232] = \enc:Net_1203\[101]

------------------------------------------------------
Aliased 0 equations, 57 wires.
------------------------------------------------------

----------------------------------------------------------
Circuit simplification
----------------------------------------------------------

Substituting virtuals - pass 1:

Note:  Expanding virtual equation for 'tmpOE__switch1_net_0' (cost = 0):
tmpOE__switch1_net_0 <=  ('1') ;

Note:  Expanding virtual equation for 'zero' (cost = 0):
zero <=  ('0') ;

Note:  Expanding virtual equation for '\enc:Cnt16:CounterUDB:capt_either_edge\' (cost = 0):
\enc:Cnt16:CounterUDB:capt_either_edge\ <= (\enc:Cnt16:CounterUDB:prevCapture\);

Note:  Expanding virtual equation for '\enc:Cnt16:CounterUDB:reload_tc\' (cost = 2):
\enc:Cnt16:CounterUDB:reload_tc\ <= (\enc:Cnt16:CounterUDB:status_1\
	OR \enc:Cnt16:CounterUDB:overflow\);

Note:  Expanding virtual equation for '\enc:Net_1151\' (cost = 0):
\enc:Net_1151\ <= (not \enc:Net_1251\);

Note:  Expanding virtual equation for '\enc:Net_1287\' (cost = 0):
\enc:Net_1287\ <= (not \enc:Net_1264\);


Substituting virtuals - pass 2:

Note:  Expanding virtual equation for '\enc:Net_1248\' (cost = 2):
\enc:Net_1248\ <= ((not \enc:Net_1264\ and \enc:Net_1275\));


Substituting virtuals - pass 3:


----------------------------------------------------------
Circuit simplification results:

	Expanded 7 signals.
	Turned 0 signals into soft nodes.
	Maximum default expansion cost was set at 3.
----------------------------------------------------------

------------------------------------------------------
Alias Detection
------------------------------------------------------
Aliasing \enc:Cnt16:CounterUDB:hwCapture\ to zero
Removing Lhs of wire \enc:Cnt16:CounterUDB:hwCapture\[68] = zero[2]

------------------------------------------------------
Aliased 0 equations, 1 wires.
------------------------------------------------------

----------------------------------------------------------
Circuit simplification
----------------------------------------------------------

Eliminating unused logic - pass 1:


Eliminating unused logic - pass 2:


Substituting virtuals - pass 1:


----------------------------------------------------------
Circuit simplification results:

	Expanded 0 signals.
	Turned 0 signals into soft nodes.
	Maximum default expansion cost was set at 3.
----------------------------------------------------------

topld:  No errors.

CYPRESS_DIR    : C:\Program Files (x86)\Cypress\PSoC Creator\4.1\PSoC Creator\warp
Warp Program   : C:\Program Files (x86)\Cypress\PSoC Creator\4.1\PSoC Creator\warp\bin\warp.exe
Warp Arguments : -yv2 -q10 -ygs -o2 -v3 -.fftcfgtype=LE -ya "-.fftprj=C:\Users\Jacob\Documents\Junior\EGR 455\EGR455\Sensors.cydsn\Sensors.cyprj" -dcpsoc3 Sensors.v -verilog
</CYPRESSTAG>
Warp synthesis phase: Elapsed time ==> 0s.830ms
<CYPRESSTAG name="Fitter results...">
<CYPRESSTAG name="Fitter startup details...">
cyp3fit: V4.1.0.3210, Family: PSoC3, Started at: Monday, 25 September 2017 15:30:57
Options: -yv2 -q10 -ygs -o2 -v3 -.fftcfgtype=LE -ya -.fftprj=C:\Users\Jacob\Documents\Junior\EGR 455\EGR455\Sensors.cydsn\Sensors.cyprj -d CY8C5888LTI-LP097 Sensors.v -verilog
</CYPRESSTAG>
<CYPRESSTAG name="Design parsing">
Design parsing phase: Elapsed time ==> 0s.009ms
</CYPRESSTAG>
<CYPRESSTAG name="Tech Mapping">
<CYPRESSTAG name="Initial Mapping" icon="FILE_RPT_TECHM">
    Converted constant MacroCell: \enc:Cnt16:CounterUDB:prevCapture\ from registered to combinatorial
<CYPRESSTAG name="Global Clock Selection" icon="FILE_RPT_TECHM">
    Digital Clock 0: Automatic-assigning  clock 'Clock_1'. Fanout=3, Signal=Net_5
</CYPRESSTAG>

Removing unused cells resulting from optimization
Done removing unused cells.
<CYPRESSTAG name="UDB Clock/Enable Remapping Results">
    UDB Clk/Enable \enc:Cnt16:CounterUDB:clock_enable_block\: with output requested to be synchronous
        ClockIn: Clock_1 was determined to be a global clock that is synchronous to BUS_CLK
        EnableIn: Constant 1 was determined to be synchronous to ClockIn
        ClockOut: Clock_1, EnableOut: Constant 1
    UDB Clk/Enable \enc:Cnt16:CounterUDB:sCTRLReg:cy_psoc3_udb_Ctl_Clk_Sync\: with output requested to be synchronous
        ClockIn: Clock_1 was determined to be a global clock that is synchronous to BUS_CLK
        EnableIn: Constant 1 was determined to be synchronous to ClockIn
        ClockOut: Clock_1, EnableOut: Constant 1
    UDB Clk/Enable \enc:bQuadDec:CtrlClkEn\: with output requested to be synchronous
        ClockIn: Clock_1 was determined to be a global clock that is synchronous to BUS_CLK
        EnableIn: Constant 1 was determined to be synchronous to ClockIn
        ClockOut: Clock_1, EnableOut: Constant 1
</CYPRESSTAG>

Removing unused cells resulting from optimization
Done removing unused cells.
<CYPRESSTAG name="Duplicate Macrocell detection">

Removing duplicate macrocells
    Removing \enc:Net_1264\, Duplicate of \enc:Cnt16:CounterUDB:prevCompare\ 
    MacroCell: Name=\enc:Net_1264\, Mode=(D-Register)
        Total # of inputs        : 1
        Total # of product terms : 1
        List of special equations: 
            Clock  = (Net_5) => Global
            Clock Enable: True
        Main Equation            : 1 pterm
        (
              \enc:Cnt16:CounterUDB:cmp_out_i\
        );
        Output = \enc:Net_1264\ (fanout=2)

End removing duplicate macrocells: used 1 pass
</CYPRESSTAG>
</CYPRESSTAG>
<CYPRESSTAG name="Duplicate Macrocell detection">
</CYPRESSTAG>
<CYPRESSTAG name="Design Equations" icon="FILE_RPT_EQUATION">

------------------------------------------------------------
Design Equations
------------------------------------------------------------
    <CYPRESSTAG name="Pin listing">

    ------------------------------------------------------------
    Pin listing
    ------------------------------------------------------------

    Pin : Name = switch1(0)
        Attributes:
            In Group/Port: True
            In Sync Option: NOSYNC
            Out Sync Option: AUTO
            Interrupt generated: False
            Interrupt mode: NONE
            Drive mode: RES_PULL_DOWN
            VTrip: CMOS
            Slew: FAST
            Input Sync needed: False
            Output Sync needed: False
            SC shield enabled: False
            POR State: ANY
            LCD Mode: COMMON
            Register Mode: RegComb
            CaSense Mode: NEITHER
            Treat as pin: True
            Is OE Registered: False
            Uses Analog: False
            Can contain Digital: True
            Is SIO: False
            SIO Output Buf: NONREGULATED
            SIO Input Buf: SINGLE_ENDED
            SIO HiFreq: LOW
            SIO Hyst: DISABLED
            SIO Vtrip: MULTIPLIER_0_5
            SIO Multiplier Index: 0
            SIO RefSel: VCC_IO
            Required Capabilities: DIGITAL
            Initial Value: 0
            IO Voltage: 0
        PORT MAP (
            pa_out => switch1(0)__PA ,
            pad => switch1(0)_PAD );
        Properties:
        {
        }

    Pin : Name = \lcd:LCDPort(0)\
        Attributes:
            In Group/Port: True
            In Sync Option: AUTO
            Out Sync Option: NOSYNC
            Interrupt generated: False
            Interrupt mode: NONE
            Drive mode: CMOS_OUT
            VTrip: EITHER
            Slew: FAST
            Input Sync needed: False
            Output Sync needed: False
            SC shield enabled: False
            POR State: ANY
            LCD Mode: COMMON
            Register Mode: RegComb
            CaSense Mode: NEITHER
            Treat as pin: False
            Is OE Registered: False
            Uses Analog: False
            Can contain Digital: True
            Is SIO: False
            SIO Output Buf: NONREGULATED
            SIO Input Buf: SINGLE_ENDED
            SIO HiFreq: LOW
            SIO Hyst: DISABLED
            SIO Vtrip: MULTIPLIER_0_5
            SIO Multiplier Index: 0
            SIO RefSel: VCC_IO
            Required Capabilities: DIGITAL
            Initial Value: 0
            IO Voltage: 0
        PORT MAP (
            pa_out => \lcd:LCDPort(0)\__PA ,
            pad => \lcd:LCDPort(0)_PAD\ );
        Properties:
        {
        }

    Pin : Name = \lcd:LCDPort(1)\
        Attributes:
            In Group/Port: True
            In Sync Option: AUTO
            Out Sync Option: NOSYNC
            Interrupt generated: False
            Interrupt mode: NONE
            Drive mode: CMOS_OUT
            VTrip: EITHER
            Slew: FAST
            Input Sync needed: False
            Output Sync needed: False
            SC shield enabled: False
            POR State: ANY
            LCD Mode: COMMON
            Register Mode: RegComb
            CaSense Mode: NEITHER
            Treat as pin: False
            Is OE Registered: False
            Uses Analog: False
            Can contain Digital: True
            Is SIO: False
            SIO Output Buf: NONREGULATED
            SIO Input Buf: SINGLE_ENDED
            SIO HiFreq: LOW
            SIO Hyst: DISABLED
            SIO Vtrip: MULTIPLIER_0_5
            SIO Multiplier Index: 0
            SIO RefSel: VCC_IO
            Required Capabilities: DIGITAL
            Initial Value: 0
            IO Voltage: 0
        PORT MAP (
            pa_out => \lcd:LCDPort(1)\__PA ,
            pad => \lcd:LCDPort(1)_PAD\ );
        Properties:
        {
        }

    Pin : Name = \lcd:LCDPort(2)\
        Attributes:
            In Group/Port: True
            In Sync Option: AUTO
            Out Sync Option: NOSYNC
            Interrupt generated: False
            Interrupt mode: NONE
            Drive mode: CMOS_OUT
            VTrip: EITHER
            Slew: FAST
            Input Sync needed: False
            Output Sync needed: False
            SC shield enabled: False
            POR State: ANY
            LCD Mode: COMMON
            Register Mode: RegComb
            CaSense Mode: NEITHER
            Treat as pin: False
            Is OE Registered: False
            Uses Analog: False
            Can contain Digital: True
            Is SIO: False
            SIO Output Buf: NONREGULATED
            SIO Input Buf: SINGLE_ENDED
            SIO HiFreq: LOW
            SIO Hyst: DISABLED
            SIO Vtrip: MULTIPLIER_0_5
            SIO Multiplier Index: 0
            SIO RefSel: VCC_IO
            Required Capabilities: DIGITAL
            Initial Value: 0
            IO Voltage: 0
        PORT MAP (
            pa_out => \lcd:LCDPort(2)\__PA ,
            pad => \lcd:LCDPort(2)_PAD\ );
        Properties:
        {
        }

    Pin : Name = \lcd:LCDPort(3)\
        Attributes:
            In Group/Port: True
            In Sync Option: AUTO
            Out Sync Option: NOSYNC
            Interrupt generated: False
            Interrupt mode: NONE
            Drive mode: CMOS_OUT
            VTrip: EITHER
            Slew: FAST
            Input Sync needed: False
            Output Sync needed: False
            SC shield enabled: False
            POR State: ANY
            LCD Mode: COMMON
            Register Mode: RegComb
            CaSense Mode: NEITHER
            Treat as pin: False
            Is OE Registered: False
            Uses Analog: False
            Can contain Digital: True
            Is SIO: False
            SIO Output Buf: NONREGULATED
            SIO Input Buf: SINGLE_ENDED
            SIO HiFreq: LOW
            SIO Hyst: DISABLED
            SIO Vtrip: MULTIPLIER_0_5
            SIO Multiplier Index: 0
            SIO RefSel: VCC_IO
            Required Capabilities: DIGITAL
            Initial Value: 0
            IO Voltage: 0
        PORT MAP (
            pa_out => \lcd:LCDPort(3)\__PA ,
            pad => \lcd:LCDPort(3)_PAD\ );
        Properties:
        {
        }

    Pin : Name = \lcd:LCDPort(4)\
        Attributes:
            In Group/Port: True
            In Sync Option: AUTO
            Out Sync Option: NOSYNC
            Interrupt generated: False
            Interrupt mode: NONE
            Drive mode: CMOS_OUT
            VTrip: EITHER
            Slew: FAST
            Input Sync needed: False
            Output Sync needed: False
            SC shield enabled: False
            POR State: ANY
            LCD Mode: COMMON
            Register Mode: RegComb
            CaSense Mode: NEITHER
            Treat as pin: False
            Is OE Registered: False
            Uses Analog: False
            Can contain Digital: True
            Is SIO: False
            SIO Output Buf: NONREGULATED
            SIO Input Buf: SINGLE_ENDED
            SIO HiFreq: LOW
            SIO Hyst: DISABLED
            SIO Vtrip: MULTIPLIER_0_5
            SIO Multiplier Index: 0
            SIO RefSel: VCC_IO
            Required Capabilities: DIGITAL
            Initial Value: 0
            IO Voltage: 0
        PORT MAP (
            pa_out => \lcd:LCDPort(4)\__PA ,
            pad => \lcd:LCDPort(4)_PAD\ );
        Properties:
        {
        }

    Pin : Name = \lcd:LCDPort(5)\
        Attributes:
            In Group/Port: True
            In Sync Option: AUTO
            Out Sync Option: NOSYNC
            Interrupt generated: False
            Interrupt mode: NONE
            Drive mode: CMOS_OUT
            VTrip: EITHER
            Slew: FAST
            Input Sync needed: False
            Output Sync needed: False
            SC shield enabled: False
            POR State: ANY
            LCD Mode: COMMON
            Register Mode: RegComb
            CaSense Mode: NEITHER
            Treat as pin: False
            Is OE Registered: False
            Uses Analog: False
            Can contain Digital: True
            Is SIO: False
            SIO Output Buf: NONREGULATED
            SIO Input Buf: SINGLE_ENDED
            SIO HiFreq: LOW
            SIO Hyst: DISABLED
            SIO Vtrip: MULTIPLIER_0_5
            SIO Multiplier Index: 0
            SIO RefSel: VCC_IO
            Required Capabilities: DIGITAL
            Initial Value: 0
            IO Voltage: 0
        PORT MAP (
            pa_out => \lcd:LCDPort(5)\__PA ,
            pad => \lcd:LCDPort(5)_PAD\ );
        Properties:
        {
        }

    Pin : Name = \lcd:LCDPort(6)\
        Attributes:
            In Group/Port: True
            In Sync Option: AUTO
            Out Sync Option: NOSYNC
            Interrupt generated: False
            Interrupt mode: NONE
            Drive mode: CMOS_OUT
            VTrip: EITHER
            Slew: FAST
            Input Sync needed: False
            Output Sync needed: False
            SC shield enabled: False
            POR State: ANY
            LCD Mode: COMMON
            Register Mode: RegComb
            CaSense Mode: NEITHER
            Treat as pin: False
            Is OE Registered: False
            Uses Analog: False
            Can contain Digital: True
            Is SIO: False
            SIO Output Buf: NONREGULATED
            SIO Input Buf: SINGLE_ENDED
            SIO HiFreq: LOW
            SIO Hyst: DISABLED
            SIO Vtrip: MULTIPLIER_0_5
            SIO Multiplier Index: 0
            SIO RefSel: VCC_IO
            Required Capabilities: DIGITAL
            Initial Value: 0
            IO Voltage: 0
        PORT MAP (
            pa_out => \lcd:LCDPort(6)\__PA ,
            pad => \lcd:LCDPort(6)_PAD\ );
        Properties:
        {
        }

    Pin : Name = C1(0)
        Attributes:
            In Group/Port: True
            In Sync Option: NOSYNC
            Out Sync Option: AUTO
            Interrupt generated: False
            Interrupt mode: NONE
            Drive mode: HI_Z_DIGITAL
            VTrip: CMOS
            Slew: FAST
            Input Sync needed: False
            Output Sync needed: False
            SC shield enabled: False
            POR State: ANY
            LCD Mode: COMMON
            Register Mode: RegComb
            CaSense Mode: NEITHER
            Treat as pin: True
            Is OE Registered: False
            Uses Analog: False
            Can contain Digital: True
            Is SIO: False
            SIO Output Buf: NONREGULATED
            SIO Input Buf: SINGLE_ENDED
            SIO HiFreq: LOW
            SIO Hyst: DISABLED
            SIO Vtrip: MULTIPLIER_0_5
            SIO Multiplier Index: 0
            SIO RefSel: VCC_IO
            Required Capabilities: DIGITAL, ROUTABLE
            Initial Value: 0
            IO Voltage: 0
        PORT MAP (
            pa_out => C1(0)__PA ,
            fb => Net_2 ,
            pad => C1(0)_PAD );
        Properties:
        {
        }

    Pin : Name = C2(0)
        Attributes:
            In Group/Port: True
            In Sync Option: NOSYNC
            Out Sync Option: AUTO
            Interrupt generated: False
            Interrupt mode: NONE
            Drive mode: HI_Z_DIGITAL
            VTrip: CMOS
            Slew: FAST
            Input Sync needed: False
            Output Sync needed: False
            SC shield enabled: False
            POR State: ANY
            LCD Mode: COMMON
            Register Mode: RegComb
            CaSense Mode: NEITHER
            Treat as pin: True
            Is OE Registered: False
            Uses Analog: False
            Can contain Digital: True
            Is SIO: False
            SIO Output Buf: NONREGULATED
            SIO Input Buf: SINGLE_ENDED
            SIO HiFreq: LOW
            SIO Hyst: DISABLED
            SIO Vtrip: MULTIPLIER_0_5
            SIO Multiplier Index: 0
            SIO RefSel: VCC_IO
            Required Capabilities: DIGITAL, ROUTABLE
            Initial Value: 0
            IO Voltage: 0
        PORT MAP (
            pa_out => C2(0)__PA ,
            fb => Net_3 ,
            pad => C2(0)_PAD );
        Properties:
        {
        }
    </CYPRESSTAG>
    <CYPRESSTAG name="Macrocell listing" icon="FILE_RPT_EQUATION">

    ------------------------------------------------------------
    Macrocell listing
    ------------------------------------------------------------

    MacroCell: Name=\enc:Net_1203_split\, Mode=(Combinatorial)
        Total # of inputs        : 7
        Total # of product terms : 8
            Clock Enable: True
        Main Equation            : 8 pterms
        (
              !\enc:Net_1260\ * \enc:Net_1203\ * \enc:bQuadDec:error\ * 
              !\enc:bQuadDec:state_1\ * !\enc:bQuadDec:state_0\
            + !\enc:Net_1260\ * !\enc:bQuadDec:quad_A_filt\ * 
              !\enc:bQuadDec:quad_B_filt\ * !\enc:bQuadDec:error\ * 
              !\enc:bQuadDec:state_1\ * \enc:bQuadDec:state_0\
            + !\enc:Net_1260\ * !\enc:bQuadDec:quad_A_filt\ * 
              !\enc:bQuadDec:quad_B_filt\ * !\enc:bQuadDec:error\ * 
              \enc:bQuadDec:state_1\ * !\enc:bQuadDec:state_0\
            + !\enc:Net_1260\ * !\enc:bQuadDec:quad_A_filt\ * 
              \enc:bQuadDec:quad_B_filt\ * !\enc:bQuadDec:error\ * 
              \enc:bQuadDec:state_1\ * \enc:bQuadDec:state_0\
            + !\enc:Net_1260\ * \enc:bQuadDec:quad_A_filt\ * 
              !\enc:bQuadDec:quad_B_filt\ * !\enc:bQuadDec:error\ * 
              \enc:bQuadDec:state_1\ * \enc:bQuadDec:state_0\
            + !\enc:Net_1260\ * \enc:bQuadDec:quad_A_filt\ * 
              \enc:bQuadDec:quad_B_filt\ * !\enc:bQuadDec:error\ * 
              !\enc:bQuadDec:state_1\ * \enc:bQuadDec:state_0\
            + !\enc:Net_1260\ * \enc:bQuadDec:quad_A_filt\ * 
              \enc:bQuadDec:quad_B_filt\ * !\enc:bQuadDec:error\ * 
              \enc:bQuadDec:state_1\ * !\enc:bQuadDec:state_0\
            + \enc:bQuadDec:quad_A_filt\ * !\enc:bQuadDec:quad_B_filt\ * 
              !\enc:bQuadDec:error\ * !\enc:bQuadDec:state_1\ * 
              !\enc:bQuadDec:state_0\
        );
        Output = \enc:Net_1203_split\ (fanout=1)

    MacroCell: Name=\enc:Cnt16:CounterUDB:reload\, Mode=(Combinatorial)
        Total # of inputs        : 3
        Total # of product terms : 1
            Clock Enable: True
        Main Equation            : 1 pterm
        !(
              !\enc:Net_1260\ * !\enc:Cnt16:CounterUDB:status_1\ * 
              !\enc:Cnt16:CounterUDB:overflow\
        );
        Output = \enc:Cnt16:CounterUDB:reload\ (fanout=2)

    MacroCell: Name=\enc:Cnt16:CounterUDB:status_0\, Mode=(Combinatorial)
        Total # of inputs        : 2
        Total # of product terms : 1
            Clock Enable: True
        Main Equation            : 1 pterm
        (
              \enc:Cnt16:CounterUDB:cmp_out_i\ * 
              !\enc:Cnt16:CounterUDB:prevCompare\
        );
        Output = \enc:Cnt16:CounterUDB:status_0\ (fanout=1)

    MacroCell: Name=\enc:Cnt16:CounterUDB:status_2\, Mode=(Combinatorial)
        Total # of inputs        : 2
        Total # of product terms : 1
            Clock Enable: True
        Main Equation            : 1 pterm
        (
              \enc:Cnt16:CounterUDB:overflow\ * 
              !\enc:Cnt16:CounterUDB:overflow_reg_i\
        );
        Output = \enc:Cnt16:CounterUDB:status_2\ (fanout=1)

    MacroCell: Name=\enc:Cnt16:CounterUDB:status_3\, Mode=(Combinatorial)
        Total # of inputs        : 2
        Total # of product terms : 1
            Clock Enable: True
        Main Equation            : 1 pterm
        (
              \enc:Cnt16:CounterUDB:status_1\ * 
              !\enc:Cnt16:CounterUDB:underflow_reg_i\
        );
        Output = \enc:Cnt16:CounterUDB:status_3\ (fanout=1)

    MacroCell: Name=\enc:Cnt16:CounterUDB:count_enable\, Mode=(Combinatorial)
        Total # of inputs        : 3
        Total # of product terms : 1
            Clock Enable: True
        Main Equation            : 1 pterm
        (
              \enc:Cnt16:CounterUDB:control_7\ * 
              !\enc:Cnt16:CounterUDB:count_stored_i\ * \enc:Net_1203\
        );
        Output = \enc:Cnt16:CounterUDB:count_enable\ (fanout=2)

    MacroCell: Name=\enc:Net_530\, Mode=(Combinatorial)
        Total # of inputs        : 3
        Total # of product terms : 1
            Clock Enable: True
        Main Equation            : 1 pterm
        (
              \enc:Net_1275\ * \enc:Net_1251\ * 
              !\enc:Cnt16:CounterUDB:prevCompare\
        );
        Output = \enc:Net_530\ (fanout=1)

    MacroCell: Name=\enc:Net_611\, Mode=(Combinatorial)
        Total # of inputs        : 3
        Total # of product terms : 1
            Clock Enable: True
        Main Equation            : 1 pterm
        (
              \enc:Net_1275\ * !\enc:Net_1251\ * 
              !\enc:Cnt16:CounterUDB:prevCompare\
        );
        Output = \enc:Net_611\ (fanout=1)

    MacroCell: Name=\enc:bQuadDec:quad_A_filt\, Mode=(D-Register)
        Total # of inputs        : 1
        Total # of product terms : 1
        List of special equations: 
            Clock  = (Net_5) => Global
            Clock Enable: True
        Main Equation            : 1 pterm
        (
              Net_2
        );
        Output = \enc:bQuadDec:quad_A_filt\ (fanout=7)

    MacroCell: Name=\enc:bQuadDec:quad_B_filt\, Mode=(D-Register)
        Total # of inputs        : 1
        Total # of product terms : 1
        List of special equations: 
            Clock  = (Net_5) => Global
            Clock Enable: True
        Main Equation            : 1 pterm
        (
              Net_3
        );
        Output = \enc:bQuadDec:quad_B_filt\ (fanout=7)

    MacroCell: Name=\enc:Net_1251\, Mode=(D-Register)
        Total # of inputs        : 8
        Total # of product terms : 4
        List of special equations: 
            Clock  = (Net_5) => Global
            Clock Enable: True
        Main Equation            : 4 pterms
        (
              \enc:Net_1251\ * !\enc:Net_1260\ * !\enc:bQuadDec:quad_A_filt\ * 
              !\enc:bQuadDec:error\ * !\enc:bQuadDec:state_0\
            + \enc:Net_1251\ * !\enc:Net_1260\ * \enc:bQuadDec:quad_A_filt\ * 
              !\enc:bQuadDec:error\ * \enc:bQuadDec:state_0\
            + \enc:Net_1251\ * !\enc:Net_1260\ * !\enc:bQuadDec:quad_B_filt\ * 
              !\enc:bQuadDec:error\ * \enc:bQuadDec:state_1\
            + \enc:Net_1251_split\
        );
        Output = \enc:Net_1251\ (fanout=6)

    MacroCell: Name=\enc:Cnt16:CounterUDB:overflow_reg_i\, Mode=(D-Register)
        Total # of inputs        : 1
        Total # of product terms : 1
        List of special equations: 
            Clock  = (Net_5) => Global
            Clock Enable: True
        Main Equation            : 1 pterm
        (
              \enc:Cnt16:CounterUDB:overflow\
        );
        Output = \enc:Cnt16:CounterUDB:overflow_reg_i\ (fanout=1)

    MacroCell: Name=\enc:Cnt16:CounterUDB:underflow_reg_i\, Mode=(D-Register)
        Total # of inputs        : 1
        Total # of product terms : 1
        List of special equations: 
            Clock  = (Net_5) => Global
            Clock Enable: True
        Main Equation            : 1 pterm
        (
              \enc:Cnt16:CounterUDB:status_1\
        );
        Output = \enc:Cnt16:CounterUDB:underflow_reg_i\ (fanout=1)

    MacroCell: Name=\enc:Net_1275\, Mode=(D-Register)
        Total # of inputs        : 2
        Total # of product terms : 1
        List of special equations: 
            Clock  = (Net_5) => Global
            Clock Enable: True
        Main Equation            : 1 pterm
        !(
              !\enc:Cnt16:CounterUDB:status_1\ * 
              !\enc:Cnt16:CounterUDB:overflow\
        );
        Output = \enc:Net_1275\ (fanout=2)

    MacroCell: Name=\enc:Cnt16:CounterUDB:prevCompare\, Mode=(D-Register)
        Total # of inputs        : 1
        Total # of product terms : 1
        List of special equations: 
            Clock  = (Net_5) => Global
            Clock Enable: True
        Main Equation            : 1 pterm
        (
              \enc:Cnt16:CounterUDB:cmp_out_i\
        );
        Output = \enc:Cnt16:CounterUDB:prevCompare\ (fanout=3)

    MacroCell: Name=\enc:Net_1251_split\, Mode=(Combinatorial)
        Total # of inputs        : 7
        Total # of product terms : 8
            Clock Enable: True
        Main Equation            : 8 pterms
        (
              \enc:Net_1251\ * !\enc:Net_1260\ * \enc:bQuadDec:quad_B_filt\ * 
              !\enc:bQuadDec:error\ * !\enc:bQuadDec:state_1\
            + \enc:Net_1251\ * !\enc:Net_1260\ * \enc:bQuadDec:error\ * 
              !\enc:bQuadDec:state_1\ * !\enc:bQuadDec:state_0\
            + \enc:Net_1251\ * !\enc:bQuadDec:quad_A_filt\ * 
              !\enc:bQuadDec:error\ * !\enc:bQuadDec:state_1\ * 
              !\enc:bQuadDec:state_0\
            + \enc:Net_1251\ * \enc:bQuadDec:quad_B_filt\ * 
              !\enc:bQuadDec:error\ * !\enc:bQuadDec:state_1\ * 
              !\enc:bQuadDec:state_0\
            + !\enc:Net_1260\ * !\enc:bQuadDec:quad_A_filt\ * 
              !\enc:bQuadDec:quad_B_filt\ * !\enc:bQuadDec:error\ * 
              \enc:bQuadDec:state_1\ * !\enc:bQuadDec:state_0\
            + !\enc:Net_1260\ * \enc:bQuadDec:quad_A_filt\ * 
              !\enc:bQuadDec:quad_B_filt\ * !\enc:bQuadDec:error\ * 
              \enc:bQuadDec:state_1\ * \enc:bQuadDec:state_0\
            + !\enc:Net_1260\ * \enc:bQuadDec:quad_A_filt\ * 
              \enc:bQuadDec:quad_B_filt\ * !\enc:bQuadDec:error\ * 
              !\enc:bQuadDec:state_1\ * \enc:bQuadDec:state_0\
            + !\enc:bQuadDec:quad_A_filt\ * \enc:bQuadDec:quad_B_filt\ * 
              !\enc:bQuadDec:error\ * !\enc:bQuadDec:state_1\ * 
              !\enc:bQuadDec:state_0\
        );
        Output = \enc:Net_1251_split\ (fanout=1)

    MacroCell: Name=\enc:Cnt16:CounterUDB:count_stored_i\, Mode=(D-Register)
        Total # of inputs        : 1
        Total # of product terms : 1
        List of special equations: 
            Clock  = (Net_5) => Global
            Clock Enable: True
        Main Equation            : 1 pterm
        (
              \enc:Net_1203\
        );
        Output = \enc:Cnt16:CounterUDB:count_stored_i\ (fanout=1)

    MacroCell: Name=\enc:Net_1203\, Mode=(D-Register)
        Total # of inputs        : 6
        Total # of product terms : 2
        List of special equations: 
            Clock  = (Net_5) => Global
            Clock Enable: True
        Main Equation            : 2 pterms
        (
              !\enc:bQuadDec:quad_A_filt\ * \enc:bQuadDec:quad_B_filt\ * 
              !\enc:bQuadDec:error\ * !\enc:bQuadDec:state_1\ * 
              !\enc:bQuadDec:state_0\
            + \enc:Net_1203_split\
        );
        Output = \enc:Net_1203\ (fanout=3)

    MacroCell: Name=\enc:Net_1260\, Mode=(D-Register)
        Total # of inputs        : 4
        Total # of product terms : 3
        List of special equations: 
            Clock  = (Net_5) => Global
            Clock Enable: True
        Main Equation            : 3 pterms
        !(
              !\enc:Net_1260\ * !\enc:bQuadDec:error\
            + !\enc:Net_1260\ * !\enc:bQuadDec:state_1\ * 
              !\enc:bQuadDec:state_0\
            + !\enc:bQuadDec:error\ * !\enc:bQuadDec:state_1\ * 
              !\enc:bQuadDec:state_0\
        );
        Output = \enc:Net_1260\ (fanout=10)

    MacroCell: Name=\enc:bQuadDec:error\, Mode=(D-Register)
        Total # of inputs        : 6
        Total # of product terms : 4
        List of special equations: 
            Clock  = (Net_5) => Global
            Clock Enable: True
        Main Equation            : 4 pterms
        (
              !\enc:Net_1260\ * !\enc:bQuadDec:quad_A_filt\ * 
              !\enc:bQuadDec:quad_B_filt\ * !\enc:bQuadDec:error\ * 
              \enc:bQuadDec:state_1\ * \enc:bQuadDec:state_0\
            + !\enc:Net_1260\ * !\enc:bQuadDec:quad_A_filt\ * 
              \enc:bQuadDec:quad_B_filt\ * !\enc:bQuadDec:error\ * 
              \enc:bQuadDec:state_1\ * !\enc:bQuadDec:state_0\
            + !\enc:Net_1260\ * \enc:bQuadDec:quad_A_filt\ * 
              !\enc:bQuadDec:quad_B_filt\ * !\enc:bQuadDec:error\ * 
              !\enc:bQuadDec:state_1\ * \enc:bQuadDec:state_0\
            + \enc:bQuadDec:quad_A_filt\ * \enc:bQuadDec:quad_B_filt\ * 
              !\enc:bQuadDec:error\ * !\enc:bQuadDec:state_1\ * 
              !\enc:bQuadDec:state_0\
        );
        Output = \enc:bQuadDec:error\ (fanout=9)

    MacroCell: Name=\enc:bQuadDec:state_1\, Mode=(D-Register)
        Total # of inputs        : 6
        Total # of product terms : 4
        List of special equations: 
            Clock  = (Net_5) => Global
            Clock Enable: True
        Main Equation            : 4 pterms
        (
              !\enc:Net_1260\ * \enc:bQuadDec:quad_A_filt\ * 
              \enc:bQuadDec:quad_B_filt\ * !\enc:bQuadDec:error\ * 
              \enc:bQuadDec:state_0\
            + !\enc:Net_1260\ * \enc:bQuadDec:quad_A_filt\ * 
              !\enc:bQuadDec:error\ * \enc:bQuadDec:state_1\
            + !\enc:Net_1260\ * \enc:bQuadDec:quad_A_filt\ * 
              \enc:bQuadDec:error\ * !\enc:bQuadDec:state_1\ * 
              !\enc:bQuadDec:state_0\
            + \enc:bQuadDec:quad_A_filt\ * !\enc:bQuadDec:quad_B_filt\ * 
              !\enc:bQuadDec:error\ * !\enc:bQuadDec:state_1\ * 
              !\enc:bQuadDec:state_0\
        );
        Output = \enc:bQuadDec:state_1\ (fanout=8)

    MacroCell: Name=\enc:bQuadDec:state_0\, Mode=(D-Register)
        Total # of inputs        : 6
        Total # of product terms : 4
        List of special equations: 
            Clock  = (Net_5) => Global
            Clock Enable: True
        Main Equation            : 4 pterms
        (
              !\enc:Net_1260\ * \enc:bQuadDec:quad_A_filt\ * 
              \enc:bQuadDec:quad_B_filt\ * !\enc:bQuadDec:error\ * 
              \enc:bQuadDec:state_1\
            + !\enc:Net_1260\ * \enc:bQuadDec:quad_B_filt\ * 
              !\enc:bQuadDec:error\ * \enc:bQuadDec:state_0\
            + !\enc:Net_1260\ * \enc:bQuadDec:quad_B_filt\ * 
              \enc:bQuadDec:error\ * !\enc:bQuadDec:state_1\ * 
              !\enc:bQuadDec:state_0\
            + !\enc:bQuadDec:quad_A_filt\ * \enc:bQuadDec:quad_B_filt\ * 
              !\enc:bQuadDec:error\ * !\enc:bQuadDec:state_1\ * 
              !\enc:bQuadDec:state_0\
        );
        Output = \enc:bQuadDec:state_0\ (fanout=8)
    </CYPRESSTAG>
    <CYPRESSTAG name="Datapath listing">

    ------------------------------------------------------------
    Datapath listing
    ------------------------------------------------------------

    datapathcell: Name =\enc:Cnt16:CounterUDB:sC16:counterdp:u0\
        PORT MAP (
            clock => Net_5 ,
            cs_addr_2 => \enc:Net_1251\ ,
            cs_addr_1 => \enc:Cnt16:CounterUDB:count_enable\ ,
            cs_addr_0 => \enc:Cnt16:CounterUDB:reload\ ,
            chain_out => \enc:Cnt16:CounterUDB:sC16:counterdp:carry\ );
        Properties:
        {
            a0_init = "00000000"
            a1_init = "00000000"
            ce0_sync = 1
            ce1_sync = 1
            cl0_sync = 1
            cl1_sync = 1
            cmsb_sync = 1
            co_msb_sync = 1
            cy_dpconfig = "0000000001000000000000001000000001000000010000000000000010000000000000000100000000000000100000000010000001000000000000001000000011111111000000001111111111111111101000000000000000000001000000000000000000011000"
            d0_init = "00000000"
            d1_init = "00000000"
            f0_blk_sync = 1
            f0_bus_sync = 1
            f1_blk_sync = 1
            f1_bus_sync = 1
            ff0_sync = 1
            ff1_sync = 1
            ov_msb_sync = 1
            so_sync = 1
            z0_sync = 1
            z1_sync = 1
        }
        Clock Polarity: Active High
        Clock Enable: True
        Next in chain : \enc:Cnt16:CounterUDB:sC16:counterdp:u1\

    datapathcell: Name =\enc:Cnt16:CounterUDB:sC16:counterdp:u1\
        PORT MAP (
            clock => Net_5 ,
            cs_addr_2 => \enc:Net_1251\ ,
            cs_addr_1 => \enc:Cnt16:CounterUDB:count_enable\ ,
            cs_addr_0 => \enc:Cnt16:CounterUDB:reload\ ,
            z0_comb => \enc:Cnt16:CounterUDB:status_1\ ,
            f0_comb => \enc:Cnt16:CounterUDB:overflow\ ,
            ce1_comb => \enc:Cnt16:CounterUDB:cmp_out_i\ ,
            f0_bus_stat_comb => \enc:Cnt16:CounterUDB:status_6\ ,
            f0_blk_stat_comb => \enc:Cnt16:CounterUDB:status_5\ ,
            chain_in => \enc:Cnt16:CounterUDB:sC16:counterdp:carry\ );
        Properties:
        {
            a0_init = "00000000"
            a1_init = "00000000"
            ce0_sync = 1
            ce1_sync = 1
            cl0_sync = 1
            cl1_sync = 1
            cmsb_sync = 1
            co_msb_sync = 1
            cy_dpconfig = "0000000001000000000000001000000001000000010000000000000010000000000000000100000000000000100000000010000001000000000000001000000011111111000000001111111111111111101011110000000000000001000001110000000000011000"
            d0_init = "00000000"
            d1_init = "00000000"
            f0_blk_sync = 1
            f0_bus_sync = 1
            f1_blk_sync = 1
            f1_bus_sync = 1
            ff0_sync = 1
            ff1_sync = 1
            ov_msb_sync = 1
            so_sync = 1
            z0_sync = 1
            z1_sync = 1
        }
        Clock Polarity: Active High
        Clock Enable: True
        Previous in chain : \enc:Cnt16:CounterUDB:sC16:counterdp:u0\
    </CYPRESSTAG>
    <CYPRESSTAG name="Status register listing">
    </CYPRESSTAG>
    <CYPRESSTAG name="StatusI register listing">

    ------------------------------------------------------------
    StatusI register listing
    ------------------------------------------------------------

    statusicell: Name =\enc:Cnt16:CounterUDB:sSTSReg:stsreg\
        PORT MAP (
            reset => \enc:Net_1260\ ,
            clock => Net_5 ,
            status_6 => \enc:Cnt16:CounterUDB:status_6\ ,
            status_5 => \enc:Cnt16:CounterUDB:status_5\ ,
            status_3 => \enc:Cnt16:CounterUDB:status_3\ ,
            status_2 => \enc:Cnt16:CounterUDB:status_2\ ,
            status_1 => \enc:Cnt16:CounterUDB:status_1\ ,
            status_0 => \enc:Cnt16:CounterUDB:status_0\ );
        Properties:
        {
            cy_force_order = 1
            cy_int_mask = "1111111"
            cy_md_select = "0011111"
        }
        Clock Polarity: Active High
        Clock Enable: True

    statusicell: Name =\enc:bQuadDec:Stsreg\
        PORT MAP (
            clock => Net_5 ,
            status_3 => \enc:bQuadDec:error\ ,
            status_2 => \enc:Net_1260\ ,
            status_1 => \enc:Net_611\ ,
            status_0 => \enc:Net_530\ ,
            interrupt => Net_6 );
        Properties:
        {
            cy_force_order = 1
            cy_int_mask = "0001111"
            cy_md_select = "0001111"
        }
        Clock Polarity: Active High
        Clock Enable: True
    </CYPRESSTAG>
    <CYPRESSTAG name="Sync listing">
    </CYPRESSTAG>
    <CYPRESSTAG name="Control register listing">

    ------------------------------------------------------------
    Control register listing
    ------------------------------------------------------------

    controlcell: Name =\enc:Cnt16:CounterUDB:sCTRLReg:ctrlreg\
        PORT MAP (
            clock => Net_5 ,
            control_7 => \enc:Cnt16:CounterUDB:control_7\ ,
            control_6 => \enc:Cnt16:CounterUDB:control_6\ ,
            control_5 => \enc:Cnt16:CounterUDB:control_5\ ,
            control_4 => \enc:Cnt16:CounterUDB:control_4\ ,
            control_3 => \enc:Cnt16:CounterUDB:control_3\ ,
            control_2 => \enc:Cnt16:CounterUDB:control_2\ ,
            control_1 => \enc:Cnt16:CounterUDB:control_1\ ,
            control_0 => \enc:Cnt16:CounterUDB:control_0\ );
        Properties:
        {
            cy_ctrl_mode_0 = "11111111"
            cy_ctrl_mode_1 = "00000000"
            cy_ext_reset = 0
            cy_force_order = 1
            cy_init_value = "00000000"
        }
        Clock Polarity: Active High
        Clock Enable: True
    </CYPRESSTAG>
    <CYPRESSTAG name="Count7 listing">
    </CYPRESSTAG>
    <CYPRESSTAG name="DRQ listing">
    </CYPRESSTAG>
    <CYPRESSTAG name="Interrupt listing">

    ------------------------------------------------------------
    Interrupt listing
    ------------------------------------------------------------

    interrupt: Name =\enc:isr\
        PORT MAP (
            interrupt => Net_6 );
        Properties:
        {
            int_type = "10"
            is_nmi = 0
        }
    </CYPRESSTAG>
</CYPRESSTAG>
<CYPRESSTAG name="Technology mapping summary" expanded>

------------------------------------------------------------
Technology mapping summary
------------------------------------------------------------

Resource Type                 : Used : Free :  Max :  % Used
============================================================
Digital Clocks                :    1 :    7 :    8 : 12.50 %
Analog Clocks                 :    0 :    4 :    4 :  0.00 %
CapSense Buffers              :    0 :    2 :    2 :  0.00 %
Digital Filter Block          :    0 :    1 :    1 :  0.00 %
Interrupts                    :    1 :   31 :   32 :  3.13 %
IO                            :   13 :   35 :   48 : 27.08 %
Segment LCD                   :    0 :    1 :    1 :  0.00 %
CAN 2.0b                      :    0 :    1 :    1 :  0.00 %
I2C                           :    0 :    1 :    1 :  0.00 %
USB                           :    0 :    1 :    1 :  0.00 %
DMA Channels                  :    0 :   24 :   24 :  0.00 %
Timer                         :    0 :    4 :    4 :  0.00 %
UDB                           :      :      :      :        
  Macrocells                  :   22 :  170 :  192 : 11.46 %
  Unique P-terms              :   45 :  339 :  384 : 11.72 %
  Total P-terms               :   51 :      :      :        
  Datapath Cells              :    2 :   22 :   24 :  8.33 %
  Status Cells                :    2 :   22 :   24 :  8.33 %
    StatusI Registers         :    2 :      :      :        
  Control Cells               :    1 :   23 :   24 :  4.17 %
    Control Registers         :    1 :      :      :        
Opamp                         :    0 :    4 :    4 :  0.00 %
Comparator                    :    0 :    4 :    4 :  0.00 %
Delta-Sigma ADC               :    0 :    1 :    1 :  0.00 %
LPF                           :    0 :    2 :    2 :  0.00 %
SAR ADC                       :    0 :    2 :    2 :  0.00 %
Analog (SC/CT) Blocks         :    0 :    4 :    4 :  0.00 %
DAC                           :      :      :      :        
  VIDAC                       :    0 :    4 :    4 :  0.00 %
</CYPRESSTAG>
Technology Mapping: Elapsed time ==> 0s.050ms
Tech Mapping phase: Elapsed time ==> 0s.120ms
</CYPRESSTAG>
<CYPRESSTAG name="Analog Placement">
Initial Analog Placement Results:
IO_6@[IOP=(1)][IoId=(6)] : C1(0) (fixed)
IO_5@[IOP=(1)][IoId=(5)] : C2(0) (fixed)
IO_0@[IOP=(2)][IoId=(0)] : \lcd:LCDPort(0)\ (fixed)
IO_1@[IOP=(2)][IoId=(1)] : \lcd:LCDPort(1)\ (fixed)
IO_2@[IOP=(2)][IoId=(2)] : \lcd:LCDPort(2)\ (fixed)
IO_3@[IOP=(2)][IoId=(3)] : \lcd:LCDPort(3)\ (fixed)
IO_4@[IOP=(2)][IoId=(4)] : \lcd:LCDPort(4)\ (fixed)
IO_5@[IOP=(2)][IoId=(5)] : \lcd:LCDPort(5)\ (fixed)
IO_6@[IOP=(2)][IoId=(6)] : \lcd:LCDPort(6)\ (fixed)
IO_7@[IOP=(1)][IoId=(7)] : switch1(0) (fixed)
Analog Placement phase: Elapsed time ==> 0s.040ms
</CYPRESSTAG>
<CYPRESSTAG name="Analog Routing">
Analog Routing phase: Elapsed time ==> 0s.000ms
</CYPRESSTAG>
<CYPRESSTAG name="Analog Code Generation">
============ Analog Final Answer Routes ============
Dump of CyAnalogRoutingResultsDB
Map of net to items {
}
Map of item to net {
}
Mux Info {
}
Dump of CyP35AnalogRoutingResultsDB
IsVddaHalfUsedForComp = False
IsVddaHalfUsedForSar0 = False
IsVddaHalfUsedForSar1 = False
Analog Code Generation phase: Elapsed time ==> 0s.230ms
</CYPRESSTAG>
<CYPRESSTAG name="Digital Placement">
<CYPRESSTAG name="Detailed placement messages">
I2076: Total run-time: 0.7 sec.

</CYPRESSTAG>
<CYPRESSTAG name="PLD Packing">
<CYPRESSTAG name="PLD Packing Summary" expanded>

------------------------------------------------------------
PLD Packing Summary
------------------------------------------------------------
            Resource Type : Used : Free :  Max :  % Used
    ====================================================
                     PLDs :   10 :   38 :   48 :  20.83%

<CYPRESSTAG name="PLD Statistics">

        PLD Resource Type :     Average/LAB
    =======================================
                   Inputs :            5.20
                   Pterms :            5.10
               Macrocells :            2.20
</CYPRESSTAG>
<CYPRESSTAG name="Packed PLD Contents">
Packed PLD Contents not displayed at this verbose level.</CYPRESSTAG>
</CYPRESSTAG>
PLD Packing: Elapsed time ==> 0s.000ms
</CYPRESSTAG>
<CYPRESSTAG name="Partitioning">
<CYPRESSTAG name="Initial Partitioning Summary">
Initial Partitioning Summary not displayed at this verbose level.</CYPRESSTAG>
<CYPRESSTAG name="Final Partitioning Summary">
Final Partitioning Summary not displayed at this verbose level.</CYPRESSTAG>
Partitioning: Elapsed time ==> 0s.017ms
</CYPRESSTAG>
<CYPRESSTAG name="Final Placement Summary">

------------------------------------------------------------
Final Placement Summary
------------------------------------------------------------

       Resource Type :      Count : Avg Inputs : Avg Outputs
    ========================================================
                 UDB :          6 :       6.33 :       3.67
<CYPRESSTAG name="Final Placement Details">
<CYPRESSTAG name="Component Details">

------------------------------------------------------------
Component Placement Details
------------------------------------------------------------
UDB [UDB=(0,0)] contents:
LAB@[UDB=(0,0)][LB=0] #macrocells=4, #inputs=10, #pterms=8
{
    [McSlotId=0]:     MacroCell: Name=\enc:Cnt16:CounterUDB:count_enable\, Mode=(Combinatorial) @ [UDB=(0,0)][LB=0][MC=0]
        Total # of inputs        : 3
        Total # of product terms : 1
            Clock Enable: True
        Main Equation            : 1 pterm
        (
              \enc:Cnt16:CounterUDB:control_7\ * 
              !\enc:Cnt16:CounterUDB:count_stored_i\ * \enc:Net_1203\
        );
        Output = \enc:Cnt16:CounterUDB:count_enable\ (fanout=2)
        Properties               : 
        {
        }

    [McSlotId=1]:     MacroCell: Name=\enc:Cnt16:CounterUDB:count_stored_i\, Mode=(D-Register) @ [UDB=(0,0)][LB=0][MC=1]
        Total # of inputs        : 1
        Total # of product terms : 1
        List of special equations: 
            Clock  = (Net_5) => Global
            Clock Enable: True
        Main Equation            : 1 pterm
        (
              \enc:Net_1203\
        );
        Output = \enc:Cnt16:CounterUDB:count_stored_i\ (fanout=1)
        Properties               : 
        {
        }

    [McSlotId=2]:     MacroCell: Name=\enc:Net_1203\, Mode=(D-Register) @ [UDB=(0,0)][LB=0][MC=2]
        Total # of inputs        : 6
        Total # of product terms : 2
        List of special equations: 
            Clock  = (Net_5) => Global
            Clock Enable: True
        Main Equation            : 2 pterms
        (
              !\enc:bQuadDec:quad_A_filt\ * \enc:bQuadDec:quad_B_filt\ * 
              !\enc:bQuadDec:error\ * !\enc:bQuadDec:state_1\ * 
              !\enc:bQuadDec:state_0\
            + \enc:Net_1203_split\
        );
        Output = \enc:Net_1203\ (fanout=3)
        Properties               : 
        {
        }

    [McSlotId=3]:     MacroCell: Name=\enc:bQuadDec:state_1\, Mode=(D-Register) @ [UDB=(0,0)][LB=0][MC=3]
        Total # of inputs        : 6
        Total # of product terms : 4
        List of special equations: 
            Clock  = (Net_5) => Global
            Clock Enable: True
        Main Equation            : 4 pterms
        (
              !\enc:Net_1260\ * \enc:bQuadDec:quad_A_filt\ * 
              \enc:bQuadDec:quad_B_filt\ * !\enc:bQuadDec:error\ * 
              \enc:bQuadDec:state_0\
            + !\enc:Net_1260\ * \enc:bQuadDec:quad_A_filt\ * 
              !\enc:bQuadDec:error\ * \enc:bQuadDec:state_1\
            + !\enc:Net_1260\ * \enc:bQuadDec:quad_A_filt\ * 
              \enc:bQuadDec:error\ * !\enc:bQuadDec:state_1\ * 
              !\enc:bQuadDec:state_0\
            + \enc:bQuadDec:quad_A_filt\ * !\enc:bQuadDec:quad_B_filt\ * 
              !\enc:bQuadDec:error\ * !\enc:bQuadDec:state_1\ * 
              !\enc:bQuadDec:state_0\
        );
        Output = \enc:bQuadDec:state_1\ (fanout=8)
        Properties               : 
        {
        }
}

LAB@[UDB=(0,0)][LB=1] #macrocells=1, #inputs=7, #pterms=8
{
    [McSlotId=0]:     MacroCell: Name=\enc:Net_1203_split\, Mode=(Combinatorial) @ [UDB=(0,0)][LB=1][MC=0]
        Total # of inputs        : 7
        Total # of product terms : 8
            Clock Enable: True
        Main Equation            : 8 pterms
        (
              !\enc:Net_1260\ * \enc:Net_1203\ * \enc:bQuadDec:error\ * 
              !\enc:bQuadDec:state_1\ * !\enc:bQuadDec:state_0\
            + !\enc:Net_1260\ * !\enc:bQuadDec:quad_A_filt\ * 
              !\enc:bQuadDec:quad_B_filt\ * !\enc:bQuadDec:error\ * 
              !\enc:bQuadDec:state_1\ * \enc:bQuadDec:state_0\
            + !\enc:Net_1260\ * !\enc:bQuadDec:quad_A_filt\ * 
              !\enc:bQuadDec:quad_B_filt\ * !\enc:bQuadDec:error\ * 
              \enc:bQuadDec:state_1\ * !\enc:bQuadDec:state_0\
            + !\enc:Net_1260\ * !\enc:bQuadDec:quad_A_filt\ * 
              \enc:bQuadDec:quad_B_filt\ * !\enc:bQuadDec:error\ * 
              \enc:bQuadDec:state_1\ * \enc:bQuadDec:state_0\
            + !\enc:Net_1260\ * \enc:bQuadDec:quad_A_filt\ * 
              !\enc:bQuadDec:quad_B_filt\ * !\enc:bQuadDec:error\ * 
              \enc:bQuadDec:state_1\ * \enc:bQuadDec:state_0\
            + !\enc:Net_1260\ * \enc:bQuadDec:quad_A_filt\ * 
              \enc:bQuadDec:quad_B_filt\ * !\enc:bQuadDec:error\ * 
              !\enc:bQuadDec:state_1\ * \enc:bQuadDec:state_0\
            + !\enc:Net_1260\ * \enc:bQuadDec:quad_A_filt\ * 
              \enc:bQuadDec:quad_B_filt\ * !\enc:bQuadDec:error\ * 
              \enc:bQuadDec:state_1\ * !\enc:bQuadDec:state_0\
            + \enc:bQuadDec:quad_A_filt\ * !\enc:bQuadDec:quad_B_filt\ * 
              !\enc:bQuadDec:error\ * !\enc:bQuadDec:state_1\ * 
              !\enc:bQuadDec:state_0\
        );
        Output = \enc:Net_1203_split\ (fanout=1)
        Properties               : 
        {
        }

    [McSlotId=1]: (empty)
    [McSlotId=2]: (empty)
    [McSlotId=3]: (empty)
}

statusicell: Name =\enc:Cnt16:CounterUDB:sSTSReg:stsreg\
    PORT MAP (
        reset => \enc:Net_1260\ ,
        clock => Net_5 ,
        status_6 => \enc:Cnt16:CounterUDB:status_6\ ,
        status_5 => \enc:Cnt16:CounterUDB:status_5\ ,
        status_3 => \enc:Cnt16:CounterUDB:status_3\ ,
        status_2 => \enc:Cnt16:CounterUDB:status_2\ ,
        status_1 => \enc:Cnt16:CounterUDB:status_1\ ,
        status_0 => \enc:Cnt16:CounterUDB:status_0\ );
    Properties:
    {
        cy_force_order = 1
        cy_int_mask = "1111111"
        cy_md_select = "0011111"
    }
    Clock Polarity: Active High
    Clock Enable: True

controlcell: Name =\enc:Cnt16:CounterUDB:sCTRLReg:ctrlreg\
    PORT MAP (
        clock => Net_5 ,
        control_7 => \enc:Cnt16:CounterUDB:control_7\ ,
        control_6 => \enc:Cnt16:CounterUDB:control_6\ ,
        control_5 => \enc:Cnt16:CounterUDB:control_5\ ,
        control_4 => \enc:Cnt16:CounterUDB:control_4\ ,
        control_3 => \enc:Cnt16:CounterUDB:control_3\ ,
        control_2 => \enc:Cnt16:CounterUDB:control_2\ ,
        control_1 => \enc:Cnt16:CounterUDB:control_1\ ,
        control_0 => \enc:Cnt16:CounterUDB:control_0\ );
    Properties:
    {
        cy_ctrl_mode_0 = "11111111"
        cy_ctrl_mode_1 = "00000000"
        cy_ext_reset = 0
        cy_force_order = 1
        cy_init_value = "00000000"
    }
    Clock Polarity: Active High
    Clock Enable: True

UDB [UDB=(0,1)] contents:
LAB@[UDB=(0,1)][LB=0] #macrocells=3, #inputs=8, #pterms=8
{
    [McSlotId=0]:     MacroCell: Name=\enc:Cnt16:CounterUDB:reload\, Mode=(Combinatorial) @ [UDB=(0,1)][LB=0][MC=0]
        Total # of inputs        : 3
        Total # of product terms : 1
            Clock Enable: True
        Main Equation            : 1 pterm
        !(
              !\enc:Net_1260\ * !\enc:Cnt16:CounterUDB:status_1\ * 
              !\enc:Cnt16:CounterUDB:overflow\
        );
        Output = \enc:Cnt16:CounterUDB:reload\ (fanout=2)
        Properties               : 
        {
        }

    [McSlotId=1]:     MacroCell: Name=\enc:Net_1260\, Mode=(D-Register) @ [UDB=(0,1)][LB=0][MC=1]
        Total # of inputs        : 4
        Total # of product terms : 3
        List of special equations: 
            Clock  = (Net_5) => Global
            Clock Enable: True
        Main Equation            : 3 pterms
        !(
              !\enc:Net_1260\ * !\enc:bQuadDec:error\
            + !\enc:Net_1260\ * !\enc:bQuadDec:state_1\ * 
              !\enc:bQuadDec:state_0\
            + !\enc:bQuadDec:error\ * !\enc:bQuadDec:state_1\ * 
              !\enc:bQuadDec:state_0\
        );
        Output = \enc:Net_1260\ (fanout=10)
        Properties               : 
        {
        }

    [McSlotId=2]:     MacroCell: Name=\enc:bQuadDec:error\, Mode=(D-Register) @ [UDB=(0,1)][LB=0][MC=2]
        Total # of inputs        : 6
        Total # of product terms : 4
        List of special equations: 
            Clock  = (Net_5) => Global
            Clock Enable: True
        Main Equation            : 4 pterms
        (
              !\enc:Net_1260\ * !\enc:bQuadDec:quad_A_filt\ * 
              !\enc:bQuadDec:quad_B_filt\ * !\enc:bQuadDec:error\ * 
              \enc:bQuadDec:state_1\ * \enc:bQuadDec:state_0\
            + !\enc:Net_1260\ * !\enc:bQuadDec:quad_A_filt\ * 
              \enc:bQuadDec:quad_B_filt\ * !\enc:bQuadDec:error\ * 
              \enc:bQuadDec:state_1\ * !\enc:bQuadDec:state_0\
            + !\enc:Net_1260\ * \enc:bQuadDec:quad_A_filt\ * 
              !\enc:bQuadDec:quad_B_filt\ * !\enc:bQuadDec:error\ * 
              !\enc:bQuadDec:state_1\ * \enc:bQuadDec:state_0\
            + \enc:bQuadDec:quad_A_filt\ * \enc:bQuadDec:quad_B_filt\ * 
              !\enc:bQuadDec:error\ * !\enc:bQuadDec:state_1\ * 
              !\enc:bQuadDec:state_0\
        );
        Output = \enc:bQuadDec:error\ (fanout=9)
        Properties               : 
        {
        }

    [McSlotId=3]: (empty)
}

LAB@[UDB=(0,1)][LB=1] #macrocells=3, #inputs=3, #pterms=3
{
    [McSlotId=0]:     MacroCell: Name=\enc:Cnt16:CounterUDB:prevCompare\, Mode=(D-Register) @ [UDB=(0,1)][LB=1][MC=0]
        Total # of inputs        : 1
        Total # of product terms : 1
        List of special equations: 
            Clock  = (Net_5) => Global
            Clock Enable: True
        Main Equation            : 1 pterm
        (
              \enc:Cnt16:CounterUDB:cmp_out_i\
        );
        Output = \enc:Cnt16:CounterUDB:prevCompare\ (fanout=3)
        Properties               : 
        {
        }

    [McSlotId=1]: (empty)
    [McSlotId=2]:     MacroCell: Name=\enc:bQuadDec:quad_B_filt\, Mode=(D-Register) @ [UDB=(0,1)][LB=1][MC=2]
        Total # of inputs        : 1
        Total # of product terms : 1
        List of special equations: 
            Clock  = (Net_5) => Global
            Clock Enable: True
        Main Equation            : 1 pterm
        (
              Net_3
        );
        Output = \enc:bQuadDec:quad_B_filt\ (fanout=7)
        Properties               : 
        {
        }

    [McSlotId=3]:     MacroCell: Name=\enc:Cnt16:CounterUDB:status_0\, Mode=(Combinatorial) @ [UDB=(0,1)][LB=1][MC=3]
        Total # of inputs        : 2
        Total # of product terms : 1
            Clock Enable: True
        Main Equation            : 1 pterm
        (
              \enc:Cnt16:CounterUDB:cmp_out_i\ * 
              !\enc:Cnt16:CounterUDB:prevCompare\
        );
        Output = \enc:Cnt16:CounterUDB:status_0\ (fanout=1)
        Properties               : 
        {
        }
}

datapathcell: Name =\enc:Cnt16:CounterUDB:sC16:counterdp:u1\
    PORT MAP (
        clock => Net_5 ,
        cs_addr_2 => \enc:Net_1251\ ,
        cs_addr_1 => \enc:Cnt16:CounterUDB:count_enable\ ,
        cs_addr_0 => \enc:Cnt16:CounterUDB:reload\ ,
        z0_comb => \enc:Cnt16:CounterUDB:status_1\ ,
        f0_comb => \enc:Cnt16:CounterUDB:overflow\ ,
        ce1_comb => \enc:Cnt16:CounterUDB:cmp_out_i\ ,
        f0_bus_stat_comb => \enc:Cnt16:CounterUDB:status_6\ ,
        f0_blk_stat_comb => \enc:Cnt16:CounterUDB:status_5\ ,
        chain_in => \enc:Cnt16:CounterUDB:sC16:counterdp:carry\ );
    Properties:
    {
        a0_init = "00000000"
        a1_init = "00000000"
        ce0_sync = 1
        ce1_sync = 1
        cl0_sync = 1
        cl1_sync = 1
        cmsb_sync = 1
        co_msb_sync = 1
        cy_dpconfig = "0000000001000000000000001000000001000000010000000000000010000000000000000100000000000000100000000010000001000000000000001000000011111111000000001111111111111111101011110000000000000001000001110000000000011000"
        d0_init = "00000000"
        d1_init = "00000000"
        f0_blk_sync = 1
        f0_bus_sync = 1
        f1_blk_sync = 1
        f1_bus_sync = 1
        ff0_sync = 1
        ff1_sync = 1
        ov_msb_sync = 1
        so_sync = 1
        z0_sync = 1
        z1_sync = 1
    }
    Clock Polarity: Active High
    Clock Enable: True
    Previous in chain : \enc:Cnt16:CounterUDB:sC16:counterdp:u0\

UDB [UDB=(0,2)] contents:
LAB@[UDB=(0,2)][LB=0] #macrocells=1, #inputs=7, #pterms=8
{
    [McSlotId=0]:     MacroCell: Name=\enc:Net_1251_split\, Mode=(Combinatorial) @ [UDB=(0,2)][LB=0][MC=0]
        Total # of inputs        : 7
        Total # of product terms : 8
            Clock Enable: True
        Main Equation            : 8 pterms
        (
              \enc:Net_1251\ * !\enc:Net_1260\ * \enc:bQuadDec:quad_B_filt\ * 
              !\enc:bQuadDec:error\ * !\enc:bQuadDec:state_1\
            + \enc:Net_1251\ * !\enc:Net_1260\ * \enc:bQuadDec:error\ * 
              !\enc:bQuadDec:state_1\ * !\enc:bQuadDec:state_0\
            + \enc:Net_1251\ * !\enc:bQuadDec:quad_A_filt\ * 
              !\enc:bQuadDec:error\ * !\enc:bQuadDec:state_1\ * 
              !\enc:bQuadDec:state_0\
            + \enc:Net_1251\ * \enc:bQuadDec:quad_B_filt\ * 
              !\enc:bQuadDec:error\ * !\enc:bQuadDec:state_1\ * 
              !\enc:bQuadDec:state_0\
            + !\enc:Net_1260\ * !\enc:bQuadDec:quad_A_filt\ * 
              !\enc:bQuadDec:quad_B_filt\ * !\enc:bQuadDec:error\ * 
              \enc:bQuadDec:state_1\ * !\enc:bQuadDec:state_0\
            + !\enc:Net_1260\ * \enc:bQuadDec:quad_A_filt\ * 
              !\enc:bQuadDec:quad_B_filt\ * !\enc:bQuadDec:error\ * 
              \enc:bQuadDec:state_1\ * \enc:bQuadDec:state_0\
            + !\enc:Net_1260\ * \enc:bQuadDec:quad_A_filt\ * 
              \enc:bQuadDec:quad_B_filt\ * !\enc:bQuadDec:error\ * 
              !\enc:bQuadDec:state_1\ * \enc:bQuadDec:state_0\
            + !\enc:bQuadDec:quad_A_filt\ * \enc:bQuadDec:quad_B_filt\ * 
              !\enc:bQuadDec:error\ * !\enc:bQuadDec:state_1\ * 
              !\enc:bQuadDec:state_0\
        );
        Output = \enc:Net_1251_split\ (fanout=1)
        Properties               : 
        {
        }

    [McSlotId=1]: (empty)
    [McSlotId=2]: (empty)
    [McSlotId=3]: (empty)
}

LAB@[UDB=(0,2)][LB=1] #macrocells=2, #inputs=8, #pterms=8
{
    [McSlotId=0]:     MacroCell: Name=\enc:bQuadDec:state_0\, Mode=(D-Register) @ [UDB=(0,2)][LB=1][MC=0]
        Total # of inputs        : 6
        Total # of product terms : 4
        List of special equations: 
            Clock  = (Net_5) => Global
            Clock Enable: True
        Main Equation            : 4 pterms
        (
              !\enc:Net_1260\ * \enc:bQuadDec:quad_A_filt\ * 
              \enc:bQuadDec:quad_B_filt\ * !\enc:bQuadDec:error\ * 
              \enc:bQuadDec:state_1\
            + !\enc:Net_1260\ * \enc:bQuadDec:quad_B_filt\ * 
              !\enc:bQuadDec:error\ * \enc:bQuadDec:state_0\
            + !\enc:Net_1260\ * \enc:bQuadDec:quad_B_filt\ * 
              \enc:bQuadDec:error\ * !\enc:bQuadDec:state_1\ * 
              !\enc:bQuadDec:state_0\
            + !\enc:bQuadDec:quad_A_filt\ * \enc:bQuadDec:quad_B_filt\ * 
              !\enc:bQuadDec:error\ * !\enc:bQuadDec:state_1\ * 
              !\enc:bQuadDec:state_0\
        );
        Output = \enc:bQuadDec:state_0\ (fanout=8)
        Properties               : 
        {
        }

    [McSlotId=1]:     MacroCell: Name=\enc:Net_1251\, Mode=(D-Register) @ [UDB=(0,2)][LB=1][MC=1]
        Total # of inputs        : 8
        Total # of product terms : 4
        List of special equations: 
            Clock  = (Net_5) => Global
            Clock Enable: True
        Main Equation            : 4 pterms
        (
              \enc:Net_1251\ * !\enc:Net_1260\ * !\enc:bQuadDec:quad_A_filt\ * 
              !\enc:bQuadDec:error\ * !\enc:bQuadDec:state_0\
            + \enc:Net_1251\ * !\enc:Net_1260\ * \enc:bQuadDec:quad_A_filt\ * 
              !\enc:bQuadDec:error\ * \enc:bQuadDec:state_0\
            + \enc:Net_1251\ * !\enc:Net_1260\ * !\enc:bQuadDec:quad_B_filt\ * 
              !\enc:bQuadDec:error\ * \enc:bQuadDec:state_1\
            + \enc:Net_1251_split\
        );
        Output = \enc:Net_1251\ (fanout=6)
        Properties               : 
        {
        }

    [McSlotId=2]: (empty)
    [McSlotId=3]: (empty)
}

statusicell: Name =\enc:bQuadDec:Stsreg\
    PORT MAP (
        clock => Net_5 ,
        status_3 => \enc:bQuadDec:error\ ,
        status_2 => \enc:Net_1260\ ,
        status_1 => \enc:Net_611\ ,
        status_0 => \enc:Net_530\ ,
        interrupt => Net_6 );
    Properties:
    {
        cy_force_order = 1
        cy_int_mask = "0001111"
        cy_md_select = "0001111"
    }
    Clock Polarity: Active High
    Clock Enable: True

UDB [UDB=(0,3)] is empty.
UDB [UDB=(0,4)] is empty.
UDB [UDB=(0,5)] is empty.
UDB [UDB=(1,0)] contents:
LAB@[UDB=(1,0)][LB=0] #macrocells=1, #inputs=2, #pterms=1
{
    [McSlotId=0]:     MacroCell: Name=\enc:Cnt16:CounterUDB:status_3\, Mode=(Combinatorial) @ [UDB=(1,0)][LB=0][MC=0]
        Total # of inputs        : 2
        Total # of product terms : 1
            Clock Enable: True
        Main Equation            : 1 pterm
        (
              \enc:Cnt16:CounterUDB:status_1\ * 
              !\enc:Cnt16:CounterUDB:underflow_reg_i\
        );
        Output = \enc:Cnt16:CounterUDB:status_3\ (fanout=1)
        Properties               : 
        {
        }

    [McSlotId=1]: (empty)
    [McSlotId=2]: (empty)
    [McSlotId=3]: (empty)
}

UDB [UDB=(1,1)] contents:
LAB@[UDB=(1,1)][LB=0] #macrocells=1, #inputs=1, #pterms=1
{
    [McSlotId=0]:     MacroCell: Name=\enc:bQuadDec:quad_A_filt\, Mode=(D-Register) @ [UDB=(1,1)][LB=0][MC=0]
        Total # of inputs        : 1
        Total # of product terms : 1
        List of special equations: 
            Clock  = (Net_5) => Global
            Clock Enable: True
        Main Equation            : 1 pterm
        (
              Net_2
        );
        Output = \enc:bQuadDec:quad_A_filt\ (fanout=7)
        Properties               : 
        {
        }

    [McSlotId=1]: (empty)
    [McSlotId=2]: (empty)
    [McSlotId=3]: (empty)
}

datapathcell: Name =\enc:Cnt16:CounterUDB:sC16:counterdp:u0\
    PORT MAP (
        clock => Net_5 ,
        cs_addr_2 => \enc:Net_1251\ ,
        cs_addr_1 => \enc:Cnt16:CounterUDB:count_enable\ ,
        cs_addr_0 => \enc:Cnt16:CounterUDB:reload\ ,
        chain_out => \enc:Cnt16:CounterUDB:sC16:counterdp:carry\ );
    Properties:
    {
        a0_init = "00000000"
        a1_init = "00000000"
        ce0_sync = 1
        ce1_sync = 1
        cl0_sync = 1
        cl1_sync = 1
        cmsb_sync = 1
        co_msb_sync = 1
        cy_dpconfig = "0000000001000000000000001000000001000000010000000000000010000000000000000100000000000000100000000010000001000000000000001000000011111111000000001111111111111111101000000000000000000001000000000000000000011000"
        d0_init = "00000000"
        d1_init = "00000000"
        f0_blk_sync = 1
        f0_bus_sync = 1
        f1_blk_sync = 1
        f1_bus_sync = 1
        ff0_sync = 1
        ff1_sync = 1
        ov_msb_sync = 1
        so_sync = 1
        z0_sync = 1
        z1_sync = 1
    }
    Clock Polarity: Active High
    Clock Enable: True
    Next in chain : \enc:Cnt16:CounterUDB:sC16:counterdp:u1\

UDB [UDB=(1,2)] contents:
LAB@[UDB=(1,2)][LB=0] #macrocells=2, #inputs=3, #pterms=2
{
    [McSlotId=0]:     MacroCell: Name=\enc:Net_611\, Mode=(Combinatorial) @ [UDB=(1,2)][LB=0][MC=0]
        Total # of inputs        : 3
        Total # of product terms : 1
            Clock Enable: True
        Main Equation            : 1 pterm
        (
              \enc:Net_1275\ * !\enc:Net_1251\ * 
              !\enc:Cnt16:CounterUDB:prevCompare\
        );
        Output = \enc:Net_611\ (fanout=1)
        Properties               : 
        {
        }

    [McSlotId=1]:     MacroCell: Name=\enc:Net_530\, Mode=(Combinatorial) @ [UDB=(1,2)][LB=0][MC=1]
        Total # of inputs        : 3
        Total # of product terms : 1
            Clock Enable: True
        Main Equation            : 1 pterm
        (
              \enc:Net_1275\ * \enc:Net_1251\ * 
              !\enc:Cnt16:CounterUDB:prevCompare\
        );
        Output = \enc:Net_530\ (fanout=1)
        Properties               : 
        {
        }

    [McSlotId=2]: (empty)
    [McSlotId=3]: (empty)
}

LAB@[UDB=(1,2)][LB=1] #macrocells=4, #inputs=3, #pterms=4
{
    [McSlotId=0]:     MacroCell: Name=\enc:Net_1275\, Mode=(D-Register) @ [UDB=(1,2)][LB=1][MC=0]
        Total # of inputs        : 2
        Total # of product terms : 1
        List of special equations: 
            Clock  = (Net_5) => Global
            Clock Enable: True
        Main Equation            : 1 pterm
        !(
              !\enc:Cnt16:CounterUDB:status_1\ * 
              !\enc:Cnt16:CounterUDB:overflow\
        );
        Output = \enc:Net_1275\ (fanout=2)
        Properties               : 
        {
        }

    [McSlotId=1]:     MacroCell: Name=\enc:Cnt16:CounterUDB:overflow_reg_i\, Mode=(D-Register) @ [UDB=(1,2)][LB=1][MC=1]
        Total # of inputs        : 1
        Total # of product terms : 1
        List of special equations: 
            Clock  = (Net_5) => Global
            Clock Enable: True
        Main Equation            : 1 pterm
        (
              \enc:Cnt16:CounterUDB:overflow\
        );
        Output = \enc:Cnt16:CounterUDB:overflow_reg_i\ (fanout=1)
        Properties               : 
        {
        }

    [McSlotId=2]:     MacroCell: Name=\enc:Cnt16:CounterUDB:status_2\, Mode=(Combinatorial) @ [UDB=(1,2)][LB=1][MC=2]
        Total # of inputs        : 2
        Total # of product terms : 1
            Clock Enable: True
        Main Equation            : 1 pterm
        (
              \enc:Cnt16:CounterUDB:overflow\ * 
              !\enc:Cnt16:CounterUDB:overflow_reg_i\
        );
        Output = \enc:Cnt16:CounterUDB:status_2\ (fanout=1)
        Properties               : 
        {
        }

    [McSlotId=3]:     MacroCell: Name=\enc:Cnt16:CounterUDB:underflow_reg_i\, Mode=(D-Register) @ [UDB=(1,2)][LB=1][MC=3]
        Total # of inputs        : 1
        Total # of product terms : 1
        List of special equations: 
            Clock  = (Net_5) => Global
            Clock Enable: True
        Main Equation            : 1 pterm
        (
              \enc:Cnt16:CounterUDB:status_1\
        );
        Output = \enc:Cnt16:CounterUDB:underflow_reg_i\ (fanout=1)
        Properties               : 
        {
        }
}

UDB [UDB=(1,3)] is empty.
UDB [UDB=(1,4)] is empty.
UDB [UDB=(1,5)] is empty.
UDB [UDB=(2,0)] is empty.
UDB [UDB=(2,1)] is empty.
UDB [UDB=(2,2)] is empty.
UDB [UDB=(2,3)] is empty.
UDB [UDB=(2,4)] is empty.
UDB [UDB=(2,5)] is empty.
UDB [UDB=(3,0)] is empty.
UDB [UDB=(3,1)] is empty.
UDB [UDB=(3,2)] is empty.
UDB [UDB=(3,3)] is empty.
UDB [UDB=(3,4)] is empty.
UDB [UDB=(3,5)] is empty.
Intr container @ [IntrContainer=(0)]: 
  Intr@ [IntrContainer=(0)][IntrId=(0)] 
    interrupt: Name =\enc:isr\
        PORT MAP (
            interrupt => Net_6 );
        Properties:
        {
            int_type = "10"
            is_nmi = 0
        }
Drq container @ [DrqContainer=(0)]: empty
Port 0 contains the following IO cells:
Port 1 contains the following IO cells:
[IoId=5]: 
Pin : Name = C2(0)
    Attributes:
        In Group/Port: True
        In Sync Option: NOSYNC
        Out Sync Option: AUTO
        Interrupt generated: False
        Interrupt mode: NONE
        Drive mode: HI_Z_DIGITAL
        VTrip: CMOS
        Slew: FAST
        Input Sync needed: False
        Output Sync needed: False
        SC shield enabled: False
        POR State: ANY
        LCD Mode: COMMON
        Register Mode: RegComb
        CaSense Mode: NEITHER
        Treat as pin: True
        Is OE Registered: False
        Uses Analog: False
        Can contain Digital: True
        Is SIO: False
        SIO Output Buf: NONREGULATED
        SIO Input Buf: SINGLE_ENDED
        SIO HiFreq: LOW
        SIO Hyst: DISABLED
        SIO Vtrip: MULTIPLIER_0_5
        SIO Multiplier Index: 0
        SIO RefSel: VCC_IO
        Required Capabilities: DIGITAL, ROUTABLE
        Initial Value: 0
        IO Voltage: 0
    PORT MAP (
        pa_out => C2(0)__PA ,
        fb => Net_3 ,
        pad => C2(0)_PAD );
    Properties:
    {
    }

[IoId=6]: 
Pin : Name = C1(0)
    Attributes:
        In Group/Port: True
        In Sync Option: NOSYNC
        Out Sync Option: AUTO
        Interrupt generated: False
        Interrupt mode: NONE
        Drive mode: HI_Z_DIGITAL
        VTrip: CMOS
        Slew: FAST
        Input Sync needed: False
        Output Sync needed: False
        SC shield enabled: False
        POR State: ANY
        LCD Mode: COMMON
        Register Mode: RegComb
        CaSense Mode: NEITHER
        Treat as pin: True
        Is OE Registered: False
        Uses Analog: False
        Can contain Digital: True
        Is SIO: False
        SIO Output Buf: NONREGULATED
        SIO Input Buf: SINGLE_ENDED
        SIO HiFreq: LOW
        SIO Hyst: DISABLED
        SIO Vtrip: MULTIPLIER_0_5
        SIO Multiplier Index: 0
        SIO RefSel: VCC_IO
        Required Capabilities: DIGITAL, ROUTABLE
        Initial Value: 0
        IO Voltage: 0
    PORT MAP (
        pa_out => C1(0)__PA ,
        fb => Net_2 ,
        pad => C1(0)_PAD );
    Properties:
    {
    }

[IoId=7]: 
Pin : Name = switch1(0)
    Attributes:
        In Group/Port: True
        In Sync Option: NOSYNC
        Out Sync Option: AUTO
        Interrupt generated: False
        Interrupt mode: NONE
        Drive mode: RES_PULL_DOWN
        VTrip: CMOS
        Slew: FAST
        Input Sync needed: False
        Output Sync needed: False
        SC shield enabled: False
        POR State: ANY
        LCD Mode: COMMON
        Register Mode: RegComb
        CaSense Mode: NEITHER
        Treat as pin: True
        Is OE Registered: False
        Uses Analog: False
        Can contain Digital: True
        Is SIO: False
        SIO Output Buf: NONREGULATED
        SIO Input Buf: SINGLE_ENDED
        SIO HiFreq: LOW
        SIO Hyst: DISABLED
        SIO Vtrip: MULTIPLIER_0_5
        SIO Multiplier Index: 0
        SIO RefSel: VCC_IO
        Required Capabilities: DIGITAL
        Initial Value: 0
        IO Voltage: 0
    PORT MAP (
        pa_out => switch1(0)__PA ,
        pad => switch1(0)_PAD );
    Properties:
    {
    }

Port 2 contains the following IO cells:
[IoId=0]: 
Pin : Name = \lcd:LCDPort(0)\
    Attributes:
        In Group/Port: True
        In Sync Option: AUTO
        Out Sync Option: NOSYNC
        Interrupt generated: False
        Interrupt mode: NONE
        Drive mode: CMOS_OUT
        VTrip: EITHER
        Slew: FAST
        Input Sync needed: False
        Output Sync needed: False
        SC shield enabled: False
        POR State: ANY
        LCD Mode: COMMON
        Register Mode: RegComb
        CaSense Mode: NEITHER
        Treat as pin: False
        Is OE Registered: False
        Uses Analog: False
        Can contain Digital: True
        Is SIO: False
        SIO Output Buf: NONREGULATED
        SIO Input Buf: SINGLE_ENDED
        SIO HiFreq: LOW
        SIO Hyst: DISABLED
        SIO Vtrip: MULTIPLIER_0_5
        SIO Multiplier Index: 0
        SIO RefSel: VCC_IO
        Required Capabilities: DIGITAL
        Initial Value: 0
        IO Voltage: 0
    PORT MAP (
        pa_out => \lcd:LCDPort(0)\__PA ,
        pad => \lcd:LCDPort(0)_PAD\ );
    Properties:
    {
    }

[IoId=1]: 
Pin : Name = \lcd:LCDPort(1)\
    Attributes:
        In Group/Port: True
        In Sync Option: AUTO
        Out Sync Option: NOSYNC
        Interrupt generated: False
        Interrupt mode: NONE
        Drive mode: CMOS_OUT
        VTrip: EITHER
        Slew: FAST
        Input Sync needed: False
        Output Sync needed: False
        SC shield enabled: False
        POR State: ANY
        LCD Mode: COMMON
        Register Mode: RegComb
        CaSense Mode: NEITHER
        Treat as pin: False
        Is OE Registered: False
        Uses Analog: False
        Can contain Digital: True
        Is SIO: False
        SIO Output Buf: NONREGULATED
        SIO Input Buf: SINGLE_ENDED
        SIO HiFreq: LOW
        SIO Hyst: DISABLED
        SIO Vtrip: MULTIPLIER_0_5
        SIO Multiplier Index: 0
        SIO RefSel: VCC_IO
        Required Capabilities: DIGITAL
        Initial Value: 0
        IO Voltage: 0
    PORT MAP (
        pa_out => \lcd:LCDPort(1)\__PA ,
        pad => \lcd:LCDPort(1)_PAD\ );
    Properties:
    {
    }

[IoId=2]: 
Pin : Name = \lcd:LCDPort(2)\
    Attributes:
        In Group/Port: True
        In Sync Option: AUTO
        Out Sync Option: NOSYNC
        Interrupt generated: False
        Interrupt mode: NONE
        Drive mode: CMOS_OUT
        VTrip: EITHER
        Slew: FAST
        Input Sync needed: False
        Output Sync needed: False
        SC shield enabled: False
        POR State: ANY
        LCD Mode: COMMON
        Register Mode: RegComb
        CaSense Mode: NEITHER
        Treat as pin: False
        Is OE Registered: False
        Uses Analog: False
        Can contain Digital: True
        Is SIO: False
        SIO Output Buf: NONREGULATED
        SIO Input Buf: SINGLE_ENDED
        SIO HiFreq: LOW
        SIO Hyst: DISABLED
        SIO Vtrip: MULTIPLIER_0_5
        SIO Multiplier Index: 0
        SIO RefSel: VCC_IO
        Required Capabilities: DIGITAL
        Initial Value: 0
        IO Voltage: 0
    PORT MAP (
        pa_out => \lcd:LCDPort(2)\__PA ,
        pad => \lcd:LCDPort(2)_PAD\ );
    Properties:
    {
    }

[IoId=3]: 
Pin : Name = \lcd:LCDPort(3)\
    Attributes:
        In Group/Port: True
        In Sync Option: AUTO
        Out Sync Option: NOSYNC
        Interrupt generated: False
        Interrupt mode: NONE
        Drive mode: CMOS_OUT
        VTrip: EITHER
        Slew: FAST
        Input Sync needed: False
        Output Sync needed: False
        SC shield enabled: False
        POR State: ANY
        LCD Mode: COMMON
        Register Mode: RegComb
        CaSense Mode: NEITHER
        Treat as pin: False
        Is OE Registered: False
        Uses Analog: False
        Can contain Digital: True
        Is SIO: False
        SIO Output Buf: NONREGULATED
        SIO Input Buf: SINGLE_ENDED
        SIO HiFreq: LOW
        SIO Hyst: DISABLED
        SIO Vtrip: MULTIPLIER_0_5
        SIO Multiplier Index: 0
        SIO RefSel: VCC_IO
        Required Capabilities: DIGITAL
        Initial Value: 0
        IO Voltage: 0
    PORT MAP (
        pa_out => \lcd:LCDPort(3)\__PA ,
        pad => \lcd:LCDPort(3)_PAD\ );
    Properties:
    {
    }

[IoId=4]: 
Pin : Name = \lcd:LCDPort(4)\
    Attributes:
        In Group/Port: True
        In Sync Option: AUTO
        Out Sync Option: NOSYNC
        Interrupt generated: False
        Interrupt mode: NONE
        Drive mode: CMOS_OUT
        VTrip: EITHER
        Slew: FAST
        Input Sync needed: False
        Output Sync needed: False
        SC shield enabled: False
        POR State: ANY
        LCD Mode: COMMON
        Register Mode: RegComb
        CaSense Mode: NEITHER
        Treat as pin: False
        Is OE Registered: False
        Uses Analog: False
        Can contain Digital: True
        Is SIO: False
        SIO Output Buf: NONREGULATED
        SIO Input Buf: SINGLE_ENDED
        SIO HiFreq: LOW
        SIO Hyst: DISABLED
        SIO Vtrip: MULTIPLIER_0_5
        SIO Multiplier Index: 0
        SIO RefSel: VCC_IO
        Required Capabilities: DIGITAL
        Initial Value: 0
        IO Voltage: 0
    PORT MAP (
        pa_out => \lcd:LCDPort(4)\__PA ,
        pad => \lcd:LCDPort(4)_PAD\ );
    Properties:
    {
    }

[IoId=5]: 
Pin : Name = \lcd:LCDPort(5)\
    Attributes:
        In Group/Port: True
        In Sync Option: AUTO
        Out Sync Option: NOSYNC
        Interrupt generated: False
        Interrupt mode: NONE
        Drive mode: CMOS_OUT
        VTrip: EITHER
        Slew: FAST
        Input Sync needed: False
        Output Sync needed: False
        SC shield enabled: False
        POR State: ANY
        LCD Mode: COMMON
        Register Mode: RegComb
        CaSense Mode: NEITHER
        Treat as pin: False
        Is OE Registered: False
        Uses Analog: False
        Can contain Digital: True
        Is SIO: False
        SIO Output Buf: NONREGULATED
        SIO Input Buf: SINGLE_ENDED
        SIO HiFreq: LOW
        SIO Hyst: DISABLED
        SIO Vtrip: MULTIPLIER_0_5
        SIO Multiplier Index: 0
        SIO RefSel: VCC_IO
        Required Capabilities: DIGITAL
        Initial Value: 0
        IO Voltage: 0
    PORT MAP (
        pa_out => \lcd:LCDPort(5)\__PA ,
        pad => \lcd:LCDPort(5)_PAD\ );
    Properties:
    {
    }

[IoId=6]: 
Pin : Name = \lcd:LCDPort(6)\
    Attributes:
        In Group/Port: True
        In Sync Option: AUTO
        Out Sync Option: NOSYNC
        Interrupt generated: False
        Interrupt mode: NONE
        Drive mode: CMOS_OUT
        VTrip: EITHER
        Slew: FAST
        Input Sync needed: False
        Output Sync needed: False
        SC shield enabled: False
        POR State: ANY
        LCD Mode: COMMON
        Register Mode: RegComb
        CaSense Mode: NEITHER
        Treat as pin: False
        Is OE Registered: False
        Uses Analog: False
        Can contain Digital: True
        Is SIO: False
        SIO Output Buf: NONREGULATED
        SIO Input Buf: SINGLE_ENDED
        SIO HiFreq: LOW
        SIO Hyst: DISABLED
        SIO Vtrip: MULTIPLIER_0_5
        SIO Multiplier Index: 0
        SIO RefSel: VCC_IO
        Required Capabilities: DIGITAL
        Initial Value: 0
        IO Voltage: 0
    PORT MAP (
        pa_out => \lcd:LCDPort(6)\__PA ,
        pad => \lcd:LCDPort(6)_PAD\ );
    Properties:
    {
    }

Port 3 contains the following IO cells:
Port 12 contains the following IO cells:
Port 15 contains the following IO cells:
ARM group 0: empty
CAN group 0: empty
Cache group 0: empty
CapSense group 0: empty
Clock group 0: 
    Clock Block @ F(Clock,0): 
    clockblockcell: Name =ClockBlock
        PORT MAP (
            imo => ClockBlock_IMO ,
            pllout => ClockBlock_PLL_OUT ,
            ilo => ClockBlock_ILO ,
            clk_100k => ClockBlock_100k ,
            clk_1k => ClockBlock_1k ,
            clk_32k => ClockBlock_32k ,
            xtal => ClockBlock_XTAL ,
            clk_32k_xtal => ClockBlock_XTAL_32KHZ ,
            clk_sync => ClockBlock_MASTER_CLK ,
            clk_bus_glb => ClockBlock_BUS_CLK ,
            clk_bus => ClockBlock_BUS_CLK_local ,
            dclk_glb_0 => Net_5 ,
            dclk_0 => Net_5_local );
        Properties:
        {
        }
Comparator group 0: empty
DFB group 0: empty
DSM group 0: empty
Decimator group 0: empty
EMIF group 0: empty
I2C group 0: empty
LCD group 0: empty
LVD group 0: empty
PICU group 0: empty
PM group 0: empty
SC group 0: empty
SPC group 0: empty
Timer group 0: empty
USB group 0: empty
VIDAC group 0: empty
OpAmp group 0: empty
CsAbuf group 0: empty
Vref group 0: empty
LPF group 0: empty
SAR group 0: empty
ANAIF group 0: empty
PHUB group 0: empty
</CYPRESSTAG>
<CYPRESSTAG name="Port Configuration Details">

------------------------------------------------------------
Port Configuration report
------------------------------------------------------------
     |     |       | Interrupt |                  |                  | 
Port | Pin | Fixed |      Type |       Drive Mode |             Name | Connections
-----+-----+-------+-----------+------------------+------------------+------------
   1 |   5 |     * |      NONE |     HI_Z_DIGITAL |            C2(0) | FB(Net_3)
     |   6 |     * |      NONE |     HI_Z_DIGITAL |            C1(0) | FB(Net_2)
     |   7 |     * |      NONE |    RES_PULL_DOWN |       switch1(0) | 
-----+-----+-------+-----------+------------------+------------------+------------
   2 |   0 |     * |      NONE |         CMOS_OUT | \lcd:LCDPort(0)\ | 
     |   1 |     * |      NONE |         CMOS_OUT | \lcd:LCDPort(1)\ | 
     |   2 |     * |      NONE |         CMOS_OUT | \lcd:LCDPort(2)\ | 
     |   3 |     * |      NONE |         CMOS_OUT | \lcd:LCDPort(3)\ | 
     |   4 |     * |      NONE |         CMOS_OUT | \lcd:LCDPort(4)\ | 
     |   5 |     * |      NONE |         CMOS_OUT | \lcd:LCDPort(5)\ | 
     |   6 |     * |      NONE |         CMOS_OUT | \lcd:LCDPort(6)\ | 
----------------------------------------------------------------------------------
</CYPRESSTAG>
</CYPRESSTAG>
</CYPRESSTAG>
Digital component placer commit/Report: Elapsed time ==> 0s.019ms
Digital Placement phase: Elapsed time ==> 0s.920ms
</CYPRESSTAG>
<CYPRESSTAG name="Digital Routing">
"C:\Program Files (x86)\Cypress\PSoC Creator\4.1\PSoC Creator\bin/sjrouter.exe" --xml-path "C:\Program Files (x86)\Cypress\PSoC Creator\4.1\PSoC Creator\dev\psoc5/psoc5lp/route_arch-rrg.cydata" --vh2-path "Sensors_r.vh2" --pcf-path "Sensors.pco" --des-name "Sensors" --dsf-path "Sensors.dsf" --sdc-path "Sensors.sdc" --lib-path "Sensors_r.lib"
Routing successful.
Digital Routing phase: Elapsed time ==> 1s.301ms
</CYPRESSTAG>
<CYPRESSTAG name="Bitstream Generation">
Bitstream Generation phase: Elapsed time ==> 0s.203ms
</CYPRESSTAG>
<CYPRESSTAG name="Bitstream Verification">
Bitstream Verification phase: Elapsed time ==> 0s.045ms
</CYPRESSTAG>
<CYPRESSTAG name="Static timing analysis">
Timing report is in Sensors_timing.html.
Static timing analysis phase: Elapsed time ==> 0s.259ms
</CYPRESSTAG>
<CYPRESSTAG name="Data reporting">
Data reporting phase: Elapsed time ==> 0s.000ms
</CYPRESSTAG>
<CYPRESSTAG name="Database update...">
Design database save phase: Elapsed time ==> 0s.170ms
</CYPRESSTAG>
cydsfit: Elapsed time ==> 3s.341ms
</CYPRESSTAG>
Fitter phase: Elapsed time ==> 3s.341ms
API generation phase: Elapsed time ==> 0s.989ms
Dependency generation phase: Elapsed time ==> 0s.020ms
Cleanup phase: Elapsed time ==> 0s.000ms
