(---------------------------------------------------------------------)
(                                                                     )
(    Refresh Padstack                                                 )
(                                                                     )
(    Drawing          : tqfp44.dra                                    )
(    Software Version : 16.6-2015S062                                 )
(    Date/Time        : Mon Mar 19 10:14:56 2018                      )
(                                                                     )
(---------------------------------------------------------------------)


Mon Mar 19 10:14:56 2018				Page     1


------ Pad Stack Refresh Options ------

Input design  = 'C:/Users/Jacob/Documents/Junior/EGR 314/Cadence/Shelby Cadence3 3-19/Symbols/tqfp44.dra'
Output design = ''
Reset symbol text and size locations   = 'NO'


------ Library Paths ------
PSMPATH =  . 
           symbols 
           .. 
           ../symbols 
           C:/Cadence/SPB_16.6/share/local/pcb/symbols 
           C:/Cadence/SPB_16.6/share/pcb/pcb_lib/symbols 
           C:/Cadence/SPB_16.6/share/pcb/allegrolib/symbols 
           C:/Users/Jacob/Documents/Junior/EGR 304/Cadence/symbols 
           C:/Users/Jacob/Documents/Junior/EGR 314/Cadence/symbols 

PADPATH =  . 
           symbols 
           .. 
           ../symbols 
           C:/Cadence/SPB_16.6/share/local/pcb/padstacks 
           C:/Cadence/SPB_16.6/share/pcb/pcb_lib/symbols 
           C:/Cadence/SPB_16.6/share/pcb/allegrolib/symbols 
           C:/Users/Jacob/Documents/Junior/EGR 304/Cadence/symbols 
           C:/Users/Jacob/Documents/Junior/EGR 314/Cadence/symbols 


------ Pad Stack Refresh Messages ------

'TQFP44'  pad stack refresh starting.

     'TQFP44'  pad stack refreshed successfully.
     
Completed refreshing all pad stacks successfully.
