(---------------------------------------------------------------------)
(                                                                     )
(    Allegro Netrev Import Logic                                      )
(                                                                     )
(    Drawing          : EGR314.brd                                    )
(    Software Version : 16.6-2015S062                                 )
(    Date/Time        : Thu Feb 22 20:39:21 2018                      )
(                                                                     )
(---------------------------------------------------------------------)


------ Directives ------------

Ripup etch:                  No
Ripup delete first segment:  No
Ripup retain bondwire:       No
Ripup symbols:               Always
Missing symbol has error:    No
DRC update:                  Yes
Schematic directory:         'D:\COLLEGE\JUNIOR YEAR\FALL SEMESTER\EGR 304\CADENCE\PROJECTS\EGR 314 SCHEMATICS\allegro'
Design Directory:            '.'
Old design name:             'EGR314.brd'
New design name:             'EGR314.brd'

CmdLine: netrev.exe -y 1 -n -u -i D:\COLLEGE\JUNIOR YEAR\FALL SEMESTER\EGR 304\CADENCE\PROJECTS\EGR 314 SCHEMATICS\allegro D:\COLLEGE\JUNIOR YEAR\FALL SEMESTER\EGR 304\CADENCE\PROJECTS\EGR 314 SCHEMATICS\allegro\EGR314.brd D:\COLLEGE\JUNIOR YEAR\FALL SEMESTER\EGR 304\CADENCE\PROJECTS\EGR 314 SCHEMATICS\allegro\EGR314.brd

------ Preparing to read pst files ------

Starting to read D:/COLLEGE/JUNIOR YEAR/FALL SEMESTER/EGR 304/CADENCE/PROJECTS/EGR 314 SCHEMATICS/allegro/pstchip.dat 
   Finished reading D:/COLLEGE/JUNIOR YEAR/FALL SEMESTER/EGR 304/CADENCE/PROJECTS/EGR 314 SCHEMATICS/allegro/pstchip.dat (00:00:00.02)
Starting to read D:/COLLEGE/JUNIOR YEAR/FALL SEMESTER/EGR 304/CADENCE/PROJECTS/EGR 314 SCHEMATICS/allegro/pstxprt.dat 
   Finished reading D:/COLLEGE/JUNIOR YEAR/FALL SEMESTER/EGR 304/CADENCE/PROJECTS/EGR 314 SCHEMATICS/allegro/pstxprt.dat (00:00:00.00)
Starting to read D:/COLLEGE/JUNIOR YEAR/FALL SEMESTER/EGR 304/CADENCE/PROJECTS/EGR 314 SCHEMATICS/allegro/pstxnet.dat 
   Finished reading D:/COLLEGE/JUNIOR YEAR/FALL SEMESTER/EGR 304/CADENCE/PROJECTS/EGR 314 SCHEMATICS/allegro/pstxnet.dat (00:00:00.00)

------ Oversights/Warnings/Errors ------



Note: SECTION property definition created

------ Library Paths ------
MODULEPATH =  . 
           C:/Cadence/SPB_16.6/share/local/pcb/modules 

PSMPATH =  . 
           symbols 
           .. 
           ../symbols 
           C:/Cadence/SPB_16.6/share/local/pcb/symbols 
           C:/Cadence/SPB_16.6/share/pcb/pcb_lib/symbols 
           C:/Cadence/SPB_16.6/share/pcb/allegrolib/symbols 
           D:/COLLEGE/JUNIOR YEAR/FALL SEMESTER/EGR 304/CADENCE/Symbols/ 

PADPATH =  . 
           symbols 
           .. 
           ../symbols 
           C:/Cadence/SPB_16.6/share/local/pcb/padstacks 
           C:/Cadence/SPB_16.6/share/pcb/pcb_lib/symbols 
           C:/Cadence/SPB_16.6/share/pcb/allegrolib/symbols 
           D:/COLLEGE/JUNIOR YEAR/FALL SEMESTER/EGR 304/CADENCE/Symbols/ 


------ Summary Statistics ------


netrev run on Feb 22 20:39:21 2018
   DESIGN NAME : 'EGR 314'
   PACKAGING ON Aug  3 2015 18:16:55

   COMPILE 'logic'
   CHECK_PIN_NAMES OFF
   CROSS_REFERENCE OFF
   FEEDBACK OFF
   INCREMENTAL OFF
   INTERFACE_TYPE PHYSICAL
   MAX_ERRORS 500
   MERGE_MINIMUM 5
   NET_NAME_CHARS '#%&()*+-./:=>?@[]^_`|'
   NET_NAME_LENGTH 24
   OVERSIGHTS ON
   REPLACE_CHECK OFF
   SINGLE_NODE_NETS ON
   SPLIT_MINIMUM 0
   SUPPRESS   20
   WARNINGS ON

 No error detected
 No oversight detected
 No warning detected

cpu time      0:00:33
elapsed time  0:00:00

