(---------------------------------------------------------------------)
(                                                                     )
(    ARTWORK LOG                                                      )
(                                                                     )
(    Drawing          : sensorsubsystem3.brd                          )
(    Software Version : 16.6-2015S062                                 )
(    Date/Time        : Thu Feb 22 22:49:48 2018                      )
(                                                                     )
(---------------------------------------------------------------------)


 ---- Photoplot outline rectangle not found; using drawing extents.



Results from parameter file ...
    DEVICE-TYPE           GERBER_RS274X
    OUTPUT-UNITS          INCHES
    FILM-SIZE             2400000 1600000
    FORMAT                2.5
    ABORT-ON-ERROR        NO
    SCALE                 1
    SUPPRESS-LEAD-ZEROES  YES
    SUPPRESS-TRAIL-ZEROES NO
    SUPPRESS-EQUAL        YES
    UNDEF-APT-CONT        NO



================================================================
     PROCESSING FILM < SolermaskTop >
     TO FILE < C:/Users/Jacob/Documents/Junior/EGR 314/Cadence/Projects/SolermaskTop.art > ...
================================================================

  FILM PARAMETERS :
  ---------------------------------------------------------
  Undefined line width                0.20
  Mirror code                         NONE
  Rotate angle                        NONE
  Offset x:                           0.00
  Offset y:                           0.00
  Plot negative                       NO
  Suppress unconnected internal pads  NO
  Draw holes only                     NO



  APERTURES USED:
  ---------------------------------------------------------
  TYPE       SIZE/NAME                   ROT   MIRROR MODE 
  ---------------------------------------------------------
  CIRCLE     0.07500                                  DARK 
  CIRCLE     0.08000                                  DARK 
  CIRCLE     0.09000                                  DARK 
  RECTANGLE  0.01969     x 0.01575       0.000 NO     DARK 
  RECTANGLE  0.04803     x 0.06772       0.000 NO     DARK 
  RECTANGLE  0.06693     x 0.02756       0.000 NO     DARK 
  RECTANGLE  0.06693     x 0.02756      90.000 NO     DARK 
  RECTANGLE  0.08661     x 0.02756       0.000 NO     DARK 

     SolermaskTop created.


================================================================
     PROCESSING FILM < SoldermaskBottom >
     TO FILE < C:/Users/Jacob/Documents/Junior/EGR 314/Cadence/Projects/SoldermaskBottom.art > ...
================================================================

  FILM PARAMETERS :
  ---------------------------------------------------------
  Undefined line width                0.00
  Mirror code                         NONE
  Rotate angle                        NONE
  Offset x:                           0.00
  Offset y:                           0.00
  Plot negative                       NO
  Suppress unconnected internal pads  NO
  Draw holes only                     NO



  APERTURES USED:
  ---------------------------------------------------------
  TYPE       SIZE/NAME                   ROT   MIRROR MODE 
  ---------------------------------------------------------
  CIRCLE     0.07500                                  DARK 
  CIRCLE     0.08000                                  DARK 
  CIRCLE     0.09000                                  DARK 

     SoldermaskBottom created.


------------------------------------------------------
 SUMMARY:
        SolermaskTop created.
        SoldermaskBottom created.

 ARTWORK finished
