ARM GAS  C:\Users\Jacob\AppData\Local\Temp\ccz5I9m1.s 			page 1


   1              		.syntax unified
   2              		.cpu cortex-m3
   3              		.fpu softvfp
   4              		.eabi_attribute 20, 1
   5              		.eabi_attribute 21, 1
   6              		.eabi_attribute 23, 3
   7              		.eabi_attribute 24, 1
   8              		.eabi_attribute 25, 1
   9              		.eabi_attribute 26, 1
  10              		.eabi_attribute 30, 1
  11              		.eabi_attribute 34, 1
  12              		.eabi_attribute 18, 4
  13              		.thumb
  14              		.syntax unified
  15              		.file	"main.c"
  16              		.text
  17              	.Ltext0:
  18              		.cfi_sections	.debug_frame
  19              		.section	.text.main,"ax",%progbits
  20              		.align	2
  21              		.global	main
  22              		.thumb
  23              		.thumb_func
  24              		.type	main, %function
  25              	main:
  26              	.LFB63:
  27              		.file 1 "main.c"
   1:main.c        **** #include "project.h"
   2:main.c        **** 
   3:main.c        **** int main(void)
   4:main.c        **** {
  28              		.loc 1 4 0
  29              		.cfi_startproc
  30              		@ args = 0, pretend = 0, frame = 0
  31              		@ frame_needed = 0, uses_anonymous_args = 0
  32 0000 08B5     		push	{r3, lr}
  33              		.cfi_def_cfa_offset 8
  34              		.cfi_offset 3, -8
  35              		.cfi_offset 14, -4
  36              	.LVL0:
   5:main.c        ****     int i=1;
   6:main.c        ****     LCD_Char_1_Start();
  37              		.loc 1 6 0
  38 0002 FFF7FEFF 		bl	LCD_Char_1_Start
  39              	.LVL1:
   7:main.c        ****     i=5+5*5;
   8:main.c        ****         LCD_Char_1_ClearDisplay();
  40              		.loc 1 8 0
  41 0006 0120     		movs	r0, #1
  42 0008 FFF7FEFF 		bl	LCD_Char_1_WriteControl
  43              	.LVL2:
   9:main.c        ****         LCD_Char_1_Position(0,0);
  44              		.loc 1 9 0
  45 000c 0021     		movs	r1, #0
  46 000e 0846     		mov	r0, r1
  47 0010 FFF7FEFF 		bl	LCD_Char_1_Position
  48              	.LVL3:
ARM GAS  C:\Users\Jacob\AppData\Local\Temp\ccz5I9m1.s 			page 2


  10:main.c        ****         LCD_Char_1_PrintNumber(i);
  49              		.loc 1 10 0
  50 0014 1E20     		movs	r0, #30
  51 0016 FFF7FEFF 		bl	LCD_Char_1_PrintU32Number
  52              	.LVL4:
  53              	.L2:
  54 001a FEE7     		b	.L2
  55              		.cfi_endproc
  56              	.LFE63:
  57              		.size	main, .-main
  58              		.text
  59              	.Letext0:
  60              		.file 2 "c:\\program files (x86)\\cypress\\psoc creator\\4.1\\psoc creator\\import\\gnu\\arm\\5.4.
  61              		.file 3 "c:\\program files (x86)\\cypress\\psoc creator\\4.1\\psoc creator\\import\\gnu\\arm\\5.4.
  62              		.file 4 "Generated_Source\\PSoC5/cytypes.h"
  63              		.file 5 "Generated_Source\\PSoC5/LCD_Char_1.h"
  64              		.file 6 "Generated_Source\\PSoC5/core_cm3.h"
  65              		.section	.debug_info,"",%progbits
  66              	.Ldebug_info0:
  67 0000 54010000 		.4byte	0x154
  68 0004 0400     		.2byte	0x4
  69 0006 00000000 		.4byte	.Ldebug_abbrev0
  70 000a 04       		.byte	0x4
  71 000b 01       		.uleb128 0x1
  72 000c 5E000000 		.4byte	.LASF21
  73 0010 0C       		.byte	0xc
  74 0011 2E000000 		.4byte	.LASF22
  75 0015 64010000 		.4byte	.LASF23
  76 0019 00000000 		.4byte	.Ldebug_ranges0+0
  77 001d 00000000 		.4byte	0
  78 0021 00000000 		.4byte	.Ldebug_line0
  79 0025 02       		.uleb128 0x2
  80 0026 01       		.byte	0x1
  81 0027 06       		.byte	0x6
  82 0028 B8010000 		.4byte	.LASF0
  83 002c 02       		.uleb128 0x2
  84 002d 01       		.byte	0x1
  85 002e 08       		.byte	0x8
  86 002f 34010000 		.4byte	.LASF1
  87 0033 02       		.uleb128 0x2
  88 0034 02       		.byte	0x2
  89 0035 05       		.byte	0x5
  90 0036 E0010000 		.4byte	.LASF2
  91 003a 02       		.uleb128 0x2
  92 003b 02       		.byte	0x2
  93 003c 07       		.byte	0x7
  94 003d 0E000000 		.4byte	.LASF3
  95 0041 03       		.uleb128 0x3
  96 0042 D0010000 		.4byte	.LASF9
  97 0046 02       		.byte	0x2
  98 0047 3F       		.byte	0x3f
  99 0048 4C000000 		.4byte	0x4c
 100 004c 02       		.uleb128 0x2
 101 004d 04       		.byte	0x4
 102 004e 05       		.byte	0x5
 103 004f 5B010000 		.4byte	.LASF4
 104 0053 02       		.uleb128 0x2
ARM GAS  C:\Users\Jacob\AppData\Local\Temp\ccz5I9m1.s 			page 3


 105 0054 04       		.byte	0x4
 106 0055 07       		.byte	0x7
 107 0056 EC000000 		.4byte	.LASF5
 108 005a 02       		.uleb128 0x2
 109 005b 08       		.byte	0x8
 110 005c 05       		.byte	0x5
 111 005d 00000000 		.4byte	.LASF6
 112 0061 02       		.uleb128 0x2
 113 0062 08       		.byte	0x8
 114 0063 07       		.byte	0x7
 115 0064 FE000000 		.4byte	.LASF7
 116 0068 04       		.uleb128 0x4
 117 0069 04       		.byte	0x4
 118 006a 05       		.byte	0x5
 119 006b 696E7400 		.ascii	"int\000"
 120 006f 02       		.uleb128 0x2
 121 0070 04       		.byte	0x4
 122 0071 07       		.byte	0x7
 123 0072 21000000 		.4byte	.LASF8
 124 0076 03       		.uleb128 0x3
 125 0077 F1010000 		.4byte	.LASF10
 126 007b 03       		.byte	0x3
 127 007c 2C       		.byte	0x2c
 128 007d 41000000 		.4byte	0x41
 129 0081 05       		.uleb128 0x5
 130 0082 EA010000 		.4byte	.LASF11
 131 0086 04       		.byte	0x4
 132 0087 9301     		.2byte	0x193
 133 0089 3A000000 		.4byte	0x3a
 134 008d 02       		.uleb128 0x2
 135 008e 04       		.byte	0x4
 136 008f 04       		.byte	0x4
 137 0090 DA010000 		.4byte	.LASF12
 138 0094 02       		.uleb128 0x2
 139 0095 08       		.byte	0x8
 140 0096 04       		.byte	0x4
 141 0097 A4010000 		.4byte	.LASF13
 142 009b 02       		.uleb128 0x2
 143 009c 01       		.byte	0x1
 144 009d 08       		.byte	0x8
 145 009e 56010000 		.4byte	.LASF14
 146 00a2 02       		.uleb128 0x2
 147 00a3 04       		.byte	0x4
 148 00a4 07       		.byte	0x7
 149 00a5 F9010000 		.4byte	.LASF15
 150 00a9 02       		.uleb128 0x2
 151 00aa 08       		.byte	0x8
 152 00ab 04       		.byte	0x4
 153 00ac C4010000 		.4byte	.LASF16
 154 00b0 06       		.uleb128 0x6
 155 00b1 2F010000 		.4byte	.LASF24
 156 00b5 01       		.byte	0x1
 157 00b6 03       		.byte	0x3
 158 00b7 68000000 		.4byte	0x68
 159 00bb 00000000 		.4byte	.LFB63
 160 00bf 1C000000 		.4byte	.LFE63-.LFB63
 161 00c3 01       		.uleb128 0x1
ARM GAS  C:\Users\Jacob\AppData\Local\Temp\ccz5I9m1.s 			page 4


 162 00c4 9C       		.byte	0x9c
 163 00c5 1A010000 		.4byte	0x11a
 164 00c9 07       		.uleb128 0x7
 165 00ca 6900     		.ascii	"i\000"
 166 00cc 01       		.byte	0x1
 167 00cd 05       		.byte	0x5
 168 00ce 68000000 		.4byte	0x68
 169 00d2 00000000 		.4byte	.LLST0
 170 00d6 08       		.uleb128 0x8
 171 00d7 06000000 		.4byte	.LVL1
 172 00db 2B010000 		.4byte	0x12b
 173 00df 09       		.uleb128 0x9
 174 00e0 0C000000 		.4byte	.LVL2
 175 00e4 36010000 		.4byte	0x136
 176 00e8 F2000000 		.4byte	0xf2
 177 00ec 0A       		.uleb128 0xa
 178 00ed 01       		.uleb128 0x1
 179 00ee 50       		.byte	0x50
 180 00ef 01       		.uleb128 0x1
 181 00f0 31       		.byte	0x31
 182 00f1 00       		.byte	0
 183 00f2 09       		.uleb128 0x9
 184 00f3 14000000 		.4byte	.LVL3
 185 00f7 41010000 		.4byte	0x141
 186 00fb 0A010000 		.4byte	0x10a
 187 00ff 0A       		.uleb128 0xa
 188 0100 01       		.uleb128 0x1
 189 0101 50       		.byte	0x50
 190 0102 01       		.uleb128 0x1
 191 0103 30       		.byte	0x30
 192 0104 0A       		.uleb128 0xa
 193 0105 01       		.uleb128 0x1
 194 0106 51       		.byte	0x51
 195 0107 01       		.uleb128 0x1
 196 0108 30       		.byte	0x30
 197 0109 00       		.byte	0
 198 010a 0B       		.uleb128 0xb
 199 010b 1A000000 		.4byte	.LVL4
 200 010f 4C010000 		.4byte	0x14c
 201 0113 0A       		.uleb128 0xa
 202 0114 01       		.uleb128 0x1
 203 0115 50       		.byte	0x50
 204 0116 01       		.uleb128 0x1
 205 0117 4E       		.byte	0x4e
 206 0118 00       		.byte	0
 207 0119 00       		.byte	0
 208 011a 0C       		.uleb128 0xc
 209 011b AB010000 		.4byte	.LASF25
 210 011f 06       		.byte	0x6
 211 0120 1207     		.2byte	0x712
 212 0122 26010000 		.4byte	0x126
 213 0126 0D       		.uleb128 0xd
 214 0127 76000000 		.4byte	0x76
 215 012b 0E       		.uleb128 0xe
 216 012c 4D000000 		.4byte	.LASF17
 217 0130 4D000000 		.4byte	.LASF17
 218 0134 05       		.byte	0x5
ARM GAS  C:\Users\Jacob\AppData\Local\Temp\ccz5I9m1.s 			page 5


 219 0135 38       		.byte	0x38
 220 0136 0E       		.uleb128 0xe
 221 0137 35000000 		.4byte	.LASF18
 222 013b 35000000 		.4byte	.LASF18
 223 013f 05       		.byte	0x5
 224 0140 3A       		.byte	0x3a
 225 0141 0E       		.uleb128 0xe
 226 0142 42010000 		.4byte	.LASF19
 227 0146 42010000 		.4byte	.LASF19
 228 014a 05       		.byte	0x5
 229 014b 3D       		.byte	0x3d
 230 014c 0E       		.uleb128 0xe
 231 014d 15010000 		.4byte	.LASF20
 232 0151 15010000 		.4byte	.LASF20
 233 0155 05       		.byte	0x5
 234 0156 61       		.byte	0x61
 235 0157 00       		.byte	0
 236              		.section	.debug_abbrev,"",%progbits
 237              	.Ldebug_abbrev0:
 238 0000 01       		.uleb128 0x1
 239 0001 11       		.uleb128 0x11
 240 0002 01       		.byte	0x1
 241 0003 25       		.uleb128 0x25
 242 0004 0E       		.uleb128 0xe
 243 0005 13       		.uleb128 0x13
 244 0006 0B       		.uleb128 0xb
 245 0007 03       		.uleb128 0x3
 246 0008 0E       		.uleb128 0xe
 247 0009 1B       		.uleb128 0x1b
 248 000a 0E       		.uleb128 0xe
 249 000b 55       		.uleb128 0x55
 250 000c 17       		.uleb128 0x17
 251 000d 11       		.uleb128 0x11
 252 000e 01       		.uleb128 0x1
 253 000f 10       		.uleb128 0x10
 254 0010 17       		.uleb128 0x17
 255 0011 00       		.byte	0
 256 0012 00       		.byte	0
 257 0013 02       		.uleb128 0x2
 258 0014 24       		.uleb128 0x24
 259 0015 00       		.byte	0
 260 0016 0B       		.uleb128 0xb
 261 0017 0B       		.uleb128 0xb
 262 0018 3E       		.uleb128 0x3e
 263 0019 0B       		.uleb128 0xb
 264 001a 03       		.uleb128 0x3
 265 001b 0E       		.uleb128 0xe
 266 001c 00       		.byte	0
 267 001d 00       		.byte	0
 268 001e 03       		.uleb128 0x3
 269 001f 16       		.uleb128 0x16
 270 0020 00       		.byte	0
 271 0021 03       		.uleb128 0x3
 272 0022 0E       		.uleb128 0xe
 273 0023 3A       		.uleb128 0x3a
 274 0024 0B       		.uleb128 0xb
 275 0025 3B       		.uleb128 0x3b
ARM GAS  C:\Users\Jacob\AppData\Local\Temp\ccz5I9m1.s 			page 6


 276 0026 0B       		.uleb128 0xb
 277 0027 49       		.uleb128 0x49
 278 0028 13       		.uleb128 0x13
 279 0029 00       		.byte	0
 280 002a 00       		.byte	0
 281 002b 04       		.uleb128 0x4
 282 002c 24       		.uleb128 0x24
 283 002d 00       		.byte	0
 284 002e 0B       		.uleb128 0xb
 285 002f 0B       		.uleb128 0xb
 286 0030 3E       		.uleb128 0x3e
 287 0031 0B       		.uleb128 0xb
 288 0032 03       		.uleb128 0x3
 289 0033 08       		.uleb128 0x8
 290 0034 00       		.byte	0
 291 0035 00       		.byte	0
 292 0036 05       		.uleb128 0x5
 293 0037 16       		.uleb128 0x16
 294 0038 00       		.byte	0
 295 0039 03       		.uleb128 0x3
 296 003a 0E       		.uleb128 0xe
 297 003b 3A       		.uleb128 0x3a
 298 003c 0B       		.uleb128 0xb
 299 003d 3B       		.uleb128 0x3b
 300 003e 05       		.uleb128 0x5
 301 003f 49       		.uleb128 0x49
 302 0040 13       		.uleb128 0x13
 303 0041 00       		.byte	0
 304 0042 00       		.byte	0
 305 0043 06       		.uleb128 0x6
 306 0044 2E       		.uleb128 0x2e
 307 0045 01       		.byte	0x1
 308 0046 3F       		.uleb128 0x3f
 309 0047 19       		.uleb128 0x19
 310 0048 03       		.uleb128 0x3
 311 0049 0E       		.uleb128 0xe
 312 004a 3A       		.uleb128 0x3a
 313 004b 0B       		.uleb128 0xb
 314 004c 3B       		.uleb128 0x3b
 315 004d 0B       		.uleb128 0xb
 316 004e 27       		.uleb128 0x27
 317 004f 19       		.uleb128 0x19
 318 0050 49       		.uleb128 0x49
 319 0051 13       		.uleb128 0x13
 320 0052 8701     		.uleb128 0x87
 321 0054 19       		.uleb128 0x19
 322 0055 11       		.uleb128 0x11
 323 0056 01       		.uleb128 0x1
 324 0057 12       		.uleb128 0x12
 325 0058 06       		.uleb128 0x6
 326 0059 40       		.uleb128 0x40
 327 005a 18       		.uleb128 0x18
 328 005b 9742     		.uleb128 0x2117
 329 005d 19       		.uleb128 0x19
 330 005e 01       		.uleb128 0x1
 331 005f 13       		.uleb128 0x13
 332 0060 00       		.byte	0
ARM GAS  C:\Users\Jacob\AppData\Local\Temp\ccz5I9m1.s 			page 7


 333 0061 00       		.byte	0
 334 0062 07       		.uleb128 0x7
 335 0063 34       		.uleb128 0x34
 336 0064 00       		.byte	0
 337 0065 03       		.uleb128 0x3
 338 0066 08       		.uleb128 0x8
 339 0067 3A       		.uleb128 0x3a
 340 0068 0B       		.uleb128 0xb
 341 0069 3B       		.uleb128 0x3b
 342 006a 0B       		.uleb128 0xb
 343 006b 49       		.uleb128 0x49
 344 006c 13       		.uleb128 0x13
 345 006d 02       		.uleb128 0x2
 346 006e 17       		.uleb128 0x17
 347 006f 00       		.byte	0
 348 0070 00       		.byte	0
 349 0071 08       		.uleb128 0x8
 350 0072 898201   		.uleb128 0x4109
 351 0075 00       		.byte	0
 352 0076 11       		.uleb128 0x11
 353 0077 01       		.uleb128 0x1
 354 0078 31       		.uleb128 0x31
 355 0079 13       		.uleb128 0x13
 356 007a 00       		.byte	0
 357 007b 00       		.byte	0
 358 007c 09       		.uleb128 0x9
 359 007d 898201   		.uleb128 0x4109
 360 0080 01       		.byte	0x1
 361 0081 11       		.uleb128 0x11
 362 0082 01       		.uleb128 0x1
 363 0083 31       		.uleb128 0x31
 364 0084 13       		.uleb128 0x13
 365 0085 01       		.uleb128 0x1
 366 0086 13       		.uleb128 0x13
 367 0087 00       		.byte	0
 368 0088 00       		.byte	0
 369 0089 0A       		.uleb128 0xa
 370 008a 8A8201   		.uleb128 0x410a
 371 008d 00       		.byte	0
 372 008e 02       		.uleb128 0x2
 373 008f 18       		.uleb128 0x18
 374 0090 9142     		.uleb128 0x2111
 375 0092 18       		.uleb128 0x18
 376 0093 00       		.byte	0
 377 0094 00       		.byte	0
 378 0095 0B       		.uleb128 0xb
 379 0096 898201   		.uleb128 0x4109
 380 0099 01       		.byte	0x1
 381 009a 11       		.uleb128 0x11
 382 009b 01       		.uleb128 0x1
 383 009c 31       		.uleb128 0x31
 384 009d 13       		.uleb128 0x13
 385 009e 00       		.byte	0
 386 009f 00       		.byte	0
 387 00a0 0C       		.uleb128 0xc
 388 00a1 34       		.uleb128 0x34
 389 00a2 00       		.byte	0
ARM GAS  C:\Users\Jacob\AppData\Local\Temp\ccz5I9m1.s 			page 8


 390 00a3 03       		.uleb128 0x3
 391 00a4 0E       		.uleb128 0xe
 392 00a5 3A       		.uleb128 0x3a
 393 00a6 0B       		.uleb128 0xb
 394 00a7 3B       		.uleb128 0x3b
 395 00a8 05       		.uleb128 0x5
 396 00a9 49       		.uleb128 0x49
 397 00aa 13       		.uleb128 0x13
 398 00ab 3F       		.uleb128 0x3f
 399 00ac 19       		.uleb128 0x19
 400 00ad 3C       		.uleb128 0x3c
 401 00ae 19       		.uleb128 0x19
 402 00af 00       		.byte	0
 403 00b0 00       		.byte	0
 404 00b1 0D       		.uleb128 0xd
 405 00b2 35       		.uleb128 0x35
 406 00b3 00       		.byte	0
 407 00b4 49       		.uleb128 0x49
 408 00b5 13       		.uleb128 0x13
 409 00b6 00       		.byte	0
 410 00b7 00       		.byte	0
 411 00b8 0E       		.uleb128 0xe
 412 00b9 2E       		.uleb128 0x2e
 413 00ba 00       		.byte	0
 414 00bb 3F       		.uleb128 0x3f
 415 00bc 19       		.uleb128 0x19
 416 00bd 3C       		.uleb128 0x3c
 417 00be 19       		.uleb128 0x19
 418 00bf 6E       		.uleb128 0x6e
 419 00c0 0E       		.uleb128 0xe
 420 00c1 03       		.uleb128 0x3
 421 00c2 0E       		.uleb128 0xe
 422 00c3 3A       		.uleb128 0x3a
 423 00c4 0B       		.uleb128 0xb
 424 00c5 3B       		.uleb128 0x3b
 425 00c6 0B       		.uleb128 0xb
 426 00c7 00       		.byte	0
 427 00c8 00       		.byte	0
 428 00c9 00       		.byte	0
 429              		.section	.debug_loc,"",%progbits
 430              	.Ldebug_loc0:
 431              	.LLST0:
 432 0000 02000000 		.4byte	.LVL0
 433 0004 06000000 		.4byte	.LVL1
 434 0008 0200     		.2byte	0x2
 435 000a 31       		.byte	0x31
 436 000b 9F       		.byte	0x9f
 437 000c 06000000 		.4byte	.LVL1
 438 0010 1C000000 		.4byte	.LFE63
 439 0014 0200     		.2byte	0x2
 440 0016 4E       		.byte	0x4e
 441 0017 9F       		.byte	0x9f
 442 0018 00000000 		.4byte	0
 443 001c 00000000 		.4byte	0
 444              		.section	.debug_aranges,"",%progbits
 445 0000 1C000000 		.4byte	0x1c
 446 0004 0200     		.2byte	0x2
ARM GAS  C:\Users\Jacob\AppData\Local\Temp\ccz5I9m1.s 			page 9


 447 0006 00000000 		.4byte	.Ldebug_info0
 448 000a 04       		.byte	0x4
 449 000b 00       		.byte	0
 450 000c 0000     		.2byte	0
 451 000e 0000     		.2byte	0
 452 0010 00000000 		.4byte	.LFB63
 453 0014 1C000000 		.4byte	.LFE63-.LFB63
 454 0018 00000000 		.4byte	0
 455 001c 00000000 		.4byte	0
 456              		.section	.debug_ranges,"",%progbits
 457              	.Ldebug_ranges0:
 458 0000 00000000 		.4byte	.LFB63
 459 0004 1C000000 		.4byte	.LFE63
 460 0008 00000000 		.4byte	0
 461 000c 00000000 		.4byte	0
 462              		.section	.debug_line,"",%progbits
 463              	.Ldebug_line0:
 464 0000 73010000 		.section	.debug_str,"MS",%progbits,1
 464      02005C01 
 464      00000201 
 464      FB0E0D00 
 464      01010101 
 465              	.LASF6:
 466 0000 6C6F6E67 		.ascii	"long long int\000"
 466      206C6F6E 
 466      6720696E 
 466      7400
 467              	.LASF3:
 468 000e 73686F72 		.ascii	"short unsigned int\000"
 468      7420756E 
 468      7369676E 
 468      65642069 
 468      6E7400
 469              	.LASF8:
 470 0021 756E7369 		.ascii	"unsigned int\000"
 470      676E6564 
 470      20696E74 
 470      00
 471              	.LASF22:
 472 002e 6D61696E 		.ascii	"main.c\000"
 472      2E6300
 473              	.LASF18:
 474 0035 4C43445F 		.ascii	"LCD_Char_1_WriteControl\000"
 474      43686172 
 474      5F315F57 
 474      72697465 
 474      436F6E74 
 475              	.LASF17:
 476 004d 4C43445F 		.ascii	"LCD_Char_1_Start\000"
 476      43686172 
 476      5F315F53 
 476      74617274 
 476      00
 477              	.LASF21:
 478 005e 474E5520 		.ascii	"GNU C11 5.4.1 20160609 (release) [ARM/embedded-5-br"
 478      43313120 
 478      352E342E 
ARM GAS  C:\Users\Jacob\AppData\Local\Temp\ccz5I9m1.s 			page 10


 478      31203230 
 478      31363036 
 479 0091 616E6368 		.ascii	"anch revision 237715] -mcpu=cortex-m3 -mthumb -g -O"
 479      20726576 
 479      6973696F 
 479      6E203233 
 479      37373135 
 480 00c4 67202D66 		.ascii	"g -ffunction-sections -ffat-lto-objects\000"
 480      66756E63 
 480      74696F6E 
 480      2D736563 
 480      74696F6E 
 481              	.LASF5:
 482 00ec 6C6F6E67 		.ascii	"long unsigned int\000"
 482      20756E73 
 482      69676E65 
 482      6420696E 
 482      7400
 483              	.LASF7:
 484 00fe 6C6F6E67 		.ascii	"long long unsigned int\000"
 484      206C6F6E 
 484      6720756E 
 484      7369676E 
 484      65642069 
 485              	.LASF20:
 486 0115 4C43445F 		.ascii	"LCD_Char_1_PrintU32Number\000"
 486      43686172 
 486      5F315F50 
 486      72696E74 
 486      5533324E 
 487              	.LASF24:
 488 012f 6D61696E 		.ascii	"main\000"
 488      00
 489              	.LASF1:
 490 0134 756E7369 		.ascii	"unsigned char\000"
 490      676E6564 
 490      20636861 
 490      7200
 491              	.LASF19:
 492 0142 4C43445F 		.ascii	"LCD_Char_1_Position\000"
 492      43686172 
 492      5F315F50 
 492      6F736974 
 492      696F6E00 
 493              	.LASF14:
 494 0156 63686172 		.ascii	"char\000"
 494      00
 495              	.LASF4:
 496 015b 6C6F6E67 		.ascii	"long int\000"
 496      20696E74 
 496      00
 497              	.LASF23:
 498 0164 433A5C55 		.ascii	"C:\\Users\\Jacob\\Documents\\Junior\\EGR 455\\EGR45"
 498      73657273 
 498      5C4A6163 
 498      6F625C44 
 498      6F63756D 
ARM GAS  C:\Users\Jacob\AppData\Local\Temp\ccz5I9m1.s 			page 11


 499 0191 355C4C43 		.ascii	"5\\LCDExample.cydsn\000"
 499      44457861 
 499      6D706C65 
 499      2E637964 
 499      736E00
 500              	.LASF13:
 501 01a4 646F7562 		.ascii	"double\000"
 501      6C6500
 502              	.LASF25:
 503 01ab 49544D5F 		.ascii	"ITM_RxBuffer\000"
 503      52784275 
 503      66666572 
 503      00
 504              	.LASF0:
 505 01b8 7369676E 		.ascii	"signed char\000"
 505      65642063 
 505      68617200 
 506              	.LASF16:
 507 01c4 6C6F6E67 		.ascii	"long double\000"
 507      20646F75 
 507      626C6500 
 508              	.LASF9:
 509 01d0 5F5F696E 		.ascii	"__int32_t\000"
 509      7433325F 
 509      7400
 510              	.LASF12:
 511 01da 666C6F61 		.ascii	"float\000"
 511      7400
 512              	.LASF2:
 513 01e0 73686F72 		.ascii	"short int\000"
 513      7420696E 
 513      7400
 514              	.LASF11:
 515 01ea 75696E74 		.ascii	"uint16\000"
 515      313600
 516              	.LASF10:
 517 01f1 696E7433 		.ascii	"int32_t\000"
 517      325F7400 
 518              	.LASF15:
 519 01f9 73697A65 		.ascii	"sizetype\000"
 519      74797065 
 519      00
 520              		.ident	"GCC: (GNU Tools for ARM Embedded Processors) 5.4.1 20160609 (release) [ARM/embedded-5-bran
