(---------------------------------------------------------------------)
(                                                                     )
(    NC DRILL Log                                                     )
(                                                                     )
(    Drawing          : ReedPSoCFinal.brd                             )
(    Software Version : 16.6-2015S062                                 )
(    Date/Time        : Fri Oct 13 21:27:50 2017                      )
(                                                                     )
(---------------------------------------------------------------------)



 Processing NC Parameters file 'nc_param.txt' ...

 NC PARAMETERS
 -------------

 FORMAT   		2.5
 MACHINE-OFFSET		x:0.00000	y:0.00000   (inch)
 FEEDRATE		1
 COORDINATES		ABSOLUTE
 OUTPUT-UNITS		ENGLISH
 TOOL-ORDER		INCREASING
 REPEAT-CODES		YES
 SUPPRESS-LEAD-ZEROES	NO
 SUPPRESS-TRAIL-ZEROES	NO
 SUPPRESS-EQUAL		NO
 TOOL-SELECT		YES
 HEADER			none
 LEADER			12
 CODE			ASCII
 SEPARATE		NO
 SEPARATE-ROUTING	NO
 OPTIMIZE_DRILLING	NO
 ENHANCED_EXCELLON	YES
 SCALE			1.000000

 WARNING(SPMHMF-358): Design precision is the same as that of the drill output file data.
 WARNING(SPMHMF-359): Data rounding errors may still be possible.
 WARNING(SPMHMF-368): Cannot find NC Drill tool file 'nc_tools.txt'
 WARNING(SPMHMF-369): ... will auto-generate tool file 'nc_tools_auto.txt'.


     Auto-generating tool file 'nc_tools_auto.txt' ...

           Size  Plating  Tool        + Tolerance  - Tolerance

          25.00  P        T01            0.000000     0.000000
          35.00  P        T02            0.000000     0.000000
          40.00  P        T03            0.000000     0.000000


 Drill files being output to directory 'D:/College/Junior Year/Fall Semester/EGR 304/Cadence/Projects/PSoC_Assigment' ...



     'ReedPSoCFinal-1-2.drl' created for holes connecting TOP and BOTTOM
     -------------------------------------------------------------------

     Tool  Num     Size      +/- Tolerance     Plating   Quantity

     T01    1.  25.0000    0.0000/  0.0000      PLATED          1
     T02    2.  35.0000    0.0000/  0.0000      PLATED         26
     T03    3.  40.0000    0.0000/  0.0000      PLATED         44

     ---- Total holes:                                         71

     ---- Total head travel:              1.40 feet (0.43 meters)

